Executing action: monitor
Serial port /dev/ttyUSB0
Connecting....
Detecting chip type... ESP32-S3
Running idf_monitor in directory /home/corfu/mpc/corfu/dpp_test_auth_retries
Executing "/home/corfu/.espressif/python_env/idf5.2_py3.10_env/bin/python /home/corfu/esp/esp-idf/tools/idf_monitor.py -p /dev/ttyUSB0 -b 115200 --toolchain-prefix xtensa-esp32-elf- --target esp32 --revision 0 /home/corfu/mpc/corfu/dpp_test_auth_retries/build/dpp-enrollee.elf -m '/home/corfu/.espressif/python_env/idf5.2_py3.10_env/bin/python' '/home/corfu/esp/esp-idf/tools/idf.py'"...
ESP-ROM:esp32s3-20210327
Build:Mar 27 2021
rst:0x1 (POWERON),boot:0x8 (SPI_FAST_FLASH_BOOT)
SPIWP:0xee
mode:DIO, clock div:1
load:0x3fce3810,len:0x178c
load:0x403c9700,len:0x4
load:0x403c9704,len:0xcbc
load:0x403cc700,len:0x2da0
entry 0x403c9914
[0;32mI (26) boot: ESP-IDF v5.2.1-1-g25b86f7c6a-dirty 2nd stage bootloader[0m
[0;32mI (28) boot: compile time Sep 13 2024 16:06:08[0m
[0;32mI (29) boot: Multicore bootloader[0m
[0;32mI (33) boot: chip revision: v0.2[0m
[0;32mI (37) boot.esp32s3: Boot SPI Speed : 80MHz[0m
[0;32mI (42) boot.esp32s3: SPI Mode       : DIO[0m
[0;32mI (46) boot.esp32s3: SPI Flash Size : 2MB[0m
[0;32mI (51) boot: Enabling RNG early entropy source...[0m
[0;32mI (56) boot: Partition Table:[0m
[0;32mI (60) boot: ## Label            Usage          Type ST Offset   Length[0m
[0;32mI (67) boot:  0 nvs              WiFi data        01 02 00009000 00006000[0m
[0;32mI (75) boot:  1 phy_init         RF data          01 01 0000f000 00001000[0m
[0;32mI (82) boot:  2 factory          factory app      00 00 00010000 00100000[0m
[0;32mI (90) boot: End of partition table[0m
[0;32mI (94) esp_image: segment 0: paddr=00010020 vaddr=3c0a0020 size=33ae0h (211680) map[0m
[0;32mI (140) esp_image: segment 1: paddr=00043b08 vaddr=3fc97f00 size=04830h ( 18480) load[0m
[0;32mI (144) esp_image: segment 2: paddr=00048340 vaddr=40374000 size=07cd8h ( 31960) load[0m
[0;32mI (153) esp_image: segment 3: paddr=00050020 vaddr=42000020 size=98cf0h (625904) map[0m
[0;32mI (267) esp_image: segment 4: paddr=000e8d18 vaddr=4037bcd8 size=0c1e4h ( 49636) load[0m
[0;32mI (286) boot: Loaded app from partition at offset 0x10000[0m
[0;32mI (286) boot: Disabling RNG early entropy source...[0m
[0;32mI (298) cpu_start: Multicore app[0m
V (298) mmap: after coalescing, 1 regions are left[0m
D (298) cpu_start: Pro cpu up[0m
D (298) cpu_start: Starting app cpu, entry point is 0x4037532c[0m
D (0) cpu_start: App cpu up[0m
V CACHE_ERR: illegal error intr clr & ena mask is: 0x3f
V CACHE_ERR: core 1 access error intr clr & ena mask is: 0x1f
D (314) clk: RTC_SLOW_CLK calibration value: 4333619[0m
V CACHE_ERR: illegal error intr clr & ena mask is: 0x3f
V CACHE_ERR: core 0 access error intr clr & ena mask is: 0x1f
[0;32mI (335) cpu_start: Pro cpu start user code[0m
[0;32mI (338) cpu_start: cpu freq: 160000000 Hz[0m
[0;32mI (342) cpu_start: Application information:[0m
[0;32mI (347) cpu_start: Project name:     dpp-enrollee[0m
[0;32mI (353) cpu_start: App version:      v5.2.1-1-g25b86f7c6a-dirty[0m
[0;32mI (359) cpu_start: Compile time:     Sep 13 2024 16:06:24[0m
[0;32mI (365) cpu_start: ELF file SHA256:  178900882...[0m
[0;32mI (371) cpu_start: ESP-IDF:          v5.2.1-1-g25b86f7c6a-dirty[0m
[0;32mI (377) cpu_start: Min chip rev:     v0.0[0m
[0;32mI (382) cpu_start: Max chip rev:     v0.99 [0m
[0;32mI (387) cpu_start: Chip rev:         v0.2[0m
V (392) memory_layout: reserved range is 0x3c0d3ac0 - 0x3c0d3ae8[0m
D (398) memory_layout: Checking 6 reserved memory ranges:[0m
D (403) memory_layout: Reserved memory range 0x3fc84000 - 0x3fc97f00[0m
D (410) memory_layout: Reserved memory range 0x3fc97f00 - 0x3fca0388[0m
D (416) memory_layout: Reserved memory range 0x3fceee34 - 0x3fcf0000[0m
D (422) memory_layout: Reserved memory range 0x40374000 - 0x40387f00[0m
D (429) memory_layout: Reserved memory range 0x600fe000 - 0x600fe010[0m
D (435) memory_layout: Reserved memory range 0x600fffe8 - 0x60100000[0m
D (442) memory_layout: Building list of available memory regions:[0m
V (448) memory_layout: Examining memory region 0x3fc88000 - 0x3fc90000[0m
V (454) memory_layout: Region 0x3fc88000 - 0x3fc90000 inside of reserved 0x3fc84000 - 0x3fc97f00[0m
V (463) memory_layout: Examining memory region 0x3fc90000 - 0x3fca0000[0m
V (470) memory_layout: Start of region 0x3fc90000 - 0x3fca0000 overlaps reserved 0x3fc84000 - 0x3fc97f00[0m
V (479) memory_layout: Region 0x3fc97f00 - 0x3fca0000 inside of reserved 0x3fc97f00 - 0x3fca0388[0m
V (488) memory_layout: Examining memory region 0x3fca0000 - 0x3fcb0000[0m
V (495) memory_layout: Start of region 0x3fca0000 - 0x3fcb0000 overlaps reserved 0x3fc97f00 - 0x3fca0388[0m
D (504) memory_layout: Available memory region 0x3fca0388 - 0x3fcb0000[0m
V (511) memory_layout: Examining memory region 0x3fcb0000 - 0x3fcc0000[0m
D (518) memory_layout: Available memory region 0x3fcb0000 - 0x3fcc0000[0m
V (524) memory_layout: Examining memory region 0x3fcc0000 - 0x3fcd0000[0m
D (531) memory_layout: Available memory region 0x3fcc0000 - 0x3fcd0000[0m
V (537) memory_layout: Examining memory region 0x3fcd0000 - 0x3fce0000[0m
D (544) memory_layout: Available memory region 0x3fcd0000 - 0x3fce0000[0m
V (551) memory_layout: Examining memory region 0x3fce0000 - 0x3fce9710[0m
D (557) memory_layout: Available memory region 0x3fce0000 - 0x3fce9710[0m
V (564) memory_layout: Examining memory region 0x3fce9710 - 0x3fcf0000[0m
V (570) memory_layout: End of region 0x3fce9710 - 0x3fcf0000 overlaps reserved 0x3fceee34 - 0x3fcf0000[0m
D (580) memory_layout: Available memory region 0x3fce9710 - 0x3fceee34[0m
V (586) memory_layout: Examining memory region 0x3fcf0000 - 0x3fcf8000[0m
D (593) memory_layout: Available memory region 0x3fcf0000 - 0x3fcf8000[0m
V (600) memory_layout: Examining memory region 0x600fe000 - 0x60100000[0m
V (606) memory_layout: Start of region 0x600fe000 - 0x60100000 overlaps reserved 0x600fe000 - 0x600fe010[0m
V (616) memory_layout: End of region 0x600fe010 - 0x60100000 overlaps reserved 0x600fffe8 - 0x60100000[0m
D (625) memory_layout: Available memory region 0x600fe010 - 0x600fffe8[0m
[0;32mI (632) heap_init: Initializing. RAM available for dynamic allocation:[0m
D (639) heap_init: New heap initialised at 0x3fca0388[0m
[0;32mI (644) heap_init: At 3FCA0388 len 00049388 (292 KiB): RAM[0m
[0;32mI (650) heap_init: At 3FCE9710 len 00005724 (21 KiB): RAM[0m
D (656) heap_init: New heap initialised at 0x3fcf0000[0m
[0;32mI (661) heap_init: At 3FCF0000 len 00008000 (32 KiB): DRAM[0m
D (668) heap_init: New heap initialised at 0x600fe010[0m
[0;32mI (673) heap_init: At 600FE010 len 00001FD8 (7 KiB): RTCRAM[0m
V (679) intr_alloc: esp_intr_alloc_intrstatus (cpu 0): checking args[0m
V (685) intr_alloc: esp_intr_alloc_intrstatus (cpu 0): Args okay. Resulting flags 0x40E[0m
D (694) intr_alloc: Connected src 39 to int 2 (cpu 0)[0m
V (699) memspi: raw_chip_id: 1740C8
[0m
V (702) memspi: chip_id: C84017
[0m
V (706) memspi: raw_chip_id: 1740C8
[0m
V (709) memspi: chip_id: C84017
[0m
D (713) spi_flash: trying chip: issi[0m
D (716) spi_flash: trying chip: gd[0m
[0;32mI (720) spi_flash: detected chip: gd[0m
[0;32mI (724) spi_flash: flash io: dio[0m
[0;33mW (728) spi_flash: Detected size(8192k) larger than the size in the binary image header(2048k). Using the size in the binary image header.[0m
D (741) cpu_start: calling init function: 0x42074cfc[0m
D (746) cpu_start: calling init function: 0x420747ac[0m
D (751) cpu_start: calling init function: 0x4202ca94[0m
D (756) cpu_start: calling init function: 0x4200e438[0m
D (762) cpu_start: calling init function: 0x4037ba1c[0m
D (767) cpu_start: calling init function: 0x42002f0c[0m
D (772) cpu_start: calling init function: 0x42008640 on core: 0[0m
V (778) intr_alloc: esp_intr_alloc_intrstatus (cpu 0): checking args[0m
V (784) intr_alloc: esp_intr_alloc_intrstatus (cpu 0): Args okay. Resulting flags 0xC02[0m
D (792) intr_alloc: Connected src 59 to int 3 (cpu 0)[0m
D (797) cpu_start: calling init function: 0x42005f68 on core: 0[0m
[0;32mI (803) sleep: Configure to isolate all GPIO pins in sleep state[0m
[0;32mI (810) sleep: Enable automatic switching of GPIO sleep configuration[0m
D (817) cpu_start: calling init function: 0x420042a4 on core: 0[0m
V (823) intr_alloc: esp_intr_alloc_intrstatus (cpu 0): checking args[0m
V (829) intr_alloc: esp_intr_alloc_intrstatus (cpu 0): Args okay. Resulting flags 0x40E[0m
D (837) intr_alloc: Connected src 79 to int 9 (cpu 0)[0m
D (842) app_start: Starting scheduler on CPU0[0m
V (847) intr_alloc: esp_intr_alloc_intrstatus (cpu 0): checking args[0m
V (847) intr_alloc: esp_intr_alloc_intrstatus (cpu 0): Args okay. Resulting flags 0x402[0m
D (847) intr_alloc: Connected src 57 to int 12 (cpu 0)[0m
V (847) intr_alloc: esp_intr_alloc_intrstatus (cpu 1): checking args[0m
V (857) intr_alloc: esp_intr_alloc_intrstatus (cpu 1): Args okay. Resulting flags 0x40E[0m
D (857) intr_alloc: Connected src 80 to int 2 (cpu 1)[0m
D (867) app_start: Starting scheduler on CPU1[0m
V (867) intr_alloc: esp_intr_alloc_intrstatus (cpu 1): checking args[0m
V (877) intr_alloc: esp_intr_alloc_intrstatus (cpu 1): Args okay. Resulting flags 0x402[0m
D (887) intr_alloc: Connected src 58 to int 3 (cpu 1)[0m
[0;32mI (847) main_task: Started on CPU0[0m
D (897) heap_init: New heap initialised at 0x3fce9710[0m
V (897) intr_alloc: esp_intr_alloc_intrstatus (cpu 0): checking args[0m
V (907) intr_alloc: esp_intr_alloc_intrstatus (cpu 0): Args okay. Resulting flags 0xE[0m
D (917) intr_alloc: Connected src 52 to int 13 (cpu 0)[0m
[0;32mI (917) main_task: Calling app_main()[0m
V (927) partition: Loading the partition table[0m
V (927) mmap: actual_mapped_len is 0x10000[0m
V (937) calculated md5: 0x3fca3f38   f4 ad 4f 45 38 56 4b 5d  74 35 b6 2c 75 b6 95 24  |..OE8VK]t5.,u..$|[0m
V (947) stored md5: 0x3c0e8070   f4 ad 4f 45 38 56 4b 5d  74 35 b6 2c 75 b6 95 24  |..OE8VK]t5.,u..$|[0m
V (947) partition: Partition table MD5 verified[0m
D (977) esp_netif_lwip: LwIP stack has been initialized[0m
D (977) esp_netif_lwip: esp-netif has been successfully initialized[0m
D (977) event: running task for loop 0x3fca6d0c[0m
D (987) event: created task for loop 0x3fca6d0c[0m
D (987) event: created event loop 0x3fca6d0c[0m
D (997) esp_netif_lwip: check: remote, if=0x3fca3f70 fn=0x42013448[0m
V (997) esp_netif_objects: esp_netif_add_to_list_unsafe 0x3fca7c34[0m
D (1007) esp_netif_objects: esp_netif_add_to_list_unsafe netif added successfully (total netifs: 1)[0m
D (1017) esp_netif_lwip: call api in lwip: ret=0x0, give sem[0m
pp rom version: e7ae62f
net80211 rom version: e7ae62f
D (1027) nvs: nvs_open_from_partition misc 1[0m
I (1037) wifi:wifi driver task: 3fcaa654, prio:23, stack:6656, core=0
V (1037) esp_adapter: thread sem create: sem=0x3fcaa7ac[0m
V (1037) esp_adapter: thread sem get: sem=0x3fcaa7ac[0m
D (1047) efuse: In EFUSE_BLK1__DATA1_REG is used 8 bits starting with 8 bit[0m
D (1057) efuse: In EFUSE_BLK1__DATA1_REG is used 8 bits starting with 0 bit[0m
D (1057) efuse: In EFUSE_BLK1__DATA0_REG is used 8 bits starting with 24 bit[0m
D (1067) efuse: In EFUSE_BLK1__DATA0_REG is used 8 bits starting with 16 bit[0m
D (1077) efuse: In EFUSE_BLK1__DATA0_REG is used 8 bits starting with 8 bit[0m
D (1077) efuse: In EFUSE_BLK1__DATA0_REG is used 8 bits starting with 0 bit[0m
D (1087) nvs: nvs_open_from_partition nvs.net80211 1[0m
D (1097) nvs: nvs_get opmode 1[0m
D (1097) nvs: nvs_get_str_or_blob sta.ssid[0m
D (1107) nvs: nvs_get sta.authmode 1[0m
D (1107) nvs: nvs_get_str_or_blob sta.pswd[0m
D (1107) nvs: nvs_get_str_or_blob sta.pmk[0m
D (1117) nvs: nvs_get sta.chan 1[0m
D (1117) nvs: nvs_get auto.conn 1[0m
D (1117) nvs: nvs_get bssid.set 1[0m
D (1127) nvs: nvs_get_str_or_blob sta.bssid[0m
D (1127) nvs: nvs_get sta.lis_intval 2[0m
D (1127) nvs: nvs_get sta.phym 1[0m
D (1137) nvs: nvs_get sta.phybw 1[0m
D (1137) nvs: nvs_get_str_or_blob sta.apsw[0m
D (1147) nvs: nvs_get_str_or_blob sta.apinfo[0m
D (1147) nvs: nvs_get sta.scan_method 1[0m
D (1147) nvs: nvs_get sta.sort_method 1[0m
D (1157) nvs: nvs_get sta.minrssi 1[0m
D (1157) nvs: nvs_get sta.minauth 1[0m
D (1157) nvs: nvs_get sta.pmf_e 1[0m
D (1167) nvs: nvs_get sta.pmf_r 1[0m
D (1167) nvs: nvs_get sta.btm_e 1[0m
D (1167) nvs: nvs_get sta.rrm_e 1[0m
D (1177) nvs: nvs_get sta.mbo_e 1[0m
D (1177) nvs: nvs_get_str_or_blob ap.ssid[0m
D (1187) nvs: nvs_get_str_or_blob ap.passwd[0m
D (1187) nvs: nvs_get_str_or_blob ap.pmk[0m
D (1187) nvs: nvs_get ap.chan 1[0m
D (1197) nvs: nvs_get ap.authmode 1[0m
D (1197) nvs: nvs_get ap.hidden 1[0m
D (1197) nvs: nvs_get ap.max.conn 1[0m
D (1207) nvs: nvs_get bcn.interval 2[0m
D (1207) nvs: nvs_get ap.phym 1[0m
D (1207) nvs: nvs_get ap.phybw 1[0m
D (1217) nvs: nvs_get ap.sndchan 1[0m
D (1217) nvs: nvs_get ap.pmf_e 1[0m
D (1217) nvs: nvs_get ap.pmf_r 1[0m
D (1227) nvs: nvs_get ap.p_cipher 1[0m
D (1227) nvs: nvs_get lorate 1[0m
D (1227) nvs: nvs_get_str_or_blob country[0m
D (1237) nvs: nvs_get ap.ftm_r 1[0m
D (1237) nvs: nvs_get sta.ft 1[0m
D (1237) nvs: nvs_get sta.owe 1[0m
D (1247) nvs: nvs_get sta.trans_d 1[0m
D (1247) nvs: nvs_get sta.sae_h2e 1[0m
D (1257) nvs: nvs_get sta.sae_pk_mode 1[0m
D (1257) nvs: nvs_get sta.bss_retry 1[0m
D (1257) nvs: nvs_get_str_or_blob sta.owe_data[0m
D (1267) nvs: nvs_get sta.he_dcm 1[0m
D (1267) nvs: nvs_get sta.he_dcm_c_tx 1[0m
D (1267) nvs: nvs_get sta.he_dcm_c_rx 1[0m
D (1277) nvs: nvs_get sta.he_mcs9_d 1[0m
D (1277) nvs: nvs_get sta.he_su_b_d 1[0m
D (1287) nvs: nvs_get sta.he_su_b_f_d 1[0m
D (1287) nvs: nvs_get sta.he_mu_b_f_d 1[0m
D (1287) nvs: nvs_get sta.he_cqi_f_d 1[0m
D (1297) nvs: nvs_get_str_or_blob sta.sae_h2e_id[0m
D (1297) nvs: nvs_get ap.sae_h2e 1[0m
D (1307) nvs: nvs_get_str_or_blob ap.pmk_info[0m
D (1307) nvs: nvs_get nan.phym 1[0m
D (1307) nvs: nvs_set ap.sndchan 1 1[0m
I (1317) wifi:wifi firmware version: a9f5b59-dirty
I (1317) wifi:wifi certification version: v7.0
I (1327) wifi:config NVS flash: enabled
I (1327) wifi:config nano formating: disabled
I (1327) wifi:Init data frame dynamic rx buffer num: 32
I (1337) wifi:Init static rx mgmt buffer num: 5
I (1337) wifi:Init management short buffer num: 32
I (1347) wifi:Init dynamic tx buffer num: 32
I (1347) wifi:Init static tx FG buffer num: 2
I (1357) wifi:Init static rx buffer size: 1600
I (1357) wifi:Init static rx buffer num: 10
I (1357) wifi:Init dynamic rx buffer num: 32
V (1367) wifi:hint=255, act_dur=<0,120>, pas_dur=360, nchans=14 history_num=0
V (1367) esp_adapter: thread sem get: sem=0x3fcaa7ac[0m
[0;32mI (1377) wifi_init: rx ba win: 6[0m
[0;32mI (1377) wifi_init: tcpip mbox: 32[0m
[0;32mI (1387) wifi_init: udp mbox: 6[0m
[0;32mI (1387) wifi_init: tcp mbox: 6[0m
[0;32mI (1387) wifi_init: tcp tx win: 5760[0m
[0;32mI (1397) wifi_init: tcp rx win: 5760[0m
[0;32mI (1397) wifi_init: tcp mss: 1440[0m
[0;32mI (1407) wifi_init: WiFi IRAM OP enabled[0m
[0;32mI (1407) wifi_init: WiFi RX IRAM OP enabled[0m
V (1417) esp_adapter: thread sem get: sem=0x3fcaa7ac[0m
D (1417) nvs: nvs_get opmode 1[0m
[0;32mI (1427) wpa: esp_dpp_task prio:2, stack:6656[0m
D (1427) wpa: private key - hexdump(len=0):[0m
D (1427) wpa:  [NULL][0m
D (1487) wpa: DPP: Generating a keypair[0m
[0;31mE (1487) wpa: curve: secp256r1[0m
[0;31mE (1487) wpa: prime len is 32[0m
[0;31mE (1487) wpa: Q_x: - hexdump(len=32):[0m
[0;31mE (1487) wpa: 5c 79 72 34 ec 52 5e 35 2d 3e 17 41 ec 17 4e 8c [0m
[0;31mE (1497) wpa: 5f b0 b9 83 68 8a 14 c7 c6 cd 85 cc 46 61 bf f3 [0m
[0;31mE (1507) wpa: Q_y: - hexdump(len=32):[0m
[0;31mE (1507) wpa: 76 c2 de f4 6d 1c 08 46 a6 c3 9b b3 95 fa f8 11 [0m
[0;31mE (1517) wpa: 41 b8 6f 0f ef a4 13 a6 91 5a 9c a9 49 e6 03 f3 [0m
[0;31mE (1527) wpa: d:      - hexdump(len=32):[0m
[0;31mE (1527) wpa: 85 44 1d 98 78 f5 44 b9 c7 e4 3c aa 5f 69 76 ab [0m
[0;31mE (1537) wpa: 88 ea ab da 97 2c 15 71 7f 53 13 75 e0 52 1e 4b [0m
D (1537) wpa: DPP: Compressed public key (DER) - hexdump(len=59):[0m
D (1547) wpa: 30 39 30 13 06 07 2a 86 48 ce 3d 02 01 06 08 2a [0m
D (1547) wpa: 86 48 ce 3d 03 01 07 03 22 00 03 5c 79 72 34 ec [0m
D (1557) wpa: 52 5e 35 2d 3e 17 41 ec 17 4e 8c 5f b0 b9 83 68 [0m
D (1567) wpa: 8a 14 c7 c6 cd 85 cc 46 61 bf f3 [0m
D (1567) gdma: new group (0) at 0x3fcb2f74[0m
D (1577) gdma: new pair (0,0) at 0x3fcb2dd0[0m
D (1577) gdma: new tx channel (0,0) at 0x3fcb2c80[0m
D (1577) gdma: new rx channel (0,0) at 0x3fcb2ffc[0m
D (1587) gdma: tx channel (0,0), (1:16) bytes aligned, burst enabled[0m
D (1597) gdma: rx channel (0,0), (1:16) bytes aligned, burst disabled[0m
D (1597) wpa: DPP: Public key hash - hexdump(len=32):[0m
D (1607) wpa: 81 c8 0d 4f d2 c9 c2 9a bc fa 9b ad 66 d5 c4 29 [0m
D (1607) wpa: 36 ea 41 49 13 9b 71 38 3a a9 60 94 df 19 9b f9 [0m
D (1617) wpa: DPP: URI mac: 84:fc:e6:7b:73:b8[0m
[0;32mI (1617) wifi dpp-enrollee: Scan below QR Code to configure the enrollee:[0m
[0;32mI (1627) QRCODE: Encoding below text with ECC LVL 0 & QR Code Version 10[0m
[0;32mI (1637) QRCODE: DPP:C:81/6;M:84:fc:e6:7b:73:b8;K:MDkwEwYHKoZIzj0CAQYIKoZIzj0DAQcDIgADXHlyNOxSXjUtPhdB7BdOjF+wuYNoihTHxs2FzEZhv/M=;;[0m
                                              
  █▀▀▀▀▀█ ▄    █▄▄▀█▀ ▀ ▀▀ █▄▄▀▄ ▀▄ █▀▀▀▀▀█   
  █ ███ █ ▄ ▀█▄▀▄ ▄▀▀  █▄  ▄▄    ▀▄ █ ███ █   
  █ ▀▀▀ █ ▄██▄▀█ █▄▄█ ▄▀▄▀▄▄ ████▀  █ ▀▀▀ █   
  ▀▀▀▀▀▀▀ ▀▄▀▄▀ ▀▄▀ ▀▄▀▄█▄▀ ▀▄▀ █▄▀ ▀▀▀▀▀▀▀   
  ▀█▀██ ▀▀▀█▄▀▄▀▄▀█ ▄█▀██ ▀█▄ ▀▀▄▄▄▀▄▀▄▀ █    
  ▀ █ ▀ ▀▄  █▀  ▄█▀ ▀▄ ██▄ ▀█▀▀▀█▄▄█▀▄▄  ▄    
   ██▀▄▄▀▄█▀▄ ▀ ▄▄▄ ▀█▀▀█ ▀█▀██▀▄ ▄▄▄██▀█▀▀   
  ▄    ▀▀ █ ▀█▀   ▄ ▀▄▀█▄▄█  ██   ▄▀█▀▄▄ ▄    
  ▄▄█▀██▀██▀ █▀▄▀▄▄▄ █▄▀▀▄ █▄▀▀▀▀▄▄▄ ▀▄ █▀    
  ▄██ ▄▄▀▀▄█  ▄█▀▀ █▄▄ ▄ ▄▄ ▄▀█ ▄▄ ███ ▄▀▄    
  ███  ▄▀█   ▀▄ ▀▄▀ ▄█▀ ▀█▄█▀▀█ ▄█▄  ██▄▄     
  █▄▀███▀█ ▀▄ ▄ ▀█▀ ▀ ██ ▄▄▀▄▀█▀▄   ▀ ▀▄ ▄    
  ▀  ▀▀█▀▀ █  ▀ ▀██  ██▀▀▄▀▄▀▀▀█▀█▀▀▄ ▄▀▀▄    
  ██▄  ▄▀ █▀▀ ▀ ▄▀█ ▀ ▀█  ▀  ▀ ▀  ▄  ▀█▀▀     
  █▀▀ ▀▄▀█▀ █ ▀ ▄▄▄▄▀█▀ █▄ ▄█ ██▄▄▄ ▄█▄▀██    
  █  ▀▄▄▀▀▄▄ █▀ ▄ ▄ ▀ █▄▄ █▀▄▀▀▀█  ███ █  ▄   
  ▀ ▀▀  ▀▀▄▄▄▀▀▄█ ▄▄▄▀▄▄▀▀▀▀▄ ▀█▀▄█▀▀▀█ ▄█    
  █▀▀▀▀▀█ ▀▀▄▄▄█▀▀▀█▄▄ ▄▀   ▀▀ ▀█▀█ ▀ █ ▀ ▄   
  █ ███ █ █▀█ ▄ ▀▄▀▄▄▀▄  █ ▄▀▀  ▄ ▀█▀█▀██ ▄   
  █ ▀▀▀ █ ██▀ ▄ ▄█▀ ▀▄█▄█ █▀ ▀▄▀ ▄▀ ▀ █▄▀▄    
  ▀▀▀▀▀▀▀ ▀   ▀▀▀▀   ▀▀▀▀▀▀ ▀▀ ▀ ▀ ▀          
                                              

V (1947) esp_adapter: thread sem get: sem=0x3fcaa7ac[0m
[0;32mI (1947) phy_init: phy_version 640,cd64a1a,Jan 24 2024,17:28:12[0m
D (1957) phy_init: loading PHY init data from application binary[0m
D (1957) nvs: nvs_open_from_partition phy 0[0m
D (1967) nvs: nvs_get cal_version 4[0m
V (1967) phy_init: phy_get_rf_cal_version: 640[0m
D (1977) nvs: nvs_get_str_or_blob cal_mac[0m
D (1977) efuse: In EFUSE_BLK1__DATA1_REG is used 8 bits starting with 8 bit[0m
D (1987) efuse: In EFUSE_BLK1__DATA1_REG is used 8 bits starting with 0 bit[0m
D (1987) efuse: In EFUSE_BLK1__DATA0_REG is used 8 bits starting with 24 bit[0m
D (1997) efuse: In EFUSE_BLK1__DATA0_REG is used 8 bits starting with 16 bit[0m
D (2007) efuse: In EFUSE_BLK1__DATA0_REG is used 8 bits starting with 8 bit[0m
D (2007) efuse: In EFUSE_BLK1__DATA0_REG is used 8 bits starting with 0 bit[0m
D (2017) nvs: nvs_get_str_or_blob cal_data[0m
D (2027) nvs: nvs_close 3[0m
D (2027) efuse: In EFUSE_BLK1__DATA1_REG is used 8 bits starting with 8 bit[0m
D (2037) efuse: In EFUSE_BLK1__DATA1_REG is used 8 bits starting with 0 bit[0m
D (2037) efuse: In EFUSE_BLK1__DATA0_REG is used 8 bits starting with 24 bit[0m
D (2047) efuse: In EFUSE_BLK1__DATA0_REG is used 8 bits starting with 16 bit[0m
D (2057) efuse: In EFUSE_BLK1__DATA0_REG is used 8 bits starting with 8 bit[0m
D (2057) efuse: In EFUSE_BLK1__DATA0_REG is used 8 bits starting with 0 bit[0m
D (2087) temperature_sensor: range changed, change to index 2[0m
V (2097) wifi:ht20 freq=2412, chan=1
D (2097) wifi:filter: set rx policy=0
I (2097) wifi:mode : sta (84:fc:e6:7b:73:b8)
I (2097) wifi:enable tsf
D (2097) wifi:filter: set rx policy=1
D (2107) wifi:connect status 0 -> 0
D (2107) event: running post WIFI_EVENT:40 with handler 0x4200a710 and context 0x3fca7f98 on loop 0x3fca6d0c[0m
D (2117) event: running post WIFI_EVENT:2 with handler 0x4202cce4 and context 0x3fca7e30 on loop 0x3fca6d0c[0m
D (2127) wifi_init_default: wifi_start esp-netif:0x3fca7c34 event-id2[0m
D (2137) wifi_init_default: WIFI mac address: 84 fc e6 7b 73 b8[0m
V (2137) esp_adapter: thread sem create: sem=0x3fcb27f0[0m
V (2147) esp_adapter: thread sem get: sem=0x3fcb27f0[0m
D (2147) esp_netif_lwip: check: remote, if=0x3fca7c34 fn=0x42012e34[0m
D (2157) esp_netif_lwip: call api in lwip: ret=0x0, give sem[0m
D (2167) esp_netif_handlers: esp_netif action has started with netif0x3fca7c34 from event_id=2[0m
D (2167) esp_netif_lwip: check: remote, if=0x3fca7c34 fn=0x42013700[0m
D (2177) esp_netif_lwip: esp_netif_start_api 0x3fca7c34[0m
D (2187) esp_netif_lwip: esp_netif_get_hostname esp_netif:0x3fca7c34[0m
D (2187) esp_netif_lwip: check: local, if=0x3fca7c34 fn=0x42013ea4[0m
D (2197) esp_netif_lwip: esp_netif_update_default_netif_lwip 0x3fca7c34[0m
V (2207) esp_netif_lwip: esp_netif_is_netif_up esp_netif:0x3fca7c34[0m
D (2207) esp_netif_lwip: call api in lwip: ret=0x0, give sem[0m
D (2217) event: running post WIFI_EVENT:2 with handler 0x4200a710 and context 0x3fca7f98 on loop 0x3fca6d0c[0m
[0;32mI (2227) wifi dpp-enrollee: Started listening for DPP Authentication[0m
V (2227) esp_adapter: thread sem create: sem=0x3fcb28a0[0m
V (2237) esp_adapter: thread sem get: sem=0x3fcb28a0[0m
D (2237) wifi:Listen on channel 6 for 500 mSec
V (2247) wifi:change: chan<6,0>, dur<0,500>
V (2247) wifi:ht20 freq=2437, chan=6
V (2257) wifi:enter start op, arg=0x42014ad0
V (2257) wifi:start max timer
D (2757) wifi:ROC: Ending operation at 2.0, returning to Channel 1
V (2757) wifi:back home chan=<1,0>, current chan=<6,0>
V (2757) wifi:ht20 freq=2412, chan=1
D (2767) event: running post WIFI_EVENT:20 with handler 0x4200a710 and context 0x3fca7f98 on loop 0x3fca6d0c[0m
D (2777) event: running post WIFI_EVENT:20 with handler 0x4201563c and context 0x3fcb2590 on loop 0x3fca6d0c[0m
V (2787) esp_adapter: thread sem get: sem=0x3fcb28a0[0m
D (2787) wifi:Listen on channel 6 for 500 mSec
V (2787) wifi:change: chan<6,0>, dur<0,500>
V (2797) wifi:ht20 freq=2437, chan=6
V (2797) wifi:enter start op, arg=0x42014ad0
V (2807) wifi:start max timer
D (3307) wifi:ROC: Ending operation at 3.0, returning to Channel 1
V (3307) wifi:back home chan=<1,0>, current chan=<6,0>
V (3307) wifi:ht20 freq=2412, chan=1
D (3307) event: running post WIFI_EVENT:20 with handler 0x4200a710 and context 0x3fca7f98 on loop 0x3fca6d0c[0m
D (3317) event: running post WIFI_EVENT:20 with handler 0x4201563c and context 0x3fcb2590 on loop 0x3fca6d0c[0m
V (3327) esp_adapter: thread sem get: sem=0x3fcb28a0[0m
D (3337) wifi:Listen on channel 6 for 500 mSec
V (3337) wifi:change: chan<6,0>, dur<0,500>
V (3337) wifi:ht20 freq=2437, chan=6
V (3347) wifi:enter start op, arg=0x42014ad0
V (3347) wifi:start max timer
D (3847) wifi:ROC: Ending operation at 3.0, returning to Channel 1
V (3857) wifi:back home chan=<1,0>, current chan=<6,0>
V (3857) wifi:ht20 freq=2412, chan=1
D (3857) event: running post WIFI_EVENT:20 with handler 0x4200a710 and context 0x3fca7f98 on loop 0x3fca6d0c[0m
D (3867) event: running post WIFI_EVENT:20 with handler 0x4201563c and context 0x3fcb2590 on loop 0x3fca6d0c[0m
V (3877) esp_adapter: thread sem get: sem=0x3fcb28a0[0m
D (3877) wifi:Listen on channel 6 for 500 mSec
V (3887) wifi:change: chan<6,0>, dur<0,500>
V (3887) wifi:ht20 freq=2437, chan=6
V (3887) wifi:enter start op, arg=0x42014ad0
V (3897) wifi:start max timer
D (4397) wifi:ROC: Ending operation at 4.0, returning to Channel 1
V (4397) wifi:back home chan=<1,0>, current chan=<6,0>
V (4397) wifi:ht20 freq=2412, chan=1
D (4407) event: running post WIFI_EVENT:20 with handler 0x4200a710 and context 0x3fca7f98 on loop 0x3fca6d0c[0m
D (4407) event: running post WIFI_EVENT:20 with handler 0x4201563c and context 0x3fcb2590 on loop 0x3fca6d0c[0m
V (4417) esp_adapter: thread sem get: sem=0x3fcb28a0[0m
D (4427) wifi:Listen on channel 6 for 500 mSec
V (4427) wifi:change: chan<6,0>, dur<0,500>
V (4437) wifi:ht20 freq=2437, chan=6
V (4437) wifi:enter start op, arg=0x42014ad0
V (4437) wifi:start max timer
D (4947) wifi:ROC: Ending operation at 4.0, returning to Channel 1
V (4947) wifi:back home chan=<1,0>, current chan=<6,0>
V (4947) wifi:ht20 freq=2412, chan=1
D (4947) event: running post WIFI_EVENT:20 with handler 0x4200a710 and context 0x3fca7f98 on loop 0x3fca6d0c[0m
D (4957) event: running post WIFI_EVENT:20 with handler 0x4201563c and context 0x3fcb2590 on loop 0x3fca6d0c[0m
V (4967) esp_adapter: thread sem get: sem=0x3fcb28a0[0m
D (4977) wifi:Listen on channel 6 for 500 mSec
V (4977) wifi:change: chan<6,0>, dur<0,500>
V (4977) wifi:ht20 freq=2437, chan=6
V (4987) wifi:enter start op, arg=0x42014ad0
V (4987) wifi:start max timer
D (5487) wifi:ROC: Ending operation at 5.0, returning to Channel 1
V (5487) wifi:back home chan=<1,0>, current chan=<6,0>
V (5487) wifi:ht20 freq=2412, chan=1
D (5497) event: running post WIFI_EVENT:20 with handler 0x4200a710 and context 0x3fca7f98 on loop 0x3fca6d0c[0m
D (5507) event: running post WIFI_EVENT:20 with handler 0x4201563c and context 0x3fcb2590 on loop 0x3fca6d0c[0m
V (5517) esp_adapter: thread sem get: sem=0x3fcb28a0[0m
D (5517) wifi:Listen on channel 6 for 500 mSec
V (5527) wifi:change: chan<6,0>, dur<0,500>
V (5527) wifi:ht20 freq=2437, chan=6
V (5527) wifi:enter start op, arg=0x42014ad0
V (5537) wifi:start max timer
D (6037) wifi:ROC: Ending operation at 5.0, returning to Channel 1
V (6037) wifi:back home chan=<1,0>, current chan=<6,0>
V (6037) wifi:ht20 freq=2412, chan=1
D (6037) event: running post WIFI_EVENT:20 with handler 0x4200a710 and context 0x3fca7f98 on loop 0x3fca6d0c[0m
D (6047) event: running post WIFI_EVENT:20 with handler 0x4201563c and context 0x3fcb2590 on loop 0x3fca6d0c[0m
V (6057) esp_adapter: thread sem get: sem=0x3fcb28a0[0m
D (6067) wifi:Listen on channel 6 for 500 mSec
V (6067) wifi:change: chan<6,0>, dur<0,500>
V (6077) wifi:ht20 freq=2437, chan=6
V (6077) wifi:enter start op, arg=0x42014ad0
V (6077) wifi:start max timer
D (6587) wifi:ROC: Ending operation at 6.0, returning to Channel 1
V (6587) wifi:back home chan=<1,0>, current chan=<6,0>
V (6587) wifi:ht20 freq=2412, chan=1
D (6587) event: running post WIFI_EVENT:20 with handler 0x4200a710 and context 0x3fca7f98 on loop 0x3fca6d0c[0m
D (6597) event: running post WIFI_EVENT:20 with handler 0x4201563c and context 0x3fcb2590 on loop 0x3fca6d0c[0m
V (6607) esp_adapter: thread sem get: sem=0x3fcb28a0[0m
D (6607) wifi:Listen on channel 6 for 500 mSec
V (6617) wifi:change: chan<6,0>, dur<0,500>
V (6617) wifi:ht20 freq=2437, chan=6
V (6627) wifi:enter start op, arg=0x42014ad0
V (6627) wifi:start max timer
D (7127) wifi:ROC: Ending operation at 6.0, returning to Channel 1
V (7127) wifi:back home chan=<1,0>, current chan=<6,0>
V (7127) wifi:ht20 freq=2412, chan=1
D (7137) event: running post WIFI_EVENT:20 with handler 0x4200a710 and context 0x3fca7f98 on loop 0x3fca6d0c[0m
D (7147) event: running post WIFI_EVENT:20 with handler 0x4201563c and context 0x3fcb2590 on loop 0x3fca6d0c[0m
V (7157) esp_adapter: thread sem get: sem=0x3fcb28a0[0m
D (7157) wifi:Listen on channel 6 for 500 mSec
V (7157) wifi:change: chan<6,0>, dur<0,500>
V (7167) wifi:ht20 freq=2437, chan=6
V (7167) wifi:enter start op, arg=0x42014ad0
V (7177) wifi:start max timer
D (7677) wifi:ROC: Ending operation at 7.0, returning to Channel 1
V (7677) wifi:back home chan=<1,0>, current chan=<6,0>
V (7677) wifi:ht20 freq=2412, chan=1
D (7677) event: running post WIFI_EVENT:20 with handler 0x4200a710 and context 0x3fca7f98 on loop 0x3fca6d0c[0m
D (7687) event: running post WIFI_EVENT:20 with handler 0x4201563c and context 0x3fcb2590 on loop 0x3fca6d0c[0m
V (7697) esp_adapter: thread sem get: sem=0x3fcb28a0[0m
D (7707) wifi:Listen on channel 6 for 500 mSec
V (7707) wifi:change: chan<6,0>, dur<0,500>
V (7707) wifi:ht20 freq=2437, chan=6
V (7717) wifi:enter start op, arg=0x42014ad0
V (7717) wifi:start max timer
D (8217) wifi:ROC: Ending operation at 7.0, returning to Channel 1
V (8227) wifi:back home chan=<1,0>, current chan=<6,0>
V (8227) wifi:ht20 freq=2412, chan=1
D (8227) event: running post WIFI_EVENT:20 with handler 0x4200a710 and context 0x3fca7f98 on loop 0x3fca6d0c[0m
D (8237) event: running post WIFI_EVENT:20 with handler 0x4201563c and context 0x3fcb2590 on loop 0x3fca6d0c[0m
V (8247) esp_adapter: thread sem get: sem=0x3fcb28a0[0m
D (8247) wifi:Listen on channel 6 for 500 mSec
V (8257) wifi:change: chan<6,0>, dur<0,500>
V (8257) wifi:ht20 freq=2437, chan=6
V (8257) wifi:enter start op, arg=0x42014ad0
V (8267) wifi:start max timer
D (8767) wifi:ROC: Ending operation at 8.0, returning to Channel 1
V (8767) wifi:back home chan=<1,0>, current chan=<6,0>
V (8767) wifi:ht20 freq=2412, chan=1
D (8767) event: running post WIFI_EVENT:20 with handler 0x4200a710 and context 0x3fca7f98 on loop 0x3fca6d0c[0m
D (8777) event: running post WIFI_EVENT:20 with handler 0x4201563c and context 0x3fcb2590 on loop 0x3fca6d0c[0m
V (8787) esp_adapter: thread sem get: sem=0x3fcb28a0[0m
D (8797) wifi:Listen on channel 6 for 500 mSec
V (8797) wifi:change: chan<6,0>, dur<0,500>
V (8807) wifi:ht20 freq=2437, chan=6
V (8807) wifi:enter start op, arg=0x42014ad0
V (8807) wifi:start max timer
D (9317) wifi:ROC: Ending operation at 9.0, returning to Channel 1
V (9317) wifi:back home chan=<1,0>, current chan=<6,0>
V (9317) wifi:ht20 freq=2412, chan=1
D (9317) event: running post WIFI_EVENT:20 with handler 0x4200a710 and context 0x3fca7f98 on loop 0x3fca6d0c[0m
D (9327) event: running post WIFI_EVENT:20 with handler 0x4201563c and context 0x3fcb2590 on loop 0x3fca6d0c[0m
V (9337) esp_adapter: thread sem get: sem=0x3fcb28a0[0m
D (9347) wifi:Listen on channel 6 for 500 mSec
V (9347) wifi:change: chan<6,0>, dur<0,500>
V (9347) wifi:ht20 freq=2437, chan=6
V (9357) wifi:enter start op, arg=0x42014ad0
V (9357) wifi:start max timer
D (9857) wifi:ROC: Ending operation at 9.0, returning to Channel 1
V (9857) wifi:back home chan=<1,0>, current chan=<6,0>
V (9857) wifi:ht20 freq=2412, chan=1
D (9867) event: running post WIFI_EVENT:20 with handler 0x4200a710 and context 0x3fca7f98 on loop 0x3fca6d0c[0m
D (9877) event: running post WIFI_EVENT:20 with handler 0x4201563c and context 0x3fcb2590 on loop 0x3fca6d0c[0m
V (9887) esp_adapter: thread sem get: sem=0x3fcb28a0[0m
D (9887) wifi:Listen on channel 6 for 500 mSec
V (9897) wifi:change: chan<6,0>, dur<0,500>
V (9897) wifi:ht20 freq=2437, chan=6
V (9897) wifi:enter start op, arg=0x42014ad0
V (9907) wifi:start max timer
D (10407) wifi:ROC: Ending operation at 10.0, returning to Channel 1
V (10407) wifi:back home chan=<1,0>, current chan=<6,0>
V (10407) wifi:ht20 freq=2412, chan=1
D (10407) event: running post WIFI_EVENT:20 with handler 0x4200a710 and context 0x3fca7f98 on loop 0x3fca6d0c[0m
D (10417) event: running post WIFI_EVENT:20 with handler 0x4201563c and context 0x3fcb2590 on loop 0x3fca6d0c[0m
V (10427) esp_adapter: thread sem get: sem=0x3fcb28a0[0m
D (10437) wifi:Listen on channel 6 for 500 mSec
V (10437) wifi:change: chan<6,0>, dur<0,500>
V (10447) wifi:ht20 freq=2437, chan=6
V (10447) wifi:enter start op, arg=0x42014ad0
V (10447) wifi:start max timer
D (10957) wifi:ROC: Ending operation at 10.0, returning to Channel 1
V (10957) wifi:back home chan=<1,0>, current chan=<6,0>
V (10957) wifi:ht20 freq=2412, chan=1
D (10957) event: running post WIFI_EVENT:20 with handler 0x4200a710 and context 0x3fca7f98 on loop 0x3fca6d0c[0m
D (10967) event: running post WIFI_EVENT:20 with handler 0x4201563c and context 0x3fcb2590 on loop 0x3fca6d0c[0m
V (10977) esp_adapter: thread sem get: sem=0x3fcb28a0[0m
D (10987) wifi:Listen on channel 6 for 500 mSec
V (10987) wifi:change: chan<6,0>, dur<0,500>
V (10987) wifi:ht20 freq=2437, chan=6
V (10997) wifi:enter start op, arg=0x42014ad0
V (10997) wifi:start max timer
D (11367) wpa: DPP: Rx Public Action frame: action - 9[0m
V (11367) esp_adapter: thread sem get: sem=0x3fcb28a0[0m
D (11367) wifi:ROC: Ending operation at 11.0, returning to Channel 1
V (11377) wifi:back home chan=<1,0>, current chan=<6,0>
V (11377) wifi:ht20 freq=2412, chan=1
V (11387) wifi:back home chan=<1,0>, current chan=<1,0>
[0;32mI (11387) wpa: DPP: Authentication Request from 66:a4:66:30:6c:2f[0m
D (11387) event: running post WIFI_EVENT:20 with handler 0x4200a710 and context 0x3fca7f98 on loop 0x3fca6d0c[0m
V (11397) wpa: DPP: Responder Bootstrapping Key Hash - hexdump(len=32):[0m
D (11407) event: running post WIFI_EVENT:20 with handler 0x4201563c and context 0x3fcb2590 on loop 0x3fca6d0c[0m
V (11417) wpa: 81 c8 0d 4f d2 c9 c2 9a bc fa 9b ad 66 d5 c4 29 [0m
V (11427) wpa: 36 ea 41 49 13 9b 71 38 3a a9 60 94 df 19 9b f9 [0m
V (11437) wpa: DPP: Initiator Bootstrapping Key Hash - hexdump(len=32):[0m
V (11447) wpa: a6 1e f2 91 fb e0 36 aa 52 05 0f ca 68 f1 39 87 [0m
V (11447) wpa: 68 fb 4b a3 8c d8 d7 64 04 7e d0 f0 33 2b e5 ae [0m
V (11457) wpa: DPP: Wrapped Data - hexdump(len=41):[0m
V (11457) wpa: ab 5c 4d b3 41 77 ff 72 47 e5 b0 ef 58 f1 a1 26 [0m
V (11467) wpa: 40 82 7a ef 0c fc f1 2e 94 02 5c 91 4f e6 22 bd [0m
V (11467) wpa: 11 bb 6b de 52 53 2c d1 30 [0m
V (11477) wpa: DPP: Initiator Protocol Key - hexdump(len=64):[0m
V (11477) wpa: 88 6c a0 92 a7 f8 13 20 4f dd e1 bd bb 66 cf 5f [0m
V (11487) wpa: 63 6e d4 ad f4 bc 09 40 33 89 d5 ba 06 3c 9a e8 [0m
V (11497) wpa: d8 61 5b ea d8 cf 9e a1 90 9e 27 97 39 c4 73 d7 [0m
V (11497) wpa: ee cd e1 00 cd 97 b7 82 1a 7a 60 db e6 1b 0d df [0m
V (11507) intr_alloc: esp_intr_alloc_intrstatus (cpu 1): checking args[0m
V (11507) intr_alloc: esp_intr_alloc_intrstatus (cpu 1): Args okay. Resulting flags 0xE[0m
D (11517) intr_alloc: Connected src 76 to int 4 (cpu 1)[0m
[0;31mE (11527) wpa: curve: secp256r1[0m
[0;31mE (11527) wpa: prime len is 32[0m
[0;31mE (11537) wpa: Q_x: - hexdump(len=32):[0m
[0;31mE (11537) wpa: 88 6c a0 92 a7 f8 13 20 4f dd e1 bd bb 66 cf 5f [0m
[0;31mE (11547) wpa: 63 6e d4 ad f4 bc 09 40 33 89 d5 ba 06 3c 9a e8 [0m
[0;31mE (11547) wpa: Q_y: - hexdump(len=32):[0m
[0;31mE (11557) wpa: d8 61 5b ea d8 cf 9e a1 90 9e 27 97 39 c4 73 d7 [0m
[0;31mE (11557) wpa: ee cd e1 00 cd 97 b7 82 1a 7a 60 db e6 1b 0d df [0m
[0;31mE (11567) wpa: d:      - hexdump(len=32):[0m
[0;31mE (11577) wpa: 00 00 00 00 00 00 00 00 00 00 00 00 00 00 00 00 [0m
[0;31mE (11577) wpa: 00 00 00 00 00 00 00 00 00 00 00 00 00 00 00 00 [0m
V (11587) intr_alloc: esp_intr_alloc_intrstatus (cpu 1): checking args[0m
V (11597) intr_alloc: esp_intr_alloc_intrstatus (cpu 1): Args okay. Resulting flags 0xE[0m
D (11597) intr_alloc: Connected src 77 to int 9 (cpu 1)[0m
D (11757) wpa: DPP: ECDH shared secret (M.x) - hexdump(len=32):[0m
D (11757) wpa: 06 c1 e3 9b 82 c1 a8 c6 06 c1 79 e3 82 2e 03 51 [0m
D (11757) wpa: ff 8c be ea b1 e4 26 93 e6 5c 4a b8 74 b8 45 6c [0m
D (11767) wpa: DPP: PRK = HKDF-Extract(<>, IKM=M.x) - hexdump(len=32):[0m
D (11777) wpa: 99 dc 48 2b 4d 64 54 45 89 dc f0 4c 01 2d 40 f6 [0m
D (11777) wpa: 7f 2c 3e ab b2 8a fe cb 21 db 34 67 94 22 32 83 [0m
D (11787) wpa: DPP: k1 = HKDF-Expand(PRK, info, L) - hexdump(len=32):[0m
D (11787) wpa: c8 63 90 13 e2 f1 38 d6 2d 8b ca 82 ce 6b 5d 4e [0m
D (11797) wpa: b7 4d f0 5d 56 ba c0 d9 fd e3 eb 7b 09 99 11 dd [0m
D (11807) wpa: DDP: AES-SIV AD[0] - hexdump(len=6):[0m
D (11807) wpa: 50 6f 9a 1a 01 00 [0m
D (11807) wpa: DDP: AES-SIV AD[1] - hexdump(len=140):[0m
D (11817) wpa: 02 10 20 00 81 c8 0d 4f d2 c9 c2 9a bc fa 9b ad [0m
D (11827) wpa: 66 d5 c4 29 36 ea 41 49 13 9b 71 38 3a a9 60 94 [0m
D (11827) wpa: df 19 9b f9 01 10 20 00 a6 1e f2 91 fb e0 36 aa [0m
D (11837) wpa: 52 05 0f ca 68 f1 39 87 68 fb 4b a3 8c d8 d7 64 [0m
D (11837) wpa: 04 7e d0 f0 33 2b e5 ae 03 10 40 00 88 6c a0 92 [0m
D (11847) wpa: a7 f8 13 20 4f dd e1 bd bb 66 cf 5f 63 6e d4 ad [0m
D (11857) wpa: f4 bc 09 40 33 89 d5 ba 06 3c 9a e8 d8 61 5b ea [0m
D (11857) wpa: d8 cf 9e a1 90 9e 27 97 39 c4 73 d7 ee cd e1 00 [0m
D (11867) wpa: cd 97 b7 82 1a 7a 60 db e6 1b 0d df [0m
D (11867) wpa: DPP: AES-SIV ciphertext - hexdump(len=41):[0m
D (11877) wpa: ab 5c 4d b3 41 77 ff 72 47 e5 b0 ef 58 f1 a1 26 [0m
D (11877) wpa: 40 82 7a ef 0c fc f1 2e 94 02 5c 91 4f e6 22 bd [0m
D (11887) wpa: 11 bb 6b de 52 53 2c d1 30 [0m
D (11897) wpa: DPP: AES-SIV cleartext - hexdump(len=25):[0m
D (11897) wpa: 05 10 10 00 dd f9 0b 35 3b f0 92 6b 05 86 f9 58 [0m
D (11907) wpa: 36 5b 17 10 06 10 01 00 02 [0m
V (11907) wpa: DPP: Attribute ID 1005 len 16[0m
V (11907) wpa: DPP: Attribute ID 1006 len 1[0m
D (11917) wpa: DPP: I-nonce - hexdump(len=16):[0m
D (11917) wpa: dd f9 0b 35 3b f0 92 6b 05 86 f9 58 36 5b 17 10 [0m
D (11927) wpa: DPP: I-capabilities: 0x02[0m
D (11927) wpa: DPP: Acting as Enrollee[0m
D (11937) wpa: DPP: Build Authentication Response[0m
D (11937) wpa: DPP: R-nonce - hexdump(len=16):[0m
D (11947) wpa: 03 5c b1 8b 04 2d 80 48 41 74 bb 62 3f 44 ba 63 [0m
D (12007) wpa: DPP: Generating a keypair[0m
[0;31mE (12007) wpa: curve: secp256r1[0m
[0;31mE (12007) wpa: prime len is 32[0m
[0;31mE (12007) wpa: Q_x: - hexdump(len=32):[0m
[0;31mE (12007) wpa: 43 98 8e d4 3a 86 10 47 98 1b 12 3b 36 00 88 56 [0m
[0;31mE (12017) wpa: 3b f6 df ea fd c4 12 da ef bd db 9e 4a 23 22 85 [0m
[0;31mE (12017) wpa: Q_y: - hexdump(len=32):[0m
[0;31mE (12027) wpa: 5f 71 46 72 57 48 be 8d 8d df 3a cc dd ac a3 48 [0m
[0;31mE (12027) wpa: 90 f1 66 65 a2 26 3d 89 75 3c 57 6e b5 2c 83 7e [0m
[0;31mE (12037) wpa: d:      - hexdump(len=32):[0m
[0;31mE (12047) wpa: 87 eb 56 58 9b c0 c3 be 09 fe 84 57 c2 89 cd d7 [0m
[0;31mE (12047) wpa: d1 b5 1e 1c 8e ee 05 2c de 98 29 75 8a a6 49 98 [0m
D (12207) wpa: DPP: ECDH shared secret (N.x) - hexdump(len=32):[0m
D (12207) wpa: 9a d4 0f 34 71 6a 6d c8 1d ea 73 be 5b 01 1e ee [0m
D (12207) wpa: f8 46 34 72 16 5a 0d 6d 4e 33 40 6d 3d cf 16 37 [0m
D (12217) wpa: DPP: PRK = HKDF-Extract(<>, IKM=N.x) - hexdump(len=32):[0m
D (12227) wpa: c3 ce b8 a7 0c 87 e2 4f 64 47 af 46 e8 c3 ad 76 [0m
D (12227) wpa: 78 17 7a 22 61 6e e5 d9 5a 29 bb eb 7f b5 d2 8d [0m
D (12237) wpa: DPP: k2 = HKDF-Expand(PRK, info, L) - hexdump(len=32):[0m
D (12247) wpa: f2 ef b2 61 0f b4 22 ac 26 0e 92 29 b8 60 1c a5 [0m
D (12247) wpa: fd e1 74 5c 5c 13 5a de fb 50 cf 39 7c ac 2e a2 [0m
D (12257) wpa: DPP: PRK = HKDF-Extract(<>, IKM) - hexdump(len=32):[0m
D (12257) wpa: 26 1a e4 af 98 d5 6a ba 37 25 8e 0b fe bc 41 be [0m
D (12267) wpa: fe 86 3f 7a 70 6a dd a1 d9 91 9b 3a bf 9e cf fe [0m
D (12277) wpa: DPP: ke = HKDF-Expand(PRK, info, L) - hexdump(len=32):[0m
D (12277) wpa: 64 f9 04 c6 17 6d 3c 05 19 20 21 dc 46 3b 91 e1 [0m
D (12287) wpa: ee fe 5b 7e e2 67 03 e5 0d 88 78 c6 d4 18 fe fe [0m
D (12287) wpa: DPP: R-auth hash components[0m
D (12297) wpa: DPP: hash component - hexdump(len=16):[0m
D (12297) wpa: dd f9 0b 35 3b f0 92 6b 05 86 f9 58 36 5b 17 10 [0m
D (12307) wpa: DPP: hash component - hexdump(len=16):[0m
D (12307) wpa: 03 5c b1 8b 04 2d 80 48 41 74 bb 62 3f 44 ba 63 [0m
D (12317) wpa: DPP: hash component - hexdump(len=32):[0m
D (12327) wpa: 88 6c a0 92 a7 f8 13 20 4f dd e1 bd bb 66 cf 5f [0m
D (12327) wpa: 63 6e d4 ad f4 bc 09 40 33 89 d5 ba 06 3c 9a e8 [0m
D (12337) wpa: DPP: hash component - hexdump(len=32):[0m
D (12337) wpa: 43 98 8e d4 3a 86 10 47 98 1b 12 3b 36 00 88 56 [0m
D (12347) wpa: 3b f6 df ea fd c4 12 da ef bd db 9e 4a 23 22 85 [0m
D (12347) wpa: DPP: hash component - hexdump(len=32):[0m
D (12357) wpa: 5c 79 72 34 ec 52 5e 35 2d 3e 17 41 ec 17 4e 8c [0m
D (12367) wpa: 5f b0 b9 83 68 8a 14 c7 c6 cd 85 cc 46 61 bf f3 [0m
D (12367) wpa: DPP: hash component - hexdump(len=1):[0m
D (12377) wpa: 00 [0m
D (12377) wpa: DPP: R-auth - hexdump(len=32):[0m
D (12377) wpa: 15 99 9a 5e bf 95 03 fd c2 e4 3c e8 ef d7 15 a0 [0m
D (12387) wpa: 54 96 da 7d a1 57 df 8c 1b 09 9e ea 6d 62 a0 70 [0m
D (12397) wpa: DPP: {R-auth}ke - hexdump(len=52):[0m
D (12397) wpa: 49 fb d6 2c d8 9e d7 50 2a 0d 1a c0 11 0a 06 3a [0m
D (12407) wpa: 45 29 f3 c8 3d ae 1e 78 57 fc a8 47 5d 10 77 4b [0m
D (12407) wpa: 55 d4 aa 7a 44 ce f5 6a 4c 89 8b e5 7e 44 a9 fb [0m
D (12417) wpa: d2 82 b6 0c [0m
D (12417) wpa: Setting auth resp retry to 0 0 [0m
D (12427) wpa: DPP: Status 0[0m
D (12427) wpa: DPP: R-Bootstrap Key Hash[0m
D (12427) wpa: DDP: AES-SIV AD[0] - hexdump(len=6):[0m
D (12437) wpa: 50 6f 9a 1a 01 01 [0m
D (12437) wpa: DDP: AES-SIV AD[1] - hexdump(len=109):[0m
D (12447) wpa: 00 10 01 00 00 02 10 20 00 81 c8 0d 4f d2 c9 c2 [0m
D (12447) wpa: 9a bc fa 9b ad 66 d5 c4 29 36 ea 41 49 13 9b 71 [0m
D (12457) wpa: 38 3a a9 60 94 df 19 9b f9 09 10 40 00 43 98 8e [0m
D (12457) wpa: d4 3a 86 10 47 98 1b 12 3b 36 00 88 56 3b f6 df [0m
D (12467) wpa: ea fd c4 12 da ef bd db 9e 4a 23 22 85 5f 71 46 [0m
D (12477) wpa: 72 57 48 be 8d 8d df 3a cc dd ac a3 48 90 f1 66 [0m
D (12477) wpa: 65 a2 26 3d 89 75 3c 57 6e b5 2c 83 7e [0m
D (12487) wpa: DPP: AES-SIV cleartext - hexdump(len=101):[0m
D (12487) wpa: 07 10 10 00 03 5c b1 8b 04 2d 80 48 41 74 bb 62 [0m
D (12497) wpa: 3f 44 ba 63 05 10 10 00 dd f9 0b 35 3b f0 92 6b [0m
D (12497) wpa: 05 86 f9 58 36 5b 17 10 08 10 01 00 01 04 10 34 [0m
D (12507) wpa: 00 49 fb d6 2c d8 9e d7 50 2a 0d 1a c0 11 0a 06 [0m
D (12517) wpa: 3a 45 29 f3 c8 3d ae 1e 78 57 fc a8 47 5d 10 77 [0m
D (12517) wpa: 4b 55 d4 aa 7a 44 ce f5 6a 4c 89 8b e5 7e 44 a9 [0m
D (12527) wpa: fb d2 82 b6 0c [0m
D (12527) wpa: DPP: AES-SIV ciphertext - hexdump(len=117):[0m
D (12537) wpa: ea 5e 13 18 56 6f 9f 7c bc de c9 71 e5 32 a5 5c [0m
D (12537) wpa: 8f dc 5e 27 42 38 d0 09 cb 89 84 81 59 ad c3 83 [0m
D (12547) wpa: cd 51 d4 d8 44 38 f0 5b 6c ff 6c 62 34 5c f7 d1 [0m
D (12547) wpa: 3c 78 83 10 8f 4f e0 a6 d6 6a fb ec a2 df 6a 9f [0m
D (12557) wpa: 40 5c 27 27 62 fa c5 09 d8 b9 25 90 3e 89 25 08 [0m
D (12567) wpa: 24 1f 51 d3 5e 11 79 1d ee 01 9a 32 5f f8 14 ce [0m
D (12567) wpa: 1d 8d 1f f8 d9 90 c6 f4 94 a7 15 19 58 1e 41 66 [0m
D (12577) wpa: 10 90 c2 a6 f1 [0m
D (12577) wpa: DPP: Authentication Response frame attributes - hexdump(len=238):[0m
D (12587) wpa: 04 09 50 6f 9a 1a 01 01 00 10 01 00 00 02 10 20 [0m
D (12597) wpa: 00 81 c8 0d 4f d2 c9 c2 9a bc fa 9b ad 66 d5 c4 [0m
D (12597) wpa: 29 36 ea 41 49 13 9b 71 38 3a a9 60 94 df 19 9b [0m
D (12607) wpa: f9 09 10 40 00 43 98 8e d4 3a 86 10 47 98 1b 12 [0m
D (12607) wpa: 3b 36 00 88 56 3b f6 df ea fd c4 12 da ef bd db [0m
D (12617) wpa: 9e 4a 23 22 85 5f 71 46 72 57 48 be 8d 8d df 3a [0m
D (12627) wpa: cc dd ac a3 48 90 f1 66 65 a2 26 3d 89 75 3c 57 [0m
D (12627) wpa: 6e b5 2c 83 7e 04 10 75 00 ea 5e 13 18 56 6f 9f [0m
D (12637) wpa: 7c bc de c9 71 e5 32 a5 5c 8f dc 5e 27 42 38 d0 [0m
D (12637) wpa: 09 cb 89 84 81 59 ad c3 83 cd 51 d4 d8 44 38 f0 [0m
D (12647) wpa: 5b 6c ff 6c 62 34 5c f7 d1 3c 78 83 10 8f 4f e0 [0m
D (12657) wpa: a6 d6 6a fb ec a2 df 6a 9f 40 5c 27 27 62 fa c5 [0m
D (12657) wpa: 09 d8 b9 25 90 3e 89 25 08 24 1f 51 d3 5e 11 79 [0m
D (12667) wpa: 1d ee 01 9a 32 5f f8 14 ce 1d 8d 1f f8 d9 90 c6 [0m
D (12667) wpa: f4 94 a7 15 19 58 1e 41 66 10 90 c2 a6 f1 [0m
D (12677) wpa: DPP: Mgmt Tx - MAC:66:a4:66:30:6c:2f, Channel-6, WaitT-600[0m
V (12687) esp_adapter: thread sem get: sem=0x3fcb28a0[0m
D (12687) wifi:Send frame on channel 6 to 66:a4:66:30:6c:2f

V (12697) wifi:change: chan<6,0>, dur<0,600>
V (12697) wifi:ht20 freq=2437, chan=6
V (12697) wifi:enter start op, arg=0x3fcb4338
D (12707) wifi:offchan_txop_start : 143
V (12707) wifi:start max timer
D (12787) wifi:tx_mgmt cb : 1636 status 2 
D (12787) wifi:tx data done, now:12812065
D (12797) wifi:woke up
D (12797) event: running post WIFI_EVENT:19 with handler 0x4200a710 and context 0x3fca7f98 on loop 0x3fca6d0c[0m
D (12797) event: running post WIFI_EVENT:19 with handler 0x4201563c and context 0x3fcb2560 on loop 0x3fca6d0c[0m
D (12807) wpa: Mgmt Tx Status - 1, Cookie - 0x42014ad0[0m
D (12817) wpa: DPP: Failed offchan tx[0m
D (12817) wpa: ELOOP: offchan_event_handler:605 called to remove timer handler=0x4201551c, removed count=0[0m
D (12827) wpa: retrying tx auth resp again [0m
D (12837) wpa: Here [0m
D (12837) wpa: Here auth resp reties are 1[0m
D (12837) wpa: DPP: Schedule retransmission of Authentication Response frame in 1 s[0m
D (12847) wpa: ELOOP: esp_dpp_auth_resp_retry:587 called to remove timer handler=0x42014f30, removed count=0[0m
D (12857) wpa: ELOOP: Added one timer from esp_dpp_auth_resp_retry:588 to call 0x42014f30, current order=0[0m
V (12867) esp_adapter: thread sem get: sem=0x3fcb28a0[0m
D (12877) wifi:ROC is already in progress. Cannot start new operation.
[0;31mE (12877) wpa: previous roc in progress : 0x301c[0m
D (13307) wifi:OFFCHAN-Tx: Ending op at 13.0, returning to Channel 1
V (13307) wifi:back home chan=<1,0>, current chan=<6,0>
V (13307) wifi:ht20 freq=2412, chan=1
D (13857) wpa: ELOOP: Running timer fn:0x42014f30 scheduled by esp_dpp_auth_resp_retry:588 [0m
D (13857) wpa: DPP: Retry Authentication Response after timeout[0m
D (13857) wpa: DPP: Mgmt Tx - MAC:66:a4:66:30:6c:2f, Channel-6, WaitT-600[0m
D (13867) wifi:Send frame on channel 6 to 66:a4:66:30:6c:2f

V (13877) wifi:change: chan<6,0>, dur<0,600>
V (13877) wifi:ht20 freq=2437, chan=6
V (13877) wifi:enter start op, arg=0x3fcb4338
D (13887) wifi:offchan_txop_start : 143
V (13887) wifi:start max timer
D (13977) wifi:tx_mgmt cb : 1636 status 2 
D (13977) wifi:tx data done, now:13992825
D (13977) wifi:woke up
D (13977) event: running post WIFI_EVENT:19 with handler 0x4200a710 and context 0x3fca7f98 on loop 0x3fca6d0c[0m
D (13977) event: running post WIFI_EVENT:19 with handler 0x4201563c and context 0x3fcb2560 on loop 0x3fca6d0c[0m
D (13987) wpa: Mgmt Tx Status - 1, Cookie - 0x42014ad0[0m
D (13997) wpa: DPP: Failed offchan tx[0m
D (13997) wpa: ELOOP: offchan_event_handler:605 called to remove timer handler=0x4201551c, removed count=0[0m
D (14007) wpa: retrying tx auth resp again [0m
D (14017) wpa: Here [0m
D (14017) wpa: Here auth resp reties are 2[0m
D (14017) wpa: DPP: Schedule retransmission of Authentication Response frame in 1 s[0m
D (14027) wpa: ELOOP: esp_dpp_auth_resp_retry:587 called to remove timer handler=0x42014f30, removed count=0[0m
D (14037) wpa: ELOOP: Added one timer from esp_dpp_auth_resp_retry:588 to call 0x42014f30, current order=0[0m
V (14047) esp_adapter: thread sem get: sem=0x3fcb28a0[0m
D (14057) wifi:ROC is already in progress. Cannot start new operation.
[0;31mE (14057) wpa: previous roc in progress : 0x301c[0m
D (14487) wifi:OFFCHAN-Tx: Ending op at 14.0, returning to Channel 1
V (14497) wifi:back home chan=<1,0>, current chan=<6,0>
V (14497) wifi:ht20 freq=2412, chan=1
D (15037) wpa: ELOOP: Running timer fn:0x42014f30 scheduled by esp_dpp_auth_resp_retry:588 [0m
D (15037) wpa: DPP: Retry Authentication Response after timeout[0m
D (15047) wpa: DPP: Mgmt Tx - MAC:66:a4:66:30:6c:2f, Channel-6, WaitT-600[0m
D (15047) wifi:Send frame on channel 6 to 66:a4:66:30:6c:2f

V (15057) wifi:change: chan<6,0>, dur<0,600>
V (15057) wifi:ht20 freq=2437, chan=6
V (15067) wifi:enter start op, arg=0x3fcb4338
D (15067) wifi:offchan_txop_start : 143
V (15067) wifi:start max timer
D (15157) wifi:tx_mgmt cb : 1636 status 2 
D (15157) wifi:tx data done, now:15172837
D (15157) wifi:woke up
D (15157) event: running post WIFI_EVENT:19 with handler 0x4200a710 and context 0x3fca7f98 on loop 0x3fca6d0c[0m
D (15157) event: running post WIFI_EVENT:19 with handler 0x4201563c and context 0x3fcb2560 on loop 0x3fca6d0c[0m
D (15167) wpa: Mgmt Tx Status - 1, Cookie - 0x42014ad0[0m
D (15177) wpa: DPP: Failed offchan tx[0m
D (15177) wpa: ELOOP: offchan_event_handler:605 called to remove timer handler=0x4201551c, removed count=0[0m
D (15187) wpa: retrying tx auth resp again [0m
D (15197) wpa: Here [0m
D (15197) wpa: Here auth resp reties are 3[0m
D (15197) wpa: DPP: Schedule retransmission of Authentication Response frame in 1 s[0m
D (15207) wpa: ELOOP: esp_dpp_auth_resp_retry:587 called to remove timer handler=0x42014f30, removed count=0[0m
D (15217) wpa: ELOOP: Added one timer from esp_dpp_auth_resp_retry:588 to call 0x42014f30, current order=0[0m
V (15227) esp_adapter: thread sem get: sem=0x3fcb28a0[0m
D (15237) wifi:ROC is already in progress. Cannot start new operation.
[0;31mE (15237) wpa: previous roc in progress : 0x301c[0m
D (15677) wifi:OFFCHAN-Tx: Ending op at 15.0, returning to Channel 1
V (15677) wifi:back home chan=<1,0>, current chan=<6,0>
V (15677) wifi:ht20 freq=2412, chan=1
D (16217) wpa: ELOOP: Running timer fn:0x42014f30 scheduled by esp_dpp_auth_resp_retry:588 [0m
D (16217) wpa: DPP: Retry Authentication Response after timeout[0m
D (16227) wpa: DPP: Mgmt Tx - MAC:66:a4:66:30:6c:2f, Channel-6, WaitT-600[0m
D (16227) wifi:Send frame on channel 6 to 66:a4:66:30:6c:2f

V (16237) wifi:change: chan<6,0>, dur<0,600>
V (16237) wifi:ht20 freq=2437, chan=6
V (16247) wifi:enter start op, arg=0x3fcb4338
D (16247) wifi:offchan_txop_start : 143
V (16247) wifi:start max timer
D (16337) wifi:tx_mgmt cb : 1636 status 2 
D (16337) wifi:tx data done, now:16353358
D (16337) wifi:woke up
D (16337) event: running post WIFI_EVENT:19 with handler 0x4200a710 and context 0x3fca7f98 on loop 0x3fca6d0c[0m
D (16337) event: running post WIFI_EVENT:19 with handler 0x4201563c and context 0x3fcb2560 on loop 0x3fca6d0c[0m
D (16347) wpa: Mgmt Tx Status - 1, Cookie - 0x42014ad0[0m
D (16357) wpa: DPP: Failed offchan tx[0m
D (16357) wpa: ELOOP: offchan_event_handler:605 called to remove timer handler=0x4201551c, removed count=0[0m
D (16367) wpa: retrying tx auth resp again [0m
D (16377) wpa: Here [0m
D (16377) wpa: Here auth resp reties are 4[0m
D (16377) wpa: DPP: Schedule retransmission of Authentication Response frame in 1 s[0m
D (16387) wpa: ELOOP: esp_dpp_auth_resp_retry:587 called to remove timer handler=0x42014f30, removed count=0[0m
D (16397) wpa: ELOOP: Added one timer from esp_dpp_auth_resp_retry:588 to call 0x42014f30, current order=0[0m
V (16407) esp_adapter: thread sem get: sem=0x3fcb28a0[0m
D (16417) wifi:ROC is already in progress. Cannot start new operation.
[0;31mE (16417) wpa: previous roc in progress : 0x301c[0m
D (16857) wifi:OFFCHAN-Tx: Ending op at 16.0, returning to Channel 1
V (16857) wifi:back home chan=<1,0>, current chan=<6,0>
V (16857) wifi:ht20 freq=2412, chan=1
D (17397) wpa: ELOOP: Running timer fn:0x42014f30 scheduled by esp_dpp_auth_resp_retry:588 [0m
D (17397) wpa: DPP: Retry Authentication Response after timeout[0m
D (17407) wpa: DPP: Mgmt Tx - MAC:66:a4:66:30:6c:2f, Channel-6, WaitT-600[0m
D (17407) wifi:Send frame on channel 6 to 66:a4:66:30:6c:2f

V (17417) wifi:change: chan<6,0>, dur<0,600>
V (17417) wifi:ht20 freq=2437, chan=6
V (17427) wifi:enter start op, arg=0x3fcb4338
D (17427) wifi:offchan_txop_start : 143
V (17427) wifi:start max timer
D (17507) wifi:tx_mgmt cb : 1636 status 2 
D (17517) wifi:tx data done, now:17532183
D (17517) wifi:woke up
D (17517) event: running post WIFI_EVENT:19 with handler 0x4200a710 and context 0x3fca7f98 on loop 0x3fca6d0c[0m
D (17517) event: running post WIFI_EVENT:19 with handler 0x4201563c and context 0x3fcb2560 on loop 0x3fca6d0c[0m
D (17527) wpa: Mgmt Tx Status - 1, Cookie - 0x42014ad0[0m
D (17537) wpa: DPP: Failed offchan tx[0m
D (17537) wpa: ELOOP: offchan_event_handler:605 called to remove timer handler=0x4201551c, removed count=0[0m
D (17547) wpa: retrying tx auth resp again [0m
D (17557) wpa: Here [0m
D (17557) wpa: Here auth resp reties are 5[0m
[0;32mI (17557) wpa: DPP: No confirm received from initiator - stopping exchange[0m
[0;32mI (17567) wifi dpp-enrollee: DPP Auth failed (Reason: ESP_ERR_DPP_TX_FAILURE), retry...[0m
V (17577) esp_adapter: thread sem get: sem=0x3fcb28a0[0m
D (17577) wifi:ROC is already in progress. Cannot start new operation.
[0;31mE (17587) wpa: previous roc in progress : 0x301c[0m
D (18037) wifi:OFFCHAN-Tx: Ending op at 17.0, returning to Channel 1
V (18037) wifi:back home chan=<1,0>, current chan=<6,0>
V (18037) wifi:ht20 freq=2412, chan=1
