Executing action: monitor
Serial port /dev/ttyUSB0
Connecting....
Detecting chip type... ESP32-S3
Running idf_monitor in directory /home/corfu/mpc/corfu/dpp_test_auth_retries
Executing "/home/corfu/.espressif/python_env/idf5.2_py3.10_env/bin/python /home/corfu/esp/esp-idf/tools/idf_monitor.py -p /dev/ttyUSB0 -b 115200 --toolchain-prefix xtensa-esp32-elf- --target esp32 --revision 0 /home/corfu/mpc/corfu/dpp_test_auth_retries/build/dpp-enrollee.elf -m '/home/corfu/.espressif/python_env/idf5.2_py3.10_env/bin/python' '/home/corfu/esp/esp-idf/tools/idf.py'"...
ESP-ROM:esp32s3-20210327
Build:Mar 27 2021
rst:0x1 (POWERON),boot:0x8 (SPI_FAST_FLASH_BOOT)
SPIWP:0xee
mode:DIO, clock div:1
load:0x3fce3810,len:0x178c
load:0x403c9700,len:0x4
load:0x403c9704,len:0xcbc
load:0x403cc700,len:0x2da0
entry 0x403c9914
[0;32mI (27) boot: ESP-IDF v5.2.1-1-g25b86f7c6a-dirty 2nd stage bootloader[0m
[0;32mI (32) boot: compile time Sep 13 2024 16:06:08[0m
[0;32mI (32) boot: Multicore bootloader[0m
[0;32mI (32) boot: chip revision: v0.2[0m
[0;32mI (35) boot.esp32s3: Boot SPI Speed : 80MHz[0m
[0;32mI (40) boot.esp32s3: SPI Mode       : DIO[0m
[0;32mI (45) boot.esp32s3: SPI Flash Size : 2MB[0m
[0;32mI (50) boot: Enabling RNG early entropy source...[0m
[0;32mI (55) boot: Partition Table:[0m
[0;32mI (59) boot: ## Label            Usage          Type ST Offset   Length[0m
[0;32mI (66) boot:  0 nvs              WiFi data        01 02 00009000 00006000[0m
[0;32mI (73) boot:  1 phy_init         RF data          01 01 0000f000 00001000[0m
[0;32mI (81) boot:  2 factory          factory app      00 00 00010000 00100000[0m
[0;32mI (88) boot: End of partition table[0m
[0;32mI (93) esp_image: segment 0: paddr=00010020 vaddr=3c0a0020 size=33ae0h (211680) map[0m
[0;32mI (139) esp_image: segment 1: paddr=00043b08 vaddr=3fc97f00 size=04830h ( 18480) load[0m
[0;32mI (143) esp_image: segment 2: paddr=00048340 vaddr=40374000 size=07cd8h ( 31960) load[0m
[0;32mI (152) esp_image: segment 3: paddr=00050020 vaddr=42000020 size=98cf0h (625904) map[0m
[0;32mI (265) esp_image: segment 4: paddr=000e8d18 vaddr=4037bcd8 size=0c1e4h ( 49636) load[0m
[0;32mI (285) boot: Loaded app from partition at offset 0x10000[0m
[0;32mI (285) boot: Disabling RNG early entropy source...[0m
[0;32mI (296) cpu_start: Multicore app[0m
V (297) mmap: after coalescing, 1 regions are left[0m
D (302) cpu_start: Pro cpu up[0m
D (302) cpu_start: Starting app cpu, entry point is 0x4037532c[0m
D (0) cpu_start: App cpu up[0m
V CACHE_ERR: illegal error intr clr & ena mask is: 0x3f
V CACHE_ERR: core D a3c4)ss error intr clr K  ena mask is: 0xef 
321536[0m
V CACHE_ERR: illegal error intr clr & ena mask is: 0x3f
V CACHE_ERR: core 0 access error intr clr & ena mask is: 0x1f
[0;32mI (331) cpu_start: Pro cpu start user code[0m
[0;32mI (334) cpu_start: cpu freq: 160000000 Hz[0m
[0;32mI (339) cpu_start: Application information:[0m
[0;32mI (344) cpu_start: Project name:     dpp-enrollee[0m
[0;32mI (349) cpu_start: App version:      v5.2.1-1-g25b86f7c6a-dirty[0m
[0;32mI (356) cpu_start: Compile time:     Sep 13 2024 16:06:24[0m
[0;32mI (362) cpu_start: ELF file SHA256:  178900882...[0m
[0;32mI (367) cpu_start: ESP-IDF:          v5.2.1-1-g25b86f7c6a-dirty[0m
[0;32mI (374) cpu_start: Min chip rev:     v0.0[0m
[0;32mI (378) cpu_start: Max chip rev:     v0.99 [0m
[0;32mI (383) cpu_start: Chip rev:         v0.2[0m
V (388) memory_layout: reserved range is 0x3c0d3ac0 - 0x3c0d3ae8[0m
D (394) memory_layout: Checking 6 reserved memory ranges:[0m
D (400) memory_layout: Reserved memory range 0x3fc84000 - 0x3fc97f00[0m
D (406) memory_layout: Reserved memory range 0x3fc97f00 - 0x3fca0388[0m
D (412) memory_layout: Reserved memory range 0x3fceee34 - 0x3fcf0000[0m
D (419) memory_layout: Reserved memory range 0x40374000 - 0x40387f00[0m
D (425) memory_layout: Reserved memory range 0x600fe000 - 0x600fe010[0m
D (432) memory_layout: Reserved memory range 0x600fffe8 - 0x60100000[0m
D (438) memory_layout: Building list of available memory regions:[0m
V (444) memory_layout: Examining memory region 0x3fc88000 - 0x3fc90000[0m
V (451) memory_layout: Region 0x3fc88000 - 0x3fc90000 inside of reserved 0x3fc84000 - 0x3fc97f00[0m
V (460) memory_layout: Examining memory region 0x3fc90000 - 0x3fca0000[0m
V (466) memory_layout: Start of region 0x3fc90000 - 0x3fca0000 overlaps reserved 0x3fc84000 - 0x3fc97f00[0m
V (476) memory_layout: Region 0x3fc97f00 - 0x3fca0000 inside of reserved 0x3fc97f00 - 0x3fca0388[0m
V (485) memory_layout: Examining memory region 0x3fca0000 - 0x3fcb0000[0m
V (491) memory_layout: Start of region 0x3fca0000 - 0x3fcb0000 overlaps reserved 0x3fc97f00 - 0x3fca0388[0m
D (501) memory_layout: Available memory region 0x3fca0388 - 0x3fcb0000[0m
V (507) memory_layout: Examining memory region 0x3fcb0000 - 0x3fcc0000[0m
D (514) memory_layout: Available memory region 0x3fcb0000 - 0x3fcc0000[0m
V (521) memory_layout: Examining memory region 0x3fcc0000 - 0x3fcd0000[0m
D (527) memory_layout: Available memory region 0x3fcc0000 - 0x3fcd0000[0m
V (534) memory_layout: Examining memory region 0x3fcd0000 - 0x3fce0000[0m
D (540) memory_layout: Available memory region 0x3fcd0000 - 0x3fce0000[0m
V (547) memory_layout: Examining memory region 0x3fce0000 - 0x3fce9710[0m
D (554) memory_layout: Available memory region 0x3fce0000 - 0x3fce9710[0m
V (560) memory_layout: Examining memory region 0x3fce9710 - 0x3fcf0000[0m
V (567) memory_layout: End of region 0x3fce9710 - 0x3fcf0000 overlaps reserved 0x3fceee34 - 0x3fcf0000[0m
D (576) memory_layout: Available memory region 0x3fce9710 - 0x3fceee34[0m
V (583) memory_layout: Examining memory region 0x3fcf0000 - 0x3fcf8000[0m
D (589) memory_layout: Available memory region 0x3fcf0000 - 0x3fcf8000[0m
V (596) memory_layout: Examining memory region 0x600fe000 - 0x60100000[0m
V (603) memory_layout: Start of region 0x600fe000 - 0x60100000 overlaps reserved 0x600fe000 - 0x600fe010[0m
V (612) memory_layout: End of region 0x600fe010 - 0x60100000 overlaps reserved 0x600fffe8 - 0x60100000[0m
D (621) memory_layout: Available memory region 0x600fe010 - 0x600fffe8[0m
[0;32mI (628) heap_init: Initializing. RAM available for dynamic allocation:[0m
D (635) heap_init: New heap initialised at 0x3fca0388[0m
[0;32mI (640) heap_init: At 3FCA0388 len 00049388 (292 KiB): RAM[0m
[0;32mI (647) heap_init: At 3FCE9710 len 00005724 (21 KiB): RAM[0m
D (653) heap_init: New heap initialised at 0x3fcf0000[0m
[0;32mI (658) heap_init: At 3FCF0000 len 00008000 (32 KiB): DRAM[0m
D (664) heap_init: New heap initialised at 0x600fe010[0m
[0;32mI (669) heap_init: At 600FE010 len 00001FD8 (7 KiB): RTCRAM[0m
V (675) intr_alloc: esp_intr_alloc_intrstatus (cpu 0): checking args[0m
V (682) intr_alloc: esp_intr_alloc_intrstatus (cpu 0): Args okay. Resulting flags 0x40E[0m
D (690) intr_alloc: Connected src 39 to int 2 (cpu 0)[0m
V (696) memspi: raw_chip_id: 1740C8
[0m
V (699) memspi: chip_id: C84017
[0m
V (702) memspi: raw_chip_id: 1740C8
[0m
V (706) memspi: chip_id: C84017
[0m
D (709) spi_flash: trying chip: issi[0m
D (713) spi_flash: trying chip: gd[0m
[0;32mI (716) spi_flash: detected chip: gd[0m
[0;32mI (721) spi_flash: flash io: dio[0m
[0;33mW (724) spi_flash: Detected size(8192k) larger than the size in the binary image header(2048k). Using the size in the binary image header.[0m
D (738) cpu_start: calling init function: 0x42074cfc[0m
D (743) cpu_start: calling init function: 0x420747ac[0m
D (748) cpu_start: calling init function: 0x4202ca94[0m
D (753) cpu_start: calling init function: 0x4200e438[0m
D (758) cpu_start: calling init function: 0x4037ba1c[0m
D (763) cpu_start: calling init function: 0x42002f0c[0m
D (768) cpu_start: calling init function: 0x42008640 on core: 0[0m
V (774) intr_alloc: esp_intr_alloc_intrstatus (cpu 0): checking args[0m
V (780) intr_alloc: esp_intr_alloc_intrstatus (cpu 0): Args okay. Resulting flags 0xC02[0m
D (788) intr_alloc: Connected src 59 to int 3 (cpu 0)[0m
D (793) cpu_start: calling init function: 0x42005f68 on core: 0[0m
[0;32mI (800) sleep: Configure to isolate all GPIO pins in sleep state[0m
[0;32mI (806) sleep: Enable automatic switching of GPIO sleep configuration[0m
D (813) cpu_start: calling init function: 0x420042a4 on core: 0[0m
V (820) intr_alloc: esp_intr_alloc_intrstatus (cpu 0): checking args[0m
V (826) intr_alloc: esp_intr_alloc_intrstatus (cpu 0): Args okay. Resulting flags 0x40E[0m
D (834) intr_alloc: Connected src 79 to int 9 (cpu 0)[0m
D (839) app_start: Starting scheduler on CPU0[0m
V (843) intr_alloc: esp_intr_alloc_intrstatus (cpu 0): checking args[0m
V (843) intr_alloc: esp_intr_alloc_intrstatus (cpu 0): Args okay. Resulting flags 0x402[0m
D (843) intr_alloc: Connected src 57 to int 12 (cpu 0)[0m
V (843) intr_alloc: esp_intr_alloc_intrstatus (cpu 1): checking args[0m
V (853) intr_alloc: esp_intr_alloc_intrstatus (cpu 1): Args okay. Resulting flags 0x40E[0m
D (853) intr_alloc: Connected src 80 to int 2 (cpu 1)[0m
D (863) app_start: Starting scheduler on CPU1[0m
V (863) intr_alloc: esp_intr_alloc_intrstatus (cpu 1): checking args[0m
V (873) intr_alloc: esp_intr_alloc_intrstatus (cpu 1): Args okay. Resulting flags 0x402[0m
D (883) intr_alloc: Connected src 58 to int 3 (cpu 1)[0m
[0;32mI (843) main_task: Started on CPU0[0m
D (893) heap_init: New heap initialised at 0x3fce9710[0m
V (893) intr_alloc: esp_intr_alloc_intrstatus (cpu 0): checking args[0m
V (903) intr_alloc: esp_intr_alloc_intrstatus (cpu 0): Args okay. Resulting flags 0xE[0m
D (913) intr_alloc: Connected src 52 to int 13 (cpu 0)[0m
[0;32mI (913) main_task: Calling app_main()[0m
V (923) partition: Loading the partition table[0m
V (923) mmap: actual_mapped_len is 0x10000[0m
V (933) calculated md5: 0x3fca3f38   f4 ad 4f 45 38 56 4b 5d  74 35 b6 2c 75 b6 95 24  |..OE8VK]t5.,u..$|[0m
V (943) stored md5: 0x3c0e8070   f4 ad 4f 45 38 56 4b 5d  74 35 b6 2c 75 b6 95 24  |..OE8VK]t5.,u..$|[0m
V (943) partition: Partition table MD5 verified[0m
D (973) esp_netif_lwip: LwIP stack has been initialized[0m
D (973) esp_netif_lwip: esp-netif has been successfully initialized[0m
D (973) event: running task for loop 0x3fca6d0c[0m
D (983) event: created task for loop 0x3fca6d0c[0m
D (983) event: created event loop 0x3fca6d0c[0m
D (993) esp_netif_lwip: check: remote, if=0x3fca3f70 fn=0x42013448[0m
V (993) esp_netif_objects: esp_netif_add_to_list_unsafe 0x3fca7c34[0m
D (1003) esp_netif_objects: esp_netif_add_to_list_unsafe netif added successfully (total netifs: 1)[0m
D (1013) esp_netif_lwip: call api in lwip: ret=0x0, give sem[0m
pp rom version: e7ae62f
net80211 rom version: e7ae62f
D (1023) nvs: nvs_open_from_partition misc 1[0m
I (1033) wifi:wifi driver task: 3fcaa654, prio:23, stack:6656, core=0
V (1033) esp_adapter: thread sem create: sem=0x3fcaa7ac[0m
V (1033) esp_adapter: thread sem get: sem=0x3fcaa7ac[0m
D (1043) efuse: In EFUSE_BLK1__DATA1_REG is used 8 bits starting with 8 bit[0m
D (1053) efuse: In EFUSE_BLK1__DATA1_REG is used 8 bits starting with 0 bit[0m
D (1053) efuse: In EFUSE_BLK1__DATA0_REG is used 8 bits starting with 24 bit[0m
D (1063) efuse: In EFUSE_BLK1__DATA0_REG is used 8 bits starting with 16 bit[0m
D (1073) efuse: In EFUSE_BLK1__DATA0_REG is used 8 bits starting with 8 bit[0m
D (1073) efuse: In EFUSE_BLK1__DATA0_REG is used 8 bits starting with 0 bit[0m
D (1083) nvs: nvs_open_from_partition nvs.net80211 1[0m
D (1093) nvs: nvs_get opmode 1[0m
D (1093) nvs: nvs_get_str_or_blob sta.ssid[0m
D (1103) nvs: nvs_get sta.authmode 1[0m
D (1103) nvs: nvs_get_str_or_blob sta.pswd[0m
D (1103) nvs: nvs_get_str_or_blob sta.pmk[0m
D (1113) nvs: nvs_get sta.chan 1[0m
D (1113) nvs: nvs_get auto.conn 1[0m
D (1113) nvs: nvs_get bssid.set 1[0m
D (1123) nvs: nvs_get_str_or_blob sta.bssid[0m
D (1123) nvs: nvs_get sta.lis_intval 2[0m
D (1123) nvs: nvs_get sta.phym 1[0m
D (1133) nvs: nvs_get sta.phybw 1[0m
D (1133) nvs: nvs_get_str_or_blob sta.apsw[0m
D (1143) nvs: nvs_get_str_or_blob sta.apinfo[0m
D (1143) nvs: nvs_get sta.scan_method 1[0m
D (1143) nvs: nvs_get sta.sort_method 1[0m
D (1153) nvs: nvs_get sta.minrssi 1[0m
D (1153) nvs: nvs_get sta.minauth 1[0m
D (1153) nvs: nvs_get sta.pmf_e 1[0m
D (1163) nvs: nvs_get sta.pmf_r 1[0m
D (1163) nvs: nvs_get sta.btm_e 1[0m
D (1163) nvs: nvs_get sta.rrm_e 1[0m
D (1173) nvs: nvs_get sta.mbo_e 1[0m
D (1173) nvs: nvs_get_str_or_blob ap.ssid[0m
D (1183) nvs: nvs_get_str_or_blob ap.passwd[0m
D (1183) nvs: nvs_get_str_or_blob ap.pmk[0m
D (1183) nvs: nvs_get ap.chan 1[0m
D (1193) nvs: nvs_get ap.authmode 1[0m
D (1193) nvs: nvs_get ap.hidden 1[0m
D (1193) nvs: nvs_get ap.max.conn 1[0m
D (1203) nvs: nvs_get bcn.interval 2[0m
D (1203) nvs: nvs_get ap.phym 1[0m
D (1203) nvs: nvs_get ap.phybw 1[0m
D (1213) nvs: nvs_get ap.sndchan 1[0m
D (1213) nvs: nvs_get ap.pmf_e 1[0m
D (1213) nvs: nvs_get ap.pmf_r 1[0m
D (1223) nvs: nvs_get ap.p_cipher 1[0m
D (1223) nvs: nvs_get lorate 1[0m
D (1223) nvs: nvs_get_str_or_blob country[0m
D (1233) nvs: nvs_get ap.ftm_r 1[0m
D (1233) nvs: nvs_get sta.ft 1[0m
D (1233) nvs: nvs_get sta.owe 1[0m
D (1243) nvs: nvs_get sta.trans_d 1[0m
D (1243) nvs: nvs_get sta.sae_h2e 1[0m
D (1253) nvs: nvs_get sta.sae_pk_mode 1[0m
D (1253) nvs: nvs_get sta.bss_retry 1[0m
D (1253) nvs: nvs_get_str_or_blob sta.owe_data[0m
D (1263) nvs: nvs_get sta.he_dcm 1[0m
D (1263) nvs: nvs_get sta.he_dcm_c_tx 1[0m
D (1263) nvs: nvs_get sta.he_dcm_c_rx 1[0m
D (1273) nvs: nvs_get sta.he_mcs9_d 1[0m
D (1273) nvs: nvs_get sta.he_su_b_d 1[0m
D (1283) nvs: nvs_get sta.he_su_b_f_d 1[0m
D (1283) nvs: nvs_get sta.he_mu_b_f_d 1[0m
D (1283) nvs: nvs_get sta.he_cqi_f_d 1[0m
D (1293) nvs: nvs_get_str_or_blob sta.sae_h2e_id[0m
D (1293) nvs: nvs_get ap.sae_h2e 1[0m
D (1303) nvs: nvs_get_str_or_blob ap.pmk_info[0m
D (1303) nvs: nvs_get nan.phym 1[0m
D (1303) nvs: nvs_set ap.sndchan 1 1[0m
I (1313) wifi:wifi firmware version: a9f5b59-dirty
I (1313) wifi:wifi certification version: v7.0
I (1323) wifi:config NVS flash: enabled
I (1323) wifi:config nano formating: disabled
I (1323) wifi:Init data frame dynamic rx buffer num: 32
I (1333) wifi:Init static rx mgmt buffer num: 5
I (1333) wifi:Init management short buffer num: 32
I (1343) wifi:Init dynamic tx buffer num: 32
I (1343) wifi:Init static tx FG buffer num: 2
I (1353) wifi:Init static rx buffer size: 1600
I (1353) wifi:Init static rx buffer num: 10
I (1353) wifi:Init dynamic rx buffer num: 32
V (1363) wifi:hint=255, act_dur=<0,120>, pas_dur=360, nchans=14 history_num=0
V (1363) esp_adapter: thread sem get: sem=0x3fcaa7ac[0m
[0;32mI (1373) wifi_init: rx ba win: 6[0m
[0;32mI (1373) wifi_init: tcpip mbox: 32[0m
[0;32mI (1383) wifi_init: udp mbox: 6[0m
[0;32mI (1383) wifi_init: tcp mbox: 6[0m
[0;32mI (1383) wifi_init: tcp tx win: 5760[0m
[0;32mI (1393) wifi_init: tcp rx win: 5760[0m
[0;32mI (1393) wifi_init: tcp mss: 1440[0m
[0;32mI (1403) wifi_init: WiFi IRAM OP enabled[0m
[0;32mI (1403) wifi_init: WiFi RX IRAM OP enabled[0m
V (1413) esp_adapter: thread sem get: sem=0x3fcaa7ac[0m
D (1413) nvs: nvs_get opmode 1[0m
[0;32mI (1423) wpa: esp_dpp_task prio:2, stack:6656[0m
D (1423) wpa: private key - hexdump(len=0):[0m
D (1423) wpa:  [NULL][0m
D (1483) wpa: DPP: Generating a keypair[0m
[0;31mE (1483) wpa: curve: secp256r1[0m
[0;31mE (1483) wpa: prime len is 32[0m
[0;31mE (1483) wpa: Q_x: - hexdump(len=32):[0m
[0;31mE (1493) wpa: 73 84 a3 56 46 b5 e7 2d 00 b3 43 00 8e 0f ff 4a [0m
[0;31mE (1493) wpa: a9 c3 83 8c ea de a2 9e 7e fa 54 e5 ed db 90 ab [0m
[0;31mE (1503) wpa: Q_y: - hexdump(len=32):[0m
[0;31mE (1503) wpa: 81 fd ed a3 ee 2b f7 12 92 8c 6d ae 8a 06 37 fb [0m
[0;31mE (1513) wpa: ef 30 75 64 f1 0e f8 82 4b 6c 7d b9 22 5a 5b 1c [0m
[0;31mE (1523) wpa: d:      - hexdump(len=32):[0m
[0;31mE (1523) wpa: da f4 2a 82 d2 93 fd 8c 3b a4 fb 04 6b 46 68 9b [0m
[0;31mE (1533) wpa: 33 8c 38 14 cc e3 a7 d6 98 56 83 2c f6 48 13 22 [0m
D (1533) wpa: DPP: Compressed public key (DER) - hexdump(len=59):[0m
D (1543) wpa: 30 39 30 13 06 07 2a 86 48 ce 3d 02 01 06 08 2a [0m
D (1543) wpa: 86 48 ce 3d 03 01 07 03 22 00 02 73 84 a3 56 46 [0m
D (1553) wpa: b5 e7 2d 00 b3 43 00 8e 0f ff 4a a9 c3 83 8c ea [0m
D (1563) wpa: de a2 9e 7e fa 54 e5 ed db 90 ab [0m
D (1563) gdma: new group (0) at 0x3fcb2f74[0m
D (1573) gdma: new pair (0,0) at 0x3fcb2dd0[0m
D (1573) gdma: new tx channel (0,0) at 0x3fcb2c80[0m
D (1573) gdma: new rx channel (0,0) at 0x3fcb2ffc[0m
D (1583) gdma: tx channel (0,0), (1:16) bytes aligned, burst enabled[0m
D (1593) gdma: rx channel (0,0), (1:16) bytes aligned, burst disabled[0m
D (1593) wpa: DPP: Public key hash - hexdump(len=32):[0m
D (1603) wpa: 74 ee a3 92 ca ee dc f6 2c cd 65 b2 b3 77 71 e1 [0m
D (1603) wpa: 35 50 85 c1 56 3b 97 ce d2 cc ef 2c 0c aa ae 8b [0m
D (1613) wpa: DPP: URI mac: 84:fc:e6:7b:73:b8[0m
[0;32mI (1613) wifi dpp-enrollee: Scan below QR Code to configure the enrollee:[0m
[0;32mI (1623) QRCODE: Encoding below text with ECC LVL 0 & QR Code Version 10[0m
[0;32mI (1633) QRCODE: DPP:C:81/6;M:84:fc:e6:7b:73:b8;K:MDkwEwYHKoZIzj0CAQYIKoZIzj0DAQcDIgACc4SjVka15y0As0MAjg//SqnDg4zq3qKefvpU5e3bkKs=;;[0m
                                              
  █▀▀▀▀▀█ █▀▄   ▀▀▀█▀█▄ █▀  █▀▀█▄▄▀ █▀▀▀▀▀█   
  █ ███ █ █ ▀ ▀▀▄ ▀▄▄  ▀ ██▄▄ ▀▀▄▀  █ ███ █   
  █ ▀▀▀ █ ▄ █▄█ █ ▄▄██▀▄▄▀▀▀▄▀▀██▄  █ ▀▀▀ █   
  ▀▀▀▀▀▀▀ ▀▄█ ▀ ▀▄█▄█▄▀▄▀▄█ ▀▄▀▄▀ ▀ ▀▀▀▀▀▀▀   
  ▀▀▄ ▀▀▀▄▄▄▄▀▄▄▀▄█ ▄ ▄ █ ▀▄▀▄▀▀▄▀▀▄▄▀▄████   
  ▄ █ ▀█▀▄  ▀▄█ ▄█▄█▄▄ █ ▀█ ▄▀▄▄█▄▄ █▀▀  ▀▀   
  ▀█  ██▀█▄█  ▀█▀▀▄ ▀ ▄█▄   ▀▄▀▀██▀█▄▀▄ ▄▄    
  ▀ ▄▄█▄▀▄▀ ▄ ▄   ▀█▄▄▀█▀█   ▀ ██ █▀ ▄ ▄ ▄█   
   ▀ ▄▀█▀    █▀▀▄▀▄▄  ▀ ▀▄ ▄▀▄▀█▀ ▀▀ ▀▄▄▀ ▄   
  █ █   ▀▀▄█ █▀█▀▀█ ▀▄ ▄▀▀▀▀▄▀ ▄█▄ ▀▄ █▄▀ ▀   
  ▄ ▄ ▀▀▀▄ █▄▀▄█▄▀▀ ▄ ▄█▀█   ▄▄▀█▄▀▄▄▀▄██▄    
   ▄▀█  ▀█▄▀▀█▀ ▀█▄█▄ ███▀▄▀▄█▀▄▀   ▄▄ █▀▄█   
  ███▄██▀██▄  ▀█▄ █     ▀▄▀█▄▄▀█▀▀▄▄▄ ▄█▄▀    
   ▄▄ █▄▀ █▀██▄ ▄▀ █▄ ▀▄██▄ ▄▀█▄█ ▄██▄ ▀▀ █   
  ▄▀ █ █▀▄▄▄▄ ▀█▀▀▄▄▀ ▄█▀▄ ▀▄▀▄▄ ▀▄▀ ▄▄▄      
    ▄▄▀▀▀▄ ▄█ ▄ ▄ ▀█▄▄▀▄▀▀▄▀▄▀▀▄ ▄▀█ ▄█▄▀ ▀   
  ▀▀    ▀▀██▄▀▀▀ █▄▄▄█▀█▀ ▀ ▀█▀▀▀▀█▀▀▀█▄▀     
  █▀▀▀▀▀█ ▄█▀▀▀█▀▀▄ ▀▄ ▄▀██▀▄▀█▄▄▀█ ▀ █ ▀ ▀   
  █ ███ █ ▀██ ▄█▄▀▀▄▄  ▄▀█▀ ▄▄▄▀ ██▀▀█▀ ▄█▄   
  █ ▀▀▀ █ ▄█▄█▀ ▄█▄█▄▄▀▄ ██▀ █▄▄█▄█▄▄█ ▄▀▄█   
  ▀▀▀▀▀▀▀ ▀▀  ▀         ▀ ▀▀   ▀  ▀▀   ▀ ▀    
                                              

V (1943) esp_adapter: thread sem get: sem=0x3fcaa7ac[0m
[0;32mI (1943) phy_init: phy_version 640,cd64a1a,Jan 24 2024,17:28:12[0m
D (1953) phy_init: loading PHY init data from application binary[0m
D (1963) nvs: nvs_open_from_partition phy 0[0m
D (1963) nvs: nvs_get cal_version 4[0m
V (1963) phy_init: phy_get_rf_cal_version: 640[0m
D (1973) nvs: nvs_get_str_or_blob cal_mac[0m
D (1973) efuse: In EFUSE_BLK1__DATA1_REG is used 8 bits starting with 8 bit[0m
D (1983) efuse: In EFUSE_BLK1__DATA1_REG is used 8 bits starting with 0 bit[0m
D (1993) efuse: In EFUSE_BLK1__DATA0_REG is used 8 bits starting with 24 bit[0m
D (1993) efuse: In EFUSE_BLK1__DATA0_REG is used 8 bits starting with 16 bit[0m
D (2003) efuse: In EFUSE_BLK1__DATA0_REG is used 8 bits starting with 8 bit[0m
D (2013) efuse: In EFUSE_BLK1__DATA0_REG is used 8 bits starting with 0 bit[0m
D (2023) nvs: nvs_get_str_or_blob cal_data[0m
D (2033) nvs: nvs_close 3[0m
D (2033) efuse: In EFUSE_BLK1__DATA1_REG is used 8 bits starting with 8 bit[0m
D (2033) efuse: In EFUSE_BLK1__DATA1_REG is used 8 bits starting with 0 bit[0m
D (2043) efuse: In EFUSE_BLK1__DATA0_REG is used 8 bits starting with 24 bit[0m
D (2043) efuse: In EFUSE_BLK1__DATA0_REG is used 8 bits starting with 16 bit[0m
D (2053) efuse: In EFUSE_BLK1__DATA0_REG is used 8 bits starting with 8 bit[0m
D (2063) efuse: In EFUSE_BLK1__DATA0_REG is used 8 bits starting with 0 bit[0m
D (2083) temperature_sensor: range changed, change to index 2[0m
V (2093) wifi:ht20 freq=2412, chan=1
D (2103) wifi:filter: set rx policy=0
I (2103) wifi:mode : sta (84:fc:e6:7b:73:b8)
I (2103) wifi:enable tsf
D (2103) wifi:filter: set rx policy=1
D (2103) wifi:connect status 0 -> 0
D (2103) event: running post WIFI_EVENT:40 with handler 0x4200a710 and context 0x3fca7f98 on loop 0x3fca6d0c[0m
D (2113) event: running post WIFI_EVENT:2 with handler 0x4202cce4 and context 0x3fca7e30 on loop 0x3fca6d0c[0m
D (2123) wifi_init_default: wifi_start esp-netif:0x3fca7c34 event-id2[0m
D (2133) wifi_init_default: WIFI mac address: 84 fc e6 7b 73 b8[0m
V (2143) esp_adapter: thread sem create: sem=0x3fcb27f0[0m
V (2143) esp_adapter: thread sem get: sem=0x3fcb27f0[0m
D (2153) esp_netif_lwip: check: remote, if=0x3fca7c34 fn=0x42012e34[0m
D (2153) esp_netif_lwip: call api in lwip: ret=0x0, give sem[0m
D (2163) esp_netif_handlers: esp_netif action has started with netif0x3fca7c34 from event_id=2[0m
D (2173) esp_netif_lwip: check: remote, if=0x3fca7c34 fn=0x42013700[0m
D (2173) esp_netif_lwip: esp_netif_start_api 0x3fca7c34[0m
D (2183) esp_netif_lwip: esp_netif_get_hostname esp_netif:0x3fca7c34[0m
D (2183) esp_netif_lwip: check: local, if=0x3fca7c34 fn=0x42013ea4[0m
D (2193) esp_netif_lwip: esp_netif_update_default_netif_lwip 0x3fca7c34[0m
V (2203) esp_netif_lwip: esp_netif_is_netif_up esp_netif:0x3fca7c34[0m
D (2203) esp_netif_lwip: call api in lwip: ret=0x0, give sem[0m
D (2213) event: running post WIFI_EVENT:2 with handler 0x4200a710 and context 0x3fca7f98 on loop 0x3fca6d0c[0m
[0;32mI (2223) wifi dpp-enrollee: Started listening for DPP Authentication[0m
V (2223) esp_adapter: thread sem create: sem=0x3fcb28a0[0m
V (2233) esp_adapter: thread sem get: sem=0x3fcb28a0[0m
D (2243) wifi:Listen on channel 6 for 500 mSec
V (2243) wifi:change: chan<6,0>, dur<0,500>
V (2243) wifi:ht20 freq=2437, chan=6
V (2253) wifi:enter start op, arg=0x42014ad0
V (2253) wifi:start max timer
D (2753) wifi:ROC: Ending operation at 2.0, returning to Channel 1
V (2763) wifi:back home chan=<1,0>, current chan=<6,0>
V (2763) wifi:ht20 freq=2412, chan=1
D (2763) event: running post WIFI_EVENT:20 with handler 0x4200a710 and context 0x3fca7f98 on loop 0x3fca6d0c[0m
D (2773) event: running post WIFI_EVENT:20 with handler 0x4201563c and context 0x3fcb2590 on loop 0x3fca6d0c[0m
V (2783) esp_adapter: thread sem get: sem=0x3fcb28a0[0m
D (2783) wifi:Listen on channel 6 for 500 mSec
V (2793) wifi:change: chan<6,0>, dur<0,500>
V (2793) wifi:ht20 freq=2437, chan=6
V (2793) wifi:enter start op, arg=0x42014ad0
V (2803) wifi:start max timer
D (3303) wifi:ROC: Ending operation at 3.0, returning to Channel 1
V (3303) wifi:back home chan=<1,0>, current chan=<6,0>
V (3303) wifi:ht20 freq=2412, chan=1
D (3303) event: running post WIFI_EVENT:20 with handler 0x4200a710 and context 0x3fca7f98 on loop 0x3fca6d0c[0m
D (3313) event: running post WIFI_EVENT:20 with handler 0x4201563c and context 0x3fcb2590 on loop 0x3fca6d0c[0m
V (3323) esp_adapter: thread sem get: sem=0x3fcb28a0[0m
D (3333) wifi:Listen on channel 6 for 500 mSec
V (3333) wifi:change: chan<6,0>, dur<0,500>
V (3343) wifi:ht20 freq=2437, chan=6
V (3343) wifi:enter start op, arg=0x42014ad0
V (3343) wifi:start max timer
D (3853) wifi:ROC: Ending operation at 3.0, returning to Channel 1
V (3853) wifi:back home chan=<1,0>, current chan=<6,0>
V (3853) wifi:ht20 freq=2412, chan=1
D (3853) event: running post WIFI_EVENT:20 with handler 0x4200a710 and context 0x3fca7f98 on loop 0x3fca6d0c[0m
D (3863) event: running post WIFI_EVENT:20 with handler 0x4201563c and context 0x3fcb2590 on loop 0x3fca6d0c[0m
V (3873) esp_adapter: thread sem get: sem=0x3fcb28a0[0m
D (3883) wifi:Listen on channel 6 for 500 mSec
V (3883) wifi:change: chan<6,0>, dur<0,500>
V (3883) wifi:ht20 freq=2437, chan=6
V (3893) wifi:enter start op, arg=0x42014ad0
V (3893) wifi:start max timer
D (4393) wifi:ROC: Ending operation at 4.0, returning to Channel 1
V (4393) wifi:back home chan=<1,0>, current chan=<6,0>
V (4393) wifi:ht20 freq=2412, chan=1
D (4403) event: running post WIFI_EVENT:20 with handler 0x4200a710 and context 0x3fca7f98 on loop 0x3fca6d0c[0m
D (4413) event: running post WIFI_EVENT:20 with handler 0x4201563c and context 0x3fcb2590 on loop 0x3fca6d0c[0m
V (4423) esp_adapter: thread sem get: sem=0x3fcb28a0[0m
D (4423) wifi:Listen on channel 6 for 500 mSec
V (4433) wifi:change: chan<6,0>, dur<0,500>
V (4433) wifi:ht20 freq=2437, chan=6
V (4433) wifi:enter start op, arg=0x42014ad0
V (4443) wifi:start max timer
D (4943) wifi:ROC: Ending operation at 4.0, returning to Channel 1
V (4943) wifi:back home chan=<1,0>, current chan=<6,0>
V (4943) wifi:ht20 freq=2412, chan=1
D (4943) event: running post WIFI_EVENT:20 with handler 0x4200a710 and context 0x3fca7f98 on loop 0x3fca6d0c[0m
D (4953) event: running post WIFI_EVENT:20 with handler 0x4201563c and context 0x3fcb2590 on loop 0x3fca6d0c[0m
V (4963) esp_adapter: thread sem get: sem=0x3fcb28a0[0m
D (4973) wifi:Listen on channel 6 for 500 mSec
V (4973) wifi:change: chan<6,0>, dur<0,500>
V (4983) wifi:ht20 freq=2437, chan=6
V (4983) wifi:enter start op, arg=0x42014ad0
V (4983) wifi:start max timer
D (5493) wifi:ROC: Ending operation at 5.0, returning to Channel 1
V (5493) wifi:back home chan=<1,0>, current chan=<6,0>
V (5493) wifi:ht20 freq=2412, chan=1
D (5493) event: running post WIFI_EVENT:20 with handler 0x4200a710 and context 0x3fca7f98 on loop 0x3fca6d0c[0m
D (5503) event: running post WIFI_EVENT:20 with handler 0x4201563c and context 0x3fcb2590 on loop 0x3fca6d0c[0m
V (5513) esp_adapter: thread sem get: sem=0x3fcb28a0[0m
D (5513) wifi:Listen on channel 6 for 500 mSec
V (5523) wifi:change: chan<6,0>, dur<0,500>
V (5523) wifi:ht20 freq=2437, chan=6
V (5533) wifi:enter start op, arg=0x42014ad0
V (5533) wifi:start max timer
D (6033) wifi:ROC: Ending operation at 5.0, returning to Channel 1
V (6033) wifi:back home chan=<1,0>, current chan=<6,0>
V (6033) wifi:ht20 freq=2412, chan=1
D (6043) event: running post WIFI_EVENT:20 with handler 0x4200a710 and context 0x3fca7f98 on loop 0x3fca6d0c[0m
D (6053) event: running post WIFI_EVENT:20 with handler 0x4201563c and context 0x3fcb2590 on loop 0x3fca6d0c[0m
V (6063) esp_adapter: thread sem get: sem=0x3fcb28a0[0m
D (6063) wifi:Listen on channel 6 for 500 mSec
V (6063) wifi:change: chan<6,0>, dur<0,500>
V (6073) wifi:ht20 freq=2437, chan=6
V (6073) wifi:enter start op, arg=0x42014ad0
V (6083) wifi:start max timer
D (6583) wifi:ROC: Ending operation at 6.0, returning to Channel 1
V (6583) wifi:back home chan=<1,0>, current chan=<6,0>
V (6583) wifi:ht20 freq=2412, chan=1
D (6583) event: running post WIFI_EVENT:20 with handler 0x4200a710 and context 0x3fca7f98 on loop 0x3fca6d0c[0m
D (6593) event: running post WIFI_EVENT:20 with handler 0x4201563c and context 0x3fcb2590 on loop 0x3fca6d0c[0m
V (6603) esp_adapter: thread sem get: sem=0x3fcb28a0[0m
D (6613) wifi:Listen on channel 6 for 500 mSec
V (6613) wifi:change: chan<6,0>, dur<0,500>
V (6613) wifi:ht20 freq=2437, chan=6
V (6623) wifi:enter start op, arg=0x42014ad0
V (6623) wifi:start max timer
D (7123) wifi:ROC: Ending operation at 6.0, returning to Channel 1
V (7123) wifi:back home chan=<1,0>, current chan=<6,0>
V (7133) wifi:ht20 freq=2412, chan=1
D (7133) event: running post WIFI_EVENT:20 with handler 0x4200a710 and context 0x3fca7f98 on loop 0x3fca6d0c[0m
D (7143) event: running post WIFI_EVENT:20 with handler 0x4201563c and context 0x3fcb2590 on loop 0x3fca6d0c[0m
V (7153) esp_adapter: thread sem get: sem=0x3fcb28a0[0m
D (7153) wifi:Listen on channel 6 for 500 mSec
V (7163) wifi:change: chan<6,0>, dur<0,500>
V (7163) wifi:ht20 freq=2437, chan=6
V (7163) wifi:enter start op, arg=0x42014ad0
V (7173) wifi:start max timer
D (7673) wifi:ROC: Ending operation at 7.0, returning to Channel 1
V (7673) wifi:back home chan=<1,0>, current chan=<6,0>
V (7673) wifi:ht20 freq=2412, chan=1
D (7673) event: running post WIFI_EVENT:20 with handler 0x4200a710 and context 0x3fca7f98 on loop 0x3fca6d0c[0m
D (7683) event: running post WIFI_EVENT:20 with handler 0x4201563c and context 0x3fcb2590 on loop 0x3fca6d0c[0m
V (7693) esp_adapter: thread sem get: sem=0x3fcb28a0[0m
D (7703) wifi:Listen on channel 6 for 500 mSec
V (7703) wifi:change: chan<6,0>, dur<0,500>
V (7713) wifi:ht20 freq=2437, chan=6
V (7713) wifi:enter start op, arg=0x42014ad0
V (7713) wifi:start max timer
D (8223) wifi:ROC: Ending operation at 7.0, returning to Channel 1
V (8223) wifi:back home chan=<1,0>, current chan=<6,0>
V (8223) wifi:ht20 freq=2412, chan=1
D (8223) event: running post WIFI_EVENT:20 with handler 0x4200a710 and context 0x3fca7f98 on loop 0x3fca6d0c[0m
D (8233) event: running post WIFI_EVENT:20 with handler 0x4201563c and context 0x3fcb2590 on loop 0x3fca6d0c[0m
V (8243) esp_adapter: thread sem get: sem=0x3fcb28a0[0m
D (8253) wifi:Listen on channel 6 for 500 mSec
V (8253) wifi:change: chan<6,0>, dur<0,500>
V (8253) wifi:ht20 freq=2437, chan=6
V (8263) wifi:enter start op, arg=0x42014ad0
V (8263) wifi:start max timer
D (8763) wifi:ROC: Ending operation at 8.0, returning to Channel 1
V (8763) wifi:back home chan=<1,0>, current chan=<6,0>
V (8763) wifi:ht20 freq=2412, chan=1
D (8773) event: running post WIFI_EVENT:20 with handler 0x4200a710 and context 0x3fca7f98 on loop 0x3fca6d0c[0m
D (8783) event: running post WIFI_EVENT:20 with handler 0x4201563c and context 0x3fcb2590 on loop 0x3fca6d0c[0m
V (8793) esp_adapter: thread sem get: sem=0x3fcb28a0[0m
D (8793) wifi:Listen on channel 6 for 500 mSec
V (8803) wifi:change: chan<6,0>, dur<0,500>
V (8803) wifi:ht20 freq=2437, chan=6
V (8803) wifi:enter start op, arg=0x42014ad0
V (8813) wifi:start max timer
D (9313) wifi:ROC: Ending operation at 9.0, returning to Channel 1
V (9313) wifi:back home chan=<1,0>, current chan=<6,0>
V (9313) wifi:ht20 freq=2412, chan=1
D (9313) event: running post WIFI_EVENT:20 with handler 0x4200a710 and context 0x3fca7f98 on loop 0x3fca6d0c[0m
D (9323) event: running post WIFI_EVENT:20 with handler 0x4201563c and context 0x3fcb2590 on loop 0x3fca6d0c[0m
V (9333) esp_adapter: thread sem get: sem=0x3fcb28a0[0m
D (9343) wifi:Listen on channel 6 for 500 mSec
V (9343) wifi:change: chan<6,0>, dur<0,500>
V (9353) wifi:ht20 freq=2437, chan=6
V (9353) wifi:enter start op, arg=0x42014ad0
V (9353) wifi:start max timer
D (9863) wifi:ROC: Ending operation at 9.0, returning to Channel 1
V (9863) wifi:back home chan=<1,0>, current chan=<6,0>
V (9863) wifi:ht20 freq=2412, chan=1
D (9863) event: running post WIFI_EVENT:20 with handler 0x4200a710 and context 0x3fca7f98 on loop 0x3fca6d0c[0m
D (9873) event: running post WIFI_EVENT:20 with handler 0x4201563c and context 0x3fcb2590 on loop 0x3fca6d0c[0m
V (9883) esp_adapter: thread sem get: sem=0x3fcb28a0[0m
D (9883) wifi:Listen on channel 6 for 500 mSec
V (9893) wifi:change: chan<6,0>, dur<0,500>
V (9893) wifi:ht20 freq=2437, chan=6
V (9903) wifi:enter start op, arg=0x42014ad0
V (9903) wifi:start max timer
D (10403) wifi:ROC: Ending operation at 10.0, returning to Channel 1
V (10403) wifi:back home chan=<1,0>, current chan=<6,0>
V (10403) wifi:ht20 freq=2412, chan=1
D (10413) event: running post WIFI_EVENT:20 with handler 0x4200a710 and context 0x3fca7f98 on loop 0x3fca6d0c[0m
D (10423) event: running post WIFI_EVENT:20 with handler 0x4201563c and context 0x3fcb2590 on loop 0x3fca6d0c[0m
V (10433) esp_adapter: thread sem get: sem=0x3fcb28a0[0m
D (10433) wifi:Listen on channel 6 for 500 mSec
V (10433) wifi:change: chan<6,0>, dur<0,500>
V (10443) wifi:ht20 freq=2437, chan=6
V (10443) wifi:enter start op, arg=0x42014ad0
V (10453) wifi:start max timer
D (10923) wpa: DPP: Rx Public Action frame: action - 9[0m
V (10923) esp_adapter: thread sem get: sem=0x3fcb28a0[0m
D (10923) wifi:ROC: Ending operation at 10.0, returning to Channel 1
V (10933) wifi:back home chan=<1,0>, current chan=<6,0>
V (10933) wifi:ht20 freq=2412, chan=1
V (10933) wifi:back home chan=<1,0>, current chan=<1,0>
[0;32mI (10943) wpa: DPP: Authentication Request from 66:a4:66:30:6c:2f[0m
D (10943) event: running post WIFI_EVENT:20 with handler 0x4200a710 and context 0x3fca7f98 on loop 0x3fca6d0c[0m
V (10953) wpa: DPP: Responder Bootstrapping Key Hash - hexdump(len=32):[0m
D (10963) event: running post WIFI_EVENT:20 with handler 0x4201563c and context 0x3fcb2590 on loop 0x3fca6d0c[0m
V (10963) wpa: 74 ee a3 92 ca ee dc f6 2c cd 65 b2 b3 77 71 e1 [0m
V (10983) wpa: 35 50 85 c1 56 3b 97 ce d2 cc ef 2c 0c aa ae 8b [0m
V (10983) wpa: DPP: Initiator Bootstrapping Key Hash - hexdump(len=32):[0m
V (10993) wpa: 7a 7b 8b cb ef 69 20 0d a9 23 9d 70 77 3f 7f 1e [0m
V (11003) wpa: d0 bc 5e d3 1d 9b b1 c0 e4 02 05 d0 71 78 dd fa [0m
V (11003) wpa: DPP: Wrapped Data - hexdump(len=41):[0m
V (11013) wpa: 0b 87 68 a0 83 46 0b 8a 37 95 59 20 29 25 57 78 [0m
V (11013) wpa: 2b 79 21 df da 7f dd b2 bc e6 c6 98 b4 48 57 e6 [0m
V (11023) wpa: 20 64 ad 53 f4 3e e2 af e1 [0m
V (11023) wpa: DPP: Initiator Protocol Key - hexdump(len=64):[0m
V (11033) wpa: eb 09 02 47 17 72 d4 c2 04 6e c5 6b 9a 0b 35 04 [0m
V (11043) wpa: 7a 25 df 23 b3 61 06 3f f7 a4 36 81 a5 74 ac 7a [0m
V (11043) wpa: 5a ef 01 71 c5 46 c6 ad eb 26 26 72 e9 37 f1 73 [0m
V (11053) wpa: 63 7d ed 8b 41 9e 64 29 db e8 a3 c2 11 0c f7 66 [0m
V (11053) intr_alloc: esp_intr_alloc_intrstatus (cpu 1): checking args[0m
V (11063) intr_alloc: esp_intr_alloc_intrstatus (cpu 1): Args okay. Resulting flags 0xE[0m
D (11073) intr_alloc: Connected src 76 to int 4 (cpu 1)[0m
[0;31mE (11073) wpa: curve: secp256r1[0m
[0;31mE (11083) wpa: prime len is 32[0m
[0;31mE (11083) wpa: Q_x: - hexdump(len=32):[0m
[0;31mE (11093) wpa: eb 09 02 47 17 72 d4 c2 04 6e c5 6b 9a 0b 35 04 [0m
[0;31mE (11093) wpa: 7a 25 df 23 b3 61 06 3f f7 a4 36 81 a5 74 ac 7a [0m
[0;31mE (11103) wpa: Q_y: - hexdump(len=32):[0m
[0;31mE (11103) wpa: 5a ef 01 71 c5 46 c6 ad eb 26 26 72 e9 37 f1 73 [0m
[0;31mE (11113) wpa: 63 7d ed 8b 41 9e 64 29 db e8 a3 c2 11 0c f7 66 [0m
[0;31mE (11123) wpa: d:      - hexdump(len=32):[0m
[0;31mE (11123) wpa: 00 00 00 00 00 00 00 00 00 00 00 00 00 00 00 00 [0m
[0;31mE (11133) wpa: 00 00 00 00 00 00 00 00 00 00 00 00 00 00 00 00 [0m
V (11133) intr_alloc: esp_intr_alloc_intrstatus (cpu 1): checking args[0m
V (11143) intr_alloc: esp_intr_alloc_intrstatus (cpu 1): Args okay. Resulting flags 0xE[0m
D (11153) intr_alloc: Connected src 77 to int 9 (cpu 1)[0m
D (11313) wpa: DPP: ECDH shared secret (M.x) - hexdump(len=32):[0m
D (11313) wpa: bc 78 62 45 49 d0 ec 6d e2 aa eb 1b 56 a1 31 39 [0m
D (11313) wpa: 8b a3 55 72 b4 e3 d2 68 62 53 3c 74 0d 3b a3 11 [0m
D (11323) wpa: DPP: PRK = HKDF-Extract(<>, IKM=M.x) - hexdump(len=32):[0m
D (11323) wpa: a3 08 85 8e 5c b0 bd 9c 5f 82 4f e2 4a 09 68 c0 [0m
D (11333) wpa: 6b c0 0b b6 47 f9 99 3c c0 d6 07 cb 55 b2 dc 4a [0m
D (11333) wpa: DPP: k1 = HKDF-Expand(PRK, info, L) - hexdump(len=32):[0m
D (11343) wpa: bd 43 e4 ec c9 7c a0 6f 87 1b b0 54 fd 5f 37 a3 [0m
D (11353) wpa: dd 86 be 11 6f 17 ec be 82 5f 30 20 3f 8f f2 80 [0m
D (11353) wpa: DDP: AES-SIV AD[0] - hexdump(len=6):[0m
D (11363) wpa: 50 6f 9a 1a 01 00 [0m
D (11363) wpa: DDP: AES-SIV AD[1] - hexdump(len=140):[0m
D (11373) wpa: 02 10 20 00 74 ee a3 92 ca ee dc f6 2c cd 65 b2 [0m
D (11373) wpa: b3 77 71 e1 35 50 85 c1 56 3b 97 ce d2 cc ef 2c [0m
D (11383) wpa: 0c aa ae 8b 01 10 20 00 7a 7b 8b cb ef 69 20 0d [0m
D (11383) wpa: a9 23 9d 70 77 3f 7f 1e d0 bc 5e d3 1d 9b b1 c0 [0m
D (11393) wpa: e4 02 05 d0 71 78 dd fa 03 10 40 00 eb 09 02 47 [0m
D (11403) wpa: 17 72 d4 c2 04 6e c5 6b 9a 0b 35 04 7a 25 df 23 [0m
D (11403) wpa: b3 61 06 3f f7 a4 36 81 a5 74 ac 7a 5a ef 01 71 [0m
D (11413) wpa: c5 46 c6 ad eb 26 26 72 e9 37 f1 73 63 7d ed 8b [0m
D (11413) wpa: 41 9e 64 29 db e8 a3 c2 11 0c f7 66 [0m
D (11423) wpa: DPP: AES-SIV ciphertext - hexdump(len=41):[0m
D (11423) wpa: 0b 87 68 a0 83 46 0b 8a 37 95 59 20 29 25 57 78 [0m
D (11433) wpa: 2b 79 21 df da 7f dd b2 bc e6 c6 98 b4 48 57 e6 [0m
D (11443) wpa: 20 64 ad 53 f4 3e e2 af e1 [0m
D (11443) wpa: DPP: AES-SIV cleartext - hexdump(len=25):[0m
D (11453) wpa: 05 10 10 00 a7 82 06 5d 00 cd e9 2d 66 78 fc 57 [0m
D (11453) wpa: 23 6e f1 4a 06 10 01 00 02 [0m
V (11463) wpa: DPP: Attribute ID 1005 len 16[0m
V (11463) wpa: DPP: Attribute ID 1006 len 1[0m
D (11463) wpa: DPP: I-nonce - hexdump(len=16):[0m
D (11473) wpa: a7 82 06 5d 00 cd e9 2d 66 78 fc 57 23 6e f1 4a [0m
D (11473) wpa: DPP: I-capabilities: 0x02[0m
D (11483) wpa: DPP: Acting as Enrollee[0m
D (11483) wpa: DPP: Build Authentication Response[0m
D (11493) wpa: DPP: R-nonce - hexdump(len=16):[0m
D (11493) wpa: d2 98 b9 14 73 bd 0b 7c c7 71 0a b2 01 5b 51 96 [0m
D (11553) wpa: DPP: Generating a keypair[0m
[0;31mE (11553) wpa: curve: secp256r1[0m
[0;31mE (11553) wpa: prime len is 32[0m
[0;31mE (11553) wpa: Q_x: - hexdump(len=32):[0m
[0;31mE (11563) wpa: 57 71 e2 26 5c de e7 84 20 9a 1a 45 c7 20 8c 66 [0m
[0;31mE (11563) wpa: e9 f3 e3 5f e3 b2 76 6a 25 19 09 31 8d a1 74 1b [0m
[0;31mE (11573) wpa: Q_y: - hexdump(len=32):[0m
[0;31mE (11573) wpa: 34 5b 93 93 c9 41 91 3b a5 dd 14 0a 5d 14 92 67 [0m
[0;31mE (11583) wpa: 12 3e 7b 01 26 80 7e 83 c7 2f 86 5a 30 a2 8f f7 [0m
[0;31mE (11593) wpa: d:      - hexdump(len=32):[0m
[0;31mE (11593) wpa: 73 4f de 07 9e 8b f2 12 14 2c ed 60 23 f4 21 82 [0m
[0;31mE (11603) wpa: 9c a5 cd f3 a9 c3 6d a7 53 d5 40 f1 7e 7d d9 2d [0m
D (11763) wpa: DPP: ECDH shared secret (N.x) - hexdump(len=32):[0m
D (11763) wpa: 28 37 5f 0f 3c 3a a8 3e d2 4d 96 5a ac 70 97 33 [0m
D (11763) wpa: 6e 83 97 0c 13 98 89 3e 58 4e a3 f8 99 10 1c 90 [0m
D (11773) wpa: DPP: PRK = HKDF-Extract(<>, IKM=N.x) - hexdump(len=32):[0m
D (11773) wpa: 52 a8 4b d2 2a 49 90 d1 46 92 d7 65 ee d0 6b 6e [0m
D (11783) wpa: 0a 80 9d c3 48 0a 20 16 e8 a6 66 08 16 05 64 bb [0m
D (11783) wpa: DPP: k2 = HKDF-Expand(PRK, info, L) - hexdump(len=32):[0m
D (11793) wpa: 29 46 02 28 54 c5 49 46 dc 27 65 4d db 54 24 13 [0m
D (11803) wpa: b4 34 37 91 06 c7 b5 af 76 af 71 16 b8 fc 49 83 [0m
D (11803) wpa: DPP: PRK = HKDF-Extract(<>, IKM) - hexdump(len=32):[0m
D (11813) wpa: 73 51 ae 62 59 5e 47 f0 e0 24 1e 53 54 45 72 05 [0m
D (11823) wpa: 06 44 0d 84 bb ba 5c ec 3d f1 81 4e 5c ac 5f c6 [0m
D (11823) wpa: DPP: ke = HKDF-Expand(PRK, info, L) - hexdump(len=32):[0m
D (11833) wpa: e5 f8 06 c3 59 e6 3f c3 73 f6 d8 b7 8f de 0a 86 [0m
D (11833) wpa: 97 5b 3f 8f a4 82 83 a1 08 4b ff 80 e7 ca 6d 81 [0m
D (11843) wpa: DPP: R-auth hash components[0m
D (11843) wpa: DPP: hash component - hexdump(len=16):[0m
D (11853) wpa: a7 82 06 5d 00 cd e9 2d 66 78 fc 57 23 6e f1 4a [0m
D (11863) wpa: DPP: hash component - hexdump(len=16):[0m
D (11863) wpa: d2 98 b9 14 73 bd 0b 7c c7 71 0a b2 01 5b 51 96 [0m
D (11873) wpa: DPP: hash component - hexdump(len=32):[0m
D (11873) wpa: eb 09 02 47 17 72 d4 c2 04 6e c5 6b 9a 0b 35 04 [0m
D (11883) wpa: 7a 25 df 23 b3 61 06 3f f7 a4 36 81 a5 74 ac 7a [0m
D (11883) wpa: DPP: hash component - hexdump(len=32):[0m
D (11893) wpa: 57 71 e2 26 5c de e7 84 20 9a 1a 45 c7 20 8c 66 [0m
D (11893) wpa: e9 f3 e3 5f e3 b2 76 6a 25 19 09 31 8d a1 74 1b [0m
D (11903) wpa: DPP: hash component - hexdump(len=32):[0m
D (11913) wpa: 73 84 a3 56 46 b5 e7 2d 00 b3 43 00 8e 0f ff 4a [0m
D (11913) wpa: a9 c3 83 8c ea de a2 9e 7e fa 54 e5 ed db 90 ab [0m
D (11923) wpa: DPP: hash component - hexdump(len=1):[0m
D (11923) wpa: 00 [0m
D (11923) wpa: DPP: R-auth - hexdump(len=32):[0m
D (11933) wpa: 72 d6 49 3e d1 e7 c3 54 d6 25 6c 5d c2 87 89 6f [0m
D (11943) wpa: 7f 5d 6b 99 cc 83 36 02 2b c0 d6 31 ea 1d 37 65 [0m
D (11943) wpa: DPP: {R-auth}ke - hexdump(len=52):[0m
D (11953) wpa: 49 db e4 e8 06 05 5f 55 8b d7 f2 a8 85 14 e3 f4 [0m
D (11953) wpa: 7b 0a b7 a7 3f e3 6e 87 7b 3a 2c 3f 4d 7c 4c c4 [0m
D (11963) wpa: 9e f7 d7 33 0e 9e 00 36 0c 18 93 a0 3b 43 d3 7c [0m
D (11963) wpa: 14 e0 8f 63 [0m
D (11973) wpa: Setting auth resp retry to 0 0 [0m
D (11973) wpa: DPP: Status 0[0m
D (11973) wpa: DPP: R-Bootstrap Key Hash[0m
D (11983) wpa: DDP: AES-SIV AD[0] - hexdump(len=6):[0m
D (11983) wpa: 50 6f 9a 1a 01 01 [0m
D (11993) wpa: DDP: AES-SIV AD[1] - hexdump(len=109):[0m
D (11993) wpa: 00 10 01 00 00 02 10 20 00 74 ee a3 92 ca ee dc [0m
D (12003) wpa: f6 2c cd 65 b2 b3 77 71 e1 35 50 85 c1 56 3b 97 [0m
D (12003) wpa: ce d2 cc ef 2c 0c aa ae 8b 09 10 40 00 57 71 e2 [0m
D (12013) wpa: 26 5c de e7 84 20 9a 1a 45 c7 20 8c 66 e9 f3 e3 [0m
D (12023) wpa: 5f e3 b2 76 6a 25 19 09 31 8d a1 74 1b 34 5b 93 [0m
D (12023) wpa: 93 c9 41 91 3b a5 dd 14 0a 5d 14 92 67 12 3e 7b [0m
D (12033) wpa: 01 26 80 7e 83 c7 2f 86 5a 30 a2 8f f7 [0m
D (12033) wpa: DPP: AES-SIV cleartext - hexdump(len=101):[0m
D (12043) wpa: 07 10 10 00 d2 98 b9 14 73 bd 0b 7c c7 71 0a b2 [0m
D (12043) wpa: 01 5b 51 96 05 10 10 00 a7 82 06 5d 00 cd e9 2d [0m
D (12053) wpa: 66 78 fc 57 23 6e f1 4a 08 10 01 00 01 04 10 34 [0m
D (12063) wpa: 00 49 db e4 e8 06 05 5f 55 8b d7 f2 a8 85 14 e3 [0m
D (12063) wpa: f4 7b 0a b7 a7 3f e3 6e 87 7b 3a 2c 3f 4d 7c 4c [0m
D (12073) wpa: c4 9e f7 d7 33 0e 9e 00 36 0c 18 93 a0 3b 43 d3 [0m
D (12073) wpa: 7c 14 e0 8f 63 [0m
D (12083) wpa: DPP: AES-SIV ciphertext - hexdump(len=117):[0m
D (12083) wpa: 56 52 d2 91 ef ce a9 40 cd fb 91 64 0f f4 69 f1 [0m
D (12093) wpa: b0 8f e2 ed 14 3b bf 23 b0 e6 e1 68 64 0a 77 3f [0m
D (12093) wpa: 6d d7 32 d3 69 b6 3e c4 c1 f3 ed ea af cc 04 e7 [0m
D (12103) wpa: 6e 97 1e 11 13 44 66 78 ff c0 78 0a 89 81 3c a6 [0m
D (12113) wpa: cf 33 c1 d5 52 6a 74 56 59 ca 1b 42 f0 53 52 40 [0m
D (12113) wpa: 18 c0 c8 06 29 12 d0 26 5f 63 49 ea c1 f0 48 20 [0m
D (12123) wpa: af 86 b1 10 d3 23 5c 30 76 08 77 e0 f4 49 48 b2 [0m
D (12123) wpa: cc c2 5d 7d 59 [0m
D (12133) wpa: DPP: Authentication Response frame attributes - hexdump(len=238):[0m
D (12143) wpa: 04 09 50 6f 9a 1a 01 01 00 10 01 00 00 02 10 20 [0m
D (12143) wpa: 00 74 ee a3 92 ca ee dc f6 2c cd 65 b2 b3 77 71 [0m
D (12153) wpa: e1 35 50 85 c1 56 3b 97 ce d2 cc ef 2c 0c aa ae [0m
D (12153) wpa: 8b 09 10 40 00 57 71 e2 26 5c de e7 84 20 9a 1a [0m
D (12163) wpa: 45 c7 20 8c 66 e9 f3 e3 5f e3 b2 76 6a 25 19 09 [0m
D (12173) wpa: 31 8d a1 74 1b 34 5b 93 93 c9 41 91 3b a5 dd 14 [0m
D (12173) wpa: 0a 5d 14 92 67 12 3e 7b 01 26 80 7e 83 c7 2f 86 [0m
D (12183) wpa: 5a 30 a2 8f f7 04 10 75 00 56 52 d2 91 ef ce a9 [0m
D (12183) wpa: 40 cd fb 91 64 0f f4 69 f1 b0 8f e2 ed 14 3b bf [0m
D (12193) wpa: 23 b0 e6 e1 68 64 0a 77 3f 6d d7 32 d3 69 b6 3e [0m
D (12203) wpa: c4 c1 f3 ed ea af cc 04 e7 6e 97 1e 11 13 44 66 [0m
D (12203) wpa: 78 ff c0 78 0a 89 81 3c a6 cf 33 c1 d5 52 6a 74 [0m
D (12213) wpa: 56 59 ca 1b 42 f0 53 52 40 18 c0 c8 06 29 12 d0 [0m
D (12213) wpa: 26 5f 63 49 ea c1 f0 48 20 af 86 b1 10 d3 23 5c [0m
D (12223) wpa: 30 76 08 77 e0 f4 49 48 b2 cc c2 5d 7d 59 [0m
D (12223) wpa: DPP: Mgmt Tx - MAC:66:a4:66:30:6c:2f, Channel-6, WaitT-600[0m
V (12233) esp_adapter: thread sem get: sem=0x3fcb28a0[0m
D (12243) wifi:Send frame on channel 6 to 66:a4:66:30:6c:2f

V (12243) wifi:change: chan<6,0>, dur<0,600>
V (12253) wifi:ht20 freq=2437, chan=6
V (12253) wifi:enter start op, arg=0x3fcb4380
D (12253) wifi:offchan_txop_start : 143
V (12263) wifi:start max timer
D (12343) wifi:tx_mgmt cb : 1636 status 2 
D (12343) wifi:tx data done, now:12363690
D (12343) wifi:woke up
D (12343) event: running post WIFI_EVENT:19 with handler 0x4200a710 and context 0x3fca7f98 on loop 0x3fca6d0c[0m
D (12353) event: running post WIFI_EVENT:19 with handler 0x4201563c and context 0x3fcb2560 on loop 0x3fca6d0c[0m
D (12363) wpa: Mgmt Tx Status - 1, Cookie - 0x42014ad0[0m
D (12363) wpa: DPP: Failed offchan tx[0m
D (12373) wpa: ELOOP: offchan_event_handler:605 called to remove timer handler=0x4201551c, removed count=0[0m
D (12383) wpa: retrying tx auth resp again [0m
D (12383) wpa: Here [0m
D (12383) wpa: Here auth resp reties are 1[0m
D (12393) wpa: DPP: Schedule retransmission of Authentication Response frame in 1 s[0m
D (12403) wpa: ELOOP: esp_dpp_auth_resp_retry:587 called to remove timer handler=0x42014f30, removed count=0[0m
D (12413) wpa: ELOOP: Added one timer from esp_dpp_auth_resp_retry:588 to call 0x42014f30, current order=0[0m
V (12423) esp_adapter: thread sem get: sem=0x3fcb28a0[0m
D (12423) wifi:ROC is already in progress. Cannot start new operation.
[0;31mE (12433) wpa: previous roc in progress : 0x301c[0m
D (12863) wifi:OFFCHAN-Tx: Ending op at 12.0, returning to Channel 1
V (12863) wifi:back home chan=<1,0>, current chan=<6,0>
V (12863) wifi:ht20 freq=2412, chan=1
D (13413) wpa: ELOOP: Running timer fn:0x42014f30 scheduled by esp_dpp_auth_resp_retry:588 [0m
D (13413) wpa: DPP: Retry Authentication Response after timeout[0m
D (13413) wpa: DPP: Mgmt Tx - MAC:66:a4:66:30:6c:2f, Channel-6, WaitT-600[0m
D (13423) wifi:Send frame on channel 6 to 66:a4:66:30:6c:2f

V (13423) wifi:change: chan<6,0>, dur<0,600>
V (13433) wifi:ht20 freq=2437, chan=6
V (13433) wifi:enter start op, arg=0x3fcb4380
D (13433) wifi:offchan_txop_start : 143
V (13443) wifi:start max timer
D (13523) wifi:tx_mgmt cb : 1636 status 2 
D (13523) wifi:tx data done, now:13544435
D (13523) wifi:woke up
D (13523) event: running post WIFI_EVENT:19 with handler 0x4200a710 and context 0x3fca7f98 on loop 0x3fca6d0c[0m
D (13533) event: running post WIFI_EVENT:19 with handler 0x4201563c and context 0x3fcb2560 on loop 0x3fca6d0c[0m
D (13543) wpa: Mgmt Tx Status - 1, Cookie - 0x42014ad0[0m
D (13543) wpa: DPP: Failed offchan tx[0m
D (13553) wpa: ELOOP: offchan_event_handler:605 called to remove timer handler=0x4201551c, removed count=0[0m
D (13563) wpa: retrying tx auth resp again [0m
D (13563) wpa: Here [0m
D (13563) wpa: Here auth resp reties are 2[0m
D (13573) wpa: DPP: Schedule retransmission of Authentication Response frame in 1 s[0m
D (13583) wpa: ELOOP: esp_dpp_auth_resp_retry:587 called to remove timer handler=0x42014f30, removed count=0[0m
D (13593) wpa: ELOOP: Added one timer from esp_dpp_auth_resp_retry:588 to call 0x42014f30, current order=0[0m
V (13603) esp_adapter: thread sem get: sem=0x3fcb28a0[0m
D (13603) wifi:ROC is already in progress. Cannot start new operation.
[0;31mE (13613) wpa: previous roc in progress : 0x301c[0m
D (14043) wifi:OFFCHAN-Tx: Ending op at 13.0, returning to Channel 1
V (14043) wifi:back home chan=<1,0>, current chan=<6,0>
V (14043) wifi:ht20 freq=2412, chan=1
D (14593) wpa: ELOOP: Running timer fn:0x42014f30 scheduled by esp_dpp_auth_resp_retry:588 [0m
D (14593) wpa: DPP: Retry Authentication Response after timeout[0m
D (14593) wpa: DPP: Mgmt Tx - MAC:66:a4:66:30:6c:2f, Channel-6, WaitT-600[0m
D (14603) wifi:Send frame on channel 6 to 66:a4:66:30:6c:2f

V (14603) wifi:change: chan<6,0>, dur<0,600>
V (14613) wifi:ht20 freq=2437, chan=6
V (14613) wifi:enter start op, arg=0x3fcb4380
D (14613) wifi:offchan_txop_start : 143
V (14623) wifi:start max timer
D (14713) wifi:tx_mgmt cb : 1636 status 2 
D (14713) wifi:tx data done, now:14735331
D (14713) wifi:woke up
D (14713) event: running post WIFI_EVENT:19 with handler 0x4200a710 and context 0x3fca7f98 on loop 0x3fca6d0c[0m
D (14723) event: running post WIFI_EVENT:19 with handler 0x4201563c and context 0x3fcb2560 on loop 0x3fca6d0c[0m
D (14733) wpa: Mgmt Tx Status - 1, Cookie - 0x42014ad0[0m
D (14743) wpa: DPP: Failed offchan tx[0m
D (14743) wpa: ELOOP: offchan_event_handler:605 called to remove timer handler=0x4201551c, removed count=0[0m
D (14753) wpa: retrying tx auth resp again [0m
D (14753) wpa: Here [0m
D (14763) wpa: Here auth resp reties are 3[0m
D (14763) wpa: DPP: Schedule retransmission of Authentication Response frame in 1 s[0m
D (14773) wpa: ELOOP: esp_dpp_auth_resp_retry:587 called to remove timer handler=0x42014f30, removed count=0[0m
D (14783) wpa: ELOOP: Added one timer from esp_dpp_auth_resp_retry:588 to call 0x42014f30, current order=0[0m
V (14793) esp_adapter: thread sem get: sem=0x3fcb28a0[0m
D (14793) wifi:ROC is already in progress. Cannot start new operation.
[0;31mE (14803) wpa: previous roc in progress : 0x301c[0m
D (15223) wifi:OFFCHAN-Tx: Ending op at 14.0, returning to Channel 1
V (15223) wifi:back home chan=<1,0>, current chan=<6,0>
V (15223) wifi:ht20 freq=2412, chan=1
D (15783) wpa: ELOOP: Running timer fn:0x42014f30 scheduled by esp_dpp_auth_resp_retry:588 [0m
D (15783) wpa: DPP: Retry Authentication Response after timeout[0m
D (15783) wpa: DPP: Mgmt Tx - MAC:66:a4:66:30:6c:2f, Channel-6, WaitT-600[0m
D (15793) wifi:Send frame on channel 6 to 66:a4:66:30:6c:2f

V (15793) wifi:change: chan<6,0>, dur<0,600>
V (15803) wifi:ht20 freq=2437, chan=6
V (15803) wifi:enter start op, arg=0x3fcb4380
D (15813) wifi:offchan_txop_start : 143
V (15813) wifi:start max timer
D (15893) wifi:tx_mgmt cb : 1636 status 2 
D (15893) wifi:tx data done, now:15914721
D (15893) wifi:woke up
D (15893) event: running post WIFI_EVENT:19 with handler 0x4200a710 and context 0x3fca7f98 on loop 0x3fca6d0c[0m
D (15903) event: running post WIFI_EVENT:19 with handler 0x4201563c and context 0x3fcb2560 on loop 0x3fca6d0c[0m
D (15913) wpa: Mgmt Tx Status - 1, Cookie - 0x42014ad0[0m
D (15913) wpa: DPP: Failed offchan tx[0m
D (15923) wpa: ELOOP: offchan_event_handler:605 called to remove timer handler=0x4201551c, removed count=0[0m
D (15933) wpa: retrying tx auth resp again [0m
D (15933) wpa: Here [0m
D (15933) wpa: Here auth resp reties are 4[0m
D (15943) wpa: DPP: Schedule retransmission of Authentication Response frame in 1 s[0m
D (15953) wpa: ELOOP: esp_dpp_auth_resp_retry:587 called to remove timer handler=0x42014f30, removed count=0[0m
D (15963) wpa: ELOOP: Added one timer from esp_dpp_auth_resp_retry:588 to call 0x42014f30, current order=0[0m
V (15973) esp_adapter: thread sem get: sem=0x3fcb28a0[0m
D (15973) wifi:ROC is already in progress. Cannot start new operation.
[0;31mE (15983) wpa: previous roc in progress : 0x301c[0m
D (16413) wifi:OFFCHAN-Tx: Ending op at 16.0, returning to Channel 1
V (16413) wifi:back home chan=<1,0>, current chan=<6,0>
V (16413) wifi:ht20 freq=2412, chan=1
D (16963) wpa: ELOOP: Running timer fn:0x42014f30 scheduled by esp_dpp_auth_resp_retry:588 [0m
D (16963) wpa: DPP: Retry Authentication Response after timeout[0m
D (16963) wpa: DPP: Mgmt Tx - MAC:66:a4:66:30:6c:2f, Channel-6, WaitT-600[0m
D (16973) wifi:Send frame on channel 6 to 66:a4:66:30:6c:2f

V (16973) wifi:change: chan<6,0>, dur<0,600>
V (16983) wifi:ht20 freq=2437, chan=6
V (16983) wifi:enter start op, arg=0x3fcb4380
D (16983) wifi:offchan_txop_start : 143
V (16993) wifi:start max timer
D (17073) wifi:tx_mgmt cb : 1636 status 2 
D (17073) wifi:tx data done, now:17095442
D (17073) wifi:woke up
D (17073) event: running post WIFI_EVENT:19 with handler 0x4200a710 and context 0x3fca7f98 on loop 0x3fca6d0c[0m
D (17083) event: running post WIFI_EVENT:19 with handler 0x4201563c and context 0x3fcb2560 on loop 0x3fca6d0c[0m
D (17093) wpa: Mgmt Tx Status - 1, Cookie - 0x42014ad0[0m
D (17103) wpa: DPP: Failed offchan tx[0m
D (17103) wpa: ELOOP: offchan_event_handler:605 called to remove timer handler=0x4201551c, removed count=0[0m
D (17113) wpa: retrying tx auth resp again [0m
D (17113) wpa: Here [0m
D (17123) wpa: Here auth resp reties are 5[0m
[0;32mI (17123) wpa: DPP: No confirm received from initiator - stopping exchange[0m
[0;32mI (17133) wifi dpp-enrollee: DPP Auth failed (Reason: ESP_ERR_DPP_TX_FAILURE), retry...[0m
V (17143) esp_adapter: thread sem get: sem=0x3fcb28a0[0m
D (17143) wifi:ROC is already in progress. Cannot start new operation.
[0;31mE (17153) wpa: previous roc in progress : 0x301c[0m
D (17593) wifi:OFFCHAN-Tx: Ending op at 17.0, returning to Channel 1
V (17593) wifi:back home chan=<1,0>, current chan=<6,0>
V (17593) wifi:ht20 freq=2412, chan=1
