Executing action: monitor
Serial port /dev/ttyUSB0
Connecting....
Detecting chip type... ESP32-S3
Running idf_monitor in directory /home/corfu/mpc/corfu/dpp_test_auth_retries
Executing "/home/corfu/.espressif/python_env/idf5.2_py3.10_env/bin/python /home/corfu/esp/esp-idf/tools/idf_monitor.py -p /dev/ttyUSB0 -b 115200 --toolchain-prefix xtensa-esp32-elf- --target esp32 --revision 0 /home/corfu/mpc/corfu/dpp_test_auth_retries/build/dpp-enrollee.elf -m '/home/corfu/.espressif/python_env/idf5.2_py3.10_env/bin/python' '/home/corfu/esp/esp-idf/tools/idf.py'"...
ESP-ROM:esp32s3-20210327
Build:Mar 27 2021
rst:0x1 (POWERON),boot:0x8 (SPI_FAST_FLASH_BOOT)
SPIWP:0xee
mode:DIO, clock div:1
load:0x3fce3810,len:0x178c
load:0x403c9700,len:0x4
load:0x403c9704,len:0xcbc
load:0x403cc700,len:0x2da0
entry 0x403c9914
[0;32mI (27) boot: ESP-IDF v5.2.1-1-g25b86f7c6a-dirty 2nd stage bootloader[0m
[0;32mI (27) boot: compile time Sep 13 2024 16:06:08[0m
[0;32mI (27) boot: Multicore bootloader[0m
[0;32mI (32) boot: chip revision: v0.2[0m
[0;32mI (35) boot.esp32s3: Boot SPI Speed : 80MHz[0m
[0;32mI (40) boot.esp32s3: SPI Mode       : DIO[0m
[0;32mI (45) boot.esp32s3: SPI Flash Size : 2MB[0m
[0;32mI (50) boot: Enabling RNG early entropy source...[0m
[0;32mI (55) boot: Partition Table:[0m
[0;32mI (59) boot: ## Label            Usage          Type ST Offset   Length[0m
[0;32mI (66) boot:  0 nvs              WiFi data        01 02 00009000 00006000[0m
[0;32mI (73) boot:  1 phy_init         RF data          01 01 0000f000 00001000[0m
[0;32mI (81) boot:  2 factory          factory app      00 00 00010000 00100000[0m
[0;32mI (88) boot: End of partition table[0m
[0;32mI (93) esp_image: segment 0: paddr=00010020 vaddr=3c0a0020 size=33ae0h (211680) map[0m
[0;32mI (139) esp_image: segment 1: paddr=00043b08 vaddr=3fc97f00 size=04830h ( 18480) load[0m
[0;32mI (143) esp_image: segment 2: paddr=00048340 vaddr=40374000 size=07cd8h ( 31960) load[0m
[0;32mI (152) esp_image: segment 3: paddr=00050020 vaddr=42000020 size=98cf0h (625904) map[0m
[0;32mI (265) esp_image: segment 4: paddr=000e8d18 vaddr=4037bcd8 size=0c1e4h ( 49636) load[0m
[0;32mI (285) boot: Loaded app from partition at offset 0x10000[0m
[0;32mI (285) boot: Disabling RNG early entropy source...[0m
[0;32mI (296) cpu_start: Multicore app[0m
V (297) mmap: after coalescing, 1 regions are left[0m
D (297) cpu_start: Pro cpu up[0m
D (297) cpu_start: Starting app cpu, entry point is 0x4037532c[0m
D (0) cpu_start: App cpu up[0m
V CACHE_ERR: illegal error intr clr & ena mask is: 0x3f
V CACHE_ERR: core 1 ac31s) crr:rRTintr clr & ena mrask is: 0xe:
4318771[0m
V CACHE_ERR: illegal error intr clr & ena mask is: 0x3f
V CACHE_ERR: core 0 access error intr clr & ena mask is: 0x1f
[0;32mI (329) cpu_start: Pro cpu start user code[0m
[0;32mI (333) cpu_start: cpu freq: 160000000 Hz[0m
[0;32mI (337) cpu_start: Application information:[0m
[0;32mI (342) cpu_start: Project name:     dpp-enrollee[0m
[0;32mI (348) cpu_start: App version:      v5.2.1-1-g25b86f7c6a-dirty[0m
[0;32mI (354) cpu_start: Compile time:     Sep 13 2024 16:06:24[0m
[0;32mI (360) cpu_start: ELF file SHA256:  178900882...[0m
[0;32mI (366) cpu_start: ESP-IDF:          v5.2.1-1-g25b86f7c6a-dirty[0m
[0;32mI (372) cpu_start: Min chip rev:     v0.0[0m
[0;32mI (377) cpu_start: Max chip rev:     v0.99 [0m
[0;32mI (382) cpu_start: Chip rev:         v0.2[0m
V (387) memory_layout: reserved range is 0x3c0d3ac0 - 0x3c0d3ae8[0m
D (393) memory_layout: Checking 6 reserved memory ranges:[0m
D (398) memory_layout: Reserved memory range 0x3fc84000 - 0x3fc97f00[0m
D (404) memory_layout: Reserved memory range 0x3fc97f00 - 0x3fca0388[0m
D (411) memory_layout: Reserved memory range 0x3fceee34 - 0x3fcf0000[0m
D (417) memory_layout: Reserved memory range 0x40374000 - 0x40387f00[0m
D (424) memory_layout: Reserved memory range 0x600fe000 - 0x600fe010[0m
D (430) memory_layout: Reserved memory range 0x600fffe8 - 0x60100000[0m
D (437) memory_layout: Building list of available memory regions:[0m
V (443) memory_layout: Examining memory region 0x3fc88000 - 0x3fc90000[0m
V (449) memory_layout: Region 0x3fc88000 - 0x3fc90000 inside of reserved 0x3fc84000 - 0x3fc97f00[0m
V (458) memory_layout: Examining memory region 0x3fc90000 - 0x3fca0000[0m
V (465) memory_layout: Start of region 0x3fc90000 - 0x3fca0000 overlaps reserved 0x3fc84000 - 0x3fc97f00[0m
V (474) memory_layout: Region 0x3fc97f00 - 0x3fca0000 inside of reserved 0x3fc97f00 - 0x3fca0388[0m
V (483) memory_layout: Examining memory region 0x3fca0000 - 0x3fcb0000[0m
V (490) memory_layout: Start of region 0x3fca0000 - 0x3fcb0000 overlaps reserved 0x3fc97f00 - 0x3fca0388[0m
D (499) memory_layout: Available memory region 0x3fca0388 - 0x3fcb0000[0m
V (506) memory_layout: Examining memory region 0x3fcb0000 - 0x3fcc0000[0m
D (513) memory_layout: Available memory region 0x3fcb0000 - 0x3fcc0000[0m
V (519) memory_layout: Examining memory region 0x3fcc0000 - 0x3fcd0000[0m
D (526) memory_layout: Available memory region 0x3fcc0000 - 0x3fcd0000[0m
V (532) memory_layout: Examining memory region 0x3fcd0000 - 0x3fce0000[0m
D (539) memory_layout: Available memory region 0x3fcd0000 - 0x3fce0000[0m
V (546) memory_layout: Examining memory region 0x3fce0000 - 0x3fce9710[0m
D (552) memory_layout: Available memory region 0x3fce0000 - 0x3fce9710[0m
V (559) memory_layout: Examining memory region 0x3fce9710 - 0x3fcf0000[0m
V (565) memory_layout: End of region 0x3fce9710 - 0x3fcf0000 overlaps reserved 0x3fceee34 - 0x3fcf0000[0m
D (575) memory_layout: Available memory region 0x3fce9710 - 0x3fceee34[0m
V (581) memory_layout: Examining memory region 0x3fcf0000 - 0x3fcf8000[0m
D (588) memory_layout: Available memory region 0x3fcf0000 - 0x3fcf8000[0m
V (594) memory_layout: Examining memory region 0x600fe000 - 0x60100000[0m
V (601) memory_layout: Start of region 0x600fe000 - 0x60100000 overlaps reserved 0x600fe000 - 0x600fe010[0m
V (611) memory_layout: End of region 0x600fe010 - 0x60100000 overlaps reserved 0x600fffe8 - 0x60100000[0m
D (620) memory_layout: Available memory region 0x600fe010 - 0x600fffe8[0m
[0;32mI (627) heap_init: Initializing. RAM available for dynamic allocation:[0m
D (634) heap_init: New heap initialised at 0x3fca0388[0m
[0;32mI (639) heap_init: At 3FCA0388 len 00049388 (292 KiB): RAM[0m
[0;32mI (645) heap_init: At 3FCE9710 len 00005724 (21 KiB): RAM[0m
D (651) heap_init: New heap initialised at 0x3fcf0000[0m
[0;32mI (656) heap_init: At 3FCF0000 len 00008000 (32 KiB): DRAM[0m
D (662) heap_init: New heap initialised at 0x600fe010[0m
[0;32mI (668) heap_init: At 600FE010 len 00001FD8 (7 KiB): RTCRAM[0m
V (674) intr_alloc: esp_intr_alloc_intrstatus (cpu 0): checking args[0m
V (680) intr_alloc: esp_intr_alloc_intrstatus (cpu 0): Args okay. Resulting flags 0x40E[0m
D (688) intr_alloc: Connected src 39 to int 2 (cpu 0)[0m
V (694) memspi: raw_chip_id: 1740C8
[0m
V (697) memspi: chip_id: C84017
[0m
V (701) memspi: raw_chip_id: 1740C8
[0m
V (704) memspi: chip_id: C84017
[0m
D (708) spi_flash: trying chip: issi[0m
D (711) spi_flash: trying chip: gd[0m
[0;32mI (715) spi_flash: detected chip: gd[0m
[0;32mI (719) spi_flash: flash io: dio[0m
[0;33mW (723) spi_flash: Detected size(8192k) larger than the size in the binary image header(2048k). Using the size in the binary image header.[0m
D (736) cpu_start: calling init function: 0x42074cfc[0m
D (741) cpu_start: calling init function: 0x420747ac[0m
D (746) cpu_start: calling init function: 0x4202ca94[0m
D (751) cpu_start: calling init function: 0x4200e438[0m
D (756) cpu_start: calling init function: 0x4037ba1c[0m
D (761) cpu_start: calling init function: 0x42002f0c[0m
D (766) cpu_start: calling init function: 0x42008640 on core: 0[0m
V (772) intr_alloc: esp_intr_alloc_intrstatus (cpu 0): checking args[0m
V (779) intr_alloc: esp_intr_alloc_intrstatus (cpu 0): Args okay. Resulting flags 0xC02[0m
D (787) intr_alloc: Connected src 59 to int 3 (cpu 0)[0m
D (792) cpu_start: calling init function: 0x42005f68 on core: 0[0m
[0;32mI (798) sleep: Configure to isolate all GPIO pins in sleep state[0m
[0;32mI (805) sleep: Enable automatic switching of GPIO sleep configuration[0m
D (812) cpu_start: calling init function: 0x420042a4 on core: 0[0m
V (818) intr_alloc: esp_intr_alloc_intrstatus (cpu 0): checking args[0m
V (824) intr_alloc: esp_intr_alloc_intrstatus (cpu 0): Args okay. Resulting flags 0x40E[0m
D (832) intr_alloc: Connected src 79 to int 9 (cpu 0)[0m
D (837) app_start: Starting scheduler on CPU0[0m
V (842) intr_alloc: esp_intr_alloc_intrstatus (cpu 0): checking args[0m
V (842) intr_alloc: esp_intr_alloc_intrstatus (cpu 0): Args okay. Resulting flags 0x402[0m
D (842) intr_alloc: Connected src 57 to int 12 (cpu 0)[0m
V (842) intr_alloc: esp_intr_alloc_intrstatus (cpu 1): checking args[0m
V (852) intr_alloc: esp_intr_alloc_intrstatus (cpu 1): Args okay. Resulting flags 0x40E[0m
D (852) intr_alloc: Connected src 80 to int 2 (cpu 1)[0m
D (862) app_start: Starting scheduler on CPU1[0m
V (862) intr_alloc: esp_intr_alloc_intrstatus (cpu 1): checking args[0m
V (872) intr_alloc: esp_intr_alloc_intrstatus (cpu 1): Args okay. Resulting flags 0x402[0m
D (882) intr_alloc: Connected src 58 to int 3 (cpu 1)[0m
[0;32mI (842) main_task: Started on CPU0[0m
D (892) heap_init: New heap initialised at 0x3fce9710[0m
V (892) intr_alloc: esp_intr_alloc_intrstatus (cpu 0): checking args[0m
V (902) intr_alloc: esp_intr_alloc_intrstatus (cpu 0): Args okay. Resulting flags 0xE[0m
D (912) intr_alloc: Connected src 52 to int 13 (cpu 0)[0m
[0;32mI (912) main_task: Calling app_main()[0m
V (922) partition: Loading the partition table[0m
V (922) mmap: actual_mapped_len is 0x10000[0m
V (932) calculated md5: 0x3fca3f38   f4 ad 4f 45 38 56 4b 5d  74 35 b6 2c 75 b6 95 24  |..OE8VK]t5.,u..$|[0m
V (942) stored md5: 0x3c0e8070   f4 ad 4f 45 38 56 4b 5d  74 35 b6 2c 75 b6 95 24  |..OE8VK]t5.,u..$|[0m
V (942) partition: Partition table MD5 verified[0m
D (972) esp_netif_lwip: LwIP stack has been initialized[0m
D (972) esp_netif_lwip: esp-netif has been successfully initialized[0m
D (972) event: running task for loop 0x3fca6d0c[0m
D (982) event: created task for loop 0x3fca6d0c[0m
D (982) event: created event loop 0x3fca6d0c[0m
D (992) esp_netif_lwip: check: remote, if=0x3fca3f70 fn=0x42013448[0m
V (992) esp_netif_objects: esp_netif_add_to_list_unsafe 0x3fca7c34[0m
D (1002) esp_netif_objects: esp_netif_add_to_list_unsafe netif added successfully (total netifs: 1)[0m
D (1012) esp_netif_lwip: call api in lwip: ret=0x0, give sem[0m
pp rom version: e7ae62f
net80211 rom version: e7ae62f
D (1022) nvs: nvs_open_from_partition misc 1[0m
I (1032) wifi:wifi driver task: 3fcaa654, prio:23, stack:6656, core=0
V (1032) esp_adapter: thread sem create: sem=0x3fcaa7ac[0m
V (1032) esp_adapter: thread sem get: sem=0x3fcaa7ac[0m
D (1042) efuse: In EFUSE_BLK1__DATA1_REG is used 8 bits starting with 8 bit[0m
D (1052) efuse: In EFUSE_BLK1__DATA1_REG is used 8 bits starting with 0 bit[0m
D (1052) efuse: In EFUSE_BLK1__DATA0_REG is used 8 bits starting with 24 bit[0m
D (1062) efuse: In EFUSE_BLK1__DATA0_REG is used 8 bits starting with 16 bit[0m
D (1072) efuse: In EFUSE_BLK1__DATA0_REG is used 8 bits starting with 8 bit[0m
D (1072) efuse: In EFUSE_BLK1__DATA0_REG is used 8 bits starting with 0 bit[0m
D (1082) nvs: nvs_open_from_partition nvs.net80211 1[0m
D (1092) nvs: nvs_get opmode 1[0m
D (1092) nvs: nvs_get_str_or_blob sta.ssid[0m
D (1102) nvs: nvs_get sta.authmode 1[0m
D (1102) nvs: nvs_get_str_or_blob sta.pswd[0m
D (1102) nvs: nvs_get_str_or_blob sta.pmk[0m
D (1112) nvs: nvs_get sta.chan 1[0m
D (1112) nvs: nvs_get auto.conn 1[0m
D (1112) nvs: nvs_get bssid.set 1[0m
D (1122) nvs: nvs_get_str_or_blob sta.bssid[0m
D (1122) nvs: nvs_get sta.lis_intval 2[0m
D (1122) nvs: nvs_get sta.phym 1[0m
D (1132) nvs: nvs_get sta.phybw 1[0m
D (1132) nvs: nvs_get_str_or_blob sta.apsw[0m
D (1142) nvs: nvs_get_str_or_blob sta.apinfo[0m
D (1142) nvs: nvs_get sta.scan_method 1[0m
D (1142) nvs: nvs_get sta.sort_method 1[0m
D (1152) nvs: nvs_get sta.minrssi 1[0m
D (1152) nvs: nvs_get sta.minauth 1[0m
D (1152) nvs: nvs_get sta.pmf_e 1[0m
D (1162) nvs: nvs_get sta.pmf_r 1[0m
D (1162) nvs: nvs_get sta.btm_e 1[0m
D (1162) nvs: nvs_get sta.rrm_e 1[0m
D (1172) nvs: nvs_get sta.mbo_e 1[0m
D (1172) nvs: nvs_get_str_or_blob ap.ssid[0m
D (1182) nvs: nvs_get_str_or_blob ap.passwd[0m
D (1182) nvs: nvs_get_str_or_blob ap.pmk[0m
D (1182) nvs: nvs_get ap.chan 1[0m
D (1192) nvs: nvs_get ap.authmode 1[0m
D (1192) nvs: nvs_get ap.hidden 1[0m
D (1192) nvs: nvs_get ap.max.conn 1[0m
D (1202) nvs: nvs_get bcn.interval 2[0m
D (1202) nvs: nvs_get ap.phym 1[0m
D (1202) nvs: nvs_get ap.phybw 1[0m
D (1212) nvs: nvs_get ap.sndchan 1[0m
D (1212) nvs: nvs_get ap.pmf_e 1[0m
D (1212) nvs: nvs_get ap.pmf_r 1[0m
D (1222) nvs: nvs_get ap.p_cipher 1[0m
D (1222) nvs: nvs_get lorate 1[0m
D (1222) nvs: nvs_get_str_or_blob country[0m
D (1232) nvs: nvs_get ap.ftm_r 1[0m
D (1232) nvs: nvs_get sta.ft 1[0m
D (1232) nvs: nvs_get sta.owe 1[0m
D (1242) nvs: nvs_get sta.trans_d 1[0m
D (1242) nvs: nvs_get sta.sae_h2e 1[0m
D (1252) nvs: nvs_get sta.sae_pk_mode 1[0m
D (1252) nvs: nvs_get sta.bss_retry 1[0m
D (1252) nvs: nvs_get_str_or_blob sta.owe_data[0m
D (1262) nvs: nvs_get sta.he_dcm 1[0m
D (1262) nvs: nvs_get sta.he_dcm_c_tx 1[0m
D (1262) nvs: nvs_get sta.he_dcm_c_rx 1[0m
D (1272) nvs: nvs_get sta.he_mcs9_d 1[0m
D (1272) nvs: nvs_get sta.he_su_b_d 1[0m
D (1282) nvs: nvs_get sta.he_su_b_f_d 1[0m
D (1282) nvs: nvs_get sta.he_mu_b_f_d 1[0m
D (1282) nvs: nvs_get sta.he_cqi_f_d 1[0m
D (1292) nvs: nvs_get_str_or_blob sta.sae_h2e_id[0m
D (1292) nvs: nvs_get ap.sae_h2e 1[0m
D (1302) nvs: nvs_get_str_or_blob ap.pmk_info[0m
D (1302) nvs: nvs_get nan.phym 1[0m
D (1302) nvs: nvs_set ap.sndchan 1 1[0m
I (1312) wifi:wifi firmware version: a9f5b59-dirty
I (1312) wifi:wifi certification version: v7.0
I (1322) wifi:config NVS flash: enabled
I (1322) wifi:config nano formating: disabled
I (1322) wifi:Init data frame dynamic rx buffer num: 32
I (1332) wifi:Init static rx mgmt buffer num: 5
I (1332) wifi:Init management short buffer num: 32
I (1342) wifi:Init dynamic tx buffer num: 32
I (1342) wifi:Init static tx FG buffer num: 2
I (1352) wifi:Init static rx buffer size: 1600
I (1352) wifi:Init static rx buffer num: 10
I (1352) wifi:Init dynamic rx buffer num: 32
V (1362) wifi:hint=255, act_dur=<0,120>, pas_dur=360, nchans=14 history_num=0
V (1362) esp_adapter: thread sem get: sem=0x3fcaa7ac[0m
[0;32mI (1372) wifi_init: rx ba win: 6[0m
[0;32mI (1372) wifi_init: tcpip mbox: 32[0m
[0;32mI (1382) wifi_init: udp mbox: 6[0m
[0;32mI (1382) wifi_init: tcp mbox: 6[0m
[0;32mI (1382) wifi_init: tcp tx win: 5760[0m
[0;32mI (1392) wifi_init: tcp rx win: 5760[0m
[0;32mI (1392) wifi_init: tcp mss: 1440[0m
[0;32mI (1402) wifi_init: WiFi IRAM OP enabled[0m
[0;32mI (1402) wifi_init: WiFi RX IRAM OP enabled[0m
V (1412) esp_adapter: thread sem get: sem=0x3fcaa7ac[0m
D (1412) nvs: nvs_get opmode 1[0m
[0;32mI (1422) wpa: esp_dpp_task prio:2, stack:6656[0m
D (1422) wpa: private key - hexdump(len=0):[0m
D (1422) wpa:  [NULL][0m
D (1482) wpa: DPP: Generating a keypair[0m
[0;31mE (1482) wpa: curve: secp256r1[0m
[0;31mE (1482) wpa: prime len is 32[0m
[0;31mE (1482) wpa: Q_x: - hexdump(len=32):[0m
[0;31mE (1482) wpa: 96 0b e9 0d c1 1e 41 32 96 f4 8f 1f f9 75 52 f3 [0m
[0;31mE (1492) wpa: 58 4e 94 18 ae f2 a2 d9 5f 81 e7 9c 5a ed 19 30 [0m
[0;31mE (1502) wpa: Q_y: - hexdump(len=32):[0m
[0;31mE (1502) wpa: 1e e7 c7 71 fd 42 2d 09 a2 75 cd 66 b8 f1 c1 6b [0m
[0;31mE (1512) wpa: a0 99 24 09 18 0f da b8 fc a8 82 94 73 50 95 e1 [0m
[0;31mE (1512) wpa: d:      - hexdump(len=32):[0m
[0;31mE (1522) wpa: 71 64 e4 98 dc 28 0d 78 0b 79 d5 5a 0c b5 c2 71 [0m
[0;31mE (1532) wpa: 3c 56 35 6a 88 07 be 74 5c e4 bd 95 18 46 7d 7c [0m
D (1532) wpa: DPP: Compressed public key (DER) - hexdump(len=59):[0m
D (1542) wpa: 30 39 30 13 06 07 2a 86 48 ce 3d 02 01 06 08 2a [0m
D (1542) wpa: 86 48 ce 3d 03 01 07 03 22 00 03 96 0b e9 0d c1 [0m
D (1552) wpa: 1e 41 32 96 f4 8f 1f f9 75 52 f3 58 4e 94 18 ae [0m
D (1562) wpa: f2 a2 d9 5f 81 e7 9c 5a ed 19 30 [0m
D (1562) gdma: new group (0) at 0x3fcb2f74[0m
D (1572) gdma: new pair (0,0) at 0x3fcb2dd0[0m
D (1572) gdma: new tx channel (0,0) at 0x3fcb2c80[0m
D (1572) gdma: new rx channel (0,0) at 0x3fcb2ffc[0m
D (1582) gdma: tx channel (0,0), (1:16) bytes aligned, burst enabled[0m
D (1592) gdma: rx channel (0,0), (1:16) bytes aligned, burst disabled[0m
D (1592) wpa: DPP: Public key hash - hexdump(len=32):[0m
D (1602) wpa: 28 11 f4 4a 17 b3 83 88 04 e7 68 3d d0 b5 72 43 [0m
D (1602) wpa: 50 25 ce 34 8f cc 6f ef 71 1b 5e a7 c3 15 21 0b [0m
D (1612) wpa: DPP: URI mac: 84:fc:e6:7b:73:b8[0m
[0;32mI (1612) wifi dpp-enrollee: Scan below QR Code to configure the enrollee:[0m
[0;32mI (1622) QRCODE: Encoding below text with ECC LVL 0 & QR Code Version 10[0m
[0;32mI (1632) QRCODE: DPP:C:81/6;M:84:fc:e6:7b:73:b8;K:MDkwEwYHKoZIzj0CAQYIKoZIzj0DAQcDIgADlgvpDcEeQTKW9I8f+XVS81hOlBiu8qLZX4HnnFrtGTA=;;[0m
                                              
  █▀▀▀▀▀█ ▄▀   █▄▄▀█▀ ▀ █▀ ▀ ▄▀█▄▀▄ █▀▀▀▀▀█   
  █ ███ █ ▄█ █ ▀▄ ▄▀▀  █▄ ▄▄█    ▀  █ ███ █   
  █ ▀▀▀ █ ▄█▄ ▀█ █▄▄█ ▄▀▄▀▄▄▀▄▀█▄▀  █ ▀▀▀ █   
  ▀▀▀▀▀▀▀ ▀▄▀ █ ▀▄▀ ▀▄▀▄█▄▀ ▀ ▀ █▄█ ▀▀▀▀▀▀▀   
  ▀█▀█▀ ▀▀▀▀▄▀▄▀▄▀█ ▄█▀██▀▀▀▄▀▀█▄▄▄▀▄▀▄▀ █▄   
    █ █▀▀▄ ▀▄▀  ▄█▀ ▀▄ ▄▀▄  █▀▀ █▄▄▀ ▄▄  ▄    
  ▀█▀ █ ▀ ▀▀█ ▀ ▄▄▄ ▀█▀ █▄▀█▄█▄  ▄▄  ███▀ ▀   
  ▄ ▄▀ ▀▀ ▄ ▀█▀   ▄ ▀▄▀█▄ █  █▄    ▀████▀▄    
   ▄▄▀▀█▀▄█▀ █▀▄▀▄▄▄ █▄█▀█ █▄ ▀▀▀█▄▄ ▀▄▀██▄   
  ▀██ ▄█▀▀▄▀█ ▄█▀▀ █▄▄ ▄ ▄▄  ▀█▀▄▄ ▄ █ ▄▀▄    
  █▄█▀▀ ▀▀█▀█▀▄ ▀▄▀ ▄█▀ █▀▀██▀▄  █▀▄ ▄▄▄      
  █▄▄▀██▀▀ ▀▄ ▄ ▀█▀ ▀ ██  ▀▀▄▀█▀▄ ▀ ▀██▄▀▄    
  █ ▀▀██▀  █  ▀ ▀██  ███▀▄▀ ▀ ▀▀▀█▀▀▄ ▄▀▀▄    
  █▀▄ █▄▀ █   ▀ ▄▀█ ▀ ▀█▀ ▀ ▄▀ ▀▀ ▄▀█▀█▀▀     
  █ ▀▄▀ ▀▀▄▀  ▀ ▄▄▄▄▀█▀▀▀▄▄▄▀▄▄█▀ ▄  ▄█▀▀█    
  █ ▄█▄▄▀▄ ▄ █▀ ▄ ▄ ▀ ▀▄▄ █▀▄█ ▀█ ▀██▀▄▄  ▄   
  ▀ ▀▀  ▀▀▄ ▄▀▀▄█ ▄▄▄ ▄▄▀▀▀█▄ ▀█▀██▀▀▀█ ▄█    
  █▀▀▀▀▀█ ▀  ▄▄█▀▀▀█▄▄ ▄█   ▀▀  █▀█ ▀ █ ▀ ▄   
  █ ███ █ █▀▀ ▄ ▀▄▀▄▄▀▄▀█▀ ▄█▀▄▀▀ ▀█▀█▀█▀ ▄   
  █ ▀▀▀ █ ██▀ ▄ ▄█▀ ▀ ▄▄█▄█▀ █▀▀ ▄█ ▀ █▄ ▄    
  ▀▀▀▀▀▀▀ ▀   ▀▀▀▀    ▀▀▀▀▀ ▀▀ ▀    ▀   ▀     
                                              

V (1942) esp_adapter: thread sem get: sem=0x3fcaa7ac[0m
[0;32mI (1942) phy_init: phy_version 640,cd64a1a,Jan 24 2024,17:28:12[0m
D (1952) phy_init: loading PHY init data from application binary[0m
D (1952) nvs: nvs_open_from_partition phy 0[0m
D (1962) nvs: nvs_get cal_version 4[0m
V (1962) phy_init: phy_get_rf_cal_version: 640[0m
D (1972) nvs: nvs_get_str_or_blob cal_mac[0m
D (1972) efuse: In EFUSE_BLK1__DATA1_REG is used 8 bits starting with 8 bit[0m
D (1982) efuse: In EFUSE_BLK1__DATA1_REG is used 8 bits starting with 0 bit[0m
D (1982) efuse: In EFUSE_BLK1__DATA0_REG is used 8 bits starting with 24 bit[0m
D (1992) efuse: In EFUSE_BLK1__DATA0_REG is used 8 bits starting with 16 bit[0m
D (2002) efuse: In EFUSE_BLK1__DATA0_REG is used 8 bits starting with 8 bit[0m
D (2002) efuse: In EFUSE_BLK1__DATA0_REG is used 8 bits starting with 0 bit[0m
D (2012) nvs: nvs_get_str_or_blob cal_data[0m
D (2022) nvs: nvs_close 3[0m
D (2022) efuse: In EFUSE_BLK1__DATA1_REG is used 8 bits starting with 8 bit[0m
D (2032) efuse: In EFUSE_BLK1__DATA1_REG is used 8 bits starting with 0 bit[0m
D (2032) efuse: In EFUSE_BLK1__DATA0_REG is used 8 bits starting with 24 bit[0m
D (2042) efuse: In EFUSE_BLK1__DATA0_REG is used 8 bits starting with 16 bit[0m
D (2052) efuse: In EFUSE_BLK1__DATA0_REG is used 8 bits starting with 8 bit[0m
D (2052) efuse: In EFUSE_BLK1__DATA0_REG is used 8 bits starting with 0 bit[0m
D (2082) temperature_sensor: range changed, change to index 2[0m
V (2112) wifi:ht20 freq=2412, chan=1
D (2122) wifi:filter: set rx policy=0
I (2122) wifi:mode : sta (84:fc:e6:7b:73:b8)
I (2122) wifi:enable tsf
D (2122) wifi:filter: set rx policy=1
D (2122) wifi:connect status 0 -> 0
D (2122) event: running post WIFI_EVENT:40 with handler 0x4200a710 and context 0x3fca7f98 on loop 0x3fca6d0c[0m
D (2132) event: running post WIFI_EVENT:2 with handler 0x4202cce4 and context 0x3fca7e30 on loop 0x3fca6d0c[0m
D (2142) wifi_init_default: wifi_start esp-netif:0x3fca7c34 event-id2[0m
D (2152) wifi_init_default: WIFI mac address: 84 fc e6 7b 73 b8[0m
V (2162) esp_adapter: thread sem create: sem=0x3fcb27f0[0m
V (2162) esp_adapter: thread sem get: sem=0x3fcb27f0[0m
D (2172) esp_netif_lwip: check: remote, if=0x3fca7c34 fn=0x42012e34[0m
D (2172) esp_netif_lwip: call api in lwip: ret=0x0, give sem[0m
D (2182) esp_netif_handlers: esp_netif action has started with netif0x3fca7c34 from event_id=2[0m
D (2192) esp_netif_lwip: check: remote, if=0x3fca7c34 fn=0x42013700[0m
D (2192) esp_netif_lwip: esp_netif_start_api 0x3fca7c34[0m
D (2202) esp_netif_lwip: esp_netif_get_hostname esp_netif:0x3fca7c34[0m
D (2202) esp_netif_lwip: check: local, if=0x3fca7c34 fn=0x42013ea4[0m
D (2212) esp_netif_lwip: esp_netif_update_default_netif_lwip 0x3fca7c34[0m
V (2222) esp_netif_lwip: esp_netif_is_netif_up esp_netif:0x3fca7c34[0m
D (2222) esp_netif_lwip: call api in lwip: ret=0x0, give sem[0m
D (2232) event: running post WIFI_EVENT:2 with handler 0x4200a710 and context 0x3fca7f98 on loop 0x3fca6d0c[0m
[0;32mI (2242) wifi dpp-enrollee: Started listening for DPP Authentication[0m
V (2242) esp_adapter: thread sem create: sem=0x3fcb28a0[0m
V (2252) esp_adapter: thread sem get: sem=0x3fcb28a0[0m
D (2262) wifi:Listen on channel 6 for 500 mSec
V (2262) wifi:change: chan<6,0>, dur<0,500>
V (2262) wifi:ht20 freq=2437, chan=6
V (2272) wifi:enter start op, arg=0x42014ad0
V (2272) wifi:start max timer
D (2782) wifi:ROC: Ending operation at 2.0, returning to Channel 1
V (2782) wifi:back home chan=<1,0>, current chan=<6,0>
V (2782) wifi:ht20 freq=2412, chan=1
D (2782) event: running post WIFI_EVENT:20 with handler 0x4200a710 and context 0x3fca7f98 on loop 0x3fca6d0c[0m
D (2792) event: running post WIFI_EVENT:20 with handler 0x4201563c and context 0x3fcb2590 on loop 0x3fca6d0c[0m
V (2802) esp_adapter: thread sem get: sem=0x3fcb28a0[0m
D (2802) wifi:Listen on channel 6 for 500 mSec
V (2812) wifi:change: chan<6,0>, dur<0,500>
V (2812) wifi:ht20 freq=2437, chan=6
V (2812) wifi:enter start op, arg=0x42014ad0
V (2822) wifi:start max timer
D (3322) wifi:ROC: Ending operation at 3.0, returning to Channel 1
V (3322) wifi:back home chan=<1,0>, current chan=<6,0>
V (3322) wifi:ht20 freq=2412, chan=1
D (3332) event: running post WIFI_EVENT:20 with handler 0x4200a710 and context 0x3fca7f98 on loop 0x3fca6d0c[0m
D (3332) event: running post WIFI_EVENT:20 with handler 0x4201563c and context 0x3fcb2590 on loop 0x3fca6d0c[0m
V (3342) esp_adapter: thread sem get: sem=0x3fcb28a0[0m
D (3352) wifi:Listen on channel 6 for 500 mSec
V (3352) wifi:change: chan<6,0>, dur<0,500>
V (3362) wifi:ht20 freq=2437, chan=6
V (3362) wifi:enter start op, arg=0x42014ad0
V (3362) wifi:start max timer
D (3872) wifi:ROC: Ending operation at 3.0, returning to Channel 1
V (3872) wifi:back home chan=<1,0>, current chan=<6,0>
V (3872) wifi:ht20 freq=2412, chan=1
D (3872) event: running post WIFI_EVENT:20 with handler 0x4200a710 and context 0x3fca7f98 on loop 0x3fca6d0c[0m
D (3882) event: running post WIFI_EVENT:20 with handler 0x4201563c and context 0x3fcb2590 on loop 0x3fca6d0c[0m
V (3892) esp_adapter: thread sem get: sem=0x3fcb28a0[0m
D (3902) wifi:Listen on channel 6 for 500 mSec
V (3902) wifi:change: chan<6,0>, dur<0,500>
V (3902) wifi:ht20 freq=2437, chan=6
V (3912) wifi:enter start op, arg=0x42014ad0
V (3912) wifi:start max timer
D (4412) wifi:ROC: Ending operation at 4.0, returning to Channel 1
V (4412) wifi:back home chan=<1,0>, current chan=<6,0>
V (4412) wifi:ht20 freq=2412, chan=1
D (4422) event: running post WIFI_EVENT:20 with handler 0x4200a710 and context 0x3fca7f98 on loop 0x3fca6d0c[0m
D (4432) event: running post WIFI_EVENT:20 with handler 0x4201563c and context 0x3fcb2590 on loop 0x3fca6d0c[0m
V (4442) esp_adapter: thread sem get: sem=0x3fcb28a0[0m
D (4442) wifi:Listen on channel 6 for 500 mSec
V (4452) wifi:change: chan<6,0>, dur<0,500>
V (4452) wifi:ht20 freq=2437, chan=6
V (4452) wifi:enter start op, arg=0x42014ad0
V (4462) wifi:start max timer
D (4962) wifi:ROC: Ending operation at 4.0, returning to Channel 1
V (4962) wifi:back home chan=<1,0>, current chan=<6,0>
V (4962) wifi:ht20 freq=2412, chan=1
D (4962) event: running post WIFI_EVENT:20 with handler 0x4200a710 and context 0x3fca7f98 on loop 0x3fca6d0c[0m
D (4972) event: running post WIFI_EVENT:20 with handler 0x4201563c and context 0x3fcb2590 on loop 0x3fca6d0c[0m
V (4982) esp_adapter: thread sem get: sem=0x3fcb28a0[0m
D (4992) wifi:Listen on channel 6 for 500 mSec
V (4992) wifi:change: chan<6,0>, dur<0,500>
V (5002) wifi:ht20 freq=2437, chan=6
V (5002) wifi:enter start op, arg=0x42014ad0
V (5002) wifi:start max timer
D (5342) wpa: DPP: Rx Public Action frame: action - 9[0m
V (5342) esp_adapter: thread sem get: sem=0x3fcb28a0[0m
D (5342) wifi:ROC: Ending operation at 5.0, returning to Channel 1
V (5342) wifi:back home chan=<1,0>, current chan=<6,0>
V (5352) wifi:ht20 freq=2412, chan=1
V (5352) wifi:back home chan=<1,0>, current chan=<1,0>
[0;32mI (5362) wpa: DPP: Authentication Request from 66:a4:66:30:6c:2f[0m
D (5362) event: running post WIFI_EVENT:20 with handler 0x4200a710 and context 0x3fca7f98 on loop 0x3fca6d0c[0m
V (5362) wpa: DPP: Responder Bootstrapping Key Hash - hexdump(len=32):[0m
D (5372) event: running post WIFI_EVENT:20 with handler 0x4201563c and context 0x3fcb2590 on loop 0x3fca6d0c[0m
V (5382) wpa: 28 11 f4 4a 17 b3 83 88 04 e7 68 3d d0 b5 72 43 [0m
V (5392) wpa: 50 25 ce 34 8f cc 6f ef 71 1b 5e a7 c3 15 21 0b [0m
V (5402) wpa: DPP: Initiator Bootstrapping Key Hash - hexdump(len=32):[0m
V (5412) wpa: c7 b2 8a 34 b7 fa 9e 95 cc 46 f4 68 87 c5 47 1a [0m
V (5412) wpa: fd 11 a0 cc 22 7b 48 02 a9 b5 c7 da a7 0b 57 cb [0m
V (5422) wpa: DPP: Wrapped Data - hexdump(len=41):[0m
V (5422) wpa: 60 6d dc b2 99 58 00 53 ed b7 ca 9b 26 72 ca 1e [0m
V (5432) wpa: ff ec 41 f9 9b e0 f9 c8 dd 2a d3 48 30 be 50 03 [0m
V (5442) wpa: ac 81 e4 6a dc 4f 40 b2 9f [0m
V (5442) wpa: DPP: Initiator Protocol Key - hexdump(len=64):[0m
V (5452) wpa: 7b 19 67 df 59 39 3c 43 d8 8d 0b af 1d 2e 9a 7c [0m
V (5452) wpa: f3 1a c2 48 77 6d 57 9b 5a ea 57 38 91 30 98 05 [0m
V (5462) wpa: 1d e5 9c 8f b3 88 ee 47 eb 05 f7 d7 78 95 b3 9e [0m
V (5462) wpa: 9c 42 af 06 8c 52 0c 40 9e c9 bc 65 c7 5b 01 e5 [0m
V (5472) intr_alloc: esp_intr_alloc_intrstatus (cpu 1): checking args[0m
V (5482) intr_alloc: esp_intr_alloc_intrstatus (cpu 1): Args okay. Resulting flags 0xE[0m
D (5482) intr_alloc: Connected src 76 to int 4 (cpu 1)[0m
[0;31mE (5492) wpa: curve: secp256r1[0m
[0;31mE (5492) wpa: prime len is 32[0m
[0;31mE (5502) wpa: Q_x: - hexdump(len=32):[0m
[0;31mE (5502) wpa: 7b 19 67 df 59 39 3c 43 d8 8d 0b af 1d 2e 9a 7c [0m
[0;31mE (5512) wpa: f3 1a c2 48 77 6d 57 9b 5a ea 57 38 91 30 98 05 [0m
[0;31mE (5512) wpa: Q_y: - hexdump(len=32):[0m
[0;31mE (5522) wpa: 1d e5 9c 8f b3 88 ee 47 eb 05 f7 d7 78 95 b3 9e [0m
[0;31mE (5522) wpa: 9c 42 af 06 8c 52 0c 40 9e c9 bc 65 c7 5b 01 e5 [0m
[0;31mE (5532) wpa: d:      - hexdump(len=32):[0m
[0;31mE (5542) wpa: 00 00 00 00 00 00 00 00 00 00 00 00 00 00 00 00 [0m
[0;31mE (5542) wpa: 00 00 00 00 00 00 00 00 00 00 00 00 00 00 00 00 [0m
V (5552) intr_alloc: esp_intr_alloc_intrstatus (cpu 1): checking args[0m
V (5552) intr_alloc: esp_intr_alloc_intrstatus (cpu 1): Args okay. Resulting flags 0xE[0m
D (5562) intr_alloc: Connected src 77 to int 9 (cpu 1)[0m
D (5722) wpa: DPP: ECDH shared secret (M.x) - hexdump(len=32):[0m
D (5722) wpa: 5e 1d 12 ea eb 8e 11 4e 0e d8 30 1c da c9 95 48 [0m
D (5722) wpa: 51 f7 db 9f 62 e4 5f 49 1c db 59 7c c8 c5 a2 cb [0m
D (5732) wpa: DPP: PRK = HKDF-Extract(<>, IKM=M.x) - hexdump(len=32):[0m
D (5732) wpa: 81 60 ad dc dc 38 47 bc f0 38 44 f2 8d 06 0c c1 [0m
D (5742) wpa: f0 b7 24 1c 22 93 72 91 e7 c6 f1 e3 2f c3 ea 8e [0m
D (5752) wpa: DPP: k1 = HKDF-Expand(PRK, info, L) - hexdump(len=32):[0m
D (5752) wpa: 39 26 45 0a 9b ef 94 42 ad d3 6b 7d fc 27 cd b6 [0m
D (5762) wpa: d5 cc 1f 85 40 33 20 1f b0 3a d6 38 4d 9b 42 21 [0m
D (5762) wpa: DDP: AES-SIV AD[0] - hexdump(len=6):[0m
D (5772) wpa: 50 6f 9a 1a 01 00 [0m
D (5772) wpa: DDP: AES-SIV AD[1] - hexdump(len=140):[0m
D (5782) wpa: 02 10 20 00 28 11 f4 4a 17 b3 83 88 04 e7 68 3d [0m
D (5782) wpa: d0 b5 72 43 50 25 ce 34 8f cc 6f ef 71 1b 5e a7 [0m
D (5792) wpa: c3 15 21 0b 01 10 20 00 c7 b2 8a 34 b7 fa 9e 95 [0m
D (5802) wpa: cc 46 f4 68 87 c5 47 1a fd 11 a0 cc 22 7b 48 02 [0m
D (5802) wpa: a9 b5 c7 da a7 0b 57 cb 03 10 40 00 7b 19 67 df [0m
D (5812) wpa: 59 39 3c 43 d8 8d 0b af 1d 2e 9a 7c f3 1a c2 48 [0m
D (5812) wpa: 77 6d 57 9b 5a ea 57 38 91 30 98 05 1d e5 9c 8f [0m
D (5822) wpa: b3 88 ee 47 eb 05 f7 d7 78 95 b3 9e 9c 42 af 06 [0m
D (5832) wpa: 8c 52 0c 40 9e c9 bc 65 c7 5b 01 e5 [0m
D (5832) wpa: DPP: AES-SIV ciphertext - hexdump(len=41):[0m
D (5842) wpa: 60 6d dc b2 99 58 00 53 ed b7 ca 9b 26 72 ca 1e [0m
D (5842) wpa: ff ec 41 f9 9b e0 f9 c8 dd 2a d3 48 30 be 50 03 [0m
D (5852) wpa: ac 81 e4 6a dc 4f 40 b2 9f [0m
D (5852) wpa: DPP: AES-SIV cleartext - hexdump(len=25):[0m
D (5862) wpa: 05 10 10 00 26 b4 01 0d 96 59 35 a9 89 71 17 b7 [0m
D (5862) wpa: 74 30 cf c7 06 10 01 00 02 [0m
V (5872) wpa: DPP: Attribute ID 1005 len 16[0m
V (5872) wpa: DPP: Attribute ID 1006 len 1[0m
D (5872) wpa: DPP: I-nonce - hexdump(len=16):[0m
D (5882) wpa: 26 b4 01 0d 96 59 35 a9 89 71 17 b7 74 30 cf c7 [0m
D (5892) wpa: DPP: I-capabilities: 0x02[0m
D (5892) wpa: DPP: Acting as Enrollee[0m
D (5892) wpa: DPP: Build Authentication Response[0m
D (5902) wpa: DPP: R-nonce - hexdump(len=16):[0m
D (5902) wpa: 89 ff 2e fb c4 d7 13 05 1b 70 63 84 3f 6c 4f 4b [0m
D (5962) wpa: DPP: Generating a keypair[0m
[0;31mE (5962) wpa: curve: secp256r1[0m
[0;31mE (5962) wpa: prime len is 32[0m
[0;31mE (5962) wpa: Q_x: - hexdump(len=32):[0m
[0;31mE (5972) wpa: 9b 3b 23 53 66 87 ed bc 6b ac 5e 13 9c 8b 3a e1 [0m
[0;31mE (5972) wpa: 67 bf 4e 0e 1f 58 5b c2 38 1e f4 97 49 6e 64 1d [0m
[0;31mE (5982) wpa: Q_y: - hexdump(len=32):[0m
[0;31mE (5982) wpa: 95 63 da fe b9 e8 c5 dd b2 29 9a 92 6f 91 fb d9 [0m
[0;31mE (5992) wpa: 90 46 99 c7 1b ca 14 78 6f 91 73 ff 8b fa 5e 46 [0m
[0;31mE (6002) wpa: d:      - hexdump(len=32):[0m
[0;31mE (6002) wpa: b3 9c ca bd 80 d2 e6 e1 1f 87 e0 28 7a 51 26 07 [0m
[0;31mE (6012) wpa: 7e 56 5f b0 25 be 30 69 69 7a 47 a3 d2 7e 80 61 [0m
D (6172) wpa: DPP: ECDH shared secret (N.x) - hexdump(len=32):[0m
D (6172) wpa: b0 6b 0b e7 ec e5 9f 08 3c b7 ec f7 4e 6c f7 8e [0m
D (6172) wpa: 28 e6 7d fb 6c aa 79 1e 4b e3 62 dd 51 7b 4b 65 [0m
D (6182) wpa: DPP: PRK = HKDF-Extract(<>, IKM=N.x) - hexdump(len=32):[0m
D (6182) wpa: 22 b4 ff d6 2a d3 63 a4 bc fc b3 74 9c ba c1 a0 [0m
D (6192) wpa: d7 66 f8 24 51 c1 9a 44 d5 cd e0 8a 64 76 a8 35 [0m
D (6192) wpa: DPP: k2 = HKDF-Expand(PRK, info, L) - hexdump(len=32):[0m
D (6202) wpa: 5c dd 33 01 f8 32 94 43 a1 15 f9 e8 c3 d8 c4 55 [0m
D (6212) wpa: 66 eb 88 29 af e7 c8 f3 c0 1e e5 6d 0a 19 b7 d4 [0m
D (6212) wpa: DPP: PRK = HKDF-Extract(<>, IKM) - hexdump(len=32):[0m
D (6222) wpa: 3f a9 8a ee 3d c2 41 51 ee 7f f9 f4 fc 18 8c 1d [0m
D (6222) wpa: cd 14 63 79 53 3d 35 7c 09 6c 71 6b a3 95 ed 71 [0m
D (6232) wpa: DPP: ke = HKDF-Expand(PRK, info, L) - hexdump(len=32):[0m
D (6242) wpa: 64 97 20 16 de 48 4a 4a 93 13 f5 61 84 e8 5b f8 [0m
D (6242) wpa: d3 08 c9 03 9c ac df ba 1e fa c6 76 2a 20 d6 27 [0m
D (6252) wpa: DPP: R-auth hash components[0m
D (6252) wpa: DPP: hash component - hexdump(len=16):[0m
D (6262) wpa: 26 b4 01 0d 96 59 35 a9 89 71 17 b7 74 30 cf c7 [0m
D (6262) wpa: DPP: hash component - hexdump(len=16):[0m
D (6272) wpa: 89 ff 2e fb c4 d7 13 05 1b 70 63 84 3f 6c 4f 4b [0m
D (6272) wpa: DPP: hash component - hexdump(len=32):[0m
D (6282) wpa: 7b 19 67 df 59 39 3c 43 d8 8d 0b af 1d 2e 9a 7c [0m
D (6282) wpa: f3 1a c2 48 77 6d 57 9b 5a ea 57 38 91 30 98 05 [0m
D (6292) wpa: DPP: hash component - hexdump(len=32):[0m
D (6302) wpa: 9b 3b 23 53 66 87 ed bc 6b ac 5e 13 9c 8b 3a e1 [0m
D (6302) wpa: 67 bf 4e 0e 1f 58 5b c2 38 1e f4 97 49 6e 64 1d [0m
D (6312) wpa: DPP: hash component - hexdump(len=32):[0m
D (6312) wpa: 96 0b e9 0d c1 1e 41 32 96 f4 8f 1f f9 75 52 f3 [0m
D (6322) wpa: 58 4e 94 18 ae f2 a2 d9 5f 81 e7 9c 5a ed 19 30 [0m
D (6322) wpa: DPP: hash component - hexdump(len=1):[0m
D (6332) wpa: 00 [0m
D (6332) wpa: DPP: R-auth - hexdump(len=32):[0m
D (6342) wpa: 27 18 96 1e 1d 2e a5 a4 e1 c3 3d 12 17 a3 f8 ed [0m
D (6342) wpa: ad b1 5d bc 0e ce 2b 7d e4 1f 7a 12 60 4e f1 c5 [0m
D (6352) wpa: DPP: {R-auth}ke - hexdump(len=52):[0m
D (6352) wpa: ad 3c 87 6b e3 2e ee e9 7f 04 64 74 be 4b 04 05 [0m
D (6362) wpa: fe 69 cf 04 65 f7 ee 42 f9 da 03 58 0a d2 93 4c [0m
D (6362) wpa: 47 93 5c f3 a2 4d 0e 5c a0 e3 d1 5e f3 81 7d 39 [0m
D (6372) wpa: 90 a2 c2 11 [0m
D (6372) wpa: Setting auth resp retry to 0 0 [0m
D (6382) wpa: DPP: Status 0[0m
D (6382) wpa: DPP: R-Bootstrap Key Hash[0m
D (6382) wpa: DDP: AES-SIV AD[0] - hexdump(len=6):[0m
D (6392) wpa: 50 6f 9a 1a 01 01 [0m
D (6392) wpa: DDP: AES-SIV AD[1] - hexdump(len=109):[0m
D (6402) wpa: 00 10 01 00 00 02 10 20 00 28 11 f4 4a 17 b3 83 [0m
D (6402) wpa: 88 04 e7 68 3d d0 b5 72 43 50 25 ce 34 8f cc 6f [0m
D (6412) wpa: ef 71 1b 5e a7 c3 15 21 0b 09 10 40 00 9b 3b 23 [0m
D (6412) wpa: 53 66 87 ed bc 6b ac 5e 13 9c 8b 3a e1 67 bf 4e [0m
D (6422) wpa: 0e 1f 58 5b c2 38 1e f4 97 49 6e 64 1d 95 63 da [0m
D (6432) wpa: fe b9 e8 c5 dd b2 29 9a 92 6f 91 fb d9 90 46 99 [0m
D (6432) wpa: c7 1b ca 14 78 6f 91 73 ff 8b fa 5e 46 [0m
D (6442) wpa: DPP: AES-SIV cleartext - hexdump(len=101):[0m
D (6442) wpa: 07 10 10 00 89 ff 2e fb c4 d7 13 05 1b 70 63 84 [0m
D (6452) wpa: 3f 6c 4f 4b 05 10 10 00 26 b4 01 0d 96 59 35 a9 [0m
D (6452) wpa: 89 71 17 b7 74 30 cf c7 08 10 01 00 01 04 10 34 [0m
D (6462) wpa: 00 ad 3c 87 6b e3 2e ee e9 7f 04 64 74 be 4b 04 [0m
D (6472) wpa: 05 fe 69 cf 04 65 f7 ee 42 f9 da 03 58 0a d2 93 [0m
D (6472) wpa: 4c 47 93 5c f3 a2 4d 0e 5c a0 e3 d1 5e f3 81 7d [0m
D (6482) wpa: 39 90 a2 c2 11 [0m
D (6482) wpa: DPP: AES-SIV ciphertext - hexdump(len=117):[0m
D (6492) wpa: 84 27 c3 d8 8d 59 b4 74 4c 65 93 32 9a dd 72 56 [0m
D (6492) wpa: 4e 0b c8 c8 01 74 7d f3 77 45 40 27 84 73 d6 75 [0m
D (6502) wpa: c7 ad c0 e4 96 b9 9f 39 c7 a3 da 37 43 09 87 ce [0m
D (6502) wpa: c8 f3 fe 66 62 4c 87 d7 b3 92 b0 bc 1f d9 e8 16 [0m
D (6512) wpa: 96 57 63 10 9f d3 91 72 94 99 5f 82 91 05 cb 52 [0m
D (6522) wpa: 1e a4 8f 52 3e 8d 19 11 78 3a 61 49 97 43 2d ab [0m
D (6522) wpa: 28 62 44 af 9c 96 b6 6f 39 8c d9 6a 91 e4 89 1c [0m
D (6532) wpa: d3 10 54 57 3c [0m
D (6532) wpa: DPP: Authentication Response frame attributes - hexdump(len=238):[0m
D (6542) wpa: 04 09 50 6f 9a 1a 01 01 00 10 01 00 00 02 10 20 [0m
D (6542) wpa: 00 28 11 f4 4a 17 b3 83 88 04 e7 68 3d d0 b5 72 [0m
D (6552) wpa: 43 50 25 ce 34 8f cc 6f ef 71 1b 5e a7 c3 15 21 [0m
D (6562) wpa: 0b 09 10 40 00 9b 3b 23 53 66 87 ed bc 6b ac 5e [0m
D (6562) wpa: 13 9c 8b 3a e1 67 bf 4e 0e 1f 58 5b c2 38 1e f4 [0m
D (6572) wpa: 97 49 6e 64 1d 95 63 da fe b9 e8 c5 dd b2 29 9a [0m
D (6572) wpa: 92 6f 91 fb d9 90 46 99 c7 1b ca 14 78 6f 91 73 [0m
D (6582) wpa: ff 8b fa 5e 46 04 10 75 00 84 27 c3 d8 8d 59 b4 [0m
D (6592) wpa: 74 4c 65 93 32 9a dd 72 56 4e 0b c8 c8 01 74 7d [0m
D (6592) wpa: f3 77 45 40 27 84 73 d6 75 c7 ad c0 e4 96 b9 9f [0m
D (6602) wpa: 39 c7 a3 da 37 43 09 87 ce c8 f3 fe 66 62 4c 87 [0m
D (6602) wpa: d7 b3 92 b0 bc 1f d9 e8 16 96 57 63 10 9f d3 91 [0m
D (6612) wpa: 72 94 99 5f 82 91 05 cb 52 1e a4 8f 52 3e 8d 19 [0m
D (6612) wpa: 11 78 3a 61 49 97 43 2d ab 28 62 44 af 9c 96 b6 [0m
D (6622) wpa: 6f 39 8c d9 6a 91 e4 89 1c d3 10 54 57 3c [0m
D (6632) wpa: DPP: Mgmt Tx - MAC:66:a4:66:30:6c:2f, Channel-6, WaitT-600[0m
V (6632) esp_adapter: thread sem get: sem=0x3fcb28a0[0m
D (6642) wifi:Send frame on channel 6 to 66:a4:66:30:6c:2f

V (6642) wifi:change: chan<6,0>, dur<0,600>
V (6652) wifi:ht20 freq=2437, chan=6
V (6652) wifi:enter start op, arg=0x3fcb4374
D (6652) wifi:offchan_txop_start : 143
V (6662) wifi:start max timer
D (6662) wifi:tx_mgmt cb : 1636 status 1 
D (6662) wifi:tx data done, now:6686459
D (6672) wifi:woke up
D (6672) wpa: DPP: Rx Public Action frame: action - 9[0m
D (6672) event: running post WIFI_EVENT:19 with handler 0x4200a710 and context 0x3fca7f98 on loop 0x3fca6d0c[0m
D (6682) wpa: DPP: Authentication Confirmation from 66:a4:66:30:6c:2f[0m
D (6692) event: running post WIFI_EVENT:19 with handler 0x4201563c and context 0x3fcb2560 on loop 0x3fca6d0c[0m
D (6692) wpa: ELOOP: esp_dpp_rx_auth_conf:278 called to remove timer handler=0x4201551c, removed count=0[0m
D (6702) wpa: Mgmt Tx Status - 0, Cookie - 0x42014ad0[0m
D (6712) wpa: DPP: Wrapped data - hexdump(len=52):[0m
D (6722) wpa: ab b8 57 0c 8d 69 3b e1 8e 92 62 b7 71 60 0e b5 [0m
D (6732) wpa: 39 60 db 20 4d bc a7 65 16 f8 a6 be 26 9e 35 c0 [0m
D (6732) wpa: 1b 54 4c e4 2d 9d 7a d0 1c fa a6 a7 6c e3 8e 25 [0m
D (6742) wpa: 3e db 59 c0 [0m
D (6742) wpa: DPP: Responder Bootstrapping Key Hash - hexdump(len=32):[0m
D (6752) wpa: 28 11 f4 4a 17 b3 83 88 04 e7 68 3d d0 b5 72 43 [0m
D (6752) wpa: 50 25 ce 34 8f cc 6f ef 71 1b 5e a7 c3 15 21 0b [0m
D (6762) wpa: DPP: Status 0[0m
D (6762) wpa: DDP: AES-SIV AD[0] - hexdump(len=6):[0m
D (6772) wpa: 50 6f 9a 1a 01 02 [0m
D (6772) wpa: DDP: AES-SIV AD[1] - hexdump(len=41):[0m
D (6782) wpa: 00 10 01 00 00 02 10 20 00 28 11 f4 4a 17 b3 83 [0m
D (6782) wpa: 88 04 e7 68 3d d0 b5 72 43 50 25 ce 34 8f cc 6f [0m
D (6792) wpa: ef 71 1b 5e a7 c3 15 21 0b [0m
D (6792) wpa: DPP: AES-SIV ciphertext - hexdump(len=52):[0m
D (6802) wpa: ab b8 57 0c 8d 69 3b e1 8e 92 62 b7 71 60 0e b5 [0m
D (6802) wpa: 39 60 db 20 4d bc a7 65 16 f8 a6 be 26 9e 35 c0 [0m
D (6812) wpa: 1b 54 4c e4 2d 9d 7a d0 1c fa a6 a7 6c e3 8e 25 [0m
D (6812) wpa: 3e db 59 c0 [0m
D (6822) wpa: DPP: AES-SIV cleartext - hexdump(len=36):[0m
D (6822) wpa: 0a 10 20 00 66 a3 4f 78 20 d2 c4 6b 32 34 e4 d9 [0m
D (6832) wpa: 32 a1 d7 19 dc b0 3e 0e 3d a6 93 22 f8 bc 8a 71 [0m
D (6832) wpa: c9 4c 61 50 [0m
V (6842) wpa: DPP: Attribute ID 100a len 32[0m
D (6842) wpa: DPP: Received Initiator Authenticating Tag - hexdump(len=32):[0m
D (6852) wpa: 66 a3 4f 78 20 d2 c4 6b 32 34 e4 d9 32 a1 d7 19 [0m
D (6852) wpa: dc b0 3e 0e 3d a6 93 22 f8 bc 8a 71 c9 4c 61 50 [0m
D (6862) wpa: DPP: I-auth hash components[0m
D (6862) wpa: DPP: hash component - hexdump(len=16):[0m
D (6872) wpa: 89 ff 2e fb c4 d7 13 05 1b 70 63 84 3f 6c 4f 4b [0m
D (6882) wpa: DPP: hash component - hexdump(len=16):[0m
D (6882) wpa: 26 b4 01 0d 96 59 35 a9 89 71 17 b7 74 30 cf c7 [0m
D (6892) wpa: DPP: hash component - hexdump(len=32):[0m
D (6892) wpa: 9b 3b 23 53 66 87 ed bc 6b ac 5e 13 9c 8b 3a e1 [0m
D (6902) wpa: 67 bf 4e 0e 1f 58 5b c2 38 1e f4 97 49 6e 64 1d [0m
D (6902) wpa: DPP: hash component - hexdump(len=32):[0m
D (6912) wpa: 7b 19 67 df 59 39 3c 43 d8 8d 0b af 1d 2e 9a 7c [0m
D (6912) wpa: f3 1a c2 48 77 6d 57 9b 5a ea 57 38 91 30 98 05 [0m
D (6922) wpa: DPP: hash component - hexdump(len=32):[0m
D (6932) wpa: 96 0b e9 0d c1 1e 41 32 96 f4 8f 1f f9 75 52 f3 [0m
D (6932) wpa: 58 4e 94 18 ae f2 a2 d9 5f 81 e7 9c 5a ed 19 30 [0m
D (6942) wpa: DPP: hash component - hexdump(len=1):[0m
D (6942) wpa: 01 [0m
D (6942) wpa: DPP: I-auth - hexdump(len=32):[0m
D (6952) wpa: 66 a3 4f 78 20 d2 c4 6b 32 34 e4 d9 32 a1 d7 19 [0m
D (6952) wpa: dc b0 3e 0e 3d a6 93 22 f8 bc 8a 71 c9 4c 61 50 [0m
D (6962) wpa: DPP: Calculated Initiator Authenticating Tag - hexdump(len=32):[0m
D (6972) wpa: 66 a3 4f 78 20 d2 c4 6b 32 34 e4 d9 32 a1 d7 19 [0m
D (6972) wpa: dc b0 3e 0e 3d a6 93 22 f8 bc 8a 71 c9 4c 61 50 [0m
D (6982) wpa: DPP: Authentication success - clear temporary keys[0m
D (6992) wpa: DPP: Build configuration request[0m
D (6992) wpa: DPP: E-nonce - hexdump(len=16):[0m
D (6992) wpa: c5 6b 1c b9 42 19 73 31 95 9d 58 0d 40 c9 f5 73 [0m
D (7002) wpa: DPP: configRequest JSON - hexdump(len=71):[0m
D (7012) wpa: 7b 22 6e 61 6d 65 22 3a 22 54 65 73 74 22 2c 22 [0m
D (7012) wpa: 77 69 2d 66 69 5f 74 65 63 68 22 3a 22 69 6e 66 [0m
D (7022) wpa: 72 61 22 2c 22 6e 65 74 52 6f 6c 65 22 3a 22 73 [0m
D (7022) wpa: 74 61 22 2c 22 62 61 6e 64 53 75 70 70 6f 72 74 [0m
D (7032) wpa: 22 3a 5b 38 31 5d 7d [0m
D (7032) wpa: DPP: AES-SIV cleartext - hexdump(len=95):[0m
D (7042) wpa: 14 10 10 00 c5 6b 1c b9 42 19 73 31 95 9d 58 0d [0m
D (7042) wpa: 40 c9 f5 73 0e 10 47 00 7b 22 6e 61 6d 65 22 3a [0m
D (7052) wpa: 22 54 65 73 74 22 2c 22 77 69 2d 66 69 5f 74 65 [0m
D (7062) wpa: 63 68 22 3a 22 69 6e 66 72 61 22 2c 22 6e 65 74 [0m
D (7062) wpa: 52 6f 6c 65 22 3a 22 73 74 61 22 2c 22 62 61 6e [0m
D (7072) wpa: 64 53 75 70 70 6f 72 74 22 3a 5b 38 31 5d 7d [0m
D (7072) wpa: DPP: AES-SIV ciphertext - hexdump(len=111):[0m
D (7082) wpa: c0 1e 61 3b 07 7d a8 60 8b a3 d1 ec 64 6d b0 c5 [0m
D (7082) wpa: b3 a2 91 d9 42 e7 9c 1c a6 7c 0c 5f dd 45 3c e4 [0m
D (7092) wpa: 98 6b 89 bf 83 dd 45 d6 f3 c4 ab e5 37 6f eb be [0m
D (7102) wpa: b9 5d 87 47 a7 48 58 d9 d7 b1 a6 e7 1a c8 26 b1 [0m
D (7102) wpa: e3 a0 23 43 f8 aa c8 d4 c7 84 67 e8 cc c5 f1 f1 [0m
D (7112) wpa: fa b6 e9 68 91 07 c3 87 15 01 c3 a2 ee 32 29 02 [0m
D (7112) wpa: 6b 8f 97 02 91 ba 7e 06 26 41 e2 0e b5 4a d3 [0m
D (7122) wpa: DPP: Configuration Request frame attributes - hexdump(len=115):[0m
D (7132) wpa: 04 10 6f 00 c0 1e 61 3b 07 7d a8 60 8b a3 d1 ec [0m
D (7132) wpa: 64 6d b0 c5 b3 a2 91 d9 42 e7 9c 1c a6 7c 0c 5f [0m
D (7142) wpa: dd 45 3c e4 98 6b 89 bf 83 dd 45 d6 f3 c4 ab e5 [0m
D (7142) wpa: 37 6f eb be b9 5d 87 47 a7 48 58 d9 d7 b1 a6 e7 [0m
D (7152) wpa: 1a c8 26 b1 e3 a0 23 43 f8 aa c8 d4 c7 84 67 e8 [0m
D (7162) wpa: cc c5 f1 f1 fa b6 e9 68 91 07 c3 87 15 01 c3 a2 [0m
D (7162) wpa: ee 32 29 02 6b 8f 97 02 91 ba 7e 06 26 41 e2 0e [0m
D (7172) wpa: b5 4a d3 [0m
V (7172) wpa: DPP: GAS Config Request - hexdump(len=130):[0m
V (7182) wpa: 04 0a 00 6c 08 7f dd 05 50 6f 9a 1a 01 73 00 04 [0m
V (7182) wpa: 10 6f 00 c0 1e 61 3b 07 7d a8 60 8b a3 d1 ec 64 [0m
V (7192) wpa: 6d b0 c5 b3 a2 91 d9 42 e7 9c 1c a6 7c 0c 5f dd [0m
V (7192) wpa: 45 3c e4 98 6b 89 bf 83 dd 45 d6 f3 c4 ab e5 37 [0m
V (7202) wpa: 6f eb be b9 5d 87 47 a7 48 58 d9 d7 b1 a6 e7 1a [0m
V (7212) wpa: c8 26 b1 e3 a0 23 43 f8 aa c8 d4 c7 84 67 e8 cc [0m
V (7212) wpa: c5 f1 f1 fa b6 e9 68 91 07 c3 87 15 01 c3 a2 ee [0m
V (7222) wpa: 32 29 02 6b 8f 97 02 91 ba 7e 06 26 41 e2 0e b5 [0m
V (7222) wpa: 4a d3 [0m
D (7232) wpa: DPP: GAS request to 66:a4:66:30:6c:2f (chan 6)[0m
D (7232) wpa: DPP: Mgmt Tx - MAC:66:a4:66:30:6c:2f, Channel-6, WaitT-600[0m
V (7242) esp_adapter: thread sem get: sem=0x3fcb28a0[0m
D (7242) wifi:OFFCHAN-Tx: Ending op at 6.0, returning to Channel 1
V (7252) wifi:back home chan=<1,0>, current chan=<6,0>
V (7252) wifi:ht20 freq=2412, chan=1
D (7262) wifi:Send frame on channel 6 to 66:a4:66:30:6c:2f

V (7262) wifi:change: chan<6,0>, dur<0,600>
V (7272) wifi:ht20 freq=2437, chan=6
V (7272) wifi:enter start op, arg=0x3fcb4484
D (7272) wifi:offchan_txop_start : 143
V (7282) wifi:start max timer
D (7282) wpa: ELOOP: Added one timer from esp_dpp_rx_auth_conf:291 to call 0x42014bdc, current order=0[0m
D (7282) wifi:tx_mgmt cb : 1636 status 1 
D (7292) wifi:tx data done, now:7314956
D (7302) wifi:woke up
D (7302) wpa: DPP: Rx Public Action frame: action - 11[0m
D (7302) event: running post WIFI_EVENT:19 with handler 0x4200a710 and context 0x3fca7f98 on loop 0x3fca6d0c[0m
D (7302) wpa: DPP: Gas response received[0m
D (7312) event: running post WIFI_EVENT:19 with handler 0x4201563c and context 0x3fcb2560 on loop 0x3fca6d0c[0m
V (7322) wpa: DPP: Attribute ID 1000 len 1[0m
D (7332) wpa: Mgmt Tx Status - 0, Cookie - 0x42014ad0[0m
V (7332) wpa: DPP: Attribute ID 1004 len 133[0m
D (7342) wpa: DPP: AES-SIV ciphertext - hexdump(len=133):[0m
D (7352) wpa: 46 8f b8 a6 2b 30 47 56 5e 3d 7f e3 8e 50 db 68 [0m
D (7352) wpa: 14 97 b9 9c 11 c1 41 2f c2 8b 95 bb fd 51 c4 0e [0m
D (7362) wpa: e7 8e 0c 52 c9 21 6f f3 ba 28 68 3e ea 09 c1 e9 [0m
D (7362) wpa: 21 9f 47 24 9b ec 5b 3e 49 aa a1 14 cf db 39 cc [0m
D (7372) wpa: 84 d9 cf e9 f5 49 6e ae 90 4f 5d 13 d4 11 6d d1 [0m
D (7382) wpa: c3 a6 b9 dc b0 5b 5e 37 cb 43 ea 9f 9a 60 0a 9e [0m
D (7382) wpa: c1 a5 ab 94 c9 41 53 70 0e fb 59 de d7 f4 e9 be [0m
D (7392) wpa: 09 c2 8e f6 79 53 4b d0 38 da b5 8a ed f7 e3 9f [0m
D (7392) wpa: 08 36 4f aa dd [0m
D (7402) wpa: DDP: AES-SIV AD - hexdump(len=5):[0m
D (7402) wpa: 00 10 01 00 00 [0m
D (7412) wpa: DPP: AES-SIV cleartext - hexdump(len=117):[0m
D (7412) wpa: 14 10 10 00 c5 6b 1c b9 42 19 73 31 95 9d 58 0d [0m
D (7422) wpa: 40 c9 f5 73 0c 10 5d 00 7b 22 77 69 2d 66 69 5f [0m
D (7422) wpa: 74 65 63 68 22 3a 22 69 6e 66 72 61 22 2c 22 64 [0m
D (7432) wpa: 69 73 63 6f 76 65 72 79 22 3a 7b 22 73 73 69 64 [0m
D (7432) wpa: 22 3a 22 4d 50 43 2d 56 52 22 7d 2c 22 63 72 65 [0m
D (7442) wpa: 64 22 3a 7b 22 61 6b 6d 22 3a 22 70 73 6b 22 2c [0m
D (7452) wpa: 22 70 61 73 73 22 3a 22 6d 70 63 76 69 67 6e 65 [0m
D (7452) wpa: 73 68 22 7d 7d [0m
V (7452) wpa: DPP: Attribute ID 1014 len 16[0m
V (7462) wpa: DPP: Attribute ID 100c len 93[0m
D (7462) wpa: DPP: Enrollee Nonce - hexdump(len=16):[0m
D (7472) wpa: c5 6b 1c b9 42 19 73 31 95 9d 58 0d 40 c9 f5 73 [0m
D (7472) wpa: DPP: Status 0[0m
D (7482) wpa: DPP: configurationObject JSON - hexdump(len=93):[0m
D (7482) wpa: 7b 22 77 69 2d 66 69 5f 74 65 63 68 22 3a 22 69 [0m
D (7492) wpa: 6e 66 72 61 22 2c 22 64 69 73 63 6f 76 65 72 79 [0m
D (7492) wpa: 22 3a 7b 22 73 73 69 64 22 3a 22 4d 50 43 2d 56 [0m
D (7502) wpa: 52 22 7d 2c 22 63 72 65 64 22 3a 7b 22 61 6b 6d [0m
D (7512) wpa: 22 3a 22 70 73 6b 22 2c 22 70 61 73 73 22 3a 22 [0m
D (7512) wpa: 6d 70 63 76 69 67 6e 65 73 68 22 7d 7d [0m
V (7522) wpa: JSON: String value: 'wi-fi_tech' = 'infra'[0m
V (7522) wpa: JSON: String value: 'ssid' = '#############'[0m
V (7532) wpa: JSON: String value: 'akm' = 'p#############
V (7532) wpa: JSON: String value: 'pass' = '#############'[0m
D (7542) wpa: DPP: discovery::ssid - hexdump(len=6):[0m
D (7542) wpa: 4d 50 43 2d 56 52 [0m
D (7552) wpa: DPP: Legacy akm=psk credential[0m
D (7552) wpa: DPP: Legacy passphrase - hexdump(len=10):[0m
D (7562) wpa: 6d 70 63 76 69 67 6e 65 73 68 [0m
D (7562) wpa: DPP: JSON parsing completed successfully[0m
D (7562) wpa: ELOOP: gas_query_resp_rx:337 called to remove timer handler=0x42014bdc, removed count=1[0m
V (7572) esp_adapter: thread sem get: sem=0x3fcb28a0[0m
D (7582) wifi:clear blacklist
D (7582) nvs: nvs_get_str_or_blob sta.ssid[0m
D (7592) nvs: nvs_get sta.pmf_e 1[0m
[0;32mI (7592) wifi dpp-enrollee: DPP Authentication successful, connecting to AP : #############[0m
V (7602) esp_adapter: thread sem get: sem=0x3fcb28a0[0m
D (7602) wifi:Start wifi connect
D (7612) wifi:connect status 0 -> 0
D (7612) wifi:connect chan=0
D (7612) wifi:first chan=2
D (7612) wifi:connect status 0 -> 1
D (7622) wifi:OFFCHAN-Tx: Ending op at 7.0, returning to Channel 1
V (7622) wifi:back home chan=<1,0>, current chan=<6,0>
V (7632) wifi:ht20 freq=2412, chan=1
D (7632) wifi:filter: set rx policy=3
D (7632) wifi:clear scan ap list
D (7642) wifi:start scan: type=0x50f, priority=2, cb=0x4205391c, arg=0x0, ss_state=0x1, time=7659529, index=0
V (7652) wifi:inter_channel_timeout: arg=0x0, ss_state=0x1
D (7652) wifi:perform scan: ss_state=0x9, chan<2,0>, dur<0,120>
V (7662) wifi:change: chan<2,0>, dur<0,120>
V (7662) wifi:ht20 freq=2417, chan=2
V (7672) wifi:enter start op, arg=0x3fc9e0aa
V (7672) wifi:scan operation: state=0x3, chan<2,0>, arg=0x3fc9e0aa, status=0
V (7682) wifi:scan specific ssid=#############
V (7682) wifi:start max timer
D (7682) wifi:rsn valid: gcipher=3 ucipher=3 akm=5 mac=24:2f:d0:28:e5:cf
V (7692) wifi:updated connection retries to 0
V (7692) wifi:home channel=0, new channel=1
D (7702) wpa: rsn_ie - hexdump(len=22):[0m
D (7702) wpa: 30 14 01 00 00 0f ac 04 01 00 00 0f ac 04 01 00 [0m
D (7712) wpa: 00 0f ac 02 00 00 [0m
D (7712) wifi:profile match: ss_state=0x7
V (7712) wifi:scan histroy table is not full yet, add
V (7722) wifi:add ssid=#############, chan=2 to scan history
D (7722) wifi:tx data done, now:7745257
D (7732) wifi:3011 : no offchan in progress
D (7732) wifi:woke up
D (7732) wifi:rsn valid: gcipher=3 ucipher=3 akm=5 mac=24:2f:d0:28:e5:cf
V (7742) wifi:home channel=0, new channel=1
D (7742) wifi:set max rate: from <rate=130, phy=3, sig=0> to <rate=144, phy=3 sig=0>
D (7752) wifi:sig_b=0, sig_g=0, sig_n=0, max_b=22, max_g=108, max_n=144
D (7762) wifi:profile match: ss_state=0x7
V (7762) wifi:update scan history ssid=#############, channel=2
D (7772) wifi:rsn valid: gcipher=3 ucipher=3 akm=5 mac=24:2f:d0:28:e5:cf
V (7772) wifi:home channel=0, new channel=1
D (7782) wifi:profile match: ss_state=0x7
V (7782) wifi:update scan history ssid=#############, channel=2
D (7782) wifi:rsn valid: gcipher=3 ucipher=3 akm=5 mac=24:2f:d0:28:e5:cf
V (7792) wifi:home channel=0, new channel=1
D (7792) wifi:profile match: ss_state=0x7
V (7802) wifi:update scan history ssid=#############, channel=2
D (7802) wifi:rsn valid: gcipher=3 ucipher=3 akm=5 mac=24:2f:d0:28:e5:cf
V (7812) wifi:home channel=0, new channel=1
D (7812) wifi:profile match: ss_state=0x7
V (7822) wifi:update scan history ssid=#############, channel=2
D (7822) wifi:scan end: arg=0x0, status=0, ss_state=0x7
D (7832) wifi:find first mathched ssid, scan done
V (7832) wifi:back home chan=<1,0>, current chan=<2,0>
V (7842) wifi:ht20 freq=2412, chan=1
D (7842) wifi:filter: set rx policy=4
D (7842) wifi:first chan=1
V (7852) wifi:scan_done: arg=0x0, status=0, cur_time=7868005, scan_id=128, scan state=0
V (7852) wifi:call scan_done cb, arg=0x0
D (7862) wifi:handoff_cb: status=0
V (7862) wifi:best bss has set.
D (7862) wifi:ap found, mac=24:2f:d0:28:e5:cf
V (7872) wifi:bssid=24:2f:d0:28:e5:cf, LR=0
D (7872) wifi:new_bss=0x3fc9e3a8, cur_bss=0x0, new_chan=<2,1>, cur_chan=1
D (7882) wifi:filter: set rx policy=5
D (7882) wpa: WPA: set AP RSNXE - hexdump(len=0):[0m
I (7892) wifi:new:<2,1>, old:<1,0>, ap:<255,255>, sta:<2,1>, prof:1
V (7892) wifi:ht40u freq=2427, chan=2
D (7902) wifi:connect_op: status=0, auth=5, cipher=3 
D (7902) wifi:auth mode is not none
D (7902) wifi:connect_bss: auth=1, reconnect=0
I (7912) wifi:state: init -> auth (b0)
D (7912) wifi:start 1s AUTH timer
D (7912) wifi:clear scan ap list
D (7922) event: running post WIFI_EVENT:40 with handler 0x4200a710 and context 0x3fca7f98 on loop 0x3fca6d0c[0m
D (7942) wifi:recv auth: seq=2, status=0
I (7942) wifi:state: auth -> assoc (0)
D (7942) wifi:restart connect 1s timer for assoc
D (7942) wifi:tx data done, now:7961575
D (7942) wifi:woke up
D (7942) wifi:recv assoc: type=0x10
D (7952) wifi:filter: set rx policy=6
I (7952) wifi:state: assoc -> run (10)
D (7952) wifi:start 10s connect timer for 4 way handshake
D (7962) wpa: WPA: Association event - clear replay counter[0m
D (7962) wpa: WPA: Clear old PTK[0m
D (7972) wifi:tx data done, now:7990309
D (7972) wifi:woke up
D (7972) wifi:tx data done, now:7995753
D (7982) wifi:3011 : no offchan in progress
D (7982) wifi:woke up
V (8052) wifi:wpa_psk start
D (8052) wpa: IEEE 802.1X RX: version=1 type=3 length=95[0m
V (8052) wpa: WPA: RX EAPOL-Key - hexdump(len=99):[0m
V (8052) wpa: 01 03 00 5f 02 00 8a 00 10 00 00 00 00 00 00 00 [0m
V (8052) wpa: 01 64 76 5d 3a 7a 02 94 2d 45 cd 9d 47 a4 7d 31 [0m
V (8062) wpa: 2b 42 ff e2 aa af e6 98 59 45 7d a4 88 2e a0 43 [0m
V (8062) wpa: 09 00 00 00 00 00 00 00 00 00 00 00 00 00 00 00 [0m
V (8072) wpa: 00 00 00 00 00 00 00 00 00 00 00 00 00 00 00 00 [0m
V (8082) wpa: 00 00 00 00 00 00 00 00 00 00 00 00 00 00 00 00 [0m
V (8082) wpa: 00 00 00 [0m
D (8092) wpa:   EAPOL-Key type=2[0m
D (8092) wpa:   key_info 0x8a (ver=2 keyidx=0 rsvd=0 Pairwise Ack)[0m
D (8092) wpa:   key_length=16 key_data_length=0[0m
D (8102) wpa:   replay_counter - hexdump(len=8):[0m
D (8102) wpa: 00 00 00 00 00 00 00 01 [0m
D (8112) wpa:   key_nonce - hexdump(len=32):[0m
D (8112) wpa: 64 76 5d 3a 7a 02 94 2d 45 cd 9d 47 a4 7d 31 2b [0m
D (8122) wpa: 42 ff e2 aa af e6 98 59 45 7d a4 88 2e a0 43 09 [0m
D (8122) wpa:   key_iv - hexdump(len=16):[0m
D (8132) wpa: 00 00 00 00 00 00 00 00 00 00 00 00 00 00 00 00 [0m
D (8132) wpa:   key_rsc - hexdump(len=8):[0m
D (8142) wpa: 00 00 00 00 00 00 00 00 [0m
D (8142) wpa:   key_id (reserved) - hexdump(len=8):[0m
D (8152) wpa: 00 00 00 00 00 00 00 00 [0m
D (8152) wpa:   key_mic - hexdump(len=16):[0m
D (8152) wpa: 00 00 00 00 00 00 00 00 00 00 00 00 00 00 00 00 [0m
D (8162) wpa: WPA 1/4-Way Handshake[0m
D (8162) wpa: RSN: msg 1/4 key data - hexdump(len=0):[0m
D (8172) wpa: WPA: Renewed SNonce - hexdump(len=32):[0m
D (8172) wpa: 0a d8 78 b7 a0 a2 d9 50 15 39 c1 0b 4e b6 95 b9 [0m
D (8182) wpa: 1d a5 f3 5d 03 34 a4 60 c8 ce df c2 9c a4 ba 72 [0m
D (8192) wpa: WPA: PTK derivation - A1=84:fc:e6:7b:73:b8 A2=24:2f:d0:28:e5:cf
[0m
V (8192) wpa: WPA: PMK - hexdump(len=32):[0m
V (8202) wpa: 9c 85 b7 12 e2 f1 10 c3 d3 12 86 5d 2c 92 e6 83 [0m
V (8202) wpa: 6e 1e 91 df 57 db 21 34 0b b5 8a 23 d1 a7 1f b5 [0m
D (8212) wpa: WPA: PTK - hexdump(len=48):[0m
D (8212) wpa: 0f 76 fa e8 94 66 8b 70 af 69 0a 64 5b a0 b4 43 [0m
D (8222) wpa: 2e 61 ed ec b7 84 3f a9 9f 0f 03 ee 34 1d 4c c0 [0m
D (8232) wpa: 2c f0 d7 4d 6d b5 80 14 99 b5 a3 ef 77 37 1d 84 [0m
D (8232) wpa: WPA: KCK - hexdump(len=16):[0m
D (8242) wpa: 0f 76 fa e8 94 66 8b 70 af 69 0a 64 5b a0 b4 43 [0m
D (8242) wpa: WPA: KEK - hexdump(len=16):[0m
D (8252) wpa: 2e 61 ed ec b7 84 3f a9 9f 0f 03 ee 34 1d 4c c0 [0m
D (8252) wpa: WPA: TK - hexdump(len=16):[0m
D (8262) wpa: 2c f0 d7 4d 6d b5 80 14 99 b5 a3 ef 77 37 1d 84 [0m
V (8262) wpa: WPA: WPA IE for msg 2/4
 - hexdump(len=22):[0m
V (8272) wpa: 30 14 01 00 00 0f ac 04 01 00 00 0f ac 04 01 00 [0m
V (8272) wpa: 00 0f ac 02 00 04 [0m
D (8282) wpa: WPA Send EAPOL-Key 2/4[0m
D (8282) wpa: WPA: KCK - hexdump(len=16):[0m
D (8282) wpa: 0f 76 fa e8 94 66 8b 70 af 69 0a 64 5b a0 b4 43 [0m
D (8292) wpa: WPA: Derived Key MIC - hexdump(len=16):[0m
D (8292) wpa: 38 ce 4b 5f a1 31 32 2a 52 b9 ba af 77 76 fa e1 [0m
V (8302) wpa: WPA: TX EAPOL-Key - hexdump(len=121):[0m
V (8312) wpa: 01 03 00 75 02 01 0a 00 00 00 00 00 00 00 00 00 [0m
V (8312) wpa: 01 0a d8 78 b7 a0 a2 d9 50 15 39 c1 0b 4e b6 95 [0m
V (8322) wpa: b9 1d a5 f3 5d 03 34 a4 60 c8 ce df c2 9c a4 ba [0m
V (8322) wpa: 72 00 00 00 00 00 00 00 00 00 00 00 00 00 00 00 [0m
V (8332) wpa: 00 00 00 00 00 00 00 00 00 00 00 00 00 00 00 00 [0m
V (8332) wpa: 00 38 ce 4b 5f a1 31 32 2a 52 b9 ba af 77 76 fa [0m
V (8342) wpa: e1 00 16 30 14 01 00 00 0f ac 04 01 00 00 0f ac [0m
V (8352) wpa: 04 01 00 00 0f ac 02 00 04 [0m
V (8352) wifi:wpa_psk handle succeed
D (8362) wpa: 2/4 txcb, flags=0, txfail 0[0m
D (8362) wifi:tx data done, now:8380345
D (8362) wifi:3011 : no offchan in progress
D (8372) wifi:woke up
V (8372) wifi:wpa_psk start
D (8372) wpa: IEEE 802.1X RX: version=1 type=3 length=151[0m
V (8382) wpa: WPA: RX EAPOL-Key - hexdump(len=155):[0m
V (8382) wpa: 01 03 00 97 02 13 ca 00 10 00 00 00 00 00 00 00 [0m
V (8392) wpa: 02 64 76 5d 3a 7a 02 94 2d 45 cd 9d 47 a4 7d 31 [0m
V (8392) wpa: 2b 42 ff e2 aa af e6 98 59 45 7d a4 88 2e a0 43 [0m
V (8402) wpa: 09 00 00 00 00 00 00 00 00 00 00 00 00 00 00 00 [0m
V (8402) wpa: 00 a8 d7 00 00 00 00 00 00 00 00 00 00 00 00 00 [0m
V (8412) wpa: 00 8e 36 b5 a5 f2 c1 bf dc 03 1b f9 43 36 8d b5 [0m
V (8422) wpa: 46 00 38 d1 90 fa b4 7d 3e c4 91 8e 89 5d bc a5 [0m
V (8422) wpa: e4 1e f1 d3 82 38 cc 25 30 f2 9c 85 5f 8c 67 4d [0m
V (8432) wpa: 5d ae e2 0f b7 50 ca c6 36 1d d8 40 a5 89 08 e7 [0m
V (8432) wpa: e8 4b b5 a2 6f de 4c 5a b6 37 f0 [0m
D (8442) wpa:   EAPOL-Key type=2[0m
D (8442) wpa:   key_info 0x13ca (ver=2 keyidx=0 rsvd=0 Pairwise Install Ack MIC Secure Encr)[0m
D (8452) wpa:   key_length=16 key_data_length=56[0m
D (8452) wpa:   replay_counter - hexdump(len=8):[0m
D (8462) wpa: 00 00 00 00 00 00 00 02 [0m
D (8462) wpa:   key_nonce - hexdump(len=32):[0m
D (8472) wpa: 64 76 5d 3a 7a 02 94 2d 45 cd 9d 47 a4 7d 31 2b [0m
D (8472) wpa: 42 ff e2 aa af e6 98 59 45 7d a4 88 2e a0 43 09 [0m
D (8482) wpa:   key_iv - hexdump(len=16):[0m
D (8482) wpa: 00 00 00 00 00 00 00 00 00 00 00 00 00 00 00 00 [0m
D (8492) wpa:   key_rsc - hexdump(len=8):[0m
D (8492) wpa: a8 d7 00 00 00 00 00 00 [0m
D (8502) wpa:   key_id (reserved) - hexdump(len=8):[0m
D (8502) wpa: 00 00 00 00 00 00 00 00 [0m
D (8512) wpa:   key_mic - hexdump(len=16):[0m
D (8512) wpa: 8e 36 b5 a5 f2 c1 bf dc 03 1b f9 43 36 8d b5 46 [0m
D (8522) wpa: RSN: encrypted key data - hexdump(len=56):[0m
D (8522) wpa: d1 90 fa b4 7d 3e c4 91 8e 89 5d bc a5 e4 1e f1 [0m
D (8532) wpa: d3 82 38 cc 25 30 f2 9c 85 5f 8c 67 4d 5d ae e2 [0m
D (8532) wpa: 0f b7 50 ca c6 36 1d d8 40 a5 89 08 e7 e8 4b b5 [0m
D (8542) wpa: a2 6f de 4c 5a b6 37 f0 [0m
D (8542) wpa: WPA: decrypted EAPOL-Key key data - hexdump(len=48):[0m
D (8552) wpa: 30 14 01 00 00 0f ac 04 01 00 00 0f ac 04 01 00 [0m
D (8562) wpa: 00 0f ac 02 00 00 dd 16 00 0f ac 01 01 00 c9 a9 [0m
D (8562) wpa: 5e 87 a8 a1 32 86 90 6b d1 7e bf 45 ab b5 dd 00 [0m
D (8572) wpa: WPA 3/4-Way Handshake[0m
D (8572) wpa: WPA: RSN IE in EAPOL-Key - hexdump(len=22):[0m
D (8582) wpa: 30 14 01 00 00 0f ac 04 01 00 00 0f ac 04 01 00 [0m
D (8582) wpa: 00 0f ac 02 00 00 [0m
D (8592) wpa: WPA: GTK in EAPOL-Key - hexdump(len=24):[0m
D (8592) wpa: dd 16 00 0f ac 01 01 00 c9 a9 5e 87 a8 a1 32 86 [0m
D (8602) wpa: 90 6b d1 7e bf 45 ab b5 [0m
D (8602) wpa: WPA: IE KeyData - hexdump(len=48):[0m
D (8602) wpa: 30 14 01 00 00 0f ac 04 01 00 00 0f ac 04 01 00 [0m
D (8612) wpa: 00 0f ac 02 00 00 dd 16 00 0f ac 01 01 00 c9 a9 [0m
D (8622) wpa: 5e 87 a8 a1 32 86 90 6b d1 7e bf 45 ab b5 dd 00 [0m
D (8622) wpa: WPA: RSC - hexdump(len=8):[0m
D (8632) wpa: a8 d7 00 00 00 00 00 00 [0m
D (8632) wpa: RSN: received GTK in pairwise handshake - hexdump(len=18):[0m
D (8642) wpa: 01 00 c9 a9 5e 87 a8 a1 32 86 90 6b d1 7e bf 45 [0m
D (8642) wpa: ab b5 [0m
D (8652) wpa: tx 4/4 txcb_flags=8192[0m
D (8652) wpa: WPA Send EAPOL-Key 4/4[0m
D (8652) wpa: WPA: KCK - hexdump(len=16):[0m
D (8662) wpa: 0f 76 fa e8 94 66 8b 70 af 69 0a 64 5b a0 b4 43 [0m
D (8662) wpa: WPA: Derived Key MIC - hexdump(len=16):[0m
D (8672) wpa: ce e9 13 99 cd 06 26 1b b2 ca 69 1f 6a 0e 4e 0e [0m
V (8672) wpa: WPA: TX EAPOL-Key - hexdump(len=99):[0m
V (8682) wpa: 01 03 00 5f 02 03 0a 00 00 00 00 00 00 00 00 00 [0m
V (8682) wpa: 02 00 00 00 00 00 00 00 00 00 00 00 00 00 00 00 [0m
V (8692) wpa: 00 00 00 00 00 00 00 00 00 00 00 00 00 00 00 00 [0m
V (8702) wpa: 00 00 00 00 00 00 00 00 00 00 00 00 00 00 00 00 [0m
V (8702) wpa: 00 00 00 00 00 00 00 00 00 00 00 00 00 00 00 00 [0m
V (8712) wpa: 00 ce e9 13 99 cd 06 26 1b b2 ca 69 1f 6a 0e 4e [0m
V (8712) wpa: 0e 00 00 [0m
V (8722) wifi:wpa_psk handle succeed
D (8722) wpa: WPA: Installing PTK to the driver.[0m
D (8722) wpa: WPA: Group Key - hexdump(len=16):[0m
D (8732) wpa: c9 a9 5e 87 a8 a1 32 86 90 6b d1 7e bf 45 ab b5 [0m
D (8732) wpa: WPA: Judge GTK: (keyidx=1 len=16).[0m
D (8742) wpa: WPA: Installing GTK to the driver (keyidx=1 tx=0 len=16).[0m
D (8752) wpa: WPA: RSC - hexdump(len=6):[0m
D (8752) wpa: a8 d7 00 00 00 00 [0m
D (8752) wpa: WPA: Key negotiation completed with 24:2f:d0:28:e5:cf [PTK=CCMP GTK=CCMP]
[0m
I (8762) wifi:connected with #############, aid = 4, channel 2, 40U, bssid = 24:2f:d0:28:e5:cf
I (8772) wifi:security: WPA2-PSK, phy: bgn, rssi: -65
D (8772) wifi:remove all except 24:2f:d0:28:e5:cf from rc list
D (8782) wifi:clear blacklist
D (8782) nvs: nvs_set sta.chan 1 2[0m
D (8792) nvs: nvs_set_blob sta.apinfo 700[0m
D (8792) wifi:filter: set rx policy=7
I (8792) wifi:pm start, type: 1

I (8802) wifi:dp: 1, bi: 102400, li: 3, scale listen interval from 307200 us to 307200 us
I (8802) wifi:set rx beacon pti, rx_bcn_pti: 0, bcn_timeout: 25000, mt_pti: 0, mt_time: 10000
D (8812) wifi:Send sta connected event
D (8822) wifi:connect status 1 -> 5
D (8822) wifi:obss scan is disabled
D (8822) wifi:start obss scan: obss scan is stopped
D (8832) wifi:tx data done, now:8849192
I (8832) wifi:AP's beacon interval = 102400 us, DTIM period = 1
D (8842) event: running post WIFI_EVENT:4 with handler 0x4202cd14 and context 0x3fca7e90 on loop 0x3fca6d0c[0m
V (8852) esp_adapter: thread sem get: sem=0x3fcb27f0[0m
D (8852) esp_netif_handlers: esp_netif action connected with netif0x3fca7c34 from event_id=4[0m
D (8862) esp_netif_lwip: check: remote, if=0x3fca7c34 fn=0x42013ad8[0m
D (8872) esp_netif_lwip: esp_netif_up_api esp_netif:0x3fca7c34[0m
D (8872) esp_netif_lwip: check: local, if=0x3fca7c34 fn=0x42013ea4[0m
D (8882) esp_netif_lwip: esp_netif_update_default_netif_lwip 0x3fca7c34[0m
D (8882) wifi:V (8882) esp_netif_lwip: esp_netif_is_netif_up esp_netif:0x3fca7c34[0m
tx data done, now:8903576D (8892) esp_netif_lwip: call api in lwip: ret=0x0, give sem[0m

D (8902) esp_netif_lwip: check: remote, if=0x3fca7c34 fn=0x42013994[0m
D (8912) esp_netif_lwip: esp_netif_dhcpc_start_api esp_netif:0x3fca7c34[0m
D (8912) esp_netif_lwip: esp_netif_start_ip_lost_timer esp_netif:0x3fca7c34[0m
D (8922) esp_netif_lwip: if0x3fca7c34 start ip lost tmr: interval=120[0m
D (8932) esp_netif_lwip: starting dhcp client[0m
D (8932) wifi:D (8932) esp_netif_lwip: call api in lwip: ret=0x0, give sem[0m
eb is dhcp or dns sport = 68, dport = 67
D (8942) event: running post WIFI_EVENT:4 with handler 0x4200a710 and context 0x3fca7f98 on loop 0x3fca6d0c[0m
D (8942) wifi:tx data done, now:8966823
I (8962) wifi:<ba-add>idx:0 (ifx:0, 24:2f:d0:28:e5:cf), tid:0, ssn:2, winSize:64
D (8962) wifi:tx data done, now:8984585
D (8992) wifi:eb is dhcp or dns sport = 68, dport = 67
D (9002) wifi:tx data done, now:9022061
D (9052) wifi:tx data done, now:9073126
D (9432) wifi:eb is dhcp or dns sport = 68, dport = 67
D (9432) wifi:tx data done, now:9449342
D (9482) wifi:tx data done, now:9500755
D (9612) wifi:tx data done, now:9636528
D (9622) wifi:tx data done, now:9645161
D (9672) wifi:tx data done, now:9696182
D (9932) wifi:tx data done, now:9948202
D (9972) wifi:tx data done, now:9987863
D (10022) wifi:tx data done, now:10040001
D (10142) wifi:tx data done, now:10161780
D (10202) wifi:tx data done, now:10225030
D (10432) esp_netif_lwip: esp_netif_internal_dhcpc_cb lwip-netif:0x3fca7cb8[0m
D (10432) esp_netif_lwip: if0x3fca7c34 ip changed=1[0m
D (10432) event: running post IP_EVENT:0 with handler 0x4202cb40 and context 0x3fca7f64 on loop 0x3fca6d0c[0m
D (10442) wifi_init_default: Got IP wifi default handler entered[0m
D (10442) esp_netif_handlers: esp_netif action got_ip with netif0x3fca7c34 from event_id=0[0m
[0;32mI (10452) esp_netif_handlers: sta ip: 192.168.0.103, mask: 255.255.255.0, gw: 192.168.0.1[0m
D (10462) event: running post IP_EVENT:0 with handler 0x4200a710 and context 0x3fca7fb8 on loop 0x3fca6d0c[0m
[0;32mI (10472) wifi dpp-enrollee: got ip:192.168.0.103[0m
D (10432) wifi:tx data done, now:10449963#############
[0;32mI (10482) wifi dpp-enrollee: connected to ap SSID:############# password:#############[0m
D (10492) wpa: ELOOP: esp_dpp_task:410 called to remove timer handler=0x4201551c, removed count=0[0m
[0;32mI (10502) main_task: Returned from app_main()[0m
D (10532) wifi:tx data done, now:10552001
D (10972) wifi:tx data done, now:10987910
D (11022) wifi:tx data done, now:11039161
D (11972) wifi:tx data done, now:11987924
D (12022) wifi:tx data done, now:12039035
D (12972) wifi:tx data done, now:12988131
D (13022) wifi:tx data done, now:13039361
D (19042) wifi:tx data done, now:19057250
D (19092) wifi:tx data done, now:19113237
