Executing action: monitor
Serial port /dev/ttyUSB0
Connecting....
Detecting chip type... ESP32-S3
Running idf_monitor in directory /home/corfu/mpc/corfu/test_build_1_oct
Executing "/home/corfu/.espressif/python_env/idf5.2_py3.10_env/bin/python /home/corfu/esp/esp-idf/tools/idf_monitor.py -p /dev/ttyUSB0 -b 115200 --toolchain-prefix xtensa-esp32-elf- --target esp32 --revision 0 /home/corfu/mpc/corfu/test_build_1_oct/build/dpp-enrollee.elf -m '/home/corfu/.espressif/python_env/idf5.2_py3.10_env/bin/python' '/home/corfu/esp/esp-idf/tools/idf.py'"...
ESP-ROM:esp32s3-20210327
Build:Mar 27 2021
rst:0x1 (POWERON),boot:0x8 (SPI_FAST_FLASH_BOOT)
SPIWP:0xee
mode:DIO, clock div:1
load:0x3fce3810,len:0x178c
load:0x403c9700,len:0x4
load:0x403c9704,len:0xcbc
load:0x403cc700,len:0x2da0
entry 0x403c9914
[0;32mI (26) boot: ESP-IDF v5.2.1-1-gcc9daa9f993-dirty 2nd stage bootloader[0m
[0;32mI (26) boot: compile time Oct  1 2024 16:47:08[0m
[0;32mI (27) boot: Multicore bootloader[0m
[0;32mI (31) boot: chip revision: v0.2[0m
[0;32mI (35) boot.esp32s3: Boot SPI Speed : 80MHz[0m
[0;32mI (39) boot.esp32s3: SPI Mode       : DIO[0m
[0;32mI (45) boot.esp32s3: SPI Flash Size : 2MB[0m
[0;32mI (49) boot: Enabling RNG early entropy source...[0m
[0;32mI (54) boot: Partition Table:[0m
[0;32mI (58) boot: ## Label            Usage          Type ST Offset   Length[0m
[0;32mI (65) boot:  0 nvs              WiFi data        01 02 00009000 00006000[0m
[0;32mI (73) boot:  1 phy_init         RF data          01 01 0000f000 00001000[0m
[0;32mI (80) boot:  2 factory          factory app      00 00 00010000 00100000[0m
[0;32mI (88) boot: End of partition table[0m
[0;32mI (92) esp_image: segment 0: paddr=00010020 vaddr=3c0a0020 size=286c4h (165572) map[0m
[0;32mI (130) esp_image: segment 1: paddr=000386ec vaddr=3fc98000 size=04690h ( 18064) load[0m
[0;32mI (134) esp_image: segment 2: paddr=0003cd84 vaddr=40374000 size=03294h ( 12948) load[0m
[0;32mI (139) esp_image: segment 3: paddr=00040020 vaddr=42000020 size=93744h (603972) map[0m
[0;32mI (252) esp_image: segment 4: paddr=000d376c vaddr=40377294 size=10cach ( 68780) load[0m
[0;32mI (276) boot: Loaded app from partition at offset 0x10000[0m
[0;32mI (276) boot: Disabling RNG early entropy source...[0m
[0;32mI (288) cpu_start: Multicore app[0m
[0;32mI (298) cpu_start: Pro cpu start user code[0m
[0;32mI (298) cpu_start: cpu freq: 240000000 Hz[0m
[0;32mI (298) cpu_start: Application information:[0m
[0;32mI (301) cpu_start: Project name:     dpp-enrollee[0m
[0;32mI (307) cpu_start: App version:      v5.2.1-1-gcc9daa9f993-dirty[0m
[0;32mI (318) cpu_start: Compile time:     Oct  1 2024 16:47:30[0m
[0;32mI (319) cpu_start: ELF file SHA256:  45f10a0d8...[0m
[0;32mI (325) cpu_start: ESP-IDF:          v5.2.1-1-gcc9daa9f993-dirty[0m
[0;32mI (331) cpu_start: Min chip rev:     v0.0[0m
[0;32mI (336) cpu_start: Max chip rev:     v0.99 [0m
[0;32mI (341) cpu_start: Chip rev:         v0.2[0m
[0;32mI (346) heap_init: Initializing. RAM available for dynamic allocation:[0m
[0;32mI (353) heap_init: At 3FCA02F0 len 00049420 (293 KiB): RAM[0m
[0;32mI (359) heap_init: At 3FCE9710 len 00005724 (21 KiB): RAM[0m
[0;32mI (365) heap_init: At 3FCF0000 len 00008000 (32 KiB): DRAM[0m
[0;32mI (371) heap_init: At 600FE010 len 00001FD8 (7 KiB): RTCRAM[0m
[0;32mI (378) spi_flash: detected chip: gd[0m
[0;32mI (382) spi_flash: flash io: dio[0m
[0;33mW (386) spi_flash: Detected size(8192k) larger than the size in the binary image header(2048k). Using the size in the binary image header.[0m
[0;32mI (399) sleep: Configure to isolate all GPIO pins in sleep state[0m
[0;32mI (406) sleep: Enable automatic switching of GPIO sleep configuration[0m
[0;32mI (413) main_task: Started on CPU0[0m
[0;32mI (423) main_task: Calling app_main()[0m
pp rom version: e7ae62f
net80211 rom version: e7ae62f
I (453) wifi:wifi driver task: 3fcaa5bc, prio:23, stack:6656, core=0
I (463) wifi:wifi firmware version: 1e95288-dirty
I (463) wifi:wifi certification version: v7.0
I (463) wifi:config NVS flash: enabled
I (463) wifi:config nano formating: disabled
I (463) wifi:Init data frame dynamic rx buffer num: 32
I (473) wifi:Init static rx mgmt buffer num: 5
I (473) wifi:Init management short buffer num: 32
I (473) wifi:Init dynamic tx buffer num: 32
I (483) wifi:Init static tx FG buffer num: 2
I (483) wifi:Init static rx buffer size: 1600
I (493) wifi:Init static rx buffer num: 10
I (493) wifi:Init dynamic rx buffer num: 32
[0;32mI (493) wifi_init: rx ba win: 6[0m
[0;32mI (503) wifi_init: tcpip mbox: 32[0m
[0;32mI (503) wifi_init: udp mbox: 6[0m
[0;32mI (513) wifi_init: tcp mbox: 6[0m
[0;32mI (513) wifi_init: tcp tx win: 5760[0m
[0;32mI (513) wifi_init: tcp rx win: 5760[0m
[0;32mI (523) wifi_init: tcp mss: 1440[0m
[0;32mI (523) wifi_init: WiFi IRAM OP enabled[0m
[0;32mI (533) wifi_init: WiFi RX IRAM OP enabled[0m
[0;32mI (533) wpa: esp_dpp_task prio:2, stack:6656[0m
[0;32mI (583) wifi dpp-enrollee: Scan below QR Code to configure the enrollee:[0m
[0;32mI (583) QRCODE: Encoding below text with ECC LVL 0 & QR Code Version 10[0m
[0;32mI (583) QRCODE: DPP:C:81/6;M:84:fc:e6:7b:73:b8;K:MDkwEwYHKoZIzj0CAQYIKoZIzj0DAQcDIgADFUzYHsU/u6ZN9ZDo/bvqKBkuRjmJkQs70S93fKMUIts=;;[0m
                                              
  █▀▀▀▀▀█ █ ▄   ▀▀▀█▀█▄▄█▀ ▄▀▀▀█ ▄▀ █▀▀▀▀▀█   
  █ ███ █ ██  ▀▀▄ ▀▄▄  █▀█▀ █ █▀█▀  █ ███ █   
  █ ▀▀▀ █ ▄ █▀█ █ ▄▄██▀▄▄▀ ▀█▀▀██▄▀ █ ▀▀▀ █   
  ▀▀▀▀▀▀▀ ▀▄█ ▀ ▀▄█▄█▄▀▄▀ ▀ ▀ █▄▀▄█ ▀▀▀▀▀▀▀   
  ▀▀▄ █▀▀▄▄▄▄ ▄▄▀▄█ ▄ ▄▄█ ▀ ▀█▀▀▄ ▀▄▄▀▄███▀   
  ███ ▀▄▀▄ ▀ ▄█ ▄█▄█▄▄ ▄▀▀█▀ ▀▄▄ ▄▄ █▀▀  ▄▀   
   ▀▄▀█▄▀██▄  ▀█▀▀▄ ▀ ▄▄▀▄▄ ▄▄▄▀ ▀▀▄▄█▄ ▄█    
  ▀ █ █▄▀ █ ▄ ▄   ▀█▄▄▀█▀█▀  ▀███ ▄▀  ██ ▄█   
  ▄▀▀▄▀█▀    █▀▀▄▀▄▄  ▀▄▀█  ▀▄▀▀▀▀▀▀ ▀▄▄      
  █▀█ █▄▀▀▄█▄█▀█▀▀█ ▀▄ █ ▀▀▀▄▀ ▄▀▄ ▄▀ █▄▀▄█   
  ██  ▀▀▀ ▀▄█▀▄█▄▀▀ ▄ ▄▄██▄▀  █▀ ▄▀█  ▄█▀█    
   ▄█   ▀ █▀▀█▀ ▀█▄█▄ ███▀▀▀▄█ ▄▀▄  ▄  ▄▀▄█   
  ██▄▄██▀██▄  ▀█▄ █     ▀▄▀█▄▄▀▀▀ ▄▄▄ ▄▄█▀    
    ▄ ▀█▀ ████▄ ▄▀ █▄ ▀█ █▄ ▄▀██▄ ▄█ ▄ ▀▀ █   
  ▄█▄ ▀▀▀▄▀▄█ ▀█▀▀▄▄▀ ▄▄▀    ██▄▄█ ▀ ██▄      
    ▄ ▀▀▀▀▄▄█ ▄ ▄ ▀█▄▄▀▄▀█ ▀▄▀▄▄  ▀█ ▄▀█  ▀   
  ▀▀    ▀▀██▄▀▀▀ █▄▄▄█▀█▀ ▀▄▀█▀█▀ █▀▀▀██▀     
  █▀▀▀▀▀█ ▄▄█▀▀█▀▀▄ ▀▄ █▀██▀▄▀█▄▄▀█ ▀ █ ▀ ▀   
  █ ███ █ ▀█  ▄█▄▀▀▄▄  ███▄ ▀▄▄ ▄██▀▀█▀▄ █▄   
  █ ▀▀▀ █ ▄█▄█▀ ▄█▄█▄ ▄▄ ▀█▀ ▀█▄█▄█  █ ▄ ▄█   
  ▀▀▀▀▀▀▀ ▀▀  ▀      ▀  ▀ ▀▀   ▀ ▀▀ ▀    ▀    
                                              

[0;32mI (863) phy_init: phy_version 640,cd64a1a,Jan 24 2024,17:28:12[0m
I (903) wifi:mode : sta (84:fc:e6:7b:73:b8)
I (903) wifi:enable tsf
[0;32mI (903) wifi dpp-enrollee: Started listening for DPP Authentication[0m
[0;32mI (6063) wpa: DPP: Authentication Request from 1e:c5:3a:6f:c3:50[0m
[0;32mI (6333) wpa: DPP: Sending auth resp frame[0m
[0;32mI (6343) wpa: DPP: Authentication Confirmation from 1e:c5:3a:6f:c3:50[0m
[0;32mI (6353) wpa: DPP: GAS request to 1e:c5:3a:6f:c3:50 (chan 6)[0m
[0;32mI (6363) wifi dpp-enrollee: DPP Authentication successful, connecting to AP : TP-Link_7E5B[0m
I (6373) wifi:new:<4,1>, old:<1,0>, ap:<255,255>, sta:<4,1>, prof:1
I (6373) wifi:state: init -> auth (b0)
I (6383) wifi:state: auth -> assoc (0)
I (6383) wifi:state: assoc -> run (10)
W (6483) wifi:[ADDBA]rx delba, code:39, delete tid:0
I (6503) wifi:connected with TP-Link_7E5B, aid = 2, channel 4, 40U, bssid = 98:25:4a:22:7e:5b
I (6503) wifi:security: WPA2-PSK, phy: bgn, rssi: -38
I (6503) wifi:pm start, type: 1

I (6503) wifi:dp: 1, bi: 102400, li: 3, scale listen interval from 307200 us to 307200 us
I (6513) wifi:set rx beacon pti, rx_bcn_pti: 0, bcn_timeout: 25000, mt_pti: 0, mt_time: 10000
I (6543) wifi:<ba-add>idx:0 (ifx:0, 98:25:4a:22:7e:5b), tid:0, ssn:3, winSize:64
I (6583) wifi:AP's beacon interval = 102400 us, DTIM period = 1
W (7103) wifi:[ADDBA]rx delba, code:39, delete tid:0
I (7103) wifi:<ba-del>idx:0, tid:0
I (7553) wifi:<ba-add>idx:0 (ifx:0, 98:25:4a:22:7e:5b), tid:0, ssn:5, winSize:64
W (7603) wifi:[ADDBA]rx delba, code:39, delete tid:0
I (7603) wifi:<ba-del>idx:0, tid:0
[0;32mI (8023) esp_netif_handlers: sta ip: 192.168.0.102, mask: 255.255.255.0, gw: 192.168.0.1[0m
[0;32mI (8023) wifi dpp-enrollee: got ip:192.168.0.102[0m
[0;32mI (8023) wifi dpp-enrollee: connected to ap SSID:TP-Link_7E5B password:04868309[0m
[0;32mI (8033) main_task: Returned from app_main()[0m
