Executing action: monitor
Serial port /dev/ttyUSB0
Connecting....
Detecting chip type... ESP32-S3
Running idf_monitor in directory /home/corfu/mpc/corfu/toven_wifi_easy_connect
Executing "/home/corfu/.espressif/python_env/idf5.2_py3.10_env/bin/python /home/corfu/esp/esp-idf/tools/idf_monitor.py -p /dev/ttyUSB0 -b 115200 --toolchain-prefix xtensa-esp32s3-elf- --target esp32s3 --revision 0 /home/corfu/mpc/corfu/toven_wifi_easy_connect/build/dpp-enrollee.elf -m '/home/corfu/.espressif/python_env/idf5.2_py3.10_env/bin/python' '/home/corfu/esp/esp-idf/tools/idf.py'"...
ESP-ROM:esp32s3-20210327
Build:Mar 27 2021
rst:0x1 (POWERON),boot:0x8 (SPI_FAST_FLASH_BOOT)
SPIWP:0xee
mode:DIO, clock div:1
load:0x3fce3810,len:0x24d8
load:0x403c9700,len:0x4
load:0x403c9704,len:0xf74
load:0x403cc700,len:0x3900
entry 0x403c9a04
[0;32mI (28) boot: ESP-IDF v5.2.1 2nd stage bootloader[0m
[0;32mI (28) boot: compile time Sep  3 2024 20:57:07[0m
[0;32mI (28) boot: Multicore bootloader[0m
D (32) bootloader_flash: non-XMC chip detected by SFDP Read (C8), skip.[0m
D (38) bootloader_flash: mmu set block paddr=0x00000000 (was 0xffffffff)[0m
[0;32mI (45) boot: chip revision: v0.2[0m
D (49) boot.esp32s3: magic e9[0m
D (52) boot.esp32s3: segments 04[0m
D (55) boot.esp32s3: spi_mode 02[0m
D (58) boot.esp32s3: spi_speed 0f[0m
D (62) boot.esp32s3: spi_size 01[0m
[0;32mI (65) boot.esp32s3: Boot SPI Speed : 80MHz[0m
[0;32mI (70) boot.esp32s3: SPI Mode       : DIO[0m
[0;32mI (74) boot.esp32s3: SPI Flash Size : 2MB[0m
D (79) boot: Enabling RTCWDT(9000 ms)[0m
[0;32mI (83) boot: Enabling RNG early entropy source...[0m
D (88) bootloader_flash: rodata starts from paddr=0x00008000, size=0xc00, will be mapped to vaddr=0x3c000000[0m
V (98) bootloader_flash: after mapping, starting from paddr=0x00000000 and vaddr=0x3c000000, 0x10000 bytes are mapped[0m
D (109) boot: mapped partition table 0x8000 at 0x3c008000[0m
D (114) flash_parts: partition table verified, 4 entries[0m
[0;32mI (120) boot: Partition Table:[0m
[0;32mI (123) boot: ## Label            Usage          Type ST Offset   Length[0m
D (131) boot: load partition table entry 0x3c008000[0m
D (136) boot: type=1 subtype=2[0m
[0;32mI (139) boot:  0 nvs              WiFi data        01 02 00009000 00006000[0m
D (146) boot: load partition table entry 0x3c008020[0m
D (151) boot: type=1 subtype=1[0m
[0;32mI (154) boot:  1 phy_init         RF data          01 01 0000f000 00001000[0m
D (162) boot: load partition table entry 0x3c008040[0m
D (167) boot: type=0 subtype=0[0m
[0;32mI (170) boot:  2 factory          factory app      00 00 00010000 00100000[0m
[0;32mI (178) boot: End of partition table[0m
D (182) boot: Trying partition index -1 offs 0x10000 size 0x100000[0m
D (188) esp_image: reading image header @ 0x10000[0m
D (193) bootloader_flash: mmu set block paddr=0x00010000 (was 0xffffffff)[0m
D (200) esp_image: image header: 0xe9 0x05 0x02 0x01 40375608[0m
V (206) esp_image: loading segment header 0 at offset 0x10018[0m
V (211) esp_image: segment data length 0x296dc data starts 0x10020[0m
V (218) esp_image: segment 0 map_segment 1 segment_data_offs 0x10020 load_addr 0x3c0a0020[0m
[0;32mI (226) esp_image: segment 0: paddr=00010020 vaddr=3c0a0020 size=296dch (169692) map[0m
D (234) esp_image: free data page_count 0x00000200[0m
D (239) bootloader_flash: rodata starts from paddr=0x00010020, size=0x296dc, will be mapped to vaddr=0x3c000000[0m
V (249) bootloader_flash: after mapping, starting from paddr=0x00010000 and vaddr=0x3c000000, 0x30000 bytes are mapped[0m
V (291) esp_image: loading segment header 1 at offset 0x396fc[0m
D (292) bootloader_flash: mmu set block paddr=0x00030000 (was 0xffffffff)[0m
V (293) esp_image: segment data length 0x4e54 data starts 0x39704[0m
V (299) esp_image: segment 1 map_segment 0 segment_data_offs 0x39704 load_addr 0x3fc99600[0m
[0;32mI (307) esp_image: segment 1: paddr=00039704 vaddr=3fc99600 size=04e54h ( 20052) load[0m
D (316) esp_image: free data page_count 0x00000200[0m
D (321) bootloader_flash: rodata starts from paddr=0x00039704, size=0x4e54, will be mapped to vaddr=0x3c000000[0m
V (331) bootloader_flash: after mapping, starting from paddr=0x00030000 and vaddr=0x3c000000, 0x10000 bytes are mapped[0m
V (346) esp_image: loading segment header 2 at offset 0x3e558[0m
D (347) bootloader_flash: mmu set block paddr=0x00030000 (was 0xffffffff)[0m
V (354) esp_image: segment data length 0x1ab8 data starts 0x3e560[0m
V (360) esp_image: segment 2 map_segment 0 segment_data_offs 0x3e560 load_addr 0x40374000[0m
[0;32mI (368) esp_image: segment 2: paddr=0003e560 vaddr=40374000 size=01ab8h (  6840) load[0m
D (377) esp_image: free data page_count 0x00000200[0m
D (382) bootloader_flash: rodata starts from paddr=0x0003e560, size=0x1ab8, will be mapped to vaddr=0x3c000000[0m
V (392) bootloader_flash: after mapping, starting from paddr=0x00030000 and vaddr=0x3c000000, 0x20000 bytes are mapped[0m
V (405) esp_image: loading segment header 3 at offset 0x40018[0m
D (408) bootloader_flash: mmu set block paddr=0x00040000 (was 0xffffffff)[0m
V (415) esp_image: segment data length 0x95814 data starts 0x40020[0m
V (422) esp_image: segment 3 map_segment 1 segment_data_offs 0x40020 load_addr 0x42000020[0m
[0;32mI (430) esp_image: segment 3: paddr=00040020 vaddr=42000020 size=95814h (612372) map[0m
D (438) esp_image: free data page_count 0x00000200[0m
D (443) bootloader_flash: rodata starts from paddr=0x00040020, size=0x95814, will be mapped to vaddr=0x3c000000[0m
V (453) bootloader_flash: after mapping, starting from paddr=0x00040000 and vaddr=0x3c000000, 0xa0000 bytes are mapped[0m
V (576) esp_image: loading segment header 4 at offset 0xd5834[0m
D (576) bootloader_flash: mmu set block paddr=0x000d0000 (was 0xffffffff)[0m
V (577) esp_image: segment data length 0x13adc data starts 0xd583c[0m
V (584) esp_image: segment 4 map_segment 0 segment_data_offs 0xd583c load_addr 0x40375ab8[0m
[0;32mI (592) esp_image: segment 4: paddr=000d583c vaddr=40375ab8 size=13adch ( 80604) load[0m
D (600) esp_image: free data page_count 0x00000200[0m
D (605) bootloader_flash: rodata starts from paddr=0x000d583c, size=0x13adc, will be mapped to vaddr=0x3c000000[0m
V (615) bootloader_flash: after mapping, starting from paddr=0x000d0000 and vaddr=0x3c000000, 0x20000 bytes are mapped[0m
V (645) esp_image: image start 0x00010000 end of last section 0x000e9318[0m
D (645) bootloader_flash: mmu set block paddr=0x000e0000 (was 0xffffffff)[0m
D (648) boot: Calculated hash: aed5dfc65c1a4e8f158768abe141ec662bbabc07fe7714dbd922b0fa8eb99824[0m
[0;32mI (666) boot: Loaded app from partition at offset 0x10000[0m
[0;32mI (667) boot: Disabling RNG early entropy source...[0m
D (668) boot: Mapping segment 0 as DROM[0m
D (672) boot: Mapping segment 3 as IROM[0m
D (676) boot: calling set_cache_and_start_app[0m
D (680) boot: configure drom and irom and start[0m
V (685) boot: rodata starts from paddr=0x00010020, vaddr=0x3c0a0020, size=0x296dc[0m
V (692) boot: after mapping rodata, starting from paddr=0x00010000 and vaddr=0x3c0a0000, 0x30000 bytes are mapped[0m
V (703) boot: text starts from paddr=0x00040020, vaddr=0x42000020, size=0x95814[0m
V (710) boot: after mapping text, starting from paddr=0x00040000 and vaddr=0x42000000, 0xa0000 bytes are mapped[0m
D (720) boot: start: 0x40375608[0m
[0;32mI (735) cpu_start: Multicore app[0m
V (735) mmap: after coalescing, 1 regions are left[0m
D (735) cpu_start: Pro cpu up[0m
D (735) cpu_start: Starting app cpu, entry point is 0x403754e0[0m
D (0) cpu_start: App cpu up[0m
V CACHE_ERR: illegal error intr clr & ena mask is: 0x3f
V CACHE_ERR: core 1 ac75s) crr:  iC_tr clr K  ena mask n s:lu0x1432182[0m
V CACHE_ERR: illegal error intr clr & ena mask is: 0x3f
V CACHE_ERR: core 0 access error intr clr & ena mask is: 0x1f
[0;32mI (768) cpu_start: Pro cpu start user code[0m
[0;32mI (771) cpu_start: cpu freq: 160000000 Hz[0m
[0;32mI (776) cpu_start: Application information:[0m
[0;32mI (780) cpu_start: Project name:     dpp-enrollee[0m
[0;32mI (786) cpu_start: App version:      1[0m
[0;32mI (790) cpu_start: Compile time:     Sep  3 2024 21:09:26[0m
[0;32mI (796) cpu_start: ELF file SHA256:  639730070...[0m
[0;32mI (802) cpu_start: ESP-IDF:          v5.2.1[0m
[0;32mI (807) cpu_start: Min chip rev:     v0.0[0m
[0;32mI (811) cpu_start: Max chip rev:     v0.99 [0m
[0;32mI (816) cpu_start: Chip rev:         v0.2[0m
V (821) memory_layout: reserved range is 0x3c0c96b4 - 0x3c0c96dc[0m
D (827) memory_layout: Checking 6 reserved memory ranges:[0m
D (832) memory_layout: Reserved memory range 0x3fc84000 - 0x3fc99600[0m
D (839) memory_layout: Reserved memory range 0x3fc99600 - 0x3fca26b0[0m
D (845) memory_layout: Reserved memory range 0x3fceee34 - 0x3fcf0000[0m
D (852) memory_layout: Reserved memory range 0x40374000 - 0x40389600[0m
D (858) memory_layout: Reserved memory range 0x600fe000 - 0x600fe010[0m
D (864) memory_layout: Reserved memory range 0x600fffe8 - 0x60100000[0m
D (871) memory_layout: Building list of available memory regions:[0m
V (877) memory_layout: Examining memory region 0x3fc88000 - 0x3fc90000[0m
V (884) memory_layout: Region 0x3fc88000 - 0x3fc90000 inside of reserved 0x3fc84000 - 0x3fc99600[0m
V (892) memory_layout: Examining memory region 0x3fc90000 - 0x3fca0000[0m
V (899) memory_layout: Start of region 0x3fc90000 - 0x3fca0000 overlaps reserved 0x3fc84000 - 0x3fc99600[0m
V (909) memory_layout: Region 0x3fc99600 - 0x3fca0000 inside of reserved 0x3fc99600 - 0x3fca26b0[0m
V (917) memory_layout: Examining memory region 0x3fca0000 - 0x3fcb0000[0m
V (924) memory_layout: Start of region 0x3fca0000 - 0x3fcb0000 overlaps reserved 0x3fc99600 - 0x3fca26b0[0m
D (934) memory_layout: Available memory region 0x3fca26b0 - 0x3fcb0000[0m
V (940) memory_layout: Examining memory region 0x3fcb0000 - 0x3fcc0000[0m
D (947) memory_layout: Available memory region 0x3fcb0000 - 0x3fcc0000[0m
V (953) memory_layout: Examining memory region 0x3fcc0000 - 0x3fcd0000[0m
D (960) memory_layout: Available memory region 0x3fcc0000 - 0x3fcd0000[0m
V (967) memory_layout: Examining memory region 0x3fcd0000 - 0x3fce0000[0m
D (973) memory_layout: Available memory region 0x3fcd0000 - 0x3fce0000[0m
V (980) memory_layout: Examining memory region 0x3fce0000 - 0x3fce9710[0m
D (986) memory_layout: Available memory region 0x3fce0000 - 0x3fce9710[0m
V (993) memory_layout: Examining memory region 0x3fce9710 - 0x3fcf0000[0m
V (1000) memory_layout: End of region 0x3fce9710 - 0x3fcf0000 overlaps reserved 0x3fceee34 - 0x3fcf0000[0m
D (1009) memory_layout: Available memory region 0x3fce9710 - 0x3fceee34[0m
V (1016) memory_layout: Examining memory region 0x3fcf0000 - 0x3fcf8000[0m
D (1022) memory_layout: Available memory region 0x3fcf0000 - 0x3fcf8000[0m
V (1029) memory_layout: Examining memory region 0x600fe000 - 0x60100000[0m
V (1036) memory_layout: Start of region 0x600fe000 - 0x60100000 overlaps reserved 0x600fe000 - 0x600fe010[0m
V (1045) memory_layout: End of region 0x600fe010 - 0x60100000 overlaps reserved 0x600fffe8 - 0x60100000[0m
D (1055) memory_layout: Available memory region 0x600fe010 - 0x600fffe8[0m
[0;32mI (1062) heap_init: Initializing. RAM available for dynamic allocation:[0m
D (1069) heap_init: New heap initialised at 0x3fca26b0[0m
[0;32mI (1074) heap_init: At 3FCA26B0 len 00047060 (284 KiB): RAM[0m
[0;32mI (1080) heap_init: At 3FCE9710 len 00005724 (21 KiB): RAM[0m
D (1086) heap_init: New heap initialised at 0x3fcf0000[0m
[0;32mI (1092) heap_init: At 3FCF0000 len 00008000 (32 KiB): DRAM[0m
D (1098) heap_init: New heap initialised at 0x600fe010[0m
[0;32mI (1103) heap_init: At 600FE010 len 00001FD8 (7 KiB): RTCRAM[0m
V (1110) intr_alloc: esp_intr_alloc_intrstatus (cpu 0): checking args[0m
V (1116) intr_alloc: esp_intr_alloc_intrstatus (cpu 0): Args okay. Resulting flags 0x40E[0m
D (1124) intr_alloc: Connected src 39 to int 2 (cpu 0)[0m
V (1130) memspi: raw_chip_id: 1740C8
[0m
V (1133) memspi: chip_id: C84017
[0m
V (1137) memspi: raw_chip_id: 1740C8
[0m
V (1140) memspi: chip_id: C84017
[0m
D (1144) spi_flash: trying chip: issi[0m
D (1148) spi_flash: trying chip: gd[0m
[0;32mI (1151) spi_flash: detected chip: gd[0m
[0;32mI (1156) spi_flash: flash io: dio[0m
[0;33mW (1160) spi_flash: Detected size(8192k) larger than the size in the binary image header(2048k). Using the size in the binary image header.[0m
D (1173) cpu_start: calling init function: 0x420712a0[0m
D (1178) cpu_start: calling init function: 0x42070d50[0m
D (1183) cpu_start: calling init function: 0x42029030[0m
D (1188) cpu_start: calling init function: 0x42010acc[0m
D (1193) cpu_start: calling init function: 0x4037c268[0m
D (1199) cpu_start: calling init function: 0x42002284[0m
D (D 12(10420) 4c) pucp_su_tastrtar: t:c alcalill0xi040x43703a977a98 78on o cn orcoe:re :1 1[0[m0
mc
cD (449) cpu_start on core: 0[0m
V (1216) intr_alloc: esp_intr_alloc_intrstatus (cpu 0): checking args[0m
V (1222) intr_alloc: esp_intr_alloc_intrstatus (cpu 0): Args okay. Resulting flags 0xC02[0m
D (1230) intr_alloc: Connected src 59 to int 3 (cpu 0)[0m
D (1235) cpu_start: calling init function: 0x420052f4 on core: 0[0m
[0;32mI (1242) sleep: Configure to isolate all GPIO pins in sleep state[0m
[0;32mI (1249) sleep: Enable automatic switching of GPIO sleep configuration[0m
D (1256) cpu_start: calling init function: 0x4037a978 on core: 0[0m
D (1262) esp_apptrace: HW interface 0x00000000[0m
D (1266) esp_apptrace_uart: esp_apptrace_uart_hw_get - 1[0m
[0;32mI (1272) esp_apptrace_uart: UART baud rate: 1000000[0m
V (1277) intr_alloc: esp_intr_alloc_intrstatus (cpu 0): checking args[0m
V (1284) intr_alloc: esp_intr_alloc_intrstatus (cpu 0): Args okay. Resulting flags 0xE[0m
D (1292) intr_alloc: Connected src 28 to int 9 (cpu 0)[0m
[0;32mI (1297) esp_apptrace_uart: Initialized UART on CPU0[0m
D (1302) cpu_start: calling init function: 0x42003614 on core: 0[0m
V (1309) intr_alloc: esp_intr_alloc_intrstatus (cpu 0): checking args[0m
V (1315) intr_alloc: esp_intr_alloc_intrstatus (cpu 0): Args okay. Resulting flags 0x40E[0m
D (1323) intr_alloc: Connected src 79 to int 12 (cpu 0)[0m
D (1328) app_start: Starting scheduler on CPU0[0m
V (1333) intr_alloc: esp_intr_alloc_intrstatus (cpu 0): checking args[0m
V (1333) intr_alloc: esp_intr_alloc_intrstatus (cpu 0): Args okay. Resulting flags 0x402[0m
D (1333) intr_alloc: Connected src 57 to int 13 (cpu 0)[0m
[0;32mI (599) esp_apptrace_uart: Initialized UART on CPU1[0m
V (1343) intr_alloc: esp_intr_alloc_intrstatus (cpu 1): checking args[0m
V (1343) intr_alloc: esp_intr_alloc_intrstatus (cpu 1): Args okay. Resulting flags 0x40E[0m
D (1353) intr_alloc: Connected src 80 to int 2 (cpu 1)[0m
D (1363) app_start: Starting scheduler on CPU1[0m
V (1363) intr_alloc: esp_intr_alloc_intrstatus (cpu 1): checking args[0m
V (1373) intr_alloc: esp_intr_alloc_intrstatus (cpu 1): Args okay. Resulting flags 0x402[0m
D (1373) intr_alloc: Connected src 58 to int 3 (cpu 1)[0m
[0;32mI (1333) main_task: Started on CPU0[0m
D (1393) heap_init: New heap initialised at 0x3fce9710[0m
V (1393) intr_alloc: esp_intr_alloc_intrstatus (cpu 0): checking args[0m
V (1403) intr_alloc: esp_intr_alloc_intrstatus (cpu 0): Args okay. Resulting flags 0xE[0m
D (1403) intr_alloc: Connected src 52 to int 17 (cpu 0)[0m
[0;32mI (1413) main_task: Calling app_main()[0m
[0;32mI (1413) wifi dpp-enrollee: ESP_WIFI_MODE_STA[0m
V (1423) partition: Loading the partition table[0m
V (1423) mmap: actual_mapped_len is 0x10000[0m
V (1433) calculated md5: 0x3fcaa8e8   f4 ad 4f 45 38 56 4b 5d  74 35 b6 2c 75 b6 95 24  |..OE8VK]t5.,u..$|[0m
V (1443) stored md5: 0x3c0d8070   f4 ad 4f 45 38 56 4b 5d  74 35 b6 2c 75 b6 95 24  |..OE8VK]t5.,u..$|[0m
V (1453) partition: Partition table MD5 verified[0m
D (1483) esp_netif_lwip: LwIP stack has been initialized[0m
D (1483) esp_netif_lwip: esp-netif has been successfully initialized[0m
D (1483) event: running task for loop 0x3fcae0c4[0m
D (1483) event: created task for loop 0x3fcae0c4[0m
D (1493) event: created event loop 0x3fcae0c4[0m
D (1493) esp_netif_lwip: check: remote, if=0x3fcaa920 fn=0x42015d54[0m
V (1503) esp_netif_objects: esp_netif_add_to_list_unsafe 0x3fcaefec[0m
D (1503) esp_netif_objects: esp_netif_add_to_list_unsafe netif added successfully (total netifs: 1)[0m
D (1513) esp_netif_lwip: call api in lwip: ret=0x0, give sem[0m
[0;32mI (1523) pp: pp rom version: e7ae62f[0m
[0;32mI (1523) net80211: net80211 rom version: e7ae62f[0m
D (1533) nvs: nvs_open_from_partition misc 1[0m
I (1543) wifi:wifi driver task: 3fcb1a0c, prio:23, stack:6656, core=0
V (1543) esp_adapter: thread sem create: sem=0x3fcb1b64[0m
V (1543) esp_adapter: thread sem get: sem=0x3fcb1b64[0m
D (1553) efuse: In EFUSE_BLK1__DATA1_REG is used 8 bits starting with 8 bit[0m
D (1563) efuse: In EFUSE_BLK1__DATA1_REG is used 8 bits starting with 0 bit[0m
D (1563) efuse: In EFUSE_BLK1__DATA0_REG is used 8 bits starting with 24 bit[0m
D (1573) efuse: In EFUSE_BLK1__DATA0_REG is used 8 bits starting with 16 bit[0m
D (1583) efuse: In EFUSE_BLK1__DATA0_REG is used 8 bits starting with 8 bit[0m
D (1583) efuse: In EFUSE_BLK1__DATA0_REG is used 8 bits starting with 0 bit[0m
D (1593) nvs: nvs_open_from_partition nvs.net80211 1[0m
D (1603) nvs: nvs_get opmode 1[0m
D (1603) nvs: nvs_get_str_or_blob sta.ssid[0m
D (1603) nvs: nvs_get sta.authmode 1[0m
D (1613) nvs: nvs_get_str_or_blob sta.pswd[0m
D (1613) nvs: nvs_get_str_or_blob sta.pmk[0m
D (1613) nvs: nvs_get sta.chan 1[0m
D (1623) nvs: nvs_get auto.conn 1[0m
D (1623) nvs: nvs_get bssid.set 1[0m
D (1633) nvs: nvs_get_str_or_blob sta.bssid[0m
D (1633) nvs: nvs_get sta.lis_intval 2[0m
D (1633) nvs: nvs_get sta.phym 1[0m
D (1643) nvs: nvs_get sta.phybw 1[0m
D (1643) nvs: nvs_get_str_or_blob sta.apsw[0m
D (1643) nvs: nvs_get_str_or_blob sta.apinfo[0m
D (1653) nvs: nvs_get sta.scan_method 1[0m
D (1653) nvs: nvs_get sta.sort_method 1[0m
D (1663) nvs: nvs_get sta.minrssi 1[0m
D (1663) nvs: nvs_get sta.minauth 1[0m
D (1663) nvs: nvs_get sta.pmf_e 1[0m
D (1673) nvs: nvs_get sta.pmf_r 1[0m
D (1673) nvs: nvs_get sta.btm_e 1[0m
D (1673) nvs: nvs_get sta.rrm_e 1[0m
D (1683) nvs: nvs_get sta.mbo_e 1[0m
D (1683) nvs: nvs_get_str_or_blob ap.ssid[0m
D (1683) nvs: nvs_get_str_or_blob ap.passwd[0m
D (1693) nvs: nvs_get_str_or_blob ap.pmk[0m
D (1693) nvs: nvs_get ap.chan 1[0m
D (1703) nvs: nvs_get ap.authmode 1[0m
D (1703) nvs: nvs_get ap.hidden 1[0m
D (1703) nvs: nvs_get ap.max.conn 1[0m
D (1713) nvs: nvs_get bcn.interval 2[0m
D (1713) nvs: nvs_get ap.phym 1[0m
D (1713) nvs: nvs_get ap.phybw 1[0m
D (1723) nvs: nvs_get ap.sndchan 1[0m
D (1723) nvs: nvs_get ap.pmf_e 1[0m
D (1723) nvs: nvs_get ap.pmf_r 1[0m
D (1733) nvs: nvs_get ap.p_cipher 1[0m
D (1733) nvs: nvs_get lorate 1[0m
D (1733) nvs: nvs_get_str_or_blob country[0m
D (1743) nvs: nvs_get ap.ftm_r 1[0m
D (1743) nvs: nvs_get sta.ft 1[0m
D (1743) nvs: nvs_get sta.owe 1[0m
D (1753) nvs: nvs_get sta.trans_d 1[0m
D (1753) nvs: nvs_get sta.sae_h2e 1[0m
D (1753) nvs: nvs_get sta.sae_pk_mode 1[0m
D (1763) nvs: nvs_get sta.bss_retry 1[0m
D (1763) nvs: nvs_get_str_or_blob sta.owe_data[0m
D (1773) nvs: nvs_get sta.he_dcm 1[0m
D (1773) nvs: nvs_get sta.he_dcm_c_tx 1[0m
D (1773) nvs: nvs_get sta.he_dcm_c_rx 1[0m
D (1783) nvs: nvs_get sta.he_mcs9_d 1[0m
D (1783) nvs: nvs_get sta.he_su_b_d 1[0m
D (1783) nvs: nvs_get sta.he_su_b_f_d 1[0m
D (1793) nvs: nvs_get sta.he_mu_b_f_d 1[0m
D (1793) nvs: nvs_get sta.he_cqi_f_d 1[0m
D (1803) nvs: nvs_get_str_or_blob sta.sae_h2e_id[0m
D (1803) nvs: nvs_get ap.sae_h2e 1[0m
D (1803) nvs: nvs_get_str_or_blob ap.pmk_info[0m
D (1813) nvs: nvs_get nan.phym 1[0m
D (1813) nvs: nvs_set ap.sndchan 1 1[0m
I (1823) wifi:wifi firmware version: a9f5b59
I (1823) wifi:wifi certification version: v7.0
I (1823) wifi:config NVS flash: enabled
I (1833) wifi:config nano formating: disabled
I (1833) wifi:Init data frame dynamic rx buffer num: 32
I (1843) wifi:Init static rx mgmt buffer num: 5
I (1843) wifi:Init management short buffer num: 32
I (1853) wifi:Init dynamic tx buffer num: 32
I (1853) wifi:Init static tx FG buffer num: 2
I (1853) wifi:Init static rx buffer size: 1600
I (1863) wifi:Init static rx buffer num: 10
I (1863) wifi:Init dynamic rx buffer num: 32
V (1873) wifi:hint=255, act_dur=<0,120>, pas_dur=360, nchans=14 history_num=0
V (1873) esp_adapter: thread sem get: sem=0x3fcb1b64[0m
[0;32mI (1883) wifi_init: rx ba win: 6[0m
[0;32mI (1883) wifi_init: tcpip mbox: 32[0m
[0;32mI (1893) wifi_init: udp mbox: 6[0m
[0;32mI (1893) wifi_init: tcp mbox: 6[0m
[0;32mI (1893) wifi_init: tcp tx win: 5760[0m
[0;32mI (1903) wifi_init: tcp rx win: 5760[0m
[0;32mI (1903) wifi_init: tcp mss: 1440[0m
[0;32mI (1913) wifi_init: WiFi IRAM OP enabled[0m
[0;32mI (1913) wifi_init: WiFi RX IRAM OP enabled[0m
V (1913) esp_adapter: thread sem get: sem=0x3fcb1b64[0m
D (1923) nvs: nvs_get opmode 1[0m
D (1983) gdma: new group (0) at 0x3fcba32c[0m
D (1983) gdma: new pair (0,0) at 0x3fcba188[0m
D (1983) gdma: new tx channel (0,0) at 0x3fcba038[0m
D (1983) gdma: new rx channel (0,0) at 0x3fcba3b4[0m
D (1993) gdma: tx channel (0,0), (1:16) bytes aligned, burst enabled[0m
D (1993) gdma: rx channel (0,0), (1:16) bytes aligned, burst disabled[0m
[0;32mI (2003) wifi dpp-enrollee: Scan below QR Code to configure the enrollee:[0m
[0;32mI (2013) QRCODE: Encoding below text with ECC LVL 0 & QR Code Version 10[0m
[0;32mI (2013) QRCODE: DPP:C:81/6;M:84:fc:e6:7b:73:b8;K:MDkwEwYHKoZIzj0CAQYIKoZIzj0DAQcDIgAD/0oqMDteth2UsITyDiQxp73NhxLio0/sNTZ3fI/qTmA=;;[0m
                                              
  █▀▀▀▀▀█ ▀▀█▀  ▀  ▄▀█▄█▄  ▄▀  ▀ ▄▀ █▀▀▀▀▀█   
  █ ███ █   ▄█▄  ▄▀▀▀▀▄▀▀ ▄█ ▄█▄▀ ▄ █ ███ █   
  █ ▀▀▀ █  ▀▀▄▀█▀▀ ▀█ ██ ▄ ▄▀▀█ █ ▄ █ ▀▀▀ █   
  ▀▀▀▀▀▀▀ █ ▀▄█▄█ ▀ ▀ █ █▄█▄█ ▀ █▄█ ▀▀▀▀▀▀▀   
  ██▄▀▀ ▀ ▄▀▀▀▄  █  ▄▄██  ▀▄ ▄▄█▄▄ ▄▀ ▄ ▄▄▀   
  ▄█▄▄▀ ▀▄▀ █▄  █▀██▀▄▀▀ ▀  ████▀▄█ ▄▀▄ ▀█    
   ▄ █▄▄▀█▄██▀▀█▀ █▀▀ ▄▄▀█▄ ▄█▄▀ ▀  █▄▄▄▄▄    
  ▄▀ ▀█▀▀▀▄▄▄█▀▀▄▄▀ ▀██▀▀▄█▀▄▀█  ▀ █ ███▄ █   
  ▄▄▄█▀ ▀█▄▀▄ ▀▄   ▀ ████  ██▄█▄▀▄█ ▄▄▄ ▄▀    
  ▄█ ▄ ▀▀▄▀  ▀▄ ▄█▀▄▄▀█ ▄█▄▄ █▄▀▀▀█▀ ▄ ▀▄▀▀   
  ▄███▄ ▀  ▄█▀▄▀█ ▄ ▄▄█▄ ▀ ▄ █▀▀  ▀█▀▄▄█ ▄█   
  █▄▄▀▀ ▀▀ █ █▄  ▀██▀ ▄▀▄█▀▀██ ▄▄  ▄█▀██  ▄   
  ██▄█▄▄▀███▀▀▀█▄▀▄▀   ▀ █▀█▄▄ ▄▀ ▄██▀▄▄▄ ▀   
  ██ ▄▄▄▀▀▀█▄ ▀▀ █  ▀▀█▀▀ ▀▀▄██ █▀ ▀▀▀█ █▄█   
  █▀ █▄▀▀█ ▄▄█▀ █  ▀▀█ █▀█ █▀     █▄▄ ▄▀ ▀▄   
  ██▀███▀ ▄ ▀▄▀█▀▄█▀▀█▄ ██▀▄▀█  █▀▄▀▄██ █▄█   
  ▀▀▀▀▀ ▀ ▄▄▀▀▀█▀▄▀▄▄▀  ▄▀▀▄ █▄▀▀██▀▀▀█▀ ▀█   
  █▀▀▀▀▀█  ▀▀▀▄█ ██ ▄▄▀▀██ ▀▄█▄██▀█ ▀ █  ▄    
  █ ███ █ ██▄▀▄█▄  █▄▄▀▄  ▀  █  ▀██▀▀█▀  ▄█   
  █ ▀▀▀ █ ▄▀▄ ▄▀ ▀▄ ▀▀▀  ▄▄ ▄█ ▀ █▀▄▄ █▄▄ █   
  ▀▀▀▀▀▀▀ ▀  ▀▀▀ ▀ ▀ ▀ ▀▀▀▀  ▀   ▀▀  ▀  ▀     
                                              

V (2323) esp_adapter: thread sem get: sem=0x3fcb1b64[0m
[0;32mI (2333) phy_init: phy_version 640,cd64a1a,Jan 24 2024,17:28:12[0m
D (2333) phy_init: loading PHY init data from application binary[0m
D (2343) nvs: nvs_open_from_partition phy 0[0m
D (2343) nvs: nvs_get cal_version 4[0m
V (2353) phy_init: phy_get_rf_cal_version: 640[0m
D (2353) nvs: nvs_get_str_or_blob cal_mac[0m
D (2363) efuse: In EFUSE_BLK1__DATA1_REG is used 8 bits starting with 8 bit[0m
D (2363) efuse: In EFUSE_BLK1__DATA1_REG is used 8 bits starting with 0 bit[0m
D (2373) efuse: In EFUSE_BLK1__DATA0_REG is used 8 bits starting with 24 bit[0m
D (2383) efuse: In EFUSE_BLK1__DATA0_REG is used 8 bits starting with 16 bit[0m
D (2383) efuse: In EFUSE_BLK1__DATA0_REG is used 8 bits starting with 8 bit[0m
D (2393) efuse: In EFUSE_BLK1__DATA0_REG is used 8 bits starting with 0 bit[0m
D (2403) nvs: nvs_get_str_or_blob cal_data[0m
D (2413) nvs: nvs_close 3[0m
D (2413) efuse: In EFUSE_BLK1__DATA1_REG is used 8 bits starting with 8 bit[0m
D (2413) efuse: In EFUSE_BLK1__DATA1_REG is used 8 bits starting with 0 bit[0m
D (2423) efuse: In EFUSE_BLK1__DATA0_REG is used 8 bits starting with 24 bit[0m
D (2433) efuse: In EFUSE_BLK1__DATA0_REG is used 8 bits starting with 16 bit[0m
D (2433) efuse: In EFUSE_BLK1__DATA0_REG is used 8 bits starting with 8 bit[0m
D (2443) efuse: In EFUSE_BLK1__DATA0_REG is used 8 bits starting with 0 bit[0m
D (2473) temperature_sensor: range changed, change to index 2[0m
V (2493) wifi:ht20 freq=2412, chan=1
D (2493) wifi:filter: set rx policy=0
I (2493) wifi:mode : sta (84:fc:e6:7b:73:b8)
I (2493) wifi:enable tsf
D (2493) wifi:filter: set rx policy=1
D (2493) wifi:connect status 0 -> 0
D (2503) event: running post WIFI_EVENT:40 with handler 0x4200a610 and context 0x3fcaf350 on loop 0x3fcae0c4[0m
D (2513) event: running post WIFI_EVENT:2 with handler 0x42029280 and context 0x3fcaf1e8 on loop 0x3fcae0c4[0m
D (2513) wifi_init_default: wifi_start esp-netif:0x3fcaefec event-id2[0m
D (2523) wifi_init_default: WIFI mac address: 84 fc e6 7b 73 b8[0m
V (2533) esp_adapter: thread sem create: sem=0x3fcb9ba8[0m
V (2533) esp_adapter: thread sem get: sem=0x3fcb9ba8[0m
D (2543) esp_netif_lwip: check: remote, if=0x3fcaefec fn=0x42015740[0m
D (2543) esp_netif_lwip: call api in lwip: ret=0x0, give sem[0m
D (2553) esp_netif_handlers: esp_netif action has started with netif0x3fcaefec from event_id=2[0m
D (2563) esp_netif_lwip: check: remote, if=0x3fcaefec fn=0x4201600c[0m
D (2563) esp_netif_lwip: esp_netif_start_api 0x3fcaefec[0m
D (2573) esp_netif_lwip: esp_netif_get_hostname esp_netif:0x3fcaefec[0m
D (2583) esp_netif_lwip: check: local, if=0x3fcaefec fn=0x420167b0[0m
D (2583) esp_netif_lwip: esp_netif_update_default_netif_lwip 0x3fcaefec[0m
V (2593) esp_netif_lwip: esp_netif_is_netif_up esp_netif:0x3fcaefec[0m
D (2603) esp_netif_lwip: call api in lwip: ret=0x0, give sem[0m
D (2603) event: running post WIFI_EVENT:2 with handler 0x4200a610 and context 0x3fcaf350 on loop 0x3fcae0c4[0m
[0;32mI (2613) wifi dpp-enrollee: Started listening for DPP Authentication[0m
V (2613) esp_adapter: thread sem create: sem=0x3fcb9c58[0m
V (2623) esp_adapter: thread sem get: sem=0x3fcb9c58[0m
V (2633) wifi:change: chan<6,0>, dur<0,500>
V (2633) wifi:ht20 freq=2437, chan=6
V (2643) wifi:enter start op, arg=0x42017358
V (2643) wifi:start max timer
V (3143) wifi:back home chan=<1,0>, current chan=<6,0>
V (3143) wifi:ht20 freq=2412, chan=1
D (3143) event: running post WIFI_EVENT:20 with handler 0x4200a610 and context 0x3fcaf350 on loop 0x3fcae0c4[0m
D (3153) event: running post WIFI_EVENT:20 with handler 0x42017540 and context 0x3fcb9948 on loop 0x3fcae0c4[0m
V (3163) esp_adapter: thread sem get: sem=0x3fcb9c58[0m
V (3173) wifi:change: chan<6,0>, dur<0,500>
V (3173) wifi:ht20 freq=2437, chan=6
V (3173) wifi:enter start op, arg=0x42017358
V (3183) wifi:start max timer
V (3683) wifi:back home chan=<1,0>, current chan=<6,0>
V (3683) wifi:ht20 freq=2412, chan=1
D (3683) event: running post WIFI_EVENT:20 with handler 0x4200a610 and context 0x3fcaf350 on loop 0x3fcae0c4[0m
D (3693) event: running post WIFI_EVENT:20 with handler 0x42017540 and context 0x3fcb9948 on loop 0x3fcae0c4[0m
V (3703) esp_adapter: thread sem get: sem=0x3fcb9c58[0m
V (3703) wifi:change: chan<6,0>, dur<0,500>
V (3703) wifi:ht20 freq=2437, chan=6
V (3713) wifi:enter start op, arg=0x42017358
V (3713) wifi:start max timer
V (4213) wifi:back home chan=<1,0>, current chan=<6,0>
V (4223) wifi:ht20 freq=2412, chan=1
D (4223) event: running post WIFI_EVENT:20 with handler 0x4200a610 and context 0x3fcaf350 on loop 0x3fcae0c4[0m
D (4223) event: running post WIFI_EVENT:20 with handler 0x42017540 and context 0x3fcb9948 on loop 0x3fcae0c4[0m
V (4233) esp_adapter: thread sem get: sem=0x3fcb9c58[0m
V (4243) wifi:change: chan<6,0>, dur<0,500>
V (4243) wifi:ht20 freq=2437, chan=6
V (4243) wifi:enter start op, arg=0x42017358
V (4253) wifi:start max timer
V (4753) wifi:back home chan=<1,0>, current chan=<6,0>
V (4753) wifi:ht20 freq=2412, chan=1
D (4753) event: running post WIFI_EVENT:20 with handler 0x4200a610 and context 0x3fcaf350 on loop 0x3fcae0c4[0m
D (4763) event: running post WIFI_EVENT:20 with handler 0x42017540 and context 0x3fcb9948 on loop 0x3fcae0c4[0m
V (4773) esp_adapter: thread sem get: sem=0x3fcb9c58[0m
V (4773) wifi:change: chan<6,0>, dur<0,500>
V (4783) wifi:ht20 freq=2437, chan=6
V (4783) wifi:enter start op, arg=0x42017358
V (4783) wifi:start max timer
V (5293) wifi:back home chan=<1,0>, current chan=<6,0>
V (5293) wifi:ht20 freq=2412, chan=1
D (5293) event: running post WIFI_EVENT:20 with handler 0x4200a610 and context 0x3fcaf350 on loop 0x3fcae0c4[0m
D (5293) event: running post WIFI_EVENT:20 with handler 0x42017540 and context 0x3fcb9948 on loop 0x3fcae0c4[0m
V (5303) esp_adapter: thread sem get: sem=0x3fcb9c58[0m
V (5313) wifi:change: chan<6,0>, dur<0,500>
V (5313) wifi:ht20 freq=2437, chan=6
V (5323) wifi:enter start op, arg=0x42017358
V (5323) wifi:start max timer
V (5823) wifi:back home chan=<1,0>, current chan=<6,0>
V (5823) wifi:ht20 freq=2412, chan=1
D (5823) event: running post WIFI_EVENT:20 with handler 0x4200a610 and context 0x3fcaf350 on loop 0x3fcae0c4[0m
D (5833) event: running post WIFI_EVENT:20 with handler 0x42017540 and context 0x3fcb9948 on loop 0x3fcae0c4[0m
V (5843) esp_adapter: thread sem get: sem=0x3fcb9c58[0m
V (5853) wifi:change: chan<6,0>, dur<0,500>
V (5853) wifi:ht20 freq=2437, chan=6
V (5853) wifi:enter start op, arg=0x42017358
V (5863) wifi:start max timer
V (6363) wifi:back home chan=<1,0>, current chan=<6,0>
V (6363) wifi:ht20 freq=2412, chan=1
D (6363) event: running post WIFI_EVENT:20 with handler 0x4200a610 and context 0x3fcaf350 on loop 0x3fcae0c4[0m
D (6373) event: running post WIFI_EVENT:20 with handler 0x42017540 and context 0x3fcb9948 on loop 0x3fcae0c4[0m
V (6383) esp_adapter: thread sem get: sem=0x3fcb9c58[0m
V (6383) wifi:change: chan<6,0>, dur<0,500>
V (6393) wifi:ht20 freq=2437, chan=6
V (6393) wifi:enter start op, arg=0x42017358
V (6393) wifi:start max timer
V (6903) wifi:back home chan=<1,0>, current chan=<6,0>
V (6903) wifi:ht20 freq=2412, chan=1
D (6903) event: running post WIFI_EVENT:20 with handler 0x4200a610 and context 0x3fcaf350 on loop 0x3fcae0c4[0m
D (6903) event: running post WIFI_EVENT:20 with handler 0x42017540 and context 0x3fcb9948 on loop 0x3fcae0c4[0m
V (6913) esp_adapter: thread sem get: sem=0x3fcb9c58[0m
V (6923) wifi:change: chan<6,0>, dur<0,500>
V (6923) wifi:ht20 freq=2437, chan=6
V (6933) wifi:enter start op, arg=0x42017358
V (6933) wifi:start max timer
V (7433) wifi:back home chan=<1,0>, current chan=<6,0>
V (7433) wifi:ht20 freq=2412, chan=1
D (7433) event: running post WIFI_EVENT:20 with handler 0x4200a610 and context 0x3fcaf350 on loop 0x3fcae0c4[0m
D (7443) event: running post WIFI_EVENT:20 with handler 0x42017540 and context 0x3fcb9948 on loop 0x3fcae0c4[0m
V (7453) esp_adapter: thread sem get: sem=0x3fcb9c58[0m
V (7453) wifi:change: chan<6,0>, dur<0,500>
V (7463) wifi:ht20 freq=2437, chan=6
V (7463) wifi:enter start op, arg=0x42017358
V (7463) wifi:start max timer
V (7523) esp_adapter: thread sem get: sem=0x3fcb9c58[0m
V (7523) wifi:back home chan=<1,0>, current chan=<6,0>
V (7523) wifi:ht20 freq=2412, chan=1
V (7523) wifi:back home chan=<1,0>, current chan=<1,0>
D (7533) event: runV (7533) intr_alloc: esp_intr_alloc_intrstatus (cpu 1): checking args[0m
V (7543) intr_alloc: esp_intr_alloc_intrstatus (cpu 1): Args okay. Resulting flags 0xE[0m
nD (7543) intr_alloc: Connected src 76 to int 4 (cpu 1)[0m
ing post WIFI_EVEV (7553) intr_alloc: esp_intr_alloc_intrstatus (cpu 1): checking args[0m
V (7563) intr_alloc: esp_intr_alloc_intrstatus (cpu 1): Args okay. Resulting flags 0xE[0m
D (7573) intr_alloc: Connected src 77 to int 9 (cpu 1)[0m
NT:20 with handler 0x4200a610 and context 0x3fcaf350 on loop 0x3fcae0c4[0m
D (7583) event: running post WIFI_EVENT:20 with handler 0x42017540 and context 0x3fcb9948 on loop 0x3fcae0c4[0m
V (7943) esp_adapter: thread sem get: sem=0x3fcb9c58[0m
V (7943) wifi:change: chan<6,0>, dur<0,500>
V (7943) wifi:ht20 freq=2437, chan=6
V (7943) wifi:enter start op, arg=0x3fcbb738
V (7943) wifi:start max timer
D (7953) event: running post WIFI_EVENT:19 with handler 0x4200a610 and context 0x3fcaf350 on loop 0x3fcae0c4[0m
D (7963) event: running post WIFI_EVENT:19 with handler 0x42017540 and context 0x3fcb9918 on loop 0x3fcae0c4[0m
V (8453) wifi:back home chan=<1,0>, current chan=<6,0>
V (8453) wifi:ht20 freq=2412, chan=1
[0;32mI (8953) wifi dpp-enrollee: DPP Auth failed (Reason: ESP_ERR_DPP_AUTH_TIMEOUT), retry...[0m
V (8953) esp_adapter: thread sem get: sem=0x3fcb9c58[0m
V (8953) wifi:change: chan<6,0>, dur<0,500>
V (8953) wifi:ht20 freq=2437, chan=6
V (8963) wifi:enter start op, arg=0x42017358
V (8963) wifi:start max timer
V (9343) esp_adapter: thread sem get: sem=0x3fcb9c58[0m
V (9343) wifi:back home chan=<1,0>, current chan=<6,0>
V (9343) wifi:ht20 freq=2412, chan=1
V (9353) wifi:back home chan=<1,0>, current chan=<1,0>
[0;32mI (9353) wifi dpp-enrollee: DPP Auth failed (Reason: ESP_ERR_DPP_FAILURE), retry...[0m
D (9353) event: running post WIFI_EVENT:20 with handler 0x4200a610 and context 0x3fcaf350 on loop 0x3fcae0c4[0m
V (9363) esp_adapter: thread sem get: sem=0x3fcb9c58[0m
D (9373) event: running post WIFI_EVENT:20 with handler 0x42017540 and context 0x3fcb9948 on loop 0x3fcae0c4[0m
V (9373) wifi:change: chan<6,0>, dur<0,500>
V (9393) wifi:ht20 freq=2437, chan=6
V (9393) wifi:enter start op, arg=0x42017358
V (9393) wifi:start max timer
V (9903) wifi:back home chan=<1,0>, current chan=<6,0>
V (9903) wifi:ht20 freq=2412, chan=1
D (9903) event: running post WIFI_EVENT:20 with handler 0x4200a610 and context 0x3fcaf350 on loop 0x3fcae0c4[0m
D (9903) event: running post WIFI_EVENT:20 with handler 0x42017540 and context 0x3fcb9948 on loop 0x3fcae0c4[0m
V (9913) esp_adapter: thread sem get: sem=0x3fcb9c58[0m
V (9923) wifi:change: chan<6,0>, dur<0,500>
V (9923) wifi:ht20 freq=2437, chan=6
V (9933) wifi:enter start op, arg=0x42017358
V (9933) wifi:start max timer
V (10433) wifi:back home chan=<1,0>, current chan=<6,0>
V (10433) wifi:ht20 freq=2412, chan=1
D (10433) event: running post WIFI_EVENT:20 with handler 0x4200a610 and context 0x3fcaf350 on loop 0x3fcae0c4[0m
D (10443) event: running post WIFI_EVENT:20 with handler 0x42017540 and context 0x3fcb9948 on loop 0x3fcae0c4[0m
V (10453) esp_adapter: thread sem get: sem=0x3fcb9c58[0m
V (10463) wifi:change: chan<6,0>, dur<0,500>
V (10463) wifi:ht20 freq=2437, chan=6
V (10463) wifi:enter start op, arg=0x42017358
V (10473) wifi:start max timer
V (10973) wifi:back home chan=<1,0>, current chan=<6,0>
V (10973) wifi:ht20 freq=2412, chan=1
D (10973) event: running post WIFI_EVENT:20 with handler 0x4200a610 and context 0x3fcaf350 on loop 0x3fcae0c4[0m
D (10983) event: running post WIFI_EVENT:20 with handler 0x42017540 and context 0x3fcb9948 on loop 0x3fcae0c4[0m
V (10993) esp_adapter: thread sem get: sem=0x3fcb9c58[0m
V (10993) wifi:change: chan<6,0>, dur<0,500>
V (11003) wifi:ht20 freq=2437, chan=6
V (11003) wifi:enter start op, arg=0x42017358
V (11003) wifi:start max timer
V (11513) wifi:back home chan=<1,0>, current chan=<6,0>
V (11513) wifi:ht20 freq=2412, chan=1
D (11513) event: running post WIFI_EVENT:20 with handler 0x4200a610 and context 0x3fcaf350 on loop 0x3fcae0c4[0m
D (11523) event: running post WIFI_EVENT:20 with handler 0x42017540 and context 0x3fcb9948 on loop 0x3fcae0c4[0m
V (11533) esp_adapter: thread sem get: sem=0x3fcb9c58[0m
V (11533) wifi:change: chan<6,0>, dur<0,500>
V (11533) wifi:ht20 freq=2437, chan=6
V (11543) wifi:enter start op, arg=0x42017358
V (11543) wifi:start max timer
V (12043) wifi:back home chan=<1,0>, current chan=<6,0>
V (12043) wifi:ht20 freq=2412, chan=1
D (12053) event: running post WIFI_EVENT:20 with handler 0x4200a610 and context 0x3fcaf350 on loop 0x3fcae0c4[0m
D (12053) event: running post WIFI_EVENT:20 with handler 0x42017540 and context 0x3fcb9948 on loop 0x3fcae0c4[0m
V (12063) esp_adapter: thread sem get: sem=0x3fcb9c58[0m
V (12073) wifi:change: chan<6,0>, dur<0,500>
V (12073) wifi:ht20 freq=2437, chan=6
V (12073) wifi:enter start op, arg=0x42017358
V (12083) wifi:start max timer
V (12583) wifi:back home chan=<1,0>, current chan=<6,0>
V (12583) wifi:ht20 freq=2412, chan=1
D (12583) event: running post WIFI_EVENT:20 with handler 0x4200a610 and context 0x3fcaf350 on loop 0x3fcae0c4[0m
D (12593) event: running post WIFI_EVENT:20 with handler 0x42017540 and context 0x3fcb9948 on loop 0x3fcae0c4[0m
V (12603) esp_adapter: thread sem get: sem=0x3fcb9c58[0m
V (12603) wifi:change: chan<6,0>, dur<0,500>
V (12613) wifi:ht20 freq=2437, chan=6
V (12613) wifi:enter start op, arg=0x42017358
V (12623) wifi:start max timer
V (13123) wifi:back home chan=<1,0>, current chan=<6,0>
V (13123) wifi:ht20 freq=2412, chan=1
D (13123) event: running post WIFI_EVENT:20 with handler 0x4200a610 and context 0x3fcaf350 on loop 0x3fcae0c4[0m
D (13133) event: running post WIFI_EVENT:20 with handler 0x42017540 and context 0x3fcb9948 on loop 0x3fcae0c4[0m
V (13143) esp_adapter: thread sem get: sem=0x3fcb9c58[0m
V (13143) wifi:change: chan<6,0>, dur<0,500>
V (13143) wifi:ht20 freq=2437, chan=6
V (13153) wifi:enter start op, arg=0x42017358
V (13153) wifi:start max timer
V (13663) wifi:back home chan=<1,0>, current chan=<6,0>
V (13663) wifi:ht20 freq=2412, chan=1
D (13663) event: running post WIFI_EVENT:20 with handler 0x4200a610 and context 0x3fcaf350 on loop 0x3fcae0c4[0m
D (13663) event: running post WIFI_EVENT:20 with handler 0x42017540 and context 0x3fcb9948 on loop 0x3fcae0c4[0m
V (13673) esp_adapter: thread sem get: sem=0x3fcb9c58[0m
V (13683) wifi:change: chan<6,0>, dur<0,500>
V (13683) wifi:ht20 freq=2437, chan=6
V (13693) wifi:enter start op, arg=0x42017358
V (13693) wifi:start max timer
V (14193) wifi:back home chan=<1,0>, current chan=<6,0>
V (14193) wifi:ht20 freq=2412, chan=1
D (14193) event: running post WIFI_EVENT:20 with handler 0x4200a610 and context 0x3fcaf350 on loop 0x3fcae0c4[0m
D (14203) event: running post WIFI_EVENT:20 with handler 0x42017540 and context 0x3fcb9948 on loop 0x3fcae0c4[0m
V (14213) esp_adapter: thread sem get: sem=0x3fcb9c58[0m
V (14223) wifi:change: chan<6,0>, dur<0,500>
V (14223) wifi:ht20 freq=2437, chan=6
V (14223) wifi:enter start op, arg=0x42017358
V (14233) wifi:start max timer
V (14733) wifi:back home chan=<1,0>, current chan=<6,0>
V (14733) wifi:ht20 freq=2412, chan=1
D (14733) event: running post WIFI_EVENT:20 with handler 0x4200a610 and context 0x3fcaf350 on loop 0x3fcae0c4[0m
D (14743) event: running post WIFI_EVENT:20 with handler 0x42017540 and context 0x3fcb9948 on loop 0x3fcae0c4[0m
V (14753) esp_adapter: thread sem get: sem=0x3fcb9c58[0m
V (14753) wifi:change: chan<6,0>, dur<0,500>
V (14763) wifi:ht20 freq=2437, chan=6
V (14763) wifi:enter start op, arg=0x42017358
V (14763) wifi:start max timer
V (15273) wifi:back home chan=<1,0>, current chan=<6,0>
V (15273) wifi:ht20 freq=2412, chan=1
D (15273) event: running post WIFI_EVENT:20 with handler 0x4200a610 and context 0x3fcaf350 on loop 0x3fcae0c4[0m
D (15273) event: running post WIFI_EVENT:20 with handler 0x42017540 and context 0x3fcb9948 on loop 0x3fcae0c4[0m
V (15283) esp_adapter: thread sem get: sem=0x3fcb9c58[0m
V (15293) wifi:change: chan<6,0>, dur<0,500>
V (15293) wifi:ht20 freq=2437, chan=6
V (15303) wifi:enter start op, arg=0x42017358
V (15303) wifi:start max timer
V (15803) wifi:back home chan=<1,0>, current chan=<6,0>
V (15803) wifi:ht20 freq=2412, chan=1
D (15803) event: running post WIFI_EVENT:20 with handler 0x4200a610 and context 0x3fcaf350 on loop 0x3fcae0c4[0m
D (15813) event: running post WIFI_EVENT:20 with handler 0x42017540 and context 0x3fcb9948 on loop 0x3fcae0c4[0m
V (15823) esp_adapter: thread sem get: sem=0x3fcb9c58[0m
V (15833) wifi:change: chan<6,0>, dur<0,500>
V (15833) wifi:ht20 freq=2437, chan=6
V (15833) wifi:enter start op, arg=0x42017358
V (15843) wifi:start max timer
V (16343) wifi:back home chan=<1,0>, current chan=<6,0>
V (16343) wifi:ht20 freq=2412, chan=1
D (16343) event: running post WIFI_EVENT:20 with handler 0x4200a610 and context 0x3fcaf350 on loop 0x3fcae0c4[0m
D (16353) event: running post WIFI_EVENT:20 with handler 0x42017540 and context 0x3fcb9948 on loop 0x3fcae0c4[0m
V (16363) esp_adapter: thread sem get: sem=0x3fcb9c58[0m
V (16363) wifi:change: chan<6,0>, dur<0,500>
V (16373) wifi:ht20 freq=2437, chan=6
V (16373) wifi:enter start op, arg=0x42017358
V (16373) wifi:start max timer
V (16883) wifi:back home chan=<1,0>, current chan=<6,0>
V (16883) wifi:ht20 freq=2412, chan=1
D (16883) event: running post WIFI_EVENT:20 with handler 0x4200a610 and context 0x3fcaf350 on loop 0x3fcae0c4[0m
D (16883) event: running post WIFI_EVENT:20 with handler 0x42017540 and context 0x3fcb9948 on loop 0x3fcae0c4[0m
V (16893) esp_adapter: thread sem get: sem=0x3fcb9c58[0m
V (16903) wifi:change: chan<6,0>, dur<0,500>
V (16903) wifi:ht20 freq=2437, chan=6
V (16913) wifi:enter start op, arg=0x42017358
V (16913) wifi:start max timer
V (17413) wifi:back home chan=<1,0>, current chan=<6,0>
V (17413) wifi:ht20 freq=2412, chan=1
D (17413) event: running post WIFI_EVENT:20 with handler 0x4200a610 and context 0x3fcaf350 on loop 0x3fcae0c4[0m
D (17423) event: running post WIFI_EVENT:20 with handler 0x42017540 and context 0x3fcb9948 on loop 0x3fcae0c4[0m
V (17433) esp_adapter: thread sem get: sem=0x3fcb9c58[0m
V (17443) wifi:change: chan<6,0>, dur<0,500>
V (17443) wifi:ht20 freq=2437, chan=6
V (17443) wifi:enter start op, arg=0x42017358
V (17453) wifi:start max timer
V (17953) wifi:back home chan=<1,0>, current chan=<6,0>
V (17953) wifi:ht20 freq=2412, chan=1
D (17953) event: running post WIFI_EVENT:20 with handler 0x4200a610 and context 0x3fcaf350 on loop 0x3fcae0c4[0m
D (17963) event: running post WIFI_EVENT:20 with handler 0x42017540 and context 0x3fcb9948 on loop 0x3fcae0c4[0m
V (17973) esp_adapter: thread sem get: sem=0x3fcb9c58[0m
V (17973) wifi:change: chan<6,0>, dur<0,500>
V (17983) wifi:ht20 freq=2437, chan=6
V (17983) wifi:enter start op, arg=0x42017358
V (17983) wifi:start max timer
V (18493) wifi:back home chan=<1,0>, current chan=<6,0>
V (18493) wifi:ht20 freq=2412, chan=1
D (18493) event: running post WIFI_EVENT:20 with handler 0x4200a610 and context 0x3fcaf350 on loop 0x3fcae0c4[0m
D (18503) event: running post WIFI_EVENT:20 with handler 0x42017540 and context 0x3fcb9948 on loop 0x3fcae0c4[0m
V (18513) esp_adapter: thread sem get: sem=0x3fcb9c58[0m
V (18513) wifi:change: chan<6,0>, dur<0,500>
V (18513) wifi:ht20 freq=2437, chan=6
V (18523) wifi:enter start op, arg=0x42017358
V (18523) wifi:start max timer
V (19023) wifi:back home chan=<1,0>, current chan=<6,0>
V (19023) wifi:ht20 freq=2412, chan=1
D (19033) event: running post WIFI_EVENT:20 with handler 0x4200a610 and context 0x3fcaf350 on loop 0x3fcae0c4[0m
D (19033) event: running post WIFI_EVENT:20 with handler 0x42017540 and context 0x3fcb9948 on loop 0x3fcae0c4[0m
V (19043) esp_adapter: thread sem get: sem=0x3fcb9c58[0m
V (19053) wifi:change: chan<6,0>, dur<0,500>
V (19053) wifi:ht20 freq=2437, chan=6
V (19053) wifi:enter start op, arg=0x42017358
V (19063) wifi:start max timer
V (19563) wifi:back home chan=<1,0>, current chan=<6,0>
V (19563) wifi:ht20 freq=2412, chan=1
D (19563) event: running post WIFI_EVENT:20 with handler 0x4200a610 and context 0x3fcaf350 on loop 0x3fcae0c4[0m
D (19573) event: running post WIFI_EVENT:20 with handler 0x42017540 and context 0x3fcb9948 on loop 0x3fcae0c4[0m
V (19583) esp_adapter: thread sem get: sem=0x3fcb9c58[0m
V (19583) wifi:change: chan<6,0>, dur<0,500>
V (19593) wifi:ht20 freq=2437, chan=6
V (19593) wifi:enter start op, arg=0x42017358
V (19603) wifi:start max timer
V (20103) wifi:back home chan=<1,0>, current chan=<6,0>
V (20103) wifi:ht20 freq=2412, chan=1
D (20103) event: running post WIFI_EVENT:20 with handler 0x4200a610 and context 0x3fcaf350 on loop 0x3fcae0c4[0m
D (20113) event: running post WIFI_EVENT:20 with handler 0x42017540 and context 0x3fcb9948 on loop 0x3fcae0c4[0m
V (20123) esp_adapter: thread sem get: sem=0x3fcb9c58[0m
V (20123) wifi:change: chan<6,0>, dur<0,500>
V (20123) wifi:ht20 freq=2437, chan=6
V (20133) wifi:enter start op, arg=0x42017358
V (20133) wifi:start max timer
V (20643) wifi:back home chan=<1,0>, current chan=<6,0>
V (20643) wifi:ht20 freq=2412, chan=1
D (20643) event: running post WIFI_EVENT:20 with handler 0x4200a610 and context 0x3fcaf350 on loop 0x3fcae0c4[0m
D (20643) event: running post WIFI_EVENT:20 with handler 0x42017540 and context 0x3fcb9948 on loop 0x3fcae0c4[0m
V (20653) esp_adapter: thread sem get: sem=0x3fcb9c58[0m
V (20663) wifi:change: chan<6,0>, dur<0,500>
V (20663) wifi:ht20 freq=2437, chan=6
V (20673) wifi:enter start op, arg=0x42017358
V (20673) wifi:start max timer
V (21173) wifi:back home chan=<1,0>, current chan=<6,0>
V (21173) wifi:ht20 freq=2412, chan=1
D (21173) event: running post WIFI_EVENT:20 with handler 0x4200a610 and context 0x3fcaf350 on loop 0x3fcae0c4[0m
D (21183) event: running post WIFI_EVENT:20 with handler 0x42017540 and context 0x3fcb9948 on loop 0x3fcae0c4[0m
V (21193) esp_adapter: thread sem get: sem=0x3fcb9c58[0m
V (21203) wifi:change: chan<6,0>, dur<0,500>
V (21203) wifi:ht20 freq=2437, chan=6
V (21203) wifi:enter start op, arg=0x42017358
V (21213) wifi:start max timer
V (21713) wifi:back home chan=<1,0>, current chan=<6,0>
V (21713) wifi:ht20 freq=2412, chan=1
D (21713) event: running post WIFI_EVENT:20 with handler 0x4200a610 and context 0x3fcaf350 on loop 0x3fcae0c4[0m
D (21723) event: running post WIFI_EVENT:20 with handler 0x42017540 and context 0x3fcb9948 on loop 0x3fcae0c4[0m
V (21733) esp_adapter: thread sem get: sem=0x3fcb9c58[0m
V (21733) wifi:change: chan<6,0>, dur<0,500>
V (21743) wifi:ht20 freq=2437, chan=6
V (21743) wifi:enter start op, arg=0x42017358
V (21743) wifi:start max timer
V (22253) wifi:back home chan=<1,0>, current chan=<6,0>
V (22253) wifi:ht20 freq=2412, chan=1
D (22253) event: running post WIFI_EVENT:20 with handler 0x4200a610 and context 0x3fcaf350 on loop 0x3fcae0c4[0m
D (22253) event: running post WIFI_EVENT:20 with handler 0x42017540 and context 0x3fcb9948 on loop 0x3fcae0c4[0m
V (22263) esp_adapter: thread sem get: sem=0x3fcb9c58[0m
V (22273) wifi:change: chan<6,0>, dur<0,500>
V (22273) wifi:ht20 freq=2437, chan=6
V (22283) wifi:enter start op, arg=0x42017358
V (22283) wifi:start max timer
V (22783) wifi:back home chan=<1,0>, current chan=<6,0>
V (22783) wifi:ht20 freq=2412, chan=1
D (22783) event: running post WIFI_EVENT:20 with handler 0x4200a610 and context 0x3fcaf350 on loop 0x3fcae0c4[0m
D (22793) event: running post WIFI_EVENT:20 with handler 0x42017540 and context 0x3fcb9948 on loop 0x3fcae0c4[0m
V (22803) esp_adapter: thread sem get: sem=0x3fcb9c58[0m
V (22813) wifi:change: chan<6,0>, dur<0,500>
V (22813) wifi:ht20 freq=2437, chan=6
V (22813) wifi:enter start op, arg=0x42017358
V (22823) wifi:start max timer
V (23323) wifi:back home chan=<1,0>, current chan=<6,0>
V (23323) wifi:ht20 freq=2412, chan=1
D (23323) event: running post WIFI_EVENT:20 with handler 0x4200a610 and context 0x3fcaf350 on loop 0x3fcae0c4[0m
D (23333) event: running post WIFI_EVENT:20 with handler 0x42017540 and context 0x3fcb9948 on loop 0x3fcae0c4[0m
V (23343) esp_adapter: thread sem get: sem=0x3fcb9c58[0m
V (23343) wifi:change: chan<6,0>, dur<0,500>
V (23353) wifi:ht20 freq=2437, chan=6
V (23353) wifi:enter start op, arg=0x42017358
V (23353) wifi:start max timer
V (23863) wifi:back home chan=<1,0>, current chan=<6,0>
V (23863) wifi:ht20 freq=2412, chan=1
D (23863) event: running post WIFI_EVENT:20 with handler 0x4200a610 and context 0x3fcaf350 on loop 0x3fcae0c4[0m
D (23863) event: running post WIFI_EVENT:20 with handler 0x42017540 and context 0x3fcb9948 on loop 0x3fcae0c4[0m
V (23873) esp_adapter: thread sem get: sem=0x3fcb9c58[0m
V (23883) wifi:change: chan<6,0>, dur<0,500>
V (23883) wifi:ht20 freq=2437, chan=6
V (23893) wifi:enter start op, arg=0x42017358
V (23893) wifi:start max timer
V (24393) wifi:back home chan=<1,0>, current chan=<6,0>
V (24393) wifi:ht20 freq=2412, chan=1
D (24393) event: running post WIFI_EVENT:20 with handler 0x4200a610 and context 0x3fcaf350 on loop 0x3fcae0c4[0m
D (24403) event: running post WIFI_EVENT:20 with handler 0x42017540 and context 0x3fcb9948 on loop 0x3fcae0c4[0m
V (24413) esp_adapter: thread sem get: sem=0x3fcb9c58[0m
V (24423) wifi:change: chan<6,0>, dur<0,500>
V (24423) wifi:ht20 freq=2437, chan=6
V (24423) wifi:enter start op, arg=0x42017358
V (24433) wifi:start max timer
V (24933) wifi:back home chan=<1,0>, current chan=<6,0>
V (24933) wifi:ht20 freq=2412, chan=1
D (24933) event: running post WIFI_EVENT:20 with handler 0x4200a610 and context 0x3fcaf350 on loop 0x3fcae0c4[0m
D (24943) event: running post WIFI_EVENT:20 with handler 0x42017540 and context 0x3fcb9948 on loop 0x3fcae0c4[0m
V (24953) esp_adapter: thread sem get: sem=0x3fcb9c58[0m
V (24953) wifi:change: chan<6,0>, dur<0,500>
V (24963) wifi:ht20 freq=2437, chan=6
V (24963) wifi:enter start op, arg=0x42017358
V (24963) wifi:start max timer
V (25473) wifi:back home chan=<1,0>, current chan=<6,0>
V (25473) wifi:ht20 freq=2412, chan=1
D (25473) event: running post WIFI_EVENT:20 with handler 0x4200a610 and context 0x3fcaf350 on loop 0x3fcae0c4[0m
D (25483) event: running post WIFI_EVENT:20 with handler 0x42017540 and context 0x3fcb9948 on loop 0x3fcae0c4[0m
V (25493) esp_adapter: thread sem get: sem=0x3fcb9c58[0m
V (25493) wifi:change: chan<6,0>, dur<0,500>
V (25493) wifi:ht20 freq=2437, chan=6
V (25503) wifi:enter start op, arg=0x42017358
V (25503) wifi:start max timer
V (26003) wifi:back home chan=<1,0>, current chan=<6,0>
V (26003) wifi:ht20 freq=2412, chan=1
D (26013) event: running post WIFI_EVENT:20 with handler 0x4200a610 and context 0x3fcaf350 on loop 0x3fcae0c4[0m
D (26013) event: running post WIFI_EVENT:20 with handler 0x42017540 and context 0x3fcb9948 on loop 0x3fcae0c4[0m
V (26023) esp_adapter: thread sem get: sem=0x3fcb9c58[0m
V (26033) wifi:change: chan<6,0>, dur<0,500>
V (26033) wifi:ht20 freq=2437, chan=6
V (26033) wifi:enter start op, arg=0x42017358
V (26043) wifi:start max timer
V (26543) wifi:back home chan=<1,0>, current chan=<6,0>
V (26543) wifi:ht20 freq=2412, chan=1
D (26543) event: running post WIFI_EVENT:20 with handler 0x4200a610 and context 0x3fcaf350 on loop 0x3fcae0c4[0m
D (26553) event: running post WIFI_EVENT:20 with handler 0x42017540 and context 0x3fcb9948 on loop 0x3fcae0c4[0m
V (26563) esp_adapter: thread sem get: sem=0x3fcb9c58[0m
V (26563) wifi:change: chan<6,0>, dur<0,500>
V (26573) wifi:ht20 freq=2437, chan=6
V (26573) wifi:enter start op, arg=0x42017358
V (26583) wifi:start max timer
V (27083) wifi:back home chan=<1,0>, current chan=<6,0>
V (27083) wifi:ht20 freq=2412, chan=1
D (27083) event: running post WIFI_EVENT:20 with handler 0x4200a610 and context 0x3fcaf350 on loop 0x3fcae0c4[0m
D (27093) event: running post WIFI_EVENT:20 with handler 0x42017540 and context 0x3fcb9948 on loop 0x3fcae0c4[0m
V (27103) esp_adapter: thread sem get: sem=0x3fcb9c58[0m
V (27103) wifi:change: chan<6,0>, dur<0,500>
V (27103) wifi:ht20 freq=2437, chan=6
V (27113) wifi:enter start op, arg=0x42017358
V (27113) wifi:start max timer
V (27623) wifi:back home chan=<1,0>, current chan=<6,0>
V (27623) wifi:ht20 freq=2412, chan=1
D (27623) event: running post WIFI_EVENT:20 with handler 0x4200a610 and context 0x3fcaf350 on loop 0x3fcae0c4[0m
D (27623) event: running post WIFI_EVENT:20 with handler 0x42017540 and context 0x3fcb9948 on loop 0x3fcae0c4[0m
V (27633) esp_adapter: thread sem get: sem=0x3fcb9c58[0m
V (27643) wifi:change: chan<6,0>, dur<0,500>
V (27643) wifi:ht20 freq=2437, chan=6
V (27653) wifi:enter start op, arg=0x42017358
V (27653) wifi:start max timer
V (28153) wifi:back home chan=<1,0>, current chan=<6,0>
V (28153) wifi:ht20 freq=2412, chan=1
D (28153) event: running post WIFI_EVENT:20 with handler 0x4200a610 and context 0x3fcaf350 on loop 0x3fcae0c4[0m
D (28163) event: running post WIFI_EVENT:20 with handler 0x42017540 and context 0x3fcb9948 on loop 0x3fcae0c4[0m
V (28173) esp_adapter: thread sem get: sem=0x3fcb9c58[0m
V (28173) wifi:change: chan<6,0>, dur<0,500>
V (28183) wifi:ht20 freq=2437, chan=6
V (28183) wifi:enter start op, arg=0x42017358
V (28193) wifi:start max timer
V (28693) wifi:back home chan=<1,0>, current chan=<6,0>
V (28693) wifi:ht20 freq=2412, chan=1
D (28693) event: running post WIFI_EVENT:20 with handler 0x4200a610 and context 0x3fcaf350 on loop 0x3fcae0c4[0m
D (28703) event: running post WIFI_EVENT:20 with handler 0x42017540 and context 0x3fcb9948 on loop 0x3fcae0c4[0m
V (28713) esp_adapter: thread sem get: sem=0x3fcb9c58[0m
V (28713) wifi:change: chan<6,0>, dur<0,500>
V (28723) wifi:ht20 freq=2437, chan=6
V (28723) wifi:enter start op, arg=0x42017358
V (28723) wifi:start max timer
V (29233) wifi:back home chan=<1,0>, current chan=<6,0>
V (29233) wifi:ht20 freq=2412, chan=1
D (29233) event: running post WIFI_EVENT:20 with handler 0x4200a610 and context 0x3fcaf350 on loop 0x3fcae0c4[0m
D (29233) event: running post WIFI_EVENT:20 with handler 0x42017540 and context 0x3fcb9948 on loop 0x3fcae0c4[0m
V (29243) esp_adapter: thread sem get: sem=0x3fcb9c58[0m
V (29253) wifi:change: chan<6,0>, dur<0,500>
V (29253) wifi:ht20 freq=2437, chan=6
V (29263) wifi:enter start op, arg=0x42017358
V (29263) wifi:start max timer
V (29763) wifi:back home chan=<1,0>, current chan=<6,0>
V (29763) wifi:ht20 freq=2412, chan=1
D (29763) event: running post WIFI_EVENT:20 with handler 0x4200a610 and context 0x3fcaf350 on loop 0x3fcae0c4[0m
D (29773) event: running post WIFI_EVENT:20 with handler 0x42017540 and context 0x3fcb9948 on loop 0x3fcae0c4[0m
V (29783) esp_adapter: thread sem get: sem=0x3fcb9c58[0m
V (29793) wifi:change: chan<6,0>, dur<0,500>
V (29793) wifi:ht20 freq=2437, chan=6
V (29793) wifi:enter start op, arg=0x42017358
V (29803) wifi:start max timer
V (30303) wifi:back home chan=<1,0>, current chan=<6,0>
V (30303) wifi:ht20 freq=2412, chan=1
D (30303) event: running post WIFI_EVENT:20 with handler 0x4200a610 and context 0x3fcaf350 on loop 0x3fcae0c4[0m
D (30313) event: running post WIFI_EVENT:20 with handler 0x42017540 and context 0x3fcb9948 on loop 0x3fcae0c4[0m
V (30323) esp_adapter: thread sem get: sem=0x3fcb9c58[0m
V (30323) wifi:change: chan<6,0>, dur<0,500>
V (30333) wifi:ht20 freq=2437, chan=6
V (30333) wifi:enter start op, arg=0x42017358
V (30333) wifi:start max timer
V (30843) wifi:back home chan=<1,0>, current chan=<6,0>
V (30843) wifi:ht20 freq=2412, chan=1
D (30843) event: running post WIFI_EVENT:20 with handler 0x4200a610 and context 0x3fcaf350 on loop 0x3fcae0c4[0m
D (30843) event: running post WIFI_EVENT:20 with handler 0x42017540 and context 0x3fcb9948 on loop 0x3fcae0c4[0m
V (30853) esp_adapter: thread sem get: sem=0x3fcb9c58[0m
V (30863) wifi:change: chan<6,0>, dur<0,500>
V (30863) wifi:ht20 freq=2437, chan=6
V (30873) wifi:enter start op, arg=0x42017358
V (30873) wifi:start max timer
V (31373) wifi:back home chan=<1,0>, current chan=<6,0>
V (31373) wifi:ht20 freq=2412, chan=1
D (31373) event: running post WIFI_EVENT:20 with handler 0x4200a610 and context 0x3fcaf350 on loop 0x3fcae0c4[0m
D (31383) event: running post WIFI_EVENT:20 with handler 0x42017540 and context 0x3fcb9948 on loop 0x3fcae0c4[0m
V (31393) esp_adapter: thread sem get: sem=0x3fcb9c58[0m
V (31403) wifi:change: chan<6,0>, dur<0,500>
V (31403) wifi:ht20 freq=2437, chan=6
V (31403) wifi:enter start op, arg=0x42017358
V (31413) wifi:start max timer
V (31913) wifi:back home chan=<1,0>, current chan=<6,0>
V (31913) wifi:ht20 freq=2412, chan=1
D (31913) event: running post WIFI_EVENT:20 with handler 0x4200a610 and context 0x3fcaf350 on loop 0x3fcae0c4[0m
D (31923) event: running post WIFI_EVENT:20 with handler 0x42017540 and context 0x3fcb9948 on loop 0x3fcae0c4[0m
V (31933) esp_adapter: thread sem get: sem=0x3fcb9c58[0m
V (31933) wifi:change: chan<6,0>, dur<0,500>
V (31943) wifi:ht20 freq=2437, chan=6
V (31943) wifi:enter start op, arg=0x42017358
V (31943) wifi:start max timer
V (32453) wifi:back home chan=<1,0>, current chan=<6,0>
V (32453) wifi:ht20 freq=2412, chan=1
D (32453) event: running post WIFI_EVENT:20 with handler 0x4200a610 and context 0x3fcaf350 on loop 0x3fcae0c4[0m
D (32453) event: running post WIFI_EVENT:20 with handler 0x42017540 and context 0x3fcb9948 on loop 0x3fcae0c4[0m
V (32463) esp_adapter: thread sem get: sem=0x3fcb9c58[0m
V (32473) wifi:change: chan<6,0>, dur<0,500>
V (32473) wifi:ht20 freq=2437, chan=6
V (32483) wifi:enter start op, arg=0x42017358
V (32483) wifi:start max timer
V (32983) wifi:back home chan=<1,0>, current chan=<6,0>
V (32983) wifi:ht20 freq=2412, chan=1
D (32993) event: running post WIFI_EVENT:20 with handler 0x4200a610 and context 0x3fcaf350 on loop 0x3fcae0c4[0m
D (32993) event: running post WIFI_EVENT:20 with handler 0x42017540 and context 0x3fcb9948 on loop 0x3fcae0c4[0m
V (33003) esp_adapter: thread sem get: sem=0x3fcb9c58[0m
V (33013) wifi:change: chan<6,0>, dur<0,500>
V (33013) wifi:ht20 freq=2437, chan=6
V (33013) wifi:enter start op, arg=0x42017358
V (33023) wifi:start max timer
V (33523) wifi:back home chan=<1,0>, current chan=<6,0>
V (33523) wifi:ht20 freq=2412, chan=1
D (33523) event: running post WIFI_EVENT:20 with handler 0x4200a610 and context 0x3fcaf350 on loop 0x3fcae0c4[0m
D (33533) event: running post WIFI_EVENT:20 with handler 0x42017540 and context 0x3fcb9948 on loop 0x3fcae0c4[0m
V (33543) esp_adapter: thread sem get: sem=0x3fcb9c58[0m
V (33543) wifi:change: chan<6,0>, dur<0,500>
V (33553) wifi:ht20 freq=2437, chan=6
V (33553) wifi:enter start op, arg=0x42017358
V (33563) wifi:start max timer
V (34063) wifi:back home chan=<1,0>, current chan=<6,0>
V (34063) wifi:ht20 freq=2412, chan=1
D (34063) event: running post WIFI_EVENT:20 with handler 0x4200a610 and context 0x3fcaf350 on loop 0x3fcae0c4[0m
D (34073) event: running post WIFI_EVENT:20 with handler 0x42017540 and context 0x3fcb9948 on loop 0x3fcae0c4[0m
V (34083) esp_adapter: thread sem get: sem=0x3fcb9c58[0m
V (34083) wifi:change: chan<6,0>, dur<0,500>
V (34083) wifi:ht20 freq=2437, chan=6
V (34093) wifi:enter start op, arg=0x42017358
V (34093) wifi:start max timer
V (34593) wifi:back home chan=<1,0>, current chan=<6,0>
V (34603) wifi:ht20 freq=2412, chan=1
D (34603) event: running post WIFI_EVENT:20 with handler 0x4200a610 and context 0x3fcaf350 on loop 0x3fcae0c4[0m
D (34603) event: running post WIFI_EVENT:20 with handler 0x42017540 and context 0x3fcb9948 on loop 0x3fcae0c4[0m
V (34613) esp_adapter: thread sem get: sem=0x3fcb9c58[0m
V (34623) wifi:change: chan<6,0>, dur<0,500>
V (34623) wifi:ht20 freq=2437, chan=6
V (34633) wifi:enter start op, arg=0x42017358
V (34633) wifi:start max timer
V (35133) wifi:back home chan=<1,0>, current chan=<6,0>
V (35133) wifi:ht20 freq=2412, chan=1
D (35133) event: running post WIFI_EVENT:20 with handler 0x4200a610 and context 0x3fcaf350 on loop 0x3fcae0c4[0m
D (35143) event: running post WIFI_EVENT:20 with handler 0x42017540 and context 0x3fcb9948 on loop 0x3fcae0c4[0m
V (35153) esp_adapter: thread sem get: sem=0x3fcb9c58[0m
V (35153) wifi:change: chan<6,0>, dur<0,500>
V (35163) wifi:ht20 freq=2437, chan=6
V (35163) wifi:enter start op, arg=0x42017358
V (35173) wifi:start max timer
V (35673) wifi:back home chan=<1,0>, current chan=<6,0>
V (35673) wifi:ht20 freq=2412, chan=1
D (35673) event: running post WIFI_EVENT:20 with handler 0x4200a610 and context 0x3fcaf350 on loop 0x3fcae0c4[0m
D (35683) event: running post WIFI_EVENT:20 with handler 0x42017540 and context 0x3fcb9948 on loop 0x3fcae0c4[0m
V (35693) esp_adapter: thread sem get: sem=0x3fcb9c58[0m
V (35693) wifi:change: chan<6,0>, dur<0,500>
V (35703) wifi:ht20 freq=2437, chan=6
V (35703) wifi:enter start op, arg=0x42017358
V (35703) wifi:start max timer
V (36213) wifi:back home chan=<1,0>, current chan=<6,0>
V (36213) wifi:ht20 freq=2412, chan=1
D (36213) event: running post WIFI_EVENT:20 with handler 0x4200a610 and context 0x3fcaf350 on loop 0x3fcae0c4[0m
D (36213) event: running post WIFI_EVENT:20 with handler 0x42017540 and context 0x3fcb9948 on loop 0x3fcae0c4[0m
V (36223) esp_adapter: thread sem get: sem=0x3fcb9c58[0m
V (36233) wifi:change: chan<6,0>, dur<0,500>
V (36233) wifi:ht20 freq=2437, chan=6
V (36243) wifi:enter start op, arg=0x42017358
V (36243) wifi:start max timer
V (36743) wifi:back home chan=<1,0>, current chan=<6,0>
V (36743) wifi:ht20 freq=2412, chan=1
D (36743) event: running post WIFI_EVENT:20 with handler 0x4200a610 and context 0x3fcaf350 on loop 0x3fcae0c4[0m
D (36753) event: running post WIFI_EVENT:20 with handler 0x42017540 and context 0x3fcb9948 on loop 0x3fcae0c4[0m
V (36763) esp_adapter: thread sem get: sem=0x3fcb9c58[0m
V (36773) wifi:change: chan<6,0>, dur<0,500>
V (36773) wifi:ht20 freq=2437, chan=6
V (36773) wifi:enter start op, arg=0x42017358
V (36783) wifi:start max timer
V (37283) wifi:back home chan=<1,0>, current chan=<6,0>
V (37283) wifi:ht20 freq=2412, chan=1
D (37283) event: running post WIFI_EVENT:20 with handler 0x4200a610 and context 0x3fcaf350 on loop 0x3fcae0c4[0m
D (37293) event: running post WIFI_EVENT:20 with handler 0x42017540 and context 0x3fcb9948 on loop 0x3fcae0c4[0m
V (37303) esp_adapter: thread sem get: sem=0x3fcb9c58[0m
V (37303) wifi:change: chan<6,0>, dur<0,500>
V (37313) wifi:ht20 freq=2437, chan=6
V (37313) wifi:enter start op, arg=0x42017358
V (37313) wifi:start max timer
V (37823) wifi:back home chan=<1,0>, current chan=<6,0>
V (37823) wifi:ht20 freq=2412, chan=1
D (37823) event: running post WIFI_EVENT:20 with handler 0x4200a610 and context 0x3fcaf350 on loop 0x3fcae0c4[0m
D (37823) event: running post WIFI_EVENT:20 with handler 0x42017540 and context 0x3fcb9948 on loop 0x3fcae0c4[0m
V (37833) esp_adapter: thread sem get: sem=0x3fcb9c58[0m
V (37843) wifi:change: chan<6,0>, dur<0,500>
V (37843) wifi:ht20 freq=2437, chan=6
V (37853) wifi:enter start op, arg=0x42017358
V (37853) wifi:start max timer
V (38353) wifi:back home chan=<1,0>, current chan=<6,0>
V (38353) wifi:ht20 freq=2412, chan=1
D (38353) event: running post WIFI_EVENT:20 with handler 0x4200a610 and context 0x3fcaf350 on loop 0x3fcae0c4[0m
D (38363) event: running post WIFI_EVENT:20 with handler 0x42017540 and context 0x3fcb9948 on loop 0x3fcae0c4[0m
V (38373) esp_adapter: thread sem get: sem=0x3fcb9c58[0m
V (38383) wifi:change: chan<6,0>, dur<0,500>
V (38383) wifi:ht20 freq=2437, chan=6
V (38383) wifi:enter start op, arg=0x42017358
V (38393) wifi:start max timer
V (38893) wifi:back home chan=<1,0>, current chan=<6,0>
V (38893) wifi:ht20 freq=2412, chan=1
D (38893) event: running post WIFI_EVENT:20 with handler 0x4200a610 and context 0x3fcaf350 on loop 0x3fcae0c4[0m
D (38903) event: running post WIFI_EVENT:20 with handler 0x42017540 and context 0x3fcb9948 on loop 0x3fcae0c4[0m
V (38913) esp_adapter: thread sem get: sem=0x3fcb9c58[0m
V (38913) wifi:change: chan<6,0>, dur<0,500>
V (38923) wifi:ht20 freq=2437, chan=6
V (38923) wifi:enter start op, arg=0x42017358
V (38923) wifi:start max timer
V (39433) wifi:back home chan=<1,0>, current chan=<6,0>
V (39433) wifi:ht20 freq=2412, chan=1
D (39433) event: running post WIFI_EVENT:20 with handler 0x4200a610 and context 0x3fcaf350 on loop 0x3fcae0c4[0m
D (39433) event: running post WIFI_EVENT:20 with handler 0x42017540 and context 0x3fcb9948 on loop 0x3fcae0c4[0m
V (39443) esp_adapter: thread sem get: sem=0x3fcb9c58[0m
V (39453) wifi:change: chan<6,0>, dur<0,500>
V (39453) wifi:ht20 freq=2437, chan=6
V (39463) wifi:enter start op, arg=0x42017358
V (39463) wifi:start max timer
V (39963) wifi:back home chan=<1,0>, current chan=<6,0>
V (39963) wifi:ht20 freq=2412, chan=1
D (39973) event: running post WIFI_EVENT:20 with handler 0x4200a610 and context 0x3fcaf350 on loop 0x3fcae0c4[0m
D (39973) event: running post WIFI_EVENT:20 with handler 0x42017540 and context 0x3fcb9948 on loop 0x3fcae0c4[0m
V (39983) esp_adapter: thread sem get: sem=0x3fcb9c58[0m
V (39993) wifi:change: chan<6,0>, dur<0,500>
V (39993) wifi:ht20 freq=2437, chan=6
V (39993) wifi:enter start op, arg=0x42017358
V (40003) wifi:start max timer
V (40503) wifi:back home chan=<1,0>, current chan=<6,0>
V (40503) wifi:ht20 freq=2412, chan=1
D (40503) event: running post WIFI_EVENT:20 with handler 0x4200a610 and context 0x3fcaf350 on loop 0x3fcae0c4[0m
D (40513) event: running post WIFI_EVENT:20 with handler 0x42017540 and context 0x3fcb9948 on loop 0x3fcae0c4[0m
V (40523) esp_adapter: thread sem get: sem=0x3fcb9c58[0m
V (40523) wifi:change: chan<6,0>, dur<0,500>
V (40533) wifi:ht20 freq=2437, chan=6
V (40533) wifi:enter start op, arg=0x42017358
V (40543) wifi:start max timer
V (41043) wifi:back home chan=<1,0>, current chan=<6,0>
V (41043) wifi:ht20 freq=2412, chan=1
D (41043) event: running post WIFI_EVENT:20 with handler 0x4200a610 and context 0x3fcaf350 on loop 0x3fcae0c4[0m
D (41053) event: running post WIFI_EVENT:20 with handler 0x42017540 and context 0x3fcb9948 on loop 0x3fcae0c4[0m
V (41063) esp_adapter: thread sem get: sem=0x3fcb9c58[0m
V (41063) wifi:change: chan<6,0>, dur<0,500>
V (41063) wifi:ht20 freq=2437, chan=6
V (41073) wifi:enter start op, arg=0x42017358
V (41073) wifi:start max timer
V (41573) wifi:back home chan=<1,0>, current chan=<6,0>
V (41583) wifi:ht20 freq=2412, chan=1
D (41583) event: running post WIFI_EVENT:20 with handler 0x4200a610 and context 0x3fcaf350 on loop 0x3fcae0c4[0m
D (41583) event: running post WIFI_EVENT:20 with handler 0x42017540 and context 0x3fcb9948 on loop 0x3fcae0c4[0m
V (41593) esp_adapter: thread sem get: sem=0x3fcb9c58[0m
V (41603) wifi:change: chan<6,0>, dur<0,500>
V (41603) wifi:ht20 freq=2437, chan=6
V (41613) wifi:enter start op, arg=0x42017358
V (41613) wifi:start max timer
V (42113) wifi:back home chan=<1,0>, current chan=<6,0>
V (42113) wifi:ht20 freq=2412, chan=1
D (42113) event: running post WIFI_EVENT:20 with handler 0x4200a610 and context 0x3fcaf350 on loop 0x3fcae0c4[0m
D (42123) event: running post WIFI_EVENT:20 with handler 0x42017540 and context 0x3fcb9948 on loop 0x3fcae0c4[0m
V (42133) esp_adapter: thread sem get: sem=0x3fcb9c58[0m
V (42133) wifi:change: chan<6,0>, dur<0,500>
V (42143) wifi:ht20 freq=2437, chan=6
V (42143) wifi:enter start op, arg=0x42017358
V (42153) wifi:start max timer
V (42653) wifi:back home chan=<1,0>, current chan=<6,0>
V (42653) wifi:ht20 freq=2412, chan=1
D (42653) event: running post WIFI_EVENT:20 with handler 0x4200a610 and context 0x3fcaf350 on loop 0x3fcae0c4[0m
D (42663) event: running post WIFI_EVENT:20 with handler 0x42017540 and context 0x3fcb9948 on loop 0x3fcae0c4[0m
V (42673) esp_adapter: thread sem get: sem=0x3fcb9c58[0m
V (42673) wifi:change: chan<6,0>, dur<0,500>
V (42683) wifi:ht20 freq=2437, chan=6
V (42683) wifi:enter start op, arg=0x42017358
V (42683) wifi:start max timer
V (43193) wifi:back home chan=<1,0>, current chan=<6,0>
V (43193) wifi:ht20 freq=2412, chan=1
D (43193) event: running post WIFI_EVENT:20 with handler 0x4200a610 and context 0x3fcaf350 on loop 0x3fcae0c4[0m
D (43193) event: running post WIFI_EVENT:20 with handler 0x42017540 and context 0x3fcb9948 on loop 0x3fcae0c4[0m
V (43203) esp_adapter: thread sem get: sem=0x3fcb9c58[0m
V (43213) wifi:change: chan<6,0>, dur<0,500>
V (43213) wifi:ht20 freq=2437, chan=6
V (43223) wifi:enter start op, arg=0x42017358
V (43223) wifi:start max timer
V (43723) wifi:back home chan=<1,0>, current chan=<6,0>
V (43723) wifi:ht20 freq=2412, chan=1
D (43723) event: running post WIFI_EVENT:20 with handler 0x4200a610 and context 0x3fcaf350 on loop 0x3fcae0c4[0m
D (43733) event: running post WIFI_EVENT:20 with handler 0x42017540 and context 0x3fcb9948 on loop 0x3fcae0c4[0m
V (43743) esp_adapter: thread sem get: sem=0x3fcb9c58[0m
V (43753) wifi:change: chan<6,0>, dur<0,500>
V (43753) wifi:ht20 freq=2437, chan=6
V (43753) wifi:enter start op, arg=0x42017358
V (43763) wifi:start max timer
V (44263) wifi:back home chan=<1,0>, current chan=<6,0>
V (44263) wifi:ht20 freq=2412, chan=1
D (44263) event: running post WIFI_EVENT:20 with handler 0x4200a610 and context 0x3fcaf350 on loop 0x3fcae0c4[0m
D (44273) event: running post WIFI_EVENT:20 with handler 0x42017540 and context 0x3fcb9948 on loop 0x3fcae0c4[0m
V (44283) esp_adapter: thread sem get: sem=0x3fcb9c58[0m
V (44283) wifi:change: chan<6,0>, dur<0,500>
V (44293) wifi:ht20 freq=2437, chan=6
V (44293) wifi:enter start op, arg=0x42017358
V (44293) wifi:start max timer
V (44803) wifi:back home chan=<1,0>, current chan=<6,0>
V (44803) wifi:ht20 freq=2412, chan=1
D (44803) event: running post WIFI_EVENT:20 with handler 0x4200a610 and context 0x3fcaf350 on loop 0x3fcae0c4[0m
D (44803) event: running post WIFI_EVENT:20 with handler 0x42017540 and context 0x3fcb9948 on loop 0x3fcae0c4[0m
V (44813) esp_adapter: thread sem get: sem=0x3fcb9c58[0m
V (44823) wifi:change: chan<6,0>, dur<0,500>
V (44823) wifi:ht20 freq=2437, chan=6
V (44833) wifi:enter start op, arg=0x42017358
V (44833) wifi:start max timer
V (45333) wifi:back home chan=<1,0>, current chan=<6,0>
V (45333) wifi:ht20 freq=2412, chan=1
D (45333) event: running post WIFI_EVENT:20 with handler 0x4200a610 and context 0x3fcaf350 on loop 0x3fcae0c4[0m
D (45343) event: running post WIFI_EVENT:20 with handler 0x42017540 and context 0x3fcb9948 on loop 0x3fcae0c4[0m
V (45353) esp_adapter: thread sem get: sem=0x3fcb9c58[0m
V (45363) wifi:change: chan<6,0>, dur<0,500>
V (45363) wifi:ht20 freq=2437, chan=6
V (45363) wifi:enter start op, arg=0x42017358
V (45373) wifi:start max timer
V (45873) wifi:back home chan=<1,0>, current chan=<6,0>
V (45873) wifi:ht20 freq=2412, chan=1
D (45873) event: running post WIFI_EVENT:20 with handler 0x4200a610 and context 0x3fcaf350 on loop 0x3fcae0c4[0m
D (45883) event: running post WIFI_EVENT:20 with handler 0x42017540 and context 0x3fcb9948 on loop 0x3fcae0c4[0m
V (45893) esp_adapter: thread sem get: sem=0x3fcb9c58[0m
V (45893) wifi:change: chan<6,0>, dur<0,500>
V (45903) wifi:ht20 freq=2437, chan=6
V (45903) wifi:enter start op, arg=0x42017358
V (45903) wifi:start max timer
V (46413) wifi:back home chan=<1,0>, current chan=<6,0>
V (46413) wifi:ht20 freq=2412, chan=1
D (46413) event: running post WIFI_EVENT:20 with handler 0x4200a610 and context 0x3fcaf350 on loop 0x3fcae0c4[0m
D (46413) event: running post WIFI_EVENT:20 with handler 0x42017540 and context 0x3fcb9948 on loop 0x3fcae0c4[0m
V (46423) esp_adapter: thread sem get: sem=0x3fcb9c58[0m
V (46433) wifi:change: chan<6,0>, dur<0,500>
V (46433) wifi:ht20 freq=2437, chan=6
V (46443) wifi:enter start op, arg=0x42017358
V (46443) wifi:start max timer
V (46943) wifi:back home chan=<1,0>, current chan=<6,0>
V (46943) wifi:ht20 freq=2412, chan=1
D (46953) event: running post WIFI_EVENT:20 with handler 0x4200a610 and context 0x3fcaf350 on loop 0x3fcae0c4[0m
D (46953) event: running post WIFI_EVENT:20 with handler 0x42017540 and context 0x3fcb9948 on loop 0x3fcae0c4[0m
V (46963) esp_adapter: thread sem get: sem=0x3fcb9c58[0m
V (46973) wifi:change: chan<6,0>, dur<0,500>
V (46973) wifi:ht20 freq=2437, chan=6
V (46973) wifi:enter start op, arg=0x42017358
V (46983) wifi:start max timer
V (47483) wifi:back home chan=<1,0>, current chan=<6,0>
V (47483) wifi:ht20 freq=2412, chan=1
D (47483) event: running post WIFI_EVENT:20 with handler 0x4200a610 and context 0x3fcaf350 on loop 0x3fcae0c4[0m
D (47493) event: running post WIFI_EVENT:20 with handler 0x42017540 and context 0x3fcb9948 on loop 0x3fcae0c4[0m
V (47503) esp_adapter: thread sem get: sem=0x3fcb9c58[0m
V (47503) wifi:change: chan<6,0>, dur<0,500>
V (47513) wifi:ht20 freq=2437, chan=6
V (47513) wifi:enter start op, arg=0x42017358
V (47523) wifi:start max timer
V (48023) wifi:back home chan=<1,0>, current chan=<6,0>
V (48023) wifi:ht20 freq=2412, chan=1
D (48023) event: running post WIFI_EVENT:20 with handler 0x4200a610 and context 0x3fcaf350 on loop 0x3fcae0c4[0m
D (48033) event: running post WIFI_EVENT:20 with handler 0x42017540 and context 0x3fcb9948 on loop 0x3fcae0c4[0m
V (48043) esp_adapter: thread sem get: sem=0x3fcb9c58[0m
V (48043) wifi:change: chan<6,0>, dur<0,500>
V (48043) wifi:ht20 freq=2437, chan=6
V (48053) wifi:enter start op, arg=0x42017358
V (48053) wifi:start max timer
V (48553) wifi:back home chan=<1,0>, current chan=<6,0>
V (48563) wifi:ht20 freq=2412, chan=1
D (48563) event: running post WIFI_EVENT:20 with handler 0x4200a610 and context 0x3fcaf350 on loop 0x3fcae0c4[0m
D (48563) event: running post WIFI_EVENT:20 with handler 0x42017540 and context 0x3fcb9948 on loop 0x3fcae0c4[0m
V (48573) esp_adapter: thread sem get: sem=0x3fcb9c58[0m
V (48583) wifi:change: chan<6,0>, dur<0,500>
V (48583) wifi:ht20 freq=2437, chan=6
V (48593) wifi:enter start op, arg=0x42017358
V (48593) wifi:start max timer
V (49093) wifi:back home chan=<1,0>, current chan=<6,0>
V (49093) wifi:ht20 freq=2412, chan=1
D (49093) event: running post WIFI_EVENT:20 with handler 0x4200a610 and context 0x3fcaf350 on loop 0x3fcae0c4[0m
D (49103) event: running post WIFI_EVENT:20 with handler 0x42017540 and context 0x3fcb9948 on loop 0x3fcae0c4[0m
V (49113) esp_adapter: thread sem get: sem=0x3fcb9c58[0m
V (49113) wifi:change: chan<6,0>, dur<0,500>
V (49123) wifi:ht20 freq=2437, chan=6
V (49123) wifi:enter start op, arg=0x42017358
V (49133) wifi:start max timer
V (49633) wifi:back home chan=<1,0>, current chan=<6,0>
V (49633) wifi:ht20 freq=2412, chan=1
D (49633) event: running post WIFI_EVENT:20 with handler 0x4200a610 and context 0x3fcaf350 on loop 0x3fcae0c4[0m
D (49643) event: running post WIFI_EVENT:20 with handler 0x42017540 and context 0x3fcb9948 on loop 0x3fcae0c4[0m
V (49653) esp_adapter: thread sem get: sem=0x3fcb9c58[0m
V (49653) wifi:change: chan<6,0>, dur<0,500>
V (49663) wifi:ht20 freq=2437, chan=6
V (49663) wifi:enter start op, arg=0x42017358
V (49663) wifi:start max timer
V (50173) wifi:back home chan=<1,0>, current chan=<6,0>
V (50173) wifi:ht20 freq=2412, chan=1
D (50173) event: running post WIFI_EVENT:20 with handler 0x4200a610 and context 0x3fcaf350 on loop 0x3fcae0c4[0m
D (50173) event: running post WIFI_EVENT:20 with handler 0x42017540 and context 0x3fcb9948 on loop 0x3fcae0c4[0m
V (50183) esp_adapter: thread sem get: sem=0x3fcb9c58[0m
V (50193) wifi:change: chan<6,0>, dur<0,500>
V (50193) wifi:ht20 freq=2437, chan=6
V (50203) wifi:enter start op, arg=0x42017358
V (50203) wifi:start max timer
V (50703) wifi:back home chan=<1,0>, current chan=<6,0>
V (50703) wifi:ht20 freq=2412, chan=1
D (50703) event: running post WIFI_EVENT:20 with handler 0x4200a610 and context 0x3fcaf350 on loop 0x3fcae0c4[0m
D (50713) event: running post WIFI_EVENT:20 with handler 0x42017540 and context 0x3fcb9948 on loop 0x3fcae0c4[0m
V (50723) esp_adapter: thread sem get: sem=0x3fcb9c58[0m
V (50733) wifi:change: chan<6,0>, dur<0,500>
V (50733) wifi:ht20 freq=2437, chan=6
V (50733) wifi:enter start op, arg=0x42017358
V (50743) wifi:start max timer
V (51243) wifi:back home chan=<1,0>, current chan=<6,0>
V (51243) wifi:ht20 freq=2412, chan=1
D (51243) event: running post WIFI_EVENT:20 with handler 0x4200a610 and context 0x3fcaf350 on loop 0x3fcae0c4[0m
D (51253) event: running post WIFI_EVENT:20 with handler 0x42017540 and context 0x3fcb9948 on loop 0x3fcae0c4[0m
V (51263) esp_adapter: thread sem get: sem=0x3fcb9c58[0m
V (51263) wifi:change: chan<6,0>, dur<0,500>
V (51273) wifi:ht20 freq=2437, chan=6
V (51273) wifi:enter start op, arg=0x42017358
V (51273) wifi:start max timer
V (51783) wifi:back home chan=<1,0>, current chan=<6,0>
V (51783) wifi:ht20 freq=2412, chan=1
D (51783) event: running post WIFI_EVENT:20 with handler 0x4200a610 and context 0x3fcaf350 on loop 0x3fcae0c4[0m
D (51783) event: running post WIFI_EVENT:20 with handler 0x42017540 and context 0x3fcb9948 on loop 0x3fcae0c4[0m
V (51793) esp_adapter: thread sem get: sem=0x3fcb9c58[0m
V (51803) wifi:change: chan<6,0>, dur<0,500>
V (51803) wifi:ht20 freq=2437, chan=6
V (51813) wifi:enter start op, arg=0x42017358
V (51813) wifi:start max timer
V (52313) wifi:back home chan=<1,0>, current chan=<6,0>
V (52313) wifi:ht20 freq=2412, chan=1
D (52313) event: running post WIFI_EVENT:20 with handler 0x4200a610 and context 0x3fcaf350 on loop 0x3fcae0c4[0m
D (52323) event: running post WIFI_EVENT:20 with handler 0x42017540 and context 0x3fcb9948 on loop 0x3fcae0c4[0m
V (52333) esp_adapter: thread sem get: sem=0x3fcb9c58[0m
V (52343) wifi:change: chan<6,0>, dur<0,500>
V (52343) wifi:ht20 freq=2437, chan=6
V (52343) wifi:enter start op, arg=0x42017358
V (52353) wifi:start max timer
V (52853) wifi:back home chan=<1,0>, current chan=<6,0>
V (52853) wifi:ht20 freq=2412, chan=1
D (52853) event: running post WIFI_EVENT:20 with handler 0x4200a610 and context 0x3fcaf350 on loop 0x3fcae0c4[0m
D (52863) event: running post WIFI_EVENT:20 with handler 0x42017540 and context 0x3fcb9948 on loop 0x3fcae0c4[0m
V (52873) esp_adapter: thread sem get: sem=0x3fcb9c58[0m
V (52873) wifi:change: chan<6,0>, dur<0,500>
V (52883) wifi:ht20 freq=2437, chan=6
V (52883) wifi:enter start op, arg=0x42017358
V (52883) wifi:start max timer
V (53393) wifi:back home chan=<1,0>, current chan=<6,0>
V (53393) wifi:ht20 freq=2412, chan=1
D (53393) event: running post WIFI_EVENT:20 with handler 0x4200a610 and context 0x3fcaf350 on loop 0x3fcae0c4[0m
D (53393) event: running post WIFI_EVENT:20 with handler 0x42017540 and context 0x3fcb9948 on loop 0x3fcae0c4[0m
V (53403) esp_adapter: thread sem get: sem=0x3fcb9c58[0m
V (53413) wifi:change: chan<6,0>, dur<0,500>
V (53413) wifi:ht20 freq=2437, chan=6
V (53423) wifi:enter start op, arg=0x42017358
V (53423) wifi:start max timer
V (53923) wifi:back home chan=<1,0>, current chan=<6,0>
V (53923) wifi:ht20 freq=2412, chan=1
D (53933) event: running post WIFI_EVENT:20 with handler 0x4200a610 and context 0x3fcaf350 on loop 0x3fcae0c4[0m
D (53933) event: running post WIFI_EVENT:20 with handler 0x42017540 and context 0x3fcb9948 on loop 0x3fcae0c4[0m
V (53943) esp_adapter: thread sem get: sem=0x3fcb9c58[0m
V (53953) wifi:change: chan<6,0>, dur<0,500>
V (53953) wifi:ht20 freq=2437, chan=6
V (53953) wifi:enter start op, arg=0x42017358
V (53963) wifi:start max timer
V (54463) wifi:back home chan=<1,0>, current chan=<6,0>
V (54463) wifi:ht20 freq=2412, chan=1
D (54463) event: running post WIFI_EVENT:20 with handler 0x4200a610 and context 0x3fcaf350 on loop 0x3fcae0c4[0m
D (54473) event: running post WIFI_EVENT:20 with handler 0x42017540 and context 0x3fcb9948 on loop 0x3fcae0c4[0m
V (54483) esp_adapter: thread sem get: sem=0x3fcb9c58[0m
V (54483) wifi:change: chan<6,0>, dur<0,500>
V (54493) wifi:ht20 freq=2437, chan=6
V (54493) wifi:enter start op, arg=0x42017358
V (54503) wifi:start max timer
V (55003) wifi:back home chan=<1,0>, current chan=<6,0>
V (55003) wifi:ht20 freq=2412, chan=1
D (55003) event: running post WIFI_EVENT:20 with handler 0x4200a610 and context 0x3fcaf350 on loop 0x3fcae0c4[0m
D (55013) event: running post WIFI_EVENT:20 with handler 0x42017540 and context 0x3fcb9948 on loop 0x3fcae0c4[0m
V (55023) esp_adapter: thread sem get: sem=0x3fcb9c58[0m
V (55023) wifi:change: chan<6,0>, dur<0,500>
V (55023) wifi:ht20 freq=2437, chan=6
V (55033) wifi:enter start op, arg=0x42017358
V (55033) wifi:start max timer
V (55533) wifi:back home chan=<1,0>, current chan=<6,0>
V (55543) wifi:ht20 freq=2412, chan=1
D (55543) event: running post WIFI_EVENT:20 with handler 0x4200a610 and context 0x3fcaf350 on loop 0x3fcae0c4[0m
D (55543) event: running post WIFI_EVENT:20 with handler 0x42017540 and context 0x3fcb9948 on loop 0x3fcae0c4[0m
V (55553) esp_adapter: thread sem get: sem=0x3fcb9c58[0m
V (55563) wifi:change: chan<6,0>, dur<0,500>
V (55563) wifi:ht20 freq=2437, chan=6
V (55573) wifi:enter start op, arg=0x42017358
V (55573) wifi:start max timer
V (56073) wifi:back home chan=<1,0>, current chan=<6,0>
V (56073) wifi:ht20 freq=2412, chan=1
D (56073) event: running post WIFI_EVENT:20 with handler 0x4200a610 and context 0x3fcaf350 on loop 0x3fcae0c4[0m
D (56083) event: running post WIFI_EVENT:20 with handler 0x42017540 and context 0x3fcb9948 on loop 0x3fcae0c4[0m
V (56093) esp_adapter: thread sem get: sem=0x3fcb9c58[0m
V (56093) wifi:change: chan<6,0>, dur<0,500>
V (56103) wifi:ht20 freq=2437, chan=6
V (56103) wifi:enter start op, arg=0x42017358
V (56113) wifi:start max timer
V (56613) wifi:back home chan=<1,0>, current chan=<6,0>
V (56613) wifi:ht20 freq=2412, chan=1
D (56613) event: running post WIFI_EVENT:20 with handler 0x4200a610 and context 0x3fcaf350 on loop 0x3fcae0c4[0m
D (56623) event: running post WIFI_EVENT:20 with handler 0x42017540 and context 0x3fcb9948 on loop 0x3fcae0c4[0m
V (56633) esp_adapter: thread sem get: sem=0x3fcb9c58[0m
V (56633) wifi:change: chan<6,0>, dur<0,500>
V (56643) wifi:ht20 freq=2437, chan=6
V (56643) wifi:enter start op, arg=0x42017358
V (56643) wifi:start max timer
V (57153) wifi:back home chan=<1,0>, current chan=<6,0>
V (57153) wifi:ht20 freq=2412, chan=1
D (57153) event: running post WIFI_EVENT:20 with handler 0x4200a610 and context 0x3fcaf350 on loop 0x3fcae0c4[0m
D (57153) event: running post WIFI_EVENT:20 with handler 0x42017540 and context 0x3fcb9948 on loop 0x3fcae0c4[0m
V (57163) esp_adapter: thread sem get: sem=0x3fcb9c58[0m
V (57173) wifi:change: chan<6,0>, dur<0,500>
V (57173) wifi:ht20 freq=2437, chan=6
V (57183) wifi:enter start op, arg=0x42017358
V (57183) wifi:start max timer
V (57683) wifi:back home chan=<1,0>, current chan=<6,0>
V (57683) wifi:ht20 freq=2412, chan=1
D (57683) event: running post WIFI_EVENT:20 with handler 0x4200a610 and context 0x3fcaf350 on loop 0x3fcae0c4[0m
D (57693) event: running post WIFI_EVENT:20 with handler 0x42017540 and context 0x3fcb9948 on loop 0x3fcae0c4[0m
V (57703) esp_adapter: thread sem get: sem=0x3fcb9c58[0m
V (57713) wifi:change: chan<6,0>, dur<0,500>
V (57713) wifi:ht20 freq=2437, chan=6
V (57713) wifi:enter start op, arg=0x42017358
V (57723) wifi:start max timer
V (58223) wifi:back home chan=<1,0>, current chan=<6,0>
V (58223) wifi:ht20 freq=2412, chan=1
D (58223) event: running post WIFI_EVENT:20 with handler 0x4200a610 and context 0x3fcaf350 on loop 0x3fcae0c4[0m
D (58233) event: running post WIFI_EVENT:20 with handler 0x42017540 and context 0x3fcb9948 on loop 0x3fcae0c4[0m
V (58243) esp_adapter: thread sem get: sem=0x3fcb9c58[0m
V (58243) wifi:change: chan<6,0>, dur<0,500>
V (58253) wifi:ht20 freq=2437, chan=6
V (58253) wifi:enter start op, arg=0x42017358
V (58253) wifi:start max timer
V (58763) wifi:back home chan=<1,0>, current chan=<6,0>
V (58763) wifi:ht20 freq=2412, chan=1
D (58763) event: running post WIFI_EVENT:20 with handler 0x4200a610 and context 0x3fcaf350 on loop 0x3fcae0c4[0m
D (58763) event: running post WIFI_EVENT:20 with handler 0x42017540 and context 0x3fcb9948 on loop 0x3fcae0c4[0m
V (58773) esp_adapter: thread sem get: sem=0x3fcb9c58[0m
V (58783) wifi:change: chan<6,0>, dur<0,500>
V (58783) wifi:ht20 freq=2437, chan=6
V (58793) wifi:enter start op, arg=0x42017358
V (58793) wifi:start max timer
V (59293) wifi:back home chan=<1,0>, current chan=<6,0>
V (59293) wifi:ht20 freq=2412, chan=1
D (59293) event: running post WIFI_EVENT:20 with handler 0x4200a610 and context 0x3fcaf350 on loop 0x3fcae0c4[0m
D (59303) event: running post WIFI_EVENT:20 with handler 0x42017540 and context 0x3fcb9948 on loop 0x3fcae0c4[0m
V (59313) esp_adapter: thread sem get: sem=0x3fcb9c58[0m
V (59323) wifi:change: chan<6,0>, dur<0,500>
V (59323) wifi:ht20 freq=2437, chan=6
V (59323) wifi:enter start op, arg=0x42017358
V (59333) wifi:start max timer
V (59833) wifi:back home chan=<1,0>, current chan=<6,0>
V (59833) wifi:ht20 freq=2412, chan=1
D (59833) event: running post WIFI_EVENT:20 with handler 0x4200a610 and context 0x3fcaf350 on loop 0x3fcae0c4[0m
D (59843) event: running post WIFI_EVENT:20 with handler 0x42017540 and context 0x3fcb9948 on loop 0x3fcae0c4[0m
