Executing action: monitor
Serial port /dev/ttyUSB0
Connecting....
Detecting chip type... ESP32-S3
Running idf_monitor in directory /home/corfu/mpc/corfu/toven_wifi_easy_connect
Executing "/home/corfu/.espressif/python_env/idf5.2_py3.10_env/bin/python /home/corfu/esp/esp-idf/tools/idf_monitor.py -p /dev/ttyUSB0 -b 115200 --toolchain-prefix xtensa-esp32s3-elf- --target esp32s3 --revision 0 /home/corfu/mpc/corfu/toven_wifi_easy_connect/build/dpp-enrollee.elf -m '/home/corfu/.espressif/python_env/idf5.2_py3.10_env/bin/python' '/home/corfu/esp/esp-idf/tools/idf.py'"...
ESP-ROM:esp32s3-20210327
Build:Mar 27 2021
rst:0x1 (POWERON),boot:0x8 (SPI_FAST_FLASH_BOOT)
SPIWP:0xee
mode:DIO, clock div:1
load:0x3fce3810,len:0x24d8
load:0x403c9700,len:0x4
load:0x403c9704,len:0xf74
load:0x403cc700,len:0x3900
entry 0x403c9a04
[0;32mI (28) boot: ESP-IDF v5.2.1 2nd stage bootloader[0m
[0;32mI (28) boot: compile time Sep  3 2024 20:57:07[0m
[0;32mI (28) boot: Multicore bootloader[0m
D (32) bootloader_flash: non-XMC chip detected by SFDP Read (C8), skip.[0m
D (38) bootloader_flash: mmu set block paddr=0x00000000 (was 0xffffffff)[0m
[0;32mI (45) boot: chip revision: v0.2[0m
D (49) boot.esp32s3: magic e9[0m
D (52) boot.esp32s3: segments 04[0m
D (55) boot.esp32s3: spi_mode 02[0m
D (58) boot.esp32s3: spi_speed 0f[0m
D (62) boot.esp32s3: spi_size 01[0m
[0;32mI (65) boot.esp32s3: Boot SPI Speed : 80MHz[0m
[0;32mI (70) boot.esp32s3: SPI Mode       : DIO[0m
[0;32mI (74) boot.esp32s3: SPI Flash Size : 2MB[0m
D (79) boot: Enabling RTCWDT(9000 ms)[0m
[0;32mI (83) boot: Enabling RNG early entropy source...[0m
D (88) bootloader_flash: rodata starts from paddr=0x00008000, size=0xc00, will be mapped to vaddr=0x3c000000[0m
V (98) bootloader_flash: after mapping, starting from paddr=0x00000000 and vaddr=0x3c000000, 0x10000 bytes are mapped[0m
D (109) boot: mapped partition table 0x8000 at 0x3c008000[0m
D (114) flash_parts: partition table verified, 4 entries[0m
[0;32mI (120) boot: Partition Table:[0m
[0;32mI (123) boot: ## Label            Usage          Type ST Offset   Length[0m
D (131) boot: load partition table entry 0x3c008000[0m
D (136) boot: type=1 subtype=2[0m
[0;32mI (139) boot:  0 nvs              WiFi data        01 02 00009000 00006000[0m
D (146) boot: load partition table entry 0x3c008020[0m
D (151) boot: type=1 subtype=1[0m
[0;32mI (154) boot:  1 phy_init         RF data          01 01 0000f000 00001000[0m
D (162) boot: load partition table entry 0x3c008040[0m
D (167) boot: type=0 subtype=0[0m
[0;32mI (170) boot:  2 factory          factory app      00 00 00010000 00100000[0m
[0;32mI (178) boot: End of partition table[0m
D (182) boot: Trying partition index -1 offs 0x10000 size 0x100000[0m
D (188) esp_image: reading image header @ 0x10000[0m
D (193) bootloader_flash: mmu set block paddr=0x00010000 (was 0xffffffff)[0m
D (200) esp_image: image header: 0xe9 0x05 0x02 0x01 40375608[0m
V (206) esp_image: loading segment header 0 at offset 0x10018[0m
V (211) esp_image: segment data length 0x296dc data starts 0x10020[0m
V (218) esp_image: segment 0 map_segment 1 segment_data_offs 0x10020 load_addr 0x3c0a0020[0m
[0;32mI (226) esp_image: segment 0: paddr=00010020 vaddr=3c0a0020 size=296dch (169692) map[0m
D (234) esp_image: free data page_count 0x00000200[0m
D (239) bootloader_flash: rodata starts from paddr=0x00010020, size=0x296dc, will be mapped to vaddr=0x3c000000[0m
V (249) bootloader_flash: after mapping, starting from paddr=0x00010000 and vaddr=0x3c000000, 0x30000 bytes are mapped[0m
V (291) esp_image: loading segment header 1 at offset 0x396fc[0m
D (292) bootloader_flash: mmu set block paddr=0x00030000 (was 0xffffffff)[0m
V (293) esp_image: segment data length 0x4e54 data starts 0x39704[0m
V (299) esp_image: segment 1 map_segment 0 segment_data_offs 0x39704 load_addr 0x3fc99600[0m
[0;32mI (307) esp_image: segment 1: paddr=00039704 vaddr=3fc99600 size=04e54h ( 20052) load[0m
D (316) esp_image: free data page_count 0x00000200[0m
D (321) bootloader_flash: rodata starts from paddr=0x00039704, size=0x4e54, will be mapped to vaddr=0x3c000000[0m
V (331) bootloader_flash: after mapping, starting from paddr=0x00030000 and vaddr=0x3c000000, 0x10000 bytes are mapped[0m
V (346) esp_image: loading segment header 2 at offset 0x3e558[0m
D (347) bootloader_flash: mmu set block paddr=0x00030000 (was 0xffffffff)[0m
V (354) esp_image: segment data length 0x1ab8 data starts 0x3e560[0m
V (360) esp_image: segment 2 map_segment 0 segment_data_offs 0x3e560 load_addr 0x40374000[0m
[0;32mI (368) esp_image: segment 2: paddr=0003e560 vaddr=40374000 size=01ab8h (  6840) load[0m
D (377) esp_image: free data page_count 0x00000200[0m
D (382) bootloader_flash: rodata starts from paddr=0x0003e560, size=0x1ab8, will be mapped to vaddr=0x3c000000[0m
V (392) bootloader_flash: after mapping, starting from paddr=0x00030000 and vaddr=0x3c000000, 0x20000 bytes are mapped[0m
V (405) esp_image: loading segment header 3 at offset 0x40018[0m
D (408) bootloader_flash: mmu set block paddr=0x00040000 (was 0xffffffff)[0m
V (415) esp_image: segment data length 0x95814 data starts 0x40020[0m
V (422) esp_image: segment 3 map_segment 1 segment_data_offs 0x40020 load_addr 0x42000020[0m
[0;32mI (430) esp_image: segment 3: paddr=00040020 vaddr=42000020 size=95814h (612372) map[0m
D (438) esp_image: free data page_count 0x00000200[0m
D (443) bootloader_flash: rodata starts from paddr=0x00040020, size=0x95814, will be mapped to vaddr=0x3c000000[0m
V (453) bootloader_flash: after mapping, starting from paddr=0x00040000 and vaddr=0x3c000000, 0xa0000 bytes are mapped[0m
V (576) esp_image: loading segment header 4 at offset 0xd5834[0m
D (576) bootloader_flash: mmu set block paddr=0x000d0000 (was 0xffffffff)[0m
V (577) esp_image: segment data length 0x13adc data starts 0xd583c[0m
V (584) esp_image: segment 4 map_segment 0 segment_data_offs 0xd583c load_addr 0x40375ab8[0m
[0;32mI (592) esp_image: segment 4: paddr=000d583c vaddr=40375ab8 size=13adch ( 80604) load[0m
D (600) esp_image: free data page_count 0x00000200[0m
D (605) bootloader_flash: rodata starts from paddr=0x000d583c, size=0x13adc, will be mapped to vaddr=0x3c000000[0m
V (615) bootloader_flash: after mapping, starting from paddr=0x000d0000 and vaddr=0x3c000000, 0x20000 bytes are mapped[0m
V (645) esp_image: image start 0x00010000 end of last section 0x000e9318[0m
D (645) bootloader_flash: mmu set block paddr=0x000e0000 (was 0xffffffff)[0m
D (648) boot: Calculated hash: aed5dfc65c1a4e8f158768abe141ec662bbabc07fe7714dbd922b0fa8eb99824[0m
[0;32mI (666) boot: Loaded app from partition at offset 0x10000[0m
[0;32mI (667) boot: Disabling RNG early entropy source...[0m
D (668) boot: Mapping segment 0 as DROM[0m
D (672) boot: Mapping segment 3 as IROM[0m
D (676) boot: calling set_cache_and_start_app[0m
D (680) boot: configure drom and irom and start[0m
V (685) boot: rodata starts from paddr=0x00010020, vaddr=0x3c0a0020, size=0x296dc[0m
V (692) boot: after mapping rodata, starting from paddr=0x00010000 and vaddr=0x3c0a0000, 0x30000 bytes are mapped[0m
V (703) boot: text starts from paddr=0x00040020, vaddr=0x42000020, size=0x95814[0m
V (710) boot: after mapping text, starting from paddr=0x00040000 and vaddr=0x42000000, 0xa0000 bytes are mapped[0m
D (720) boot: start: 0x40375608[0m
[0;32mI (735) cpu_start: Multicore app[0m
V (735) mmap: after coalescing, 1 regions are left[0m
D (735) cpu_start: Pro cpu up[0m
D (735) cpu_start: Starting app cpu, entry point is 0x403754e0[0m
D (0) cpu_start: App cpu up[0m
V CACHE_ERR: illegal error intr clr & ena mask is: 0x3f
V CACHE_ERR: core D a7ce) cle:ror iSLtr clr & eiba tiask als: 0434202[0m
V CACHE_ERR: illegal error intr clr & ena mask is: 0x3f
V CACHE_ERR: core 0 access error intr clr & ena mask is: 0x1f
[0;32mI (768) cpu_start: Pro cpu start user code[0m
[0;32mI (771) cpu_start: cpu freq: 160000000 Hz[0m
[0;32mI (775) cpu_start: Application information:[0m
[0;32mI (780) cpu_start: Project name:     dpp-enrollee[0m
[0;32mI (786) cpu_start: App version:      1[0m
[0;32mI (790) cpu_start: Compile time:     Sep  3 2024 21:09:26[0m
[0;32mI (796) cpu_start: ELF file SHA256:  639730070...[0m
[0;32mI (802) cpu_start: ESP-IDF:          v5.2.1[0m
[0;32mI (806) cpu_start: Min chip rev:     v0.0[0m
[0;32mI (811) cpu_start: Max chip rev:     v0.99 [0m
[0;32mI (816) cpu_start: Chip rev:         v0.2[0m
V (821) memory_layout: reserved range is 0x3c0c96b4 - 0x3c0c96dc[0m
D (827) memory_layout: Checking 6 reserved memory ranges:[0m
D (832) memory_layout: Reserved memory range 0x3fc84000 - 0x3fc99600[0m
D (839) memory_layout: Reserved memory range 0x3fc99600 - 0x3fca26b0[0m
D (845) memory_layout: Reserved memory range 0x3fceee34 - 0x3fcf0000[0m
D (851) memory_layout: Reserved memory range 0x40374000 - 0x40389600[0m
D (858) memory_layout: Reserved memory range 0x600fe000 - 0x600fe010[0m
D (864) memory_layout: Reserved memory range 0x600fffe8 - 0x60100000[0m
D (871) memory_layout: Building list of available memory regions:[0m
V (877) memory_layout: Examining memory region 0x3fc88000 - 0x3fc90000[0m
V (884) memory_layout: Region 0x3fc88000 - 0x3fc90000 inside of reserved 0x3fc84000 - 0x3fc99600[0m
V (892) memory_layout: Examining memory region 0x3fc90000 - 0x3fca0000[0m
V (899) memory_layout: Start of region 0x3fc90000 - 0x3fca0000 overlaps reserved 0x3fc84000 - 0x3fc99600[0m
V (909) memory_layout: Region 0x3fc99600 - 0x3fca0000 inside of reserved 0x3fc99600 - 0x3fca26b0[0m
V (917) memory_layout: Examining memory region 0x3fca0000 - 0x3fcb0000[0m
V (924) memory_layout: Start of region 0x3fca0000 - 0x3fcb0000 overlaps reserved 0x3fc99600 - 0x3fca26b0[0m
D (934) memory_layout: Available memory region 0x3fca26b0 - 0x3fcb0000[0m
V (940) memory_layout: Examining memory region 0x3fcb0000 - 0x3fcc0000[0m
D (947) memory_layout: Available memory region 0x3fcb0000 - 0x3fcc0000[0m
V (953) memory_layout: Examining memory region 0x3fcc0000 - 0x3fcd0000[0m
D (960) memory_layout: Available memory region 0x3fcc0000 - 0x3fcd0000[0m
V (966) memory_layout: Examining memory region 0x3fcd0000 - 0x3fce0000[0m
D (973) memory_layout: Available memory region 0x3fcd0000 - 0x3fce0000[0m
V (980) memory_layout: Examining memory region 0x3fce0000 - 0x3fce9710[0m
D (986) memory_layout: Available memory region 0x3fce0000 - 0x3fce9710[0m
V (993) memory_layout: Examining memory region 0x3fce9710 - 0x3fcf0000[0m
V (999) memory_layout: End of region 0x3fce9710 - 0x3fcf0000 overlaps reserved 0x3fceee34 - 0x3fcf0000[0m
D (1009) memory_layout: Available memory region 0x3fce9710 - 0x3fceee34[0m
V (1016) memory_layout: Examining memory region 0x3fcf0000 - 0x3fcf8000[0m
D (1022) memory_layout: Available memory region 0x3fcf0000 - 0x3fcf8000[0m
V (1029) memory_layout: Examining memory region 0x600fe000 - 0x60100000[0m
V (1036) memory_layout: Start of region 0x600fe000 - 0x60100000 overlaps reserved 0x600fe000 - 0x600fe010[0m
V (1045) memory_layout: End of region 0x600fe010 - 0x60100000 overlaps reserved 0x600fffe8 - 0x60100000[0m
D (1055) memory_layout: Available memory region 0x600fe010 - 0x600fffe8[0m
[0;32mI (1061) heap_init: Initializing. RAM available for dynamic allocation:[0m
D (1069) heap_init: New heap initialised at 0x3fca26b0[0m
[0;32mI (1074) heap_init: At 3FCA26B0 len 00047060 (284 KiB): RAM[0m
[0;32mI (1080) heap_init: At 3FCE9710 len 00005724 (21 KiB): RAM[0m
D (1086) heap_init: New heap initialised at 0x3fcf0000[0m
[0;32mI (1091) heap_init: At 3FCF0000 len 00008000 (32 KiB): DRAM[0m
D (1098) heap_init: New heap initialised at 0x600fe010[0m
[0;32mI (1103) heap_init: At 600FE010 len 00001FD8 (7 KiB): RTCRAM[0m
V (1109) intr_alloc: esp_intr_alloc_intrstatus (cpu 0): checking args[0m
V (1116) intr_alloc: esp_intr_alloc_intrstatus (cpu 0): Args okay. Resulting flags 0x40E[0m
D (1124) intr_alloc: Connected src 39 to int 2 (cpu 0)[0m
V (1130) memspi: raw_chip_id: 1740C8
[0m
V (1133) memspi: chip_id: C84017
[0m
V (1136) memspi: raw_chip_id: 1740C8
[0m
V (1140) memspi: chip_id: C84017
[0m
D (1144) spi_flash: trying chip: issi[0m
D (1147) spi_flash: trying chip: gd[0m
[0;32mI (1151) spi_flash: detected chip: gd[0m
[0;32mI (1155) spi_flash: flash io: dio[0m
[0;33mW (1159) spi_flash: Detected size(8192k) larger than the size in the binary image header(2048k). Using the size in the binary image header.[0m
D (1173) cpu_start: calling init function: 0x420712a0[0m
D (1178) cpu_start: calling init function: 0x42070d50[0m
D (1183) cpu_start: calling init function: 0x42029030[0m
D (1188) cpu_start: calling init function: 0x42010acc[0m
D (1193) cpu_start: calling init function: 0x4037c268[0m
D (1198) cpu_start: calling init function: 0x42002284[0m
D (D 44(49)49 c) puc_pust_sartat:rt c: alcallinlig ngin iitni ft unfcuntictonio: n:0x 040x4307a3797a98 78on o cn orceor: e:1 1[0[m0
m

V (1216) intr_alloc: esp_intr_alloc_intrstatus (cpu 0): checking args[0m
V (1222) intr_alloc: esp_intr_alloc_intrstatus (cpu 0): Args okay. Resulting flags 0xC02[0m
D (1230) intr_alloc: Connected src 59 to int 3 (cpu 0)[0m
D (1235) cpu_start: calling init function: 0x420052f4 on core: 0[0m
[0;32mI (1242) sleep: Configure to isolate all GPIO pins in sleep state[0m
[0;32mI (1248) sleep: Enable automatic switching of GPIO sleep configuration[0m
D (1255) cpu_start: calling init function: 0x4037a978 on core: 0[0m
D (1262) esp_apptrace: HW interface 0x00000000[0m
D (1266) esp_apptrace_uart: esp_apptrace_uart_hw_get - 1[0m
[0;32mI (1272) esp_apptrace_uart: UART baud rate: 1000000[0m
V (1277) intr_alloc: esp_intr_alloc_intrstatus (cpu 0): checking args[0m
V (1283) intr_alloc: esp_intr_alloc_intrstatus (cpu 0): Args okay. Resulting flags 0xE[0m
D (1291) intr_alloc: Connected src 28 to int 9 (cpu 0)[0m
[0;32mI (1297) esp_apptrace_uart: Initialized UART on CPU0[0m
D (1302) cpu_start: calling init function: 0x42003614 on core: 0[0m
V (1309) intr_alloc: esp_intr_alloc_intrstatus (cpu 0): checking args[0m
V (1315) intr_alloc: esp_intr_alloc_intrstatus (cpu 0): Args okay. Resulting flags 0x40E[0m
D (1323) intr_alloc: Connected src 79 to int 12 (cpu 0)[0m
D (1328) app_start: Starting scheduler on CPU0[0m
V (1333) intr_alloc: esp_intr_alloc_intrstatus (cpu 0): checking args[0m
V (1333) intr_alloc: esp_intr_alloc_intrstatus (cpu 0): Args okay. Resulting flags 0x402[0m
D (1333) intr_alloc: Connected src 57 to int 13 (cpu 0)[0m
[0;32mI (598) esp_apptrace_uart: Initialized UART on CPU1[0m
V (1343) intr_alloc: esp_intr_alloc_intrstatus (cpu 1): checking args[0m
V (1343) intr_alloc: esp_intr_alloc_intrstatus (cpu 1): Args okay. Resulting flags 0x40E[0m
D (1353) intr_alloc: Connected src 80 to int 2 (cpu 1)[0m
D (1363) app_start: Starting scheduler on CPU1[0m
V (1363) intr_alloc: esp_intr_alloc_intrstatus (cpu 1): checking args[0m
V (1373) intr_alloc: esp_intr_alloc_intrstatus (cpu 1): Args okay. Resulting flags 0x402[0m
D (1373) intr_alloc: Connected src 58 to int 3 (cpu 1)[0m
[0;32mI (1333) main_task: Started on CPU0[0m
D (1393) heap_init: New heap initialised at 0x3fce9710[0m
V (1393) intr_alloc: esp_intr_alloc_intrstatus (cpu 0): checking args[0m
V (1403) intr_alloc: esp_intr_alloc_intrstatus (cpu 0): Args okay. Resulting flags 0xE[0m
D (1403) intr_alloc: Connected src 52 to int 17 (cpu 0)[0m
[0;32mI (1413) main_task: Calling app_main()[0m
[0;32mI (1413) wifi dpp-enrollee: ESP_WIFI_MODE_STA[0m
V (1423) partition: Loading the partition table[0m
V (1423) mmap: actual_mapped_len is 0x10000[0m
V (1433) calculated md5: 0x3fcaa8e8   f4 ad 4f 45 38 56 4b 5d  74 35 b6 2c 75 b6 95 24  |..OE8VK]t5.,u..$|[0m
V (1443) stored md5: 0x3c0d8070   f4 ad 4f 45 38 56 4b 5d  74 35 b6 2c 75 b6 95 24  |..OE8VK]t5.,u..$|[0m
V (1453) partition: Partition table MD5 verified[0m
D (1483) esp_netif_lwip: LwIP stack has been initialized[0m
D (1483) esp_netif_lwip: esp-netif has been successfully initialized[0m
D (1483) event: running task for loop 0x3fcae0c4[0m
D (1483) event: created task for loop 0x3fcae0c4[0m
D (1493) event: created event loop 0x3fcae0c4[0m
D (1493) esp_netif_lwip: check: remote, if=0x3fcaa920 fn=0x42015d54[0m
V (1503) esp_netif_objects: esp_netif_add_to_list_unsafe 0x3fcaefec[0m
D (1503) esp_netif_objects: esp_netif_add_to_list_unsafe netif added successfully (total netifs: 1)[0m
D (1513) esp_netif_lwip: call api in lwip: ret=0x0, give sem[0m
[0;32mI (1523) pp: pp rom version: e7ae62f[0m
[0;32mI (1523) net80211: net80211 rom version: e7ae62f[0m
D (1533) nvs: nvs_open_from_partition misc 1[0m
I (1543) wifi:wifi driver task: 3fcb1a0c, prio:23, stack:6656, core=0
V (1543) esp_adapter: thread sem create: sem=0x3fcb1b64[0m
V (1543) esp_adapter: thread sem get: sem=0x3fcb1b64[0m
D (1553) efuse: In EFUSE_BLK1__DATA1_REG is used 8 bits starting with 8 bit[0m
D (1563) efuse: In EFUSE_BLK1__DATA1_REG is used 8 bits starting with 0 bit[0m
D (1563) efuse: In EFUSE_BLK1__DATA0_REG is used 8 bits starting with 24 bit[0m
D (1573) efuse: In EFUSE_BLK1__DATA0_REG is used 8 bits starting with 16 bit[0m
D (1583) efuse: In EFUSE_BLK1__DATA0_REG is used 8 bits starting with 8 bit[0m
D (1583) efuse: In EFUSE_BLK1__DATA0_REG is used 8 bits starting with 0 bit[0m
D (1593) nvs: nvs_open_from_partition nvs.net80211 1[0m
D (1603) nvs: nvs_get opmode 1[0m
D (1603) nvs: nvs_get_str_or_blob sta.ssid[0m
D (1603) nvs: nvs_get sta.authmode 1[0m
D (1613) nvs: nvs_get_str_or_blob sta.pswd[0m
D (1613) nvs: nvs_get_str_or_blob sta.pmk[0m
D (1613) nvs: nvs_get sta.chan 1[0m
D (1623) nvs: nvs_get auto.conn 1[0m
D (1623) nvs: nvs_get bssid.set 1[0m
D (1633) nvs: nvs_get_str_or_blob sta.bssid[0m
D (1633) nvs: nvs_get sta.lis_intval 2[0m
D (1633) nvs: nvs_get sta.phym 1[0m
D (1643) nvs: nvs_get sta.phybw 1[0m
D (1643) nvs: nvs_get_str_or_blob sta.apsw[0m
D (1643) nvs: nvs_get_str_or_blob sta.apinfo[0m
D (1653) nvs: nvs_get sta.scan_method 1[0m
D (1653) nvs: nvs_get sta.sort_method 1[0m
D (1663) nvs: nvs_get sta.minrssi 1[0m
D (1663) nvs: nvs_get sta.minauth 1[0m
D (1663) nvs: nvs_get sta.pmf_e 1[0m
D (1673) nvs: nvs_get sta.pmf_r 1[0m
D (1673) nvs: nvs_get sta.btm_e 1[0m
D (1673) nvs: nvs_get sta.rrm_e 1[0m
D (1683) nvs: nvs_get sta.mbo_e 1[0m
D (1683) nvs: nvs_get_str_or_blob ap.ssid[0m
D (1683) nvs: nvs_get_str_or_blob ap.passwd[0m
D (1693) nvs: nvs_get_str_or_blob ap.pmk[0m
D (1693) nvs: nvs_get ap.chan 1[0m
D (1703) nvs: nvs_get ap.authmode 1[0m
D (1703) nvs: nvs_get ap.hidden 1[0m
D (1703) nvs: nvs_get ap.max.conn 1[0m
D (1713) nvs: nvs_get bcn.interval 2[0m
D (1713) nvs: nvs_get ap.phym 1[0m
D (1713) nvs: nvs_get ap.phybw 1[0m
D (1723) nvs: nvs_get ap.sndchan 1[0m
D (1723) nvs: nvs_get ap.pmf_e 1[0m
D (1723) nvs: nvs_get ap.pmf_r 1[0m
D (1733) nvs: nvs_get ap.p_cipher 1[0m
D (1733) nvs: nvs_get lorate 1[0m
D (1733) nvs: nvs_get_str_or_blob country[0m
D (1743) nvs: nvs_get ap.ftm_r 1[0m
D (1743) nvs: nvs_get sta.ft 1[0m
D (1743) nvs: nvs_get sta.owe 1[0m
D (1753) nvs: nvs_get sta.trans_d 1[0m
D (1753) nvs: nvs_get sta.sae_h2e 1[0m
D (1753) nvs: nvs_get sta.sae_pk_mode 1[0m
D (1763) nvs: nvs_get sta.bss_retry 1[0m
D (1763) nvs: nvs_get_str_or_blob sta.owe_data[0m
D (1773) nvs: nvs_get sta.he_dcm 1[0m
D (1773) nvs: nvs_get sta.he_dcm_c_tx 1[0m
D (1773) nvs: nvs_get sta.he_dcm_c_rx 1[0m
D (1783) nvs: nvs_get sta.he_mcs9_d 1[0m
D (1783) nvs: nvs_get sta.he_su_b_d 1[0m
D (1783) nvs: nvs_get sta.he_su_b_f_d 1[0m
D (1793) nvs: nvs_get sta.he_mu_b_f_d 1[0m
D (1793) nvs: nvs_get sta.he_cqi_f_d 1[0m
D (1803) nvs: nvs_get_str_or_blob sta.sae_h2e_id[0m
D (1803) nvs: nvs_get ap.sae_h2e 1[0m
D (1803) nvs: nvs_get_str_or_blob ap.pmk_info[0m
D (1813) nvs: nvs_get nan.phym 1[0m
D (1813) nvs: nvs_set ap.sndchan 1 1[0m
I (1823) wifi:wifi firmware version: a9f5b59
I (1823) wifi:wifi certification version: v7.0
I (1823) wifi:config NVS flash: enabled
I (1833) wifi:config nano formating: disabled
I (1833) wifi:Init data frame dynamic rx buffer num: 32
I (1843) wifi:Init static rx mgmt buffer num: 5
I (1843) wifi:Init management short buffer num: 32
I (1853) wifi:Init dynamic tx buffer num: 32
I (1853) wifi:Init static tx FG buffer num: 2
I (1853) wifi:Init static rx buffer size: 1600
I (1863) wifi:Init static rx buffer num: 10
I (1863) wifi:Init dynamic rx buffer num: 32
V (1873) wifi:hint=255, act_dur=<0,120>, pas_dur=360, nchans=14 history_num=0
V (1873) esp_adapter: thread sem get: sem=0x3fcb1b64[0m
[0;32mI (1883) wifi_init: rx ba win: 6[0m
[0;32mI (1883) wifi_init: tcpip mbox: 32[0m
[0;32mI (1893) wifi_init: udp mbox: 6[0m
[0;32mI (1893) wifi_init: tcp mbox: 6[0m
[0;32mI (1893) wifi_init: tcp tx win: 5760[0m
[0;32mI (1903) wifi_init: tcp rx win: 5760[0m
[0;32mI (1903) wifi_init: tcp mss: 1440[0m
[0;32mI (1913) wifi_init: WiFi IRAM OP enabled[0m
[0;32mI (1913) wifi_init: WiFi RX IRAM OP enabled[0m
V (1913) esp_adapter: thread sem get: sem=0x3fcb1b64[0m
D (1923) nvs: nvs_get opmode 1[0m
D (1983) gdma: new group (0) at 0x3fcba32c[0m
D (1983) gdma: new pair (0,0) at 0x3fcba188[0m
D (1983) gdma: new tx channel (0,0) at 0x3fcba038[0m
D (1983) gdma: new rx channel (0,0) at 0x3fcba3b4[0m
D (1993) gdma: tx channel (0,0), (1:16) bytes aligned, burst enabled[0m
D (1993) gdma: rx channel (0,0), (1:16) bytes aligned, burst disabled[0m
[0;32mI (2003) wifi dpp-enrollee: Scan below QR Code to configure the enrollee:[0m
[0;32mI (2013) QRCODE: Encoding below text with ECC LVL 0 & QR Code Version 10[0m
[0;32mI (2013) QRCODE: DPP:C:81/6;M:84:fc:e6:7b:73:b8;K:MDkwEwYHKoZIzj0CAQYIKoZIzj0DAQcDIgAC/3SQalut1k1YKv+++3DPTUU+u8nnGAaB5IRbQ7FiEO4=;;[0m
                                              
  █▀▀▀▀▀█ ▄▄▄  █▄▄▀█▀ ▀█▀▀ █▄▄▀█▄▀▄ █▀▀▀▀▀█   
  █ ███ █ ▄▀ █ ▀▄ ▄▀▀  ▀▀  ▄▄  ▄▄▀  █ ███ █   
  █ ▀▀▀ █ ▄█▄█ █ █▄▄█ ▄▀█ ▄▄ ▄▀█▄▀▄ █ ▀▀▀ █   
  ▀▀▀▀▀▀▀ ▀▄▀▄█ ▀▄▀ ▀▄▀▄█▄█ ▀▄▀ █▄▀ ▀▀▀▀▀▀▀   
  ▀█▀██ ▀▀▀█▄▀▄▀▄▀█ ▄█▀██ ▀█▄ ▀▀▄█▄▀▄▀▄▀ ▀▄   
  █ █  ▄▀▄  ▀▀  ▄█▀ ▀▄ ▄█▄ ▀▀▀▀▀▀▄▄▀ ▄▄  ▀▄   
   ▀▀▀▄ ▀ ▀▀█ ▀ ▄▄▄ ▀█▀▀▀▄▀▄▀▀▀ ▄▄ ▄▄▀▄▀▀ ▀   
  ▄ █  ▀▀▄▀ ▀█▀   ▄ ▀▄▀█▄▄█  ██  ▄▀▀█▄██▀▄    
   ▄▄▀██▀▄█▀ █▀▄▀▄▄▄ █▄█▀▄ ▀▄▀▀▀▀█▄▄ ▀▄▀▄█▄   
  ▀▀█ ▄▄▀▀▄█▄ ▄█▀▀ █▄▄ ▄▀▄▄▀█▀█ ▄▄ ▀██ ▄▀▀▄   
  █▄█▀▀█▀▀▀  ▀▄ ▀▄▀ ▄█▀ ▀▀ ▄▀▀█  █ ▀▄█▄  ▀    
  █▄▀ ██▀▀█▀▄ ▄ ▀█▀ ▀ ██  ▄▀▄▀▀▀▄▄▄ ▀███▀▄    
  █  ▀▀█▀▀ ▀  ▀ ▀██  ██▀▀█▀ ▀ ▀▀▀▄▀▀▄ ▄▀ ▄    
   ▀▄  ▄▀ ██▄ ▀ ▄▀█ ▀ ▀█▄ ▀ ▄▀  █ ▄▀ ▀█▀▀     
  ▄▀▀▄▀ ▀▀█ █ ▀ ▄▄▄▄▀█▀▀▀ ▀█▀  ▄ ▄█  █▄▀▀█    
  █ ▄▀▄▄▀▀▄▄ █▀ ▄ ▄ ▀ ▄▄▄  ▀▄██▀█▄▀██▄▀█  ▄   
  ▀ ▀▀  ▀ ▄▄▄▀▀▄█ ▄▄▄ ▄▄▀ ▀▀▄▀▀▀▀██▀▀▀█ ██    
  █▀▀▀▀▀█ ▀▀ ▄▄█▀▀▀█▄▄ ██   ▄▀  ▄▀█ ▀ █ ▀ ▄   
  █ ███ █ █ ▀ ▄ ▀▄▀▄▄█▀▀▀█▄▄▀██   ▀█▀█▀▀▀ ▄   
  █ ▀▀▀ █ ██▀ ▄ ▄█▀ ▀▄█▄█▄█▀ ██▀  ▀▄█ ██ ▄    
  ▀▀▀▀▀▀▀ ▀   ▀▀▀▀   ▀▀▀▀ ▀ ▀▀ ▀ ▀      ▀     
                                              

V (2323) esp_adapter: thread sem get: sem=0x3fcb1b64[0m
[0;32mI (2333) phy_init: phy_version 640,cd64a1a,Jan 24 2024,17:28:12[0m
D (2333) phy_init: loading PHY init data from application binary[0m
D (2343) nvs: nvs_open_from_partition phy 0[0m
D (2343) nvs: nvs_get cal_version 4[0m
V (2353) phy_init: phy_get_rf_cal_version: 640[0m
D (2353) nvs: nvs_get_str_or_blob cal_mac[0m
D (2363) efuse: In EFUSE_BLK1__DATA1_REG is used 8 bits starting with 8 bit[0m
D (2363) efuse: In EFUSE_BLK1__DATA1_REG is used 8 bits starting with 0 bit[0m
D (2373) efuse: In EFUSE_BLK1__DATA0_REG is used 8 bits starting with 24 bit[0m
D (2383) efuse: In EFUSE_BLK1__DATA0_REG is used 8 bits starting with 16 bit[0m
D (2383) efuse: In EFUSE_BLK1__DATA0_REG is used 8 bits starting with 8 bit[0m
D (2393) efuse: In EFUSE_BLK1__DATA0_REG is used 8 bits starting with 0 bit[0m
D (2403) nvs: nvs_get_str_or_blob cal_data[0m
D (2413) nvs: nvs_close 3[0m
D (2413) efuse: In EFUSE_BLK1__DATA1_REG is used 8 bits starting with 8 bit[0m
D (2413) efuse: In EFUSE_BLK1__DATA1_REG is used 8 bits starting with 0 bit[0m
D (2423) efuse: In EFUSE_BLK1__DATA0_REG is used 8 bits starting with 24 bit[0m
D (2433) efuse: In EFUSE_BLK1__DATA0_REG is used 8 bits starting with 16 bit[0m
D (2433) efuse: In EFUSE_BLK1__DATA0_REG is used 8 bits starting with 8 bit[0m
D (2443) efuse: In EFUSE_BLK1__DATA0_REG is used 8 bits starting with 0 bit[0m
D (2463) temperature_sensor: range changed, change to index 2[0m
V (2483) wifi:ht20 freq=2412, chan=1
D (2483) wifi:filter: set rx policy=0
I (2483) wifi:mode : sta (84:fc:e6:7b:73:b8)
I (2483) wifi:enable tsf
D (2483) wifi:filter: set rx policy=1
D (2483) wifi:connect status 0 -> 0
D (2493) event: running post WIFI_EVENT:40 with handler 0x4200a610 and context 0x3fcaf350 on loop 0x3fcae0c4[0m
D (2503) event: running post WIFI_EVENT:2 with handler 0x42029280 and context 0x3fcaf1e8 on loop 0x3fcae0c4[0m
D (2513) wifi_init_default: wifi_start esp-netif:0x3fcaefec event-id2[0m
D (2513) wifi_init_default: WIFI mac address: 84 fc e6 7b 73 b8[0m
V (2523) esp_adapter: thread sem create: sem=0x3fcb9ba8[0m
V (2523) esp_adapter: thread sem get: sem=0x3fcb9ba8[0m
D (2533) esp_netif_lwip: check: remote, if=0x3fcaefec fn=0x42015740[0m
D (2543) esp_netif_lwip: call api in lwip: ret=0x0, give sem[0m
D (2543) esp_netif_handlers: esp_netif action has started with netif0x3fcaefec from event_id=2[0m
D (2553) esp_netif_lwip: check: remote, if=0x3fcaefec fn=0x4201600c[0m
D (2563) esp_netif_lwip: esp_netif_start_api 0x3fcaefec[0m
D (2563) esp_netif_lwip: esp_netif_get_hostname esp_netif:0x3fcaefec[0m
D (2573) esp_netif_lwip: check: local, if=0x3fcaefec fn=0x420167b0[0m
D (2573) esp_netif_lwip: esp_netif_update_default_netif_lwip 0x3fcaefec[0m
V (2583) esp_netif_lwip: esp_netif_is_netif_up esp_netif:0x3fcaefec[0m
D (2593) esp_netif_lwip: call api in lwip: ret=0x0, give sem[0m
D (2593) event: running post WIFI_EVENT:2 with handler 0x4200a610 and context 0x3fcaf350 on loop 0x3fcae0c4[0m
[0;32mI (2603) wifi dpp-enrollee: Started listening for DPP Authentication[0m
V (2603) esp_adapter: thread sem create: sem=0x3fcb9c58[0m
V (2623) esp_adapter: thread sem get: sem=0x3fcb9c58[0m
V (2623) wifi:change: chan<6,0>, dur<0,500>
V (2623) wifi:ht20 freq=2437, chan=6
V (2633) wifi:enter start op, arg=0x42017358
V (2633) wifi:start max timer
V (3133) wifi:back home chan=<1,0>, current chan=<6,0>
V (3133) wifi:ht20 freq=2412, chan=1
D (3143) event: running post WIFI_EVENT:20 with handler 0x4200a610 and context 0x3fcaf350 on loop 0x3fcae0c4[0m
D (3143) event: running post WIFI_EVENT:20 with handler 0x42017540 and context 0x3fcb9948 on loop 0x3fcae0c4[0m
V (3153) esp_adapter: thread sem get: sem=0x3fcb9c58[0m
V (3163) wifi:change: chan<6,0>, dur<0,500>
V (3163) wifi:ht20 freq=2437, chan=6
V (3163) wifi:enter start op, arg=0x42017358
V (3173) wifi:start max timer
V (3673) wifi:back home chan=<1,0>, current chan=<6,0>
V (3673) wifi:ht20 freq=2412, chan=1
D (3673) event: running post WIFI_EVENT:20 with handler 0x4200a610 and context 0x3fcaf350 on loop 0x3fcae0c4[0m
D (3683) event: running post WIFI_EVENT:20 with handler 0x42017540 and context 0x3fcb9948 on loop 0x3fcae0c4[0m
V (3693) esp_adapter: thread sem get: sem=0x3fcb9c58[0m
V (3693) wifi:change: chan<6,0>, dur<0,500>
V (3703) wifi:ht20 freq=2437, chan=6
V (3703) wifi:enter start op, arg=0x42017358
V (3703) wifi:start max timer
V (4213) wifi:back home chan=<1,0>, current chan=<6,0>
V (4213) wifi:ht20 freq=2412, chan=1
D (4213) event: running post WIFI_EVENT:20 with handler 0x4200a610 and context 0x3fcaf350 on loop 0x3fcae0c4[0m
D (4213) event: running post WIFI_EVENT:20 with handler 0x42017540 and context 0x3fcb9948 on loop 0x3fcae0c4[0m
V (4223) esp_adapter: thread sem get: sem=0x3fcb9c58[0m
V (4233) wifi:change: chan<6,0>, dur<0,500>
V (4233) wifi:ht20 freq=2437, chan=6
V (4243) wifi:enter start op, arg=0x42017358
V (4243) wifi:start max timer
V (4743) wifi:back home chan=<1,0>, current chan=<6,0>
V (4743) wifi:ht20 freq=2412, chan=1
D (4743) event: running post WIFI_EVENT:20 with handler 0x4200a610 and context 0x3fcaf350 on loop 0x3fcae0c4[0m
D (4753) event: running post WIFI_EVENT:20 with handler 0x42017540 and context 0x3fcb9948 on loop 0x3fcae0c4[0m
V (4763) esp_adapter: thread sem get: sem=0x3fcb9c58[0m
V (4773) wifi:change: chan<6,0>, dur<0,500>
V (4773) wifi:ht20 freq=2437, chan=6
V (4773) wifi:enter start op, arg=0x42017358
V (4783) wifi:start max timer
V (5283) wifi:back home chan=<1,0>, current chan=<6,0>
V (5283) wifi:ht20 freq=2412, chan=1
D (5283) event: running post WIFI_EVENT:20 with handler 0x4200a610 and context 0x3fcaf350 on loop 0x3fcae0c4[0m
D (5293) event: running post WIFI_EVENT:20 with handler 0x42017540 and context 0x3fcb9948 on loop 0x3fcae0c4[0m
V (5303) esp_adapter: thread sem get: sem=0x3fcb9c58[0m
V (5303) wifi:change: chan<6,0>, dur<0,500>
V (5303) wifi:ht20 freq=2437, chan=6
V (5313) wifi:enter start op, arg=0x42017358
V (5313) wifi:start max timer
V (5813) wifi:back home chan=<1,0>, current chan=<6,0>
V (5823) wifi:ht20 freq=2412, chan=1
D (5823) event: running post WIFI_EVENT:20 with handler 0x4200a610 and context 0x3fcaf350 on loop 0x3fcae0c4[0m
D (5823) event: running post WIFI_EVENT:20 with handler 0x42017540 and context 0x3fcb9948 on loop 0x3fcae0c4[0m
V (5833) esp_adapter: thread sem get: sem=0x3fcb9c58[0m
V (5843) wifi:change: chan<6,0>, dur<0,500>
V (5843) wifi:ht20 freq=2437, chan=6
V (5843) wifi:enter start op, arg=0x42017358
V (5853) wifi:start max timer
V (6353) wifi:back home chan=<1,0>, current chan=<6,0>
V (6353) wifi:ht20 freq=2412, chan=1
D (6353) event: running post WIFI_EVENT:20 with handler 0x4200a610 and context 0x3fcaf350 on loop 0x3fcae0c4[0m
D (6363) event: running post WIFI_EVENT:20 with handler 0x42017540 and context 0x3fcb9948 on loop 0x3fcae0c4[0m
V (6373) esp_adapter: thread sem get: sem=0x3fcb9c58[0m
V (6373) wifi:change: chan<6,0>, dur<0,500>
V (6383) wifi:ht20 freq=2437, chan=6
V (6383) wifi:enter start op, arg=0x42017358
V (6383) wifi:start max timer
V (6893) wifi:back home chan=<1,0>, current chan=<6,0>
V (6893) wifi:ht20 freq=2412, chan=1
D (6893) event: running post WIFI_EVENT:20 with handler 0x4200a610 and context 0x3fcaf350 on loop 0x3fcae0c4[0m
D (6893) event: running post WIFI_EVENT:20 with handler 0x42017540 and context 0x3fcb9948 on loop 0x3fcae0c4[0m
V (6903) esp_adapter: thread sem get: sem=0x3fcb9c58[0m
V (6913) wifi:change: chan<6,0>, dur<0,500>
V (6913) wifi:ht20 freq=2437, chan=6
V (6923) wifi:enter start op, arg=0x42017358
V (6923) wifi:start max timer
V (7423) wifi:back home chan=<1,0>, current chan=<6,0>
V (7423) wifi:ht20 freq=2412, chan=1
D (7423) event: running post WIFI_EVENT:20 with handler 0x4200a610 and context 0x3fcaf350 on loop 0x3fcae0c4[0m
D (7433) event: running post WIFI_EVENT:20 with handler 0x42017540 and context 0x3fcb9948 on loop 0x3fcae0c4[0m
V (7443) esp_adapter: thread sem get: sem=0x3fcb9c58[0m
V (7453) wifi:change: chan<6,0>, dur<0,500>
V (7453) wifi:ht20 freq=2437, chan=6
V (7453) wifi:enter start op, arg=0x42017358
V (7463) wifi:start max timer
V (7963) wifi:back home chan=<1,0>, current chan=<6,0>
V (7963) wifi:ht20 freq=2412, chan=1
D (7963) event: running post WIFI_EVENT:20 with handler 0x4200a610 and context 0x3fcaf350 on loop 0x3fcae0c4[0m
D (7973) event: running post WIFI_EVENT:20 with handler 0x42017540 and context 0x3fcb9948 on loop 0x3fcae0c4[0m
V (7983) esp_adapter: thread sem get: sem=0x3fcb9c58[0m
V (7983) wifi:change: chan<6,0>, dur<0,500>
V (7993) wifi:ht20 freq=2437, chan=6
V (7993) wifi:enter start op, arg=0x42017358
V (7993) wifi:start max timer
V (8343) esp_adapter: thread sem get: sem=0x3fcb9c58[0m
V (8343) wifi:back home chan=<1,0>, current chan=<6,0>
V (8343) wifi:ht20 freq=2412, chan=1
V (8343) wifi:back home chan=<1,0>, current chan=<1,0>
D (8343) event: runV (8343) intr_alloc: esp_intr_alloc_intrstatus (cpu 1): checking args[0m
V (8353) intr_alloc: esp_intr_alloc_intrstatus (cpu 1): Args okay. Resulting flags 0xE[0m
nD (8363) intr_alloc: Connected src 76 to int 4 (cpu 1)[0m
ing post WIFI_EVV (8373) intr_alloc: esp_intr_alloc_intrstatus (cpu 1): checking args[0m
V (8373) intr_alloc: esp_intr_alloc_intrstatus (cpu 1): Args okay. Resulting flags 0xE[0m
D (8383) intr_alloc: Connected src 77 to int 9 (cpu 1)[0m
ENT:20 with handler 0x4200a610 and context 0x3fcaf350 on loop 0x3fcae0c4[0m
D (8393) event: running post WIFI_EVENT:20 with handler 0x42017540 and context 0x3fcb9948 on loop 0x3fcae0c4[0m
V (8753) esp_adapter: thread sem get: sem=0x3fcb9c58[0m
V (8763) wifi:change: chan<6,0>, dur<0,500>
V (8763) wifi:ht20 freq=2437, chan=6
V (8763) wifi:enter start op, arg=0x3fcbb738
V (8763) wifi:start max timer
D (8773) event: running post WIFI_EVENT:19 with handler 0x4200a610 and context 0x3fcaf350 on loop 0x3fcae0c4[0m
D (8773) event: running post WIFI_EVENT:19 with handler 0x42017540 and context 0x3fcb9918 on loop 0x3fcae0c4[0m
V (9263) wifi:back home chan=<1,0>, current chan=<6,0>
V (9263) wifi:ht20 freq=2412, chan=1
[0;32mI (9763) wifi dpp-enrollee: DPP Auth failed (Reason: ESP_ERR_DPP_AUTH_TIMEOUT), retry...[0m
V (9763) esp_adapter: thread sem get: sem=0x3fcb9c58[0m
V (9773) wifi:change: chan<6,0>, dur<0,500>
V (9773) wifi:ht20 freq=2437, chan=6
V (9773) wifi:enter start op, arg=0x42017358
V (9783) wifi:start max timer
V (10183) esp_adapter: thread sem get: sem=0x3fcb9c58[0m
V (10183) wifi:back home chan=<1,0>, current chan=<6,0>
V (10183) wifi:ht20 freq=2412, chan=1
V (10193) wifi:back home chan=<1,0>, current chan=<1,0>
[0;32mI (10193) wifi dpp-enrollee: DPP Auth failed (Reason: ESP_ERR_DPP_FAILURE), retry...[0m
D (10193) event: running post WIFI_EVENT:20 with handler 0x4200a610 and context 0x3fcaf350 on loop 0x3fcae0c4[0m
V (10203) esp_adapter: thread sem get: sem=0x3fcb9c58[0m
D (10213) event: running post WIFI_EVENT:20 with handler 0x42017540 and context 0x3fcb9948 on loop 0x3fcae0c4[0m
V (10213) wifi:change: chan<6,0>, dur<0,500>
V (10233) wifi:ht20 freq=2437, chan=6
V (10233) wifi:enter start op, arg=0x42017358
V (10233) wifi:start max timer
V (10743) wifi:back home chan=<1,0>, current chan=<6,0>
V (10743) wifi:ht20 freq=2412, chan=1
D (10743) event: running post WIFI_EVENT:20 with handler 0x4200a610 and context 0x3fcaf350 on loop 0x3fcae0c4[0m
D (10753) event: running post WIFI_EVENT:20 with handler 0x42017540 and context 0x3fcb9948 on loop 0x3fcae0c4[0m
V (10763) esp_adapter: thread sem get: sem=0x3fcb9c58[0m
V (10763) wifi:change: chan<6,0>, dur<0,500>
V (10763) wifi:ht20 freq=2437, chan=6
V (10773) wifi:enter start op, arg=0x42017358
V (10773) wifi:start max timer
V (11273) wifi:back home chan=<1,0>, current chan=<6,0>
V (11283) wifi:ht20 freq=2412, chan=1
D (11283) event: running post WIFI_EVENT:20 with handler 0x4200a610 and context 0x3fcaf350 on loop 0x3fcae0c4[0m
D (11283) event: running post WIFI_EVENT:20 with handler 0x42017540 and context 0x3fcb9948 on loop 0x3fcae0c4[0m
V (11293) esp_adapter: thread sem get: sem=0x3fcb9c58[0m
V (11303) wifi:change: chan<6,0>, dur<0,500>
V (11303) wifi:ht20 freq=2437, chan=6
V (11313) wifi:enter start op, arg=0x42017358
V (11313) wifi:start max timer
V (11813) wifi:back home chan=<1,0>, current chan=<6,0>
V (11813) wifi:ht20 freq=2412, chan=1
D (11813) event: running post WIFI_EVENT:20 with handler 0x4200a610 and context 0x3fcaf350 on loop 0x3fcae0c4[0m
D (11823) event: running post WIFI_EVENT:20 with handler 0x42017540 and context 0x3fcb9948 on loop 0x3fcae0c4[0m
V (11833) esp_adapter: thread sem get: sem=0x3fcb9c58[0m
V (11833) wifi:change: chan<6,0>, dur<0,500>
V (11843) wifi:ht20 freq=2437, chan=6
V (11843) wifi:enter start op, arg=0x42017358
V (11853) wifi:start max timer
V (12353) wifi:back home chan=<1,0>, current chan=<6,0>
V (12353) wifi:ht20 freq=2412, chan=1
D (12353) event: running post WIFI_EVENT:20 with handler 0x4200a610 and context 0x3fcaf350 on loop 0x3fcae0c4[0m
D (12363) event: running post WIFI_EVENT:20 with handler 0x42017540 and context 0x3fcb9948 on loop 0x3fcae0c4[0m
V (12373) esp_adapter: thread sem get: sem=0x3fcb9c58[0m
V (12373) wifi:change: chan<6,0>, dur<0,500>
V (12383) wifi:ht20 freq=2437, chan=6
V (12383) wifi:enter start op, arg=0x42017358
V (12383) wifi:start max timer
V (12893) wifi:back home chan=<1,0>, current chan=<6,0>
V (12893) wifi:ht20 freq=2412, chan=1
D (12893) event: running post WIFI_EVENT:20 with handler 0x4200a610 and context 0x3fcaf350 on loop 0x3fcae0c4[0m
D (12893) event: running post WIFI_EVENT:20 with handler 0x42017540 and context 0x3fcb9948 on loop 0x3fcae0c4[0m
V (12903) esp_adapter: thread sem get: sem=0x3fcb9c58[0m
V (12913) wifi:change: chan<6,0>, dur<0,500>
V (12913) wifi:ht20 freq=2437, chan=6
V (12923) wifi:enter start op, arg=0x42017358
V (12923) wifi:start max timer
V (13423) wifi:back home chan=<1,0>, current chan=<6,0>
V (13423) wifi:ht20 freq=2412, chan=1
D (13423) event: running post WIFI_EVENT:20 with handler 0x4200a610 and context 0x3fcaf350 on loop 0x3fcae0c4[0m
D (13433) event: running post WIFI_EVENT:20 with handler 0x42017540 and context 0x3fcb9948 on loop 0x3fcae0c4[0m
V (13443) esp_adapter: thread sem get: sem=0x3fcb9c58[0m
V (13453) wifi:change: chan<6,0>, dur<0,500>
V (13453) wifi:ht20 freq=2437, chan=6
V (13453) wifi:enter start op, arg=0x42017358
V (13463) wifi:start max timer
V (13963) wifi:back home chan=<1,0>, current chan=<6,0>
V (13963) wifi:ht20 freq=2412, chan=1
D (13963) event: running post WIFI_EVENT:20 with handler 0x4200a610 and context 0x3fcaf350 on loop 0x3fcae0c4[0m
D (13973) event: running post WIFI_EVENT:20 with handler 0x42017540 and context 0x3fcb9948 on loop 0x3fcae0c4[0m
V (13983) esp_adapter: thread sem get: sem=0x3fcb9c58[0m
V (13983) wifi:change: chan<6,0>, dur<0,500>
V (13993) wifi:ht20 freq=2437, chan=6
V (13993) wifi:enter start op, arg=0x42017358
V (13993) wifi:start max timer
V (14503) wifi:back home chan=<1,0>, current chan=<6,0>
V (14503) wifi:ht20 freq=2412, chan=1
D (14503) event: running post WIFI_EVENT:20 with handler 0x4200a610 and context 0x3fcaf350 on loop 0x3fcae0c4[0m
D (14503) event: running post WIFI_EVENT:20 with handler 0x42017540 and context 0x3fcb9948 on loop 0x3fcae0c4[0m
V (14513) esp_adapter: thread sem get: sem=0x3fcb9c58[0m
V (14523) wifi:change: chan<6,0>, dur<0,500>
V (14523) wifi:ht20 freq=2437, chan=6
V (14533) wifi:enter start op, arg=0x42017358
V (14533) wifi:start max timer
V (15033) wifi:back home chan=<1,0>, current chan=<6,0>
V (15033) wifi:ht20 freq=2412, chan=1
D (15033) event: running post WIFI_EVENT:20 with handler 0x4200a610 and context 0x3fcaf350 on loop 0x3fcae0c4[0m
D (15043) event: running post WIFI_EVENT:20 with handler 0x42017540 and context 0x3fcb9948 on loop 0x3fcae0c4[0m
V (15053) esp_adapter: thread sem get: sem=0x3fcb9c58[0m
V (15063) wifi:change: chan<6,0>, dur<0,500>
V (15063) wifi:ht20 freq=2437, chan=6
V (15063) wifi:enter start op, arg=0x42017358
V (15073) wifi:start max timer
V (15573) wifi:back home chan=<1,0>, current chan=<6,0>
V (15573) wifi:ht20 freq=2412, chan=1
D (15573) event: running post WIFI_EVENT:20 with handler 0x4200a610 and context 0x3fcaf350 on loop 0x3fcae0c4[0m
D (15583) event: running post WIFI_EVENT:20 with handler 0x42017540 and context 0x3fcb9948 on loop 0x3fcae0c4[0m
V (15593) esp_adapter: thread sem get: sem=0x3fcb9c58[0m
V (15593) wifi:change: chan<6,0>, dur<0,500>
V (15603) wifi:ht20 freq=2437, chan=6
V (15603) wifi:enter start op, arg=0x42017358
V (15603) wifi:start max timer
V (16113) wifi:back home chan=<1,0>, current chan=<6,0>
V (16113) wifi:ht20 freq=2412, chan=1
D (16113) event: running post WIFI_EVENT:20 with handler 0x4200a610 and context 0x3fcaf350 on loop 0x3fcae0c4[0m
D (16113) event: running post WIFI_EVENT:20 with handler 0x42017540 and context 0x3fcb9948 on loop 0x3fcae0c4[0m
V (16123) esp_adapter: thread sem get: sem=0x3fcb9c58[0m
V (16133) wifi:change: chan<6,0>, dur<0,500>
V (16133) wifi:ht20 freq=2437, chan=6
V (16143) wifi:enter start op, arg=0x42017358
V (16143) wifi:start max timer
V (16643) wifi:back home chan=<1,0>, current chan=<6,0>
V (16643) wifi:ht20 freq=2412, chan=1
D (16653) event: running post WIFI_EVENT:20 with handler 0x4200a610 and context 0x3fcaf350 on loop 0x3fcae0c4[0m
D (16653) event: running post WIFI_EVENT:20 with handler 0x42017540 and context 0x3fcb9948 on loop 0x3fcae0c4[0m
V (16663) esp_adapter: thread sem get: sem=0x3fcb9c58[0m
V (16673) wifi:change: chan<6,0>, dur<0,500>
V (16673) wifi:ht20 freq=2437, chan=6
V (16673) wifi:enter start op, arg=0x42017358
V (16683) wifi:start max timer
V (17183) wifi:back home chan=<1,0>, current chan=<6,0>
V (17183) wifi:ht20 freq=2412, chan=1
D (17183) event: running post WIFI_EVENT:20 with handler 0x4200a610 and context 0x3fcaf350 on loop 0x3fcae0c4[0m
D (17193) event: running post WIFI_EVENT:20 with handler 0x42017540 and context 0x3fcb9948 on loop 0x3fcae0c4[0m
V (17203) esp_adapter: thread sem get: sem=0x3fcb9c58[0m
V (17203) wifi:change: chan<6,0>, dur<0,500>
V (17213) wifi:ht20 freq=2437, chan=6
V (17213) wifi:enter start op, arg=0x42017358
V (17223) wifi:start max timer
V (17723) wifi:back home chan=<1,0>, current chan=<6,0>
V (17723) wifi:ht20 freq=2412, chan=1
D (17723) event: running post WIFI_EVENT:20 with handler 0x4200a610 and context 0x3fcaf350 on loop 0x3fcae0c4[0m
D (17733) event: running post WIFI_EVENT:20 with handler 0x42017540 and context 0x3fcb9948 on loop 0x3fcae0c4[0m
V (17743) esp_adapter: thread sem get: sem=0x3fcb9c58[0m
V (17743) wifi:change: chan<6,0>, dur<0,500>
V (17743) wifi:ht20 freq=2437, chan=6
V (17753) wifi:enter start op, arg=0x42017358
V (17753) wifi:start max timer
V (18253) wifi:back home chan=<1,0>, current chan=<6,0>
V (18263) wifi:ht20 freq=2412, chan=1
D (18263) event: running post WIFI_EVENT:20 with handler 0x4200a610 and context 0x3fcaf350 on loop 0x3fcae0c4[0m
D (18263) event: running post WIFI_EVENT:20 with handler 0x42017540 and context 0x3fcb9948 on loop 0x3fcae0c4[0m
V (18273) esp_adapter: thread sem get: sem=0x3fcb9c58[0m
V (18283) wifi:change: chan<6,0>, dur<0,500>
V (18283) wifi:ht20 freq=2437, chan=6
V (18293) wifi:enter start op, arg=0x42017358
V (18293) wifi:start max timer
V (18793) wifi:back home chan=<1,0>, current chan=<6,0>
V (18793) wifi:ht20 freq=2412, chan=1
D (18793) event: running post WIFI_EVENT:20 with handler 0x4200a610 and context 0x3fcaf350 on loop 0x3fcae0c4[0m
D (18803) event: running post WIFI_EVENT:20 with handler 0x42017540 and context 0x3fcb9948 on loop 0x3fcae0c4[0m
V (18813) esp_adapter: thread sem get: sem=0x3fcb9c58[0m
V (18813) wifi:change: chan<6,0>, dur<0,500>
V (18823) wifi:ht20 freq=2437, chan=6
V (18823) wifi:enter start op, arg=0x42017358
V (18833) wifi:start max timer
V (19333) wifi:back home chan=<1,0>, current chan=<6,0>
V (19333) wifi:ht20 freq=2412, chan=1
D (19333) event: running post WIFI_EVENT:20 with handler 0x4200a610 and context 0x3fcaf350 on loop 0x3fcae0c4[0m
D (19343) event: running post WIFI_EVENT:20 with handler 0x42017540 and context 0x3fcb9948 on loop 0x3fcae0c4[0m
V (19353) esp_adapter: thread sem get: sem=0x3fcb9c58[0m
V (19353) wifi:change: chan<6,0>, dur<0,500>
V (19363) wifi:ht20 freq=2437, chan=6
V (19363) wifi:enter start op, arg=0x42017358
V (19363) wifi:start max timer
V (19873) wifi:back home chan=<1,0>, current chan=<6,0>
V (19873) wifi:ht20 freq=2412, chan=1
D (19873) event: running post WIFI_EVENT:20 with handler 0x4200a610 and context 0x3fcaf350 on loop 0x3fcae0c4[0m
D (19873) event: running post WIFI_EVENT:20 with handler 0x42017540 and context 0x3fcb9948 on loop 0x3fcae0c4[0m
V (19883) esp_adapter: thread sem get: sem=0x3fcb9c58[0m
V (19893) wifi:change: chan<6,0>, dur<0,500>
V (19893) wifi:ht20 freq=2437, chan=6
V (19903) wifi:enter start op, arg=0x42017358
V (19903) wifi:start max timer
V (20403) wifi:back home chan=<1,0>, current chan=<6,0>
V (20403) wifi:ht20 freq=2412, chan=1
D (20403) event: running post WIFI_EVENT:20 with handler 0x4200a610 and context 0x3fcaf350 on loop 0x3fcae0c4[0m
D (20413) event: running post WIFI_EVENT:20 with handler 0x42017540 and context 0x3fcb9948 on loop 0x3fcae0c4[0m
V (20423) esp_adapter: thread sem get: sem=0x3fcb9c58[0m
V (20433) wifi:change: chan<6,0>, dur<0,500>
V (20433) wifi:ht20 freq=2437, chan=6
V (20433) wifi:enter start op, arg=0x42017358
V (20443) wifi:start max timer
V (20943) wifi:back home chan=<1,0>, current chan=<6,0>
V (20943) wifi:ht20 freq=2412, chan=1
D (20943) event: running post WIFI_EVENT:20 with handler 0x4200a610 and context 0x3fcaf350 on loop 0x3fcae0c4[0m
D (20953) event: running post WIFI_EVENT:20 with handler 0x42017540 and context 0x3fcb9948 on loop 0x3fcae0c4[0m
V (20963) esp_adapter: thread sem get: sem=0x3fcb9c58[0m
V (20963) wifi:change: chan<6,0>, dur<0,500>
V (20973) wifi:ht20 freq=2437, chan=6
V (20973) wifi:enter start op, arg=0x42017358
V (20973) wifi:start max timer
V (21483) wifi:back home chan=<1,0>, current chan=<6,0>
V (21483) wifi:ht20 freq=2412, chan=1
D (21483) event: running post WIFI_EVENT:20 with handler 0x4200a610 and context 0x3fcaf350 on loop 0x3fcae0c4[0m
D (21483) event: running post WIFI_EVENT:20 with handler 0x42017540 and context 0x3fcb9948 on loop 0x3fcae0c4[0m
V (21493) esp_adapter: thread sem get: sem=0x3fcb9c58[0m
V (21503) wifi:change: chan<6,0>, dur<0,500>
V (21503) wifi:ht20 freq=2437, chan=6
V (21513) wifi:enter start op, arg=0x42017358
V (21513) wifi:start max timer
V (22013) wifi:back home chan=<1,0>, current chan=<6,0>
V (22013) wifi:ht20 freq=2412, chan=1
D (22013) event: running post WIFI_EVENT:20 with handler 0x4200a610 and context 0x3fcaf350 on loop 0x3fcae0c4[0m
D (22023) event: running post WIFI_EVENT:20 with handler 0x42017540 and context 0x3fcb9948 on loop 0x3fcae0c4[0m
V (22033) esp_adapter: thread sem get: sem=0x3fcb9c58[0m
V (22043) wifi:change: chan<6,0>, dur<0,500>
V (22043) wifi:ht20 freq=2437, chan=6
V (22043) wifi:enter start op, arg=0x42017358
V (22053) wifi:start max timer
V (22553) wifi:back home chan=<1,0>, current chan=<6,0>
V (22553) wifi:ht20 freq=2412, chan=1
D (22553) event: running post WIFI_EVENT:20 with handler 0x4200a610 and context 0x3fcaf350 on loop 0x3fcae0c4[0m
D (22563) event: running post WIFI_EVENT:20 with handler 0x42017540 and context 0x3fcb9948 on loop 0x3fcae0c4[0m
V (22573) esp_adapter: thread sem get: sem=0x3fcb9c58[0m
V (22573) wifi:change: chan<6,0>, dur<0,500>
V (22583) wifi:ht20 freq=2437, chan=6
V (22583) wifi:enter start op, arg=0x42017358
V (22583) wifi:start max timer
V (23093) wifi:back home chan=<1,0>, current chan=<6,0>
V (23093) wifi:ht20 freq=2412, chan=1
D (23093) event: running post WIFI_EVENT:20 with handler 0x4200a610 and context 0x3fcaf350 on loop 0x3fcae0c4[0m
D (23093) event: running post WIFI_EVENT:20 with handler 0x42017540 and context 0x3fcb9948 on loop 0x3fcae0c4[0m
V (23103) esp_adapter: thread sem get: sem=0x3fcb9c58[0m
V (23113) wifi:change: chan<6,0>, dur<0,500>
V (23113) wifi:ht20 freq=2437, chan=6
V (23123) wifi:enter start op, arg=0x42017358
V (23123) wifi:start max timer
V (23623) wifi:back home chan=<1,0>, current chan=<6,0>
V (23623) wifi:ht20 freq=2412, chan=1
D (23633) event: running post WIFI_EVENT:20 with handler 0x4200a610 and context 0x3fcaf350 on loop 0x3fcae0c4[0m
D (23633) event: running post WIFI_EVENT:20 with handler 0x42017540 and context 0x3fcb9948 on loop 0x3fcae0c4[0m
V (23643) esp_adapter: thread sem get: sem=0x3fcb9c58[0m
V (23653) wifi:change: chan<6,0>, dur<0,500>
V (23653) wifi:ht20 freq=2437, chan=6
V (23653) wifi:enter start op, arg=0x42017358
V (23663) wifi:start max timer
V (24163) wifi:back home chan=<1,0>, current chan=<6,0>
V (24163) wifi:ht20 freq=2412, chan=1
D (24163) event: running post WIFI_EVENT:20 with handler 0x4200a610 and context 0x3fcaf350 on loop 0x3fcae0c4[0m
D (24173) event: running post WIFI_EVENT:20 with handler 0x42017540 and context 0x3fcb9948 on loop 0x3fcae0c4[0m
V (24183) esp_adapter: thread sem get: sem=0x3fcb9c58[0m
V (24183) wifi:change: chan<6,0>, dur<0,500>
V (24193) wifi:ht20 freq=2437, chan=6
V (24193) wifi:enter start op, arg=0x42017358
V (24193) wifi:start max timer
V (24703) wifi:back home chan=<1,0>, current chan=<6,0>
V (24703) wifi:ht20 freq=2412, chan=1
D (24703) event: running post WIFI_EVENT:20 with handler 0x4200a610 and context 0x3fcaf350 on loop 0x3fcae0c4[0m
D (24713) event: running post WIFI_EVENT:20 with handler 0x42017540 and context 0x3fcb9948 on loop 0x3fcae0c4[0m
V (24723) esp_adapter: thread sem get: sem=0x3fcb9c58[0m
V (24723) wifi:change: chan<6,0>, dur<0,500>
V (24723) wifi:ht20 freq=2437, chan=6
V (24733) wifi:enter start op, arg=0x42017358
V (24733) wifi:start max timer
V (25233) wifi:back home chan=<1,0>, current chan=<6,0>
V (25243) wifi:ht20 freq=2412, chan=1
D (25243) event: running post WIFI_EVENT:20 with handler 0x4200a610 and context 0x3fcaf350 on loop 0x3fcae0c4[0m
D (25243) event: running post WIFI_EVENT:20 with handler 0x42017540 and context 0x3fcb9948 on loop 0x3fcae0c4[0m
V (25253) esp_adapter: thread sem get: sem=0x3fcb9c58[0m
V (25263) wifi:change: chan<6,0>, dur<0,500>
V (25263) wifi:ht20 freq=2437, chan=6
V (25263) wifi:enter start op, arg=0x42017358
V (25273) wifi:start max timer
V (25773) wifi:back home chan=<1,0>, current chan=<6,0>
V (25773) wifi:ht20 freq=2412, chan=1
D (25773) event: running post WIFI_EVENT:20 with handler 0x4200a610 and context 0x3fcaf350 on loop 0x3fcae0c4[0m
D (25783) event: running post WIFI_EVENT:20 with handler 0x42017540 and context 0x3fcb9948 on loop 0x3fcae0c4[0m
V (25793) esp_adapter: thread sem get: sem=0x3fcb9c58[0m
V (25793) wifi:change: chan<6,0>, dur<0,500>
V (25803) wifi:ht20 freq=2437, chan=6
V (25803) wifi:enter start op, arg=0x42017358
V (25813) wifi:start max timer
V (26313) wifi:back home chan=<1,0>, current chan=<6,0>
V (26313) wifi:ht20 freq=2412, chan=1
D (26313) event: running post WIFI_EVENT:20 with handler 0x4200a610 and context 0x3fcaf350 on loop 0x3fcae0c4[0m
D (26323) event: running post WIFI_EVENT:20 with handler 0x42017540 and context 0x3fcb9948 on loop 0x3fcae0c4[0m
V (26333) esp_adapter: thread sem get: sem=0x3fcb9c58[0m
V (26333) wifi:change: chan<6,0>, dur<0,500>
V (26343) wifi:ht20 freq=2437, chan=6
V (26343) wifi:enter start op, arg=0x42017358
V (26343) wifi:start max timer
V (26853) wifi:back home chan=<1,0>, current chan=<6,0>
V (26853) wifi:ht20 freq=2412, chan=1
D (26853) event: running post WIFI_EVENT:20 with handler 0x4200a610 and context 0x3fcaf350 on loop 0x3fcae0c4[0m
D (26853) event: running post WIFI_EVENT:20 with handler 0x42017540 and context 0x3fcb9948 on loop 0x3fcae0c4[0m
V (26863) esp_adapter: thread sem get: sem=0x3fcb9c58[0m
V (26873) wifi:change: chan<6,0>, dur<0,500>
V (26873) wifi:ht20 freq=2437, chan=6
V (26883) wifi:enter start op, arg=0x42017358
V (26883) wifi:start max timer
V (27383) wifi:back home chan=<1,0>, current chan=<6,0>
V (27383) wifi:ht20 freq=2412, chan=1
D (27383) event: running post WIFI_EVENT:20 with handler 0x4200a610 and context 0x3fcaf350 on loop 0x3fcae0c4[0m
D (27393) event: running post WIFI_EVENT:20 with handler 0x42017540 and context 0x3fcb9948 on loop 0x3fcae0c4[0m
V (27403) esp_adapter: thread sem get: sem=0x3fcb9c58[0m
V (27413) wifi:change: chan<6,0>, dur<0,500>
V (27413) wifi:ht20 freq=2437, chan=6
V (27413) wifi:enter start op, arg=0x42017358
V (27423) wifi:start max timer
V (27923) wifi:back home chan=<1,0>, current chan=<6,0>
V (27923) wifi:ht20 freq=2412, chan=1
D (27923) event: running post WIFI_EVENT:20 with handler 0x4200a610 and context 0x3fcaf350 on loop 0x3fcae0c4[0m
D (27933) event: running post WIFI_EVENT:20 with handler 0x42017540 and context 0x3fcb9948 on loop 0x3fcae0c4[0m
V (27943) esp_adapter: thread sem get: sem=0x3fcb9c58[0m
V (27943) wifi:change: chan<6,0>, dur<0,500>
V (27953) wifi:ht20 freq=2437, chan=6
V (27953) wifi:enter start op, arg=0x42017358
V (27953) wifi:start max timer
V (28463) wifi:back home chan=<1,0>, current chan=<6,0>
V (28463) wifi:ht20 freq=2412, chan=1
D (28463) event: running post WIFI_EVENT:20 with handler 0x4200a610 and context 0x3fcaf350 on loop 0x3fcae0c4[0m
D (28463) event: running post WIFI_EVENT:20 with handler 0x42017540 and context 0x3fcb9948 on loop 0x3fcae0c4[0m
V (28473) esp_adapter: thread sem get: sem=0x3fcb9c58[0m
V (28483) wifi:change: chan<6,0>, dur<0,500>
V (28483) wifi:ht20 freq=2437, chan=6
V (28493) wifi:enter start op, arg=0x42017358
V (28493) wifi:start max timer
V (28993) wifi:back home chan=<1,0>, current chan=<6,0>
V (28993) wifi:ht20 freq=2412, chan=1
D (28993) event: running post WIFI_EVENT:20 with handler 0x4200a610 and context 0x3fcaf350 on loop 0x3fcae0c4[0m
D (29003) event: running post WIFI_EVENT:20 with handler 0x42017540 and context 0x3fcb9948 on loop 0x3fcae0c4[0m
V (29013) esp_adapter: thread sem get: sem=0x3fcb9c58[0m
V (29023) wifi:change: chan<6,0>, dur<0,500>
V (29023) wifi:ht20 freq=2437, chan=6
V (29023) wifi:enter start op, arg=0x42017358
V (29033) wifi:start max timer
V (29533) wifi:back home chan=<1,0>, current chan=<6,0>
V (29533) wifi:ht20 freq=2412, chan=1
D (29533) event: running post WIFI_EVENT:20 with handler 0x4200a610 and context 0x3fcaf350 on loop 0x3fcae0c4[0m
D (29543) event: running post WIFI_EVENT:20 with handler 0x42017540 and context 0x3fcb9948 on loop 0x3fcae0c4[0m
V (29553) esp_adapter: thread sem get: sem=0x3fcb9c58[0m
V (29553) wifi:change: chan<6,0>, dur<0,500>
V (29563) wifi:ht20 freq=2437, chan=6
V (29563) wifi:enter start op, arg=0x42017358
V (29563) wifi:start max timer
V (30073) wifi:back home chan=<1,0>, current chan=<6,0>
V (30073) wifi:ht20 freq=2412, chan=1
D (30073) event: running post WIFI_EVENT:20 with handler 0x4200a610 and context 0x3fcaf350 on loop 0x3fcae0c4[0m
D (30073) event: running post WIFI_EVENT:20 with handler 0x42017540 and context 0x3fcb9948 on loop 0x3fcae0c4[0m
V (30083) esp_adapter: thread sem get: sem=0x3fcb9c58[0m
V (30093) wifi:change: chan<6,0>, dur<0,500>
V (30093) wifi:ht20 freq=2437, chan=6
V (30103) wifi:enter start op, arg=0x42017358
V (30103) wifi:start max timer
V (30603) wifi:back home chan=<1,0>, current chan=<6,0>
V (30603) wifi:ht20 freq=2412, chan=1
D (30613) event: running post WIFI_EVENT:20 with handler 0x4200a610 and context 0x3fcaf350 on loop 0x3fcae0c4[0m
D (30613) event: running post WIFI_EVENT:20 with handler 0x42017540 and context 0x3fcb9948 on loop 0x3fcae0c4[0m
V (30623) esp_adapter: thread sem get: sem=0x3fcb9c58[0m
V (30633) wifi:change: chan<6,0>, dur<0,500>
V (30633) wifi:ht20 freq=2437, chan=6
V (30633) wifi:enter start op, arg=0x42017358
V (30643) wifi:start max timer
V (31143) wifi:back home chan=<1,0>, current chan=<6,0>
V (31143) wifi:ht20 freq=2412, chan=1
D (31143) event: running post WIFI_EVENT:20 with handler 0x4200a610 and context 0x3fcaf350 on loop 0x3fcae0c4[0m
D (31153) event: running post WIFI_EVENT:20 with handler 0x42017540 and context 0x3fcb9948 on loop 0x3fcae0c4[0m
V (31163) esp_adapter: thread sem get: sem=0x3fcb9c58[0m
V (31163) wifi:change: chan<6,0>, dur<0,500>
V (31173) wifi:ht20 freq=2437, chan=6
V (31173) wifi:enter start op, arg=0x42017358
V (31173) wifi:start max timer
V (31683) wifi:back home chan=<1,0>, current chan=<6,0>
V (31683) wifi:ht20 freq=2412, chan=1
D (31683) event: running post WIFI_EVENT:20 with handler 0x4200a610 and context 0x3fcaf350 on loop 0x3fcae0c4[0m
D (31693) event: running post WIFI_EVENT:20 with handler 0x42017540 and context 0x3fcb9948 on loop 0x3fcae0c4[0m
V (31703) esp_adapter: thread sem get: sem=0x3fcb9c58[0m
V (31703) wifi:change: chan<6,0>, dur<0,500>
V (31703) wifi:ht20 freq=2437, chan=6
V (31713) wifi:enter start op, arg=0x42017358
V (31713) wifi:start max timer
V (32213) wifi:back home chan=<1,0>, current chan=<6,0>
V (32213) wifi:ht20 freq=2412, chan=1
D (32223) event: running post WIFI_EVENT:20 with handler 0x4200a610 and context 0x3fcaf350 on loop 0x3fcae0c4[0m
D (32223) event: running post WIFI_EVENT:20 with handler 0x42017540 and context 0x3fcb9948 on loop 0x3fcae0c4[0m
V (32233) esp_adapter: thread sem get: sem=0x3fcb9c58[0m
V (32243) wifi:change: chan<6,0>, dur<0,500>
V (32243) wifi:ht20 freq=2437, chan=6
V (32243) wifi:enter start op, arg=0x42017358
V (32253) wifi:start max timer
V (32753) wifi:back home chan=<1,0>, current chan=<6,0>
V (32753) wifi:ht20 freq=2412, chan=1
D (32753) event: running post WIFI_EVENT:20 with handler 0x4200a610 and context 0x3fcaf350 on loop 0x3fcae0c4[0m
D (32763) event: running post WIFI_EVENT:20 with handler 0x42017540 and context 0x3fcb9948 on loop 0x3fcae0c4[0m
V (32773) esp_adapter: thread sem get: sem=0x3fcb9c58[0m
V (32773) wifi:change: chan<6,0>, dur<0,500>
V (32783) wifi:ht20 freq=2437, chan=6
V (32783) wifi:enter start op, arg=0x42017358
V (32793) wifi:start max timer
V (33293) wifi:back home chan=<1,0>, current chan=<6,0>
V (33293) wifi:ht20 freq=2412, chan=1
D (33293) event: running post WIFI_EVENT:20 with handler 0x4200a610 and context 0x3fcaf350 on loop 0x3fcae0c4[0m
D (33303) event: running post WIFI_EVENT:20 with handler 0x42017540 and context 0x3fcb9948 on loop 0x3fcae0c4[0m
V (33313) esp_adapter: thread sem get: sem=0x3fcb9c58[0m
V (33313) wifi:change: chan<6,0>, dur<0,500>
V (33313) wifi:ht20 freq=2437, chan=6
V (33323) wifi:enter start op, arg=0x42017358
V (33323) wifi:start max timer
V (33833) wifi:back home chan=<1,0>, current chan=<6,0>
V (33833) wifi:ht20 freq=2412, chan=1
D (33833) event: running post WIFI_EVENT:20 with handler 0x4200a610 and context 0x3fcaf350 on loop 0x3fcae0c4[0m
D (33833) event: running post WIFI_EVENT:20 with handler 0x42017540 and context 0x3fcb9948 on loop 0x3fcae0c4[0m
V (33843) esp_adapter: thread sem get: sem=0x3fcb9c58[0m
V (33853) wifi:change: chan<6,0>, dur<0,500>
V (33853) wifi:ht20 freq=2437, chan=6
V (33863) wifi:enter start op, arg=0x42017358
V (33863) wifi:start max timer
V (34363) wifi:back home chan=<1,0>, current chan=<6,0>
V (34363) wifi:ht20 freq=2412, chan=1
D (34363) event: running post WIFI_EVENT:20 with handler 0x4200a610 and context 0x3fcaf350 on loop 0x3fcae0c4[0m
D (34373) event: running post WIFI_EVENT:20 with handler 0x42017540 and context 0x3fcb9948 on loop 0x3fcae0c4[0m
V (34383) esp_adapter: thread sem get: sem=0x3fcb9c58[0m
V (34393) wifi:change: chan<6,0>, dur<0,500>
V (34393) wifi:ht20 freq=2437, chan=6
V (34393) wifi:enter start op, arg=0x42017358
V (34403) wifi:start max timer
V (34903) wifi:back home chan=<1,0>, current chan=<6,0>
V (34903) wifi:ht20 freq=2412, chan=1
D (34903) event: running post WIFI_EVENT:20 with handler 0x4200a610 and context 0x3fcaf350 on loop 0x3fcae0c4[0m
D (34913) event: running post WIFI_EVENT:20 with handler 0x42017540 and context 0x3fcb9948 on loop 0x3fcae0c4[0m
V (34923) esp_adapter: thread sem get: sem=0x3fcb9c58[0m
V (34923) wifi:change: chan<6,0>, dur<0,500>
V (34933) wifi:ht20 freq=2437, chan=6
V (34933) wifi:enter start op, arg=0x42017358
V (34933) wifi:start max timer
V (35443) wifi:back home chan=<1,0>, current chan=<6,0>
V (35443) wifi:ht20 freq=2412, chan=1
D (35443) event: running post WIFI_EVENT:20 with handler 0x4200a610 and context 0x3fcaf350 on loop 0x3fcae0c4[0m
D (35443) event: running post WIFI_EVENT:20 with handler 0x42017540 and context 0x3fcb9948 on loop 0x3fcae0c4[0m
V (35453) esp_adapter: thread sem get: sem=0x3fcb9c58[0m
V (35463) wifi:change: chan<6,0>, dur<0,500>
V (35463) wifi:ht20 freq=2437, chan=6
V (35473) wifi:enter start op, arg=0x42017358
V (35473) wifi:start max timer
V (35973) wifi:back home chan=<1,0>, current chan=<6,0>
V (35973) wifi:ht20 freq=2412, chan=1
D (35973) event: running post WIFI_EVENT:20 with handler 0x4200a610 and context 0x3fcaf350 on loop 0x3fcae0c4[0m
D (35983) event: running post WIFI_EVENT:20 with handler 0x42017540 and context 0x3fcb9948 on loop 0x3fcae0c4[0m
V (35993) esp_adapter: thread sem get: sem=0x3fcb9c58[0m
V (36003) wifi:change: chan<6,0>, dur<0,500>
V (36003) wifi:ht20 freq=2437, chan=6
V (36003) wifi:enter start op, arg=0x42017358
V (36013) wifi:start max timer
V (36513) wifi:back home chan=<1,0>, current chan=<6,0>
V (36513) wifi:ht20 freq=2412, chan=1
D (36513) event: running post WIFI_EVENT:20 with handler 0x4200a610 and context 0x3fcaf350 on loop 0x3fcae0c4[0m
D (36523) event: running post WIFI_EVENT:20 with handler 0x42017540 and context 0x3fcb9948 on loop 0x3fcae0c4[0m
V (36533) esp_adapter: thread sem get: sem=0x3fcb9c58[0m
V (36533) wifi:change: chan<6,0>, dur<0,500>
V (36543) wifi:ht20 freq=2437, chan=6
V (36543) wifi:enter start op, arg=0x42017358
V (36543) wifi:start max timer
V (37053) wifi:back home chan=<1,0>, current chan=<6,0>
V (37053) wifi:ht20 freq=2412, chan=1
D (37053) event: running post WIFI_EVENT:20 with handler 0x4200a610 and context 0x3fcaf350 on loop 0x3fcae0c4[0m
D (37053) event: running post WIFI_EVENT:20 with handler 0x42017540 and context 0x3fcb9948 on loop 0x3fcae0c4[0m
V (37063) esp_adapter: thread sem get: sem=0x3fcb9c58[0m
V (37073) wifi:change: chan<6,0>, dur<0,500>
V (37073) wifi:ht20 freq=2437, chan=6
V (37083) wifi:enter start op, arg=0x42017358
V (37083) wifi:start max timer
V (37583) wifi:back home chan=<1,0>, current chan=<6,0>
V (37583) wifi:ht20 freq=2412, chan=1
D (37583) event: running post WIFI_EVENT:20 with handler 0x4200a610 and context 0x3fcaf350 on loop 0x3fcae0c4[0m
D (37593) event: running post WIFI_EVENT:20 with handler 0x42017540 and context 0x3fcb9948 on loop 0x3fcae0c4[0m
V (37603) esp_adapter: thread sem get: sem=0x3fcb9c58[0m
V (37613) wifi:change: chan<6,0>, dur<0,500>
V (37613) wifi:ht20 freq=2437, chan=6
V (37613) wifi:enter start op, arg=0x42017358
V (37623) wifi:start max timer
V (38123) wifi:back home chan=<1,0>, current chan=<6,0>
V (38123) wifi:ht20 freq=2412, chan=1
D (38123) event: running post WIFI_EVENT:20 with handler 0x4200a610 and context 0x3fcaf350 on loop 0x3fcae0c4[0m
D (38133) event: running post WIFI_EVENT:20 with handler 0x42017540 and context 0x3fcb9948 on loop 0x3fcae0c4[0m
V (38143) esp_adapter: thread sem get: sem=0x3fcb9c58[0m
V (38143) wifi:change: chan<6,0>, dur<0,500>
V (38153) wifi:ht20 freq=2437, chan=6
V (38153) wifi:enter start op, arg=0x42017358
V (38153) wifi:start max timer
V (38663) wifi:back home chan=<1,0>, current chan=<6,0>
V (38663) wifi:ht20 freq=2412, chan=1
D (38663) event: running post WIFI_EVENT:20 with handler 0x4200a610 and context 0x3fcaf350 on loop 0x3fcae0c4[0m
D (38673) event: running post WIFI_EVENT:20 with handler 0x42017540 and context 0x3fcb9948 on loop 0x3fcae0c4[0m
V (38683) esp_adapter: thread sem get: sem=0x3fcb9c58[0m
V (38683) wifi:change: chan<6,0>, dur<0,500>
V (38683) wifi:ht20 freq=2437, chan=6
V (38693) wifi:enter start op, arg=0x42017358
V (38693) wifi:start max timer
V (39193) wifi:back home chan=<1,0>, current chan=<6,0>
V (39193) wifi:ht20 freq=2412, chan=1
D (39203) event: running post WIFI_EVENT:20 with handler 0x4200a610 and context 0x3fcaf350 on loop 0x3fcae0c4[0m
D (39203) event: running post WIFI_EVENT:20 with handler 0x42017540 and context 0x3fcb9948 on loop 0x3fcae0c4[0m
V (39213) esp_adapter: thread sem get: sem=0x3fcb9c58[0m
V (39223) wifi:change: chan<6,0>, dur<0,500>
V (39223) wifi:ht20 freq=2437, chan=6
V (39223) wifi:enter start op, arg=0x42017358
V (39233) wifi:start max timer
V (39733) wifi:back home chan=<1,0>, current chan=<6,0>
V (39733) wifi:ht20 freq=2412, chan=1
D (39733) event: running post WIFI_EVENT:20 with handler 0x4200a610 and context 0x3fcaf350 on loop 0x3fcae0c4[0m
D (39743) event: running post WIFI_EVENT:20 with handler 0x42017540 and context 0x3fcb9948 on loop 0x3fcae0c4[0m
V (39753) esp_adapter: thread sem get: sem=0x3fcb9c58[0m
V (39753) wifi:change: chan<6,0>, dur<0,500>
V (39763) wifi:ht20 freq=2437, chan=6
V (39763) wifi:enter start op, arg=0x42017358
V (39773) wifi:start max timer
V (40273) wifi:back home chan=<1,0>, current chan=<6,0>
V (40273) wifi:ht20 freq=2412, chan=1
D (40273) event: running post WIFI_EVENT:20 with handler 0x4200a610 and context 0x3fcaf350 on loop 0x3fcae0c4[0m
D (40283) event: running post WIFI_EVENT:20 with handler 0x42017540 and context 0x3fcb9948 on loop 0x3fcae0c4[0m
V (40293) esp_adapter: thread sem get: sem=0x3fcb9c58[0m
V (40293) wifi:change: chan<6,0>, dur<0,500>
V (40293) wifi:ht20 freq=2437, chan=6
V (40303) wifi:enter start op, arg=0x42017358
V (40303) wifi:start max timer
V (40813) wifi:back home chan=<1,0>, current chan=<6,0>
V (40813) wifi:ht20 freq=2412, chan=1
D (40813) event: running post WIFI_EVENT:20 with handler 0x4200a610 and context 0x3fcaf350 on loop 0x3fcae0c4[0m
D (40813) event: running post WIFI_EVENT:20 with handler 0x42017540 and context 0x3fcb9948 on loop 0x3fcae0c4[0m
V (40823) esp_adapter: thread sem get: sem=0x3fcb9c58[0m
V (40833) wifi:change: chan<6,0>, dur<0,500>
V (40833) wifi:ht20 freq=2437, chan=6
V (40843) wifi:enter start op, arg=0x42017358
V (40843) wifi:start max timer
V (41343) wifi:back home chan=<1,0>, current chan=<6,0>
V (41343) wifi:ht20 freq=2412, chan=1
D (41343) event: running post WIFI_EVENT:20 with handler 0x4200a610 and context 0x3fcaf350 on loop 0x3fcae0c4[0m
D (41353) event: running post WIFI_EVENT:20 with handler 0x42017540 and context 0x3fcb9948 on loop 0x3fcae0c4[0m
V (41363) esp_adapter: thread sem get: sem=0x3fcb9c58[0m
V (41363) wifi:change: chan<6,0>, dur<0,500>
V (41373) wifi:ht20 freq=2437, chan=6
V (41373) wifi:enter start op, arg=0x42017358
V (41383) wifi:start max timer
V (41883) wifi:back home chan=<1,0>, current chan=<6,0>
V (41883) wifi:ht20 freq=2412, chan=1
D (41883) event: running post WIFI_EVENT:20 with handler 0x4200a610 and context 0x3fcaf350 on loop 0x3fcae0c4[0m
D (41893) event: running post WIFI_EVENT:20 with handler 0x42017540 and context 0x3fcb9948 on loop 0x3fcae0c4[0m
V (41903) esp_adapter: thread sem get: sem=0x3fcb9c58[0m
V (41903) wifi:change: chan<6,0>, dur<0,500>
V (41913) wifi:ht20 freq=2437, chan=6
V (41913) wifi:enter start op, arg=0x42017358
V (41913) wifi:start max timer
V (42423) wifi:back home chan=<1,0>, current chan=<6,0>
V (42423) wifi:ht20 freq=2412, chan=1
D (42423) event: running post WIFI_EVENT:20 with handler 0x4200a610 and context 0x3fcaf350 on loop 0x3fcae0c4[0m
D (42423) event: running post WIFI_EVENT:20 with handler 0x42017540 and context 0x3fcb9948 on loop 0x3fcae0c4[0m
V (42433) esp_adapter: thread sem get: sem=0x3fcb9c58[0m
V (42443) wifi:change: chan<6,0>, dur<0,500>
V (42443) wifi:ht20 freq=2437, chan=6
V (42453) wifi:enter start op, arg=0x42017358
V (42453) wifi:start max timer
V (42953) wifi:back home chan=<1,0>, current chan=<6,0>
V (42953) wifi:ht20 freq=2412, chan=1
D (42953) event: running post WIFI_EVENT:20 with handler 0x4200a610 and context 0x3fcaf350 on loop 0x3fcae0c4[0m
D (42963) event: running post WIFI_EVENT:20 with handler 0x42017540 and context 0x3fcb9948 on loop 0x3fcae0c4[0m
V (42973) esp_adapter: thread sem get: sem=0x3fcb9c58[0m
V (42983) wifi:change: chan<6,0>, dur<0,500>
V (42983) wifi:ht20 freq=2437, chan=6
V (42983) wifi:enter start op, arg=0x42017358
V (42993) wifi:start max timer
V (43493) wifi:back home chan=<1,0>, current chan=<6,0>
V (43493) wifi:ht20 freq=2412, chan=1
D (43493) event: running post WIFI_EVENT:20 with handler 0x4200a610 and context 0x3fcaf350 on loop 0x3fcae0c4[0m
D (43503) event: running post WIFI_EVENT:20 with handler 0x42017540 and context 0x3fcb9948 on loop 0x3fcae0c4[0m
V (43513) esp_adapter: thread sem get: sem=0x3fcb9c58[0m
V (43513) wifi:change: chan<6,0>, dur<0,500>
V (43523) wifi:ht20 freq=2437, chan=6
V (43523) wifi:enter start op, arg=0x42017358
V (43523) wifi:start max timer
V (44033) wifi:back home chan=<1,0>, current chan=<6,0>
V (44033) wifi:ht20 freq=2412, chan=1
D (44033) event: running post WIFI_EVENT:20 with handler 0x4200a610 and context 0x3fcaf350 on loop 0x3fcae0c4[0m
D (44033) event: running post WIFI_EVENT:20 with handler 0x42017540 and context 0x3fcb9948 on loop 0x3fcae0c4[0m
V (44043) esp_adapter: thread sem get: sem=0x3fcb9c58[0m
V (44053) wifi:change: chan<6,0>, dur<0,500>
V (44053) wifi:ht20 freq=2437, chan=6
V (44063) wifi:enter start op, arg=0x42017358
V (44063) wifi:start max timer
V (44563) wifi:back home chan=<1,0>, current chan=<6,0>
V (44563) wifi:ht20 freq=2412, chan=1
D (44563) event: running post WIFI_EVENT:20 with handler 0x4200a610 and context 0x3fcaf350 on loop 0x3fcae0c4[0m
D (44573) event: running post WIFI_EVENT:20 with handler 0x42017540 and context 0x3fcb9948 on loop 0x3fcae0c4[0m
V (44583) esp_adapter: thread sem get: sem=0x3fcb9c58[0m
V (44593) wifi:change: chan<6,0>, dur<0,500>
V (44593) wifi:ht20 freq=2437, chan=6
V (44593) wifi:enter start op, arg=0x42017358
V (44603) wifi:start max timer
V (45103) wifi:back home chan=<1,0>, current chan=<6,0>
V (45103) wifi:ht20 freq=2412, chan=1
D (45103) event: running post WIFI_EVENT:20 with handler 0x4200a610 and context 0x3fcaf350 on loop 0x3fcae0c4[0m
D (45113) event: running post WIFI_EVENT:20 with handler 0x42017540 and context 0x3fcb9948 on loop 0x3fcae0c4[0m
V (45123) esp_adapter: thread sem get: sem=0x3fcb9c58[0m
V (45123) wifi:change: chan<6,0>, dur<0,500>
V (45133) wifi:ht20 freq=2437, chan=6
V (45133) wifi:enter start op, arg=0x42017358
V (45133) wifi:start max timer
V (45643) wifi:back home chan=<1,0>, current chan=<6,0>
V (45643) wifi:ht20 freq=2412, chan=1
D (45643) event: running post WIFI_EVENT:20 with handler 0x4200a610 and context 0x3fcaf350 on loop 0x3fcae0c4[0m
D (45643) event: running post WIFI_EVENT:20 with handler 0x42017540 and context 0x3fcb9948 on loop 0x3fcae0c4[0m
V (45653) esp_adapter: thread sem get: sem=0x3fcb9c58[0m
V (45663) wifi:change: chan<6,0>, dur<0,500>
V (45663) wifi:ht20 freq=2437, chan=6
V (45673) wifi:enter start op, arg=0x42017358
V (45673) wifi:start max timer
V (46173) wifi:back home chan=<1,0>, current chan=<6,0>
V (46173) wifi:ht20 freq=2412, chan=1
D (46183) event: running post WIFI_EVENT:20 with handler 0x4200a610 and context 0x3fcaf350 on loop 0x3fcae0c4[0m
D (46183) event: running post WIFI_EVENT:20 with handler 0x42017540 and context 0x3fcb9948 on loop 0x3fcae0c4[0m
V (46193) esp_adapter: thread sem get: sem=0x3fcb9c58[0m
V (46203) wifi:change: chan<6,0>, dur<0,500>
V (46203) wifi:ht20 freq=2437, chan=6
V (46203) wifi:enter start op, arg=0x42017358
V (46213) wifi:start max timer
V (46713) wifi:back home chan=<1,0>, current chan=<6,0>
V (46713) wifi:ht20 freq=2412, chan=1
D (46713) event: running post WIFI_EVENT:20 with handler 0x4200a610 and context 0x3fcaf350 on loop 0x3fcae0c4[0m
D (46723) event: running post WIFI_EVENT:20 with handler 0x42017540 and context 0x3fcb9948 on loop 0x3fcae0c4[0m
V (46733) esp_adapter: thread sem get: sem=0x3fcb9c58[0m
V (46733) wifi:change: chan<6,0>, dur<0,500>
V (46743) wifi:ht20 freq=2437, chan=6
V (46743) wifi:enter start op, arg=0x42017358
V (46753) wifi:start max timer
V (47253) wifi:back home chan=<1,0>, current chan=<6,0>
V (47253) wifi:ht20 freq=2412, chan=1
D (47253) event: running post WIFI_EVENT:20 with handler 0x4200a610 and context 0x3fcaf350 on loop 0x3fcae0c4[0m
D (47263) event: running post WIFI_EVENT:20 with handler 0x42017540 and context 0x3fcb9948 on loop 0x3fcae0c4[0m
V (47273) esp_adapter: thread sem get: sem=0x3fcb9c58[0m
V (47273) wifi:change: chan<6,0>, dur<0,500>
V (47273) wifi:ht20 freq=2437, chan=6
V (47283) wifi:enter start op, arg=0x42017358
V (47283) wifi:start max timer
V (47783) wifi:back home chan=<1,0>, current chan=<6,0>
V (47793) wifi:ht20 freq=2412, chan=1
D (47793) event: running post WIFI_EVENT:20 with handler 0x4200a610 and context 0x3fcaf350 on loop 0x3fcae0c4[0m
D (47793) event: running post WIFI_EVENT:20 with handler 0x42017540 and context 0x3fcb9948 on loop 0x3fcae0c4[0m
V (47803) esp_adapter: thread sem get: sem=0x3fcb9c58[0m
V (47813) wifi:change: chan<6,0>, dur<0,500>
V (47813) wifi:ht20 freq=2437, chan=6
V (47823) wifi:enter start op, arg=0x42017358
V (47823) wifi:start max timer
V (48323) wifi:back home chan=<1,0>, current chan=<6,0>
V (48323) wifi:ht20 freq=2412, chan=1
D (48323) event: running post WIFI_EVENT:20 with handler 0x4200a610 and context 0x3fcaf350 on loop 0x3fcae0c4[0m
D (48333) event: running post WIFI_EVENT:20 with handler 0x42017540 and context 0x3fcb9948 on loop 0x3fcae0c4[0m
V (48343) esp_adapter: thread sem get: sem=0x3fcb9c58[0m
V (48343) wifi:change: chan<6,0>, dur<0,500>
V (48353) wifi:ht20 freq=2437, chan=6
V (48353) wifi:enter start op, arg=0x42017358
V (48363) wifi:start max timer
V (48863) wifi:back home chan=<1,0>, current chan=<6,0>
V (48863) wifi:ht20 freq=2412, chan=1
D (48863) event: running post WIFI_EVENT:20 with handler 0x4200a610 and context 0x3fcaf350 on loop 0x3fcae0c4[0m
D (48873) event: running post WIFI_EVENT:20 with handler 0x42017540 and context 0x3fcb9948 on loop 0x3fcae0c4[0m
V (48883) esp_adapter: thread sem get: sem=0x3fcb9c58[0m
V (48883) wifi:change: chan<6,0>, dur<0,500>
V (48893) wifi:ht20 freq=2437, chan=6
V (48893) wifi:enter start op, arg=0x42017358
V (48893) wifi:start max timer
V (49403) wifi:back home chan=<1,0>, current chan=<6,0>
V (49403) wifi:ht20 freq=2412, chan=1
D (49403) event: running post WIFI_EVENT:20 with handler 0x4200a610 and context 0x3fcaf350 on loop 0x3fcae0c4[0m
D (49403) event: running post WIFI_EVENT:20 with handler 0x42017540 and context 0x3fcb9948 on loop 0x3fcae0c4[0m
V (49413) esp_adapter: thread sem get: sem=0x3fcb9c58[0m
V (49423) wifi:change: chan<6,0>, dur<0,500>
V (49423) wifi:ht20 freq=2437, chan=6
V (49433) wifi:enter start op, arg=0x42017358
V (49433) wifi:start max timer
V (49933) wifi:back home chan=<1,0>, current chan=<6,0>
V (49933) wifi:ht20 freq=2412, chan=1
D (49933) event: running post WIFI_EVENT:20 with handler 0x4200a610 and context 0x3fcaf350 on loop 0x3fcae0c4[0m
D (49943) event: running post WIFI_EVENT:20 with handler 0x42017540 and context 0x3fcb9948 on loop 0x3fcae0c4[0m
V (49953) esp_adapter: thread sem get: sem=0x3fcb9c58[0m
V (49963) wifi:change: chan<6,0>, dur<0,500>
V (49963) wifi:ht20 freq=2437, chan=6
V (49963) wifi:enter start op, arg=0x42017358
V (49973) wifi:start max timer
V (50473) wifi:back home chan=<1,0>, current chan=<6,0>
V (50473) wifi:ht20 freq=2412, chan=1
D (50473) event: running post WIFI_EVENT:20 with handler 0x4200a610 and context 0x3fcaf350 on loop 0x3fcae0c4[0m
D (50483) event: running post WIFI_EVENT:20 with handler 0x42017540 and context 0x3fcb9948 on loop 0x3fcae0c4[0m
V (50493) esp_adapter: thread sem get: sem=0x3fcb9c58[0m
V (50493) wifi:change: chan<6,0>, dur<0,500>
V (50503) wifi:ht20 freq=2437, chan=6
V (50503) wifi:enter start op, arg=0x42017358
V (50503) wifi:start max timer
V (51013) wifi:back home chan=<1,0>, current chan=<6,0>
V (51013) wifi:ht20 freq=2412, chan=1
D (51013) event: running post WIFI_EVENT:20 with handler 0x4200a610 and context 0x3fcaf350 on loop 0x3fcae0c4[0m
D (51013) event: running post WIFI_EVENT:20 with handler 0x42017540 and context 0x3fcb9948 on loop 0x3fcae0c4[0m
V (51023) esp_adapter: thread sem get: sem=0x3fcb9c58[0m
V (51033) wifi:change: chan<6,0>, dur<0,500>
V (51033) wifi:ht20 freq=2437, chan=6
V (51043) wifi:enter start op, arg=0x42017358
V (51043) wifi:start max timer
V (51543) wifi:back home chan=<1,0>, current chan=<6,0>
V (51543) wifi:ht20 freq=2412, chan=1
D (51543) event: running post WIFI_EVENT:20 with handler 0x4200a610 and context 0x3fcaf350 on loop 0x3fcae0c4[0m
D (51553) event: running post WIFI_EVENT:20 with handler 0x42017540 and context 0x3fcb9948 on loop 0x3fcae0c4[0m
V (51563) esp_adapter: thread sem get: sem=0x3fcb9c58[0m
V (51573) wifi:change: chan<6,0>, dur<0,500>
V (51573) wifi:ht20 freq=2437, chan=6
V (51573) wifi:enter start op, arg=0x42017358
V (51583) wifi:start max timer
V (52083) wifi:back home chan=<1,0>, current chan=<6,0>
V (52083) wifi:ht20 freq=2412, chan=1
D (52083) event: running post WIFI_EVENT:20 with handler 0x4200a610 and context 0x3fcaf350 on loop 0x3fcae0c4[0m
D (52093) event: running post WIFI_EVENT:20 with handler 0x42017540 and context 0x3fcb9948 on loop 0x3fcae0c4[0m
V (52103) esp_adapter: thread sem get: sem=0x3fcb9c58[0m
V (52103) wifi:change: chan<6,0>, dur<0,500>
V (52113) wifi:ht20 freq=2437, chan=6
V (52113) wifi:enter start op, arg=0x42017358
V (52113) wifi:start max timer
V (52623) wifi:back home chan=<1,0>, current chan=<6,0>
V (52623) wifi:ht20 freq=2412, chan=1
D (52623) event: running post WIFI_EVENT:20 with handler 0x4200a610 and context 0x3fcaf350 on loop 0x3fcae0c4[0m
D (52623) event: running post WIFI_EVENT:20 with handler 0x42017540 and context 0x3fcb9948 on loop 0x3fcae0c4[0m
V (52633) esp_adapter: thread sem get: sem=0x3fcb9c58[0m
V (52643) wifi:change: chan<6,0>, dur<0,500>
V (52643) wifi:ht20 freq=2437, chan=6
V (52653) wifi:enter start op, arg=0x42017358
V (52653) wifi:start max timer
V (53153) wifi:back home chan=<1,0>, current chan=<6,0>
V (53153) wifi:ht20 freq=2412, chan=1
D (53163) event: running post WIFI_EVENT:20 with handler 0x4200a610 and context 0x3fcaf350 on loop 0x3fcae0c4[0m
D (53163) event: running post WIFI_EVENT:20 with handler 0x42017540 and context 0x3fcb9948 on loop 0x3fcae0c4[0m
V (53173) esp_adapter: thread sem get: sem=0x3fcb9c58[0m
V (53183) wifi:change: chan<6,0>, dur<0,500>
V (53183) wifi:ht20 freq=2437, chan=6
