Executing action: monitor
Serial port /dev/ttyUSB0
Connecting....
Detecting chip type... ESP32-S3
Running idf_monitor in directory /home/corfu/mpc/corfu/dpp_test_auth_retries
Executing "/home/corfu/.espressif/python_env/idf5.2_py3.10_env/bin/python /home/corfu/esp/esp-idf/tools/idf_monitor.py -p /dev/ttyUSB0 -b 115200 --toolchain-prefix xtensa-esp32-elf- --target esp32 --revision 0 /home/corfu/mpc/corfu/dpp_test_auth_retries/build/dpp-enrollee.elf -m '/home/corfu/.espressif/python_env/idf5.2_py3.10_env/bin/python' '/home/corfu/esp/esp-idf/tools/idf.py'"...
ESP-ROM:esp32s3-20210327
Build:Mar 27 2021
rst:0x1 (POWERON),boot:0x8 (SPI_FAST_FLASH_BOOT)
SPIWP:0xee
mode:DIO, clock div:1
load:0x3fce3810,len:0x178c
load:0x403c9700,len:0x4
load:0x403c9704,len:0xcbc
load:0x403cc700,len:0x2da0
entry 0x403c9914
[0;32mI (23) boot: ESP-IDF v5.2.1-1-g25b86f7c6a-dirty 2nd stage bootloader[0m
[0;32mI (24) boot: compile time Sep 13 2024 16:06:08[0m
[0;32mI (24) boot: Multicore bootloader[0m
[0;32mI (28) boot: chip revision: v0.2[0m
[0;32mI (32) boot.esp32s3: Boot SPI Speed : 80MHz[0m
[0;32mI (37) boot.esp32s3: SPI Mode       : DIO[0m
[0;32mI (42) boot.esp32s3: SPI Flash Size : 2MB[0m
[0;32mI (47) boot: Enabling RNG early entropy source...[0m
[0;32mI (52) boot: Partition Table:[0m
[0;32mI (56) boot: ## Label            Usage          Type ST Offset   Length[0m
[0;32mI (63) boot:  0 nvs              WiFi data        01 02 00009000 00006000[0m
[0;32mI (70) boot:  1 phy_init         RF data          01 01 0000f000 00001000[0m
[0;32mI (78) boot:  2 factory          factory app      00 00 00010000 00100000[0m
[0;32mI (85) boot: End of partition table[0m
[0;32mI (89) esp_image: segment 0: paddr=00010020 vaddr=3c0a0020 size=33ae0h (211680) map[0m
[0;32mI (136) esp_image: segment 1: paddr=00043b08 vaddr=3fc97f00 size=04830h ( 18480) load[0m
[0;32mI (140) esp_image: segment 2: paddr=00048340 vaddr=40374000 size=07cd8h ( 31960) load[0m
[0;32mI (149) esp_image: segment 3: paddr=00050020 vaddr=42000020 size=98cf0h (625904) map[0m
[0;32mI (262) esp_image: segment 4: paddr=000e8d18 vaddr=4037bcd8 size=0c1e4h ( 49636) load[0m
[0;32mI (282) boot: Loaded app from partition at offset 0x10000[0m
[0;32mI (282) boot: Disabling RNG early entropy source...[0m
[0;32mI (293) cpu_start: Multicore app[0m
V (294) mmap: after coalescing, 1 regions are left[0m
D (294) cpu_start: Pro cpu up[0m
D (294) cpu_start: Starting app cpu, entry point is 0x4037532c[0m
D (0) cpu_start: App cpu up[0m
V CACHE_ERR: illegal error intr clr & ena mask is: 0x3f
V CACHE_ERR: core 1 access error intr clr & ena mask is: 0x1f
D (309) clk: RTC_SLOW_CLK calibration value: 4317850[0m
V CACHE_ERR: illegal error intr clr & ena mask is: 0x3f
V CACHE_ERR: core 0 access error intr clr & ena mask is: 0x1f
[0;32mI (330) cpu_start: Pro cpu start user code[0m
[0;32mI (333) cpu_start: cpu freq: 160000000 Hz[0m
[0;32mI (338) cpu_start: Application information:[0m
[0;32mI (343) cpu_start: Project name:     dpp-enrollee[0m
[0;32mI (348) cpu_start: App version:      v5.2.1-1-g25b86f7c6a-dirty[0m
[0;32mI (355) cpu_start: Compile time:     Sep 13 2024 16:06:24[0m
[0;32mI (361) cpu_start: ELF file SHA256:  178900882...[0m
[0;32mI (366) cpu_start: ESP-IDF:          v5.2.1-1-g25b86f7c6a-dirty[0m
[0;32mI (373) cpu_start: Min chip rev:     v0.0[0m
[0;32mI (378) cpu_start: Max chip rev:     v0.99 [0m
[0;32mI (383) cpu_start: Chip rev:         v0.2[0m
V (387) memory_layout: reserved range is 0x3c0d3ac0 - 0x3c0d3ae8[0m
D (393) memory_layout: Checking 6 reserved memory ranges:[0m
D (399) memory_layout: Reserved memory range 0x3fc84000 - 0x3fc97f00[0m
D (405) memory_layout: Reserved memory range 0x3fc97f00 - 0x3fca0388[0m
D (412) memory_layout: Reserved memory range 0x3fceee34 - 0x3fcf0000[0m
D (418) memory_layout: Reserved memory range 0x40374000 - 0x40387f00[0m
D (424) memory_layout: Reserved memory range 0x600fe000 - 0x600fe010[0m
D (431) memory_layout: Reserved memory range 0x600fffe8 - 0x60100000[0m
D (437) memory_layout: Building list of available memory regions:[0m
V (443) memory_layout: Examining memory region 0x3fc88000 - 0x3fc90000[0m
V (450) memory_layout: Region 0x3fc88000 - 0x3fc90000 inside of reserved 0x3fc84000 - 0x3fc97f00[0m
V (459) memory_layout: Examining memory region 0x3fc90000 - 0x3fca0000[0m
V (466) memory_layout: Start of region 0x3fc90000 - 0x3fca0000 overlaps reserved 0x3fc84000 - 0x3fc97f00[0m
V (475) memory_layout: Region 0x3fc97f00 - 0x3fca0000 inside of reserved 0x3fc97f00 - 0x3fca0388[0m
V (484) memory_layout: Examining memory region 0x3fca0000 - 0x3fcb0000[0m
V (490) memory_layout: Start of region 0x3fca0000 - 0x3fcb0000 overlaps reserved 0x3fc97f00 - 0x3fca0388[0m
D (500) memory_layout: Available memory region 0x3fca0388 - 0x3fcb0000[0m
V (507) memory_layout: Examining memory region 0x3fcb0000 - 0x3fcc0000[0m
D (513) memory_layout: Available memory region 0x3fcb0000 - 0x3fcc0000[0m
V (520) memory_layout: Examining memory region 0x3fcc0000 - 0x3fcd0000[0m
D (526) memory_layout: Available memory region 0x3fcc0000 - 0x3fcd0000[0m
V (533) memory_layout: Examining memory region 0x3fcd0000 - 0x3fce0000[0m
D (540) memory_layout: Available memory region 0x3fcd0000 - 0x3fce0000[0m
V (546) memory_layout: Examining memory region 0x3fce0000 - 0x3fce9710[0m
D (553) memory_layout: Available memory region 0x3fce0000 - 0x3fce9710[0m
V (559) memory_layout: Examining memory region 0x3fce9710 - 0x3fcf0000[0m
V (566) memory_layout: End of region 0x3fce9710 - 0x3fcf0000 overlaps reserved 0x3fceee34 - 0x3fcf0000[0m
D (575) memory_layout: Available memory region 0x3fce9710 - 0x3fceee34[0m
V (582) memory_layout: Examining memory region 0x3fcf0000 - 0x3fcf8000[0m
D (589) memory_layout: Available memory region 0x3fcf0000 - 0x3fcf8000[0m
V (595) memory_layout: Examining memory region 0x600fe000 - 0x60100000[0m
V (602) memory_layout: Start of region 0x600fe000 - 0x60100000 overlaps reserved 0x600fe000 - 0x600fe010[0m
V (611) memory_layout: End of region 0x600fe010 - 0x60100000 overlaps reserved 0x600fffe8 - 0x60100000[0m
D (621) memory_layout: Available memory region 0x600fe010 - 0x600fffe8[0m
[0;32mI (627) heap_init: Initializing. RAM available for dynamic allocation:[0m
D (635) heap_init: New heap initialised at 0x3fca0388[0m
[0;32mI (640) heap_init: At 3FCA0388 len 00049388 (292 KiB): RAM[0m
[0;32mI (646) heap_init: At 3FCE9710 len 00005724 (21 KiB): RAM[0m
D (652) heap_init: New heap initialised at 0x3fcf0000[0m
[0;32mI (657) heap_init: At 3FCF0000 len 00008000 (32 KiB): DRAM[0m
D (663) heap_init: New heap initialised at 0x600fe010[0m
[0;32mI (668) heap_init: At 600FE010 len 00001FD8 (7 KiB): RTCRAM[0m
V (675) intr_alloc: esp_intr_alloc_intrstatus (cpu 0): checking args[0m
V (681) intr_alloc: esp_intr_alloc_intrstatus (cpu 0): Args okay. Resulting flags 0x40E[0m
D (689) intr_alloc: Connected src 39 to int 2 (cpu 0)[0m
V (695) memspi: raw_chip_id: 1740C8
[0m
V (698) memspi: chip_id: C84017
[0m
V (701) memspi: raw_chip_id: 1740C8
[0m
V (705) memspi: chip_id: C84017
[0m
D (708) spi_flash: trying chip: issi[0m
D (712) spi_flash: trying chip: gd[0m
[0;32mI (715) spi_flash: detected chip: gd[0m
[0;32mI (720) spi_flash: flash io: dio[0m
[0;33mW (724) spi_flash: Detected size(8192k) larger than the size in the binary image header(2048k). Using the size in the binary image header.[0m
D (737) cpu_start: calling init function: 0x42074cfc[0m
D (742) cpu_start: calling init function: 0x420747ac[0m
D (747) cpu_start: calling init function: 0x4202ca94[0m
D (752) cpu_start: calling init function: 0x4200e438[0m
D (757) cpu_start: calling init function: 0x4037ba1c[0m
D (762) cpu_start: calling init function: 0x42002f0c[0m
D (767) cpu_start: calling init function: 0x42008640 on core: 0[0m
V (773) intr_alloc: esp_intr_alloc_intrstatus (cpu 0): checking args[0m
V (779) intr_alloc: esp_intr_alloc_intrstatus (cpu 0): Args okay. Resulting flags 0xC02[0m
D (788) intr_alloc: Connected src 59 to int 3 (cpu 0)[0m
D (793) cpu_start: calling init function: 0x42005f68 on core: 0[0m
[0;32mI (799) sleep: Configure to isolate all GPIO pins in sleep state[0m
[0;32mI (806) sleep: Enable automatic switching of GPIO sleep configuration[0m
D (812) cpu_start: calling init function: 0x420042a4 on core: 0[0m
V (819) intr_alloc: esp_intr_alloc_intrstatus (cpu 0): checking args[0m
V (825) intr_alloc: esp_intr_alloc_intrstatus (cpu 0): Args okay. Resulting flags 0x40E[0m
D (833) intr_alloc: Connected src 79 to int 9 (cpu 0)[0m
D (838) app_start: Starting scheduler on CPU0[0m
V (842) intr_alloc: esp_intr_alloc_intrstatus (cpu 0): checking args[0m
V (842) intr_alloc: esp_intr_alloc_intrstatus (cpu 0): Args okay. Resulting flags 0x402[0m
D (842) intr_alloc: Connected src 57 to int 12 (cpu 0)[0m
V (842) intr_alloc: esp_intr_alloc_intrstatus (cpu 1): checking args[0m
V (852) intr_alloc: esp_intr_alloc_intrstatus (cpu 1): Args okay. Resulting flags 0x40E[0m
D (852) intr_alloc: Connected src 80 to int 2 (cpu 1)[0m
D (862) app_start: Starting scheduler on CPU1[0m
V (862) intr_alloc: esp_intr_alloc_intrstatus (cpu 1): checking args[0m
V (872) intr_alloc: esp_intr_alloc_intrstatus (cpu 1): Args okay. Resulting flags 0x402[0m
D (882) intr_alloc: Connected src 58 to int 3 (cpu 1)[0m
[0;32mI (842) main_task: Started on CPU0[0m
D (892) heap_init: New heap initialised at 0x3fce9710[0m
V (892) intr_alloc: esp_intr_alloc_intrstatus (cpu 0): checking args[0m
V (902) intr_alloc: esp_intr_alloc_intrstatus (cpu 0): Args okay. Resulting flags 0xE[0m
D (912) intr_alloc: Connected src 52 to int 13 (cpu 0)[0m
[0;32mI (912) main_task: Calling app_main()[0m
V (922) partition: Loading the partition table[0m
V (922) mmap: actual_mapped_len is 0x10000[0m
V (932) calculated md5: 0x3fca3f38   f4 ad 4f 45 38 56 4b 5d  74 35 b6 2c 75 b6 95 24  |..OE8VK]t5.,u..$|[0m
V (942) stored md5: 0x3c0e8070   f4 ad 4f 45 38 56 4b 5d  74 35 b6 2c 75 b6 95 24  |..OE8VK]t5.,u..$|[0m
V (942) partition: Partition table MD5 verified[0m
D (972) esp_netif_lwip: LwIP stack has been initialized[0m
D (972) esp_netif_lwip: esp-netif has been successfully initialized[0m
D (972) event: running task for loop 0x3fca6d0c[0m
D (982) event: created task for loop 0x3fca6d0c[0m
D (982) event: created event loop 0x3fca6d0c[0m
D (992) esp_netif_lwip: check: remote, if=0x3fca3f70 fn=0x42013448[0m
V (992) esp_netif_objects: esp_netif_add_to_list_unsafe 0x3fca7c34[0m
D (1002) esp_netif_objects: esp_netif_add_to_list_unsafe netif added successfully (total netifs: 1)[0m
D (1012) esp_netif_lwip: call api in lwip: ret=0x0, give sem[0m
pp rom version: e7ae62f
net80211 rom version: e7ae62f
D (1022) nvs: nvs_open_from_partition misc 1[0m
I (1032) wifi:wifi driver task: 3fcaa654, prio:23, stack:6656, core=0
V (1032) esp_adapter: thread sem create: sem=0x3fcaa7ac[0m
V (1042) esp_adapter: thread sem get: sem=0x3fcaa7ac[0m
D (1042) efuse: In EFUSE_BLK1__DATA1_REG is used 8 bits starting with 8 bit[0m
D (1052) efuse: In EFUSE_BLK1__DATA1_REG is used 8 bits starting with 0 bit[0m
D (1052) efuse: In EFUSE_BLK1__DATA0_REG is used 8 bits starting with 24 bit[0m
D (1062) efuse: In EFUSE_BLK1__DATA0_REG is used 8 bits starting with 16 bit[0m
D (1072) efuse: In EFUSE_BLK1__DATA0_REG is used 8 bits starting with 8 bit[0m
D (1082) efuse: In EFUSE_BLK1__DATA0_REG is used 8 bits starting with 0 bit[0m
D (1082) nvs: nvs_open_from_partition nvs.net80211 1[0m
D (1092) nvs: nvs_get opmode 1[0m
D (1092) nvs: nvs_get_str_or_blob sta.ssid[0m
D (1102) nvs: nvs_get sta.authmode 1[0m
D (1102) nvs: nvs_get_str_or_blob sta.pswd[0m
D (1102) nvs: nvs_get_str_or_blob sta.pmk[0m
D (1112) nvs: nvs_get sta.chan 1[0m
D (1112) nvs: nvs_get auto.conn 1[0m
D (1112) nvs: nvs_get bssid.set 1[0m
D (1122) nvs: nvs_get_str_or_blob sta.bssid[0m
D (1122) nvs: nvs_get sta.lis_intval 2[0m
D (1132) nvs: nvs_get sta.phym 1[0m
D (1132) nvs: nvs_get sta.phybw 1[0m
D (1132) nvs: nvs_get_str_or_blob sta.apsw[0m
D (1142) nvs: nvs_get_str_or_blob sta.apinfo[0m
D (1142) nvs: nvs_get sta.scan_method 1[0m
D (1142) nvs: nvs_get sta.sort_method 1[0m
D (1152) nvs: nvs_get sta.minrssi 1[0m
D (1152) nvs: nvs_get sta.minauth 1[0m
D (1162) nvs: nvs_get sta.pmf_e 1[0m
D (1162) nvs: nvs_get sta.pmf_r 1[0m
D (1162) nvs: nvs_get sta.btm_e 1[0m
D (1172) nvs: nvs_get sta.rrm_e 1[0m
D (1172) nvs: nvs_get sta.mbo_e 1[0m
D (1172) nvs: nvs_get_str_or_blob ap.ssid[0m
D (1182) nvs: nvs_get_str_or_blob ap.passwd[0m
D (1182) nvs: nvs_get_str_or_blob ap.pmk[0m
D (1182) nvs: nvs_get ap.chan 1[0m
D (1192) nvs: nvs_get ap.authmode 1[0m
D (1192) nvs: nvs_get ap.hidden 1[0m
D (1192) nvs: nvs_get ap.max.conn 1[0m
D (1202) nvs: nvs_get bcn.interval 2[0m
D (1202) nvs: nvs_get ap.phym 1[0m
D (1212) nvs: nvs_get ap.phybw 1[0m
D (1212) nvs: nvs_get ap.sndchan 1[0m
D (1212) nvs: nvs_get ap.pmf_e 1[0m
D (1222) nvs: nvs_get ap.pmf_r 1[0m
D (1222) nvs: nvs_get ap.p_cipher 1[0m
D (1222) nvs: nvs_get lorate 1[0m
D (1232) nvs: nvs_get_str_or_blob country[0m
D (1232) nvs: nvs_get ap.ftm_r 1[0m
D (1232) nvs: nvs_get sta.ft 1[0m
D (1242) nvs: nvs_get sta.owe 1[0m
D (1242) nvs: nvs_get sta.trans_d 1[0m
D (1242) nvs: nvs_get sta.sae_h2e 1[0m
D (1252) nvs: nvs_get sta.sae_pk_mode 1[0m
D (1252) nvs: nvs_get sta.bss_retry 1[0m
D (1252) nvs: nvs_get_str_or_blob sta.owe_data[0m
D (1262) nvs: nvs_get sta.he_dcm 1[0m
D (1262) nvs: nvs_get sta.he_dcm_c_tx 1[0m
D (1272) nvs: nvs_get sta.he_dcm_c_rx 1[0m
D (1272) nvs: nvs_get sta.he_mcs9_d 1[0m
D (1272) nvs: nvs_get sta.he_su_b_d 1[0m
D (1282) nvs: nvs_get sta.he_su_b_f_d 1[0m
D (1282) nvs: nvs_get sta.he_mu_b_f_d 1[0m
D (1292) nvs: nvs_get sta.he_cqi_f_d 1[0m
D (1292) nvs: nvs_get_str_or_blob sta.sae_h2e_id[0m
D (1292) nvs: nvs_get ap.sae_h2e 1[0m
D (1302) nvs: nvs_get_str_or_blob ap.pmk_info[0m
D (1302) nvs: nvs_get nan.phym 1[0m
D (1302) nvs: nvs_set ap.sndchan 1 1[0m
I (1312) wifi:wifi firmware version: a9f5b59-dirty
I (1312) wifi:wifi certification version: v7.0
I (1322) wifi:config NVS flash: enabled
I (1322) wifi:config nano formating: disabled
I (1322) wifi:Init data frame dynamic rx buffer num: 32
I (1332) wifi:Init static rx mgmt buffer num: 5
I (1332) wifi:Init management short buffer num: 32
I (1342) wifi:Init dynamic tx buffer num: 32
I (1342) wifi:Init static tx FG buffer num: 2
I (1352) wifi:Init static rx buffer size: 1600
I (1352) wifi:Init static rx buffer num: 10
I (1352) wifi:Init dynamic rx buffer num: 32
V (1362) wifi:hint=255, act_dur=<0,120>, pas_dur=360, nchans=14 history_num=0
V (1372) esp_adapter: thread sem get: sem=0x3fcaa7ac[0m
[0;32mI (1372) wifi_init: rx ba win: 6[0m
[0;32mI (1372) wifi_init: tcpip mbox: 32[0m
[0;32mI (1382) wifi_init: udp mbox: 6[0m
[0;32mI (1382) wifi_init: tcp mbox: 6[0m
[0;32mI (1392) wifi_init: tcp tx win: 5760[0m
[0;32mI (1392) wifi_init: tcp rx win: 5760[0m
[0;32mI (1392) wifi_init: tcp mss: 1440[0m
[0;32mI (1402) wifi_init: WiFi IRAM OP enabled[0m
[0;32mI (1402) wifi_init: WiFi RX IRAM OP enabled[0m
V (1412) esp_adapter: thread sem get: sem=0x3fcaa7ac[0m
D (1412) nvs: nvs_get opmode 1[0m
[0;32mI (1422) wpa: esp_dpp_task prio:2, stack:6656[0m
D (1422) wpa: private key - hexdump(len=0):[0m
D (1432) wpa:  [NULL][0m
D (1482) wpa: DPP: Generating a keypair[0m
[0;31mE (1482) wpa: curve: secp256r1[0m
[0;31mE (1482) wpa: prime len is 32[0m
[0;31mE (1482) wpa: Q_x: - hexdump(len=32):[0m
[0;31mE (1492) wpa: 40 96 05 97 10 19 45 4a 15 fa cf 1e de ec 78 b7 [0m
[0;31mE (1492) wpa: c2 c7 28 63 17 93 2a 99 e2 9b be 17 14 a9 ae bd [0m
[0;31mE (1502) wpa: Q_y: - hexdump(len=32):[0m
[0;31mE (1502) wpa: 32 6b 79 b5 11 a7 16 bc 24 d5 82 e3 dc 31 47 f8 [0m
[0;31mE (1512) wpa: 02 50 29 84 ed bf 32 fe 51 d8 5b 37 e0 18 66 90 [0m
[0;31mE (1522) wpa: d:      - hexdump(len=32):[0m
[0;31mE (1522) wpa: a3 a5 11 f1 48 d9 d7 69 ae 11 04 3a c1 8f e6 5a [0m
[0;31mE (1532) wpa: bd 01 19 7e a5 1c 5d ed 93 2e 2f 5c 72 89 51 bc [0m
D (1532) wpa: DPP: Compressed public key (DER) - hexdump(len=59):[0m
D (1542) wpa: 30 39 30 13 06 07 2a 86 48 ce 3d 02 01 06 08 2a [0m
D (1552) wpa: 86 48 ce 3d 03 01 07 03 22 00 02 40 96 05 97 10 [0m
D (1552) wpa: 19 45 4a 15 fa cf 1e de ec 78 b7 c2 c7 28 63 17 [0m
D (1562) wpa: 93 2a 99 e2 9b be 17 14 a9 ae bd [0m
D (1562) gdma: new group (0) at 0x3fcb2f74[0m
D (1572) gdma: new pair (0,0) at 0x3fcb2c80[0m
D (1572) gdma: new tx channel (0,0) at 0x3fcb2dd0[0m
D (1582) gdma: new rx channel (0,0) at 0x3fcb2ffc[0m
D (1582) gdma: tx channel (0,0), (1:16) bytes aligned, burst enabled[0m
D (1592) gdma: rx channel (0,0), (1:16) bytes aligned, burst disabled[0m
D (1592) wpa: DPP: Public key hash - hexdump(len=32):[0m
D (1602) wpa: c8 00 4c 68 5d a4 5f 4c 9f 7a 48 34 a0 0c 1c a0 [0m
D (1602) wpa: fd 1e d3 89 dd 9f aa 38 eb 66 5b 65 a0 f5 e9 cf [0m
D (1612) wpa: DPP: URI mac: 84:fc:e6:7b:73:b8[0m
[0;32mI (1612) wifi dpp-enrollee: Scan below QR Code to configure the enrollee:[0m
[0;32mI (1622) QRCODE: Encoding below text with ECC LVL 0 & QR Code Version 10[0m
[0;32mI (1632) QRCODE: DPP:C:81/6;M:84:fc:e6:7b:73:b8;K:MDkwEwYHKoZIzj0CAQYIKoZIzj0DAQcDIgACQJYFlxAZRUoV+s8e3ux4t8LHKGMXkyqZ4pu+FxSprr0=;;[0m
                                              
  █▀▀▀▀▀█ ▄ ▄  █▄▄▀█▀ ▀▀█▀ ▀▄▄▀▄▄▀▄ █▀▀▀▀▀█   
  █ ███ █ ▄█▄█▄▀▄ ▄▀▀  ▀▄ ▄ █  ▄ ▀▄ █ ███ █   
  █ ▀▀▀ █ ▄██ ▀█ █▄▄█ ▄▀█  ▄▀███▄▀▄ █ ▀▀▀ █   
  ▀▀▀▀▀▀▀ ▀▄▀▄▀ ▀▄▀ ▀▄▀▄█▄█ ▀ █ █ █ ▀▀▀▀▀▀▀   
  ██▀██ ▀▀▀█▄ ▄▀▄▀█ ▄█▀▀█▀▀█▄▀▀▀▄▄▄▀▄▀▄▀ █    
  █▄█ █ ▀▄ ▄▀▀  ▄█▀ ▀▄ █ ▄   ▀▀  ▄▄█▄▄▄       
  ▀ █ ██▀   ▄ ▀ ▄▄▄ ▀█▀▀█▄██▀█▄▀ ▄▄  ██▀█▀    
  ▄ ▄▄ ▀▀▄█ ▀█▀   ▄ ▀▄▀█▄    ▀▀    ▀█  ▄▀▄    
  ▄▄█▀▀█▀▄██ █▀▄▀▄▄▄ █▄█▀▄ █▄ ▀█▀█▄▄ ▀▄▀▄▀    
  ▀██ █▀▀▀▄▀  ▄█▀▀ █▄▄ ▄▄▄▄▀▄▀█ █▄   █ ▄▀ ▄   
  █▀█▀ ▀▀█▀ ▀▀▄ ▀▄▀ ▄█▀ ██ ███▄▀▀█▀▄▄██ ▄▀    
  █▄█▀██▀  ▀▄ ▄ ▀█▀ ▀ ██  █▀▄█ ▀▄▄▀ ▀▀██ ▄    
  █ ▀▀██▀▀ ▀  ▀ ▀██  ███▀▄▀▄▀ ▀▀▀▄▀▀▄ ▄  ▄    
  ▀▀▄ █ ▀ █   ▀ ▄▀█ ▀ ▀█  ▀ ▄▀  ▄ ▄ █▀█▀▀     
  ▄▀▀ ▀█▀▀▀   ▀ ▄▄▄▄▀█▀ █▄ ██▄▄█ ▄█  ▄██▀█    
  █ ▄█▄▄▀▄▀▄ █▀ ▄ ▄ ▀  ▄▄ ▀▀▄█▄▀█▄▀██ ▀▄▀ ▄   
  ▀  ▀  ▀▀▄ ▄▀▀▄█ ▄▄▄ ▄▄▀ ▀▀▄ ▀▀▀██▀▀▀█ ██    
  █▀▀▀▀▀█ ▀█▀▄▄█▀▀▀█▄▄ ▄    ▄▀  ▄▀█ ▀ █ ▀ ▄   
  █ ███ █ █ ▀ ▄ ▀▄▀▄▄█▀ ██▄▄██▄▀▀ ▀█▀█▀██ ▄   
  █ ▀▀▀ █ ██▀ ▄ ▄█▀ ▀▄ ▄█▄█▀ █ ▀  █ ▀ █▄ ▄    
  ▀▀▀▀▀▀▀ ▀   ▀▀▀▀    ▀▀▀▀▀ ▀  ▀   ▀▀  ▀▀     
                                              

V (1942) esp_adapter: thread sem get: sem=0x3fcaa7ac[0m
[0;32mI (1942) phy_init: phy_version 640,cd64a1a,Jan 24 2024,17:28:12[0m
D (1952) phy_init: loading PHY init data from application binary[0m
D (1952) nvs: nvs_open_from_partition phy 0[0m
D (1962) nvs: nvs_get cal_version 4[0m
V (1962) phy_init: phy_get_rf_cal_version: 640[0m
D (1972) nvs: nvs_get_str_or_blob cal_mac[0m
D (1972) efuse: In EFUSE_BLK1__DATA1_REG is used 8 bits starting with 8 bit[0m
D (1982) efuse: In EFUSE_BLK1__DATA1_REG is used 8 bits starting with 0 bit[0m
D (1982) efuse: In EFUSE_BLK1__DATA0_REG is used 8 bits starting with 24 bit[0m
D (1992) efuse: In EFUSE_BLK1__DATA0_REG is used 8 bits starting with 16 bit[0m
D (2002) efuse: In EFUSE_BLK1__DATA0_REG is used 8 bits starting with 8 bit[0m
D (2002) efuse: In EFUSE_BLK1__DATA0_REG is used 8 bits starting with 0 bit[0m
D (2012) nvs: nvs_get_str_or_blob cal_data[0m
D (2022) nvs: nvs_close 3[0m
D (2022) efuse: In EFUSE_BLK1__DATA1_REG is used 8 bits starting with 8 bit[0m
D (2032) efuse: In EFUSE_BLK1__DATA1_REG is used 8 bits starting with 0 bit[0m
D (2032) efuse: In EFUSE_BLK1__DATA0_REG is used 8 bits starting with 24 bit[0m
D (2042) efuse: In EFUSE_BLK1__DATA0_REG is used 8 bits starting with 16 bit[0m
D (2052) efuse: In EFUSE_BLK1__DATA0_REG is used 8 bits starting with 8 bit[0m
D (2052) efuse: In EFUSE_BLK1__DATA0_REG is used 8 bits starting with 0 bit[0m
D (2082) temperature_sensor: range changed, change to index 2[0m
V (2092) wifi:ht20 freq=2412, chan=1
D (2092) wifi:filter: set rx policy=0
I (2092) wifi:mode : sta (84:fc:e6:7b:73:b8)
I (2092) wifi:enable tsf
D (2092) wifi:filter: set rx policy=1
D (2102) wifi:connect status 0 -> 0
D (2102) event: running post WIFI_EVENT:40 with handler 0x4200a710 and context 0x3fca7f98 on loop 0x3fca6d0c[0m
D (2112) event: running post WIFI_EVENT:2 with handler 0x4202cce4 and context 0x3fca7e30 on loop 0x3fca6d0c[0m
D (2122) wifi_init_default: wifi_start esp-netif:0x3fca7c34 event-id2[0m
D (2132) wifi_init_default: WIFI mac address: 84 fc e6 7b 73 b8[0m
V (2132) esp_adapter: thread sem create: sem=0x3fcb27f0[0m
V (2142) esp_adapter: thread sem get: sem=0x3fcb27f0[0m
D (2142) esp_netif_lwip: check: remote, if=0x3fca7c34 fn=0x42012e34[0m
D (2152) esp_netif_lwip: call api in lwip: ret=0x0, give sem[0m
D (2152) esp_netif_handlers: esp_netif action has started with netif0x3fca7c34 from event_id=2[0m
D (2162) esp_netif_lwip: check: remote, if=0x3fca7c34 fn=0x42013700[0m
D (2172) esp_netif_lwip: esp_netif_start_api 0x3fca7c34[0m
D (2172) esp_netif_lwip: esp_netif_get_hostname esp_netif:0x3fca7c34[0m
D (2182) esp_netif_lwip: check: local, if=0x3fca7c34 fn=0x42013ea4[0m
D (2192) esp_netif_lwip: esp_netif_update_default_netif_lwip 0x3fca7c34[0m
V (2192) esp_netif_lwip: esp_netif_is_netif_up esp_netif:0x3fca7c34[0m
D (2202) esp_netif_lwip: call api in lwip: ret=0x0, give sem[0m
D (2212) event: running post WIFI_EVENT:2 with handler 0x4200a710 and context 0x3fca7f98 on loop 0x3fca6d0c[0m
[0;32mI (2222) wifi dpp-enrollee: Started listening for DPP Authentication[0m
V (2222) esp_adapter: thread sem create: sem=0x3fcb28a0[0m
V (2232) esp_adapter: thread sem get: sem=0x3fcb28a0[0m
D (2232) wifi:Listen on channel 6 for 500 mSec
V (2242) wifi:change: chan<6,0>, dur<0,500>
V (2242) wifi:ht20 freq=2437, chan=6
V (2242) wifi:enter start op, arg=0x42014ad0
V (2252) wifi:start max timer
D (2752) wifi:ROC: Ending operation at 2.0, returning to Channel 1
V (2752) wifi:back home chan=<1,0>, current chan=<6,0>
V (2752) wifi:ht20 freq=2412, chan=1
D (2752) event: running post WIFI_EVENT:20 with handler 0x4200a710 and context 0x3fca7f98 on loop 0x3fca6d0c[0m
D (2762) event: running post WIFI_EVENT:20 with handler 0x4201563c and context 0x3fcb2590 on loop 0x3fca6d0c[0m
V (2772) esp_adapter: thread sem get: sem=0x3fcb28a0[0m
D (2782) wifi:Listen on channel 6 for 500 mSec
V (2782) wifi:change: chan<6,0>, dur<0,500>
V (2792) wifi:ht20 freq=2437, chan=6
V (2792) wifi:enter start op, arg=0x42014ad0
V (2792) wifi:start max timer
D (3302) wifi:ROC: Ending operation at 3.0, returning to Channel 1
V (3302) wifi:back home chan=<1,0>, current chan=<6,0>
V (3302) wifi:ht20 freq=2412, chan=1
D (3302) event: running post WIFI_EVENT:20 with handler 0x4200a710 and context 0x3fca7f98 on loop 0x3fca6d0c[0m
D (3312) event: running post WIFI_EVENT:20 with handler 0x4201563c and context 0x3fcb2590 on loop 0x3fca6d0c[0m
V (3322) esp_adapter: thread sem get: sem=0x3fcb28a0[0m
D (3332) wifi:Listen on channel 6 for 500 mSec
V (3332) wifi:change: chan<6,0>, dur<0,500>
V (3332) wifi:ht20 freq=2437, chan=6
V (3342) wifi:enter start op, arg=0x42014ad0
V (3342) wifi:start max timer
D (3842) wifi:ROC: Ending operation at 3.0, returning to Channel 1
V (3842) wifi:back home chan=<1,0>, current chan=<6,0>
V (3842) wifi:ht20 freq=2412, chan=1
D (3852) event: running post WIFI_EVENT:20 with handler 0x4200a710 and context 0x3fca7f98 on loop 0x3fca6d0c[0m
D (3862) event: running post WIFI_EVENT:20 with handler 0x4201563c and context 0x3fcb2590 on loop 0x3fca6d0c[0m
V (3872) esp_adapter: thread sem get: sem=0x3fcb28a0[0m
D (3872) wifi:Listen on channel 6 for 500 mSec
V (3882) wifi:change: chan<6,0>, dur<0,500>
V (3882) wifi:ht20 freq=2437, chan=6
V (3882) wifi:enter start op, arg=0x42014ad0
V (3892) wifi:start max timer
D (4392) wifi:ROC: Ending operation at 4.0, returning to Channel 1
V (4392) wifi:back home chan=<1,0>, current chan=<6,0>
V (4392) wifi:ht20 freq=2412, chan=1
D (4392) event: running post WIFI_EVENT:20 with handler 0x4200a710 and context 0x3fca7f98 on loop 0x3fca6d0c[0m
D (4402) event: running post WIFI_EVENT:20 with handler 0x4201563c and context 0x3fcb2590 on loop 0x3fca6d0c[0m
V (4412) esp_adapter: thread sem get: sem=0x3fcb28a0[0m
D (4422) wifi:Listen on channel 6 for 500 mSec
V (4422) wifi:change: chan<6,0>, dur<0,500>
V (4432) wifi:ht20 freq=2437, chan=6
V (4432) wifi:enter start op, arg=0x42014ad0
V (4432) wifi:start max timer
D (4942) wifi:ROC: Ending operation at 4.0, returning to Channel 1
V (4942) wifi:back home chan=<1,0>, current chan=<6,0>
V (4942) wifi:ht20 freq=2412, chan=1
D (4942) event: running post WIFI_EVENT:20 with handler 0x4200a710 and context 0x3fca7f98 on loop 0x3fca6d0c[0m
D (4952) event: running post WIFI_EVENT:20 with handler 0x4201563c and context 0x3fcb2590 on loop 0x3fca6d0c[0m
V (4962) esp_adapter: thread sem get: sem=0x3fcb28a0[0m
D (4962) wifi:Listen on channel 6 for 500 mSec
V (4972) wifi:change: chan<6,0>, dur<0,500>
V (4972) wifi:ht20 freq=2437, chan=6
V (4982) wifi:enter start op, arg=0x42014ad0
V (4982) wifi:start max timer
D (5482) wifi:ROC: Ending operation at 5.0, returning to Channel 1
V (5482) wifi:back home chan=<1,0>, current chan=<6,0>
V (5482) wifi:ht20 freq=2412, chan=1
D (5492) event: running post WIFI_EVENT:20 with handler 0x4200a710 and context 0x3fca7f98 on loop 0x3fca6d0c[0m
D (5502) event: running post WIFI_EVENT:20 with handler 0x4201563c and context 0x3fcb2590 on loop 0x3fca6d0c[0m
V (5512) esp_adapter: thread sem get: sem=0x3fcb28a0[0m
D (5512) wifi:Listen on channel 6 for 500 mSec
V (5512) wifi:change: chan<6,0>, dur<0,500>
V (5522) wifi:ht20 freq=2437, chan=6
V (5522) wifi:enter start op, arg=0x42014ad0
V (5532) wifi:start max timer
D (6032) wifi:ROC: Ending operation at 5.0, returning to Channel 1
V (6032) wifi:back home chan=<1,0>, current chan=<6,0>
V (6032) wifi:ht20 freq=2412, chan=1
D (6032) event: running post WIFI_EVENT:20 with handler 0x4200a710 and context 0x3fca7f98 on loop 0x3fca6d0c[0m
D (6042) event: running post WIFI_EVENT:20 with handler 0x4201563c and context 0x3fcb2590 on loop 0x3fca6d0c[0m
V (6052) esp_adapter: thread sem get: sem=0x3fcb28a0[0m
D (6062) wifi:Listen on channel 6 for 500 mSec
V (6062) wifi:change: chan<6,0>, dur<0,500>
V (6062) wifi:ht20 freq=2437, chan=6
V (6072) wifi:enter start op, arg=0x42014ad0
V (6072) wifi:start max timer
D (6572) wifi:ROC: Ending operation at 6.0, returning to Channel 1
V (6572) wifi:back home chan=<1,0>, current chan=<6,0>
V (6582) wifi:ht20 freq=2412, chan=1
D (6582) event: running post WIFI_EVENT:20 with handler 0x4200a710 and context 0x3fca7f98 on loop 0x3fca6d0c[0m
D (6592) event: running post WIFI_EVENT:20 with handler 0x4201563c and context 0x3fcb2590 on loop 0x3fca6d0c[0m
V (6602) esp_adapter: thread sem get: sem=0x3fcb28a0[0m
D (6602) wifi:Listen on channel 6 for 500 mSec
V (6612) wifi:change: chan<6,0>, dur<0,500>
V (6612) wifi:ht20 freq=2437, chan=6
V (6612) wifi:enter start op, arg=0x42014ad0
V (6622) wifi:start max timer
D (7122) wifi:ROC: Ending operation at 6.0, returning to Channel 1
V (7122) wifi:back home chan=<1,0>, current chan=<6,0>
V (7122) wifi:ht20 freq=2412, chan=1
D (7122) event: running post WIFI_EVENT:20 with handler 0x4200a710 and context 0x3fca7f98 on loop 0x3fca6d0c[0m
D (7132) event: running post WIFI_EVENT:20 with handler 0x4201563c and context 0x3fcb2590 on loop 0x3fca6d0c[0m
V (7142) esp_adapter: thread sem get: sem=0x3fcb28a0[0m
D (7152) wifi:Listen on channel 6 for 500 mSec
V (7152) wifi:change: chan<6,0>, dur<0,500>
V (7162) wifi:ht20 freq=2437, chan=6
V (7162) wifi:enter start op, arg=0x42014ad0
V (7162) wifi:start max timer
D (7672) wifi:ROC: Ending operation at 7.0, returning to Channel 1
V (7672) wifi:back home chan=<1,0>, current chan=<6,0>
V (7672) wifi:ht20 freq=2412, chan=1
D (7672) event: running post WIFI_EVENT:20 with handler 0x4200a710 and context 0x3fca7f98 on loop 0x3fca6d0c[0m
D (7682) event: running post WIFI_EVENT:20 with handler 0x4201563c and context 0x3fcb2590 on loop 0x3fca6d0c[0m
V (7692) esp_adapter: thread sem get: sem=0x3fcb28a0[0m
D (7702) wifi:Listen on channel 6 for 500 mSec
V (7702) wifi:change: chan<6,0>, dur<0,500>
V (7702) wifi:ht20 freq=2437, chan=6
V (7712) wifi:enter start op, arg=0x42014ad0
V (7712) wifi:start max timer
D (8172) wpa: DPP: Rx Public Action frame: action - 9[0m
V (8172) esp_adapter: thread sem get: sem=0x3fcb28a0[0m
D (8172) wifi:ROC: Ending operation at 7.0, returning to Channel 1
V (8172) wifi:back home chan=<1,0>, current chan=<6,0>
V (8182) wifi:ht20 freq=2412, chan=1
V (8182) wifi:back home chan=<1,0>, current chan=<1,0>
[0;32mI (8182) wpa: DPP: Authentication Request from f6:7e:b3:6c:70:fb[0m
D (8182) event: running post WIFI_EVENT:20 with handler 0x4200a710 and context 0x3fca7f98 on loop 0x3fca6d0c[0m
V (8192) wpa: DPP: Responder Bootstrapping Key Hash - hexdump(len=32):[0m
D (8202) event: running post WIFI_EVENT:20 with handler 0x4201563c and context 0x3fcb2590 on loop 0x3fca6d0c[0m
V (8212) wpa: c8 00 4c 68 5d a4 5f 4c 9f 7a 48 34 a0 0c 1c a0 [0m
V (8222) wpa: fd 1e d3 89 dd 9f aa 38 eb 66 5b 65 a0 f5 e9 cf [0m
V (8232) wpa: DPP: Initiator Bootstrapping Key Hash - hexdump(len=32):[0m
V (8232) wpa: a2 59 2d 95 e7 a2 7a 14 c5 c6 ac 3d c9 d7 82 bf [0m
V (8242) wpa: 14 87 dd 50 38 1c 95 8c fa 97 93 3d e8 4f 67 b0 [0m
V (8252) wpa: DPP: Wrapped Data - hexdump(len=41):[0m
V (8252) wpa: 66 5d b7 b3 f3 d0 ea 40 d6 45 09 f3 ac 2d 93 cf [0m
V (8262) wpa: bb 66 79 c9 c8 fa 15 a4 f4 5e 2e c7 64 14 33 b8 [0m
V (8262) wpa: c1 6b f3 f3 78 20 ea fd 1f [0m
V (8272) wpa: DPP: Initiator Protocol Key - hexdump(len=64):[0m
V (8272) wpa: df 6d 9f 6d 6a 6c c3 17 39 18 f6 9b bf a2 77 f5 [0m
V (8282) wpa: 7c f5 3b 39 79 6b 1b 3e 37 89 f1 00 cb a4 9d 7a [0m
V (8282) wpa: b4 26 b3 bb 12 11 f1 1b 04 65 a6 2f 8b fa f7 28 [0m
V (8292) wpa: 42 7e 9c 7d a0 aa 58 01 bd f9 18 ee 19 37 14 bd [0m
V (8302) intr_alloc: esp_intr_alloc_intrstatus (cpu 1): checking args[0m
V (8302) intr_alloc: esp_intr_alloc_intrstatus (cpu 1): Args okay. Resulting flags 0xE[0m
D (8312) intr_alloc: Connected src 76 to int 4 (cpu 1)[0m
[0;31mE (8322) wpa: curve: secp256r1[0m
[0;31mE (8322) wpa: prime len is 32[0m
[0;31mE (8322) wpa: Q_x: - hexdump(len=32):[0m
[0;31mE (8332) wpa: df 6d 9f 6d 6a 6c c3 17 39 18 f6 9b bf a2 77 f5 [0m
[0;31mE (8332) wpa: 7c f5 3b 39 79 6b 1b 3e 37 89 f1 00 cb a4 9d 7a [0m
[0;31mE (8342) wpa: Q_y: - hexdump(len=32):[0m
[0;31mE (8352) wpa: b4 26 b3 bb 12 11 f1 1b 04 65 a6 2f 8b fa f7 28 [0m
[0;31mE (8352) wpa: 42 7e 9c 7d a0 aa 58 01 bd f9 18 ee 19 37 14 bd [0m
[0;31mE (8362) wpa: d:      - hexdump(len=32):[0m
[0;31mE (8362) wpa: 00 00 00 00 00 00 00 00 00 00 00 00 00 00 00 00 [0m
[0;31mE (8372) wpa: 00 00 00 00 00 00 00 00 00 00 00 00 00 00 00 00 [0m
V (8382) intr_alloc: esp_intr_alloc_intrstatus (cpu 1): checking args[0m
V (8382) intr_alloc: esp_intr_alloc_intrstatus (cpu 1): Args okay. Resulting flags 0xE[0m
D (8392) intr_alloc: Connected src 77 to int 9 (cpu 1)[0m
D (8552) wpa: DPP: ECDH shared secret (M.x) - hexdump(len=32):[0m
D (8552) wpa: 7a 7b a2 4f 6d 20 cd 6f 00 04 bb 79 cb e4 e4 c7 [0m
D (8552) wpa: d4 de f0 1b 0c 05 1c 97 41 dc 72 fb b1 44 da 06 [0m
D (8562) wpa: DPP: PRK = HKDF-Extract(<>, IKM=M.x) - hexdump(len=32):[0m
D (8562) wpa: 98 5d 9f ef 59 1b 5f c6 b8 56 82 b1 21 dd b2 c0 [0m
D (8572) wpa: a3 e2 ed 59 2a 42 01 4d 64 72 35 43 25 85 ee fe [0m
D (8572) wpa: DPP: k1 = HKDF-Expand(PRK, info, L) - hexdump(len=32):[0m
D (8582) wpa: 9e ad a0 a8 4d a1 2c 8d cd c1 ac 87 2e e4 1e 2d [0m
D (8592) wpa: b8 f4 2d 3c 3a 4d 8c df ed 03 ac a9 79 18 74 8f [0m
D (8592) wpa: DDP: AES-SIV AD[0] - hexdump(len=6):[0m
D (8602) wpa: 50 6f 9a 1a 01 00 [0m
D (8602) wpa: DDP: AES-SIV AD[1] - hexdump(len=140):[0m
D (8612) wpa: 02 10 20 00 c8 00 4c 68 5d a4 5f 4c 9f 7a 48 34 [0m
D (8612) wpa: a0 0c 1c a0 fd 1e d3 89 dd 9f aa 38 eb 66 5b 65 [0m
D (8622) wpa: a0 f5 e9 cf 01 10 20 00 a2 59 2d 95 e7 a2 7a 14 [0m
D (8622) wpa: c5 c6 ac 3d c9 d7 82 bf 14 87 dd 50 38 1c 95 8c [0m
D (8632) wpa: fa 97 93 3d e8 4f 67 b0 03 10 40 00 df 6d 9f 6d [0m
D (8642) wpa: 6a 6c c3 17 39 18 f6 9b bf a2 77 f5 7c f5 3b 39 [0m
D (8642) wpa: 79 6b 1b 3e 37 89 f1 00 cb a4 9d 7a b4 26 b3 bb [0m
D (8652) wpa: 12 11 f1 1b 04 65 a6 2f 8b fa f7 28 42 7e 9c 7d [0m
D (8652) wpa: a0 aa 58 01 bd f9 18 ee 19 37 14 bd [0m
D (8662) wpa: DPP: AES-SIV ciphertext - hexdump(len=41):[0m
D (8662) wpa: 66 5d b7 b3 f3 d0 ea 40 d6 45 09 f3 ac 2d 93 cf [0m
D (8672) wpa: bb 66 79 c9 c8 fa 15 a4 f4 5e 2e c7 64 14 33 b8 [0m
D (8682) wpa: c1 6b f3 f3 78 20 ea fd 1f [0m
D (8682) wpa: DPP: AES-SIV cleartext - hexdump(len=25):[0m
D (8682) wpa: 05 10 10 00 03 c3 2a c5 d4 3b 24 75 ee 9a ab 76 [0m
D (8692) wpa: 78 ca 55 3d 06 10 01 00 02 [0m
V (8692) wpa: DPP: Attribute ID 1005 len 16[0m
V (8702) wpa: DPP: Attribute ID 1006 len 1[0m
D (8702) wpa: DPP: I-nonce - hexdump(len=16):[0m
D (8712) wpa: 03 c3 2a c5 d4 3b 24 75 ee 9a ab 76 78 ca 55 3d [0m
D (8712) wpa: DPP: I-capabilities: 0x02[0m
D (8722) wpa: DPP: Acting as Enrollee[0m
D (8722) wpa: DPP: Build Authentication Response[0m
D (8732) wpa: DPP: R-nonce - hexdump(len=16):[0m
D (8732) wpa: 30 0c 00 76 3c 56 fd 0f 70 6d 1a 19 0c b7 7e 93 [0m
D (8792) wpa: DPP: Generating a keypair[0m
[0;31mE (8792) wpa: curve: secp256r1[0m
[0;31mE (8792) wpa: prime len is 32[0m
[0;31mE (8792) wpa: Q_x: - hexdump(len=32):[0m
[0;31mE (8792) wpa: 55 fd b6 ff d1 2c 9f a4 a2 b6 55 78 29 66 6e 89 [0m
[0;31mE (8802) wpa: 1a 51 dd 1e 92 f3 b4 73 77 14 17 8b 88 82 f1 c0 [0m
[0;31mE (8812) wpa: Q_y: - hexdump(len=32):[0m
[0;31mE (8812) wpa: dd 8c c0 97 d2 9a ee 44 c2 f1 39 c8 fd 08 b6 e1 [0m
[0;31mE (8822) wpa: 37 94 9c 52 f1 96 3d 94 00 9a 38 e3 18 50 e7 f9 [0m
[0;31mE (8822) wpa: d:      - hexdump(len=32):[0m
[0;31mE (8832) wpa: 4b 67 cd 49 8c 09 d4 49 c6 b1 92 da 90 18 db 6e [0m
[0;31mE (8842) wpa: e3 aa 1a 36 d2 d4 be c3 22 8f 41 a9 77 6a 2e 42 [0m
D (9002) wpa: DPP: ECDH shared secret (N.x) - hexdump(len=32):[0m
D (9002) wpa: b5 30 a4 fa 56 5d 6f 1f ce 36 ad a4 62 a6 3c 09 [0m
D (9002) wpa: 8a 13 d5 04 a5 6a e1 7e 5f 1a 53 6f e9 21 ee 34 [0m
D (9002) wpa: DPP: PRK = HKDF-Extract(<>, IKM=N.x) - hexdump(len=32):[0m
D (9012) wpa: 45 4c a0 f0 55 dd ec 66 50 db c4 cf 2a c9 e7 4a [0m
D (9022) wpa: cb 7e 48 69 cc b2 cd 8a f4 9e 67 bd f1 aa 84 02 [0m
D (9022) wpa: DPP: k2 = HKDF-Expand(PRK, info, L) - hexdump(len=32):[0m
D (9032) wpa: 59 94 e3 55 fc cf 3f bc 28 7a 52 aa 30 53 0c 34 [0m
D (9032) wpa: be 27 d8 81 f0 58 6e da 90 fd c1 65 14 a7 55 b5 [0m
D (9042) wpa: DPP: PRK = HKDF-Extract(<>, IKM) - hexdump(len=32):[0m
D (9052) wpa: e5 19 a9 b7 fa d3 1a 8c 20 fb 0a 3e 30 03 34 07 [0m
D (9052) wpa: ea 0b 61 a0 25 97 f1 92 c9 54 92 ab 19 4a ea c3 [0m
D (9062) wpa: DPP: ke = HKDF-Expand(PRK, info, L) - hexdump(len=32):[0m
D (9062) wpa: 7c 68 18 d6 fb 1c df a3 01 8a c3 e7 84 e7 74 b8 [0m
D (9072) wpa: 25 96 ac 41 76 a6 d2 d6 c2 1b 04 f2 77 40 6e c8 [0m
D (9082) wpa: DPP: R-auth hash components[0m
D (9082) wpa: DPP: hash component - hexdump(len=16):[0m
D (9092) wpa: 03 c3 2a c5 d4 3b 24 75 ee 9a ab 76 78 ca 55 3d [0m
D (9092) wpa: DPP: hash component - hexdump(len=16):[0m
D (9102) wpa: 30 0c 00 76 3c 56 fd 0f 70 6d 1a 19 0c b7 7e 93 [0m
D (9102) wpa: DPP: hash component - hexdump(len=32):[0m
D (9112) wpa: df 6d 9f 6d 6a 6c c3 17 39 18 f6 9b bf a2 77 f5 [0m
D (9112) wpa: 7c f5 3b 39 79 6b 1b 3e 37 89 f1 00 cb a4 9d 7a [0m
D (9122) wpa: DPP: hash component - hexdump(len=32):[0m
D (9122) wpa: 55 fd b6 ff d1 2c 9f a4 a2 b6 55 78 29 66 6e 89 [0m
D (9132) wpa: 1a 51 dd 1e 92 f3 b4 73 77 14 17 8b 88 82 f1 c0 [0m
D (9142) wpa: DPP: hash component - hexdump(len=32):[0m
D (9142) wpa: 40 96 05 97 10 19 45 4a 15 fa cf 1e de ec 78 b7 [0m
D (9152) wpa: c2 c7 28 63 17 93 2a 99 e2 9b be 17 14 a9 ae bd [0m
D (9152) wpa: DPP: hash component - hexdump(len=1):[0m
D (9162) wpa: 00 [0m
D (9162) wpa: DPP: R-auth - hexdump(len=32):[0m
D (9162) wpa: fa aa 46 64 10 1a 16 8b 33 f3 23 0b 55 35 0a 80 [0m
D (9172) wpa: 4a b7 e9 fb ab 58 7c 6e 36 eb 4a 74 06 f8 d2 0a [0m
D (9182) wpa: DPP: {R-auth}ke - hexdump(len=52):[0m
D (9182) wpa: b7 e6 d3 14 e5 01 26 1a 49 59 4d 17 93 a2 a8 11 [0m
D (9192) wpa: 6f 97 7a be 3d 49 8f c6 38 f7 15 9b 17 7e 6a 56 [0m
D (9192) wpa: 26 b2 96 67 3a 1f 48 7a e3 cf a0 70 f8 fc 60 b2 [0m
D (9202) wpa: 44 82 84 82 [0m
D (9202) wpa: Setting auth resp retry to 0 0 [0m
D (9212) wpa: DPP: Status 0[0m
D (9212) wpa: DPP: R-Bootstrap Key Hash[0m
D (9212) wpa: DDP: AES-SIV AD[0] - hexdump(len=6):[0m
D (9222) wpa: 50 6f 9a 1a 01 01 [0m
D (9222) wpa: DDP: AES-SIV AD[1] - hexdump(len=109):[0m
D (9232) wpa: 00 10 01 00 00 02 10 20 00 c8 00 4c 68 5d a4 5f [0m
D (9232) wpa: 4c 9f 7a 48 34 a0 0c 1c a0 fd 1e d3 89 dd 9f aa [0m
D (9242) wpa: 38 eb 66 5b 65 a0 f5 e9 cf 09 10 40 00 55 fd b6 [0m
D (9242) wpa: ff d1 2c 9f a4 a2 b6 55 78 29 66 6e 89 1a 51 dd [0m
D (9252) wpa: 1e 92 f3 b4 73 77 14 17 8b 88 82 f1 c0 dd 8c c0 [0m
D (9252) wpa: 97 d2 9a ee 44 c2 f1 39 c8 fd 08 b6 e1 37 94 9c [0m
D (9262) wpa: 52 f1 96 3d 94 00 9a 38 e3 18 50 e7 f9 [0m
D (9272) wpa: DPP: AES-SIV cleartext - hexdump(len=101):[0m
D (9272) wpa: 07 10 10 00 30 0c 00 76 3c 56 fd 0f 70 6d 1a 19 [0m
D (9282) wpa: 0c b7 7e 93 05 10 10 00 03 c3 2a c5 d4 3b 24 75 [0m
D (9282) wpa: ee 9a ab 76 78 ca 55 3d 08 10 01 00 01 04 10 34 [0m
D (9292) wpa: 00 b7 e6 d3 14 e5 01 26 1a 49 59 4d 17 93 a2 a8 [0m
D (9292) wpa: 11 6f 97 7a be 3d 49 8f c6 38 f7 15 9b 17 7e 6a [0m
D (9302) wpa: 56 26 b2 96 67 3a 1f 48 7a e3 cf a0 70 f8 fc 60 [0m
D (9312) wpa: b2 44 82 84 82 [0m
D (9312) wpa: DPP: AES-SIV ciphertext - hexdump(len=117):[0m
D (9322) wpa: 46 34 ec 2a 44 9c 61 95 d7 0a 30 81 e4 40 0e 94 [0m
D (9322) wpa: 96 ac 8a d2 cd 88 c3 b0 e1 f4 0b 4e fe 31 3e b2 [0m
D (9332) wpa: 34 54 98 d9 0b f7 49 5f 3d f3 4f 01 4b 19 2d 36 [0m
D (9332) wpa: 47 4f 5e c9 a4 56 e8 d0 11 ee 3a 36 ca 9b 73 5f [0m
D (9342) wpa: 99 75 5f 77 7e a5 66 eb 15 37 47 c3 0a aa e9 bb [0m
D (9342) wpa: 72 a0 10 90 cd 09 e7 36 e0 8d 53 27 89 4e 58 7a [0m
D (9352) wpa: 14 c9 6c 67 92 d3 56 38 58 6b a1 5b 47 36 1b 6d [0m
D (9362) wpa: 2b e8 d2 38 af [0m
D (9362) wpa: DPP: Authentication Response frame attributes - hexdump(len=238):[0m
D (9372) wpa: 04 09 50 6f 9a 1a 01 01 00 10 01 00 00 02 10 20 [0m
D (9372) wpa: 00 c8 00 4c 68 5d a4 5f 4c 9f 7a 48 34 a0 0c 1c [0m
D (9382) wpa: a0 fd 1e d3 89 dd 9f aa 38 eb 66 5b 65 a0 f5 e9 [0m
D (9382) wpa: cf 09 10 40 00 55 fd b6 ff d1 2c 9f a4 a2 b6 55 [0m
D (9392) wpa: 78 29 66 6e 89 1a 51 dd 1e 92 f3 b4 73 77 14 17 [0m
D (9402) wpa: 8b 88 82 f1 c0 dd 8c c0 97 d2 9a ee 44 c2 f1 39 [0m
D (9402) wpa: c8 fd 08 b6 e1 37 94 9c 52 f1 96 3d 94 00 9a 38 [0m
D (9412) wpa: e3 18 50 e7 f9 04 10 75 00 46 34 ec 2a 44 9c 61 [0m
D (9412) wpa: 95 d7 0a 30 81 e4 40 0e 94 96 ac 8a d2 cd 88 c3 [0m
D (9422) wpa: b0 e1 f4 0b 4e fe 31 3e b2 34 54 98 d9 0b f7 49 [0m
D (9432) wpa: 5f 3d f3 4f 01 4b 19 2d 36 47 4f 5e c9 a4 56 e8 [0m
D (9432) wpa: d0 11 ee 3a 36 ca 9b 73 5f 99 75 5f 77 7e a5 66 [0m
D (9442) wpa: eb 15 37 47 c3 0a aa e9 bb 72 a0 10 90 cd 09 e7 [0m
D (9442) wpa: 36 e0 8d 53 27 89 4e 58 7a 14 c9 6c 67 92 d3 56 [0m
D (9452) wpa: 38 58 6b a1 5b 47 36 1b 6d 2b e8 d2 38 af [0m
D (9452) wpa: DPP: Mgmt Tx - MAC:f6:7e:b3:6c:70:fb, Channel-6, WaitT-600[0m
V (9462) esp_adapter: thread sem get: sem=0x3fcb28a0[0m
D (9472) wifi:Send frame on channel 6 to f6:7e:b3:6c:70:fb

V (9472) wifi:change: chan<6,0>, dur<0,600>
V (9482) wifi:ht20 freq=2437, chan=6
V (9482) wifi:enter start op, arg=0x3fcb4374
D (9482) wifi:offchan_txop_start : 143
V (9492) wifi:start max timer
D (9492) wifi:tx_mgmt cb : 1636 status 1 
D (9492) wifi:tx data done, now:9515782
D (9502) wifi:woke up
D (9502) event: running post WIFI_EVENT:19 with handler 0x4200a710 and context 0x3fca7f98 on loop 0x3fca6d0c[0m
D (9512) event: running post WIFI_EVENT:19 with handler 0x4201563c and context 0x3fcb2560 on loop 0x3fca6d0c[0m
D (9522) wpa: Mgmt Tx Status - 0, Cookie - 0x42014ad0[0m
D (9522) wpa: ELOOP: offchan_event_handler:617 called to remove timer handler=0x4201551c, removed count=0[0m
D (9532) wpa: ELOOP: Added one timer from offchan_event_handler:618 to call 0x4201551c, current order=0[0m
D (9772) wpa: DPP: Rx Public Action frame: action - 9[0m
D (9772) wpa: DPP: Authentication Confirmation from f6:7e:b3:6c:70:fb[0m
D (9772) wpa: ELOOP: esp_dpp_rx_auth_conf:278 called to remove timer handler=0x4201551c, removed count=1[0m
D (9782) wpa: DPP: Wrapped data - hexdump(len=52):[0m
D (9782) wpa: 83 70 df e6 ad 22 85 38 14 c5 dd 33 fa 4c 4d 9e [0m
D (9792) wpa: 27 44 8f 25 8d 1c de 96 5b 88 9b f7 ff 0b 67 a0 [0m
D (9792) wpa: b6 5a 37 4a e6 23 7d 76 cb 7b d4 ca 17 94 a0 d9 [0m
D (9802) wpa: ba 85 d9 ae [0m
D (9802) wpa: DPP: Responder Bootstrapping Key Hash - hexdump(len=32):[0m
D (9812) wpa: c8 00 4c 68 5d a4 5f 4c 9f 7a 48 34 a0 0c 1c a0 [0m
D (9822) wpa: fd 1e d3 89 dd 9f aa 38 eb 66 5b 65 a0 f5 e9 cf [0m
D (9822) wpa: DPP: Status 0[0m
D (9822) wpa: DDP: AES-SIV AD[0] - hexdump(len=6):[0m
D (9832) wpa: 50 6f 9a 1a 01 02 [0m
D (9832) wpa: DDP: AES-SIV AD[1] - hexdump(len=41):[0m
D (9842) wpa: 00 10 01 00 00 02 10 20 00 c8 00 4c 68 5d a4 5f [0m
D (9842) wpa: 4c 9f 7a 48 34 a0 0c 1c a0 fd 1e d3 89 dd 9f aa [0m
D (9852) wpa: 38 eb 66 5b 65 a0 f5 e9 cf [0m
D (9852) wpa: DPP: AES-SIV ciphertext - hexdump(len=52):[0m
D (9862) wpa: 83 70 df e6 ad 22 85 38 14 c5 dd 33 fa 4c 4d 9e [0m
D (9862) wpa: 27 44 8f 25 8d 1c de 96 5b 88 9b f7 ff 0b 67 a0 [0m
D (9872) wpa: b6 5a 37 4a e6 23 7d 76 cb 7b d4 ca 17 94 a0 d9 [0m
D (9882) wpa: ba 85 d9 ae [0m
D (9882) wpa: DPP: AES-SIV cleartext - hexdump(len=36):[0m
D (9882) wpa: 0a 10 20 00 27 77 04 13 4b a7 4d fe 55 8b 61 0a [0m
D (9892) wpa: d7 8e 1c 48 98 b6 7b 9f 6b 9e 60 3a a6 83 7e 53 [0m
D (9902) wpa: 03 a2 ef e5 [0m
V (9902) wpa: DPP: Attribute ID 100a len 32[0m
D (9902) wpa: DPP: Received Initiator Authenticating Tag - hexdump(len=32):[0m
D (9912) wpa: 27 77 04 13 4b a7 4d fe 55 8b 61 0a d7 8e 1c 48 [0m
D (9922) wpa: 98 b6 7b 9f 6b 9e 60 3a a6 83 7e 53 03 a2 ef e5 [0m
D (9922) wpa: DPP: I-auth hash components[0m
D (9932) wpa: DPP: hash component - hexdump(len=16):[0m
D (9932) wpa: 30 0c 00 76 3c 56 fd 0f 70 6d 1a 19 0c b7 7e 93 [0m
D (9942) wpa: DPP: hash component - hexdump(len=16):[0m
D (9942) wpa: 03 c3 2a c5 d4 3b 24 75 ee 9a ab 76 78 ca 55 3d [0m
D (9952) wpa: DPP: hash component - hexdump(len=32):[0m
D (9952) wpa: 55 fd b6 ff d1 2c 9f a4 a2 b6 55 78 29 66 6e 89 [0m
D (9962) wpa: 1a 51 dd 1e 92 f3 b4 73 77 14 17 8b 88 82 f1 c0 [0m
D (9972) wpa: DPP: hash component - hexdump(len=32):[0m
D (9972) wpa: df 6d 9f 6d 6a 6c c3 17 39 18 f6 9b bf a2 77 f5 [0m
D (9982) wpa: 7c f5 3b 39 79 6b 1b 3e 37 89 f1 00 cb a4 9d 7a [0m
D (9982) wpa: DPP: hash component - hexdump(len=32):[0m
D (9992) wpa: 40 96 05 97 10 19 45 4a 15 fa cf 1e de ec 78 b7 [0m
D (9992) wpa: c2 c7 28 63 17 93 2a 99 e2 9b be 17 14 a9 ae bd [0m
D (10002) wpa: DPP: hash component - hexdump(len=1):[0m
D (10002) wpa: 01 [0m
D (10012) wpa: DPP: I-auth - hexdump(len=32):[0m
D (10012) wpa: 27 77 04 13 4b a7 4d fe 55 8b 61 0a d7 8e 1c 48 [0m
D (10022) wpa: 98 b6 7b 9f 6b 9e 60 3a a6 83 7e 53 03 a2 ef e5 [0m
D (10022) wpa: DPP: Calculated Initiator Authenticating Tag - hexdump(len=32):[0m
D (10032) wpa: 27 77 04 13 4b a7 4d fe 55 8b 61 0a d7 8e 1c 48 [0m
D (10042) wpa: 98 b6 7b 9f 6b 9e 60 3a a6 83 7e 53 03 a2 ef e5 [0m
D (10042) wpa: DPP: Authentication success - clear temporary keys[0m
D (10052) wpa: DPP: Build configuration request[0m
D (10052) wpa: DPP: E-nonce - hexdump(len=16):[0m
D (10062) wpa: e6 49 39 e4 88 ac 23 23 61 c4 e2 53 8e 55 4e 07 [0m
D (10062) wpa: DPP: configRequest JSON - hexdump(len=71):[0m
D (10072) wpa: 7b 22 6e 61 6d 65 22 3a 22 54 65 73 74 22 2c 22 [0m
D (10072) wpa: 77 69 2d 66 69 5f 74 65 63 68 22 3a 22 69 6e 66 [0m
D (10082) wpa: 72 61 22 2c 22 6e 65 74 52 6f 6c 65 22 3a 22 73 [0m
D (10092) wpa: 74 61 22 2c 22 62 61 6e 64 53 75 70 70 6f 72 74 [0m
D (10092) wifi:OFFCHAN-Tx: Ending op at 9.0, returning to Channel 1D (10092) wpa: 22 3a 5b 38 31 5d 7d [0m

D (10102) wpa: DPP: AES-SIV cleartext - hexdump(len=95):[0m
V (10102) wifi:back home chan=<1,0>, current chan=<6,0>
D (10112) wpa: 14 10 10 00 e6 49 39 e4 88 ac 23 23 61 c4 e2 53 [0m
V (10112) wifi:ht20 freq=2412, chan=1
D (10122) wpa: 8e 55 4e 07 0e 10 47 00 7b 22 6e 61 6d 65 22 3a [0m
D (10132) wpa: 22 54 65 73 74 22 2c 22 77 69 2d 66 69 5f 74 65 [0m
D (10132) wpa: 63 68 22 3a 22 69 6e 66 72 61 22 2c 22 6e 65 74 [0m
D (10142) wpa: 52 6f 6c 65 22 3a 22 73 74 61 22 2c 22 62 61 6e [0m
D (10152) wpa: 64 53 75 70 70 6f 72 74 22 3a 5b 38 31 5d 7d [0m
D (10152) wpa: DPP: AES-SIV ciphertext - hexdump(len=111):[0m
D (10162) wpa: 37 e0 87 b3 ee 27 ed 00 0d bf 6c 18 d4 ef 9e 01 [0m
D (10162) wpa: 52 ca f0 47 4c 15 f4 4a 1c 14 93 63 f8 2c 5e 94 [0m
D (10172) wpa: e0 dc 34 ae f6 46 a1 d3 d3 7f 3c 3c f3 22 81 1e [0m
D (10172) wpa: 10 0d a5 93 a1 c2 92 df 9e 76 db eb b9 27 34 fd [0m
D (10182) wpa: 2a 4d 9c 06 2b 3f 86 bd d5 91 3e 3c ad 0a 65 02 [0m
D (10192) wpa: 1a 5b 91 7f 22 cd 12 8b d2 f1 e3 ee 7b a6 e3 cc [0m
D (10192) wpa: 7a b4 08 44 d2 3d ad 96 04 6f 94 97 84 69 b8 [0m
D (10202) wpa: DPP: Configuration Request frame attributes - hexdump(len=115):[0m
D (10212) wpa: 04 10 6f 00 37 e0 87 b3 ee 27 ed 00 0d bf 6c 18 [0m
D (10212) wpa: d4 ef 9e 01 52 ca f0 47 4c 15 f4 4a 1c 14 93 63 [0m
D (10222) wpa: f8 2c 5e 94 e0 dc 34 ae f6 46 a1 d3 d3 7f 3c 3c [0m
D (10222) wpa: f3 22 81 1e 10 0d a5 93 a1 c2 92 df 9e 76 db eb [0m
D (10232) wpa: b9 27 34 fd 2a 4d 9c 06 2b 3f 86 bd d5 91 3e 3c [0m
D (10242) wpa: ad 0a 65 02 1a 5b 91 7f 22 cd 12 8b d2 f1 e3 ee [0m
D (10242) wpa: 7b a6 e3 cc 7a b4 08 44 d2 3d ad 96 04 6f 94 97 [0m
D (10252) wpa: 84 69 b8 [0m
V (10252) wpa: DPP: GAS Config Request - hexdump(len=130):[0m
V (10262) wpa: 04 0a 00 6c 08 7f dd 05 50 6f 9a 1a 01 73 00 04 [0m
V (10262) wpa: 10 6f 00 37 e0 87 b3 ee 27 ed 00 0d bf 6c 18 d4 [0m
V (10272) wpa: ef 9e 01 52 ca f0 47 4c 15 f4 4a 1c 14 93 63 f8 [0m
V (10272) wpa: 2c 5e 94 e0 dc 34 ae f6 46 a1 d3 d3 7f 3c 3c f3 [0m
V (10282) wpa: 22 81 1e 10 0d a5 93 a1 c2 92 df 9e 76 db eb b9 [0m
V (10292) wpa: 27 34 fd 2a 4d 9c 06 2b 3f 86 bd d5 91 3e 3c ad [0m
V (10292) wpa: 0a 65 02 1a 5b 91 7f 22 cd 12 8b d2 f1 e3 ee 7b [0m
V (10302) wpa: a6 e3 cc 7a b4 08 44 d2 3d ad 96 04 6f 94 97 84 [0m
V (10302) wpa: 69 b8 [0m
D (10312) wpa: DPP: GAS request to f6:7e:b3:6c:70:fb (chan 6)[0m
D (10312) wpa: DPP: Mgmt Tx - MAC:f6:7e:b3:6c:70:fb, Channel-6, WaitT-600[0m
V (10322) esp_adapter: thread sem get: sem=0x3fcb28a0[0m
D (10322) wifi:Send frame on channel 6 to f6:7e:b3:6c:70:fb

V (10332) wifi:change: chan<6,0>, dur<0,600>
V (10332) wifi:ht20 freq=2437, chan=6
V (10342) wifi:enter start op, arg=0x3fcb42dc
D (10342) wifi:offchan_txop_start : 143
V (10342) wifi:start max timer
D (10352) wpa: ELOOP: Added one timer from esp_dpp_rx_auth_conf:291 to call 0x42014bdc, current order=0[0m
D (10402) wifi:tx_mgmt cb : 1636 status 2 
D (10402) wifi:tx data done, now:10422525
D (10402) wifi:woke up
D (10402) event: running post WIFI_EVENT:19 with handler 0x4200a710 and context 0x3fca7f98 on loop 0x3fca6d0c[0m
D (10412) event: running post WIFI_EVENT:19 with handler 0x4201563c and context 0x3fcb2560 on loop 0x3fca6d0c[0m
D (10422) wpa: Mgmt Tx Status - 1, Cookie - 0x42014ad0[0m
D (10422) wpa: DPP: Failed offchan tx[0m
D (10432) wpa: ELOOP: offchan_event_handler:605 called to remove timer handler=0x4201551c, removed count=0[0m
[0;32mI (10442) wifi dpp-enrollee: DPP Auth failed (Reason: ESP_ERR_DPP_TX_FAILURE), retry...[0m
V (10452) esp_adapter: thread sem get: sem=0x3fcb28a0[0m
D (10452) wifi:ROC is already in progress. Cannot start new operation.
[0;31mE (10462) wpa: previous roc in progress : 0x301c[0m
D (10952) wifi:OFFCHAN-Tx: Ending op at 10.0, returning to Channel 1
V (10952) wifi:back home chan=<1,0>, current chan=<6,0>
V (10952) wifi:ht20 freq=2412, chan=1
