Executing action: monitor
Serial port /dev/ttyUSB0
Connecting....
Detecting chip type... ESP32-S3
Running idf_monitor in directory /home/corfu/mpc/corfu/dpp_test_auth_retries
Executing "/home/corfu/.espressif/python_env/idf5.2_py3.10_env/bin/python /home/corfu/esp/esp-idf/tools/idf_monitor.py -p /dev/ttyUSB0 -b 115200 --toolchain-prefix xtensa-esp32-elf- --target esp32 --revision 0 /home/corfu/mpc/corfu/dpp_test_auth_retries/build/dpp-enrollee.elf -m '/home/corfu/.espressif/python_env/idf5.2_py3.10_env/bin/python' '/home/corfu/esp/esp-idf/tools/idf.py'"...
ESP-ROM:esp32s3-20210327
Build:Mar 27 2021
rst:0x1 (POWERON),boot:0x8 (SPI_FAST_FLASH_BOOT)
SPIWP:0xee
mode:DIO, clock div:1
load:0x3fce3810,len:0x178c
load:0x403c9700,len:0x4
load:0x403c9704,len:0xcbc
load:0x403cc700,len:0x2da0
entry 0x403c9914
[0;32mI (27) boot: ESP-IDF v5.2.1-1-g25b86f7c6a-dirty 2nd stage bootloader[0m
[0;32mI (27) boot: compile time Sep 13 2024 16:06:08[0m
[0;32mI (27) boot: Multicore bootloader[0m
[0;32mI (32) boot: chip revision: v0.2[0m
[0;32mI (35) boot.esp32s3: Boot SPI Speed : 80MHz[0m
[0;32mI (41) boot.esp32s3: SPI Mode       : DIO[0m
[0;32mI (45) boot.esp32s3: SPI Flash Size : 2MB[0m
[0;32mI (50) boot: Enabling RNG early entropy source...[0m
[0;32mI (55) boot: Partition Table:[0m
[0;32mI (59) boot: ## Label            Usage          Type ST Offset   Length[0m
[0;32mI (66) boot:  0 nvs              WiFi data        01 02 00009000 00006000[0m
[0;32mI (73) boot:  1 phy_init         RF data          01 01 0000f000 00001000[0m
[0;32mI (81) boot:  2 factory          factory app      00 00 00010000 00100000[0m
[0;32mI (88) boot: End of partition table[0m
[0;32mI (93) esp_image: segment 0: paddr=00010020 vaddr=3c0a0020 size=33ae0h (211680) map[0m
[0;32mI (139) esp_image: segment 1: paddr=00043b08 vaddr=3fc97f00 size=04830h ( 18480) load[0m
[0;32mI (143) esp_image: segment 2: paddr=00048340 vaddr=40374000 size=07cd8h ( 31960) load[0m
[0;32mI (152) esp_image: segment 3: paddr=00050020 vaddr=42000020 size=98cf0h (625904) map[0m
[0;32mI (265) esp_image: segment 4: paddr=000e8d18 vaddr=4037bcd8 size=0c1e4h ( 49636) load[0m
[0;32mI (285) boot: Loaded app from partition at offset 0x10000[0m
[0;32mI (285) boot: Disabling RNG early entropy source...[0m
[0;32mI (296) cpu_start: Multicore app[0m
V (297) mmap: after coalescing, 1 regions are left[0m
D (297) cpu_start: Pro cpu up[0m
D (297) cpu_start: Starting app cpu, entry point is 0x4037532c[0m
D (0) cpu_start: App cpu up[0m
V CACHE_ERR: illegal error intr clr & ena mask is: 0x3f
V CACHE_ERR: core 1 (3c2)essk:error intrCLclca & eata mask is: 0x2f
18[0m
V CACHE_ERR: illegal error intr clr & ena mask is: 0x3f
V CACHE_ERR: core 0 access error intr clr & ena mask is: 0x1f
[0;32mI (329) cpu_start: Pro cpu start user code[0m
[0;32mI (333) cpu_start: cpu freq: 160000000 Hz[0m
[0;32mI (337) cpu_start: Application information:[0m
[0;32mI (342) cpu_start: Project name:     dpp-enrollee[0m
[0;32mI (348) cpu_start: App version:      v5.2.1-1-g25b86f7c6a-dirty[0m
[0;32mI (354) cpu_start: Compile time:     Sep 13 2024 16:06:24[0m
[0;32mI (360) cpu_start: ELF file SHA256:  178900882...[0m
[0;32mI (366) cpu_start: ESP-IDF:          v5.2.1-1-g25b86f7c6a-dirty[0m
[0;32mI (372) cpu_start: Min chip rev:     v0.0[0m
[0;32mI (377) cpu_start: Max chip rev:     v0.99 [0m
[0;32mI (382) cpu_start: Chip rev:         v0.2[0m
V (386) memory_layout: reserved range is 0x3c0d3ac0 - 0x3c0d3ae8[0m
D (392) memory_layout: Checking 6 reserved memory ranges:[0m
D (398) memory_layout: Reserved memory range 0x3fc84000 - 0x3fc97f00[0m
D (404) memory_layout: Reserved memory range 0x3fc97f00 - 0x3fca0388[0m
D (411) memory_layout: Reserved memory range 0x3fceee34 - 0x3fcf0000[0m
D (417) memory_layout: Reserved memory range 0x40374000 - 0x40387f00[0m
D (424) memory_layout: Reserved memory range 0x600fe000 - 0x600fe010[0m
D (430) memory_layout: Reserved memory range 0x600fffe8 - 0x60100000[0m
D (436) memory_layout: Building list of available memory regions:[0m
V (443) memory_layout: Examining memory region 0x3fc88000 - 0x3fc90000[0m
V (449) memory_layout: Region 0x3fc88000 - 0x3fc90000 inside of reserved 0x3fc84000 - 0x3fc97f00[0m
V (458) memory_layout: Examining memory region 0x3fc90000 - 0x3fca0000[0m
V (465) memory_layout: Start of region 0x3fc90000 - 0x3fca0000 overlaps reserved 0x3fc84000 - 0x3fc97f00[0m
V (474) memory_layout: Region 0x3fc97f00 - 0x3fca0000 inside of reserved 0x3fc97f00 - 0x3fca0388[0m
V (483) memory_layout: Examining memory region 0x3fca0000 - 0x3fcb0000[0m
V (490) memory_layout: Start of region 0x3fca0000 - 0x3fcb0000 overlaps reserved 0x3fc97f00 - 0x3fca0388[0m
D (499) memory_layout: Available memory region 0x3fca0388 - 0x3fcb0000[0m
V (506) memory_layout: Examining memory region 0x3fcb0000 - 0x3fcc0000[0m
D (512) memory_layout: Available memory region 0x3fcb0000 - 0x3fcc0000[0m
V (519) memory_layout: Examining memory region 0x3fcc0000 - 0x3fcd0000[0m
D (526) memory_layout: Available memory region 0x3fcc0000 - 0x3fcd0000[0m
V (532) memory_layout: Examining memory region 0x3fcd0000 - 0x3fce0000[0m
D (539) memory_layout: Available memory region 0x3fcd0000 - 0x3fce0000[0m
V (545) memory_layout: Examining memory region 0x3fce0000 - 0x3fce9710[0m
D (552) memory_layout: Available memory region 0x3fce0000 - 0x3fce9710[0m
V (559) memory_layout: Examining memory region 0x3fce9710 - 0x3fcf0000[0m
V (565) memory_layout: End of region 0x3fce9710 - 0x3fcf0000 overlaps reserved 0x3fceee34 - 0x3fcf0000[0m
D (575) memory_layout: Available memory region 0x3fce9710 - 0x3fceee34[0m
V (581) memory_layout: Examining memory region 0x3fcf0000 - 0x3fcf8000[0m
D (588) memory_layout: Available memory region 0x3fcf0000 - 0x3fcf8000[0m
V (594) memory_layout: Examining memory region 0x600fe000 - 0x60100000[0m
V (601) memory_layout: Start of region 0x600fe000 - 0x60100000 overlaps reserved 0x600fe000 - 0x600fe010[0m
V (611) memory_layout: End of region 0x600fe010 - 0x60100000 overlaps reserved 0x600fffe8 - 0x60100000[0m
D (620) memory_layout: Available memory region 0x600fe010 - 0x600fffe8[0m
[0;32mI (627) heap_init: Initializing. RAM available for dynamic allocation:[0m
D (634) heap_init: New heap initialised at 0x3fca0388[0m
[0;32mI (639) heap_init: At 3FCA0388 len 00049388 (292 KiB): RAM[0m
[0;32mI (645) heap_init: At 3FCE9710 len 00005724 (21 KiB): RAM[0m
D (651) heap_init: New heap initialised at 0x3fcf0000[0m
[0;32mI (656) heap_init: At 3FCF0000 len 00008000 (32 KiB): DRAM[0m
D (662) heap_init: New heap initialised at 0x600fe010[0m
[0;32mI (667) heap_init: At 600FE010 len 00001FD8 (7 KiB): RTCRAM[0m
V (674) intr_alloc: esp_intr_alloc_intrstatus (cpu 0): checking args[0m
V (680) intr_alloc: esp_intr_alloc_intrstatus (cpu 0): Args okay. Resulting flags 0x40E[0m
D (688) intr_alloc: Connected src 39 to int 2 (cpu 0)[0m
V (694) memspi: raw_chip_id: 1740C8
[0m
V (697) memspi: chip_id: C84017
[0m
V (700) memspi: raw_chip_id: 1740C8
[0m
V (704) memspi: chip_id: C84017
[0m
D (708) spi_flash: trying chip: issi[0m
D (711) spi_flash: trying chip: gd[0m
[0;32mI (715) spi_flash: detected chip: gd[0m
[0;32mI (719) spi_flash: flash io: dio[0m
[0;33mW (723) spi_flash: Detected size(8192k) larger than the size in the binary image header(2048k). Using the size in the binary image header.[0m
D (736) cpu_start: calling init function: 0x42074cfc[0m
D (741) cpu_start: calling init function: 0x420747ac[0m
D (746) cpu_start: calling init function: 0x4202ca94[0m
D (751) cpu_start: calling init function: 0x4200e438[0m
D (756) cpu_start: calling init function: 0x4037ba1c[0m
D (761) cpu_start: calling init function: 0x42002f0c[0m
D (766) cpu_start: calling init function: 0x42008640 on core: 0[0m
V (772) intr_alloc: esp_intr_alloc_intrstatus (cpu 0): checking args[0m
V (779) intr_alloc: esp_intr_alloc_intrstatus (cpu 0): Args okay. Resulting flags 0xC02[0m
D (787) intr_alloc: Connected src 59 to int 3 (cpu 0)[0m
D (792) cpu_start: calling init function: 0x42005f68 on core: 0[0m
[0;32mI (798) sleep: Configure to isolate all GPIO pins in sleep state[0m
[0;32mI (805) sleep: Enable automatic switching of GPIO sleep configuration[0m
D (812) cpu_start: calling init function: 0x420042a4 on core: 0[0m
V (818) intr_alloc: esp_intr_alloc_intrstatus (cpu 0): checking args[0m
V (824) intr_alloc: esp_intr_alloc_intrstatus (cpu 0): Args okay. Resulting flags 0x40E[0m
D (832) intr_alloc: Connected src 79 to int 9 (cpu 0)[0m
D (837) app_start: Starting scheduler on CPU0[0m
V (842) intr_alloc: esp_intr_alloc_intrstatus (cpu 0): checking args[0m
V (842) intr_alloc: esp_intr_alloc_intrstatus (cpu 0): Args okay. Resulting flags 0x402[0m
D (842) intr_alloc: Connected src 57 to int 12 (cpu 0)[0m
V (842) intr_alloc: esp_intr_alloc_intrstatus (cpu 1): checking args[0m
V (852) intr_alloc: esp_intr_alloc_intrstatus (cpu 1): Args okay. Resulting flags 0x40E[0m
D (852) intr_alloc: Connected src 80 to int 2 (cpu 1)[0m
D (862) app_start: Starting scheduler on CPU1[0m
V (862) intr_alloc: esp_intr_alloc_intrstatus (cpu 1): checking args[0m
V (872) intr_alloc: esp_intr_alloc_intrstatus (cpu 1): Args okay. Resulting flags 0x402[0m
D (882) intr_alloc: Connected src 58 to int 3 (cpu 1)[0m
[0;32mI (842) main_task: Started on CPU0[0m
D (892) heap_init: New heap initialised at 0x3fce9710[0m
V (892) intr_alloc: esp_intr_alloc_intrstatus (cpu 0): checking args[0m
V (902) intr_alloc: esp_intr_alloc_intrstatus (cpu 0): Args okay. Resulting flags 0xE[0m
D (912) intr_alloc: Connected src 52 to int 13 (cpu 0)[0m
[0;32mI (912) main_task: Calling app_main()[0m
V (922) partition: Loading the partition table[0m
V (922) mmap: actual_mapped_len is 0x10000[0m
V (932) calculated md5: 0x3fca3f38   f4 ad 4f 45 38 56 4b 5d  74 35 b6 2c 75 b6 95 24  |..OE8VK]t5.,u..$|[0m
V (942) stored md5: 0x3c0e8070   f4 ad 4f 45 38 56 4b 5d  74 35 b6 2c 75 b6 95 24  |..OE8VK]t5.,u..$|[0m
V (942) partition: Partition table MD5 verified[0m
D (972) esp_netif_lwip: LwIP stack has been initialized[0m
D (972) esp_netif_lwip: esp-netif has been successfully initialized[0m
D (972) event: running task for loop 0x3fca6d0c[0m
D (982) event: created task for loop 0x3fca6d0c[0m
D (982) event: created event loop 0x3fca6d0c[0m
D (992) esp_netif_lwip: check: remote, if=0x3fca3f70 fn=0x42013448[0m
V (992) esp_netif_objects: esp_netif_add_to_list_unsafe 0x3fca7c34[0m
D (1002) esp_netif_objects: esp_netif_add_to_list_unsafe netif added successfully (total netifs: 1)[0m
D (1012) esp_netif_lwip: call api in lwip: ret=0x0, give sem[0m
pp rom version: e7ae62f
net80211 rom version: e7ae62f
D (1022) nvs: nvs_open_from_partition misc 1[0m
I (1032) wifi:wifi driver task: 3fcaa654, prio:23, stack:6656, core=0
V (1032) esp_adapter: thread sem create: sem=0x3fcaa7ac[0m
V (1042) esp_adapter: thread sem get: sem=0x3fcaa7ac[0m
D (1042) efuse: In EFUSE_BLK1__DATA1_REG is used 8 bits starting with 8 bit[0m
D (1052) efuse: In EFUSE_BLK1__DATA1_REG is used 8 bits starting with 0 bit[0m
D (1052) efuse: In EFUSE_BLK1__DATA0_REG is used 8 bits starting with 24 bit[0m
D (1062) efuse: In EFUSE_BLK1__DATA0_REG is used 8 bits starting with 16 bit[0m
D (1072) efuse: In EFUSE_BLK1__DATA0_REG is used 8 bits starting with 8 bit[0m
D (1082) efuse: In EFUSE_BLK1__DATA0_REG is used 8 bits starting with 0 bit[0m
D (1082) nvs: nvs_open_from_partition nvs.net80211 1[0m
D (1092) nvs: nvs_get opmode 1[0m
D (1092) nvs: nvs_get_str_or_blob sta.ssid[0m
D (1102) nvs: nvs_get sta.authmode 1[0m
D (1102) nvs: nvs_get_str_or_blob sta.pswd[0m
D (1102) nvs: nvs_get_str_or_blob sta.pmk[0m
D (1112) nvs: nvs_get sta.chan 1[0m
D (1112) nvs: nvs_get auto.conn 1[0m
D (1112) nvs: nvs_get bssid.set 1[0m
D (1122) nvs: nvs_get_str_or_blob sta.bssid[0m
D (1122) nvs: nvs_get sta.lis_intval 2[0m
D (1132) nvs: nvs_get sta.phym 1[0m
D (1132) nvs: nvs_get sta.phybw 1[0m
D (1132) nvs: nvs_get_str_or_blob sta.apsw[0m
D (1142) nvs: nvs_get_str_or_blob sta.apinfo[0m
D (1142) nvs: nvs_get sta.scan_method 1[0m
D (1142) nvs: nvs_get sta.sort_method 1[0m
D (1152) nvs: nvs_get sta.minrssi 1[0m
D (1152) nvs: nvs_get sta.minauth 1[0m
D (1162) nvs: nvs_get sta.pmf_e 1[0m
D (1162) nvs: nvs_get sta.pmf_r 1[0m
D (1162) nvs: nvs_get sta.btm_e 1[0m
D (1172) nvs: nvs_get sta.rrm_e 1[0m
D (1172) nvs: nvs_get sta.mbo_e 1[0m
D (1172) nvs: nvs_get_str_or_blob ap.ssid[0m
D (1182) nvs: nvs_get_str_or_blob ap.passwd[0m
D (1182) nvs: nvs_get_str_or_blob ap.pmk[0m
D (1182) nvs: nvs_get ap.chan 1[0m
D (1192) nvs: nvs_get ap.authmode 1[0m
D (1192) nvs: nvs_get ap.hidden 1[0m
D (1192) nvs: nvs_get ap.max.conn 1[0m
D (1202) nvs: nvs_get bcn.interval 2[0m
D (1202) nvs: nvs_get ap.phym 1[0m
D (1212) nvs: nvs_get ap.phybw 1[0m
D (1212) nvs: nvs_get ap.sndchan 1[0m
D (1212) nvs: nvs_get ap.pmf_e 1[0m
D (1222) nvs: nvs_get ap.pmf_r 1[0m
D (1222) nvs: nvs_get ap.p_cipher 1[0m
D (1222) nvs: nvs_get lorate 1[0m
D (1232) nvs: nvs_get_str_or_blob country[0m
D (1232) nvs: nvs_get ap.ftm_r 1[0m
D (1232) nvs: nvs_get sta.ft 1[0m
D (1242) nvs: nvs_get sta.owe 1[0m
D (1242) nvs: nvs_get sta.trans_d 1[0m
D (1242) nvs: nvs_get sta.sae_h2e 1[0m
D (1252) nvs: nvs_get sta.sae_pk_mode 1[0m
D (1252) nvs: nvs_get sta.bss_retry 1[0m
D (1252) nvs: nvs_get_str_or_blob sta.owe_data[0m
D (1262) nvs: nvs_get sta.he_dcm 1[0m
D (1262) nvs: nvs_get sta.he_dcm_c_tx 1[0m
D (1272) nvs: nvs_get sta.he_dcm_c_rx 1[0m
D (1272) nvs: nvs_get sta.he_mcs9_d 1[0m
D (1272) nvs: nvs_get sta.he_su_b_d 1[0m
D (1282) nvs: nvs_get sta.he_su_b_f_d 1[0m
D (1282) nvs: nvs_get sta.he_mu_b_f_d 1[0m
D (1292) nvs: nvs_get sta.he_cqi_f_d 1[0m
D (1292) nvs: nvs_get_str_or_blob sta.sae_h2e_id[0m
D (1292) nvs: nvs_get ap.sae_h2e 1[0m
D (1302) nvs: nvs_get_str_or_blob ap.pmk_info[0m
D (1302) nvs: nvs_get nan.phym 1[0m
D (1302) nvs: nvs_set ap.sndchan 1 1[0m
I (1312) wifi:wifi firmware version: a9f5b59-dirty
I (1312) wifi:wifi certification version: v7.0
I (1322) wifi:config NVS flash: enabled
I (1322) wifi:config nano formating: disabled
I (1322) wifi:Init data frame dynamic rx buffer num: 32
I (1332) wifi:Init static rx mgmt buffer num: 5
I (1332) wifi:Init management short buffer num: 32
I (1342) wifi:Init dynamic tx buffer num: 32
I (1342) wifi:Init static tx FG buffer num: 2
I (1352) wifi:Init static rx buffer size: 1600
I (1352) wifi:Init static rx buffer num: 10
I (1352) wifi:Init dynamic rx buffer num: 32
V (1362) wifi:hint=255, act_dur=<0,120>, pas_dur=360, nchans=14 history_num=0
V (1372) esp_adapter: thread sem get: sem=0x3fcaa7ac[0m
[0;32mI (1372) wifi_init: rx ba win: 6[0m
[0;32mI (1372) wifi_init: tcpip mbox: 32[0m
[0;32mI (1382) wifi_init: udp mbox: 6[0m
[0;32mI (1382) wifi_init: tcp mbox: 6[0m
[0;32mI (1392) wifi_init: tcp tx win: 5760[0m
[0;32mI (1392) wifi_init: tcp rx win: 5760[0m
[0;32mI (1392) wifi_init: tcp mss: 1440[0m
[0;32mI (1402) wifi_init: WiFi IRAM OP enabled[0m
[0;32mI (1402) wifi_init: WiFi RX IRAM OP enabled[0m
V (1412) esp_adapter: thread sem get: sem=0x3fcaa7ac[0m
D (1412) nvs: nvs_get opmode 1[0m
[0;32mI (1422) wpa: esp_dpp_task prio:2, stack:6656[0m
D (1422) wpa: private key - hexdump(len=0):[0m
D (1432) wpa:  [NULL][0m
D (1482) wpa: DPP: Generating a keypair[0m
[0;31mE (1482) wpa: curve: secp256r1[0m
[0;31mE (1482) wpa: prime len is 32[0m
[0;31mE (1482) wpa: Q_x: - hexdump(len=32):[0m
[0;31mE (1492) wpa: a3 f0 e9 6b 24 45 a7 00 e9 58 b1 8b d0 91 1f 06 [0m
[0;31mE (1492) wpa: 3b 0a d6 d7 94 09 80 7d 07 77 4b e7 f6 b2 11 76 [0m
[0;31mE (1502) wpa: Q_y: - hexdump(len=32):[0m
[0;31mE (1502) wpa: c7 a6 40 79 d3 a6 be f5 a8 5c d7 ed 18 10 b3 0b [0m
[0;31mE (1512) wpa: 85 99 da 67 be ce 1b b4 7d d7 89 77 2a db f8 e2 [0m
[0;31mE (1522) wpa: d:      - hexdump(len=32):[0m
[0;31mE (1522) wpa: 79 3d b0 a4 38 af 58 15 a6 d2 f2 22 c4 55 1f e9 [0m
[0;31mE (1532) wpa: 6a 7f 0d 88 dc 8e df 9d 44 ed 0b f3 57 4e b6 e9 [0m
D (1532) wpa: DPP: Compressed public key (DER) - hexdump(len=59):[0m
D (1542) wpa: 30 39 30 13 06 07 2a 86 48 ce 3d 02 01 06 08 2a [0m
D (1552) wpa: 86 48 ce 3d 03 01 07 03 22 00 02 a3 f0 e9 6b 24 [0m
D (1552) wpa: 45 a7 00 e9 58 b1 8b d0 91 1f 06 3b 0a d6 d7 94 [0m
D (1562) wpa: 09 80 7d 07 77 4b e7 f6 b2 11 76 [0m
D (1562) gdma: new group (0) at 0x3fcb2f74[0m
D (1572) gdma: new pair (0,0) at 0x3fcb2dd0[0m
D (1572) gdma: new tx channel (0,0) at 0x3fcb2c80[0m
D (1582) gdma: new rx channel (0,0) at 0x3fcb2ffc[0m
D (1582) gdma: tx channel (0,0), (1:16) bytes aligned, burst enabled[0m
D (1592) gdma: rx channel (0,0), (1:16) bytes aligned, burst disabled[0m
D (1592) wpa: DPP: Public key hash - hexdump(len=32):[0m
D (1602) wpa: 6d bc f4 f4 98 0b cb fc cf dc ac df be 33 a9 59 [0m
D (1602) wpa: 28 47 9f 71 16 01 41 9f a0 fb f2 ae 25 19 62 f3 [0m
D (1612) wpa: DPP: URI mac: 84:fc:e6:7b:73:b8[0m
[0;32mI (1612) wifi dpp-enrollee: Scan below QR Code to configure the enrollee:[0m
[0;32mI (1622) QRCODE: Encoding below text with ECC LVL 0 & QR Code Version 10[0m
[0;32mI (1632) QRCODE: DPP:C:81/6;M:84:fc:e6:7b:73:b8;K:MDkwEwYHKoZIzj0CAQYIKoZIzj0DAQcDIgACo/DpayRFpwDpWLGL0JEfBjsK1teUCYB9B3dL5/ayEXY=;;[0m
                                              
  █▀▀▀▀▀█ ▄▄▄  █▄▄▀█▀ ▀██▀  ▄▄▀ ▄▀▄ █▀▀▀▀▀█   
  █ ███ █ ▄▀ █ ▀▄ ▄▀▀  ▀▀   █   ▀▀▄ █ ███ █   
  █ ▀▀▀ █ ▄██▀▄█ █▄▄█ ▄▀▄▀█▄▀▄▀██▀  █ ▀▀▀ █   
  ▀▀▀▀▀▀▀ ▀▄▀ ▀ ▀▄▀ ▀▄▀▄█ ▀ ▀▄█ █ █ ▀▀▀▀▀▀▀   
  ▀█▀█▀ ▀▀▀█▄▀▄▀▄▀█ ▄█▀▀█▀▀▀▄▀▀█▄█▄▀▄▀▄▀ █▄   
  ███ ▄▄▀▄ ▀ ▀  ▄█▀ ▀▄ ▄█▄  █▀▀▀█▄▄█ ▄▄  ▀▄   
   ▀▀▀█▄▀ ▀ █ ▀ ▄▄▄ ▀█▀ ▀ ▀▄▀▀█ ▄ ▄ ▄█▄██ ▀   
  ▄ ▄▀ ▀▀▄▀ ▀█▀   ▄ ▀▄▀█▄ ▀  █▀  ▄█▀█▄▄█▀▄    
   ▄▄▀██▀▄█▀ █▀▄▀▄▄▄ █▄█▀▄ ▀▄▀▀▀▀▄▄▄ ▀▄ ▄█▄   
   ▄█ ▄ ▀▀▄▀█ ▄█▀▀ █▄▄ █▄▄▄▀▄▀█  ▄  ▄█ ▄▀ ▄   
  ▄ ▀█ █▀█▀ ▄▀▄ ▀▄▀ ▄█▀ ██▀▄█▀▀▀▄▀▄▄ ▄█▄ ▀    
  █▄█▄██▀ ▄▀▄ ▄ ▀█▀ ▀ ██ ▄▄▀▄▀▀▀▄ ▄ ▀ ▄▄ ▄    
  █ ▀▀██▀  █  ▀ ▀██  ██▀▀▄▀▄▀ ▀▀▀█▀▀▄ ▄▀▀▄    
   ▄▄ ▄█▀ █▀  ▀ ▄▀█ ▀ ▀█▄ ▀ ▄▀ ▀▄ ▄▄ ▀█▀▀     
  ▄ █▀▀▀▀█▀▀█ ▀ ▄▄▄▄▀█▀▀▀▄▄▄▀▄▄▄▄ ▄ ▄██▀▀█    
  █ █ ▄▄▀▀▀▄ █▀ ▄ ▄ ▀ ▀▄▄▄█▀▄▀▀▀█▄███▀▀▄  ▄   
  ▀  ▀  ▀▀▄ ▄▀▀▄█ ▄▄▄▀▄▄▀ ▀▀▄▀▀▀▀▄█▀▀▀█ ██    
  █▀▀▀▀▀█ ▀▀ ▄▄█▀▀▀█▄▄ ██  ▀ ▀ ▀█▀█ ▀ █ ▀ ▄   
  █ ███ █ █ ▄ ▄ ▀▄▀▄▄▀█▀█▀▀█▄▀█▀▄ ▀█▀█▀▀▀ ▄   
  █ ▀▀▀ █ ██▀ ▄ ▄█▀ ▀  ▄█ ▄▀ ▀ ▀ ▄▀▄▀ ██ ▄    
  ▀▀▀▀▀▀▀ ▀   ▀▀▀▀   ▀▀▀▀▀▀ ▀  ▀ ▀ ▀   ▀▀     
                                              

V (1942) esp_adapter: thread sem get: sem=0x3fcaa7ac[0m
[0;32mI (1942) phy_init: phy_version 640,cd64a1a,Jan 24 2024,17:28:12[0m
D (1952) phy_init: loading PHY init data from application binary[0m
D (1962) nvs: nvs_open_from_partition phy 0[0m
D (1962) nvs: nvs_get cal_version 4[0m
V (1962) phy_init: phy_get_rf_cal_version: 640[0m
D (1972) nvs: nvs_get_str_or_blob cal_mac[0m
D (1972) efuse: In EFUSE_BLK1__DATA1_REG is used 8 bits starting with 8 bit[0m
D (1982) efuse: In EFUSE_BLK1__DATA1_REG is used 8 bits starting with 0 bit[0m
D (1992) efuse: In EFUSE_BLK1__DATA0_REG is used 8 bits starting with 24 bit[0m
D (1992) efuse: In EFUSE_BLK1__DATA0_REG is used 8 bits starting with 16 bit[0m
D (2002) efuse: In EFUSE_BLK1__DATA0_REG is used 8 bits starting with 8 bit[0m
D (2012) efuse: In EFUSE_BLK1__DATA0_REG is used 8 bits starting with 0 bit[0m
D (2022) nvs: nvs_get_str_or_blob cal_data[0m
D (2032) nvs: nvs_close 3[0m
D (2032) efuse: In EFUSE_BLK1__DATA1_REG is used 8 bits starting with 8 bit[0m
D (2032) efuse: In EFUSE_BLK1__DATA1_REG is used 8 bits starting with 0 bit[0m
D (2042) efuse: In EFUSE_BLK1__DATA0_REG is used 8 bits starting with 24 bit[0m
D (2042) efuse: In EFUSE_BLK1__DATA0_REG is used 8 bits starting with 16 bit[0m
D (2052) efuse: In EFUSE_BLK1__DATA0_REG is used 8 bits starting with 8 bit[0m
D (2062) efuse: In EFUSE_BLK1__DATA0_REG is used 8 bits starting with 0 bit[0m
D (2082) temperature_sensor: range changed, change to index 2[0m
V (2092) wifi:ht20 freq=2412, chan=1
D (2092) wifi:filter: set rx policy=0
I (2102) wifi:mode : sta (84:fc:e6:7b:73:b8)
I (2102) wifi:enable tsf
D (2102) wifi:filter: set rx policy=1
D (2102) wifi:connect status 0 -> 0
D (2102) event: running post WIFI_EVENT:40 with handler 0x4200a710 and context 0x3fca7f98 on loop 0x3fca6d0c[0m
D (2112) event: running post WIFI_EVENT:2 with handler 0x4202cce4 and context 0x3fca7e30 on loop 0x3fca6d0c[0m
D (2122) wifi_init_default: wifi_start esp-netif:0x3fca7c34 event-id2[0m
D (2132) wifi_init_default: WIFI mac address: 84 fc e6 7b 73 b8[0m
V (2142) esp_adapter: thread sem create: sem=0x3fcb27f0[0m
V (2142) esp_adapter: thread sem get: sem=0x3fcb27f0[0m
D (2152) esp_netif_lwip: check: remote, if=0x3fca7c34 fn=0x42012e34[0m
D (2152) esp_netif_lwip: call api in lwip: ret=0x0, give sem[0m
D (2162) esp_netif_handlers: esp_netif action has started with netif0x3fca7c34 from event_id=2[0m
D (2172) esp_netif_lwip: check: remote, if=0x3fca7c34 fn=0x42013700[0m
D (2172) esp_netif_lwip: esp_netif_start_api 0x3fca7c34[0m
D (2182) esp_netif_lwip: esp_netif_get_hostname esp_netif:0x3fca7c34[0m
D (2182) esp_netif_lwip: check: local, if=0x3fca7c34 fn=0x42013ea4[0m
D (2192) esp_netif_lwip: esp_netif_update_default_netif_lwip 0x3fca7c34[0m
V (2202) esp_netif_lwip: esp_netif_is_netif_up esp_netif:0x3fca7c34[0m
D (2202) esp_netif_lwip: call api in lwip: ret=0x0, give sem[0m
D (2212) event: running post WIFI_EVENT:2 with handler 0x4200a710 and context 0x3fca7f98 on loop 0x3fca6d0c[0m
[0;32mI (2222) wifi dpp-enrollee: Started listening for DPP Authentication[0m
V (2222) esp_adapter: thread sem create: sem=0x3fcb28a0[0m
V (2232) esp_adapter: thread sem get: sem=0x3fcb28a0[0m
D (2242) wifi:Listen on channel 6 for 500 mSec
V (2242) wifi:change: chan<6,0>, dur<0,500>
V (2242) wifi:ht20 freq=2437, chan=6
V (2252) wifi:enter start op, arg=0x42014ad0
V (2252) wifi:start max timer
D (2752) wifi:ROC: Ending operation at 2.0, returning to Channel 1
V (2752) wifi:back home chan=<1,0>, current chan=<6,0>
V (2752) wifi:ht20 freq=2412, chan=1
D (2762) event: running post WIFI_EVENT:20 with handler 0x4200a710 and context 0x3fca7f98 on loop 0x3fca6d0c[0m
D (2772) event: running post WIFI_EVENT:20 with handler 0x4201563c and context 0x3fcb2590 on loop 0x3fca6d0c[0m
V (2782) esp_adapter: thread sem get: sem=0x3fcb28a0[0m
D (2782) wifi:Listen on channel 6 for 500 mSec
V (2792) wifi:change: chan<6,0>, dur<0,500>
V (2792) wifi:ht20 freq=2437, chan=6
V (2792) wifi:enter start op, arg=0x42014ad0
V (2802) wifi:start max timer
D (3302) wifi:ROC: Ending operation at 3.0, returning to Channel 1
V (3302) wifi:back home chan=<1,0>, current chan=<6,0>
V (3302) wifi:ht20 freq=2412, chan=1
D (3302) event: running post WIFI_EVENT:20 with handler 0x4200a710 and context 0x3fca7f98 on loop 0x3fca6d0c[0m
D (3312) event: running post WIFI_EVENT:20 with handler 0x4201563c and context 0x3fcb2590 on loop 0x3fca6d0c[0m
V (3322) esp_adapter: thread sem get: sem=0x3fcb28a0[0m
D (3332) wifi:Listen on channel 6 for 500 mSec
V (3332) wifi:change: chan<6,0>, dur<0,500>
V (3342) wifi:ht20 freq=2437, chan=6
V (3342) wifi:enter start op, arg=0x42014ad0
V (3342) wifi:start max timer
D (3852) wifi:ROC: Ending operation at 3.0, returning to Channel 1
V (3852) wifi:back home chan=<1,0>, current chan=<6,0>
V (3852) wifi:ht20 freq=2412, chan=1
D (3852) event: running post WIFI_EVENT:20 with handler 0x4200a710 and context 0x3fca7f98 on loop 0x3fca6d0c[0m
D (3862) event: running post WIFI_EVENT:20 with handler 0x4201563c and context 0x3fcb2590 on loop 0x3fca6d0c[0m
V (3872) esp_adapter: thread sem get: sem=0x3fcb28a0[0m
D (3882) wifi:Listen on channel 6 for 500 mSec
V (3882) wifi:change: chan<6,0>, dur<0,500>
V (3882) wifi:ht20 freq=2437, chan=6
V (3892) wifi:enter start op, arg=0x42014ad0
V (3892) wifi:start max timer
D (4392) wifi:ROC: Ending operation at 4.0, returning to Channel 1
V (4392) wifi:back home chan=<1,0>, current chan=<6,0>
V (4392) wifi:ht20 freq=2412, chan=1
D (4402) event: running post WIFI_EVENT:20 with handler 0x4200a710 and context 0x3fca7f98 on loop 0x3fca6d0c[0m
D (4412) event: running post WIFI_EVENT:20 with handler 0x4201563c and context 0x3fcb2590 on loop 0x3fca6d0c[0m
V (4422) esp_adapter: thread sem get: sem=0x3fcb28a0[0m
D (4422) wifi:Listen on channel 6 for 500 mSec
V (4432) wifi:change: chan<6,0>, dur<0,500>
V (4432) wifi:ht20 freq=2437, chan=6
V (4432) wifi:enter start op, arg=0x42014ad0
V (4442) wifi:start max timer
D (4942) wifi:ROC: Ending operation at 4.0, returning to Channel 1
V (4942) wifi:back home chan=<1,0>, current chan=<6,0>
V (4942) wifi:ht20 freq=2412, chan=1
D (4942) event: running post WIFI_EVENT:20 with handler 0x4200a710 and context 0x3fca7f98 on loop 0x3fca6d0c[0m
D (4952) event: running post WIFI_EVENT:20 with handler 0x4201563c and context 0x3fcb2590 on loop 0x3fca6d0c[0m
V (4962) esp_adapter: thread sem get: sem=0x3fcb28a0[0m
D (4972) wifi:Listen on channel 6 for 500 mSec
V (4972) wifi:change: chan<6,0>, dur<0,500>
V (4982) wifi:ht20 freq=2437, chan=6
V (4982) wifi:enter start op, arg=0x42014ad0
V (4982) wifi:start max timer
D (5492) wifi:ROC: Ending operation at 5.0, returning to Channel 1
V (5492) wifi:back home chan=<1,0>, current chan=<6,0>
V (5492) wifi:ht20 freq=2412, chan=1
D (5492) event: running post WIFI_EVENT:20 with handler 0x4200a710 and context 0x3fca7f98 on loop 0x3fca6d0c[0m
D (5502) event: running post WIFI_EVENT:20 with handler 0x4201563c and context 0x3fcb2590 on loop 0x3fca6d0c[0m
V (5512) esp_adapter: thread sem get: sem=0x3fcb28a0[0m
D (5512) wifi:Listen on channel 6 for 500 mSec
V (5522) wifi:change: chan<6,0>, dur<0,500>
V (5522) wifi:ht20 freq=2437, chan=6
V (5532) wifi:enter start op, arg=0x42014ad0
V (5532) wifi:start max timer
D (6032) wifi:ROC: Ending operation at 5.0, returning to Channel 1
V (6032) wifi:back home chan=<1,0>, current chan=<6,0>
V (6032) wifi:ht20 freq=2412, chan=1
D (6042) event: running post WIFI_EVENT:20 with handler 0x4200a710 and context 0x3fca7f98 on loop 0x3fca6d0c[0m
D (6042) event: running post WIFI_EVENT:20 with handler 0x4201563c and context 0x3fcb2590 on loop 0x3fca6d0c[0m
V (6052) esp_adapter: thread sem get: sem=0x3fcb28a0[0m
D (6062) wifi:Listen on channel 6 for 500 mSec
V (6062) wifi:change: chan<6,0>, dur<0,500>
V (6072) wifi:ht20 freq=2437, chan=6
V (6072) wifi:enter start op, arg=0x42014ad0
V (6082) wifi:start max timer
D (6582) wifi:ROC: Ending operation at 6.0, returning to Channel 1
V (6582) wifi:back home chan=<1,0>, current chan=<6,0>
V (6582) wifi:ht20 freq=2412, chan=1
D (6582) event: running post WIFI_EVENT:20 with handler 0x4200a710 and context 0x3fca7f98 on loop 0x3fca6d0c[0m
D (6592) event: running post WIFI_EVENT:20 with handler 0x4201563c and context 0x3fcb2590 on loop 0x3fca6d0c[0m
V (6602) esp_adapter: thread sem get: sem=0x3fcb28a0[0m
D (6612) wifi:Listen on channel 6 for 500 mSec
V (6612) wifi:change: chan<6,0>, dur<0,500>
V (6612) wifi:ht20 freq=2437, chan=6
V (6622) wifi:enter start op, arg=0x42014ad0
V (6622) wifi:start max timer
D (7122) wifi:ROC: Ending operation at 6.0, returning to Channel 1
V (7122) wifi:back home chan=<1,0>, current chan=<6,0>
V (7122) wifi:ht20 freq=2412, chan=1
D (7132) event: running post WIFI_EVENT:20 with handler 0x4200a710 and context 0x3fca7f98 on loop 0x3fca6d0c[0m
D (7142) event: running post WIFI_EVENT:20 with handler 0x4201563c and context 0x3fcb2590 on loop 0x3fca6d0c[0m
V (7152) esp_adapter: thread sem get: sem=0x3fcb28a0[0m
D (7152) wifi:Listen on channel 6 for 500 mSec
V (7162) wifi:change: chan<6,0>, dur<0,500>
V (7162) wifi:ht20 freq=2437, chan=6
V (7162) wifi:enter start op, arg=0x42014ad0
V (7172) wifi:start max timer
D (7672) wifi:ROC: Ending operation at 7.0, returning to Channel 1
V (7672) wifi:back home chan=<1,0>, current chan=<6,0>
V (7672) wifi:ht20 freq=2412, chan=1
D (7672) event: running post WIFI_EVENT:20 with handler 0x4200a710 and context 0x3fca7f98 on loop 0x3fca6d0c[0m
D (7682) event: running post WIFI_EVENT:20 with handler 0x4201563c and context 0x3fcb2590 on loop 0x3fca6d0c[0m
V (7692) esp_adapter: thread sem get: sem=0x3fcb28a0[0m
D (7702) wifi:Listen on channel 6 for 500 mSec
V (7702) wifi:change: chan<6,0>, dur<0,500>
V (7712) wifi:ht20 freq=2437, chan=6
V (7712) wifi:enter start op, arg=0x42014ad0
V (7712) wifi:start max timer
D (8222) wifi:ROC: Ending operation at 7.0, returning to Channel 1
V (8222) wifi:back home chan=<1,0>, current chan=<6,0>
V (8222) wifi:ht20 freq=2412, chan=1
D (8222) event: running post WIFI_EVENT:20 with handler 0x4200a710 and context 0x3fca7f98 on loop 0x3fca6d0c[0m
D (8232) event: running post WIFI_EVENT:20 with handler 0x4201563c and context 0x3fcb2590 on loop 0x3fca6d0c[0m
V (8242) esp_adapter: thread sem get: sem=0x3fcb28a0[0m
D (8242) wifi:Listen on channel 6 for 500 mSec
V (8252) wifi:change: chan<6,0>, dur<0,500>
V (8252) wifi:ht20 freq=2437, chan=6
V (8262) wifi:enter start op, arg=0x42014ad0
V (8262) wifi:start max timer
D (8512) wpa: DPP: Rx Public Action frame: action - 9[0m
V (8512) esp_adapter: thread sem get: sem=0x3fcb28a0[0m
D (8522) wifi:ROC: Ending operation at 8.0, returning to Channel 1
V (8522) wifi:back home chan=<1,0>, current chan=<6,0>
V (8522) wifi:ht20 freq=2412, chan=1
V (8532) wifi:back home chan=<1,0>, current chan=<1,0>
[0;32mI (8532) wpa: DPP: Authentication Request from f6:7e:b3:6c:70:fb[0m
D (8532) event: running post WIFI_EVENT:20 with handler 0x4200a710 and context 0x3fca7f98 on loop 0x3fca6d0c[0m
V (8542) wpa: DPP: Responder Bootstrapping Key Hash - hexdump(len=32):[0m
D (8552) event: running post WIFI_EVENT:20 with handler 0x4201563c and context 0x3fcb2590 on loop 0x3fca6d0c[0m
V (8562) wpa: 6d bc f4 f4 98 0b cb fc cf dc ac df be 33 a9 59 [0m
V (8572) wpa: 28 47 9f 71 16 01 41 9f a0 fb f2 ae 25 19 62 f3 [0m
V (8582) wpa: DPP: Initiator Bootstrapping Key Hash - hexdump(len=32):[0m
V (8582) wpa: 86 a6 22 83 a3 7d c4 88 28 3d 32 e4 63 6a 69 70 [0m
V (8592) wpa: 0b a6 0d 26 41 c9 2e 5f 2f f7 05 bb 9b f5 89 22 [0m
V (8602) wpa: DPP: Wrapped Data - hexdump(len=41):[0m
V (8602) wpa: de 19 86 ff f2 32 9b f3 32 3a d8 71 12 73 27 43 [0m
V (8612) wpa: bd 26 8c cf 93 1d 0c 88 8f 45 3b e1 25 f4 27 61 [0m
V (8612) wpa: 94 39 5b ee 77 c1 39 e5 e1 [0m
V (8622) wpa: DPP: Initiator Protocol Key - hexdump(len=64):[0m
V (8622) wpa: 12 18 a9 ee 6a 9b 92 5e 57 66 79 3f a7 da 54 2d [0m
V (8632) wpa: de c7 41 57 89 96 8a 01 89 e2 45 fc 18 89 ae 81 [0m
V (8632) wpa: 82 27 9c 1a de 14 d8 08 54 cb f2 0a 0c f0 9d da [0m
V (8642) wpa: 34 66 71 bd 02 b0 08 6d d6 a3 5e 80 b3 a5 54 9e [0m
V (8652) intr_alloc: esp_intr_alloc_intrstatus (cpu 1): checking args[0m
V (8652) intr_alloc: esp_intr_alloc_intrstatus (cpu 1): Args okay. Resulting flags 0xE[0m
D (8662) intr_alloc: Connected src 76 to int 4 (cpu 1)[0m
[0;31mE (8672) wpa: curve: secp256r1[0m
[0;31mE (8672) wpa: prime len is 32[0m
[0;31mE (8672) wpa: Q_x: - hexdump(len=32):[0m
[0;31mE (8682) wpa: 12 18 a9 ee 6a 9b 92 5e 57 66 79 3f a7 da 54 2d [0m
[0;31mE (8682) wpa: de c7 41 57 89 96 8a 01 89 e2 45 fc 18 89 ae 81 [0m
[0;31mE (8692) wpa: Q_y: - hexdump(len=32):[0m
[0;31mE (8692) wpa: 82 27 9c 1a de 14 d8 08 54 cb f2 0a 0c f0 9d da [0m
[0;31mE (8702) wpa: 34 66 71 bd 02 b0 08 6d d6 a3 5e 80 b3 a5 54 9e [0m
[0;31mE (8712) wpa: d:      - hexdump(len=32):[0m
[0;31mE (8712) wpa: 00 00 00 00 00 00 00 00 00 00 00 00 00 00 00 00 [0m
[0;31mE (8722) wpa: 00 00 00 00 00 00 00 00 00 00 00 00 00 00 00 00 [0m
V (8732) intr_alloc: esp_intr_alloc_intrstatus (cpu 1): checking args[0m
V (8732) intr_alloc: esp_intr_alloc_intrstatus (cpu 1): Args okay. Resulting flags 0xE[0m
D (8742) intr_alloc: Connected src 77 to int 9 (cpu 1)[0m
D (8902) wpa: DPP: ECDH shared secret (M.x) - hexdump(len=32):[0m
D (8902) wpa: 0b 2a 61 a2 b2 e1 84 81 65 8a 12 8f d3 85 c6 c0 [0m
D (8902) wpa: 49 87 c3 90 65 d4 93 40 c8 e5 9e 0a ef af 69 d5 [0m
D (8912) wpa: DPP: PRK = HKDF-Extract(<>, IKM=M.x) - hexdump(len=32):[0m
D (8912) wpa: 5f e0 85 33 de 45 11 42 ad 71 ef 2b 1e 38 10 bc [0m
D (8922) wpa: ba da e0 26 a9 a2 0e 89 70 bc 06 4d a5 1a 67 13 [0m
D (8922) wpa: DPP: k1 = HKDF-Expand(PRK, info, L) - hexdump(len=32):[0m
D (8932) wpa: a8 96 5a 04 e2 f2 c6 91 5d 2e 00 91 c7 6c 78 e4 [0m
D (8942) wpa: 84 10 54 f4 97 cc ee 28 ef 44 af 5e d6 dd e3 74 [0m
D (8942) wpa: DDP: AES-SIV AD[0] - hexdump(len=6):[0m
D (8952) wpa: 50 6f 9a 1a 01 00 [0m
D (8952) wpa: DDP: AES-SIV AD[1] - hexdump(len=140):[0m
D (8962) wpa: 02 10 20 00 6d bc f4 f4 98 0b cb fc cf dc ac df [0m
D (8962) wpa: be 33 a9 59 28 47 9f 71 16 01 41 9f a0 fb f2 ae [0m
D (8972) wpa: 25 19 62 f3 01 10 20 00 86 a6 22 83 a3 7d c4 88 [0m
D (8972) wpa: 28 3d 32 e4 63 6a 69 70 0b a6 0d 26 41 c9 2e 5f [0m
D (8982) wpa: 2f f7 05 bb 9b f5 89 22 03 10 40 00 12 18 a9 ee [0m
D (8982) wpa: 6a 9b 92 5e 57 66 79 3f a7 da 54 2d de c7 41 57 [0m
D (8992) wpa: 89 96 8a 01 89 e2 45 fc 18 89 ae 81 82 27 9c 1a [0m
D (9002) wpa: de 14 d8 08 54 cb f2 0a 0c f0 9d da 34 66 71 bd [0m
D (9002) wpa: 02 b0 08 6d d6 a3 5e 80 b3 a5 54 9e [0m
D (9012) wpa: DPP: AES-SIV ciphertext - hexdump(len=41):[0m
D (9012) wpa: de 19 86 ff f2 32 9b f3 32 3a d8 71 12 73 27 43 [0m
D (9022) wpa: bd 26 8c cf 93 1d 0c 88 8f 45 3b e1 25 f4 27 61 [0m
D (9022) wpa: 94 39 5b ee 77 c1 39 e5 e1 [0m
D (9032) wpa: DPP: AES-SIV cleartext - hexdump(len=25):[0m
D (9032) wpa: 05 10 10 00 dc 18 d3 c0 2e 17 7a e7 db bd 0c b1 [0m
D (9042) wpa: 71 6a dc 9c 06 10 01 00 02 [0m
V (9042) wpa: DPP: Attribute ID 1005 len 16[0m
V (9052) wpa: DPP: Attribute ID 1006 len 1[0m
D (9052) wpa: DPP: I-nonce - hexdump(len=16):[0m
D (9062) wpa: dc 18 d3 c0 2e 17 7a e7 db bd 0c b1 71 6a dc 9c [0m
D (9062) wpa: DPP: I-capabilities: 0x02[0m
D (9072) wpa: DPP: Acting as Enrollee[0m
D (9072) wpa: DPP: Build Authentication Response[0m
D (9082) wpa: DPP: R-nonce - hexdump(len=16):[0m
D (9082) wpa: e7 8d b4 31 cd 87 5a ff fb 1e e2 29 a2 87 86 42 [0m
D (9142) wpa: DPP: Generating a keypair[0m
[0;31mE (9142) wpa: curve: secp256r1[0m
[0;31mE (9142) wpa: prime len is 32[0m
[0;31mE (9142) wpa: Q_x: - hexdump(len=32):[0m
[0;31mE (9142) wpa: b2 de d4 19 6f bc 88 8b 41 9e 94 94 0d 74 f5 53 [0m
[0;31mE (9152) wpa: 7d 1e 39 cf 20 ad 89 d3 5b 17 78 f1 a6 db 3f 82 [0m
[0;31mE (9162) wpa: Q_y: - hexdump(len=32):[0m
[0;31mE (9162) wpa: 29 a4 e8 8f 36 9c 22 ad fb d0 89 ef 8c dd 8a 94 [0m
[0;31mE (9172) wpa: ed 78 db e4 3b 21 54 21 4a 2a ff 20 1c 80 ed bd [0m
[0;31mE (9172) wpa: d:      - hexdump(len=32):[0m
[0;31mE (9182) wpa: 6b f5 ee b2 63 40 23 3c e4 f5 85 6d 20 58 61 15 [0m
[0;31mE (9192) wpa: 89 f6 37 be e1 ea 1f e1 48 f3 1a 76 b2 03 46 8c [0m
D (9352) wpa: DPP: ECDH shared secret (N.x) - hexdump(len=32):[0m
D (9352) wpa: 2c 5a 29 50 b7 40 74 3d f0 1f d8 77 cd 1b f3 00 [0m
D (9352) wpa: 3b 77 44 16 2c bd db 4a 24 d1 ea 85 53 16 c2 e4 [0m
D (9352) wpa: DPP: PRK = HKDF-Extract(<>, IKM=N.x) - hexdump(len=32):[0m
D (9362) wpa: b9 3f 57 cc 1f 8f 52 58 2b 0b e4 44 0c 0d 43 99 [0m
D (9362) wpa: 81 40 3f c1 11 e2 8b 09 e9 32 db cf e7 c5 ce fd [0m
D (9372) wpa: DPP: k2 = HKDF-Expand(PRK, info, L) - hexdump(len=32):[0m
D (9382) wpa: 24 b6 b9 77 eb 02 b5 d9 54 5e 5b 3e 1c be c2 ea [0m
D (9382) wpa: ad 43 60 41 f0 a8 1f 9b 5f e1 af 58 8c 44 16 b4 [0m
D (9392) wpa: DPP: PRK = HKDF-Extract(<>, IKM) - hexdump(len=32):[0m
D (9402) wpa: 5c 2e 86 2c b4 78 88 51 36 df 87 1a 91 38 5b 68 [0m
D (9402) wpa: 00 68 f8 a8 ef 51 4d db ca 4f be fe 8c fd 30 9e [0m
D (9412) wpa: DPP: ke = HKDF-Expand(PRK, info, L) - hexdump(len=32):[0m
D (9412) wpa: ed 92 f9 79 77 66 68 47 ed 61 52 07 ce 97 90 a0 [0m
D (9422) wpa: e1 d6 96 97 d6 b1 0b 87 63 b1 fe a7 3b 7e bc 3c [0m
D (9432) wpa: DPP: R-auth hash components[0m
D (9432) wpa: DPP: hash component - hexdump(len=16):[0m
D (9432) wpa: dc 18 d3 c0 2e 17 7a e7 db bd 0c b1 71 6a dc 9c [0m
D (9442) wpa: DPP: hash component - hexdump(len=16):[0m
D (9452) wpa: e7 8d b4 31 cd 87 5a ff fb 1e e2 29 a2 87 86 42 [0m
D (9452) wpa: DPP: hash component - hexdump(len=32):[0m
D (9462) wpa: 12 18 a9 ee 6a 9b 92 5e 57 66 79 3f a7 da 54 2d [0m
D (9462) wpa: de c7 41 57 89 96 8a 01 89 e2 45 fc 18 89 ae 81 [0m
D (9472) wpa: DPP: hash component - hexdump(len=32):[0m
D (9472) wpa: b2 de d4 19 6f bc 88 8b 41 9e 94 94 0d 74 f5 53 [0m
D (9482) wpa: 7d 1e 39 cf 20 ad 89 d3 5b 17 78 f1 a6 db 3f 82 [0m
D (9482) wpa: DPP: hash component - hexdump(len=32):[0m
D (9492) wpa: a3 f0 e9 6b 24 45 a7 00 e9 58 b1 8b d0 91 1f 06 [0m
D (9502) wpa: 3b 0a d6 d7 94 09 80 7d 07 77 4b e7 f6 b2 11 76 [0m
D (9502) wpa: DPP: hash component - hexdump(len=1):[0m
D (9512) wpa: 00 [0m
D (9512) wpa: DPP: R-auth - hexdump(len=32):[0m
D (9512) wpa: ec a6 20 96 8e e0 c6 38 65 95 8b 92 f3 a0 87 72 [0m
D (9522) wpa: 3b 7b 78 53 f5 a2 e1 65 d8 f6 30 13 bf 05 ee 7f [0m
D (9532) wpa: DPP: {R-auth}ke - hexdump(len=52):[0m
D (9532) wpa: da 8f 54 c9 93 9b 0c 6d f5 be a5 49 9f e3 cf 57 [0m
D (9542) wpa: 92 35 3b d0 bf cc 71 86 a8 a1 89 fd 9d 2d 21 b1 [0m
D (9542) wpa: 23 04 2c 8a 10 fe 55 b5 d1 5e 5e d7 1d 03 7d e7 [0m
D (9552) wpa: b6 3e bc 45 [0m
D (9552) wpa: Setting auth resp retry to 0 0 [0m
D (9552) wpa: DPP: Status 0[0m
D (9562) wpa: DPP: R-Bootstrap Key Hash[0m
D (9562) wpa: DDP: AES-SIV AD[0] - hexdump(len=6):[0m
D (9572) wpa: 50 6f 9a 1a 01 01 [0m
D (9572) wpa: DDP: AES-SIV AD[1] - hexdump(len=109):[0m
D (9572) wpa: 00 10 01 00 00 02 10 20 00 6d bc f4 f4 98 0b cb [0m
D (9582) wpa: fc cf dc ac df be 33 a9 59 28 47 9f 71 16 01 41 [0m
D (9592) wpa: 9f a0 fb f2 ae 25 19 62 f3 09 10 40 00 b2 de d4 [0m
D (9592) wpa: 19 6f bc 88 8b 41 9e 94 94 0d 74 f5 53 7d 1e 39 [0m
D (9602) wpa: cf 20 ad 89 d3 5b 17 78 f1 a6 db 3f 82 29 a4 e8 [0m
D (9602) wpa: 8f 36 9c 22 ad fb d0 89 ef 8c dd 8a 94 ed 78 db [0m
D (9612) wpa: e4 3b 21 54 21 4a 2a ff 20 1c 80 ed bd [0m
D (9612) wpa: DPP: AES-SIV cleartext - hexdump(len=101):[0m
D (9622) wpa: 07 10 10 00 e7 8d b4 31 cd 87 5a ff fb 1e e2 29 [0m
D (9632) wpa: a2 87 86 42 05 10 10 00 dc 18 d3 c0 2e 17 7a e7 [0m
D (9632) wpa: db bd 0c b1 71 6a dc 9c 08 10 01 00 01 04 10 34 [0m
D (9642) wpa: 00 da 8f 54 c9 93 9b 0c 6d f5 be a5 49 9f e3 cf [0m
D (9642) wpa: 57 92 35 3b d0 bf cc 71 86 a8 a1 89 fd 9d 2d 21 [0m
D (9652) wpa: b1 23 04 2c 8a 10 fe 55 b5 d1 5e 5e d7 1d 03 7d [0m
D (9662) wpa: e7 b6 3e bc 45 [0m
D (9662) wpa: DPP: AES-SIV ciphertext - hexdump(len=117):[0m
D (9662) wpa: fb d6 52 9a a1 f7 8e db f3 cc a7 7e 15 42 cb 3d [0m
D (9672) wpa: d5 e0 aa 59 d8 6e ee f7 31 d6 8a 78 59 ca 06 89 [0m
D (9682) wpa: 86 a6 b6 81 f0 c4 05 d0 8a 37 6e 73 86 51 36 a9 [0m
D (9682) wpa: 74 87 78 99 b2 d2 e4 93 c9 1b 75 f5 0f 17 bb c7 [0m
D (9692) wpa: 35 15 d6 c0 11 e1 ac 45 6d 01 ff 95 9a ab 4c 3b [0m
D (9692) wpa: d9 c1 1e 74 d0 32 de 49 48 29 79 34 ff 21 6a 62 [0m
D (9702) wpa: b4 dc 58 0f 99 fc 44 47 c5 f7 0b ae 2e ff 44 2b [0m
D (9712) wpa: c8 da fb 14 8a [0m
D (9712) wpa: DPP: Authentication Response frame attributes - hexdump(len=238):[0m
D (9722) wpa: 04 09 50 6f 9a 1a 01 01 00 10 01 00 00 02 10 20 [0m
D (9722) wpa: 00 6d bc f4 f4 98 0b cb fc cf dc ac df be 33 a9 [0m
D (9732) wpa: 59 28 47 9f 71 16 01 41 9f a0 fb f2 ae 25 19 62 [0m
D (9732) wpa: f3 09 10 40 00 b2 de d4 19 6f bc 88 8b 41 9e 94 [0m
D (9742) wpa: 94 0d 74 f5 53 7d 1e 39 cf 20 ad 89 d3 5b 17 78 [0m
D (9752) wpa: f1 a6 db 3f 82 29 a4 e8 8f 36 9c 22 ad fb d0 89 [0m
D (9752) wpa: ef 8c dd 8a 94 ed 78 db e4 3b 21 54 21 4a 2a ff [0m
D (9762) wpa: 20 1c 80 ed bd 04 10 75 00 fb d6 52 9a a1 f7 8e [0m
D (9762) wpa: db f3 cc a7 7e 15 42 cb 3d d5 e0 aa 59 d8 6e ee [0m
D (9772) wpa: f7 31 d6 8a 78 59 ca 06 89 86 a6 b6 81 f0 c4 05 [0m
D (9772) wpa: d0 8a 37 6e 73 86 51 36 a9 74 87 78 99 b2 d2 e4 [0m
D (9782) wpa: 93 c9 1b 75 f5 0f 17 bb c7 35 15 d6 c0 11 e1 ac [0m
D (9792) wpa: 45 6d 01 ff 95 9a ab 4c 3b d9 c1 1e 74 d0 32 de [0m
D (9792) wpa: 49 48 29 79 34 ff 21 6a 62 b4 dc 58 0f 99 fc 44 [0m
D (9802) wpa: 47 c5 f7 0b ae 2e ff 44 2b c8 da fb 14 8a [0m
D (9802) wpa: DPP: Mgmt Tx - MAC:f6:7e:b3:6c:70:fb, Channel-6, WaitT-600[0m
V (9812) esp_adapter: thread sem get: sem=0x3fcb28a0[0m
D (9822) wifi:Send frame on channel 6 to f6:7e:b3:6c:70:fb

V (9822) wifi:change: chan<6,0>, dur<0,600>
V (9822) wifi:ht20 freq=2437, chan=6
V (9832) wifi:enter start op, arg=0x3fcb4374
D (9832) wifi:offchan_txop_start : 143
V (9842) wifi:start max timer
D (9842) wifi:tx_mgmt cb : 1636 status 1 
D (9842) wifi:tx data done, now:9863932
D (9852) wifi:woke up
D (9852) wpa: DPP: Rx Public Action frame: action - 9[0m
D (9852) event: running post WIFI_EVENT:19 with handler 0x4200a710 and context 0x3fca7f98 on loop 0x3fca6d0c[0m
D (9852) wpa: DPP: Authentication Confirmation from f6:7e:b3:6c:70:fb[0m
D (9862) event: running post WIFI_EVENT:19 with handler 0x4201563c and context 0x3fcb2560 on loop 0x3fca6d0c[0m
D (9872) wpa: ELOOP: esp_dpp_rx_auth_conf:278 called to remove timer handler=0x4201551c, removed count=0[0m
D (9882) wpa: Mgmt Tx Status - 0, Cookie - 0x42014ad0[0m
D (9892) wpa: DPP: Wrapped data - hexdump(len=52):[0m
D (9902) wpa: c4 a5 c0 7f 8a e3 d5 36 36 68 68 af 91 0d 92 8d [0m
D (9902) wpa: d9 1b 6f 28 89 50 0a 9b da 68 af 44 f8 8f bc 22 [0m
D (9912) wpa: b5 4f a6 d7 43 29 12 c6 c8 1f 13 29 95 02 c1 3d [0m
D (9922) wpa: a5 82 c5 73 [0m
D (9922) wpa: DPP: Responder Bootstrapping Key Hash - hexdump(len=32):[0m
D (9932) wpa: 6d bc f4 f4 98 0b cb fc cf dc ac df be 33 a9 59 [0m
D (9932) wpa: 28 47 9f 71 16 01 41 9f a0 fb f2 ae 25 19 62 f3 [0m
D (9942) wpa: DPP: Status 0[0m
D (9942) wpa: DDP: AES-SIV AD[0] - hexdump(len=6):[0m
D (9952) wpa: 50 6f 9a 1a 01 02 [0m
D (9952) wpa: DDP: AES-SIV AD[1] - hexdump(len=41):[0m
D (9952) wpa: 00 10 01 00 00 02 10 20 00 6d bc f4 f4 98 0b cb [0m
D (9962) wpa: fc cf dc ac df be 33 a9 59 28 47 9f 71 16 01 41 [0m
D (9972) wpa: 9f a0 fb f2 ae 25 19 62 f3 [0m
D (9972) wpa: DPP: AES-SIV ciphertext - hexdump(len=52):[0m
D (9972) wpa: c4 a5 c0 7f 8a e3 d5 36 36 68 68 af 91 0d 92 8d [0m
D (9982) wpa: d9 1b 6f 28 89 50 0a 9b da 68 af 44 f8 8f bc 22 [0m
D (9992) wpa: b5 4f a6 d7 43 29 12 c6 c8 1f 13 29 95 02 c1 3d [0m
D (9992) wpa: a5 82 c5 73 [0m
D (10002) wpa: DPP: AES-SIV cleartext - hexdump(len=36):[0m
D (10002) wpa: 0a 10 20 00 2d 49 aa 07 3e 1e ff c2 b9 ce d8 d8 [0m
D (10012) wpa: 34 52 6a 98 0e 7f 33 a0 f6 6d 1c ce 29 54 7a 2a [0m
D (10012) wpa: fe ff cd 78 [0m
V (10022) wpa: DPP: Attribute ID 100a len 32[0m
D (10022) wpa: DPP: Received Initiator Authenticating Tag - hexdump(len=32):[0m
D (10032) wpa: 2d 49 aa 07 3e 1e ff c2 b9 ce d8 d8 34 52 6a 98 [0m
D (10032) wpa: 0e 7f 33 a0 f6 6d 1c ce 29 54 7a 2a fe ff cd 78 [0m
D (10042) wpa: DPP: I-auth hash components[0m
D (10042) wpa: DPP: hash component - hexdump(len=16):[0m
D (10052) wpa: e7 8d b4 31 cd 87 5a ff fb 1e e2 29 a2 87 86 42 [0m
D (10052) wpa: DPP: hash component - hexdump(len=16):[0m
D (10062) wpa: dc 18 d3 c0 2e 17 7a e7 db bd 0c b1 71 6a dc 9c [0m
D (10072) wpa: DPP: hash component - hexdump(len=32):[0m
D (10072) wpa: b2 de d4 19 6f bc 88 8b 41 9e 94 94 0d 74 f5 53 [0m
D (10082) wpa: 7d 1e 39 cf 20 ad 89 d3 5b 17 78 f1 a6 db 3f 82 [0m
D (10082) wpa: DPP: hash component - hexdump(len=32):[0m
D (10092) wpa: 12 18 a9 ee 6a 9b 92 5e 57 66 79 3f a7 da 54 2d [0m
D (10092) wpa: de c7 41 57 89 96 8a 01 89 e2 45 fc 18 89 ae 81 [0m
D (10102) wpa: DPP: hash component - hexdump(len=32):[0m
D (10102) wpa: a3 f0 e9 6b 24 45 a7 00 e9 58 b1 8b d0 91 1f 06 [0m
D (10112) wpa: 3b 0a d6 d7 94 09 80 7d 07 77 4b e7 f6 b2 11 76 [0m
D (10122) wpa: DPP: hash component - hexdump(len=1):[0m
D (10122) wpa: 01 [0m
D (10122) wpa: DPP: I-auth - hexdump(len=32):[0m
D (10132) wpa: 2d 49 aa 07 3e 1e ff c2 b9 ce d8 d8 34 52 6a 98 [0m
D (10132) wpa: 0e 7f 33 a0 f6 6d 1c ce 29 54 7a 2a fe ff cd 78 [0m
D (10142) wpa: DPP: Calculated Initiator Authenticating Tag - hexdump(len=32):[0m
D (10152) wpa: 2d 49 aa 07 3e 1e ff c2 b9 ce d8 d8 34 52 6a 98 [0m
D (10152) wpa: 0e 7f 33 a0 f6 6d 1c ce 29 54 7a 2a fe ff cd 78 [0m
D (10162) wpa: DPP: Authentication success - clear temporary keys[0m
D (10172) wpa: DPP: Build configuration request[0m
D (10172) wpa: DPP: E-nonce - hexdump(len=16):[0m
D (10172) wpa: 4f 7e 05 23 06 4e 55 0a 92 0b 11 70 8a 27 9c ce [0m
D (10182) wpa: DPP: configRequest JSON - hexdump(len=71):[0m
D (10192) wpa: 7b 22 6e 61 6d 65 22 3a 22 54 65 73 74 22 2c 22 [0m
D (10192) wpa: 77 69 2d 66 69 5f 74 65 63 68 22 3a 22 69 6e 66 [0m
D (10202) wpa: 72 61 22 2c 22 6e 65 74 52 6f 6c 65 22 3a 22 73 [0m
D (10202) wpa: 74 61 22 2c 22 62 61 6e 64 53 75 70 70 6f 72 74 [0m
D (10212) wpa: 22 3a 5b 38 31 5d 7d [0m
D (10212) wpa: DPP: AES-SIV cleartext - hexdump(len=95):[0m
D (10222) wpa: 14 10 10 00 4f 7e 05 23 06 4e 55 0a 92 0b 11 70 [0m
D (10232) wpa: 8a 27 9c ce 0e 10 47 00 7b 22 6e 61 6d 65 22 3a [0m
D (10232) wpa: 22 54 65 73 74 22 2c 22 77 69 2d 66 69 5f 74 65 [0m
D (10242) wpa: 63 68 22 3a 22 69 6e 66 72 61 22 2c 22 6e 65 74 [0m
D (10242) wpa: 52 6f 6c 65 22 3a 22 73 74 61 22 2c 22 62 61 6e [0m
D (10252) wpa: 64 53 75 70 70 6f 72 74 22 3a 5b 38 31 5d 7d [0m
D (10262) wpa: DPP: AES-SIV ciphertext - hexdump(len=111):[0m
D (10262) wpa: 16 55 a2 1e c2 50 49 d5 61 c9 e1 df 44 8b 2c dd [0m
D (10272) wpa: 5b 26 19 7a 8a 16 4a 61 ae 55 d1 77 57 9d c2 aa [0m
D (10272) wpa: 4d 7d c6 bd 35 76 ce 67 01 9b 4c 97 8c 6a bf ef [0m
D (10282) wpa: eb 2a 4c 80 05 57 47 45 36 82 9c 64 33 f1 c9 a7 [0m
D (10282) wpa: 72 61 5a 0b 0d 6f ca 98 be e0 6a 2d 10 2a 1c 48 [0m
D (10292) wpa: fd af 73 fb 9b 21 69 5a b3 90 ec bb 5b 84 af 61 [0m
D (10302) wpa: 99 c3 e2 b5 8c 52 ae 0a 31 4e 8f 1e 4b 65 49 [0m
D (10302) wpa: DPP: Configuration Request frame attributes - hexdump(len=115):[0m
D (10312) wpa: 04 10 6f 00 16 55 a2 1e c2 50 49 d5 61 c9 e1 df [0m
D (10322) wpa: 44 8b 2c dd 5b 26 19 7a 8a 16 4a 61 ae 55 d1 77 [0m
D (10322) wpa: 57 9d c2 aa 4d 7d c6 bd 35 76 ce 67 01 9b 4c 97 [0m
D (10332) wpa: 8c 6a bf ef eb 2a 4c 80 05 57 47 45 36 82 9c 64 [0m
D (10332) wpa: 33 f1 c9 a7 72 61 5a 0b 0d 6f ca 98 be e0 6a 2d [0m
D (10342) wpa: 10 2a 1c 48 fd af 73 fb 9b 21 69 5a b3 90 ec bb [0m
D (10352) wpa: 5b 84 af 61 99 c3 e2 b5 8c 52 ae 0a 31 4e 8f 1e [0m
D (10352) wpa: 4b 65 49 [0m
V (10352) wpa: DPP: GAS Config Request - hexdump(len=130):[0m
V (10362) wpa: 04 0a 00 6c 08 7f dd 05 50 6f 9a 1a 01 73 00 04 [0m
V (10372) wpa: 10 6f 00 16 55 a2 1e c2 50 49 d5 61 c9 e1 df 44 [0m
V (10372) wpa: 8b 2c dd 5b 26 19 7a 8a 16 4a 61 ae 55 d1 77 57 [0m
V (10382) wpa: 9d c2 aa 4d 7d c6 bd 35 76 ce 67 01 9b 4c 97 8c [0m
V (10382) wpa: 6a bf ef eb 2a 4c 80 05 57 47 45 36 82 9c 64 33 [0m
V (10392) wpa: f1 c9 a7 72 61 5a 0b 0d 6f ca 98 be e0 6a 2d 10 [0m
V (10402) wpa: 2a 1c 48 fd af 73 fb 9b 21 69 5a b3 90 ec bb 5b [0m
V (10402) wpa: 84 af 61 99 c3 e2 b5 8c 52 ae 0a 31 4e 8f 1e 4b [0m
V (10412) wpa: 65 49 [0m
D (10412) wpa: DPP: GAS request to f6:7e:b3:6c:70:fb (chan 6)[0m
D (10422) wpa: DPP: Mgmt Tx - MAC:f6:7e:b3:6c:70:fb, Channel-6, WaitT-600[0m
V (10422) esp_adapter: thread sem get: sem=0x3fcb28a0[0m
D (10432) wifi:OFFCHAN-Tx: Ending op at 10.0, returning to Channel 1
V (10432) wifi:back home chan=<1,0>, current chan=<6,0>
V (10442) wifi:ht20 freq=2412, chan=1
D (10442) wifi:Send frame on channel 6 to f6:7e:b3:6c:70:fb

V (10452) wifi:change: chan<6,0>, dur<0,600>
V (10452) wifi:ht20 freq=2437, chan=6
V (10452) wifi:enter start op, arg=0x3fcb4308
D (10462) wifi:offchan_txop_start : 143
V (10462) wifi:start max timer
D (10472) wpa: ELOOP: Added one timer from esp_dpp_rx_auth_conf:291 to call 0x42014bdc, current order=0[0m
D (10472) wifi:tx_mgmt cb : 1636 status 1 
D (10482) wifi:tx data done, now:10500160
D (10482) wifi:woke up
D (10482) wpa: DPP: Rx Public Action frame: action - 11[0m
D (10482) event: running post WIFI_EVENT:19 with handler 0x4200a710 and context 0x3fca7f98 on loop 0x3fca6d0c[0m
D (10492) wpa: DPP: Gas response received[0m
D (10502) event: running post WIFI_EVENT:19 with handler 0x4201563c and context 0x3fcb2560 on loop 0x3fca6d0c[0m
V (10502) wpa: DPP: Attribute ID 1000 len 1[0m
D (10512) wpa: Mgmt Tx Status - 0, Cookie - 0x42014ad0[0m
V (10522) wpa: DPP: Attribute ID 1004 len 135[0m
D (10532) wpa: DPP: AES-SIV ciphertext - hexdump(len=135):[0m
D (10532) wpa: c5 be 64 f9 94 84 9d 48 e0 20 23 72 98 0b 70 8e [0m
D (10542) wpa: cf 64 dd fc 9f 8b 0e 9c b3 dd b3 0e c1 c7 c7 4f [0m
D (10542) wpa: c4 ae 63 c5 72 ca ea e1 17 15 ad 54 8a 20 39 39 [0m
D (10552) wpa: 60 bc 68 06 28 8f d7 5b 9a eb fd 42 a1 49 75 3f [0m
D (10562) wpa: 8a 27 b3 08 b9 18 cc fe c9 0d b2 97 97 0d 03 57 [0m
D (10562) wpa: 65 51 c9 05 49 a3 85 29 3b eb c6 d2 7d df ff b3 [0m
D (10572) wpa: 82 24 41 e5 5d 63 6e e1 bc 52 48 8d ee c2 03 c6 [0m
D (10572) wpa: 5d 3b 0b f4 5f 5d 20 5d 16 10 58 72 a2 36 8c cb [0m
D (10582) wpa: 4d 43 84 81 74 7d a5 [0m
D (10582) wpa: DDP: AES-SIV AD - hexdump(len=5):[0m
D (10592) wpa: 00 10 01 00 00 [0m
D (10592) wpa: DPP: AES-SIV cleartext - hexdump(len=119):[0m
D (10602) wpa: 14 10 10 00 4f 7e 05 23 06 4e 55 0a 92 0b 11 70 [0m
D (10602) wpa: 8a 27 9c ce 0c 10 5f 00 7b 22 77 69 2d 66 69 5f [0m
D (10612) wpa: 74 65 63 68 22 3a 22 69 6e 66 72 61 22 2c 22 64 [0m
D (10622) wpa: 69 73 63 6f 76 65 72 79 22 3a 7b 22 73 73 69 64 [0m
D (10622) wpa: 22 3a 22 4d 50 43 2d 32 2e 34 22 7d 2c 22 63 72 [0m
D (10632) wpa: 65 64 22 3a 7b 22 61 6b 6d 22 3a 22 70 73 6b 22 [0m
D (10632) wpa: 2c 22 70 61 73 73 22 3a 22 6d 70 63 64 65 65 72 [0m
D (10642) wpa: 70 61 72 6b 22 7d 7d [0m
V (10642) wpa: DPP: Attribute ID 1014 len 16[0m
V (10652) wpa: DPP: Attribute ID 100c len 95[0m
D (10652) wpa: DPP: Enrollee Nonce - hexdump(len=16):[0m
D (10662) wpa: 4f 7e 05 23 06 4e 55 0a 92 0b 11 70 8a 27 9c ce [0m
D (10662) wpa: DPP: Status 0[0m
D (10672) wpa: DPP: configurationObject JSON - hexdump(len=95):[0m
D (10672) wpa: 7b 22 77 69 2d 66 69 5f 74 65 63 68 22 3a 22 69 [0m
D (10682) wpa: 6e 66 72 61 22 2c 22 64 69 73 63 6f 76 65 72 79 [0m
D (10682) wpa: 22 3a 7b 22 73 73 69 64 22 3a 22 4d 50 43 2d 32 [0m
D (10692) wpa: 2e 34 22 7d 2c 22 63 72 65 64 22 3a 7b 22 61 6b [0m
D (10702) wpa: 6d 22 3a 22 70 73 6b 22 2c 22 70 61 73 73 22 3a [0m
D (10702) wpa: 22 6d 70 63 64 65 65 72 70 61 72 6b 22 7d 7d [0m
V (10712) wpa: JSON: String value: 'wi-fi_tech' = 'infra'[0m
V (10712) wpa: JSON: String value: 'ssid' = '##############'[0m
V (10722) wpa: JSON: String value: 'akm' = 'p##############
V (10722) wpa: JSON: String value: 'pass' = '#############'[0m
D (10732) wpa: DPP: discovery::ssid - hexdump(len=7):[0m
D (10732) wpa: 4d 50 43 2d 32 2e 34 [0m
D (10742) wpa: DPP: Legacy akm=psk credential[0m
D (10742) wpa: DPP: Legacy passphrase - hexdump(len=11):[0m
D (10752) wpa: 6d 70 63 64 65 65 72 70 61 72 6b [0m
D (10752) wpa: DPP: JSON parsing completed successfully[0m
D (10762) wpa: ELOOP: gas_query_resp_rx:337 called to remove timer handler=0x42014bdc, removed count=1[0m
V (10772) esp_adapter: thread sem get: sem=0x3fcb28a0[0m
D (10772) wifi:clear blacklist
D (10772) nvs: nvs_get_str_or_blob sta.ssid[0m
D (10782) nvs: nvs_get sta.pmf_e 1[0m
[0;32mI (10782) wifi dpp-enrollee: DPP Authentication successful, connecting to AP : ##############[0m
V (10792) esp_adapter: thread sem get: sem=0x3fcb28a0[0m
D (10802) wifi:Start wifi connect
D (10802) wifi:connect status 0 -> 0
D (10802) wifi:connect chan=0
D (10802) wifi:first chan=1
D (10812) wifi:connect status 0 -> 1
D (10812) wifi:OFFCHAN-Tx: Ending op at 10.0, returning to Channel 1
V (10822) wifi:back home chan=<1,0>, current chan=<6,0>
V (10822) wifi:ht20 freq=2412, chan=1
D (10832) wifi:filter: set rx policy=3
D (10832) wifi:clear scan ap list
D (10832) wifi:start scan: type=0x50f, priority=2, cb=0x4205391c, arg=0x0, ss_state=0x1, time=10853237, index=0
V (10842) wifi:inter_channel_timeout: arg=0x0, ss_state=0x1
D (10852) wifi:perform scan: ss_state=0x9, chan<1,0>, dur<0,120>
V (10852) wifi:change: chan<1,0>, dur<0,120>
V (10862) wifi:enter start op, arg=0x3fc9e0aa
V (10862) wifi:scan operation: state=0x3, chan<1,0>, arg=0x3fc9e0aa, status=0
V (10872) wifi:scan specific ssid=##############
V (10872) wifi:start max timer
D (10872) wifi:tx data done, now:10896469
D (10882) wifi:3011 : no offchan in progress
D (10882) wifi:woke up
D (10882) wifi:rsn valid: gcipher=3 ucipher=3 akm=5 mac=c0:56:27:0b:8c:c8
V (10892) wifi:updated connection retries to 0
D (10892) wpa: rsn_ie - hexdump(len=22):[0m
D (10902) wpa: 30 14 01 00 00 0f ac 04 01 00 00 0f ac 04 01 00 [0m
D (10902) wpa: 00 0f ac 02 00 00 [0m
D (10912) wifi:profile match: ss_state=0x7
V (10912) wifi:scan histroy table is not full yet, add
V (10922) wifi:add ssid=##############, chan=1 to scan history
D (10922) wifi:scan end: arg=0x0, status=0, ss_state=0x7
D (10932) wifi:find first mathched ssid, scan done
V (10932) wifi:back home chan=<1,0>, current chan=<1,0>
D (10942) wifi:filter: set rx policy=4
D (10942) wifi:first chan=1
V (10942) wifi:scan_done: arg=0x0, status=0, cur_time=10963456, scan_id=128, scan state=0
V (10952) wifi:call scan_done cb, arg=0x0
D (10952) wifi:handoff_cb: status=0
V (10962) wifi:best bss has set.
D (10962) wifi:ap found, mac=c0:56:27:0b:8c:c8
V (10962) wifi:bssid=c0:56:27:0b:8c:c8, LR=0
D (10972) wifi:new_bss=0x3fc9e3a8, cur_bss=0x0, new_chan=<1,0>, cur_chan=1
D (10972) wifi:filter: set rx policy=5
D (10982) wpa: WPA: set AP RSNXE - hexdump(len=0):[0m
I (10982) wifi:new:<1,0>, old:<1,0>, ap:<255,255>, sta:<1,0>, prof:1
D (10992) wifi:connect_op: status=0, auth=5, cipher=3 
D (10992) wifi:auth mode is not none
D (11002) wifi:connect_bss: auth=1, reconnect=0
I (11002) wifi:state: init -> auth (b0)
D (11002) wifi:start 1s AUTH timer
D (11012) wifi:clear scan ap list
D (11012) wifi:tx data done, now:11033654
D (11012) wifi:3011 : no offchan in progress
D (11022) wifi:woke up
D (11022) wifi:recv disassoc: reason=8
I (11022) wifi:state: auth -> init (8a0)
D (11032) wifi:stop beacon and connect timers
D (11032) wifi:connect status 1 -> 4
D (11032) wifi:reason: auth fail(202)
D (11042) wifi:add bssid c0:56:27:0b:8c:c8 to blacklist, cnt=0
D (11042) wifi:stop CSA timer
V (11052) wifi:bss connection retry cnt=0
D (11052) wifi:remove c0:56:27:0b:8c:c8 from rc list
I (11062) wifi:new:<1,0>, old:<1,0>, ap:<255,255>, sta:<1,0>, prof:1
D (11062) wifi:filter: set rx policy=8
D (11062) wpa: ELOOP: wpa_sm_notify_disassoc:2257 called to remove timer handler=0x42027318, removed count=0[0m
D (11072) wpa: WPA: Clear old PMK and PTK[0m
D (11082) wifi:Send disconnect event, reason=202, AP number=0
D (11082) event: running post WIFI_EVENT:5 with handler 0x4202ccfc and context 0x3fca7ec0 on loop 0x3fca6d0c[0m
D (11092) esp_netif_handlers: esp_netif action disconnected with netif0x3fca7c34 from event_id=5[0m
D (11102) esp_netif_lwip: check: remote, if=0x3fca7c34 fn=0x42013b28[0m
D (11112) esp_netif_lwip: esp_netif_down_api esp_netif:0x3fca7c34[0m
D (11122) esp_netif_lwip: esp_netif_start_ip_lost_timer esp_netif:0x3fca7c34[0m
D (11122) esp_netif_lwip: if0x3fca7c34 start ip lost tmr: interval=120[0m
D (11132) esp_netif_lwip: check: local, if=0x3fca7c34 fn=0x42013ea4[0m
D (11142) esp_netif_lwip: esp_netif_update_default_netif_lwip 0x3fca7c34[0m
V (11142) esp_netif_objects: esp_netif_next_unsafe 0x0[0m
V (11152) esp_netif_lwip: esp_netif_is_netif_up esp_netif:0x3fca7c34[0m
V (11152) esp_netif_objects: esp_netif_next_unsafe 0x3fca7c34[0m
D (11162) esp_netif_lwip: call api in lwip: ret=0x0, give sem[0m
D (11172) event: running post WIFI_EVENT:5 with handler 0x4200a710 and context 0x3fca7f98 on loop 0x3fca6d0c[0m
V (11182) esp_adapter: thread sem get: sem=0x3fcb27f0[0m
D (11182) wifi:Start wifi connect
D (11182) wifi:connect status 4 -> 0
D (11192) wifi:connect chan=0
D (11192) wifi:first chan=1
D (11192) wifi:connect status 0 -> 1
D (11202) wifi:filter: set rx policy=3
D (11202) wifi:clear scan ap list
D (11202) wifi:start scan: type=0x50f, priority=2, cb=0x4205391c, arg=0x0, ss_state=0x1, time=11223686, index=0
V (11212) wifi:inter_channel_timeout: arg=0x0, ss_state=0x1
D (11222) wifi:perform scan: ss_state=0x9, chan<1,0>, dur<0,120>
V (11222) wifi:change: chan<1,0>, dur<0,120>
V (11232) wifi:enter start op, arg=0x3fc9e0aa
V (11232) wifi:scan operation: state=0x3, chan<1,0>, arg=0x3fc9e0aa, status=0
V (11242) wifi:scan specific ssid=##############
V (11242) wifi:start max timer
[0;32mI (11242) wifi dpp-enrollee: retry to connect to the AP[0m
[0;32mI (11252) wifi dpp-enrollee: connect to the AP fail[0m
D (11242) wifi:tx data done, now:11266877
D (11262) wifi:3011 : no offchan in progress
D (11262) wifi:woke up
D (11272) wifi:rsn valid: gcipher=3 ucipher=3 akm=5 mac=c0:56:27:0b:8c:c8
D (11272) wifi:find the c0:56:27:0b:8c:c8 in blacklist.

D (11362) wifi:scan end: arg=0x0, status=0, ss_state=0x3
D (11362) wifi:perform scan: ss_state=0x9, chan<2,0>, dur<0,120>
V (11362) wifi:change: chan<2,0>, dur<0,120>
V (11372) wifi:ht20 freq=2417, chan=2
V (11372) wifi:enter start op, arg=0x3fc9e0aa
V (11382) wifi:scan operation: state=0x3, chan<2,0>, arg=0x3fc9e0aa, status=0
V (11382) wifi:scan specific ssid=##############
V (11392) wifi:start max timer
D (11392) wifi:tx data done, now:11411615
D (11392) wifi:3011 : no offchan in progress
D (11402) wifi:woke up
D (11512) wifi:scan end: arg=0x0, status=0, ss_state=0x3
D (11512) wifi:perform scan: ss_state=0x9, chan<3,0>, dur<0,120>
V (11512) wifi:change: chan<3,0>, dur<0,120>
V (11512) wifi:ht20 freq=2422, chan=3
V (11522) wifi:enter start op, arg=0x3fc9e0aa
V (11522) wifi:scan operation: state=0x3, chan<3,0>, arg=0x3fc9e0aa, status=0
V (11532) wifi:scan specific ssid=##############
V (11532) wifi:start max timer
D (11532) wifi:tx data done, now:11556621
D (11542) wifi:3011 : no offchan in progress
D (11542) wifi:woke up
D (11652) wifi:scan end: arg=0x0, status=0, ss_state=0x3
D (11652) wifi:perform scan: ss_state=0x9, chan<4,0>, dur<0,120>
V (11652) wifi:change: chan<4,0>, dur<0,120>
V (11662) wifi:ht20 freq=2427, chan=4
V (11662) wifi:enter start op, arg=0x3fc9e0aa
V (11672) wifi:scan operation: state=0x3, chan<4,0>, arg=0x3fc9e0aa, status=0
V (11672) wifi:scan specific ssid=##############
V (11682) wifi:start max timer
D (11682) wifi:tx data done, now:11701269
D (11682) wifi:3011 : no offchan in progress
D (11692) wifi:woke up
D (11802) wifi:scan end: arg=0x0, status=0, ss_state=0x3
D (11802) wifi:perform scan: ss_state=0x9, chan<5,0>, dur<0,120>
V (11802) wifi:change: chan<5,0>, dur<0,120>
V (11802) wifi:ht20 freq=2432, chan=5
V (11812) wifi:enter start op, arg=0x3fc9e0aa
V (11812) wifi:scan operation: state=0x3, chan<5,0>, arg=0x3fc9e0aa, status=0
V (11822) wifi:scan specific ssid=##############
V (11822) wifi:start max timer
D (11822) wifi:tx data done, now:11846035
D (11832) wifi:3011 : no offchan in progress
D (11832) wifi:woke up
D (11942) wifi:scan end: arg=0x0, status=0, ss_state=0x3
D (11942) wifi:perform scan: ss_state=0x9, chan<6,0>, dur<0,120>
V (11942) wifi:change: chan<6,0>, dur<0,120>
V (11952) wifi:ht20 freq=2437, chan=6
V (11952) wifi:enter start op, arg=0x3fc9e0aa
V (11952) wifi:scan operation: state=0x3, chan<6,0>, arg=0x3fc9e0aa, status=0
V (11962) wifi:scan specific ssid=##############
V (11972) wifi:start max timer
D (11972) wifi:tx data done, now:11990870
D (11972) wifi:3011 : no offchan in progress
D (11982) wifi:woke up
D (12092) wifi:scan end: arg=0x0, status=0, ss_state=0x3
D (12092) wifi:perform scan: ss_state=0x9, chan<7,0>, dur<0,120>
V (12092) wifi:change: chan<7,0>, dur<0,120>
V (12092) wifi:ht20 freq=2442, chan=7
V (12102) wifi:enter start op, arg=0x3fc9e0aa
V (12102) wifi:scan operation: state=0x3, chan<7,0>, arg=0x3fc9e0aa, status=0
V (12112) wifi:scan specific ssid=##############
V (12112) wifi:start max timer
D (12112) wifi:tx data done, now:12135667
D (12122) wifi:3011 : no offchan in progress
D (12122) wifi:woke up
D (12232) wifi:scan end: arg=0x0, status=0, ss_state=0x3
D (12232) wifi:perform scan: ss_state=0x9, chan<8,0>, dur<0,120>
V (12232) wifi:change: chan<8,0>, dur<0,120>
V (12242) wifi:ht20 freq=2447, chan=8
V (12242) wifi:enter start op, arg=0x3fc9e0aa
V (12242) wifi:scan operation: state=0x3, chan<8,0>, arg=0x3fc9e0aa, status=0
V (12252) wifi:scan specific ssid=##############
V (12262) wifi:start max timer
D (12262) wifi:tx data done, now:12280484
D (12262) wifi:3011 : no offchan in progress
D (12272) wifi:woke up
D (12382) wifi:scan end: arg=0x0, status=0, ss_state=0x3
D (12382) wifi:perform scan: ss_state=0x9, chan<9,0>, dur<0,120>
V (12382) wifi:change: chan<9,0>, dur<0,120>
V (12382) wifi:ht20 freq=2452, chan=9
V (12392) wifi:enter start op, arg=0x3fc9e0aa
V (12392) wifi:scan operation: state=0x3, chan<9,0>, arg=0x3fc9e0aa, status=0
V (12402) wifi:scan specific ssid=##############
V (12402) wifi:start max timer
D (12402) wifi:tx data done, now:12425253
D (12412) wifi:3011 : no offchan in progress
D (12412) wifi:woke up
D (12522) wifi:scan end: arg=0x0, status=0, ss_state=0x3
D (12522) wifi:perform scan: ss_state=0x9, chan<10,0>, dur<0,120>
V (12522) wifi:change: chan<10,0>, dur<0,120>
V (12532) wifi:ht20 freq=2457, chan=10
V (12532) wifi:enter start op, arg=0x3fc9e0aa
V (12532) wifi:scan operation: state=0x3, chan<10,0>, arg=0x3fc9e0aa, status=0
V (12542) wifi:scan specific ssid=##############
V (12542) wifi:start max timer
D (12552) wifi:tx data done, now:12570337
D (12552) wifi:3011 : no offchan in progress
D (12562) wifi:woke up
D (12672) wifi:scan end: arg=0x0, status=0, ss_state=0x3
D (12672) wifi:perform scan: ss_state=0x9, chan<11,0>, dur<0,120>
V (12672) wifi:change: chan<11,0>, dur<0,120>
V (12672) wifi:ht20 freq=2462, chan=11
V (12682) wifi:enter start op, arg=0x3fc9e0aa
V (12682) wifi:scan operation: state=0x3, chan<11,0>, arg=0x3fc9e0aa, status=0
V (12692) wifi:scan specific ssid=##############
V (12692) wifi:start max timer
D (12692) wifi:tx data done, now:12715509
D (12702) wifi:3011 : no offchan in progress
D (12702) wifi:woke up
D (12812) wifi:scan end: arg=0x0, status=0, ss_state=0x3
D (12812) wifi:perform scan: ss_state=0x9, chan<12,0>, dur<360,360>
V (12812) wifi:change: chan<12,0>, dur<360,360>
V (12822) wifi:ht20 freq=2467, chan=12
V (12822) wifi:enter start op, arg=0x3fc9e0aa
V (12822) wifi:scan operation: state=0x3, chan<12,0>, arg=0x3fc9e0aa, status=0
V (12832) wifi:passive scan, listen only
V (12842) wifi:start max timer
D (13202) wifi:scan end: arg=0x0, status=0, ss_state=0x3
D (13202) wifi:perform scan: ss_state=0x9, chan<13,0>, dur<360,360>
V (13202) wifi:change: chan<13,0>, dur<360,360>
V (13202) wifi:ht20 freq=2472, chan=13
V (13212) wifi:enter start op, arg=0x3fc9e0aa
V (13212) wifi:scan operation: state=0x3, chan<13,0>, arg=0x3fc9e0aa, status=0
V (13222) wifi:passive scan, listen only
V (13222) wifi:start max timer
D (13582) wifi:scan end: arg=0x0, status=0, ss_state=0x3
D (13582) wifi:perform scan: ss_state=0x9, chan<14,0>, dur<360,360>
V (13582) wifi:change: chan<14,0>, dur<360,360>
V (13592) wifi:ht20 freq=2484, chan=14
V (13592) wifi:enter start op, arg=0x3fc9e0aa
V (13602) wifi:scan operation: state=0x3, chan<14,0>, arg=0x3fc9e0aa, status=0
V (13602) wifi:passive scan, listen only
V (13612) wifi:start max timer
D (13972) wifi:scan end: arg=0x0, status=0, ss_state=0x3
V (13972) wifi:back home chan=<1,0>, current chan=<14,0>
V (13972) wifi:ht20 freq=2412, chan=1
D (13972) wifi:filter: set rx policy=4
D (13982) wifi:first chan=1
V (13982) wifi:scan_done: arg=0x0, status=0, cur_time=13999552, scan_id=128, scan state=0
V (13992) wifi:call scan_done cb, arg=0x0
D (13992) wifi:handoff_cb: status=0
V (13992) wifi:there is only one ap in blacklist now, release it!
D (14002) wifi:clear blacklist
D (14002) wifi:clear rc list
D (14002) wifi:clear blacklist
D (14012) wifi:Send disconnect event, reason=205
D (14012) wpa: ELOOP: wpa_sm_notify_disassoc:2257 called to remove timer handler=0x42027318, removed count=0[0m
D (14022) wpa: WPA: Clear old PMK and PTK[0m
D (14022) wifi:connect status 1 -> 3
D (14032) wifi:disable connect timer
D (14032) wifi:clear scan ap list
D (14032) event: running post WIFI_EVENT:5 with handler 0x4202ccfc and context 0x3fca7ec0 on loop 0x3fca6d0c[0m
D (14042) esp_netif_handlers: esp_netif action disconnected with netif0x3fca7c34 from event_id=5[0m
D (14052) esp_netif_lwip: check: remote, if=0x3fca7c34 fn=0x42013b28[0m
D (14062) esp_netif_lwip: esp_netif_down_api esp_netif:0x3fca7c34[0m
D (14072) esp_netif_lwip: esp_netif_start_ip_lost_timer esp_netif:0x3fca7c34[0m
D (14072) esp_netif_lwip: if0x3fca7c34 start ip lost tmr: already started[0m
D (14082) esp_netif_lwip: check: local, if=0x3fca7c34 fn=0x42013ea4[0m
D (14092) esp_netif_lwip: esp_netif_update_default_netif_lwip 0x3fca7c34[0m
V (14092) esp_netif_objects: esp_netif_next_unsafe 0x0[0m
V (14102) esp_netif_lwip: esp_netif_is_netif_up esp_netif:0x3fca7c34[0m
V (14102) esp_netif_objects: esp_netif_next_unsafe 0x3fca7c34[0m
D (14112) esp_netif_lwip: call api in lwip: ret=0x0, give sem[0m
D (14122) event: running post WIFI_EVENT:5 with handler 0x4200a710 and context 0x3fca7f98 on loop 0x3fca6d0c[0m
V (14132) esp_adapter: thread sem get: sem=0x3fcb27f0[0m
D (14132) wifi:Start wifi connect
D (14132) wifi:connect status 3 -> 0
D (14142) wifi:connect chan=0
D (14142) wifi:first chan=1
D (14142) wifi:connect status 0 -> 1
D (14152) wifi:filter: set rx policy=3
D (14152) wifi:clear scan ap list
D (14152) wifi:start scan: type=0x50f, priority=2, cb=0x4205391c, arg=0x0, ss_state=0x1, time=14174376, index=0
V (14162) wifi:inter_channel_timeout: arg=0x0, ss_state=0x1
D (14172) wifi:perform scan: ss_state=0x9, chan<1,0>, dur<0,120>
V (14172) wifi:change: chan<1,0>, dur<0,120>
V (14182) wifi:enter start op, arg=0x3fc9e0aa
V (14182) wifi:scan operation: state=0x3, chan<1,0>, arg=0x3fc9e0aa, status=0
V (14192) wifi:scan specific ssid=##############
V (14192) wifi:start max timer
[0;32mI (14202) wifi dpp-enrollee: retry to connect to the AP[0m
[0;32mI (14202) wifi dpp-enrollee: connect to the AP fail[0m
D (14202) wifi:tx data done, now:14217587
D (14212) wifi:3011 : no offchan in progress
D (14212) wifi:woke up
D (14222) wifi:rsn valid: gcipher=3 ucipher=3 akm=5 mac=c0:56:27:0b:8c:c8
V (14222) wifi:updated connection retries to 0
D (14232) wpa: rsn_ie - hexdump(len=22):[0m
D (14232) wpa: 30 14 01 00 00 0f ac 04 01 00 00 0f ac 04 01 00 [0m
D (14242) wpa: 00 0f ac 02 00 00 [0m
D (14242) wifi:profile match: ss_state=0x7
V (14242) wifi:update scan history ssid=##############, channel=1
D (14252) wifi:scan end: arg=0x0, status=0, ss_state=0x7
D (14252) wifi:find first mathched ssid, scan done
V (14262) wifi:back home chan=<1,0>, current chan=<1,0>
D (14262) wifi:filter: set rx policy=4
D (14272) wifi:first chan=1
V (14272) wifi:scan_done: arg=0x0, status=0, cur_time=14291449, scan_id=128, scan state=0
V (14282) wifi:call scan_done cb, arg=0x0
D (14282) wifi:handoff_cb: status=0
V (14282) wifi:best bss has set.
D (14292) wifi:ap found, mac=c0:56:27:0b:8c:c8
V (14292) wifi:bssid=c0:56:27:0b:8c:c8, LR=0
D (14302) wifi:new_bss=0x3fc9e3a8, cur_bss=0x0, new_chan=<1,0>, cur_chan=1
D (14302) wifi:filter: set rx policy=5
D (14312) wpa: WPA: set AP RSNXE - hexdump(len=0):[0m
I (14312) wifi:new:<1,0>, old:<1,0>, ap:<255,255>, sta:<1,0>, prof:1
D (14322) wifi:connect_op: status=0, auth=5, cipher=3 
D (14322) wifi:auth mode is not none
D (14322) wifi:connect_bss: auth=1, reconnect=0
I (14332) wifi:state: init -> auth (b0)
D (14332) wifi:start 1s AUTH timer
D (14342) wifi:clear scan ap list
D (14342) wifi:tx data done, now:14361672
D (14342) wifi:3011 : no offchan in progress
D (14352) wifi:woke up
D (14352) wifi:recv auth: seq=2, status=0
I (14352) wifi:state: auth -> assoc (0)
D (14362) wifi:restart connect 1s timer for assoc
D (14362) wifi:tx data done, now:14383793
D (14362) wifi:3011 : no offchan in progress
D (14372) wifi:woke up
D (14372) wifi:recv assoc: type=0x10
D (14372) wifi:filter: set rx policy=6
I (14382) wifi:state: assoc -> run (10)
D (14382) wifi:start 10s connect timer for 4 way handshake
D (14392) wpa: WPA: Association event - clear replay counter[0m
D (14392) wpa: WPA: Clear old PTK[0m
V (14392) wifi:wpa_psk start
D (14402) wpa: IEEE 802.1X RX: version=2 type=3 length=95[0m
V (14402) wpa: WPA: RX EAPOL-Key - hexdump(len=99):[0m
V (14412) wpa: 02 03 00 5f 02 00 8a 00 10 00 00 00 00 00 00 00 [0m
V (14412) wpa: 01 ad 4e 53 e6 f1 77 38 f5 95 46 e0 53 8a 24 dc [0m
V (14422) wpa: d5 22 5d 63 ce 1b ed 3d d9 96 1b ae 6d 0e 7c a6 [0m
V (14432) wpa: e6 00 00 00 00 00 00 00 00 00 00 00 00 00 00 00 [0m
V (14432) wpa: 00 00 00 00 00 00 00 00 00 00 00 00 00 00 00 00 [0m
V (14442) wpa: 00 00 00 00 00 00 00 00 00 00 00 00 00 00 00 00 [0m
V (14442) wpa: 00 00 00 [0m
D (14452) wpa:   EAPOL-Key type=2[0m
D (14452) wpa:   key_info 0x8a (ver=2 keyidx=0 rsvd=0 Pairwise Ack)[0m
D (14462) wpa:   key_length=16 key_data_length=0[0m
D (14462) wpa:   replay_counter - hexdump(len=8):[0m
D (14472) wpa: 00 00 00 00 00 00 00 01 [0m
D (14472) wpa:   key_nonce - hexdump(len=32):[0m
D (14472) wpa: ad 4e 53 e6 f1 77 38 f5 95 46 e0 53 8a 24 dc d5 [0m
D (14482) wpa: 22 5d 63 ce 1b ed 3d d9 96 1b ae 6d 0e 7c a6 e6 [0m
D (14492) wpa:   key_iv - hexdump(len=16):[0m
D (14492) wpa: 00 00 00 00 00 00 00 00 00 00 00 00 00 00 00 00 [0m
D (14502) wpa:   key_rsc - hexdump(len=8):[0m
D (14502) wpa: 00 00 00 00 00 00 00 00 [0m
D (14502) wpa:   key_id (reserved) - hexdump(len=8):[0m
D (14512) wpa: 00 00 00 00 00 00 00 00 [0m
D (14512) wpa:   key_mic - hexdump(len=16):[0m
D (14522) wpa: 00 00 00 00 00 00 00 00 00 00 00 00 00 00 00 00 [0m
D (14522) wpa: WPA 1/4-Way Handshake[0m
D (14532) wpa: RSN: msg 1/4 key data - hexdump(len=0):[0m
D (14532) wpa: WPA: Renewed SNonce - hexdump(len=32):[0m
D (14542) wpa: a4 e5 5d 2c f0 89 73 13 a3 74 02 a2 8c 31 0b 42 [0m
D (14542) wpa: 94 a6 73 5e f4 18 b7 48 9e be 0e 81 db 9c d0 6d [0m
D (14552) wpa: WPA: PTK derivation - A1=84:fc:e6:7b:73:b8 A2=c0:56:27:0b:8c:c8
[0m
V (14562) wpa: WPA: PMK - hexdump(len=32):[0m
V (14562) wpa: e4 bc 62 80 fc f9 6c bc e6 7a fc 7d d6 51 b2 29 [0m
V (14572) wpa: 82 98 5b 9b 12 2b e3 f4 ab 21 a6 89 5b 89 31 6e [0m
D (14572) wpa: WPA: PTK - hexdump(len=48):[0m
D (14582) wpa: 79 27 0f 62 46 39 23 6d ef 8f 48 07 08 6a 47 30 [0m
D (14582) wpa: fe 80 26 03 c3 57 33 a9 87 cf 9e 28 22 4c de 8d [0m
D (14592) wpa: 47 b7 cd 26 85 4a a4 2c 38 52 52 47 cb 06 61 bd [0m
D (14592) wpa: WPA: KCK - hexdump(len=16):[0m
D (14602) wpa: 79 27 0f 62 46 39 23 6d ef 8f 48 07 08 6a 47 30 [0m
D (14602) wpa: WPA: KEK - hexdump(len=16):[0m
D (14612) wpa: fe 80 26 03 c3 57 33 a9 87 cf 9e 28 22 4c de 8d [0m
D (14622) wpa: WPA: TK - hexdump(len=16):[0m
D (14622) wpa: 47 b7 cd 26 85 4a a4 2c 38 52 52 47 cb 06 61 bd [0m
V (14632) wpa: WPA: WPA IE for msg 2/4
 - hexdump(len=22):[0m
V (14632) wpa: 30 14 01 00 00 0f ac 04 01 00 00 0f ac 04 01 00 [0m
V (14642) wpa: 00 0f ac 02 00 04 [0m
D (14642) wpa: WPA Send EAPOL-Key 2/4[0m
D (14642) wpa: WPA: KCK - hexdump(len=16):[0m
D (14652) wpa: 79 27 0f 62 46 39 23 6d ef 8f 48 07 08 6a 47 30 [0m
D (14652) wpa: WPA: Derived Key MIC - hexdump(len=16):[0m
D (14662) wpa: bd a1 df 25 00 2c cf 69 dc 3d 2b 49 fb e5 56 fd [0m
V (14672) wpa: WPA: TX EAPOL-Key - hexdump(len=121):[0m
V (14672) wpa: 01 03 00 75 02 01 0a 00 00 00 00 00 00 00 00 00 [0m
V (14682) wpa: 01 a4 e5 5d 2c f0 89 73 13 a3 74 02 a2 8c 31 0b [0m
V (14682) wpa: 42 94 a6 73 5e f4 18 b7 48 9e be 0e 81 db 9c d0 [0m
V (14692) wpa: 6d 00 00 00 00 00 00 00 00 00 00 00 00 00 00 00 [0m
V (14692) wpa: 00 00 00 00 00 00 00 00 00 00 00 00 00 00 00 00 [0m
V (14702) wpa: 00 bd a1 df 25 00 2c cf 69 dc 3d 2b 49 fb e5 56 [0m
V (14712) wpa: fd 00 16 30 14 01 00 00 0f ac 04 01 00 00 0f ac [0m
V (14712) wpa: 04 01 00 00 0f ac 02 00 04 [0m
V (14722) wifi:wpa_psk handle succeed
D (14722) wifi:tx data done, now:14741921
D (14722) wifi:woke up
D (14732) wpa: 2/4 txcb, flags=0, txfail 0[0m
D (14732) wifi:tx data done, now:14751722
D (14732) wifi:3011 : no offchan in progress
D (14742) wifi:woke up
V (14742) wifi:wpa_psk start
D (14742) wpa: IEEE 802.1X RX: version=2 type=3 length=151[0m
V (14752) wpa: WPA: RX EAPOL-Key - hexdump(len=155):[0m
V (14752) wpa: 02 03 00 97 02 13 ca 00 10 00 00 00 00 00 00 00 [0m
V (14762) wpa: 02 ad 4e 53 e6 f1 77 38 f5 95 46 e0 53 8a 24 dc [0m
V (14762) wpa: d5 22 5d 63 ce 1b ed 3d d9 96 1b ae 6d 0e 7c a6 [0m
V (14772) wpa: e6 00 00 00 00 00 00 00 00 00 00 00 00 00 00 00 [0m
V (14782) wpa: 00 00 00 00 00 00 00 00 00 00 00 00 00 00 00 00 [0m
V (14782) wpa: 00 4a 53 4b b4 c3 06 b6 63 52 59 82 10 97 0e 5e [0m
V (14792) wpa: f2 00 38 af 87 5d 92 b2 99 90 f2 45 39 6c 6b 7f [0m
V (14792) wpa: 02 72 71 fd b6 ee fa bc 5d 62 dd 48 a9 0a 75 77 [0m
V (14802) wpa: 2b 5d 98 ba c8 db ad a9 f5 09 fc d9 42 0f c3 7d [0m
V (14812) wpa: cb 20 aa da cd 3e 58 54 b3 62 47 [0m
D (14812) wpa:   EAPOL-Key type=2[0m
D (14812) wpa:   key_info 0x13ca (ver=2 keyidx=0 rsvd=0 Pairwise Install Ack MIC Secure Encr)[0m
D (14822) wpa:   key_length=16 key_data_length=56[0m
D (14832) wpa:   replay_counter - hexdump(len=8):[0m
D (14832) wpa: 00 00 00 00 00 00 00 02 [0m
D (14842) wpa:   key_nonce - hexdump(len=32):[0m
D (14842) wpa: ad 4e 53 e6 f1 77 38 f5 95 46 e0 53 8a 24 dc d5 [0m
D (14852) wpa: 22 5d 63 ce 1b ed 3d d9 96 1b ae 6d 0e 7c a6 e6 [0m
D (14852) wpa:   key_iv - hexdump(len=16):[0m
D (14862) wpa: 00 00 00 00 00 00 00 00 00 00 00 00 00 00 00 00 [0m
D (14862) wpa:   key_rsc - hexdump(len=8):[0m
D (14872) wpa: 00 00 00 00 00 00 00 00 [0m
D (14872) wpa:   key_id (reserved) - hexdump(len=8):[0m
D (14882) wpa: 00 00 00 00 00 00 00 00 [0m
D (14882) wpa:   key_mic - hexdump(len=16):[0m
D (14882) wpa: 4a 53 4b b4 c3 06 b6 63 52 59 82 10 97 0e 5e f2 [0m
D (14892) wpa: RSN: encrypted key data - hexdump(len=56):[0m
D (14902) wpa: af 87 5d 92 b2 99 90 f2 45 39 6c 6b 7f 02 72 71 [0m
D (14902) wpa: fd b6 ee fa bc 5d 62 dd 48 a9 0a 75 77 2b 5d 98 [0m
D (14912) wpa: ba c8 db ad a9 f5 09 fc d9 42 0f c3 7d cb 20 aa [0m
D (14912) wpa: da cd 3e 58 54 b3 62 47 [0m
D (14922) wpa: WPA: decrypted EAPOL-Key key data - hexdump(len=48):[0m
D (14922) wpa: 30 14 01 00 00 0f ac 04 01 00 00 0f ac 04 01 00 [0m
D (14932) wpa: 00 0f ac 02 00 00 dd 16 00 0f ac 01 01 00 28 d1 [0m
D (14942) wpa: 31 f9 10 76 a5 b7 c0 00 43 f0 9a d3 f5 fb dd 00 [0m
D (14942) wpa: WPA 3/4-Way Handshake[0m
D (14952) wpa: WPA: RSN IE in EAPOL-Key - hexdump(len=22):[0m
D (14952) wpa: 30 14 01 00 00 0f ac 04 01 00 00 0f ac 04 01 00 [0m
D (14962) wpa: 00 0f ac 02 00 00 [0m
D (14962) wpa: WPA: GTK in EAPOL-Key - hexdump(len=24):[0m
D (14972) wpa: dd 16 00 0f ac 01 01 00 28 d1 31 f9 10 76 a5 b7 [0m
D (14972) wpa: c0 00 43 f0 9a d3 f5 fb [0m
D (14982) wpa: WPA: IE KeyData - hexdump(len=48):[0m
D (14982) wpa: 30 14 01 00 00 0f ac 04 01 00 00 0f ac 04 01 00 [0m
D (14992) wpa: 00 0f ac 02 00 00 dd 16 00 0f ac 01 01 00 28 d1 [0m
D (14992) wpa: 31 f9 10 76 a5 b7 c0 00 43 f0 9a d3 f5 fb dd 00 [0m
D (15002) wpa: WPA: RSC - hexdump(len=8):[0m
D (15002) wpa: 00 00 00 00 00 00 00 00 [0m
D (15012) wpa: RSN: received GTK in pairwise handshake - hexdump(len=18):[0m
D (15012) wpa: 01 00 28 d1 31 f9 10 76 a5 b7 c0 00 43 f0 9a d3 [0m
D (15022) wpa: f5 fb [0m
D (15022) wpa: tx 4/4 txcb_flags=8192[0m
D (15032) wpa: WPA Send EAPOL-Key 4/4[0m
D (15032) wpa: WPA: KCK - hexdump(len=16):[0m
D (15032) wpa: 79 27 0f 62 46 39 23 6d ef 8f 48 07 08 6a 47 30 [0m
D (15042) wpa: WPA: Derived Key MIC - hexdump(len=16):[0m
D (15042) wpa: 7c bf 9f 48 b6 80 fd d9 7c 3a 46 a8 91 32 d8 db [0m
V (15052) wpa: WPA: TX EAPOL-Key - hexdump(len=99):[0m
V (15062) wpa: 01 03 00 5f 02 03 0a 00 00 00 00 00 00 00 00 00 [0m
V (15062) wpa: 02 00 00 00 00 00 00 00 00 00 00 00 00 00 00 00 [0m
V (15072) wpa: 00 00 00 00 00 00 00 00 00 00 00 00 00 00 00 00 [0m
V (15072) wpa: 00 00 00 00 00 00 00 00 00 00 00 00 00 00 00 00 [0m
V (15082) wpa: 00 00 00 00 00 00 00 00 00 00 00 00 00 00 00 00 [0m
V (15092) wpa: 00 7c bf 9f 48 b6 80 fd d9 7c 3a 46 a8 91 32 d8 [0m
V (15092) wpa: db 00 00 [0m
V (15092) wifi:wpa_psk handle succeed
D (15102) wpa: WPA: Installing PTK to the driver.[0m
D (15102) wpa: WPA: Group Key - hexdump(len=16):[0m
D (15112) wpa: 28 d1 31 f9 10 76 a5 b7 c0 00 43 f0 9a d3 f5 fb [0m
D (15112) wpa: WPA: Judge GTK: (keyidx=1 len=16).[0m
D (15122) wpa: WPA: Installing GTK to the driver (keyidx=1 tx=0 len=16).[0m
D (15122) wpa: WPA: RSC - hexdump(len=6):[0m
D (15132) wpa: 00 00 00 00 00 00 [0m
D (15132) wpa: WPA: Key negotiation completed with c0:56:27:0b:8c:c8 [PTK=CCMP GTK=CCMP]
[0m
I (15142) wifi:connected with ##############, aid = 3, channel 1, BW20, bssid = c0:56:27:0b:8c:c8
I (15152) wifi:security: WPA2-PSK, phy: bgn, rssi: -17
D (15152) wifi:remove all except c0:56:27:0b:8c:c8 from rc list
D (15162) wifi:clear blacklist
D (15162) nvs: nvs_set sta.chan 1 1[0m
D (15172) nvs: nvs_set_blob sta.apinfo 700[0m
D (15172) wifi:filter: set rx policy=7
I (15172) wifi:pm start, type: 1

I (15182) wifi:dp: 1, bi: 102400, li: 3, scale listen interval from 307200 us to 307200 us
I (15182) wifi:set rx beacon pti, rx_bcn_pti: 0, bcn_timeout: 25000, mt_pti: 0, mt_time: 10000
D (15192) wifi:Send sta connected event
D (15202) wifi:connect status 1 -> 5
D (15202) wifi:obss scan is disabled
D (15202) wifi:start obss scan: obss scan is stopped
D (15212) wifi:tx data done, now:15229180
D (15212) event: running post WIFI_EVENT:4 with handler 0x4202cd14 and context 0x3fca7e90 on loop 0x3fca6d0c[0m
V (15222) esp_adapter: thread sem get: sem=0x3fcb27f0[0m
D (15232) esp_netif_handlers: esp_netif action connected with netif0x3fca7c34 from event_id=4[0m
D (15232) esp_netif_lwip: check: remote, if=0x3fca7c34 fn=0x42013ad8[0m
D (15242) esp_netif_lwip: esp_netif_up_api esp_netif:0x3fca7c34[0m
D (15252) esp_netif_lwip: check: local, if=0x3fca7c34 fn=0x42013ea4[0m
D (15252) esp_netif_lwip: esp_netif_update_default_netif_lwip 0x3fca7c34[0m
V (15262) esp_netif_lwip: esp_netif_is_netif_up esp_netif:0x3fca7c34[0m
D (15262) wifi:D (15272) esp_netif_lwip: call api in lwip: ret=0x0, give sem[0m
tx data done, now:15283564
D (15282) esp_netif_lwip: check: remote, if=0x3fca7c34 fn=0x42013994[0m
D (15282) esp_netif_lwip: esp_netif_dhcpc_start_api esp_netif:0x3fca7c34[0m
D (15292) esp_netif_lwip: esp_netif_start_ip_lost_timer esp_netif:0x3fca7c34[0m
D (15302) esp_netif_lwip: if0x3fca7c34 start ip lost tmr: already started[0m
D (15302) esp_netif_lwip: starting dhcp client[0m
D (15312) wifi:D (15312) esp_netif_lwip: call api in lwip: ret=0x0, give sem[0m
eb is dhcp or dns sport = 68, dport = 67
D (15322) event: running post WIFI_EVENT:4 with handler 0x4200a710 and context 0x3fca7f98 on loop 0x3fca6d0c[0m
D (15322) wifi:tx data done, now:15341362
I (15332) wifi:<ba-add>idx:0 (ifx:0, c0:56:27:0b:8c:c8), tid:6, ssn:2, winSize:64
D (15342) wifi:tx data done, now:15361535
V (15342) wifi:sta recv dup seq=32 tid=6, discard
V (15352) wifi:sta recv dup seq=32 tid=6, discard
V (15352) wifi:sta recv dup seq=32 tid=6, discard
V (15362) wifi:sta recv dup seq=32 tid=6, discard
V (15362) wifi:sta recv dup seq=32 tid=6, discard
V (15372) wifi:sta recv dup seq=32 tid=6, discard
V (15372) wifi:sta recv dup seq=32 tid=6, discard
V (15372) wifi:sta recv dup seq=32 tid=6, discard
V (15382) wifi:sta recv dup seq=32 tid=6, discard
D (15382) wifi:eb is dhcp or dns sport = 68, dport = 67
V (15392) wifi:sta recv dup seq=32 tid=6, discard
D (15392) wifi:tx data done, now:15415599
D (15402) wifi:tx data done, now:15420445
D (15452) wifi:tx data done, now:15472202
D (15812) wifi:tx data done, now:15830021
D (15862) wifi:tx data done, now:15881150
D (15972) wifi:tx data done, now:15987704
D (16022) wifi:tx data done, now:16038830
D (16312) esp_netif_lwip: esp_netif_internal_dhcpc_cb lwip-netif:0x3fca7cb8[0m
D (16312) wifi:tx data done, now:16327788
D (16312) esp_netif_lwip: if0x3fca7c34 ip changed=1[0m
D (16312) event: running post IP_EVENT:0 with handler 0x4202cb40 and context 0x3fca7f64 on loop 0x3fca6d0c[0m
D (16322) wifi_init_default: Got IP wifi default handler entered[0m
D (16332) esp_netif_handlers: esp_netif action got_ip with netif0x3fca7c34 from event_id=0[0m
[0;32mI (16332) esp_netif_handlers: sta ip: 10.0.0.149, mask: 255.255.255.0, gw: 10.0.0.1[0m
D (16342) event: running post IP_EVENT:0 with handler 0x4200a710 and context 0x3fca7fb8 on loop 0x3fca6d0c[0m
[0;32mI (16352) wifi dpp-enrollee: got ip:10.0.0.149[0m
D (16362) wifi:tx data done, now:16379148##############
[0;32mI (16362) wifi dpp-enrollee: connected to ap SSID:############## password:#############[0m
D (16372) wpa: ELOOP: esp_dpp_task:410 called to remove timer handler=0x4201551c, removed count=0[0m
[0;32mI (16382) main_task: Returned from app_main()[0m
D (16972) wifi:tx data done, now:16987818
D (17022) wifi:tx data done, now:17038963
D (17972) wifi:tx data done, now:17988056
D (18022) wifi:tx data done, now:18041294
D (18972) wifi:tx data done, now:18987757
D (19022) wifi:tx data done, now:19038861
I (24972) wifi:bcn_timeout,ap_probe_send_start
D (24972) event: no handlers have been registered for event WIFI_EVENT:21 posted to loop 0x3fca6d0c[0m
D (24972) wifi:tx data done, now:24989580
V (24972) wifi:back home chan=<1,0>, current chan=<1,0>
D (24982) wifi:set max rate: from <rate=130, phy=3, sig=0> to <rate=144, phy=3 sig=0>
D (24992) wifi:sig_b=0, sig_g=0, sig_n=0, max_b=22, max_g=108, max_n=144
D (24992) wifi:update trc
D (24992) wifi:tx data done, now:25016211
D (25022) wifi:tx data done, now:25040165
