Executing action: monitor
Serial port /dev/ttyUSB0
Connecting....
Detecting chip type... ESP32-S3
Running idf_monitor in directory /home/corfu/mpc/corfu/dpp_test_auth_retries
Executing "/home/corfu/.espressif/python_env/idf5.2_py3.10_env/bin/python /home/corfu/esp/esp-idf/tools/idf_monitor.py -p /dev/ttyUSB0 -b 115200 --toolchain-prefix xtensa-esp32-elf- --target esp32 --revision 0 /home/corfu/mpc/corfu/dpp_test_auth_retries/build/dpp-enrollee.elf -m '/home/corfu/.espressif/python_env/idf5.2_py3.10_env/bin/python' '/home/corfu/esp/esp-idf/tools/idf.py'"...
ESP-ROM:esp32s3-20210327
Build:Mar 27 2021
rst:0x1 (POWERON),boot:0x8 (SPI_FAST_FLASH_BOOT)
SPIWP:0xee
mode:DIO, clock div:1
load:0x3fce3810,len:0x178c
load:0x403c9700,len:0x4
load:0x403c9704,len:0xcbc
load:0x403cc700,len:0x2da0
entry 0x403c9914
[0;32mI (27) boot: ESP-IDF v5.2.1-1-g25b86f7c6a-dirty 2nd stage bootloader[0m
[0;32mI (27) boot: compile time Sep 13 2024 16:06:08[0m
[0;32mI (27) boot: Multicore bootloader[0m
[0;32mI (32) boot: chip revision: v0.2[0m
[0;32mI (35) boot.esp32s3: Boot SPI Speed : 80MHz[0m
[0;32mI (40) boot.esp32s3: SPI Mode       : DIO[0m
[0;32mI (45) boot.esp32s3: SPI Flash Size : 2MB[0m
[0;32mI (50) boot: Enabling RNG early entropy source...[0m
[0;32mI (55) boot: Partition Table:[0m
[0;32mI (59) boot: ## Label            Usage          Type ST Offset   Length[0m
[0;32mI (66) boot:  0 nvs              WiFi data        01 02 00009000 00006000[0m
[0;32mI (73) boot:  1 phy_init         RF data          01 01 0000f000 00001000[0m
[0;32mI (81) boot:  2 factory          factory app      00 00 00010000 00100000[0m
[0;32mI (88) boot: End of partition table[0m
[0;32mI (93) esp_image: segment 0: paddr=00010020 vaddr=3c0a0020 size=33ae0h (211680) map[0m
[0;32mI (139) esp_image: segment 1: paddr=00043b08 vaddr=3fc97f00 size=04830h ( 18480) load[0m
[0;32mI (143) esp_image: segment 2: paddr=00048340 vaddr=40374000 size=07cd8h ( 31960) load[0m
[0;32mI (152) esp_image: segment 3: paddr=00050020 vaddr=42000020 size=98cf0h (625904) map[0m
[0;32mI (265) esp_image: segment 4: paddr=000e8d18 vaddr=4037bcd8 size=0c1e4h ( 49636) load[0m
[0;32mI (285) boot: Loaded app from partition at offset 0x10000[0m
[0;32mI (285) boot: Disabling RNG early entropy source...[0m
[0;32mI (296) cpu_start: Multicore app[0m
V (297) mmap: after coalescing, 1 regions are left[0m
D (297) cpu_start: Pro cpu up[0m
D (297) cpu_start: Starting app cpu, entry point is 0x4037532c[0m
D (0) cpu_start: App cpu up[0m
V CACHE_ERR: illegal error intr clr & ena mask is: 0x3f
V CACHE_ERR: core 1 (3ccess lkrrRTr intr clr & enaramask is: 0x1439184[0m
V CACHE_ERR: illegal error intr clr & ena mask is: 0x3f
V CACHE_ERR: core 0 access error intr clr & ena mask is: 0x1f
[0;32mI (329) cpu_start: Pro cpu start user code[0m
[0;32mI (333) cpu_start: cpu freq: 160000000 Hz[0m
[0;32mI (337) cpu_start: Application information:[0m
[0;32mI (342) cpu_start: Project name:     dpp-enrollee[0m
[0;32mI (348) cpu_start: App version:      v5.2.1-1-g25b86f7c6a-dirty[0m
[0;32mI (354) cpu_start: Compile time:     Sep 13 2024 16:06:24[0m
[0;32mI (360) cpu_start: ELF file SHA256:  178900882...[0m
[0;32mI (366) cpu_start: ESP-IDF:          v5.2.1-1-g25b86f7c6a-dirty[0m
[0;32mI (372) cpu_start: Min chip rev:     v0.0[0m
[0;32mI (377) cpu_start: Max chip rev:     v0.99 [0m
[0;32mI (382) cpu_start: Chip rev:         v0.2[0m
V (387) memory_layout: reserved range is 0x3c0d3ac0 - 0x3c0d3ae8[0m
D (393) memory_layout: Checking 6 reserved memory ranges:[0m
D (398) memory_layout: Reserved memory range 0x3fc84000 - 0x3fc97f00[0m
D (404) memory_layout: Reserved memory range 0x3fc97f00 - 0x3fca0388[0m
D (411) memory_layout: Reserved memory range 0x3fceee34 - 0x3fcf0000[0m
D (417) memory_layout: Reserved memory range 0x40374000 - 0x40387f00[0m
D (424) memory_layout: Reserved memory range 0x600fe000 - 0x600fe010[0m
D (430) memory_layout: Reserved memory range 0x600fffe8 - 0x60100000[0m
D (437) memory_layout: Building list of available memory regions:[0m
V (443) memory_layout: Examining memory region 0x3fc88000 - 0x3fc90000[0m
V (449) memory_layout: Region 0x3fc88000 - 0x3fc90000 inside of reserved 0x3fc84000 - 0x3fc97f00[0m
V (458) memory_layout: Examining memory region 0x3fc90000 - 0x3fca0000[0m
V (465) memory_layout: Start of region 0x3fc90000 - 0x3fca0000 overlaps reserved 0x3fc84000 - 0x3fc97f00[0m
V (474) memory_layout: Region 0x3fc97f00 - 0x3fca0000 inside of reserved 0x3fc97f00 - 0x3fca0388[0m
V (483) memory_layout: Examining memory region 0x3fca0000 - 0x3fcb0000[0m
V (490) memory_layout: Start of region 0x3fca0000 - 0x3fcb0000 overlaps reserved 0x3fc97f00 - 0x3fca0388[0m
D (499) memory_layout: Available memory region 0x3fca0388 - 0x3fcb0000[0m
V (506) memory_layout: Examining memory region 0x3fcb0000 - 0x3fcc0000[0m
D (513) memory_layout: Available memory region 0x3fcb0000 - 0x3fcc0000[0m
V (519) memory_layout: Examining memory region 0x3fcc0000 - 0x3fcd0000[0m
D (526) memory_layout: Available memory region 0x3fcc0000 - 0x3fcd0000[0m
V (532) memory_layout: Examining memory region 0x3fcd0000 - 0x3fce0000[0m
D (539) memory_layout: Available memory region 0x3fcd0000 - 0x3fce0000[0m
V (546) memory_layout: Examining memory region 0x3fce0000 - 0x3fce9710[0m
D (552) memory_layout: Available memory region 0x3fce0000 - 0x3fce9710[0m
V (559) memory_layout: Examining memory region 0x3fce9710 - 0x3fcf0000[0m
V (565) memory_layout: End of region 0x3fce9710 - 0x3fcf0000 overlaps reserved 0x3fceee34 - 0x3fcf0000[0m
D (575) memory_layout: Available memory region 0x3fce9710 - 0x3fceee34[0m
V (581) memory_layout: Examining memory region 0x3fcf0000 - 0x3fcf8000[0m
D (588) memory_layout: Available memory region 0x3fcf0000 - 0x3fcf8000[0m
V (594) memory_layout: Examining memory region 0x600fe000 - 0x60100000[0m
V (601) memory_layout: Start of region 0x600fe000 - 0x60100000 overlaps reserved 0x600fe000 - 0x600fe010[0m
V (611) memory_layout: End of region 0x600fe010 - 0x60100000 overlaps reserved 0x600fffe8 - 0x60100000[0m
D (620) memory_layout: Available memory region 0x600fe010 - 0x600fffe8[0m
[0;32mI (627) heap_init: Initializing. RAM available for dynamic allocation:[0m
D (634) heap_init: New heap initialised at 0x3fca0388[0m
[0;32mI (639) heap_init: At 3FCA0388 len 00049388 (292 KiB): RAM[0m
[0;32mI (645) heap_init: At 3FCE9710 len 00005724 (21 KiB): RAM[0m
D (651) heap_init: New heap initialised at 0x3fcf0000[0m
[0;32mI (656) heap_init: At 3FCF0000 len 00008000 (32 KiB): DRAM[0m
D (662) heap_init: New heap initialised at 0x600fe010[0m
[0;32mI (668) heap_init: At 600FE010 len 00001FD8 (7 KiB): RTCRAM[0m
V (674) intr_alloc: esp_intr_alloc_intrstatus (cpu 0): checking args[0m
V (680) intr_alloc: esp_intr_alloc_intrstatus (cpu 0): Args okay. Resulting flags 0x40E[0m
D (688) intr_alloc: Connected src 39 to int 2 (cpu 0)[0m
V (694) memspi: raw_chip_id: 1740C8
[0m
V (697) memspi: chip_id: C84017
[0m
V (701) memspi: raw_chip_id: 1740C8
[0m
V (704) memspi: chip_id: C84017
[0m
D (708) spi_flash: trying chip: issi[0m
D (711) spi_flash: trying chip: gd[0m
[0;32mI (716) spi_flash: detected chip: gd[0m
[0;32mI (719) spi_flash: flash io: dio[0m
[0;33mW (723) spi_flash: Detected size(8192k) larger than the size in the binary image header(2048k). Using the size in the binary image header.[0m
D (736) cpu_start: calling init function: 0x42074cfc[0m
D (741) cpu_start: calling init function: 0x420747ac[0m
D (746) cpu_start: calling init function: 0x4202ca94[0m
D (751) cpu_start: calling init function: 0x4200e438[0m
D (756) cpu_start: calling init function: 0x4037ba1c[0m
D (761) cpu_start: calling init function: 0x42002f0c[0m
D (766) cpu_start: calling init function: 0x42008640 on core: 0[0m
V (772) intr_alloc: esp_intr_alloc_intrstatus (cpu 0): checking args[0m
V (779) intr_alloc: esp_intr_alloc_intrstatus (cpu 0): Args okay. Resulting flags 0xC02[0m
D (787) intr_alloc: Connected src 59 to int 3 (cpu 0)[0m
D (792) cpu_start: calling init function: 0x42005f68 on core: 0[0m
[0;32mI (798) sleep: Configure to isolate all GPIO pins in sleep state[0m
[0;32mI (805) sleep: Enable automatic switching of GPIO sleep configuration[0m
D (812) cpu_start: calling init function: 0x420042a4 on core: 0[0m
V (818) intr_alloc: esp_intr_alloc_intrstatus (cpu 0): checking args[0m
V (824) intr_alloc: esp_intr_alloc_intrstatus (cpu 0): Args okay. Resulting flags 0x40E[0m
D (832) intr_alloc: Connected src 79 to int 9 (cpu 0)[0m
D (837) app_start: Starting scheduler on CPU0[0m
V (842) intr_alloc: esp_intr_alloc_intrstatus (cpu 0): checking args[0m
V (842) intr_alloc: esp_intr_alloc_intrstatus (cpu 0): Args okay. Resulting flags 0x402[0m
D (842) intr_alloc: Connected src 57 to int 12 (cpu 0)[0m
V (842) intr_alloc: esp_intr_alloc_intrstatus (cpu 1): checking args[0m
V (852) intr_alloc: esp_intr_alloc_intrstatus (cpu 1): Args okay. Resulting flags 0x40E[0m
D (852) intr_alloc: Connected src 80 to int 2 (cpu 1)[0m
D (862) app_start: Starting scheduler on CPU1[0m
V (862) intr_alloc: esp_intr_alloc_intrstatus (cpu 1): checking args[0m
V (872) intr_alloc: esp_intr_alloc_intrstatus (cpu 1): Args okay. Resulting flags 0x402[0m
D (882) intr_alloc: Connected src 58 to int 3 (cpu 1)[0m
[0;32mI (842) main_task: Started on CPU0[0m
D (892) heap_init: New heap initialised at 0x3fce9710[0m
V (892) intr_alloc: esp_intr_alloc_intrstatus (cpu 0): checking args[0m
V (902) intr_alloc: esp_intr_alloc_intrstatus (cpu 0): Args okay. Resulting flags 0xE[0m
D (912) intr_alloc: Connected src 52 to int 13 (cpu 0)[0m
[0;32mI (912) main_task: Calling app_main()[0m
V (922) partition: Loading the partition table[0m
V (922) mmap: actual_mapped_len is 0x10000[0m
V (932) calculated md5: 0x3fca3f38   f4 ad 4f 45 38 56 4b 5d  74 35 b6 2c 75 b6 95 24  |..OE8VK]t5.,u..$|[0m
V (942) stored md5: 0x3c0e8070   f4 ad 4f 45 38 56 4b 5d  74 35 b6 2c 75 b6 95 24  |..OE8VK]t5.,u..$|[0m
V (942) partition: Partition table MD5 verified[0m
D (972) esp_netif_lwip: LwIP stack has been initialized[0m
D (972) esp_netif_lwip: esp-netif has been successfully initialized[0m
D (972) event: running task for loop 0x3fca6c88[0m
D (982) event: created task for loop 0x3fca6c88[0m
D (982) event: created event loop 0x3fca6c88[0m
D (992) esp_netif_lwip: check: remote, if=0x3fca3f70 fn=0x42013448[0m
V (992) esp_netif_objects: esp_netif_add_to_list_unsafe 0x3fca7bb0[0m
D (1002) esp_netif_objects: esp_netif_add_to_list_unsafe netif added successfully (total netifs: 1)[0m
D (1012) esp_netif_lwip: call api in lwip: ret=0x0, give sem[0m
pp rom version: e7ae62f
net80211 rom version: e7ae62f
D (1022) nvs: nvs_open_from_partition misc 1[0m
I (1032) wifi:wifi driver task: 3fcaa5d0, prio:23, stack:6656, core=0
V (1032) esp_adapter: thread sem create: sem=0x3fcaa728[0m
V (1042) esp_adapter: thread sem get: sem=0x3fcaa728[0m
D (1042) efuse: In EFUSE_BLK1__DATA1_REG is used 8 bits starting with 8 bit[0m
D (1052) efuse: In EFUSE_BLK1__DATA1_REG is used 8 bits starting with 0 bit[0m
D (1052) efuse: In EFUSE_BLK1__DATA0_REG is used 8 bits starting with 24 bit[0m
D (1062) efuse: In EFUSE_BLK1__DATA0_REG is used 8 bits starting with 16 bit[0m
D (1072) efuse: In EFUSE_BLK1__DATA0_REG is used 8 bits starting with 8 bit[0m
D (1082) efuse: In EFUSE_BLK1__DATA0_REG is used 8 bits starting with 0 bit[0m
D (1082) nvs: nvs_open_from_partition nvs.net80211 1[0m
D (1092) nvs: nvs_get opmode 1[0m
D (1092) nvs: nvs_get_str_or_blob sta.ssid[0m
D (1102) nvs: nvs_get sta.authmode 1[0m
D (1102) nvs: nvs_get_str_or_blob sta.pswd[0m
D (1102) nvs: nvs_get_str_or_blob sta.pmk[0m
D (1112) nvs: nvs_get sta.chan 1[0m
D (1112) nvs: nvs_get auto.conn 1[0m
D (1112) nvs: nvs_get bssid.set 1[0m
D (1122) nvs: nvs_get_str_or_blob sta.bssid[0m
D (1122) nvs: nvs_get sta.lis_intval 2[0m
D (1132) nvs: nvs_get sta.phym 1[0m
D (1132) nvs: nvs_get sta.phybw 1[0m
D (1132) nvs: nvs_get_str_or_blob sta.apsw[0m
D (1142) nvs: nvs_get_str_or_blob sta.apinfo[0m
D (1142) nvs: nvs_get sta.scan_method 1[0m
D (1142) nvs: nvs_get sta.sort_method 1[0m
D (1152) nvs: nvs_get sta.minrssi 1[0m
D (1152) nvs: nvs_get sta.minauth 1[0m
D (1162) nvs: nvs_get sta.pmf_e 1[0m
D (1162) nvs: nvs_get sta.pmf_r 1[0m
D (1162) nvs: nvs_get sta.btm_e 1[0m
D (1172) nvs: nvs_get sta.rrm_e 1[0m
D (1172) nvs: nvs_get sta.mbo_e 1[0m
D (1172) nvs: nvs_get_str_or_blob ap.ssid[0m
D (1182) nvs: nvs_get_str_or_blob ap.passwd[0m
D (1182) nvs: nvs_get_str_or_blob ap.pmk[0m
D (1182) nvs: nvs_get ap.chan 1[0m
D (1192) nvs: nvs_get ap.authmode 1[0m
D (1192) nvs: nvs_get ap.hidden 1[0m
D (1192) nvs: nvs_get ap.max.conn 1[0m
D (1202) nvs: nvs_get bcn.interval 2[0m
D (1202) nvs: nvs_get ap.phym 1[0m
D (1212) nvs: nvs_get ap.phybw 1[0m
D (1212) nvs: nvs_get ap.sndchan 1[0m
D (1212) nvs: nvs_get ap.pmf_e 1[0m
D (1222) nvs: nvs_get ap.pmf_r 1[0m
D (1222) nvs: nvs_get ap.p_cipher 1[0m
D (1222) nvs: nvs_get lorate 1[0m
D (1232) nvs: nvs_get_str_or_blob country[0m
D (1232) nvs: nvs_get ap.ftm_r 1[0m
D (1232) nvs: nvs_get sta.ft 1[0m
D (1242) nvs: nvs_get sta.owe 1[0m
D (1242) nvs: nvs_get sta.trans_d 1[0m
D (1242) nvs: nvs_get sta.sae_h2e 1[0m
D (1252) nvs: nvs_get sta.sae_pk_mode 1[0m
D (1252) nvs: nvs_get sta.bss_retry 1[0m
D (1252) nvs: nvs_get_str_or_blob sta.owe_data[0m
D (1262) nvs: nvs_get sta.he_dcm 1[0m
D (1262) nvs: nvs_get sta.he_dcm_c_tx 1[0m
D (1272) nvs: nvs_get sta.he_dcm_c_rx 1[0m
D (1272) nvs: nvs_get sta.he_mcs9_d 1[0m
D (1272) nvs: nvs_get sta.he_su_b_d 1[0m
D (1282) nvs: nvs_get sta.he_su_b_f_d 1[0m
D (1282) nvs: nvs_get sta.he_mu_b_f_d 1[0m
D (1282) nvs: nvs_get sta.he_cqi_f_d 1[0m
D (1292) nvs: nvs_get_str_or_blob sta.sae_h2e_id[0m
D (1292) nvs: nvs_get ap.sae_h2e 1[0m
D (1302) nvs: nvs_get_str_or_blob ap.pmk_info[0m
D (1302) nvs: nvs_get nan.phym 1[0m
D (1302) nvs: nvs_set ap.sndchan 1 1[0m
I (1312) wifi:wifi firmware version: a9f5b59-dirty
I (1312) wifi:wifi certification version: v7.0
I (1322) wifi:config NVS flash: enabled
I (1322) wifi:config nano formating: disabled
I (1322) wifi:Init data frame dynamic rx buffer num: 32
I (1332) wifi:Init static rx mgmt buffer num: 5
I (1332) wifi:Init management short buffer num: 32
I (1342) wifi:Init dynamic tx buffer num: 32
I (1342) wifi:Init static tx FG buffer num: 2
I (1352) wifi:Init static rx buffer size: 1600
I (1352) wifi:Init static rx buffer num: 10
I (1352) wifi:Init dynamic rx buffer num: 32
V (1362) wifi:hint=255, act_dur=<0,120>, pas_dur=360, nchans=14 history_num=0
V (1372) esp_adapter: thread sem get: sem=0x3fcaa728[0m
[0;32mI (1372) wifi_init: rx ba win: 6[0m
[0;32mI (1372) wifi_init: tcpip mbox: 32[0m
[0;32mI (1382) wifi_init: udp mbox: 6[0m
[0;32mI (1382) wifi_init: tcp mbox: 6[0m
[0;32mI (1392) wifi_init: tcp tx win: 5760[0m
[0;32mI (1392) wifi_init: tcp rx win: 5760[0m
[0;32mI (1392) wifi_init: tcp mss: 1440[0m
[0;32mI (1402) wifi_init: WiFi IRAM OP enabled[0m
[0;32mI (1402) wifi_init: WiFi RX IRAM OP enabled[0m
V (1412) esp_adapter: thread sem get: sem=0x3fcaa728[0m
D (1412) nvs: nvs_get opmode 1[0m
[0;32mI (1422) wpa: esp_dpp_task prio:2, stack:6656[0m
D (1422) wpa: private key - hexdump(len=0):[0m
D (1432) wpa:  [NULL][0m
D (1482) wpa: DPP: Generating a keypair[0m
[0;31mE (1482) wpa: curve: secp256r1[0m
[0;31mE (1482) wpa: prime len is 32[0m
[0;31mE (1482) wpa: Q_x: - hexdump(len=32):[0m
[0;31mE (1492) wpa: f0 a1 17 7e fb 43 2a a1 30 13 d7 4a eb 09 36 69 [0m
[0;31mE (1492) wpa: e1 94 20 fc 1d 1b 22 b2 2a 93 c1 7c d7 20 52 b3 [0m
[0;31mE (1502) wpa: Q_y: - hexdump(len=32):[0m
[0;31mE (1502) wpa: 16 51 a7 e9 33 00 58 a1 c4 60 47 20 c0 15 30 a9 [0m
[0;31mE (1512) wpa: c0 1b 8d 94 cb ba 52 4f eb 32 bd f2 ce ed 0e cf [0m
[0;31mE (1522) wpa: d:      - hexdump(len=32):[0m
[0;31mE (1522) wpa: 9f 35 d0 4b 27 08 05 b4 45 69 2b ec 07 f2 10 64 [0m
[0;31mE (1532) wpa: b5 2a 4f 3f a4 69 c5 16 04 5d d9 f1 bc f6 ce b9 [0m
D (1532) wpa: DPP: Compressed public key (DER) - hexdump(len=59):[0m
D (1542) wpa: 30 39 30 13 06 07 2a 86 48 ce 3d 02 01 06 08 2a [0m
D (1552) wpa: 86 48 ce 3d 03 01 07 03 22 00 03 f0 a1 17 7e fb [0m
D (1552) wpa: 43 2a a1 30 13 d7 4a eb 09 36 69 e1 94 20 fc 1d [0m
D (1562) wpa: 1b 22 b2 2a 93 c1 7c d7 20 52 b3 [0m
D (1562) gdma: new group (0) at 0x3fcb2ef0[0m
D (1572) gdma: new pair (0,0) at 0x3fcb2d4c[0m
D (1572) gdma: new tx channel (0,0) at 0x3fcb2bfc[0m
D (1582) gdma: new rx channel (0,0) at 0x3fcb2f78[0m
D (1582) gdma: tx channel (0,0), (1:16) bytes aligned, burst enabled[0m
D (1592) gdma: rx channel (0,0), (1:16) bytes aligned, burst disabled[0m
D (1592) wpa: DPP: Public key hash - hexdump(len=32):[0m
D (1602) wpa: 0b 99 57 e5 f2 01 94 48 82 be e7 8e 5e 2d 82 21 [0m
D (1602) wpa: 6d bf 9b 65 4a 51 ad ff 5b e4 7d 65 94 16 f9 0d [0m
D (1612) wpa: DPP: URI mac: 84:fc:e6:7b:73:b8[0m
[0;32mI (1612) wifi dpp-enrollee: Scan below QR Code to configure the enrollee:[0m
[0;32mI (1622) QRCODE: Encoding below text with ECC LVL 0 & QR Code Version 10[0m
[0;32mI (1632) QRCODE: DPP:C:81/6;M:84:fc:e6:7b:73:b8;K:MDkwEwYHKoZIzj0CAQYIKoZIzj0DAQcDIgAD8KEXfvtDKqEwE9dK6wk2aeGUIPwdGyKyKpPBfNcgUrM=;;[0m
                                              
  █▀▀▀▀▀█ ██    ▀▀▀█▀█▄▄█▀ ▀▀▀▀▄ ▄▀ █▀▀▀▀▀█   
  █ ███ █ █▄▀ ▀▀▄ ▀▄▄  █▀█▀▄█ ▀▀▄▀▄ █ ███ █   
  █ ▀▀▀ █ ▄ █▀▄ █ ▄▄██▀▄▄▀▄▀█▀▀█▄▄▀ █ ▀▀▀ █   
  ▀▀▀▀▀▀▀ ▀▄█▄▀ ▀▄█▄█▄▀▄▀ ▀ ▀▄█▄▀▄▀ ▀▀▀▀▀▀▀   
  █▀▄ █▀▀▄▄ ▄ ▄▄▀▄█ ▄ ▄▄█ ▀▄▀▄▀▀▄ ▀▄▄▀▄██▀▀   
  ▀ █ ▄ ▀▄ ██▄█ ▄█▄█▄▄ ▄▄▀█ ▀▀▄▄█▄▄▀ ▀▀  ▄█   
   ▄ ▀█▀▀█ █▄ ▀█▀▀▄ ▀ ▄█▀ ▀▀▄ █▀▄█▀█▄▄█▄ ▄▀   
  ▀ ▀ █▄▀█▄ ▄ ▄   ▀█▄▄▀█▀█   █▄██ ▄▀ ▀ █▀▄█   
  ▄▀ ▄██▀    █▀▀▄▀▄▄  ▀ ▀▄ ▄▀█▀█▀▀▀▀ ▀▄█▀▄▄   
  ▀ █ █▀▀▀▄███▀█▀▀█ ▀▄ ▄▀▀▀▀█▀ ▄▄▄ ▀█ █▄▀██   
  ▄ ▄▀ ▄▀ ▀█▄▀▄█▄▀▀ ▄ ▄█▀▀    ▄▀▀ ▀▀ ▄█▀██    
   ▄▄█  ▀▄ ▀▀█▀ ▀█▄█▄ ████ ▀▄█ ▄▀ ▀ ▄▀ █ ▄█   
  ▀█▄▄▀█▀██   ▀█▄ █     ▀▄▀▀▄▄▀▀▀ ▄▄▄ ▄▄█▀    
  ██▄ ▀▀▀ █▄▀█▄ ▄▀ █▄ ▀▄ █▄ ▄▀█▄  ▄ █▄ ▀▀ █   
  ██▄█▀ ▀  ▄▄ ▀█▀▀▄▄▀ ▄▄█▄ ▀▄▀██▄▀▄█▄█▄▄      
      ▀▀▀  ▄█ ▄ ▄ ▀█▄ █▄▀▀▀▀▄▀ ▄  ██ ▀▀▄  ▀   
  ▀▀▀   ▀▀█▀▄▀▀▀ █▄▄▄▄▀▀▀▀▀ ▀▄▀▀▀▀█▀▀▀██      
  █▀▀▀▀▀█ ▄ ▀▀▀█▀▀▄ ▀▄ █ ██▀▄▀██▄▀█ ▀ █ ▀ ▀   
  █ ███ █ ▀▄  ▄█▄▀▀▄▄▄▀██▀▀   ▄▀▄██▀▀█▀ ▄█▄   
  █ ▀▀▀ █ ▄█▄█▀ ▄█▄█▄▄ ▄ █▀▀ █ ▄█ ▀ ▄█ ▄▀▄█   
  ▀▀▀▀▀▀▀ ▀▀  ▀      ▀  ▀▀▀▀   ▀  ▀▀▀    ▀    
                                              

V (1942) esp_adapter: thread sem get: sem=0x3fcaa728[0m
[0;32mI (1942) phy_init: phy_version 640,cd64a1a,Jan 24 2024,17:28:12[0m
D (1952) phy_init: loading PHY init data from application binary[0m
D (1962) nvs: nvs_open_from_partition phy 0[0m
D (1962) nvs: nvs_get cal_version 4[0m
V (1962) phy_init: phy_get_rf_cal_version: 640[0m
D (1972) nvs: nvs_get_str_or_blob cal_mac[0m
D (1972) efuse: In EFUSE_BLK1__DATA1_REG is used 8 bits starting with 8 bit[0m
D (1982) efuse: In EFUSE_BLK1__DATA1_REG is used 8 bits starting with 0 bit[0m
D (1992) efuse: In EFUSE_BLK1__DATA0_REG is used 8 bits starting with 24 bit[0m
D (1992) efuse: In EFUSE_BLK1__DATA0_REG is used 8 bits starting with 16 bit[0m
D (2002) efuse: In EFUSE_BLK1__DATA0_REG is used 8 bits starting with 8 bit[0m
D (2012) efuse: In EFUSE_BLK1__DATA0_REG is used 8 bits starting with 0 bit[0m
D (2022) nvs: nvs_get_str_or_blob cal_data[0m
D (2032) nvs: nvs_close 3[0m
D (2032) efuse: In EFUSE_BLK1__DATA1_REG is used 8 bits starting with 8 bit[0m
D (2032) efuse: In EFUSE_BLK1__DATA1_REG is used 8 bits starting with 0 bit[0m
D (2042) efuse: In EFUSE_BLK1__DATA0_REG is used 8 bits starting with 24 bit[0m
D (2042) efuse: In EFUSE_BLK1__DATA0_REG is used 8 bits starting with 16 bit[0m
D (2052) efuse: In EFUSE_BLK1__DATA0_REG is used 8 bits starting with 8 bit[0m
D (2062) efuse: In EFUSE_BLK1__DATA0_REG is used 8 bits starting with 0 bit[0m
D (2082) temperature_sensor: range changed, change to index 2[0m
V (2102) wifi:ht20 freq=2412, chan=1
D (2102) wifi:filter: set rx policy=0
I (2102) wifi:mode : sta (84:fc:e6:7b:73:b8)
I (2102) wifi:enable tsf
D (2102) wifi:filter: set rx policy=1
D (2102) wifi:connect status 0 -> 0
D (2112) event: running post WIFI_EVENT:40 with handler 0x4200a710 and context 0x3fca7f14 on loop 0x3fca6c88[0m
D (2122) event: running post WIFI_EVENT:2 with handler 0x4202cce4 and context 0x3fca7dac on loop 0x3fca6c88[0m
D (2132) wifi_init_default: wifi_start esp-netif:0x3fca7bb0 event-id2[0m
D (2132) wifi_init_default: WIFI mac address: 84 fc e6 7b 73 b8[0m
V (2142) esp_adapter: thread sem create: sem=0x3fcb276c[0m
V (2142) esp_adapter: thread sem get: sem=0x3fcb276c[0m
D (2152) esp_netif_lwip: check: remote, if=0x3fca7bb0 fn=0x42012e34[0m
D (2162) esp_netif_lwip: call api in lwip: ret=0x0, give sem[0m
D (2162) esp_netif_handlers: esp_netif action has started with netif0x3fca7bb0 from event_id=2[0m
D (2172) esp_netif_lwip: check: remote, if=0x3fca7bb0 fn=0x42013700[0m
D (2182) esp_netif_lwip: esp_netif_start_api 0x3fca7bb0[0m
D (2182) esp_netif_lwip: esp_netif_get_hostname esp_netif:0x3fca7bb0[0m
D (2192) esp_netif_lwip: check: local, if=0x3fca7bb0 fn=0x42013ea4[0m
D (2192) esp_netif_lwip: esp_netif_update_default_netif_lwip 0x3fca7bb0[0m
V (2202) esp_netif_lwip: esp_netif_is_netif_up esp_netif:0x3fca7bb0[0m
D (2212) esp_netif_lwip: call api in lwip: ret=0x0, give sem[0m
D (2212) event: running post WIFI_EVENT:2 with handler 0x4200a710 and context 0x3fca7f14 on loop 0x3fca6c88[0m
[0;32mI (2222) wifi dpp-enrollee: Started listening for DPP Authentication[0m
V (2222) esp_adapter: thread sem create: sem=0x3fcb281c[0m
V (2242) esp_adapter: thread sem get: sem=0x3fcb281c[0m
D (2242) wifi:Listen on channel 6 for 500 mSec
V (2242) wifi:change: chan<6,0>, dur<0,500>
V (2252) wifi:ht20 freq=2437, chan=6
V (2252) wifi:enter start op, arg=0x42014ad0
V (2262) wifi:start max timer
D (2762) wifi:ROC: Ending operation at 2.0, returning to Channel 1
V (2762) wifi:back home chan=<1,0>, current chan=<6,0>
V (2762) wifi:ht20 freq=2412, chan=1
D (2762) event: running post WIFI_EVENT:20 with handler 0x4200a710 and context 0x3fca7f14 on loop 0x3fca6c88[0m
D (2772) event: running post WIFI_EVENT:20 with handler 0x4201563c and context 0x3fcb250c on loop 0x3fca6c88[0m
V (2782) esp_adapter: thread sem get: sem=0x3fcb281c[0m
D (2792) wifi:Listen on channel 6 for 500 mSec
V (2792) wifi:change: chan<6,0>, dur<0,500>
V (2792) wifi:ht20 freq=2437, chan=6
V (2802) wifi:enter start op, arg=0x42014ad0
V (2802) wifi:start max timer
D (3302) wifi:ROC: Ending operation at 3.0, returning to Channel 1
V (3302) wifi:back home chan=<1,0>, current chan=<6,0>
V (3312) wifi:ht20 freq=2412, chan=1
D (3312) event: running post WIFI_EVENT:20 with handler 0x4200a710 and context 0x3fca7f14 on loop 0x3fca6c88[0m
D (3322) event: running post WIFI_EVENT:20 with handler 0x4201563c and context 0x3fcb250c on loop 0x3fca6c88[0m
V (3332) esp_adapter: thread sem get: sem=0x3fcb281c[0m
D (3332) wifi:Listen on channel 6 for 500 mSec
V (3342) wifi:change: chan<6,0>, dur<0,500>
V (3342) wifi:ht20 freq=2437, chan=6
V (3342) wifi:enter start op, arg=0x42014ad0
V (3352) wifi:start max timer
D (3852) wifi:ROC: Ending operation at 3.0, returning to Channel 1
V (3852) wifi:back home chan=<1,0>, current chan=<6,0>
V (3852) wifi:ht20 freq=2412, chan=1
D (3852) event: running post WIFI_EVENT:20 with handler 0x4200a710 and context 0x3fca7f14 on loop 0x3fca6c88[0m
D (3862) event: running post WIFI_EVENT:20 with handler 0x4201563c and context 0x3fcb250c on loop 0x3fca6c88[0m
V (3872) esp_adapter: thread sem get: sem=0x3fcb281c[0m
D (3882) wifi:Listen on channel 6 for 500 mSec
V (3882) wifi:change: chan<6,0>, dur<0,500>
V (3892) wifi:ht20 freq=2437, chan=6
V (3892) wifi:enter start op, arg=0x42014ad0
V (3892) wifi:start max timer
D (4402) wifi:ROC: Ending operation at 4.0, returning to Channel 1
V (4402) wifi:back home chan=<1,0>, current chan=<6,0>
V (4402) wifi:ht20 freq=2412, chan=1
D (4402) event: running post WIFI_EVENT:20 with handler 0x4200a710 and context 0x3fca7f14 on loop 0x3fca6c88[0m
D (4412) event: running post WIFI_EVENT:20 with handler 0x4201563c and context 0x3fcb250c on loop 0x3fca6c88[0m
V (4422) esp_adapter: thread sem get: sem=0x3fcb281c[0m
D (4432) wifi:Listen on channel 6 for 500 mSec
V (4432) wifi:change: chan<6,0>, dur<0,500>
V (4432) wifi:ht20 freq=2437, chan=6
V (4442) wifi:enter start op, arg=0x42014ad0
V (4442) wifi:start max timer
D (4942) wifi:ROC: Ending operation at 4.0, returning to Channel 1
V (4942) wifi:back home chan=<1,0>, current chan=<6,0>
V (4942) wifi:ht20 freq=2412, chan=1
D (4952) event: running post WIFI_EVENT:20 with handler 0x4200a710 and context 0x3fca7f14 on loop 0x3fca6c88[0m
D (4962) event: running post WIFI_EVENT:20 with handler 0x4201563c and context 0x3fcb250c on loop 0x3fca6c88[0m
V (4972) esp_adapter: thread sem get: sem=0x3fcb281c[0m
D (4972) wifi:Listen on channel 6 for 500 mSec
V (4982) wifi:change: chan<6,0>, dur<0,500>
V (4982) wifi:ht20 freq=2437, chan=6
V (4982) wifi:enter start op, arg=0x42014ad0
V (4992) wifi:start max timer
D (5142) wpa: DPP: Rx Public Action frame: action - 9[0m
V (5142) esp_adapter: thread sem get: sem=0x3fcb281c[0m
D (5142) wifi:ROC: Ending operation at 4.0, returning to Channel 1
V (5142) wifi:back home chan=<1,0>, current chan=<6,0>
V (5152) wifi:ht20 freq=2412, chan=1
V (5152) wifi:back home chan=<1,0>, current chan=<1,0>
[0;32mI (5162) wpa: DPP: Authentication Request from 1e:c5:3a:6f:c3:50[0m
D (5162) event: running post WIFI_EVENT:20 with handler 0x4200a710 and context 0x3fca7f14 on loop 0x3fca6c88[0m
V (5162) wpa: DPP: Responder Bootstrapping Key Hash - hexdump(len=32):[0m
D (5172) event: running post WIFI_EVENT:20 with handler 0x4201563c and context 0x3fcb250c on loop 0x3fca6c88[0m
V (5182) wpa: 0b 99 57 e5 f2 01 94 48 82 be e7 8e 5e 2d 82 21 [0m
V (5202) wpa: 6d bf 9b 65 4a 51 ad ff 5b e4 7d 65 94 16 f9 0d [0m
V (5202) wpa: DPP: Initiator Bootstrapping Key Hash - hexdump(len=32):[0m
V (5212) wpa: 04 26 44 15 5a d2 7f bd 74 a7 61 48 29 a7 26 e7 [0m
V (5212) wpa: 3b 8a 3b 17 a5 df 27 49 35 a5 60 82 be 74 b1 ff [0m
V (5222) wpa: DPP: Wrapped Data - hexdump(len=41):[0m
V (5222) wpa: 86 fa 3b 13 2a 63 72 09 d5 c4 91 a8 a5 1c ce 2a [0m
V (5232) wpa: 3e ea 47 b0 82 68 b8 8f 3b d9 48 eb 85 56 b6 27 [0m
V (5242) wpa: 58 c6 1f 95 c6 51 62 da 67 [0m
V (5242) wpa: DPP: Initiator Protocol Key - hexdump(len=64):[0m
V (5252) wpa: fb be 48 76 4e 80 d9 d1 ce 4e b3 38 92 99 37 bd [0m
V (5252) wpa: 3d e2 20 54 96 3f b5 f4 26 51 4b 30 2b 67 a5 73 [0m
V (5262) wpa: 25 ac 7f 9d be b2 26 6e c2 7a df 05 90 fa 62 de [0m
V (5262) wpa: be 47 a5 59 ee db 54 91 ea e0 63 83 2f 4d d7 2a [0m
V (5272) intr_alloc: esp_intr_alloc_intrstatus (cpu 1): checking args[0m
V (5282) intr_alloc: esp_intr_alloc_intrstatus (cpu 1): Args okay. Resulting flags 0xE[0m
D (5282) intr_alloc: Connected src 76 to int 4 (cpu 1)[0m
[0;31mE (5292) wpa: curve: secp256r1[0m
[0;31mE (5292) wpa: prime len is 32[0m
[0;31mE (5302) wpa: Q_x: - hexdump(len=32):[0m
[0;31mE (5302) wpa: fb be 48 76 4e 80 d9 d1 ce 4e b3 38 92 99 37 bd [0m
[0;31mE (5312) wpa: 3d e2 20 54 96 3f b5 f4 26 51 4b 30 2b 67 a5 73 [0m
[0;31mE (5312) wpa: Q_y: - hexdump(len=32):[0m
[0;31mE (5322) wpa: 25 ac 7f 9d be b2 26 6e c2 7a df 05 90 fa 62 de [0m
[0;31mE (5332) wpa: be 47 a5 59 ee db 54 91 ea e0 63 83 2f 4d d7 2a [0m
[0;31mE (5332) wpa: d:      - hexdump(len=32):[0m
[0;31mE (5342) wpa: 00 00 00 00 00 00 00 00 00 00 00 00 00 00 00 00 [0m
[0;31mE (5342) wpa: 00 00 00 00 00 00 00 00 00 00 00 00 00 00 00 00 [0m
V (5352) intr_alloc: esp_intr_alloc_intrstatus (cpu 1): checking args[0m
V (5362) intr_alloc: esp_intr_alloc_intrstatus (cpu 1): Args okay. Resulting flags 0xE[0m
D (5362) intr_alloc: Connected src 77 to int 9 (cpu 1)[0m
D (5522) wpa: DPP: ECDH shared secret (M.x) - hexdump(len=32):[0m
D (5522) wpa: 82 c1 14 8a 8c 90 7c 55 d7 ca 56 de de 62 db a9 [0m
D (5522) wpa: 78 d8 28 82 6e df 60 12 0b e0 cd 69 d5 e0 4f 56 [0m
D (5532) wpa: DPP: PRK = HKDF-Extract(<>, IKM=M.x) - hexdump(len=32):[0m
D (5532) wpa: 48 23 d7 50 19 87 96 19 ec d9 5e ff 02 1f 0a 56 [0m
D (5542) wpa: fc e0 b1 fe cd 4c ad a3 87 45 ce 9e ac 06 e7 3f [0m
D (5552) wpa: DPP: k1 = HKDF-Expand(PRK, info, L) - hexdump(len=32):[0m
D (5552) wpa: 51 aa 29 5e 94 41 d9 81 ff 11 5f 3c b9 81 e7 b0 [0m
D (5562) wpa: 1b 41 b8 19 72 e7 22 86 9f 9b 8e a0 33 76 da e2 [0m
D (5562) wpa: DDP: AES-SIV AD[0] - hexdump(len=6):[0m
D (5572) wpa: 50 6f 9a 1a 01 00 [0m
D (5572) wpa: DDP: AES-SIV AD[1] - hexdump(len=140):[0m
D (5582) wpa: 02 10 20 00 0b 99 57 e5 f2 01 94 48 82 be e7 8e [0m
D (5582) wpa: 5e 2d 82 21 6d bf 9b 65 4a 51 ad ff 5b e4 7d 65 [0m
D (5592) wpa: 94 16 f9 0d 01 10 20 00 04 26 44 15 5a d2 7f bd [0m
D (5602) wpa: 74 a7 61 48 29 a7 26 e7 3b 8a 3b 17 a5 df 27 49 [0m
D (5602) wpa: 35 a5 60 82 be 74 b1 ff 03 10 40 00 fb be 48 76 [0m
D (5612) wpa: 4e 80 d9 d1 ce 4e b3 38 92 99 37 bd 3d e2 20 54 [0m
D (5612) wpa: 96 3f b5 f4 26 51 4b 30 2b 67 a5 73 25 ac 7f 9d [0m
D (5622) wpa: be b2 26 6e c2 7a df 05 90 fa 62 de be 47 a5 59 [0m
D (5632) wpa: ee db 54 91 ea e0 63 83 2f 4d d7 2a [0m
D (5632) wpa: DPP: AES-SIV ciphertext - hexdump(len=41):[0m
D (5642) wpa: 86 fa 3b 13 2a 63 72 09 d5 c4 91 a8 a5 1c ce 2a [0m
D (5642) wpa: 3e ea 47 b0 82 68 b8 8f 3b d9 48 eb 85 56 b6 27 [0m
D (5652) wpa: 58 c6 1f 95 c6 51 62 da 67 [0m
D (5652) wpa: DPP: AES-SIV cleartext - hexdump(len=25):[0m
D (5662) wpa: 05 10 10 00 7a b9 a4 3b a2 45 e4 f0 46 8b b4 26 [0m
D (5662) wpa: de 01 48 40 06 10 01 00 02 [0m
V (5672) wpa: DPP: Attribute ID 1005 len 16[0m
V (5672) wpa: DPP: Attribute ID 1006 len 1[0m
D (5672) wpa: DPP: I-nonce - hexdump(len=16):[0m
D (5682) wpa: 7a b9 a4 3b a2 45 e4 f0 46 8b b4 26 de 01 48 40 [0m
D (5692) wpa: DPP: I-capabilities: 0x02[0m
D (5692) wpa: DPP: Acting as Enrollee[0m
D (5692) wpa: DPP: Build Authentication Response[0m
D (5702) wpa: DPP: R-nonce - hexdump(len=16):[0m
D (5702) wpa: 5a 73 4f 76 36 84 e5 58 45 60 a4 d0 04 06 5e df [0m
D (5762) wpa: DPP: Generating a keypair[0m
[0;31mE (5762) wpa: curve: secp256r1[0m
[0;31mE (5762) wpa: prime len is 32[0m
[0;31mE (5762) wpa: Q_x: - hexdump(len=32):[0m
[0;31mE (5772) wpa: f8 39 da 60 96 d4 87 68 aa 6f df 23 c9 e7 54 17 [0m
[0;31mE (5772) wpa: 7c bc 72 19 44 6a c8 29 10 7f 28 77 f3 66 d2 8d [0m
[0;31mE (5782) wpa: Q_y: - hexdump(len=32):[0m
[0;31mE (5782) wpa: aa 51 81 59 09 69 2e 54 fd 29 46 fb 46 d0 e9 d6 [0m
[0;31mE (5792) wpa: 68 22 8a 51 ef 5f 9b a3 ca 5c e1 ae 91 7e 65 66 [0m
[0;31mE (5802) wpa: d:      - hexdump(len=32):[0m
[0;31mE (5802) wpa: 7b cb fe a1 93 98 ab 07 9d 7f 04 14 83 db af a0 [0m
[0;31mE (5812) wpa: f4 68 9c 85 c4 d4 1a be f6 5d e8 ff 8f 19 15 c8 [0m
D (5972) wpa: DPP: ECDH shared secret (N.x) - hexdump(len=32):[0m
D (5972) wpa: 7d 46 b6 5d 40 14 0f 0d 3a cd 90 0d e7 75 6e 2f [0m
D (5972) wpa: bb c9 47 66 a3 31 97 76 0f 6e f2 69 7a 88 fa 72 [0m
D (5972) wpa: DPP: PRK = HKDF-Extract(<>, IKM=N.x) - hexdump(len=32):[0m
D (5982) wpa: e9 f4 ef 87 dc 60 99 0b 1a 05 5c 7d f4 79 f0 bf [0m
D (5992) wpa: 0a ec 69 dd eb a8 4b 26 2c 48 0a a9 43 30 c4 ea [0m
D (5992) wpa: DPP: k2 = HKDF-Expand(PRK, info, L) - hexdump(len=32):[0m
D (6002) wpa: a9 ce 15 65 d1 a4 a6 73 38 7e ce 13 bb 3f 20 eb [0m
D (6002) wpa: 78 2f c5 52 e5 47 e2 97 7a 17 b5 6d cb 21 3a 97 [0m
D (6012) wpa: DPP: PRK = HKDF-Extract(<>, IKM) - hexdump(len=32):[0m
D (6022) wpa: ee 90 d1 4e 68 6f be e7 a8 c7 8b 35 b2 94 11 ae [0m
D (6022) wpa: 50 be 74 c1 d9 81 f8 cb f4 47 b7 22 75 c9 3d 31 [0m
D (6032) wpa: DPP: ke = HKDF-Expand(PRK, info, L) - hexdump(len=32):[0m
D (6032) wpa: 49 7c dd 85 2c d5 f6 93 9d 57 2c ec 6c 66 a5 b8 [0m
D (6042) wpa: 18 c4 fc ad ba 9c 37 1e bf 42 ba b2 02 46 86 88 [0m
D (6052) wpa: DPP: R-auth hash components[0m
D (6052) wpa: DPP: hash component - hexdump(len=16):[0m
D (6062) wpa: 7a b9 a4 3b a2 45 e4 f0 46 8b b4 26 de 01 48 40 [0m
D (6062) wpa: DPP: hash component - hexdump(len=16):[0m
D (6072) wpa: 5a 73 4f 76 36 84 e5 58 45 60 a4 d0 04 06 5e df [0m
D (6072) wpa: DPP: hash component - hexdump(len=32):[0m
D (6082) wpa: fb be 48 76 4e 80 d9 d1 ce 4e b3 38 92 99 37 bd [0m
D (6082) wpa: 3d e2 20 54 96 3f b5 f4 26 51 4b 30 2b 67 a5 73 [0m
D (6092) wpa: DPP: hash component - hexdump(len=32):[0m
D (6092) wpa: f8 39 da 60 96 d4 87 68 aa 6f df 23 c9 e7 54 17 [0m
D (6102) wpa: 7c bc 72 19 44 6a c8 29 10 7f 28 77 f3 66 d2 8d [0m
D (6112) wpa: DPP: hash component - hexdump(len=32):[0m
D (6112) wpa: f0 a1 17 7e fb 43 2a a1 30 13 d7 4a eb 09 36 69 [0m
D (6122) wpa: e1 94 20 fc 1d 1b 22 b2 2a 93 c1 7c d7 20 52 b3 [0m
D (6122) wpa: DPP: hash component - hexdump(len=1):[0m
D (6132) wpa: 00 [0m
D (6132) wpa: DPP: R-auth - hexdump(len=32):[0m
D (6132) wpa: 55 57 07 f3 2f e2 b6 10 fe 74 3e c9 4c e4 96 39 [0m
D (6142) wpa: 90 79 93 ae 5e 0d 49 8a 4c 33 a4 30 47 6e 12 51 [0m
D (6152) wpa: DPP: {R-auth}ke - hexdump(len=52):[0m
D (6152) wpa: 84 db 20 a1 36 9e 52 13 8e 5d 2d ba 22 ee 91 5b [0m
D (6162) wpa: a8 4a 8f 29 8b d1 0d a3 d8 7c 2e 2a d4 63 1a 28 [0m
D (6162) wpa: 12 55 89 f7 f4 3f 29 2c b1 a7 81 b5 32 ba a5 a1 [0m
D (6172) wpa: 7e 1a 07 22 [0m
D (6172) wpa: Setting auth resp retry to 0 0 [0m
D (6182) wpa: DPP: Status 0[0m
D (6182) wpa: DPP: R-Bootstrap Key Hash[0m
D (6182) wpa: DDP: AES-SIV AD[0] - hexdump(len=6):[0m
D (6192) wpa: 50 6f 9a 1a 01 01 [0m
D (6192) wpa: DDP: AES-SIV AD[1] - hexdump(len=109):[0m
D (6202) wpa: 00 10 01 00 00 02 10 20 00 0b 99 57 e5 f2 01 94 [0m
D (6202) wpa: 48 82 be e7 8e 5e 2d 82 21 6d bf 9b 65 4a 51 ad [0m
D (6212) wpa: ff 5b e4 7d 65 94 16 f9 0d 09 10 40 00 f8 39 da [0m
D (6212) wpa: 60 96 d4 87 68 aa 6f df 23 c9 e7 54 17 7c bc 72 [0m
D (6222) wpa: 19 44 6a c8 29 10 7f 28 77 f3 66 d2 8d aa 51 81 [0m
D (6232) wpa: 59 09 69 2e 54 fd 29 46 fb 46 d0 e9 d6 68 22 8a [0m
D (6232) wpa: 51 ef 5f 9b a3 ca 5c e1 ae 91 7e 65 66 [0m
D (6242) wpa: DPP: AES-SIV cleartext - hexdump(len=101):[0m
D (6242) wpa: 07 10 10 00 5a 73 4f 76 36 84 e5 58 45 60 a4 d0 [0m
D (6252) wpa: 04 06 5e df 05 10 10 00 7a b9 a4 3b a2 45 e4 f0 [0m
D (6252) wpa: 46 8b b4 26 de 01 48 40 08 10 01 00 01 04 10 34 [0m
D (6262) wpa: 00 84 db 20 a1 36 9e 52 13 8e 5d 2d ba 22 ee 91 [0m
D (6272) wpa: 5b a8 4a 8f 29 8b d1 0d a3 d8 7c 2e 2a d4 63 1a [0m
D (6272) wpa: 28 12 55 89 f7 f4 3f 29 2c b1 a7 81 b5 32 ba a5 [0m
D (6282) wpa: a1 7e 1a 07 22 [0m
D (6282) wpa: DPP: AES-SIV ciphertext - hexdump(len=117):[0m
D (6292) wpa: 9f aa 86 1c 17 5e 34 b2 6d 99 68 b9 f8 c5 88 aa [0m
D (6292) wpa: c9 90 41 1f 85 88 4d d2 ee f4 29 c7 2a 75 da bf [0m
D (6302) wpa: 09 21 d6 a7 3e bf 36 bf 5a 68 a1 56 bb 62 2e ab [0m
D (6302) wpa: f4 d5 7c 9e b6 71 07 16 c7 0e 19 7e d1 33 e0 f7 [0m
D (6312) wpa: 69 8a 87 e7 61 3a 50 55 ce 08 e1 01 80 51 e3 ca [0m
D (6322) wpa: a6 e7 73 7f 4f e9 c8 4e 55 ef db e5 02 62 e1 b1 [0m
D (6322) wpa: a9 3c 98 c0 a6 64 49 23 1a 1e d5 cd 85 02 2a 73 [0m
D (6332) wpa: 6a d0 07 a5 9b [0m
D (6332) wpa: DPP: Authentication Response frame attributes - hexdump(len=238):[0m
D (6342) wpa: 04 09 50 6f 9a 1a 01 01 00 10 01 00 00 02 10 20 [0m
D (6342) wpa: 00 0b 99 57 e5 f2 01 94 48 82 be e7 8e 5e 2d 82 [0m
D (6352) wpa: 21 6d bf 9b 65 4a 51 ad ff 5b e4 7d 65 94 16 f9 [0m
D (6362) wpa: 0d 09 10 40 00 f8 39 da 60 96 d4 87 68 aa 6f df [0m
D (6362) wpa: 23 c9 e7 54 17 7c bc 72 19 44 6a c8 29 10 7f 28 [0m
D (6372) wpa: 77 f3 66 d2 8d aa 51 81 59 09 69 2e 54 fd 29 46 [0m
D (6372) wpa: fb 46 d0 e9 d6 68 22 8a 51 ef 5f 9b a3 ca 5c e1 [0m
D (6382) wpa: ae 91 7e 65 66 04 10 75 00 9f aa 86 1c 17 5e 34 [0m
D (6382) wpa: b2 6d 99 68 b9 f8 c5 88 aa c9 90 41 1f 85 88 4d [0m
D (6392) wpa: d2 ee f4 29 c7 2a 75 da bf 09 21 d6 a7 3e bf 36 [0m
D (6402) wpa: bf 5a 68 a1 56 bb 62 2e ab f4 d5 7c 9e b6 71 07 [0m
D (6402) wpa: 16 c7 0e 19 7e d1 33 e0 f7 69 8a 87 e7 61 3a 50 [0m
D (6412) wpa: 55 ce 08 e1 01 80 51 e3 ca a6 e7 73 7f 4f e9 c8 [0m
D (6412) wpa: 4e 55 ef db e5 02 62 e1 b1 a9 3c 98 c0 a6 64 49 [0m
D (6422) wpa: 23 1a 1e d5 cd 85 02 2a 73 6a d0 07 a5 9b [0m
D (6432) wpa: DPP: Mgmt Tx - MAC:1e:c5:3a:6f:c3:50, Channel-6, WaitT-600[0m
V (6432) esp_adapter: thread sem get: sem=0x3fcb281c[0m
D (6442) wifi:Send frame on channel 6 to 1e:c5:3a:6f:c3:50

V (6442) wifi:change: chan<6,0>, dur<0,600>
V (6452) wifi:ht20 freq=2437, chan=6
V (6452) wifi:enter start op, arg=0x3fcb42f0
D (6452) wifi:offchan_txop_start : 143
V (6462) wifi:start max timer
D (6462) wifi:tx_mgmt cb : 1636 status 1 
D (6462) wifi:tx data done, now:6485602
D (6472) wifi:woke up
D (6472) event: running post WIFI_EVENT:19 with handler 0x4200a710 and context 0x3fca7f14 on loop 0x3fca6c88[0m
D (6472) wpa: DPP: Rx Public Action frame: action - 9[0m
D (6482) event: running post WIFI_EVENT:19 with handler 0x4201563c and context 0x3fcb24dc on loop 0x3fca6c88[0m
D (6482) wpa: DPP: Authentication Confirmation from 1e:c5:3a:6f:c3:50[0m
D (6492) wpa: Mgmt Tx Status - 0, Cookie - 0x42014ad0[0m
D (6502) wpa: ELOOP: esp_dpp_rx_auth_conf:278 called to remove timer handler=0x4201551c, removed count=0[0m
D (6512) wpa: ELOOP: offchan_event_handler:617 called to remove timer handler=0x4201551c, removed count=0[0m
D (6522) wpa: DPP: Wrapped data - hexdump(len=52):[0m
D (6532) wpa: ELOOP: Added one timer from offchan_event_handler:618 to call 0x4201551c, current order=0[0m
D (6532) wpa: cf a7 d1 88 5c ee b4 58 aa 02 93 00 75 7a 0d 2c [0m
D (6552) wpa: 01 df 2a 62 a1 0a 18 49 39 e5 d9 9f 9b 60 4c 42 [0m
D (6552) wpa: 68 8b c1 70 9e 35 9b cd 69 33 fa 07 4a 09 f9 2b [0m
D (6562) wpa: 33 ef 48 89 [0m
D (6562) wpa: DPP: Responder Bootstrapping Key Hash - hexdump(len=32):[0m
D (6572) wpa: 0b 99 57 e5 f2 01 94 48 82 be e7 8e 5e 2d 82 21 [0m
D (6572) wpa: 6d bf 9b 65 4a 51 ad ff 5b e4 7d 65 94 16 f9 0d [0m
D (6582) wpa: DPP: Status 0[0m
D (6582) wpa: DDP: AES-SIV AD[0] - hexdump(len=6):[0m
D (6592) wpa: 50 6f 9a 1a 01 02 [0m
D (6592) wpa: DDP: AES-SIV AD[1] - hexdump(len=41):[0m
D (6592) wpa: 00 10 01 00 00 02 10 20 00 0b 99 57 e5 f2 01 94 [0m
D (6602) wpa: 48 82 be e7 8e 5e 2d 82 21 6d bf 9b 65 4a 51 ad [0m
D (6612) wpa: ff 5b e4 7d 65 94 16 f9 0d [0m
D (6612) wpa: DPP: AES-SIV ciphertext - hexdump(len=52):[0m
D (6622) wpa: cf a7 d1 88 5c ee b4 58 aa 02 93 00 75 7a 0d 2c [0m
D (6622) wpa: 01 df 2a 62 a1 0a 18 49 39 e5 d9 9f 9b 60 4c 42 [0m
D (6632) wpa: 68 8b c1 70 9e 35 9b cd 69 33 fa 07 4a 09 f9 2b [0m
D (6632) wpa: 33 ef 48 89 [0m
D (6642) wpa: DPP: AES-SIV cleartext - hexdump(len=36):[0m
D (6642) wpa: 0a 10 20 00 60 9f 9f 5d 06 eb 33 c1 26 b2 90 02 [0m
D (6652) wpa: 00 0b 92 cf 4a 16 1d a7 74 40 0e d5 fc 28 65 af [0m
D (6652) wpa: 61 bf 05 a5 [0m
V (6662) wpa: DPP: Attribute ID 100a len 32[0m
D (6662) wpa: DPP: Received Initiator Authenticating Tag - hexdump(len=32):[0m
D (6672) wpa: 60 9f 9f 5d 06 eb 33 c1 26 b2 90 02 00 0b 92 cf [0m
D (6672) wpa: 4a 16 1d a7 74 40 0e d5 fc 28 65 af 61 bf 05 a5 [0m
D (6682) wpa: DPP: I-auth hash components[0m
D (6682) wpa: DPP: hash component - hexdump(len=16):[0m
D (6692) wpa: 5a 73 4f 76 36 84 e5 58 45 60 a4 d0 04 06 5e df [0m
D (6692) wpa: DPP: hash component - hexdump(len=16):[0m
D (6702) wpa: 7a b9 a4 3b a2 45 e4 f0 46 8b b4 26 de 01 48 40 [0m
D (6702) wpa: DPP: hash component - hexdump(len=32):[0m
D (6712) wpa: f8 39 da 60 96 d4 87 68 aa 6f df 23 c9 e7 54 17 [0m
D (6722) wpa: 7c bc 72 19 44 6a c8 29 10 7f 28 77 f3 66 d2 8d [0m
D (6722) wpa: DPP: hash component - hexdump(len=32):[0m
D (6732) wpa: fb be 48 76 4e 80 d9 d1 ce 4e b3 38 92 99 37 bd [0m
D (6732) wpa: 3d e2 20 54 96 3f b5 f4 26 51 4b 30 2b 67 a5 73 [0m
D (6742) wpa: DPP: hash component - hexdump(len=32):[0m
D (6742) wpa: f0 a1 17 7e fb 43 2a a1 30 13 d7 4a eb 09 36 69 [0m
D (6752) wpa: e1 94 20 fc 1d 1b 22 b2 2a 93 c1 7c d7 20 52 b3 [0m
D (6762) wpa: DPP: hash component - hexdump(len=1):[0m
D (6762) wpa: 01 [0m
D (6762) wpa: DPP: I-auth - hexdump(len=32):[0m
D (6772) wpa: 60 9f 9f 5d 06 eb 33 c1 26 b2 90 02 00 0b 92 cf [0m
D (6772) wpa: 4a 16 1d a7 74 40 0e d5 fc 28 65 af 61 bf 05 a5 [0m
D (6782) wpa: DPP: Calculated Initiator Authenticating Tag - hexdump(len=32):[0m
D (6792) wpa: 60 9f 9f 5d 06 eb 33 c1 26 b2 90 02 00 0b 92 cf [0m
D (6792) wpa: 4a 16 1d a7 74 40 0e d5 fc 28 65 af 61 bf 05 a5 [0m
D (6802) wpa: DPP: Authentication success - clear temporary keys[0m
D (6802) wpa: DPP: Build configuration request[0m
D (6812) wpa: DPP: E-nonce - hexdump(len=16):[0m
D (6812) wpa: 33 71 e7 88 5d 3c 1a 78 bd f9 ee 5c 2f 84 0f c4 [0m
D (6822) wpa: DPP: configRequest JSON - hexdump(len=71):[0m
D (6822) wpa: 7b 22 6e 61 6d 65 22 3a 22 54 65 73 74 22 2c 22 [0m
D (6832) wpa: 77 69 2d 66 69 5f 74 65 63 68 22 3a 22 69 6e 66 [0m
D (6842) wpa: 72 61 22 2c 22 6e 65 74 52 6f 6c 65 22 3a 22 73 [0m
D (6842) wpa: 74 61 22 2c 22 62 61 6e 64 53 75 70 70 6f 72 74 [0m
D (6852) wpa: 22 3a 5b 38 31 5d 7d [0m
D (6852) wpa: DPP: AES-SIV cleartext - hexdump(len=95):[0m
D (6862) wpa: 14 10 10 00 33 71 e7 88 5d 3c 1a 78 bd f9 ee 5c [0m
D (6862) wpa: 2f 84 0f c4 0e 10 47 00 7b 22 6e 61 6d 65 22 3a [0m
D (6872) wpa: 22 54 65 73 74 22 2c 22 77 69 2d 66 69 5f 74 65 [0m
D (6872) wpa: 63 68 22 3a 22 69 6e 66 72 61 22 2c 22 6e 65 74 [0m
D (6882) wpa: 52 6f 6c 65 22 3a 22 73 74 61 22 2c 22 62 61 6e [0m
D (6892) wpa: 64 53 75 70 70 6f 72 74 22 3a 5b 38 31 5d 7d [0m
D (6892) wpa: DPP: AES-SIV ciphertext - hexdump(len=111):[0m
D (6902) wpa: 49 9a f4 fd bc f3 5e 0b b0 77 34 21 35 d5 77 24 [0m
D (6902) wpa: 29 ef c0 1b 01 5c ac c3 ef 79 a5 b6 fe d9 a3 84 [0m
D (6912) wpa: cd 45 74 56 70 94 a8 1e bb b1 46 4f 66 15 9e d3 [0m
D (6912) wpa: 93 93 a6 fd 63 a7 fc b1 53 84 b8 03 44 e4 e0 80 [0m
D (6922) wpa: 8e 67 96 52 8a b9 4a 64 63 a6 0b 19 e1 cb c2 aa [0m
D (6932) wpa: 4f ef e2 ec 01 24 aa 77 d8 11 00 e9 3a 54 69 35 [0m
D (6932) wpa: 6f 0b f6 28 38 52 41 a6 d1 a1 d7 77 61 1e 38 [0m
D (6942) wpa: DPP: Configuration Request frame attributes - hexdump(len=115):[0m
D (6952) wpa: 04 10 6f 00 49 9a f4 fd bc f3 5e 0b b0 77 34 21 [0m
D (6952) wpa: 35 d5 77 24 29 ef c0 1b 01 5c ac c3 ef 79 a5 b6 [0m
D (6962) wpa: fe d9 a3 84 cd 45 74 56 70 94 a8 1e bb b1 46 4f [0m
D (6962) wpa: 66 15 9e d3 93 93 a6 fd 63 a7 fc b1 53 84 b8 03 [0m
D (6972) wpa: 44 e4 e0 80 8e 67 96 52 8a b9 4a 64 63 a6 0b 19 [0m
D (6972) wpa: e1 cb c2 aa 4f ef e2 ec 01 24 aa 77 d8 11 00 e9 [0m
D (6982) wpa: 3a 54 69 35 6f 0b f6 28 38 52 41 a6 d1 a1 d7 77 [0m
D (6992) wpa: 61 1e 38 [0m
V (6992) wpa: DPP: GAS Config Request - hexdump(len=130):[0m
V (6992) wpa: 04 0a 00 6c 08 7f dd 05 50 6f 9a 1a 01 73 00 04 [0m
V (7002) wpa: 10 6f 00 49 9a f4 fd bc f3 5e 0b b0 77 34 21 35 [0m
V (7012) wpa: d5 77 24 29 ef c0 1b 01 5c ac c3 ef 79 a5 b6 fe [0m
V (7012) wpa: d9 a3 84 cd 45 74 56 70 94 a8 1e bb b1 46 4f 66 [0m
V (7022) wpa: 15 9e d3 93 93 a6 fd 63 a7 fc b1 53 84 b8 03 44 [0m
V (7022) wpa: e4 e0 80 8e 67 96 52 8a b9 4a 64 63 a6 0b 19 e1 [0m
V (7032) wpa: cb c2 aa 4f ef e2 ec 01 24 aa 77 d8 11 00 e9 3a [0m
V (7042) wpa: 54 69 35 6f 0b f6 28 38 52 41 a6 d1 a1 d7 77 61 [0m
V (7042) wpa: 1e 38 [0m
D (7042) wpa: DPP: GAS request to 1e:c5:3a:6f:c3:50 (chan 6)[0m
D (7052) wpa: DPP: Mgmt Tx - MAC:1e:c5:3a:6f:c3:50, Channel-6, WaitT-600[0m
V (7062) esp_adapter: thread sem get: sem=0x3fcb281c[0m
D (7062) wifi:OFFCHAN-Tx: Ending op at 6.0, returning to Channel 1
V (7072) wifi:back home chan=<1,0>, current chan=<6,0>
V (7072) wifi:ht20 freq=2412, chan=1
D (7082) wifi:Send frame on channel 6 to 1e:c5:3a:6f:c3:50

V (7082) wifi:change: chan<6,0>, dur<0,600>
V (7082) wifi:ht20 freq=2437, chan=6
V (7092) wifi:enter start op, arg=0x3fcb4494
D (7092) wifi:offchan_txop_start : 143
V (7102) wifi:start max timer
D (7102) wpa: ELOOP: Added one timer from esp_dpp_rx_auth_conf:291 to call 0x42014bdc, current order=1[0m
D (7102) wifi:tx_mgmt cb : 1636 status 1 
D (7112) wifi:tx data done, now:7133196
D (7112) wifi:woke up
D (7122) wpa: DPP: Rx Public Action frame: action - 11[0m
D (7122) event: running post WIFI_EVENT:19 with handler 0x4200a710 and context 0x3fca7f14 on loop 0x3fca6c88[0m
D (7122) wpa: DPP: Gas response received[0m
D (7132) event: running post WIFI_EVENT:19 with handler 0x4201563c and context 0x3fcb24dc on loop 0x3fca6c88[0m
V (7142) wpa: DPP: Attribute ID 1000 len 1[0m
D (7152) wpa: Mgmt Tx Status - 0, Cookie - 0x42014ad0[0m
V (7152) wpa: DPP: Attribute ID 1004 len 137[0m
D (7162) wpa: DPP: AES-SIV ciphertext - hexdump(len=137):[0m
D (7172) wpa: 91 de df f8 44 e5 7f 00 94 51 41 9c e5 87 c0 b7 [0m
D (7172) wpa: 60 a8 23 ae b2 52 be 3f 34 98 e0 01 94 32 aa de [0m
D (7182) wpa: 12 9f e7 89 9b db 92 ef fe ea 22 ae 18 04 a9 ec [0m
D (7182) wpa: 92 10 ed cc fc 27 e3 69 31 0e f2 fc 3a 99 bc d9 [0m
D (7192) wpa: 3f 71 a2 52 f4 49 83 08 17 bd ac 1f f7 71 56 c1 [0m
D (7192) wpa: f9 1d 06 3d 71 1e 57 14 a3 02 d1 c3 f1 0e 5f a6 [0m
D (7202) wpa: 56 28 b9 fc ab 87 4c bb fc 07 8f 10 00 db 06 57 [0m
D (7212) wpa: e5 49 09 8f 34 13 5a c1 3c f2 0a 2c 4b 7d b4 49 [0m
D (7212) wpa: df 38 0b 6a 09 e8 2f de 66 [0m
D (7222) wpa: DDP: AES-SIV AD - hexdump(len=5):[0m
D (7222) wpa: 00 10 01 00 00 [0m
D (7222) wpa: DPP: AES-SIV cleartext - hexdump(len=121):[0m
D (7232) wpa: 14 10 10 00 33 71 e7 88 5d 3c 1a 78 bd f9 ee 5c [0m
D (7242) wpa: 2f 84 0f c4 0c 10 61 00 7b 22 77 69 2d 66 69 5f [0m
D (7242) wpa: 74 65 63 68 22 3a 22 69 6e 66 72 61 22 2c 22 64 [0m
D (7252) wpa: 69 73 63 6f 76 65 72 79 22 3a 7b 22 73 73 69 64 [0m
D (7252) wpa: 22 3a 22 54 50 2d 4c 69 6e 6b 5f 37 45 35 42 22 [0m
D (7262) wpa: 7d 2c 22 63 72 65 64 22 3a 7b 22 61 6b 6d 22 3a [0m
D (7262) wpa: 22 70 73 6b 22 2c 22 70 61 73 73 22 3a 22 30 34 [0m
D (7272) wpa: 38 36 38 33 30 39 22 7d 7d [0m
V (7272) wpa: DPP: Attribute ID 1014 len 16[0m
V (7282) wpa: DPP: Attribute ID 100c len 97[0m
D (7282) wpa: DPP: Enrollee Nonce - hexdump(len=16):[0m
D (7292) wpa: 33 71 e7 88 5d 3c 1a 78 bd f9 ee 5c 2f 84 0f c4 [0m
D (7292) wpa: DPP: Status 0[0m
D (7302) wpa: DPP: configurationObject JSON - hexdump(len=97):[0m
D (7302) wpa: 7b 22 77 69 2d 66 69 5f 74 65 63 68 22 3a 22 69 [0m
D (7312) wpa: 6e 66 72 61 22 2c 22 64 69 73 63 6f 76 65 72 79 [0m
D (7312) wpa: 22 3a 7b 22 73 73 69 64 22 3a 22 54 50 2d 4c 69 [0m
D (7322) wpa: 6e 6b 5f 37 45 35 42 22 7d 2c 22 63 72 65 64 22 [0m
D (7332) wpa: 3a 7b 22 61 6b 6d 22 3a 22 70 73 6b 22 2c 22 70 [0m
D (7332) wpa: 61 73 73 22 3a 22 30 34 38 36 38 33 30 39 22 7d [0m
D (7342) wpa: 7d [0m
V (7342) wpa: JSON: String value: 'wi-fi_tech' = 'infra'[0m
V (7352) wpa: JSON: String value: 'ssid' = 'TP-Link_7E5B'[0m
V (7352) wpa: JSON: String value: 'akm' = 'psk'[0m
V (7362) wpa: JSON: String value: 'pass' = '04868309'[0m
D (7362) wpa: DPP: discovery::ssid - hexdump(len=12):[0m
D (7372) wpa: 54 50 2d 4c 69 6e 6b 5f 37 45 35 42 [0m
D (7372) wpa: DPP: Legacy akm=psk credential[0m
D (7372) wpa: DPP: Legacy passphrase - hexdump(len=8):[0m
D (7382) wpa: 30 34 38 36 38 33 30 39 [0m
D (7382) wpa: DPP: JSON parsing completed successfully[0m
D (7392) wpa: ELOOP: gas_query_resp_rx:337 called to remove timer handler=0x42014bdc, removed count=1[0m
V (7402) esp_adapter: thread sem get: sem=0x3fcb281c[0m
D (7402) wifi:clear blacklist
D (7412) nvs: nvs_get_str_or_blob sta.ssid[0m
D (7412) nvs: nvs_get sta.pmf_e 1[0m
[0;32mI (7412) wifi dpp-enrollee: DPP Authentication successful, connecting to AP : TP-Link_7E5B[0m
V (7422) esp_adapter: thread sem get: sem=0x3fcb281c[0m
D (7432) wifi:Start wifi connect
D (7432) wifi:connect status 0 -> 0
D (7432) wifi:connect chan=0
D (7442) wifi:first chan=10
D (7442) wifi:connect status 0 -> 1
D (7442) wifi:OFFCHAN-Tx: Ending op at 7.0, returning to Channel 1
V (7452) wifi:back home chan=<1,0>, current chan=<6,0>
V (7452) wifi:ht20 freq=2412, chan=1
D (7462) wifi:filter: set rx policy=3
D (7462) wifi:clear scan ap list
D (7462) wifi:start scan: type=0x50f, priority=2, cb=0x4205391c, arg=0x0, ss_state=0x1, time=7484626, index=0
V (7472) wifi:inter_channel_timeout: arg=0x0, ss_state=0x1
D (7482) wifi:perform scan: ss_state=0x9, chan<10,0>, dur<0,120>
V (7482) wifi:change: chan<10,0>, dur<0,120>
V (7492) wifi:ht20 freq=2457, chan=10
V (7492) wifi:enter start op, arg=0x3fc9e0aa
V (7492) wifi:scan operation: state=0x3, chan<10,0>, arg=0x3fc9e0aa, status=0
V (7502) wifi:scan specific ssid=TP-Link_7E5B
V (7512) wifi:start max timer
D (7512) wifi:tx data done, now:7534906
D (7512) wifi:3011 : no offchan in progress
D (7522) wifi:woke up
D (7522) wifi:rsn valid: gcipher=3 ucipher=3 akm=5 mac=98:25:4a:22:7e:5b
V (7522) wifi:updated connection retries to 0
V (7532) wifi:home channel=0, new channel=2
D (7532) wpa: rsn_ie - hexdump(len=22):[0m
D (7542) wpa: 30 14 01 00 00 0f ac 04 01 00 00 0f ac 04 01 00 [0m
D (7542) wpa: 00 0f ac 02 00 00 [0m
D (7552) wifi:profile match: ss_state=0x7
V (7552) wifi:scan histroy table is not full yet, add
V (7552) wifi:add ssid=TP-Link_7E5B, chan=10 to scan history
D (7562) wifi:rsn valid: gcipher=3 ucipher=3 akm=5 mac=98:25:4a:22:7e:5b
V (7572) wifi:home channel=0, new channel=2
D (7572) wifi:set max rate: from <rate=130, phy=3, sig=0> to <rate=144, phy=3 sig=0>
D (7582) wifi:sig_b=0, sig_g=0, sig_n=0, max_b=22, max_g=108, max_n=144
D (7582) wifi:profile match: ss_state=0x7
V (7592) wifi:update scan history ssid=TP-Link_7E5B, channel=10
D (7592) wifi:rsn valid: gcipher=3 ucipher=3 akm=5 mac=98:25:4a:22:7e:5b
V (7602) wifi:home channel=0, new channel=2
D (7602) wifi:profile match: ss_state=0x7
V (7612) wifi:update scan history ssid=TP-Link_7E5B, channel=10
D (7612) wifi:rsn valid: gcipher=3 ucipher=3 akm=5 mac=98:25:4a:22:7e:5b
V (7622) wifi:home channel=0, new channel=2
D (7622) wifi:profile match: ss_state=0x7
V (7632) wifi:update scan history ssid=TP-Link_7E5B, channel=10
D (7632) wpa: ELOOP: Running timer fn:0x4201551c scheduled by offchan_event_handler:618 [0m
D (7642) wifi:scan end: arg=0x0, status=0, ss_state=0x7
D (7652) wifi:find first mathched ssid, scan done
V (7652) wifi:back home chan=<1,0>, current chan=<10,0>
V (7652) wifi:ht20 freq=2412, chan=1
D (7662) wifi:filter: set rx policy=4
D (7662) wifi:first chan=1
V (7662) wifi:scan_done: arg=0x0, status=0, cur_time=7685548, scan_id=128, scan state=0
V (7672) wifi:call scan_done cb, arg=0x0
D (7672) wifi:handoff_cb: status=0
V (7682) wifi:best bss has set.
D (7682) wifi:ap found, mac=98:25:4a:22:7e:5b
V (7692) wifi:bssid=98:25:4a:22:7e:5b, LR=0
D (7692) wifi:new_bss=0x3fc9e3a8, cur_bss=0x0, new_chan=<10,2>, cur_chan=1
D (7702) wifi:filter: set rx policy=5
D (7702) wpa: WPA: set AP RSNXE - hexdump(len=0):[0m
I (7702) wifi:new:<10,2>, old:<1,0>, ap:<255,255>, sta:<10,2>, prof:1
V (7712) wifi:ht40d freq=2447, chan=10
D (7712) wifi:connect_op: status=0, auth=5, cipher=3 
D (7722) wifi:auth mode is not none
D (7722) wifi:connect_bss: auth=1, reconnect=0
I (7732) wifi:state: init -> auth (b0)
D (7732) wifi:start 1s AUTH timer
D (7732) wifi:clear scan ap list
D (7742) event: running post WIFI_EVENT:40 with handler 0x4200a710 and context 0x3fca7f14 on loop 0x3fca6c88[0m
D (7742) wifi:tx data done, now:7760062
D (7752) wifi:3011 : no offchan in progress
D (7752) wifi:woke up
D (7752) wifi:recv auth: seq=2, status=0
I (7762) wifi:state: auth -> assoc (0)
D (7762) wifi:restart connect 1s timer for assoc
D (7772) wifi:recv assoc: type=0x10
D (7772) wifi:filter: set rx policy=6
I (7772) wifi:state: assoc -> run (10)
D (7782) wifi:start 10s connect timer for 4 way handshake
D (7782) wpa: WPA: Association event - clear replay counter[0m
D (7792) wpa: WPA: Clear old PTK[0m
D (7792) wifi:tx data done, now:7812236
D (7792) wifi:woke up
D (7802) wifi:tx data done, now:7817806
D (7802) wifi:3011 : no offchan in progress
D (7802) wifi:woke up
W (7872) wifi:[ADDBA]rx delba, code:39, delete tid:0
V (7882) wifi:wpa_psk start
D (7882) wpa: IEEE 802.1X RX: version=1 type=3 length=95[0m
V (7882) wpa: WPA: RX EAPOL-Key - hexdump(len=99):[0m
V (7882) wpa: 01 03 00 5f 02 00 8a 00 10 00 00 00 00 00 00 00 [0m
V (7892) wpa: 01 c2 e3 ad ec d5 69 26 b2 e3 9e 68 21 51 db ef [0m
V (7892) wpa: 81 0c 39 81 ce 6d b7 9c 75 2a 39 62 6d 6c bc 6c [0m
V (7902) wpa: 11 00 00 00 00 00 00 00 00 00 00 00 00 00 00 00 [0m
V (7902) wpa: 00 00 00 00 00 00 00 00 00 00 00 00 00 00 00 00 [0m
V (7912) wpa: 00 00 00 00 00 00 00 00 00 00 00 00 00 00 00 00 [0m
V (7922) wpa: 00 00 00 [0m
D (7922) wpa:   EAPOL-Key type=2[0m
D (7922) wpa:   key_info 0x8a (ver=2 keyidx=0 rsvd=0 Pairwise Ack)[0m
D (7932) wpa:   key_length=16 key_data_length=0[0m
D (7932) wpa:   replay_counter - hexdump(len=8):[0m
D (7942) wpa: 00 00 00 00 00 00 00 01 [0m
D (7942) wpa:   key_nonce - hexdump(len=32):[0m
D (7942) wpa: c2 e3 ad ec d5 69 26 b2 e3 9e 68 21 51 db ef 81 [0m
D (7952) wpa: 0c 39 81 ce 6d b7 9c 75 2a 39 62 6d 6c bc 6c 11 [0m
D (7962) wpa:   key_iv - hexdump(len=16):[0m
D (7962) wpa: 00 00 00 00 00 00 00 00 00 00 00 00 00 00 00 00 [0m
D (7972) wpa:   key_rsc - hexdump(len=8):[0m
D (7972) wpa: 00 00 00 00 00 00 00 00 [0m
D (7972) wpa:   key_id (reserved) - hexdump(len=8):[0m
D (7982) wpa: 00 00 00 00 00 00 00 00 [0m
D (7982) wpa:   key_mic - hexdump(len=16):[0m
D (7992) wpa: 00 00 00 00 00 00 00 00 00 00 00 00 00 00 00 00 [0m
D (7992) wpa: WPA 1/4-Way Handshake[0m
D (8002) wpa: RSN: msg 1/4 key data - hexdump(len=0):[0m
D (8002) wpa: WPA: Renewed SNonce - hexdump(len=32):[0m
D (8012) wpa: 18 a5 68 47 23 d5 b0 f6 62 10 d7 09 7f c1 da 8f [0m
D (8012) wpa: 51 5d a0 8f 1c 4b 1a 76 44 d7 3a 62 0e e6 6f de [0m
D (8022) wpa: WPA: PTK derivation - A1=84:fc:e6:7b:73:b8 A2=98:25:4a:22:7e:5b
[0m
V (8032) wpa: WPA: PMK - hexdump(len=32):[0m
V (8032) wpa: 46 d4 60 57 30 69 4d d4 f2 41 3a 90 14 9b 0a fa [0m
V (8042) wpa: 55 89 bf 0c e1 0a c5 ea 3b a8 26 f8 a8 05 ca e0 [0m
D (8042) wpa: WPA: PTK - hexdump(len=48):[0m
D (8052) wpa: ab 1f 3b c1 8c f3 44 c3 63 ff 8c c0 08 3a dc 3f [0m
D (8052) wpa: 2d 78 02 f5 ad 0b 7a e7 9d e3 ad cb 23 1c b6 d0 [0m
D (8062) wpa: 1c d5 56 83 b2 5e d5 fc 3b 59 5c 44 7e 4b 62 fd [0m
D (8062) wpa: WPA: KCK - hexdump(len=16):[0m
D (8072) wpa: ab 1f 3b c1 8c f3 44 c3 63 ff 8c c0 08 3a dc 3f [0m
D (8072) wpa: WPA: KEK - hexdump(len=16):[0m
D (8082) wpa: 2d 78 02 f5 ad 0b 7a e7 9d e3 ad cb 23 1c b6 d0 [0m
D (8082) wpa: WPA: TK - hexdump(len=16):[0m
D (8092) wpa: 1c d5 56 83 b2 5e d5 fc 3b 59 5c 44 7e 4b 62 fd [0m
V (8092) wpa: WPA: WPA IE for msg 2/4
 - hexdump(len=22):[0m
V (8102) wpa: 30 14 01 00 00 0f ac 04 01 00 00 0f ac 04 01 00 [0m
V (8112) wpa: 00 0f ac 02 00 04 [0m
D (8112) wpa: WPA Send EAPOL-Key 2/4[0m
D (8112) wpa: WPA: KCK - hexdump(len=16):[0m
D (8122) wpa: ab 1f 3b c1 8c f3 44 c3 63 ff 8c c0 08 3a dc 3f [0m
D (8122) wpa: WPA: Derived Key MIC - hexdump(len=16):[0m
D (8132) wpa: 69 4c 8d df 97 96 cb 02 a0 d7 d3 95 77 ce f4 b7 [0m
V (8132) wpa: WPA: TX EAPOL-Key - hexdump(len=121):[0m
V (8142) wpa: 01 03 00 75 02 01 0a 00 00 00 00 00 00 00 00 00 [0m
V (8142) wpa: 01 18 a5 68 47 23 d5 b0 f6 62 10 d7 09 7f c1 da [0m
V (8152) wpa: 8f 51 5d a0 8f 1c 4b 1a 76 44 d7 3a 62 0e e6 6f [0m
V (8162) wpa: de 00 00 00 00 00 00 00 00 00 00 00 00 00 00 00 [0m
V (8162) wpa: 00 00 00 00 00 00 00 00 00 00 00 00 00 00 00 00 [0m
V (8172) wpa: 00 69 4c 8d df 97 96 cb 02 a0 d7 d3 95 77 ce f4 [0m
V (8172) wpa: b7 00 16 30 14 01 00 00 0f ac 04 01 00 00 0f ac [0m
V (8182) wpa: 04 01 00 00 0f ac 02 00 04 [0m
V (8182) wifi:wpa_psk handle succeed
D (8192) wpa: 2/4 txcb, flags=0, txfail 0[0m
D (8192) wifi:tx data done, now:8213074
D (8192) wifi:3011 : no offchan in progress
D (8202) wifi:woke up
V (8202) wifi:wpa_psk start
D (8202) wpa: IEEE 802.1X RX: version=1 type=3 length=151[0m
V (8212) wpa: WPA: RX EAPOL-Key - hexdump(len=155):[0m
V (8212) wpa: 01 03 00 97 02 13 ca 00 10 00 00 00 00 00 00 00 [0m
V (8222) wpa: 02 c2 e3 ad ec d5 69 26 b2 e3 9e 68 21 51 db ef [0m
V (8232) wpa: 81 0c 39 81 ce 6d b7 9c 75 2a 39 62 6d 6c bc 6c [0m
V (8232) wpa: 11 00 00 00 00 00 00 00 00 00 00 00 00 00 00 00 [0m
V (8242) wpa: 00 41 00 00 00 00 00 00 00 00 00 00 00 00 00 00 [0m
V (8242) wpa: 00 dd c4 55 7f 56 da 4b d6 ad df f4 61 ba 9a d4 [0m
V (8252) wpa: d7 00 38 6a e6 98 6e bd d3 f1 42 cf bb 1d a0 14 [0m
V (8252) wpa: 8c b9 0e 7b 19 76 e8 c8 34 82 d1 a3 22 16 b6 63 [0m
V (8262) wpa: 1b 63 21 5c db 35 bc ec e4 08 55 8a aa 70 cc 3c [0m
V (8272) wpa: 5d f1 f3 05 91 44 db 27 a7 ab d6 [0m
D (8272) wpa:   EAPOL-Key type=2[0m
D (8272) wpa:   key_info 0x13ca (ver=2 keyidx=0 rsvd=0 Pairwise Install Ack MIC Secure Encr)[0m
D (8282) wpa:   key_length=16 key_data_length=56[0m
D (8292) wpa:   replay_counter - hexdump(len=8):[0m
D (8292) wpa: 00 00 00 00 00 00 00 02 [0m
D (8302) wpa:   key_nonce - hexdump(len=32):[0m
D (8302) wpa: c2 e3 ad ec d5 69 26 b2 e3 9e 68 21 51 db ef 81 [0m
D (8312) wpa: 0c 39 81 ce 6d b7 9c 75 2a 39 62 6d 6c bc 6c 11 [0m
D (8312) wpa:   key_iv - hexdump(len=16):[0m
D (8322) wpa: 00 00 00 00 00 00 00 00 00 00 00 00 00 00 00 00 [0m
D (8322) wpa:   key_rsc - hexdump(len=8):[0m
D (8332) wpa: 41 00 00 00 00 00 00 00 [0m
D (8332) wpa:   key_id (reserved) - hexdump(len=8):[0m
D (8342) wpa: 00 00 00 00 00 00 00 00 [0m
D (8342) wpa:   key_mic - hexdump(len=16):[0m
D (8342) wpa: dd c4 55 7f 56 da 4b d6 ad df f4 61 ba 9a d4 d7 [0m
D (8352) wpa: RSN: encrypted key data - hexdump(len=56):[0m
D (8352) wpa: 6a e6 98 6e bd d3 f1 42 cf bb 1d a0 14 8c b9 0e [0m
D (8362) wpa: 7b 19 76 e8 c8 34 82 d1 a3 22 16 b6 63 1b 63 21 [0m
D (8372) wpa: 5c db 35 bc ec e4 08 55 8a aa 70 cc 3c 5d f1 f3 [0m
D (8372) wpa: 05 91 44 db 27 a7 ab d6 [0m
D (8382) wpa: WPA: decrypted EAPOL-Key key data - hexdump(len=48):[0m
D (8382) wpa: 30 14 01 00 00 0f ac 04 01 00 00 0f ac 04 01 00 [0m
D (8392) wpa: 00 0f ac 02 00 00 dd 16 00 0f ac 01 01 00 8e 43 [0m
D (8392) wpa: 44 60 0e 5b 49 e7 3d 21 32 0d ca 16 d1 70 dd 00 [0m
D (8402) wpa: WPA 3/4-Way Handshake[0m
D (8402) wpa: WPA: RSN IE in EAPOL-Key - hexdump(len=22):[0m
D (8412) wpa: 30 14 01 00 00 0f ac 04 01 00 00 0f ac 04 01 00 [0m
D (8412) wpa: 00 0f ac 02 00 00 [0m
D (8422) wpa: WPA: GTK in EAPOL-Key - hexdump(len=24):[0m
D (8422) wpa: dd 16 00 0f ac 01 01 00 8e 43 44 60 0e 5b 49 e7 [0m
D (8432) wpa: 3d 21 32 0d ca 16 d1 70 [0m
D (8432) wpa: WPA: IE KeyData - hexdump(len=48):[0m
D (8442) wpa: 30 14 01 00 00 0f ac 04 01 00 00 0f ac 04 01 00 [0m
D (8442) wpa: 00 0f ac 02 00 00 dd 16 00 0f ac 01 01 00 8e 43 [0m
D (8452) wpa: 44 60 0e 5b 49 e7 3d 21 32 0d ca 16 d1 70 dd 00 [0m
D (8462) wpa: WPA: RSC - hexdump(len=8):[0m
D (8462) wpa: 41 00 00 00 00 00 00 00 [0m
D (8462) wpa: RSN: received GTK in pairwise handshake - hexdump(len=18):[0m
D (8472) wpa: 01 00 8e 43 44 60 0e 5b 49 e7 3d 21 32 0d ca 16 [0m
D (8482) wpa: d1 70 [0m
D (8482) wpa: tx 4/4 txcb_flags=8192[0m
D (8482) wpa: WPA Send EAPOL-Key 4/4[0m
D (8492) wpa: WPA: KCK - hexdump(len=16):[0m
D (8492) wpa: ab 1f 3b c1 8c f3 44 c3 63 ff 8c c0 08 3a dc 3f [0m
D (8502) wpa: WPA: Derived Key MIC - hexdump(len=16):[0m
D (8502) wpa: 3d 1f d6 b5 56 ab ad b9 07 5e 91 09 ae 05 af 9d [0m
V (8512) wpa: WPA: TX EAPOL-Key - hexdump(len=99):[0m
V (8512) wpa: 01 03 00 5f 02 03 0a 00 00 00 00 00 00 00 00 00 [0m
V (8522) wpa: 02 00 00 00 00 00 00 00 00 00 00 00 00 00 00 00 [0m
V (8522) wpa: 00 00 00 00 00 00 00 00 00 00 00 00 00 00 00 00 [0m
V (8532) wpa: 00 00 00 00 00 00 00 00 00 00 00 00 00 00 00 00 [0m
V (8532) wpa: 00 00 00 00 00 00 00 00 00 00 00 00 00 00 00 00 [0m
V (8542) wpa: 00 3d 1f d6 b5 56 ab ad b9 07 5e 91 09 ae 05 af [0m
V (8552) wpa: 9d 00 00 [0m
V (8552) wifi:wpa_psk handle succeed
D (8552) wpa: WPA: Installing PTK to the driver.[0m
D (8562) wpa: WPA: Group Key - hexdump(len=16):[0m
D (8562) wpa: 8e 43 44 60 0e 5b 49 e7 3d 21 32 0d ca 16 d1 70 [0m
D (8572) wpa: WPA: Judge GTK: (keyidx=1 len=16).[0m
D (8572) wpa: WPA: Installing GTK to the driver (keyidx=1 tx=0 len=16).[0m
D (8582) wpa: WPA: RSC - hexdump(len=6):[0m
D (8582) wpa: 41 00 00 00 00 00 [0m
D (8592) wpa: WPA: Key negotiation completed with 98:25:4a:22:7e:5b [PTK=CCMP GTK=CCMP]
[0m
I (8592) wifi:connected with TP-Link_7E5B, aid = 2, channel 10, 40D, bssid = 98:25:4a:22:7e:5b
I (8602) wifi:security: WPA2-PSK, phy: bgn, rssi: -26
D (8612) wifi:remove all except 98:25:4a:22:7e:5b from rc list
D (8612) wifi:clear blacklist
D (8622) nvs: nvs_set sta.chan 1 10[0m
D (8622) nvs: nvs_set_blob sta.apinfo 700[0m
D (8632) wifi:filter: set rx policy=7
I (8632) wifi:pm start, type: 1

I (8632) wifi:dp: 1, bi: 102400, li: 3, scale listen interval from 307200 us to 307200 us
I (8642) wifi:set rx beacon pti, rx_bcn_pti: 0, bcn_timeout: 25000, mt_pti: 0, mt_time: 10000
D (8652) wifi:Send sta connected event
D (8652) wifi:connect status 1 -> 5
D (8652) wifi:obss scan is disabled
D (8662) wifi:start obss scan: obss scan is stopped
D (8662) wifi:tx data done, now:8682731
I (8662) wifi:AP's beacon interval = 102400 us, DTIM period = 1
D (8672) event: running post WIFI_EVENT:4 with handler 0x4202cd14 and context 0x3fca7e0c on loop 0x3fca6c88[0m
V (8682) esp_adapter: thread sem get: sem=0x3fcb276c[0m
D (8682) esp_netif_handlers: esp_netif action connected with netif0x3fca7bb0 from event_id=4[0m
D (8692) esp_netif_lwip: check: remote, if=0x3fca7bb0 fn=0x42013ad8[0m
D (8702) esp_netif_lwip: esp_netif_up_api esp_netif:0x3fca7bb0[0m
D (8712) esp_netif_lwip: check: local, if=0x3fca7bb0 fn=0x42013ea4[0m
D (8712) esp_netif_lwip: esp_netif_update_default_netif_lwip 0x3fca7bb0[0m
V (8722) esp_netif_lwip: esp_netif_is_netif_up esp_netif:0x3fca7bb0[0m
D (8722) wifi:D (8722) esp_netif_lwip: call api in lwip: ret=0x0, give sem[0m
tx data done, now:8742791
D (8732) esp_netif_lwip: check: remote, if=0x3fca7bb0 fn=0x42013994[0m
D (8742) esp_netif_lwip: esp_netif_dhcpc_start_api esp_netif:0x3fca7bb0[0m
D (8752) esp_netif_lwip: esp_netif_start_ip_lost_timer esp_netif:0x3fca7bb0[0m
D (8752) esp_netif_lwip: if0x3fca7bb0 start ip lost tmr: interval=120[0m
D (8762) esp_netif_lwip: starting dhcp client[0m
D (8772) esp_netif_lwip: call api in lwip: ret=0x0, give sem[0m
D (8772) wifi:eb is dhcp or dns sport = 68, dport = 67
D (8782) event: running post WIFI_EVENT:4 with handler 0x4200a710 and context 0x3fca7f14 on loop 0x3fca6c88[0m
D (8782) wifi:tx data done, now:8801532
D (8792) wifi:eb is dhcp or dns sport = 68, dport = 67
I (8802) wifi:<ba-add>idx:0 (ifx:0, 98:25:4a:22:7e:5b), tid:0, ssn:3, winSize:64
D (8802) wifi:tx data done, now:8823055
D (8802) wifi:tx data done, now:8826707
W (8842) wifi:[ADDBA]rx delba, code:39, delete tid:0
I (8842) wifi:<ba-del>idx:0, tid:0
D (8862) wifi:tx data done, now:8884616
D (9272) wifi:eb is dhcp or dns sport = 68, dport = 67
D (9272) wifi:tx data done, now:9293456
D (9312) wifi:tx data done, now:9336023
I (9322) wifi:<ba-add>idx:0 (ifx:0, 98:25:4a:22:7e:5b), tid:0, ssn:4, winSize:64
D (9322) wifi:tx data done, now:9343616
W (9342) wifi:[ADDBA]rx delba, code:39, delete tid:0
I (9342) wifi:<ba-del>idx:0, tid:0
D (9392) wifi:tx data done, now:9409471
D (9772) wifi:tx data done, now:9792931
I (9822) wifi:<ba-add>idx:0 (ifx:0, 98:25:4a:22:7e:5b), tid:0, ssn:5, winSize:64
D (9822) wifi:tx data done, now:9843564
W (9842) wifi:[ADDBA]rx delba, code:39, delete tid:0
I (9842) wifi:<ba-del>idx:0, tid:0
D (9872) wifi:tx data done, now:9893140
D (9972) wifi:tx data done, now:9993350
D (10022) wifi:tx data done, now:10044498
D (10272) esp_netif_lwip: esp_netif_internal_dhcpc_cb lwip-netif:0x3fca7c34[0m
D (10272) esp_netif_lwip: if0x3fca7bb0 ip changed=1[0m
D (10272) event: running post IP_EVENT:0 with handler 0x4202cb40 and context 0x3fca7ee0 on loop 0x3fca6c88[0m
D (10282) wifi_init_default: Got IP wifi default handler entered[0m
D (10282) esp_netif_handlers: esp_netif action got_ip with netif0x3fca7bb0 from event_id=0[0m
[0;32mI (10292) esp_netif_handlers: sta ip: 192.168.1.101, mask: 255.255.255.0, gw: 192.168.1.1[0m
D (10302) event: running post IP_EVENT:0 with handler 0x4200a710 and context 0x3fca7f34 on loop 0x3fca6c88[0m
[0;32mI (10312) wifi dpp-enrollee: got ip:192.168.1.101[0m
D (10272) wifi:tx data done, now:10293181
[0;32mI (10322) wifi dpp-enrollee: connected to ap SSID:TP-Link_7E5B password:04868309[0m
D (10332) wpa: ELOOP: esp_dpp_task:410 called to remove timer handler=0x4201551c, removed count=0[0m
[0;32mI (10342) main_task: Returned from app_main()[0m
D (10372) wifi:tx data done, now:10392885
D (10972) wifi:tx data done, now:10993269
D (11032) wifi:tx data done, now:11051478
D (11972) wifi:tx data done, now:11993378
D (12032) wifi:tx data done, now:12053642
D (12972) wifi:tx data done, now:12993519
D (13022) wifi:tx data done, now:13044719
