Executing action: monitor
Serial port /dev/ttyUSB0
Connecting....
Detecting chip type... ESP32-S3
Running idf_monitor in directory /home/corfu/mpc/corfu/dpp_test_auth_retries
Executing "/home/corfu/.espressif/python_env/idf5.2_py3.10_env/bin/python /home/corfu/esp/esp-idf/tools/idf_monitor.py -p /dev/ttyUSB0 -b 115200 --toolchain-prefix xtensa-esp32-elf- --target esp32 --revision 0 /home/corfu/mpc/corfu/dpp_test_auth_retries/build/dpp-enrollee.elf -m '/home/corfu/.espressif/python_env/idf5.2_py3.10_env/bin/python' '/home/corfu/esp/esp-idf/tools/idf.py'"...
ESP-ROM:esp32s3-20210327
Build:Mar 27 2021
rst:0x1 (POWERON),boot:0x8 (SPI_FAST_FLASH_BOOT)
SPIWP:0xee
mode:DIO, clock div:1
load:0x3fce3810,len:0x178c
load:0x403c9700,len:0x4
load:0x403c9704,len:0xcbc
load:0x403cc700,len:0x2da0
entry 0x403c9914
[0;32mI (27) boot: ESP-IDF v5.2.1-1-g25b86f7c6a-dirty 2nd stage bootloader[0m
[0;32mI (27) boot: compile time Sep 13 2024 16:06:08[0m
[0;32mI (27) boot: Multicore bootloader[0m
[0;32mI (32) boot: chip revision: v0.2[0m
[0;32mI (35) boot.esp32s3: Boot SPI Speed : 80MHz[0m
[0;32mI (40) boot.esp32s3: SPI Mode       : DIO[0m
[0;32mI (45) boot.esp32s3: SPI Flash Size : 2MB[0m
[0;32mI (50) boot: Enabling RNG early entropy source...[0m
[0;32mI (55) boot: Partition Table:[0m
[0;32mI (59) boot: ## Label            Usage          Type ST Offset   Length[0m
[0;32mI (66) boot:  0 nvs              WiFi data        01 02 00009000 00006000[0m
[0;32mI (73) boot:  1 phy_init         RF data          01 01 0000f000 00001000[0m
[0;32mI (81) boot:  2 factory          factory app      00 00 00010000 00100000[0m
[0;32mI (88) boot: End of partition table[0m
[0;32mI (93) esp_image: segment 0: paddr=00010020 vaddr=3c0a0020 size=33ae0h (211680) map[0m
[0;32mI (139) esp_image: segment 1: paddr=00043b08 vaddr=3fc97f00 size=04830h ( 18480) load[0m
[0;32mI (143) esp_image: segment 2: paddr=00048340 vaddr=40374000 size=07cd8h ( 31960) load[0m
[0;32mI (152) esp_image: segment 3: paddr=00050020 vaddr=42000020 size=98cf0h (625904) map[0m
[0;32mI (265) esp_image: segment 4: paddr=000e8d18 vaddr=4037bcd8 size=0c1e4h ( 49636) load[0m
[0;32mI (285) boot: Loaded app from partition at offset 0x10000[0m
[0;32mI (285) boot: Disabling RNG early entropy source...[0m
[0;32mI (296) cpu_start: Multicore app[0m
V (297) mmap: after coalescing, 1 regions are left[0m
D (297) cpu_start: Pro cpu up[0m
D (297) cpu_start: Starting app cpu, entry point is 0x4037532c[0m
D (0) cpu_start: App cpu up[0m
V CACHE_ERR: illegal error intr clr & ena mask is: 0x3f
V CACHE_ERR: core 1 a31e)scer:oRT intr cCLr ca enaatmask is: 0x4f6301[0m
V CACHE_ERR: illegal error intr clr & ena mask is: 0x3f
V CACHE_ERR: core 0 access error intr clr & ena mask is: 0x1f
[0;32mI (329) cpu_start: Pro cpu start user code[0m
[0;32mI (333) cpu_start: cpu freq: 160000000 Hz[0m
[0;32mI (337) cpu_start: Application information:[0m
[0;32mI (342) cpu_start: Project name:     dpp-enrollee[0m
[0;32mI (348) cpu_start: App version:      v5.2.1-1-g25b86f7c6a-dirty[0m
[0;32mI (354) cpu_start: Compile time:     Sep 13 2024 16:06:24[0m
[0;32mI (360) cpu_start: ELF file SHA256:  178900882...[0m
[0;32mI (366) cpu_start: ESP-IDF:          v5.2.1-1-g25b86f7c6a-dirty[0m
[0;32mI (372) cpu_start: Min chip rev:     v0.0[0m
[0;32mI (377) cpu_start: Max chip rev:     v0.99 [0m
[0;32mI (382) cpu_start: Chip rev:         v0.2[0m
V (386) memory_layout: reserved range is 0x3c0d3ac0 - 0x3c0d3ae8[0m
D (392) memory_layout: Checking 6 reserved memory ranges:[0m
D (398) memory_layout: Reserved memory range 0x3fc84000 - 0x3fc97f00[0m
D (404) memory_layout: Reserved memory range 0x3fc97f00 - 0x3fca0388[0m
D (411) memory_layout: Reserved memory range 0x3fceee34 - 0x3fcf0000[0m
D (417) memory_layout: Reserved memory range 0x40374000 - 0x40387f00[0m
D (424) memory_layout: Reserved memory range 0x600fe000 - 0x600fe010[0m
D (430) memory_layout: Reserved memory range 0x600fffe8 - 0x60100000[0m
D (436) memory_layout: Building list of available memory regions:[0m
V (443) memory_layout: Examining memory region 0x3fc88000 - 0x3fc90000[0m
V (449) memory_layout: Region 0x3fc88000 - 0x3fc90000 inside of reserved 0x3fc84000 - 0x3fc97f00[0m
V (458) memory_layout: Examining memory region 0x3fc90000 - 0x3fca0000[0m
V (465) memory_layout: Start of region 0x3fc90000 - 0x3fca0000 overlaps reserved 0x3fc84000 - 0x3fc97f00[0m
V (474) memory_layout: Region 0x3fc97f00 - 0x3fca0000 inside of reserved 0x3fc97f00 - 0x3fca0388[0m
V (483) memory_layout: Examining memory region 0x3fca0000 - 0x3fcb0000[0m
V (490) memory_layout: Start of region 0x3fca0000 - 0x3fcb0000 overlaps reserved 0x3fc97f00 - 0x3fca0388[0m
D (499) memory_layout: Available memory region 0x3fca0388 - 0x3fcb0000[0m
V (506) memory_layout: Examining memory region 0x3fcb0000 - 0x3fcc0000[0m
D (512) memory_layout: Available memory region 0x3fcb0000 - 0x3fcc0000[0m
V (519) memory_layout: Examining memory region 0x3fcc0000 - 0x3fcd0000[0m
D (526) memory_layout: Available memory region 0x3fcc0000 - 0x3fcd0000[0m
V (532) memory_layout: Examining memory region 0x3fcd0000 - 0x3fce0000[0m
D (539) memory_layout: Available memory region 0x3fcd0000 - 0x3fce0000[0m
V (545) memory_layout: Examining memory region 0x3fce0000 - 0x3fce9710[0m
D (552) memory_layout: Available memory region 0x3fce0000 - 0x3fce9710[0m
V (559) memory_layout: Examining memory region 0x3fce9710 - 0x3fcf0000[0m
V (565) memory_layout: End of region 0x3fce9710 - 0x3fcf0000 overlaps reserved 0x3fceee34 - 0x3fcf0000[0m
D (575) memory_layout: Available memory region 0x3fce9710 - 0x3fceee34[0m
V (581) memory_layout: Examining memory region 0x3fcf0000 - 0x3fcf8000[0m
D (588) memory_layout: Available memory region 0x3fcf0000 - 0x3fcf8000[0m
V (594) memory_layout: Examining memory region 0x600fe000 - 0x60100000[0m
V (601) memory_layout: Start of region 0x600fe000 - 0x60100000 overlaps reserved 0x600fe000 - 0x600fe010[0m
V (611) memory_layout: End of region 0x600fe010 - 0x60100000 overlaps reserved 0x600fffe8 - 0x60100000[0m
D (620) memory_layout: Available memory region 0x600fe010 - 0x600fffe8[0m
[0;32mI (627) heap_init: Initializing. RAM available for dynamic allocation:[0m
D (634) heap_init: New heap initialised at 0x3fca0388[0m
[0;32mI (639) heap_init: At 3FCA0388 len 00049388 (292 KiB): RAM[0m
[0;32mI (645) heap_init: At 3FCE9710 len 00005724 (21 KiB): RAM[0m
D (651) heap_init: New heap initialised at 0x3fcf0000[0m
[0;32mI (656) heap_init: At 3FCF0000 len 00008000 (32 KiB): DRAM[0m
D (662) heap_init: New heap initialised at 0x600fe010[0m
[0;32mI (667) heap_init: At 600FE010 len 00001FD8 (7 KiB): RTCRAM[0m
V (674) intr_alloc: esp_intr_alloc_intrstatus (cpu 0): checking args[0m
V (680) intr_alloc: esp_intr_alloc_intrstatus (cpu 0): Args okay. Resulting flags 0x40E[0m
D (688) intr_alloc: Connected src 39 to int 2 (cpu 0)[0m
V (694) memspi: raw_chip_id: 1740C8
[0m
V (697) memspi: chip_id: C84017
[0m
V (700) memspi: raw_chip_id: 1740C8
[0m
V (704) memspi: chip_id: C84017
[0m
D (708) spi_flash: trying chip: issi[0m
D (711) spi_flash: trying chip: gd[0m
[0;32mI (715) spi_flash: detected chip: gd[0m
[0;32mI (719) spi_flash: flash io: dio[0m
[0;33mW (723) spi_flash: Detected size(8192k) larger than the size in the binary image header(2048k). Using the size in the binary image header.[0m
D (736) cpu_start: calling init function: 0x42074cfc[0m
D (741) cpu_start: calling init function: 0x420747ac[0m
D (746) cpu_start: calling init function: 0x4202ca94[0m
D (751) cpu_start: calling init function: 0x4200e438[0m
D (756) cpu_start: calling init function: 0x4037ba1c[0m
D (761) cpu_start: calling init function: 0x42002f0c[0m
D (766) cpu_start: calling init function: 0x42008640 on core: 0[0m
V (772) intr_alloc: esp_intr_alloc_intrstatus (cpu 0): checking args[0m
V (779) intr_alloc: esp_intr_alloc_intrstatus (cpu 0): Args okay. Resulting flags 0xC02[0m
D (787) intr_alloc: Connected src 59 to int 3 (cpu 0)[0m
D (792) cpu_start: calling init function: 0x42005f68 on core: 0[0m
[0;32mI (798) sleep: Configure to isolate all GPIO pins in sleep state[0m
[0;32mI (805) sleep: Enable automatic switching of GPIO sleep configuration[0m
D (812) cpu_start: calling init function: 0x420042a4 on core: 0[0m
V (818) intr_alloc: esp_intr_alloc_intrstatus (cpu 0): checking args[0m
V (824) intr_alloc: esp_intr_alloc_intrstatus (cpu 0): Args okay. Resulting flags 0x40E[0m
D (832) intr_alloc: Connected src 79 to int 9 (cpu 0)[0m
D (837) app_start: Starting scheduler on CPU0[0m
V (842) intr_alloc: esp_intr_alloc_intrstatus (cpu 0): checking args[0m
V (842) intr_alloc: esp_intr_alloc_intrstatus (cpu 0): Args okay. Resulting flags 0x402[0m
D (842) intr_alloc: Connected src 57 to int 12 (cpu 0)[0m
V (842) intr_alloc: esp_intr_alloc_intrstatus (cpu 1): checking args[0m
V (852) intr_alloc: esp_intr_alloc_intrstatus (cpu 1): Args okay. Resulting flags 0x40E[0m
D (852) intr_alloc: Connected src 80 to int 2 (cpu 1)[0m
D (862) app_start: Starting scheduler on CPU1[0m
V (862) intr_alloc: esp_intr_alloc_intrstatus (cpu 1): checking args[0m
V (872) intr_alloc: esp_intr_alloc_intrstatus (cpu 1): Args okay. Resulting flags 0x402[0m
D (882) intr_alloc: Connected src 58 to int 3 (cpu 1)[0m
[0;32mI (842) main_task: Started on CPU0[0m
D (892) heap_init: New heap initialised at 0x3fce9710[0m
V (892) intr_alloc: esp_intr_alloc_intrstatus (cpu 0): checking args[0m
V (902) intr_alloc: esp_intr_alloc_intrstatus (cpu 0): Args okay. Resulting flags 0xE[0m
D (912) intr_alloc: Connected src 52 to int 13 (cpu 0)[0m
[0;32mI (912) main_task: Calling app_main()[0m
V (922) partition: Loading the partition table[0m
V (922) mmap: actual_mapped_len is 0x10000[0m
V (932) calculated md5: 0x3fca3f38   f4 ad 4f 45 38 56 4b 5d  74 35 b6 2c 75 b6 95 24  |..OE8VK]t5.,u..$|[0m
V (942) stored md5: 0x3c0e8070   f4 ad 4f 45 38 56 4b 5d  74 35 b6 2c 75 b6 95 24  |..OE8VK]t5.,u..$|[0m
V (942) partition: Partition table MD5 verified[0m
D (972) esp_netif_lwip: LwIP stack has been initialized[0m
D (972) esp_netif_lwip: esp-netif has been successfully initialized[0m
D (972) event: running task for loop 0x3fca6c88[0m
D (982) event: created task for loop 0x3fca6c88[0m
D (982) event: created event loop 0x3fca6c88[0m
D (992) esp_netif_lwip: check: remote, if=0x3fca3f70 fn=0x42013448[0m
V (992) esp_netif_objects: esp_netif_add_to_list_unsafe 0x3fca7bb0[0m
D (1002) esp_netif_objects: esp_netif_add_to_list_unsafe netif added successfully (total netifs: 1)[0m
D (1012) esp_netif_lwip: call api in lwip: ret=0x0, give sem[0m
pp rom version: e7ae62f
net80211 rom version: e7ae62f
D (1022) nvs: nvs_open_from_partition misc 1[0m
I (1032) wifi:wifi driver task: 3fcaa5d0, prio:23, stack:6656, core=0
V (1032) esp_adapter: thread sem create: sem=0x3fcaa728[0m
V (1042) esp_adapter: thread sem get: sem=0x3fcaa728[0m
D (1042) efuse: In EFUSE_BLK1__DATA1_REG is used 8 bits starting with 8 bit[0m
D (1052) efuse: In EFUSE_BLK1__DATA1_REG is used 8 bits starting with 0 bit[0m
D (1052) efuse: In EFUSE_BLK1__DATA0_REG is used 8 bits starting with 24 bit[0m
D (1062) efuse: In EFUSE_BLK1__DATA0_REG is used 8 bits starting with 16 bit[0m
D (1072) efuse: In EFUSE_BLK1__DATA0_REG is used 8 bits starting with 8 bit[0m
D (1082) efuse: In EFUSE_BLK1__DATA0_REG is used 8 bits starting with 0 bit[0m
D (1082) nvs: nvs_open_from_partition nvs.net80211 1[0m
D (1092) nvs: nvs_get opmode 1[0m
D (1092) nvs: nvs_get_str_or_blob sta.ssid[0m
D (1102) nvs: nvs_get sta.authmode 1[0m
D (1102) nvs: nvs_get_str_or_blob sta.pswd[0m
D (1102) nvs: nvs_get_str_or_blob sta.pmk[0m
D (1112) nvs: nvs_get sta.chan 1[0m
D (1112) nvs: nvs_get auto.conn 1[0m
D (1112) nvs: nvs_get bssid.set 1[0m
D (1122) nvs: nvs_get_str_or_blob sta.bssid[0m
D (1122) nvs: nvs_get sta.lis_intval 2[0m
D (1132) nvs: nvs_get sta.phym 1[0m
D (1132) nvs: nvs_get sta.phybw 1[0m
D (1132) nvs: nvs_get_str_or_blob sta.apsw[0m
D (1142) nvs: nvs_get_str_or_blob sta.apinfo[0m
D (1142) nvs: nvs_get sta.scan_method 1[0m
D (1142) nvs: nvs_get sta.sort_method 1[0m
D (1152) nvs: nvs_get sta.minrssi 1[0m
D (1152) nvs: nvs_get sta.minauth 1[0m
D (1162) nvs: nvs_get sta.pmf_e 1[0m
D (1162) nvs: nvs_get sta.pmf_r 1[0m
D (1162) nvs: nvs_get sta.btm_e 1[0m
D (1172) nvs: nvs_get sta.rrm_e 1[0m
D (1172) nvs: nvs_get sta.mbo_e 1[0m
D (1172) nvs: nvs_get_str_or_blob ap.ssid[0m
D (1182) nvs: nvs_get_str_or_blob ap.passwd[0m
D (1182) nvs: nvs_get_str_or_blob ap.pmk[0m
D (1182) nvs: nvs_get ap.chan 1[0m
D (1192) nvs: nvs_get ap.authmode 1[0m
D (1192) nvs: nvs_get ap.hidden 1[0m
D (1192) nvs: nvs_get ap.max.conn 1[0m
D (1202) nvs: nvs_get bcn.interval 2[0m
D (1202) nvs: nvs_get ap.phym 1[0m
D (1212) nvs: nvs_get ap.phybw 1[0m
D (1212) nvs: nvs_get ap.sndchan 1[0m
D (1212) nvs: nvs_get ap.pmf_e 1[0m
D (1222) nvs: nvs_get ap.pmf_r 1[0m
D (1222) nvs: nvs_get ap.p_cipher 1[0m
D (1222) nvs: nvs_get lorate 1[0m
D (1232) nvs: nvs_get_str_or_blob country[0m
D (1232) nvs: nvs_get ap.ftm_r 1[0m
D (1232) nvs: nvs_get sta.ft 1[0m
D (1242) nvs: nvs_get sta.owe 1[0m
D (1242) nvs: nvs_get sta.trans_d 1[0m
D (1242) nvs: nvs_get sta.sae_h2e 1[0m
D (1252) nvs: nvs_get sta.sae_pk_mode 1[0m
D (1252) nvs: nvs_get sta.bss_retry 1[0m
D (1252) nvs: nvs_get_str_or_blob sta.owe_data[0m
D (1262) nvs: nvs_get sta.he_dcm 1[0m
D (1262) nvs: nvs_get sta.he_dcm_c_tx 1[0m
D (1272) nvs: nvs_get sta.he_dcm_c_rx 1[0m
D (1272) nvs: nvs_get sta.he_mcs9_d 1[0m
D (1272) nvs: nvs_get sta.he_su_b_d 1[0m
D (1282) nvs: nvs_get sta.he_su_b_f_d 1[0m
D (1282) nvs: nvs_get sta.he_mu_b_f_d 1[0m
D (1282) nvs: nvs_get sta.he_cqi_f_d 1[0m
D (1292) nvs: nvs_get_str_or_blob sta.sae_h2e_id[0m
D (1292) nvs: nvs_get ap.sae_h2e 1[0m
D (1302) nvs: nvs_get_str_or_blob ap.pmk_info[0m
D (1302) nvs: nvs_get nan.phym 1[0m
D (1302) nvs: nvs_set ap.sndchan 1 1[0m
I (1312) wifi:wifi firmware version: a9f5b59-dirty
I (1312) wifi:wifi certification version: v7.0
I (1322) wifi:config NVS flash: enabled
I (1322) wifi:config nano formating: disabled
I (1322) wifi:Init data frame dynamic rx buffer num: 32
I (1332) wifi:Init static rx mgmt buffer num: 5
I (1332) wifi:Init management short buffer num: 32
I (1342) wifi:Init dynamic tx buffer num: 32
I (1342) wifi:Init static tx FG buffer num: 2
I (1352) wifi:Init static rx buffer size: 1600
I (1352) wifi:Init static rx buffer num: 10
I (1352) wifi:Init dynamic rx buffer num: 32
V (1362) wifi:hint=255, act_dur=<0,120>, pas_dur=360, nchans=14 history_num=0
V (1372) esp_adapter: thread sem get: sem=0x3fcaa728[0m
[0;32mI (1372) wifi_init: rx ba win: 6[0m
[0;32mI (1372) wifi_init: tcpip mbox: 32[0m
[0;32mI (1382) wifi_init: udp mbox: 6[0m
[0;32mI (1382) wifi_init: tcp mbox: 6[0m
[0;32mI (1392) wifi_init: tcp tx win: 5760[0m
[0;32mI (1392) wifi_init: tcp rx win: 5760[0m
[0;32mI (1392) wifi_init: tcp mss: 1440[0m
[0;32mI (1402) wifi_init: WiFi IRAM OP enabled[0m
[0;32mI (1402) wifi_init: WiFi RX IRAM OP enabled[0m
V (1412) esp_adapter: thread sem get: sem=0x3fcaa728[0m
D (1412) nvs: nvs_get opmode 1[0m
[0;32mI (1422) wpa: esp_dpp_task prio:2, stack:6656[0m
D (1422) wpa: private key - hexdump(len=0):[0m
D (1432) wpa:  [NULL][0m
D (1482) wpa: DPP: Generating a keypair[0m
[0;31mE (1482) wpa: curve: secp256r1[0m
[0;31mE (1482) wpa: prime len is 32[0m
[0;31mE (1482) wpa: Q_x: - hexdump(len=32):[0m
[0;31mE (1492) wpa: d5 dc 89 b7 72 6c 8f 4a 87 ea 2b e2 e9 83 53 a4 [0m
[0;31mE (1492) wpa: 81 80 27 ad 9e 14 1e 0f 78 98 ff d6 10 79 4e c4 [0m
[0;31mE (1502) wpa: Q_y: - hexdump(len=32):[0m
[0;31mE (1502) wpa: 8c 3e 35 81 b2 63 38 8d fb ec 09 17 b0 5d 8c 22 [0m
[0;31mE (1512) wpa: 61 f8 21 ee ad 3f ac 05 1d 3b 29 10 9b 4b 65 4a [0m
[0;31mE (1522) wpa: d:      - hexdump(len=32):[0m
[0;31mE (1522) wpa: 12 bd 28 b5 00 a9 e3 c9 07 6c c4 4b 9b 0c 00 29 [0m
[0;31mE (1532) wpa: cf 91 bf 9f a6 d4 f5 41 8a f8 47 3d c3 d2 58 42 [0m
D (1532) wpa: DPP: Compressed public key (DER) - hexdump(len=59):[0m
D (1542) wpa: 30 39 30 13 06 07 2a 86 48 ce 3d 02 01 06 08 2a [0m
D (1552) wpa: 86 48 ce 3d 03 01 07 03 22 00 02 d5 dc 89 b7 72 [0m
D (1552) wpa: 6c 8f 4a 87 ea 2b e2 e9 83 53 a4 81 80 27 ad 9e [0m
D (1562) wpa: 14 1e 0f 78 98 ff d6 10 79 4e c4 [0m
D (1562) gdma: new group (0) at 0x3fcb2ef0[0m
D (1572) gdma: new pair (0,0) at 0x3fcb2bfc[0m
D (1572) gdma: new tx channel (0,0) at 0x3fcb2d4c[0m
D (1582) gdma: new rx channel (0,0) at 0x3fcb2f78[0m
D (1582) gdma: tx channel (0,0), (1:16) bytes aligned, burst enabled[0m
D (1592) gdma: rx channel (0,0), (1:16) bytes aligned, burst disabled[0m
D (1592) wpa: DPP: Public key hash - hexdump(len=32):[0m
D (1602) wpa: 09 d5 19 e8 72 8a 60 59 f6 23 b6 e4 cf 7c 33 78 [0m
D (1602) wpa: 1a 72 f5 aa e9 33 40 76 0d 78 a7 97 f9 1f 5d 38 [0m
D (1612) wpa: DPP: URI mac: 84:fc:e6:7b:73:b8[0m
[0;32mI (1612) wifi dpp-enrollee: Scan below QR Code to configure the enrollee:[0m
[0;32mI (1622) QRCODE: Encoding below text with ECC LVL 0 & QR Code Version 10[0m
[0;32mI (1632) QRCODE: DPP:C:81/6;M:84:fc:e6:7b:73:b8;K:MDkwEwYHKoZIzj0CAQYIKoZIzj0DAQcDIgAC1dyJt3Jsj0qH6ivi6YNTpIGAJ62eFB4PeJj/1hB5TsQ=;;[0m
                                              
  █▀▀▀▀▀█ █ ▄   ▀▀▀█▀█▄ ▀▀ ▀█▀▀▄ ▄▀ █▀▀▀▀▀█   
  █ ███ █ ██  █▀▄ ▀▄▄  ▀ ██▄▄ ▀█▄▀▄ █ ███ █   
  █ ▀▀▀ █ ▄ █▀█ █ ▄▄██▀▄▄▀▀▀█▀ █▄▄▀ █ ▀▀▀ █   
  ▀▀▀▀▀▀▀ ▀▄█ █ ▀▄█▄█▄▀▄▀ █ ▀ ▀▄▀ ▀ ▀▀▀▀▀▀▀   
  ▀▀▄ ▀▀▀▄▄▄▄ ▄▄▀▄█ ▄ ▄▄█▀▀▄▀▄▀█▄ ▀▄▄▀▄██▀█   
  ▀██ █▄▀▄ ▄ ▄█ ▄█▄█▄▄ ██▀█ █▀▄█▄▄▄█ ▀▀   █   
  ▀▄ ▀██▀▀█▄  ▀█▀▀▄ ▀ ▄▄▀▄█▀▄▄▀ ▄▀▀▄▄▄▄ ▄▄    
  ▀ █▄█▄▀   ▄ ▄   ▀█▄▄▀█▀▀   ▀███▄▄▀ ▄▀▄ ▄█   
   ▀ ▄██▀    █▀▀▄▀▄▄  ▀ ▀█ ▄▀█▀█▀▀▀▀ ▀▄▄ ▄▄   
  ▄▀█  ▄▀▀▄ ██▀█▀▀█ ▀▄ ▄█▀▀▀▀▀ ▄▀▄ ██ █▄▀▀▀   
  █ ▄█▀█▀▄ ▄▀▀▄█▄▀▀ ▄ ▄█▄█▀▀▄ ▄    █▄█▄█▀▄    
   ▄ █  ▀▀█▀▀█▀ ▀█▄█▄ ███▀ ▀▄█▄▄▀ ▀ ▄███ ▄█   
  ▀██▄▀█▀▄█▄  ▀█▄ █     ▀█▀█▄▄▀▀▀ ▄▄▄ ▄██▀    
  ▄▄▄   ▀ █▀██▄ ▄▀ █▄ ▀█ █▄▀ ▀██▀ ▄▀█▄ ▀▀ █   
  █  █ ▀▀ ▄█  ▀█▀▀▄▄▀ ▄▄█ ▀ ▀▀▄█ ▀▀▀ ▄█▄      
    █▀▀▀▀█▄▄█ ▄ ▄ ▀█▄ ▀▄▀██▀▄▀ ▄ ▄▄█ ▄▀▄▀ ▀   
  ▀▀▀   ▀ █▀▄▀▀▀ █▄▄▄█▀▀▀ ▀▄▀▄▀▀▀▀█▀▀▀█▄      
  █▀▀▀▀▀█ ▄▄▄▀▀█▀▀▄ ▀▄ █▄██ ▀▀██ ▀█ ▀ █ ▀ ▀   
  █ ███ █ ▀██ ▄█▄▀▀▄▄▄ ███▀▀  ▄ ▄██▀▀█▀ ▄█▄   
  █ ▀▀▀ █ ▄█▄█▀ ▄█▄█▄▄▀▄ █ ▀ █▄▄█▄█▄ █   ▄█   
  ▀▀▀▀▀▀▀ ▀▀  ▀      ▀  ▀ ▀▀ ▀ ▀ ▀▀      ▀    
                                              

V (1942) esp_adapter: thread sem get: sem=0x3fcaa728[0m
[0;32mI (1942) phy_init: phy_version 640,cd64a1a,Jan 24 2024,17:28:12[0m
D (1952) phy_init: loading PHY init data from application binary[0m
D (1962) nvs: nvs_open_from_partition phy 0[0m
D (1962) nvs: nvs_get cal_version 4[0m
V (1962) phy_init: phy_get_rf_cal_version: 640[0m
D (1972) nvs: nvs_get_str_or_blob cal_mac[0m
D (1972) efuse: In EFUSE_BLK1__DATA1_REG is used 8 bits starting with 8 bit[0m
D (1982) efuse: In EFUSE_BLK1__DATA1_REG is used 8 bits starting with 0 bit[0m
D (1992) efuse: In EFUSE_BLK1__DATA0_REG is used 8 bits starting with 24 bit[0m
D (1992) efuse: In EFUSE_BLK1__DATA0_REG is used 8 bits starting with 16 bit[0m
D (2002) efuse: In EFUSE_BLK1__DATA0_REG is used 8 bits starting with 8 bit[0m
D (2012) efuse: In EFUSE_BLK1__DATA0_REG is used 8 bits starting with 0 bit[0m
D (2012) nvs: nvs_get_str_or_blob cal_data[0m
D (2032) nvs: nvs_close 3[0m
D (2032) efuse: In EFUSE_BLK1__DATA1_REG is used 8 bits starting with 8 bit[0m
D (2032) efuse: In EFUSE_BLK1__DATA1_REG is used 8 bits starting with 0 bit[0m
D (2042) efuse: In EFUSE_BLK1__DATA0_REG is used 8 bits starting with 24 bit[0m
D (2042) efuse: In EFUSE_BLK1__DATA0_REG is used 8 bits starting with 16 bit[0m
D (2052) efuse: In EFUSE_BLK1__DATA0_REG is used 8 bits starting with 8 bit[0m
D (2062) efuse: In EFUSE_BLK1__DATA0_REG is used 8 bits starting with 0 bit[0m
D (2082) temperature_sensor: range changed, change to index 2[0m
V (2102) wifi:ht20 freq=2412, chan=1
D (2102) wifi:filter: set rx policy=0
I (2102) wifi:mode : sta (84:fc:e6:7b:73:b8)
I (2102) wifi:enable tsf
D (2102) wifi:filter: set rx policy=1
D (2102) wifi:connect status 0 -> 0
D (2112) event: running post WIFI_EVENT:40 with handler 0x4200a710 and context 0x3fca7f14 on loop 0x3fca6c88[0m
D (2122) event: running post WIFI_EVENT:2 with handler 0x4202cce4 and context 0x3fca7dac on loop 0x3fca6c88[0m
D (2132) wifi_init_default: wifi_start esp-netif:0x3fca7bb0 event-id2[0m
D (2132) wifi_init_default: WIFI mac address: 84 fc e6 7b 73 b8[0m
V (2142) esp_adapter: thread sem create: sem=0x3fcb276c[0m
V (2142) esp_adapter: thread sem get: sem=0x3fcb276c[0m
D (2152) esp_netif_lwip: check: remote, if=0x3fca7bb0 fn=0x42012e34[0m
D (2162) esp_netif_lwip: call api in lwip: ret=0x0, give sem[0m
D (2162) esp_netif_handlers: esp_netif action has started with netif0x3fca7bb0 from event_id=2[0m
D (2172) esp_netif_lwip: check: remote, if=0x3fca7bb0 fn=0x42013700[0m
D (2182) esp_netif_lwip: esp_netif_start_api 0x3fca7bb0[0m
D (2182) esp_netif_lwip: esp_netif_get_hostname esp_netif:0x3fca7bb0[0m
D (2192) esp_netif_lwip: check: local, if=0x3fca7bb0 fn=0x42013ea4[0m
D (2192) esp_netif_lwip: esp_netif_update_default_netif_lwip 0x3fca7bb0[0m
V (2202) esp_netif_lwip: esp_netif_is_netif_up esp_netif:0x3fca7bb0[0m
D (2212) esp_netif_lwip: call api in lwip: ret=0x0, give sem[0m
D (2212) event: running post WIFI_EVENT:2 with handler 0x4200a710 and context 0x3fca7f14 on loop 0x3fca6c88[0m
[0;32mI (2222) wifi dpp-enrollee: Started listening for DPP Authentication[0m
V (2222) esp_adapter: thread sem create: sem=0x3fcb281c[0m
V (2242) esp_adapter: thread sem get: sem=0x3fcb281c[0m
D (2242) wifi:Listen on channel 6 for 500 mSec
V (2242) wifi:change: chan<6,0>, dur<0,500>
V (2252) wifi:ht20 freq=2437, chan=6
V (2252) wifi:enter start op, arg=0x42014ad0
V (2262) wifi:start max timer
D (2762) wifi:ROC: Ending operation at 2.0, returning to Channel 1
V (2762) wifi:back home chan=<1,0>, current chan=<6,0>
V (2762) wifi:ht20 freq=2412, chan=1
D (2762) event: running post WIFI_EVENT:20 with handler 0x4200a710 and context 0x3fca7f14 on loop 0x3fca6c88[0m
D (2772) event: running post WIFI_EVENT:20 with handler 0x4201563c and context 0x3fcb250c on loop 0x3fca6c88[0m
V (2782) esp_adapter: thread sem get: sem=0x3fcb281c[0m
D (2792) wifi:Listen on channel 6 for 500 mSec
V (2792) wifi:change: chan<6,0>, dur<0,500>
V (2792) wifi:ht20 freq=2437, chan=6
V (2802) wifi:enter start op, arg=0x42014ad0
V (2802) wifi:start max timer
D (3302) wifi:ROC: Ending operation at 3.0, returning to Channel 1
V (3302) wifi:back home chan=<1,0>, current chan=<6,0>
V (3312) wifi:ht20 freq=2412, chan=1
D (3312) event: running post WIFI_EVENT:20 with handler 0x4200a710 and context 0x3fca7f14 on loop 0x3fca6c88[0m
D (3322) event: running post WIFI_EVENT:20 with handler 0x4201563c and context 0x3fcb250c on loop 0x3fca6c88[0m
V (3332) esp_adapter: thread sem get: sem=0x3fcb281c[0m
D (3332) wifi:Listen on channel 6 for 500 mSec
V (3342) wifi:change: chan<6,0>, dur<0,500>
V (3342) wifi:ht20 freq=2437, chan=6
V (3342) wifi:enter start op, arg=0x42014ad0
V (3352) wifi:start max timer
D (3852) wifi:ROC: Ending operation at 3.0, returning to Channel 1
V (3852) wifi:back home chan=<1,0>, current chan=<6,0>
V (3852) wifi:ht20 freq=2412, chan=1
D (3852) event: running post WIFI_EVENT:20 with handler 0x4200a710 and context 0x3fca7f14 on loop 0x3fca6c88[0m
D (3862) event: running post WIFI_EVENT:20 with handler 0x4201563c and context 0x3fcb250c on loop 0x3fca6c88[0m
V (3872) esp_adapter: thread sem get: sem=0x3fcb281c[0m
D (3882) wifi:Listen on channel 6 for 500 mSec
V (3882) wifi:change: chan<6,0>, dur<0,500>
V (3892) wifi:ht20 freq=2437, chan=6
V (3892) wifi:enter start op, arg=0x42014ad0
V (3892) wifi:start max timer
D (4272) wpa: DPP: Rx Public Action frame: action - 9[0m
V (4272) esp_adapter: thread sem get: sem=0x3fcb281c[0m
D (4272) wifi:ROC: Ending operation at 3.0, returning to Channel 1
V (4282) wifi:back home chan=<1,0>, current chan=<6,0>
V (4282) wifi:ht20 freq=2412, chan=1
V (4292) wifi:back home chan=<1,0>, current chan=<1,0>
[0;32mI (4292) wpa: DPP: Authentication Request from 1e:c5:3a:6f:c3:50[0m
D (4292) event: running post WIFI_EVENT:20 with handler 0x4200a710 and context 0x3fca7f14 on loop 0x3fca6c88[0m
V (4302) wpa: DPP: Responder Bootstrapping Key Hash - hexdump(len=32):[0m
D (4312) event: running post WIFI_EVENT:20 with handler 0x4201563c and context 0x3fcb250c on loop 0x3fca6c88[0m
V (4312) wpa: 09 d5 19 e8 72 8a 60 59 f6 23 b6 e4 cf 7c 33 78 [0m
V (4332) wpa: 1a 72 f5 aa e9 33 40 76 0d 78 a7 97 f9 1f 5d 38 [0m
V (4332) wpa: DPP: Initiator Bootstrapping Key Hash - hexdump(len=32):[0m
V (4342) wpa: bb b0 28 8e 8b 98 1b 10 d3 4a 16 12 92 a8 58 8a [0m
V (4352) wpa: a4 77 fb c5 dc 04 fc 39 d0 e9 47 1e 2f 97 99 98 [0m
V (4352) wpa: DPP: Wrapped Data - hexdump(len=41):[0m
V (4362) wpa: d6 f9 0c c4 e9 e4 5e a0 23 f5 20 dd 65 79 6f 88 [0m
V (4362) wpa: 6c 2c c8 21 39 a7 bb 75 82 76 09 37 30 6d d7 2f [0m
V (4372) wpa: 9e 45 5d 09 48 01 39 04 79 [0m
V (4372) wpa: DPP: Initiator Protocol Key - hexdump(len=64):[0m
V (4382) wpa: 8e c0 a3 3a a0 cb ff ff b2 51 d3 c0 47 85 6d 9a [0m
V (4392) wpa: 10 a0 55 f0 cc f1 80 4c 56 48 32 11 72 03 ed 9f [0m
V (4392) wpa: 6d 5a 50 d2 54 06 61 2f b9 b1 cd 76 11 aa 1b 30 [0m
V (4402) wpa: 44 f6 b3 d3 5f 38 ee d3 9a ed f9 b8 80 37 55 22 [0m
V (4402) intr_alloc: esp_intr_alloc_intrstatus (cpu 1): checking args[0m
V (4412) intr_alloc: esp_intr_alloc_intrstatus (cpu 1): Args okay. Resulting flags 0xE[0m
D (4422) intr_alloc: Connected src 76 to int 4 (cpu 1)[0m
[0;31mE (4422) wpa: curve: secp256r1[0m
[0;31mE (4432) wpa: prime len is 32[0m
[0;31mE (4432) wpa: Q_x: - hexdump(len=32):[0m
[0;31mE (4432) wpa: 8e c0 a3 3a a0 cb ff ff b2 51 d3 c0 47 85 6d 9a [0m
[0;31mE (4442) wpa: 10 a0 55 f0 cc f1 80 4c 56 48 32 11 72 03 ed 9f [0m
[0;31mE (4452) wpa: Q_y: - hexdump(len=32):[0m
[0;31mE (4452) wpa: 6d 5a 50 d2 54 06 61 2f b9 b1 cd 76 11 aa 1b 30 [0m
[0;31mE (4462) wpa: 44 f6 b3 d3 5f 38 ee d3 9a ed f9 b8 80 37 55 22 [0m
[0;31mE (4462) wpa: d:      - hexdump(len=32):[0m
[0;31mE (4472) wpa: 00 00 00 00 00 00 00 00 00 00 00 00 00 00 00 00 [0m
[0;31mE (4482) wpa: 00 00 00 00 00 00 00 00 00 00 00 00 00 00 00 00 [0m
V (4482) intr_alloc: esp_intr_alloc_intrstatus (cpu 1): checking args[0m
V (4492) intr_alloc: esp_intr_alloc_intrstatus (cpu 1): Args okay. Resulting flags 0xE[0m
D (4502) intr_alloc: Connected src 77 to int 9 (cpu 1)[0m
D (4652) wpa: DPP: ECDH shared secret (M.x) - hexdump(len=32):[0m
D (4662) wpa: 20 14 c9 f7 7b 31 98 f0 21 8c 23 0e a9 59 e8 28 [0m
D (4662) wpa: 61 95 1a 8c e1 44 95 c3 e9 5d db 8f 7c ce c4 72 [0m
D (4662) wpa: DPP: PRK = HKDF-Extract(<>, IKM=M.x) - hexdump(len=32):[0m
D (4672) wpa: b4 09 ee 32 6e 03 02 71 49 4e 9c 9f 1b eb 42 ef [0m
D (4672) wpa: 84 ce 8d e9 2f 39 8d ed a5 d4 48 7e bb 2a 85 12 [0m
D (4682) wpa: DPP: k1 = HKDF-Expand(PRK, info, L) - hexdump(len=32):[0m
D (4692) wpa: a7 d3 31 80 0f 0c 16 00 77 5e be d5 5b 92 0e 5c [0m
D (4692) wpa: 93 52 e9 a1 d4 7b 1f 39 f0 88 19 f9 b6 3a 22 eb [0m
D (4702) wpa: DDP: AES-SIV AD[0] - hexdump(len=6):[0m
D (4702) wpa: 50 6f 9a 1a 01 00 [0m
D (4712) wpa: DDP: AES-SIV AD[1] - hexdump(len=140):[0m
D (4712) wpa: 02 10 20 00 09 d5 19 e8 72 8a 60 59 f6 23 b6 e4 [0m
D (4722) wpa: cf 7c 33 78 1a 72 f5 aa e9 33 40 76 0d 78 a7 97 [0m
D (4722) wpa: f9 1f 5d 38 01 10 20 00 bb b0 28 8e 8b 98 1b 10 [0m
D (4732) wpa: d3 4a 16 12 92 a8 58 8a a4 77 fb c5 dc 04 fc 39 [0m
D (4742) wpa: d0 e9 47 1e 2f 97 99 98 03 10 40 00 8e c0 a3 3a [0m
D (4742) wpa: a0 cb ff ff b2 51 d3 c0 47 85 6d 9a 10 a0 55 f0 [0m
D (4752) wpa: cc f1 80 4c 56 48 32 11 72 03 ed 9f 6d 5a 50 d2 [0m
D (4752) wpa: 54 06 61 2f b9 b1 cd 76 11 aa 1b 30 44 f6 b3 d3 [0m
D (4762) wpa: 5f 38 ee d3 9a ed f9 b8 80 37 55 22 [0m
D (4762) wpa: DPP: AES-SIV ciphertext - hexdump(len=41):[0m
D (4772) wpa: d6 f9 0c c4 e9 e4 5e a0 23 f5 20 dd 65 79 6f 88 [0m
D (4782) wpa: 6c 2c c8 21 39 a7 bb 75 82 76 09 37 30 6d d7 2f [0m
D (4782) wpa: 9e 45 5d 09 48 01 39 04 79 [0m
D (4792) wpa: DPP: AES-SIV cleartext - hexdump(len=25):[0m
D (4792) wpa: 05 10 10 00 d7 39 91 fa 09 40 61 ea 9e c3 84 a8 [0m
D (4802) wpa: c8 69 8e f4 06 10 01 00 02 [0m
V (4802) wpa: DPP: Attribute ID 1005 len 16[0m
V (4802) wpa: DPP: Attribute ID 1006 len 1[0m
D (4812) wpa: DPP: I-nonce - hexdump(len=16):[0m
D (4812) wpa: d7 39 91 fa 09 40 61 ea 9e c3 84 a8 c8 69 8e f4 [0m
D (4822) wpa: DPP: I-capabilities: 0x02[0m
D (4822) wpa: DPP: Acting as Enrollee[0m
D (4832) wpa: DPP: Build Authentication Response[0m
D (4832) wpa: DPP: R-nonce - hexdump(len=16):[0m
D (4842) wpa: ba 81 a0 61 0d 85 6b 28 52 85 18 c9 3b ea 07 73 [0m
D (4902) wpa: DPP: Generating a keypair[0m
[0;31mE (4902) wpa: curve: secp256r1[0m
[0;31mE (4902) wpa: prime len is 32[0m
[0;31mE (4902) wpa: Q_x: - hexdump(len=32):[0m
[0;31mE (4902) wpa: 4d 24 d6 47 88 1c 75 09 18 34 1b 23 f3 00 03 40 [0m
[0;31mE (4912) wpa: 5b 73 44 fb 8c 0f e0 21 56 11 88 a4 8d ff a0 4d [0m
[0;31mE (4912) wpa: Q_y: - hexdump(len=32):[0m
[0;31mE (4922) wpa: cc 34 8d 30 8b 31 ec 9f 02 1c 1b db 51 49 3c c7 [0m
[0;31mE (4922) wpa: af 05 5d 00 d7 90 79 62 be 82 a6 b1 ed cb a8 d2 [0m
[0;31mE (4932) wpa: d:      - hexdump(len=32):[0m
[0;31mE (4942) wpa: 80 3e c1 cc f5 2e 14 a8 55 11 cf 44 0e b2 e6 74 [0m
[0;31mE (4942) wpa: c6 bb b3 aa e8 d7 eb 11 7f a9 54 4a 45 20 5a b2 [0m
D (5102) wpa: DPP: ECDH shared secret (N.x) - hexdump(len=32):[0m
D (5102) wpa: 67 35 96 5f 42 6f 69 23 c0 4c 1e 44 a9 b7 d1 d8 [0m
D (5102) wpa: 9f d1 91 e5 08 83 95 68 2e 3c 94 7c 72 12 1c d2 [0m
D (5112) wpa: DPP: PRK = HKDF-Extract(<>, IKM=N.x) - hexdump(len=32):[0m
D (5112) wpa: 14 8e 11 11 ce 6d 4b 87 c3 02 9a b2 71 5d 90 4b [0m
D (5122) wpa: 5e 01 7f 0a 21 e2 4a cc 8c fc aa 34 3e 52 bf 2d [0m
D (5132) wpa: DPP: k2 = HKDF-Expand(PRK, info, L) - hexdump(len=32):[0m
D (5132) wpa: 92 52 48 ed b1 6d bd 54 55 22 01 84 69 5d f3 e3 [0m
D (5142) wpa: 08 85 41 28 b5 17 39 3e 19 0c 00 86 24 8c 8c af [0m
D (5152) wpa: DPP: PRK = HKDF-Extract(<>, IKM) - hexdump(len=32):[0m
D (5152) wpa: 76 a4 61 ec ab d9 6c a9 c4 c5 8d fe 41 46 f5 1e [0m
D (5162) wpa: 55 db f9 c5 4a 5f 44 d2 0d 36 b1 a3 d5 8f 12 e9 [0m
D (5162) wpa: DPP: ke = HKDF-Expand(PRK, info, L) - hexdump(len=32):[0m
D (5172) wpa: e8 b8 be 34 d5 02 58 f1 f4 b8 1b 1c 39 c8 79 f1 [0m
D (5182) wpa: 37 84 2a 3c 35 00 7f 0b 8f 46 98 35 6a 1c 06 04 [0m
D (5182) wpa: DPP: R-auth hash components[0m
D (5182) wpa: DPP: hash component - hexdump(len=16):[0m
D (5192) wpa: d7 39 91 fa 09 40 61 ea 9e c3 84 a8 c8 69 8e f4 [0m
D (5202) wpa: DPP: hash component - hexdump(len=16):[0m
D (5202) wpa: ba 81 a0 61 0d 85 6b 28 52 85 18 c9 3b ea 07 73 [0m
D (5212) wpa: DPP: hash component - hexdump(len=32):[0m
D (5212) wpa: 8e c0 a3 3a a0 cb ff ff b2 51 d3 c0 47 85 6d 9a [0m
D (5222) wpa: 10 a0 55 f0 cc f1 80 4c 56 48 32 11 72 03 ed 9f [0m
D (5222) wpa: DPP: hash component - hexdump(len=32):[0m
D (5232) wpa: 4d 24 d6 47 88 1c 75 09 18 34 1b 23 f3 00 03 40 [0m
D (5232) wpa: 5b 73 44 fb 8c 0f e0 21 56 11 88 a4 8d ff a0 4d [0m
D (5242) wpa: DPP: hash component - hexdump(len=32):[0m
D (5252) wpa: d5 dc 89 b7 72 6c 8f 4a 87 ea 2b e2 e9 83 53 a4 [0m
D (5252) wpa: 81 80 27 ad 9e 14 1e 0f 78 98 ff d6 10 79 4e c4 [0m
D (5262) wpa: DPP: hash component - hexdump(len=1):[0m
D (5262) wpa: 00 [0m
D (5262) wpa: DPP: R-auth - hexdump(len=32):[0m
D (5272) wpa: 7d aa 1d 7e 0c fd d1 48 86 23 ae ad 2a 53 08 dd [0m
D (5272) wpa: eb 31 e9 31 f9 dc e0 47 0d 9f 2c fc 33 7b 08 fd [0m
D (5282) wpa: DPP: {R-auth}ke - hexdump(len=52):[0m
D (5292) wpa: bc b5 9b 70 33 3f 13 8b ef fa 1d a9 50 44 9c 39 [0m
D (5292) wpa: 65 18 dc e7 9d 06 40 b6 d7 1e ba b9 00 dc 54 de [0m
D (5302) wpa: 37 46 6b ae de 63 ef 79 b6 c7 a6 a1 4f 56 2c a6 [0m
D (5302) wpa: 4f da dd 48 [0m
D (5312) wpa: Setting auth resp retry to 0 0 [0m
D (5312) wpa: DPP: Status 0[0m
D (5312) wpa: DPP: R-Bootstrap Key Hash[0m
D (5322) wpa: DDP: AES-SIV AD[0] - hexdump(len=6):[0m
D (5322) wpa: 50 6f 9a 1a 01 01 [0m
D (5322) wpa: DDP: AES-SIV AD[1] - hexdump(len=109):[0m
D (5332) wpa: 00 10 01 00 00 02 10 20 00 09 d5 19 e8 72 8a 60 [0m
D (5342) wpa: 59 f6 23 b6 e4 cf 7c 33 78 1a 72 f5 aa e9 33 40 [0m
D (5342) wpa: 76 0d 78 a7 97 f9 1f 5d 38 09 10 40 00 4d 24 d6 [0m
D (5352) wpa: 47 88 1c 75 09 18 34 1b 23 f3 00 03 40 5b 73 44 [0m
D (5352) wpa: fb 8c 0f e0 21 56 11 88 a4 8d ff a0 4d cc 34 8d [0m
D (5362) wpa: 30 8b 31 ec 9f 02 1c 1b db 51 49 3c c7 af 05 5d [0m
D (5372) wpa: 00 d7 90 79 62 be 82 a6 b1 ed cb a8 d2 [0m
D (5372) wpa: DPP: AES-SIV cleartext - hexdump(len=101):[0m
D (5382) wpa: 07 10 10 00 ba 81 a0 61 0d 85 6b 28 52 85 18 c9 [0m
D (5382) wpa: 3b ea 07 73 05 10 10 00 d7 39 91 fa 09 40 61 ea [0m
D (5392) wpa: 9e c3 84 a8 c8 69 8e f4 08 10 01 00 01 04 10 34 [0m
D (5392) wpa: 00 bc b5 9b 70 33 3f 13 8b ef fa 1d a9 50 44 9c [0m
D (5402) wpa: 39 65 18 dc e7 9d 06 40 b6 d7 1e ba b9 00 dc 54 [0m
D (5412) wpa: de 37 46 6b ae de 63 ef 79 b6 c7 a6 a1 4f 56 2c [0m
D (5412) wpa: a6 4f da dd 48 [0m
D (5422) wpa: DPP: AES-SIV ciphertext - hexdump(len=117):[0m
D (5422) wpa: a2 0c cd 7a b3 54 57 bd 80 91 ef 02 89 53 ab c1 [0m
D (5432) wpa: 4f 15 ac 16 41 a1 d5 13 d7 85 8d ec 76 c0 46 6a [0m
D (5432) wpa: 41 e5 f7 33 7a e2 c8 3f 35 1c 7c 37 49 54 f4 19 [0m
D (5442) wpa: 1e 97 56 60 b7 bb 38 82 df a9 02 76 6e d8 8a de [0m
D (5442) wpa: 77 7b 65 a7 55 36 a1 ba a6 0c d0 e9 aa 24 54 24 [0m
D (5452) wpa: b0 e0 05 6b 31 26 e5 6f 8f 48 47 d7 3b fd 05 09 [0m
D (5462) wpa: 7a 6e ab f9 11 d5 bb aa b3 1a 6b 4d 22 ba 6c 7b [0m
D (5462) wpa: eb f2 5b 94 ef [0m
D (5462) wpa: DPP: Authentication Response frame attributes - hexdump(len=238):[0m
D (5472) wpa: 04 09 50 6f 9a 1a 01 01 00 10 01 00 00 02 10 20 [0m
D (5482) wpa: 00 09 d5 19 e8 72 8a 60 59 f6 23 b6 e4 cf 7c 33 [0m
D (5482) wpa: 78 1a 72 f5 aa e9 33 40 76 0d 78 a7 97 f9 1f 5d [0m
D (5492) wpa: 38 09 10 40 00 4d 24 d6 47 88 1c 75 09 18 34 1b [0m
D (5502) wpa: 23 f3 00 03 40 5b 73 44 fb 8c 0f e0 21 56 11 88 [0m
D (5502) wpa: a4 8d ff a0 4d cc 34 8d 30 8b 31 ec 9f 02 1c 1b [0m
D (5512) wpa: db 51 49 3c c7 af 05 5d 00 d7 90 79 62 be 82 a6 [0m
D (5512) wpa: b1 ed cb a8 d2 04 10 75 00 a2 0c cd 7a b3 54 57 [0m
D (5522) wpa: bd 80 91 ef 02 89 53 ab c1 4f 15 ac 16 41 a1 d5 [0m
D (5522) wpa: 13 d7 85 8d ec 76 c0 46 6a 41 e5 f7 33 7a e2 c8 [0m
D (5532) wpa: 3f 35 1c 7c 37 49 54 f4 19 1e 97 56 60 b7 bb 38 [0m
D (5542) wpa: 82 df a9 02 76 6e d8 8a de 77 7b 65 a7 55 36 a1 [0m
D (5542) wpa: ba a6 0c d0 e9 aa 24 54 24 b0 e0 05 6b 31 26 e5 [0m
D (5552) wpa: 6f 8f 48 47 d7 3b fd 05 09 7a 6e ab f9 11 d5 bb [0m
D (5552) wpa: aa b3 1a 6b 4d 22 ba 6c 7b eb f2 5b 94 ef [0m
D (5562) wpa: DPP: Mgmt Tx - MAC:1e:c5:3a:6f:c3:50, Channel-6, WaitT-600[0m
V (5572) esp_adapter: thread sem get: sem=0x3fcb281c[0m
D (5572) wifi:Send frame on channel 6 to 1e:c5:3a:6f:c3:50

V (5582) wifi:change: chan<6,0>, dur<0,600>
V (5582) wifi:ht20 freq=2437, chan=6
V (5582) wifi:enter start op, arg=0x3fcb42f0
D (5592) wifi:offchan_txop_start : 143
V (5592) wifi:start max timer
D (5602) wifi:tx_mgmt cb : 1636 status 1 
D (5602) wifi:tx data done, now:5619858
D (5602) wifi:woke up
D (5602) wpa: DPP: Rx Public Action frame: action - 9[0m
D (5602) event: running post WIFI_EVENT:19 with handler 0x4200a710 and context 0x3fca7f14 on loop 0x3fca6c88[0m
D (5612) wpa: DPP: Authentication Confirmation from 1e:c5:3a:6f:c3:50[0m
D (5622) event: running post WIFI_EVENT:19 with handler 0x4201563c and context 0x3fcb24dc on loop 0x3fca6c88[0m
D (5632) wpa: ELOOP: esp_dpp_rx_auth_conf:278 called to remove timer handler=0x4201551c, removed count=0[0m
D (5632) wpa: Mgmt Tx Status - 0, Cookie - 0x42014ad0[0m
D (5642) wpa: DPP: Wrapped data - hexdump(len=52):[0m
D (5652) wpa: 7e c5 ac e8 b9 66 34 02 29 44 a8 80 3a d6 08 62 [0m
D (5662) wpa: 61 d8 c2 71 3a 1a c5 11 d5 af 17 2b c9 30 e8 e3 [0m
D (5672) wpa: 5d 6f 6b c0 a4 c8 bb a1 d4 f6 d8 69 a1 1e 7e 84 [0m
D (5672) wpa: c7 6f 53 39 [0m
D (5672) wpa: DPP: Responder Bootstrapping Key Hash - hexdump(len=32):[0m
D (5682) wpa: 09 d5 19 e8 72 8a 60 59 f6 23 b6 e4 cf 7c 33 78 [0m
D (5692) wpa: 1a 72 f5 aa e9 33 40 76 0d 78 a7 97 f9 1f 5d 38 [0m
D (5692) wpa: DPP: Status 0[0m
D (5702) wpa: DDP: AES-SIV AD[0] - hexdump(len=6):[0m
D (5702) wpa: 50 6f 9a 1a 01 02 [0m
D (5702) wpa: DDP: AES-SIV AD[1] - hexdump(len=41):[0m
D (5712) wpa: 00 10 01 00 00 02 10 20 00 09 d5 19 e8 72 8a 60 [0m
D (5722) wpa: 59 f6 23 b6 e4 cf 7c 33 78 1a 72 f5 aa e9 33 40 [0m
D (5722) wpa: 76 0d 78 a7 97 f9 1f 5d 38 [0m
D (5732) wpa: DPP: AES-SIV ciphertext - hexdump(len=52):[0m
D (5732) wpa: 7e c5 ac e8 b9 66 34 02 29 44 a8 80 3a d6 08 62 [0m
D (5742) wpa: 61 d8 c2 71 3a 1a c5 11 d5 af 17 2b c9 30 e8 e3 [0m
D (5742) wpa: 5d 6f 6b c0 a4 c8 bb a1 d4 f6 d8 69 a1 1e 7e 84 [0m
D (5752) wpa: c7 6f 53 39 [0m
D (5752) wpa: DPP: AES-SIV cleartext - hexdump(len=36):[0m
D (5762) wpa: 0a 10 20 00 51 af 6a 92 22 bd 1d 1c ac e5 e3 f8 [0m
D (5762) wpa: ca b9 33 61 f6 dd e4 38 6c 94 26 f3 33 5e 13 8d [0m
D (5772) wpa: bf 6d 26 a6 [0m
V (5772) wpa: DPP: Attribute ID 100a len 32[0m
D (5782) wpa: DPP: Received Initiator Authenticating Tag - hexdump(len=32):[0m
D (5782) wpa: 51 af 6a 92 22 bd 1d 1c ac e5 e3 f8 ca b9 33 61 [0m
D (5792) wpa: f6 dd e4 38 6c 94 26 f3 33 5e 13 8d bf 6d 26 a6 [0m
D (5792) wpa: DPP: I-auth hash components[0m
D (5802) wpa: DPP: hash component - hexdump(len=16):[0m
D (5802) wpa: ba 81 a0 61 0d 85 6b 28 52 85 18 c9 3b ea 07 73 [0m
D (5812) wpa: DPP: hash component - hexdump(len=16):[0m
D (5812) wpa: d7 39 91 fa 09 40 61 ea 9e c3 84 a8 c8 69 8e f4 [0m
D (5822) wpa: DPP: hash component - hexdump(len=32):[0m
D (5832) wpa: 4d 24 d6 47 88 1c 75 09 18 34 1b 23 f3 00 03 40 [0m
D (5832) wpa: 5b 73 44 fb 8c 0f e0 21 56 11 88 a4 8d ff a0 4d [0m
D (5842) wpa: DPP: hash component - hexdump(len=32):[0m
D (5842) wpa: 8e c0 a3 3a a0 cb ff ff b2 51 d3 c0 47 85 6d 9a [0m
D (5852) wpa: 10 a0 55 f0 cc f1 80 4c 56 48 32 11 72 03 ed 9f [0m
D (5852) wpa: DPP: hash component - hexdump(len=32):[0m
D (5862) wpa: d5 dc 89 b7 72 6c 8f 4a 87 ea 2b e2 e9 83 53 a4 [0m
D (5862) wpa: 81 80 27 ad 9e 14 1e 0f 78 98 ff d6 10 79 4e c4 [0m
D (5872) wpa: DPP: hash component - hexdump(len=1):[0m
D (5882) wpa: 01 [0m
D (5882) wpa: DPP: I-auth - hexdump(len=32):[0m
D (5882) wpa: 51 af 6a 92 22 bd 1d 1c ac e5 e3 f8 ca b9 33 61 [0m
D (5892) wpa: f6 dd e4 38 6c 94 26 f3 33 5e 13 8d bf 6d 26 a6 [0m
D (5892) wpa: DPP: Calculated Initiator Authenticating Tag - hexdump(len=32):[0m
D (5902) wpa: 51 af 6a 92 22 bd 1d 1c ac e5 e3 f8 ca b9 33 61 [0m
D (5912) wpa: f6 dd e4 38 6c 94 26 f3 33 5e 13 8d bf 6d 26 a6 [0m
D (5912) wpa: DPP: Authentication success - clear temporary keys[0m
D (5922) wpa: DPP: Build configuration request[0m
D (5922) wpa: DPP: E-nonce - hexdump(len=16):[0m
D (5932) wpa: 97 0c c5 0a 20 d0 b7 48 2b 1d c7 42 9c 8e d9 f4 [0m
D (5932) wpa: DPP: configRequest JSON - hexdump(len=71):[0m
D (5942) wpa: 7b 22 6e 61 6d 65 22 3a 22 54 65 73 74 22 2c 22 [0m
D (5942) wpa: 77 69 2d 66 69 5f 74 65 63 68 22 3a 22 69 6e 66 [0m
D (5952) wpa: 72 61 22 2c 22 6e 65 74 52 6f 6c 65 22 3a 22 73 [0m
D (5962) wpa: 74 61 22 2c 22 62 61 6e 64 53 75 70 70 6f 72 74 [0m
D (5962) wpa: 22 3a 5b 38 31 5d 7d [0m
D (5972) wpa: DPP: AES-SIV cleartext - hexdump(len=95):[0m
D (5972) wpa: 14 10 10 00 97 0c c5 0a 20 d0 b7 48 2b 1d c7 42 [0m
D (5982) wpa: 9c 8e d9 f4 0e 10 47 00 7b 22 6e 61 6d 65 22 3a [0m
D (5982) wpa: 22 54 65 73 74 22 2c 22 77 69 2d 66 69 5f 74 65 [0m
D (5992) wpa: 63 68 22 3a 22 69 6e 66 72 61 22 2c 22 6e 65 74 [0m
D (5992) wpa: 52 6f 6c 65 22 3a 22 73 74 61 22 2c 22 62 61 6e [0m
D (6002) wpa: 64 53 75 70 70 6f 72 74 22 3a 5b 38 31 5d 7d [0m
D (6012) wpa: DPP: AES-SIV ciphertext - hexdump(len=111):[0m
D (6012) wpa: a6 57 5e 20 3b 0e 53 42 88 4b dd 25 32 86 3f 5a [0m
D (6022) wpa: c4 9b 97 88 40 d3 f4 ee 7f 4d f8 13 2e ba 2f 34 [0m
D (6022) wpa: 4a 66 cc d7 94 92 d8 14 31 34 46 71 c5 af ff 00 [0m
D (6032) wpa: 4a dc 38 2d 08 8a fc e3 c3 87 72 3b 1c 16 37 b7 [0m
D (6042) wpa: b6 e9 10 11 71 af b5 c0 1e 44 9f c7 d3 87 21 f9 [0m
D (6042) wpa: a5 41 d0 86 ec a1 68 9b b0 a1 c1 32 e9 aa 4e 6f [0m
D (6052) wpa: ce bd 72 a2 53 d3 1f 0e bb 76 69 4b a4 2d 2a [0m
D (6052) wpa: DPP: Configuration Request frame attributes - hexdump(len=115):[0m
D (6062) wpa: 04 10 6f 00 a6 57 5e 20 3b 0e 53 42 88 4b dd 25 [0m
D (6072) wpa: 32 86 3f 5a c4 9b 97 88 40 d3 f4 ee 7f 4d f8 13 [0m
D (6072) wpa: 2e ba 2f 34 4a 66 cc d7 94 92 d8 14 31 34 46 71 [0m
D (6082) wpa: c5 af ff 00 4a dc 38 2d 08 8a fc e3 c3 87 72 3b [0m
D (6082) wpa: 1c 16 37 b7 b6 e9 10 11 71 af b5 c0 1e 44 9f c7 [0m
D (6092) wpa: d3 87 21 f9 a5 41 d0 86 ec a1 68 9b b0 a1 c1 32 [0m
D (6102) wpa: e9 aa 4e 6f ce bd 72 a2 53 d3 1f 0e bb 76 69 4b [0m
D (6102) wpa: a4 2d 2a [0m
V (6102) wpa: DPP: GAS Config Request - hexdump(len=130):[0m
V (6112) wpa: 04 0a 00 6c 08 7f dd 05 50 6f 9a 1a 01 73 00 04 [0m
V (6122) wpa: 10 6f 00 a6 57 5e 20 3b 0e 53 42 88 4b dd 25 32 [0m
V (6122) wpa: 86 3f 5a c4 9b 97 88 40 d3 f4 ee 7f 4d f8 13 2e [0m
V (6132) wpa: ba 2f 34 4a 66 cc d7 94 92 d8 14 31 34 46 71 c5 [0m
V (6132) wpa: af ff 00 4a dc 38 2d 08 8a fc e3 c3 87 72 3b 1c [0m
V (6142) wpa: 16 37 b7 b6 e9 10 11 71 af b5 c0 1e 44 9f c7 d3 [0m
V (6142) wpa: 87 21 f9 a5 41 d0 86 ec a1 68 9b b0 a1 c1 32 e9 [0m
V (6152) wpa: aa 4e 6f ce bd 72 a2 53 d3 1f 0e bb 76 69 4b a4 [0m
V (6162) wpa: 2d 2a [0m
D (6162) wpa: DPP: GAS request to 1e:c5:3a:6f:c3:50 (chan 6)[0m
D (6162) wpa: DPP: Mgmt Tx - MAC:1e:c5:3a:6f:c3:50, Channel-6, WaitT-600[0m
V (6172) esp_adapter: thread sem get: sem=0x3fcb281c[0m
D (6182) wifi:OFFCHAN-Tx: Ending op at 5.0, returning to Channel 1
V (6182) wifi:back home chan=<1,0>, current chan=<6,0>
V (6192) wifi:ht20 freq=2412, chan=1
D (6192) wifi:Send frame on channel 6 to 1e:c5:3a:6f:c3:50

V (6202) wifi:change: chan<6,0>, dur<0,600>
V (6202) wifi:ht20 freq=2437, chan=6
V (6202) wifi:enter start op, arg=0x3fcb4284
D (6212) wifi:offchan_txop_start : 143
V (6212) wifi:start max timer
D (6212) wpa: ELOOP: Added one timer from esp_dpp_rx_auth_conf:291 to call 0x42014bdc, current order=0[0m
D (6302) wifi:tx_mgmt cb : 1636 status 2 
D (6302) wifi:tx data done, now:6321676
D (6302) wifi:woke up
D (6302) event: running post WIFI_EVENT:19 with handler 0x4200a710 and context 0x3fca7f14 on loop 0x3fca6c88[0m
D (6312) event: running post WIFI_EVENT:19 with handler 0x4201563c and context 0x3fcb24dc on loop 0x3fca6c88[0m
D (6322) wpa: Mgmt Tx Status - 1, Cookie - 0x42014ad0[0m
D (6322) wpa: DPP: Failed offchan tx[0m
D (6332) wpa: ELOOP: offchan_event_handler:605 called to remove timer handler=0x4201551c, removed count=0[0m
[0;32mI (6342) wifi dpp-enrollee: DPP Auth failed (Reason: ESP_ERR_DPP_TX_FAILURE), retry...[0m
V (6342) esp_adapter: thread sem get: sem=0x3fcb281c[0m
D (6352) wifi:ROC is already in progress. Cannot start new operation.
[0;31mE (6362) wpa: previous roc in progress : 0x301c[0m
D (6812) wifi:OFFCHAN-Tx: Ending op at 6.0, returning to Channel 1
V (6812) wifi:back home chan=<1,0>, current chan=<6,0>
V (6812) wifi:ht20 freq=2412, chan=1
