Executing action: monitor
Serial port /dev/ttyUSB0
Connecting....
Detecting chip type... ESP32-S3
Running idf_monitor in directory /home/corfu/mpc/corfu/dpp_test_auth_retries
Executing "/home/corfu/.espressif/python_env/idf5.2_py3.10_env/bin/python /home/corfu/esp/esp-idf/tools/idf_monitor.py -p /dev/ttyUSB0 -b 115200 --toolchain-prefix xtensa-esp32-elf- --target esp32 --revision 0 /home/corfu/mpc/corfu/dpp_test_auth_retries/build/dpp-enrollee.elf -m '/home/corfu/.espressif/python_env/idf5.2_py3.10_env/bin/python' '/home/corfu/esp/esp-idf/tools/idf.py'"...
ESP-ROM:esp32s3-20210327
Build:Mar 27 2021
rst:0x1 (POWERON),boot:0x8 (SPI_FAST_FLASH_BOOT)
SPIWP:0xee
mode:DIO, clock div:1
load:0x3fce3810,len:0x178c
load:0x403c9700,len:0x4
load:0x403c9704,len:0xcbc
load:0x403cc700,len:0x2da0
entry 0x403c9914
[0;32mI (27) boot: ESP-IDF v5.2.1-1-g25b86f7c6a-dirty 2nd stage bootloader[0m
[0;32mI (27) boot: compile time Sep 13 2024 16:06:08[0m
[0;32mI (27) boot: Multicore bootloader[0m
[0;32mI (32) boot: chip revision: v0.2[0m
[0;32mI (35) boot.esp32s3: Boot SPI Speed : 80MHz[0m
[0;32mI (40) boot.esp32s3: SPI Mode       : DIO[0m
[0;32mI (45) boot.esp32s3: SPI Flash Size : 2MB[0m
[0;32mI (50) boot: Enabling RNG early entropy source...[0m
[0;32mI (55) boot: Partition Table:[0m
[0;32mI (59) boot: ## Label            Usage          Type ST Offset   Length[0m
[0;32mI (66) boot:  0 nvs              WiFi data        01 02 00009000 00006000[0m
[0;32mI (73) boot:  1 phy_init         RF data          01 01 0000f000 00001000[0m
[0;32mI (81) boot:  2 factory          factory app      00 00 00010000 00100000[0m
[0;32mI (88) boot: End of partition table[0m
[0;32mI (93) esp_image: segment 0: paddr=00010020 vaddr=3c0a0020 size=33ae0h (211680) map[0m
[0;32mI (139) esp_image: segment 1: paddr=00043b08 vaddr=3fc97f00 size=04830h ( 18480) load[0m
[0;32mI (143) esp_image: segment 2: paddr=00048340 vaddr=40374000 size=07cd8h ( 31960) load[0m
[0;32mI (152) esp_image: segment 3: paddr=00050020 vaddr=42000020 size=98cf0h (625904) map[0m
[0;32mI (265) esp_image: segment 4: paddr=000e8d18 vaddr=4037bcd8 size=0c1e4h ( 49636) load[0m
[0;32mI (290) boot: Loaded app from partition at offset 0x10000[0m
[0;32mI (290) boot: Disabling RNG early entropy source...[0m
[0;32mI (301) cpu_start: Multicore app[0m
V (302) mmap: after coalescing, 1 regions are left[0m
D (302) cpu_start: Pro cpu up[0m
D (302) cpu_start: Starting app cpu, entry point is 0x4037532c[0m
D (0) cpu_start: App cpu up[0m
V CACHE_ERR: illegal error intr clr & ena mask is: 0x3f
V CACHE_ERR: coreD1 3ccess lkrror _Sntr clr & ena maiok is: 0x14311104[0m
V CACHE_ERR: illegal error intr clr & ena mask is: 0x3f
V CACHE_ERR: core 0 access error intr clr & ena mask is: 0x1f
[0;32mI (334) cpu_start: Pro cpu start user code[0m
[0;32mI (338) cpu_start: cpu freq: 160000000 Hz[0m
[0;32mI (342) cpu_start: Application information:[0m
[0;32mI (347) cpu_start: Project name:     dpp-enrollee[0m
[0;32mI (353) cpu_start: App version:      v5.2.1-1-g25b86f7c6a-dirty[0m
[0;32mI (359) cpu_start: Compile time:     Sep 13 2024 16:06:24[0m
[0;32mI (365) cpu_start: ELF file SHA256:  178900882...[0m
[0;32mI (371) cpu_start: ESP-IDF:          v5.2.1-1-g25b86f7c6a-dirty[0m
[0;32mI (377) cpu_start: Min chip rev:     v0.0[0m
[0;32mI (382) cpu_start: Max chip rev:     v0.99 [0m
[0;32mI (387) cpu_start: Chip rev:         v0.2[0m
V (392) memory_layout: reserved range is 0x3c0d3ac0 - 0x3c0d3ae8[0m
D (398) memory_layout: Checking 6 reserved memory ranges:[0m
D (403) memory_layout: Reserved memory range 0x3fc84000 - 0x3fc97f00[0m
D (409) memory_layout: Reserved memory range 0x3fc97f00 - 0x3fca0388[0m
D (416) memory_layout: Reserved memory range 0x3fceee34 - 0x3fcf0000[0m
D (422) memory_layout: Reserved memory range 0x40374000 - 0x40387f00[0m
D (429) memory_layout: Reserved memory range 0x600fe000 - 0x600fe010[0m
D (435) memory_layout: Reserved memory range 0x600fffe8 - 0x60100000[0m
D (442) memory_layout: Building list of available memory regions:[0m
V (448) memory_layout: Examining memory region 0x3fc88000 - 0x3fc90000[0m
V (454) memory_layout: Region 0x3fc88000 - 0x3fc90000 inside of reserved 0x3fc84000 - 0x3fc97f00[0m
V (463) memory_layout: Examining memory region 0x3fc90000 - 0x3fca0000[0m
V (470) memory_layout: Start of region 0x3fc90000 - 0x3fca0000 overlaps reserved 0x3fc84000 - 0x3fc97f00[0m
V (479) memory_layout: Region 0x3fc97f00 - 0x3fca0000 inside of reserved 0x3fc97f00 - 0x3fca0388[0m
V (488) memory_layout: Examining memory region 0x3fca0000 - 0x3fcb0000[0m
V (495) memory_layout: Start of region 0x3fca0000 - 0x3fcb0000 overlaps reserved 0x3fc97f00 - 0x3fca0388[0m
D (504) memory_layout: Available memory region 0x3fca0388 - 0x3fcb0000[0m
V (511) memory_layout: Examining memory region 0x3fcb0000 - 0x3fcc0000[0m
D (517) memory_layout: Available memory region 0x3fcb0000 - 0x3fcc0000[0m
V (524) memory_layout: Examining memory region 0x3fcc0000 - 0x3fcd0000[0m
D (531) memory_layout: Available memory region 0x3fcc0000 - 0x3fcd0000[0m
V (537) memory_layout: Examining memory region 0x3fcd0000 - 0x3fce0000[0m
D (544) memory_layout: Available memory region 0x3fcd0000 - 0x3fce0000[0m
V (550) memory_layout: Examining memory region 0x3fce0000 - 0x3fce9710[0m
D (557) memory_layout: Available memory region 0x3fce0000 - 0x3fce9710[0m
V (564) memory_layout: Examining memory region 0x3fce9710 - 0x3fcf0000[0m
V (570) memory_layout: End of region 0x3fce9710 - 0x3fcf0000 overlaps reserved 0x3fceee34 - 0x3fcf0000[0m
D (580) memory_layout: Available memory region 0x3fce9710 - 0x3fceee34[0m
V (586) memory_layout: Examining memory region 0x3fcf0000 - 0x3fcf8000[0m
D (593) memory_layout: Available memory region 0x3fcf0000 - 0x3fcf8000[0m
V (599) memory_layout: Examining memory region 0x600fe000 - 0x60100000[0m
V (606) memory_layout: Start of region 0x600fe000 - 0x60100000 overlaps reserved 0x600fe000 - 0x600fe010[0m
V (616) memory_layout: End of region 0x600fe010 - 0x60100000 overlaps reserved 0x600fffe8 - 0x60100000[0m
D (625) memory_layout: Available memory region 0x600fe010 - 0x600fffe8[0m
[0;32mI (632) heap_init: Initializing. RAM available for dynamic allocation:[0m
D (639) heap_init: New heap initialised at 0x3fca0388[0m
[0;32mI (644) heap_init: At 3FCA0388 len 00049388 (292 KiB): RAM[0m
[0;32mI (650) heap_init: At 3FCE9710 len 00005724 (21 KiB): RAM[0m
D (656) heap_init: New heap initialised at 0x3fcf0000[0m
[0;32mI (661) heap_init: At 3FCF0000 len 00008000 (32 KiB): DRAM[0m
D (667) heap_init: New heap initialised at 0x600fe010[0m
[0;32mI (672) heap_init: At 600FE010 len 00001FD8 (7 KiB): RTCRAM[0m
V (679) intr_alloc: esp_intr_alloc_intrstatus (cpu 0): checking args[0m
V (685) intr_alloc: esp_intr_alloc_intrstatus (cpu 0): Args okay. Resulting flags 0x40E[0m
D (693) intr_alloc: Connected src 39 to int 2 (cpu 0)[0m
V (699) memspi: raw_chip_id: 1740C8
[0m
V (702) memspi: chip_id: C84017
[0m
V (705) memspi: raw_chip_id: 1740C8
[0m
V (709) memspi: chip_id: C84017
[0m
D (713) spi_flash: trying chip: issi[0m
D (716) spi_flash: trying chip: gd[0m
[0;32mI (720) spi_flash: detected chip: gd[0m
[0;32mI (724) spi_flash: flash io: dio[0m
[0;33mW (728) spi_flash: Detected size(8192k) larger than the size in the binary image header(2048k). Using the size in the binary image header.[0m
D (741) cpu_start: calling init function: 0x42074cfc[0m
D (746) cpu_start: calling init function: 0x420747ac[0m
D (751) cpu_start: calling init function: 0x4202ca94[0m
D (756) cpu_start: calling init function: 0x4200e438[0m
D (761) cpu_start: calling init function: 0x4037ba1c[0m
D (766) cpu_start: calling init function: 0x42002f0c[0m
D (771) cpu_start: calling init function: 0x42008640 on core: 0[0m
V (777) intr_alloc: esp_intr_alloc_intrstatus (cpu 0): checking args[0m
V (784) intr_alloc: esp_intr_alloc_intrstatus (cpu 0): Args okay. Resulting flags 0xC02[0m
D (792) intr_alloc: Connected src 59 to int 3 (cpu 0)[0m
D (797) cpu_start: calling init function: 0x42005f68 on core: 0[0m
[0;32mI (803) sleep: Configure to isolate all GPIO pins in sleep state[0m
[0;32mI (810) sleep: Enable automatic switching of GPIO sleep configuration[0m
D (817) cpu_start: calling init function: 0x420042a4 on core: 0[0m
V (823) intr_alloc: esp_intr_alloc_intrstatus (cpu 0): checking args[0m
V (829) intr_alloc: esp_intr_alloc_intrstatus (cpu 0): Args okay. Resulting flags 0x40E[0m
D (837) intr_alloc: Connected src 79 to int 9 (cpu 0)[0m
D (842) app_start: Starting scheduler on CPU0[0m
V (847) intr_alloc: esp_intr_alloc_intrstatus (cpu 0): checking args[0m
V (847) intr_alloc: esp_intr_alloc_intrstatus (cpu 0): Args okay. Resulting flags 0x402[0m
D (847) intr_alloc: Connected src 57 to int 12 (cpu 0)[0m
V (847) intr_alloc: esp_intr_alloc_intrstatus (cpu 1): checking args[0m
V (857) intr_alloc: esp_intr_alloc_intrstatus (cpu 1): Args okay. Resulting flags 0x40E[0m
D (857) intr_alloc: Connected src 80 to int 2 (cpu 1)[0m
D (867) app_start: Starting scheduler on CPU1[0m
V (867) intr_alloc: esp_intr_alloc_intrstatus (cpu 1): checking args[0m
V (877) intr_alloc: esp_intr_alloc_intrstatus (cpu 1): Args okay. Resulting flags 0x402[0m
D (887) intr_alloc: Connected src 58 to int 3 (cpu 1)[0m
[0;32mI (847) main_task: Started on CPU0[0m
D (897) heap_init: New heap initialised at 0x3fce9710[0m
V (897) intr_alloc: esp_intr_alloc_intrstatus (cpu 0): checking args[0m
V (907) intr_alloc: esp_intr_alloc_intrstatus (cpu 0): Args okay. Resulting flags 0xE[0m
D (917) intr_alloc: Connected src 52 to int 13 (cpu 0)[0m
[0;32mI (917) main_task: Calling app_main()[0m
V (927) partition: Loading the partition table[0m
V (927) mmap: actual_mapped_len is 0x10000[0m
V (937) calculated md5: 0x3fca3f38   f4 ad 4f 45 38 56 4b 5d  74 35 b6 2c 75 b6 95 24  |..OE8VK]t5.,u..$|[0m
V (947) stored md5: 0x3c0e8070   f4 ad 4f 45 38 56 4b 5d  74 35 b6 2c 75 b6 95 24  |..OE8VK]t5.,u..$|[0m
V (947) partition: Partition table MD5 verified[0m
D (977) esp_netif_lwip: LwIP stack has been initialized[0m
D (977) esp_netif_lwip: esp-netif has been successfully initialized[0m
D (977) event: running task for loop 0x3fca6d0c[0m
D (987) event: created task for loop 0x3fca6d0c[0m
D (987) event: created event loop 0x3fca6d0c[0m
D (997) esp_netif_lwip: check: remote, if=0x3fca3f70 fn=0x42013448[0m
V (997) esp_netif_objects: esp_netif_add_to_list_unsafe 0x3fca7c34[0m
D (1007) esp_netif_objects: esp_netif_add_to_list_unsafe netif added successfully (total netifs: 1)[0m
D (1017) esp_netif_lwip: call api in lwip: ret=0x0, give sem[0m
pp rom version: e7ae62f
net80211 rom version: e7ae62f
D (1027) nvs: nvs_open_from_partition misc 1[0m
I (1037) wifi:wifi driver task: 3fcaa654, prio:23, stack:6656, core=0
V (1037) esp_adapter: thread sem create: sem=0x3fcaa7ac[0m
V (1037) esp_adapter: thread sem get: sem=0x3fcaa7ac[0m
D (1047) efuse: In EFUSE_BLK1__DATA1_REG is used 8 bits starting with 8 bit[0m
D (1057) efuse: In EFUSE_BLK1__DATA1_REG is used 8 bits starting with 0 bit[0m
D (1057) efuse: In EFUSE_BLK1__DATA0_REG is used 8 bits starting with 24 bit[0m
D (1067) efuse: In EFUSE_BLK1__DATA0_REG is used 8 bits starting with 16 bit[0m
D (1077) efuse: In EFUSE_BLK1__DATA0_REG is used 8 bits starting with 8 bit[0m
D (1087) efuse: In EFUSE_BLK1__DATA0_REG is used 8 bits starting with 0 bit[0m
D (1087) nvs: nvs_open_from_partition nvs.net80211 1[0m
D (1097) nvs: nvs_get opmode 1[0m
D (1097) nvs: nvs_get_str_or_blob sta.ssid[0m
D (1107) nvs: nvs_get sta.authmode 1[0m
D (1107) nvs: nvs_get_str_or_blob sta.pswd[0m
D (1107) nvs: nvs_get_str_or_blob sta.pmk[0m
D (1117) nvs: nvs_get sta.chan 1[0m
D (1117) nvs: nvs_get auto.conn 1[0m
D (1117) nvs: nvs_get bssid.set 1[0m
D (1127) nvs: nvs_get_str_or_blob sta.bssid[0m
D (1127) nvs: nvs_get sta.lis_intval 2[0m
D (1127) nvs: nvs_get sta.phym 1[0m
D (1137) nvs: nvs_get sta.phybw 1[0m
D (1137) nvs: nvs_get_str_or_blob sta.apsw[0m
D (1147) nvs: nvs_get_str_or_blob sta.apinfo[0m
D (1147) nvs: nvs_get sta.scan_method 1[0m
D (1147) nvs: nvs_get sta.sort_method 1[0m
D (1157) nvs: nvs_get sta.minrssi 1[0m
D (1157) nvs: nvs_get sta.minauth 1[0m
D (1167) nvs: nvs_get sta.pmf_e 1[0m
D (1167) nvs: nvs_get sta.pmf_r 1[0m
D (1167) nvs: nvs_get sta.btm_e 1[0m
D (1177) nvs: nvs_get sta.rrm_e 1[0m
D (1177) nvs: nvs_get sta.mbo_e 1[0m
D (1177) nvs: nvs_get_str_or_blob ap.ssid[0m
D (1187) nvs: nvs_get_str_or_blob ap.passwd[0m
D (1187) nvs: nvs_get_str_or_blob ap.pmk[0m
D (1187) nvs: nvs_get ap.chan 1[0m
D (1197) nvs: nvs_get ap.authmode 1[0m
D (1197) nvs: nvs_get ap.hidden 1[0m
D (1197) nvs: nvs_get ap.max.conn 1[0m
D (1207) nvs: nvs_get bcn.interval 2[0m
D (1207) nvs: nvs_get ap.phym 1[0m
D (1207) nvs: nvs_get ap.phybw 1[0m
D (1217) nvs: nvs_get ap.sndchan 1[0m
D (1217) nvs: nvs_get ap.pmf_e 1[0m
D (1217) nvs: nvs_get ap.pmf_r 1[0m
D (1227) nvs: nvs_get ap.p_cipher 1[0m
D (1227) nvs: nvs_get lorate 1[0m
D (1227) nvs: nvs_get_str_or_blob country[0m
D (1237) nvs: nvs_get ap.ftm_r 1[0m
D (1237) nvs: nvs_get sta.ft 1[0m
D (1247) nvs: nvs_get sta.owe 1[0m
D (1247) nvs: nvs_get sta.trans_d 1[0m
D (1247) nvs: nvs_get sta.sae_h2e 1[0m
D (1257) nvs: nvs_get sta.sae_pk_mode 1[0m
D (1257) nvs: nvs_get sta.bss_retry 1[0m
D (1257) nvs: nvs_get_str_or_blob sta.owe_data[0m
D (1267) nvs: nvs_get sta.he_dcm 1[0m
D (1267) nvs: nvs_get sta.he_dcm_c_tx 1[0m
D (1277) nvs: nvs_get sta.he_dcm_c_rx 1[0m
D (1277) nvs: nvs_get sta.he_mcs9_d 1[0m
D (1277) nvs: nvs_get sta.he_su_b_d 1[0m
D (1287) nvs: nvs_get sta.he_su_b_f_d 1[0m
D (1287) nvs: nvs_get sta.he_mu_b_f_d 1[0m
D (1287) nvs: nvs_get sta.he_cqi_f_d 1[0m
D (1297) nvs: nvs_get_str_or_blob sta.sae_h2e_id[0m
D (1297) nvs: nvs_get ap.sae_h2e 1[0m
D (1307) nvs: nvs_get_str_or_blob ap.pmk_info[0m
D (1307) nvs: nvs_get nan.phym 1[0m
D (1307) nvs: nvs_set ap.sndchan 1 1[0m
I (1317) wifi:wifi firmware version: a9f5b59-dirty
I (1317) wifi:wifi certification version: v7.0
I (1327) wifi:config NVS flash: enabled
I (1327) wifi:config nano formating: disabled
I (1327) wifi:Init data frame dynamic rx buffer num: 32
I (1337) wifi:Init static rx mgmt buffer num: 5
I (1337) wifi:Init management short buffer num: 32
I (1347) wifi:Init dynamic tx buffer num: 32
I (1347) wifi:Init static tx FG buffer num: 2
I (1357) wifi:Init static rx buffer size: 1600
I (1357) wifi:Init static rx buffer num: 10
I (1357) wifi:Init dynamic rx buffer num: 32
V (1367) wifi:hint=255, act_dur=<0,120>, pas_dur=360, nchans=14 history_num=0
V (1377) esp_adapter: thread sem get: sem=0x3fcaa7ac[0m
[0;32mI (1377) wifi_init: rx ba win: 6[0m
[0;32mI (1377) wifi_init: tcpip mbox: 32[0m
[0;32mI (1387) wifi_init: udp mbox: 6[0m
[0;32mI (1387) wifi_init: tcp mbox: 6[0m
[0;32mI (1397) wifi_init: tcp tx win: 5760[0m
[0;32mI (1397) wifi_init: tcp rx win: 5760[0m
[0;32mI (1397) wifi_init: tcp mss: 1440[0m
[0;32mI (1407) wifi_init: WiFi IRAM OP enabled[0m
[0;32mI (1407) wifi_init: WiFi RX IRAM OP enabled[0m
V (1417) esp_adapter: thread sem get: sem=0x3fcaa7ac[0m
D (1417) nvs: nvs_get opmode 1[0m
[0;32mI (1427) wpa: esp_dpp_task prio:2, stack:6656[0m
D (1427) wpa: private key - hexdump(len=0):[0m
D (1427) wpa:  [NULL][0m
D (1487) wpa: DPP: Generating a keypair[0m
[0;31mE (1487) wpa: curve: secp256r1[0m
[0;31mE (1487) wpa: prime len is 32[0m
[0;31mE (1487) wpa: Q_x: - hexdump(len=32):[0m
[0;31mE (1497) wpa: 89 a4 68 c2 09 fa cb b1 e3 2b 4d 17 a3 3e e9 3b [0m
[0;31mE (1497) wpa: eb e9 fe 48 e8 79 2d d7 d3 ea 21 07 04 d3 7f fa [0m
[0;31mE (1507) wpa: Q_y: - hexdump(len=32):[0m
[0;31mE (1507) wpa: d1 6a 79 b3 eb 68 f7 61 c2 bb 31 01 55 fb 93 af [0m
[0;31mE (1517) wpa: da 9b 4f 2b db 88 22 f1 ae a4 8b fc cc fb 10 bb [0m
[0;31mE (1527) wpa: d:      - hexdump(len=32):[0m
[0;31mE (1527) wpa: 7f e9 af 57 44 18 95 49 64 3e 9a 0e 30 97 01 5c [0m
[0;31mE (1537) wpa: db e8 96 24 96 22 f6 fb de 4e 1b 2e ab 11 59 03 [0m
D (1537) wpa: DPP: Compressed public key (DER) - hexdump(len=59):[0m
D (1547) wpa: 30 39 30 13 06 07 2a 86 48 ce 3d 02 01 06 08 2a [0m
D (1557) wpa: 86 48 ce 3d 03 01 07 03 22 00 03 89 a4 68 c2 09 [0m
D (1557) wpa: fa cb b1 e3 2b 4d 17 a3 3e e9 3b eb e9 fe 48 e8 [0m
D (1567) wpa: 79 2d d7 d3 ea 21 07 04 d3 7f fa [0m
D (1567) gdma: new group (0) at 0x3fcb2f74[0m
D (1577) gdma: new pair (0,0) at 0x3fcb2c80[0m
D (1577) gdma: new tx channel (0,0) at 0x3fcb2dd0[0m
D (1577) gdma: new rx channel (0,0) at 0x3fcb2ffc[0m
D (1587) gdma: tx channel (0,0), (1:16) bytes aligned, burst enabled[0m
D (1597) gdma: rx channel (0,0), (1:16) bytes aligned, burst disabled[0m
D (1597) wpa: DPP: Public key hash - hexdump(len=32):[0m
D (1607) wpa: 46 ed 38 f3 b2 26 87 e0 0a 66 06 f9 7f b2 c7 d9 [0m
D (1607) wpa: 54 e7 98 42 7e 24 4c dd 4a c0 03 3d 74 4b 13 f5 [0m
D (1617) wpa: DPP: URI mac: 84:fc:e6:7b:73:b8[0m
[0;32mI (1617) wifi dpp-enrollee: Scan below QR Code to configure the enrollee:[0m
[0;32mI (1627) QRCODE: Encoding below text with ECC LVL 0 & QR Code Version 10[0m
[0;32mI (1637) QRCODE: DPP:C:81/6;M:84:fc:e6:7b:73:b8;K:MDkwEwYHKoZIzj0CAQYIKoZIzj0DAQcDIgADiaRowgn6y7HjK00Xoz7pO+vp/kjoeS3X0+ohBwTTf/o=;;[0m
                                              
  █▀▀▀▀▀█ █▄    ▀▀▀█▀█▄▄▀▀  █▀▀█ ▄▀ █▀▀▀▀▀█   
  █ ███ █ █ ▄ ▀▀▄ ▀▄▄  ▀▀█▀▄▄ █▀█▀  █ ███ █   
  █ ▀▀▀ █ ▄ ▄ █ █ ▄▄██▀▄█ ▄▀█▀██▄▄▄ █ ▀▀▀ █   
  ▀▀▀▀▀▀▀ ▀▄█▄█ ▀▄█▄█▄▀▄▀▄▀ ▀ █▄▀ ▀ ▀▀▀▀▀▀▀   
  ▀▀▄ ▀▀▀▄▄ ▄ ▄▄▀▄█ ▄ ▄ █▀▀ ▀█▀█▄ ▀▄▄▀▄██▀█   
  ▄▀█ ▄█▀▄ ▄ ▄█ ▄█▄█▄▄ ▄ ▀█▀█▀▄▄ ▄▄▀▄▀▀   █   
   ▄ ▄▄▀▀█▄█▄ ▀█▀▀▄ ▀ ▄▄█▄▀ ▄▄▄▀▀█ ▄▄█▄▄▄▄▀   
  ▀ ▀▄█▄▀ ▀ ▄ ▄   ▀█▄▄▀█▀▀█  ▀ ██  ▀ ▀▀█ ▄█   
   ▀ ▄██▀    █▀▀▄▀▄▄  ▀ ▀█ ▄▀█▀▀▀▀▀▀ ▀▄▄▀ ▄   
  █▀█ ▀ ▀▀▄▄▀█▀█▀▀█ ▀▄ █▄▀▀ █▀ ▄█▄  ▀ █▄▀▄█   
  █  ▄  ▀ ▄▄█▀▄█▄▀▀ ▄ ▄▄██▀▀ ▄ ▀  ▄▀ ▀▄███    
   ▄▄▀  ▀  ▀▀█▀ ▀█▄█▄ ███▀▀▀▄██▄▀   ▄▀█▄▀▄█   
  ███▄▀█▀▄█   ▀█▄ █     ▀█▀█▄▄▀▀▀▀▄▄▄ ▄█▄▀    
  █▀▄  █▀ ████▄ ▄▀ █▄ ▀█▄█▄▀▄▀██  ▄█▄▄ ▀▀ █   
  ▄▀   ▀▀▄ ▄  ▀█▀▀▄▄▀ ▄█▀▄█ ▀██▄▄▀▄▀▄▄▄       
    ▀█▀▀▀▀▄▄█ ▄ ▄ ▀█▄▄█▄▀█ ▀▄▀▀▄ ▄▀█  ▀█▀ ▀   
  ▀▀    ▀ ██▄▀▀▀ █▄▄▄▄▀▀▀ ▀▄▀▄▀█▀ █▀▀▀█▄      
  █▀▀▀▀▀█ ▄  ▀▀█▀▀▄ ▀▄ ▄▄██▀▄▀█▄█▀█ ▀ █ ▀ ▀   
  █ ███ █ ▀▄▄ ▄█▄▀▀▄▄ ▀█ █▄▀ ▄█▀███▀▀█▀ ▄█▄   
  █ ▀▀▀ █ ▄█▄█▀ ▄█▄█▄▄█▄ █ ▀ ▀▄▄█ ▀▄ █ █▀▄█   
  ▀▀▀▀▀▀▀ ▀▀  ▀         ▀▀▀▀ ▀ ▀  ▀ ▀  ▀ ▀    
                                              

V (1947) esp_adapter: thread sem get: sem=0x3fcaa7ac[0m
[0;32mI (1947) phy_init: phy_version 640,cd64a1a,Jan 24 2024,17:28:12[0m
D (1957) phy_init: loading PHY init data from application binary[0m
D (1967) nvs: nvs_open_from_partition phy 0[0m
D (1967) nvs: nvs_get cal_version 4[0m
V (1967) phy_init: phy_get_rf_cal_version: 640[0m
D (1977) nvs: nvs_get_str_or_blob cal_mac[0m
D (1977) efuse: In EFUSE_BLK1__DATA1_REG is used 8 bits starting with 8 bit[0m
D (1987) efuse: In EFUSE_BLK1__DATA1_REG is used 8 bits starting with 0 bit[0m
D (1997) efuse: In EFUSE_BLK1__DATA0_REG is used 8 bits starting with 24 bit[0m
D (1997) efuse: In EFUSE_BLK1__DATA0_REG is used 8 bits starting with 16 bit[0m
D (2007) efuse: In EFUSE_BLK1__DATA0_REG is used 8 bits starting with 8 bit[0m
D (2017) efuse: In EFUSE_BLK1__DATA0_REG is used 8 bits starting with 0 bit[0m
D (2017) nvs: nvs_get_str_or_blob cal_data[0m
D (2037) nvs: nvs_close 3[0m
D (2037) efuse: In EFUSE_BLK1__DATA1_REG is used 8 bits starting with 8 bit[0m
D (2037) efuse: In EFUSE_BLK1__DATA1_REG is used 8 bits starting with 0 bit[0m
D (2037) efuse: In EFUSE_BLK1__DATA0_REG is used 8 bits starting with 24 bit[0m
D (2047) efuse: In EFUSE_BLK1__DATA0_REG is used 8 bits starting with 16 bit[0m
D (2057) efuse: In EFUSE_BLK1__DATA0_REG is used 8 bits starting with 8 bit[0m
D (2067) efuse: In EFUSE_BLK1__DATA0_REG is used 8 bits starting with 0 bit[0m
D (2087) temperature_sensor: range changed, change to index 2[0m
V (2097) wifi:ht20 freq=2412, chan=1
D (2097) wifi:filter: set rx policy=0
I (2097) wifi:mode : sta (84:fc:e6:7b:73:b8)
I (2107) wifi:enable tsf
D (2107) wifi:filter: set rx policy=1
D (2107) wifi:connect status 0 -> 0
D (2107) event: running post WIFI_EVENT:40 with handler 0x4200a710 and context 0x3fca7f98 on loop 0x3fca6d0c[0m
D (2117) event: running post WIFI_EVENT:2 with handler 0x4202cce4 and context 0x3fca7e30 on loop 0x3fca6d0c[0m
D (2127) wifi_init_default: wifi_start esp-netif:0x3fca7c34 event-id2[0m
D (2137) wifi_init_default: WIFI mac address: 84 fc e6 7b 73 b8[0m
V (2137) esp_adapter: thread sem create: sem=0x3fcb27f0[0m
V (2147) esp_adapter: thread sem get: sem=0x3fcb27f0[0m
D (2157) esp_netif_lwip: check: remote, if=0x3fca7c34 fn=0x42012e34[0m
D (2157) esp_netif_lwip: call api in lwip: ret=0x0, give sem[0m
D (2167) esp_netif_handlers: esp_netif action has started with netif0x3fca7c34 from event_id=2[0m
D (2177) esp_netif_lwip: check: remote, if=0x3fca7c34 fn=0x42013700[0m
D (2177) esp_netif_lwip: esp_netif_start_api 0x3fca7c34[0m
D (2187) esp_netif_lwip: esp_netif_get_hostname esp_netif:0x3fca7c34[0m
D (2187) esp_netif_lwip: check: local, if=0x3fca7c34 fn=0x42013ea4[0m
D (2197) esp_netif_lwip: esp_netif_update_default_netif_lwip 0x3fca7c34[0m
V (2207) esp_netif_lwip: esp_netif_is_netif_up esp_netif:0x3fca7c34[0m
D (2207) esp_netif_lwip: call api in lwip: ret=0x0, give sem[0m
D (2217) event: running post WIFI_EVENT:2 with handler 0x4200a710 and context 0x3fca7f98 on loop 0x3fca6d0c[0m
[0;32mI (2227) wifi dpp-enrollee: Started listening for DPP Authentication[0m
V (2227) esp_adapter: thread sem create: sem=0x3fcb28a0[0m
V (2237) esp_adapter: thread sem get: sem=0x3fcb28a0[0m
D (2247) wifi:Listen on channel 6 for 500 mSec
V (2247) wifi:change: chan<6,0>, dur<0,500>
V (2247) wifi:ht20 freq=2437, chan=6
V (2257) wifi:enter start op, arg=0x42014ad0
V (2257) wifi:start max timer
D (2757) wifi:ROC: Ending operation at 2.0, returning to Channel 1
V (2757) wifi:back home chan=<1,0>, current chan=<6,0>
V (2757) wifi:ht20 freq=2412, chan=1
D (2767) event: running post WIFI_EVENT:20 with handler 0x4200a710 and context 0x3fca7f98 on loop 0x3fca6d0c[0m
D (2777) event: running post WIFI_EVENT:20 with handler 0x4201563c and context 0x3fcb2590 on loop 0x3fca6d0c[0m
V (2787) esp_adapter: thread sem get: sem=0x3fcb28a0[0m
D (2787) wifi:Listen on channel 6 for 500 mSec
V (2797) wifi:change: chan<6,0>, dur<0,500>
V (2797) wifi:ht20 freq=2437, chan=6
V (2797) wifi:enter start op, arg=0x42014ad0
V (2807) wifi:start max timer
D (3307) wifi:ROC: Ending operation at 3.0, returning to Channel 1
V (3307) wifi:back home chan=<1,0>, current chan=<6,0>
V (3307) wifi:ht20 freq=2412, chan=1
D (3307) event: running post WIFI_EVENT:20 with handler 0x4200a710 and context 0x3fca7f98 on loop 0x3fca6d0c[0m
D (3317) event: running post WIFI_EVENT:20 with handler 0x4201563c and context 0x3fcb2590 on loop 0x3fca6d0c[0m
V (3327) esp_adapter: thread sem get: sem=0x3fcb28a0[0m
D (3337) wifi:Listen on channel 6 for 500 mSec
V (3337) wifi:change: chan<6,0>, dur<0,500>
V (3347) wifi:ht20 freq=2437, chan=6
V (3347) wifi:enter start op, arg=0x42014ad0
V (3347) wifi:start max timer
D (3857) wifi:ROC: Ending operation at 3.0, returning to Channel 1
V (3857) wifi:back home chan=<1,0>, current chan=<6,0>
V (3857) wifi:ht20 freq=2412, chan=1
D (3857) event: running post WIFI_EVENT:20 with handler 0x4200a710 and context 0x3fca7f98 on loop 0x3fca6d0c[0m
D (3867) event: running post WIFI_EVENT:20 with handler 0x4201563c and context 0x3fcb2590 on loop 0x3fca6d0c[0m
V (3877) esp_adapter: thread sem get: sem=0x3fcb28a0[0m
D (3877) wifi:Listen on channel 6 for 500 mSec
V (3887) wifi:change: chan<6,0>, dur<0,500>
V (3887) wifi:ht20 freq=2437, chan=6
V (3897) wifi:enter start op, arg=0x42014ad0
V (3897) wifi:start max timer
D (4397) wifi:ROC: Ending operation at 4.0, returning to Channel 1
V (4397) wifi:back home chan=<1,0>, current chan=<6,0>
V (4397) wifi:ht20 freq=2412, chan=1
D (4407) event: running post WIFI_EVENT:20 with handler 0x4200a710 and context 0x3fca7f98 on loop 0x3fca6d0c[0m
D (4417) event: running post WIFI_EVENT:20 with handler 0x4201563c and context 0x3fcb2590 on loop 0x3fca6d0c[0m
V (4427) esp_adapter: thread sem get: sem=0x3fcb28a0[0m
D (4427) wifi:Listen on channel 6 for 500 mSec
V (4427) wifi:change: chan<6,0>, dur<0,500>
V (4437) wifi:ht20 freq=2437, chan=6
V (4437) wifi:enter start op, arg=0x42014ad0
V (4447) wifi:start max timer
D (4947) wifi:ROC: Ending operation at 4.0, returning to Channel 1
V (4947) wifi:back home chan=<1,0>, current chan=<6,0>
V (4947) wifi:ht20 freq=2412, chan=1
D (4947) event: running post WIFI_EVENT:20 with handler 0x4200a710 and context 0x3fca7f98 on loop 0x3fca6d0c[0m
D (4957) event: running post WIFI_EVENT:20 with handler 0x4201563c and context 0x3fcb2590 on loop 0x3fca6d0c[0m
V (4967) esp_adapter: thread sem get: sem=0x3fcb28a0[0m
D (4977) wifi:Listen on channel 6 for 500 mSec
V (4977) wifi:change: chan<6,0>, dur<0,500>
V (4977) wifi:ht20 freq=2437, chan=6
V (4987) wifi:enter start op, arg=0x42014ad0
V (4987) wifi:start max timer
D (5487) wifi:ROC: Ending operation at 5.0, returning to Channel 1
V (5497) wifi:back home chan=<1,0>, current chan=<6,0>
V (5497) wifi:ht20 freq=2412, chan=1
D (5497) event: running post WIFI_EVENT:20 with handler 0x4200a710 and context 0x3fca7f98 on loop 0x3fca6d0c[0m
D (5507) event: running post WIFI_EVENT:20 with handler 0x4201563c and context 0x3fcb2590 on loop 0x3fca6d0c[0m
V (5517) esp_adapter: thread sem get: sem=0x3fcb28a0[0m
D (5517) wifi:Listen on channel 6 for 500 mSec
V (5527) wifi:change: chan<6,0>, dur<0,500>
V (5527) wifi:ht20 freq=2437, chan=6
V (5527) wifi:enter start op, arg=0x42014ad0
V (5537) wifi:start max timer
D (5537) wpa: DPP: Rx Public Action frame: action - 9[0m
V (5547) esp_adapter: thread sem get: sem=0x3fcb28a0[0m
D (5547) wifi:ROC: Ending operation at 5.0, returning to Channel 1
V (5557) wifi:back home chan=<1,0>, current chan=<6,0>
V (5557) wifi:ht20 freq=2412, chan=1
V (5567) wifi:back home chan=<1,0>, current chan=<1,0>
[0;32mI (5567) wpa: DPP: Authentication Request from 8e:ff:3e:16:e0:96[0m
D (5567) event: running post WIFI_EVENT:20 with handler 0x4200a710 and context 0x3fca7f98 on loop 0x3fca6d0c[0m
V (5577) wpa: DPP: Responder Bootstrapping Key Hash - hexdump(len=32):[0m
D (5587) event: running post WIFI_EVENT:20 with handler 0x4201563c and context 0x3fcb2590 on loop 0x3fca6d0c[0m
V (5587) wpa: 46 ed 38 f3 b2 26 87 e0 0a 66 06 f9 7f b2 c7 d9 [0m
V (5607) wpa: 54 e7 98 42 7e 24 4c dd 4a c0 03 3d 74 4b 13 f5 [0m
V (5607) wpa: DPP: Initiator Bootstrapping Key Hash - hexdump(len=32):[0m
V (5617) wpa: 4c 09 5c 74 c2 b4 6c b6 49 83 26 d8 81 a3 b9 d1 [0m
V (5627) wpa: 2f f6 5c 81 cb 8c 04 74 cd a4 09 5a 72 54 c7 09 [0m
V (5627) wpa: DPP: Wrapped Data - hexdump(len=41):[0m
V (5637) wpa: 66 ac 05 ef cd f7 ae 6d f8 b5 c7 67 2c 78 27 5f [0m
V (5637) wpa: bf 24 ea 26 27 3f a6 62 f7 0e cb ce 58 03 01 44 [0m
V (5647) wpa: d9 84 bd be 38 ed d3 0f ef [0m
V (5647) wpa: DPP: Initiator Protocol Key - hexdump(len=64):[0m
V (5657) wpa: c5 ad 7b 16 71 8a 04 56 16 12 43 4a 46 40 1d 67 [0m
V (5667) wpa: 79 2d 1f b9 4b a2 04 19 ed 23 cd e5 61 a8 2a 70 [0m
V (5667) wpa: 3b 26 13 2e cd c8 ae 4a 12 00 f9 c8 ae 8d cb af [0m
V (5677) wpa: fe 1b 23 64 dc 49 77 c1 d6 64 19 04 80 f1 9a 91 [0m
V (5677) intr_alloc: esp_intr_alloc_intrstatus (cpu 1): checking args[0m
V (5687) intr_alloc: esp_intr_alloc_intrstatus (cpu 1): Args okay. Resulting flags 0xE[0m
D (5697) intr_alloc: Connected src 76 to int 4 (cpu 1)[0m
[0;31mE (5697) wpa: curve: secp256r1[0m
[0;31mE (5707) wpa: prime len is 32[0m
[0;31mE (5707) wpa: Q_x: - hexdump(len=32):[0m
[0;31mE (5707) wpa: c5 ad 7b 16 71 8a 04 56 16 12 43 4a 46 40 1d 67 [0m
[0;31mE (5717) wpa: 79 2d 1f b9 4b a2 04 19 ed 23 cd e5 61 a8 2a 70 [0m
[0;31mE (5727) wpa: Q_y: - hexdump(len=32):[0m
[0;31mE (5727) wpa: 3b 26 13 2e cd c8 ae 4a 12 00 f9 c8 ae 8d cb af [0m
[0;31mE (5737) wpa: fe 1b 23 64 dc 49 77 c1 d6 64 19 04 80 f1 9a 91 [0m
[0;31mE (5737) wpa: d:      - hexdump(len=32):[0m
[0;31mE (5747) wpa: 00 00 00 00 00 00 00 00 00 00 00 00 00 00 00 00 [0m
[0;31mE (5757) wpa: 00 00 00 00 00 00 00 00 00 00 00 00 00 00 00 00 [0m
V (5757) intr_alloc: esp_intr_alloc_intrstatus (cpu 1): checking args[0m
V (5767) intr_alloc: esp_intr_alloc_intrstatus (cpu 1): Args okay. Resulting flags 0xE[0m
D (5777) intr_alloc: Connected src 77 to int 9 (cpu 1)[0m
D (5937) wpa: DPP: ECDH shared secret (M.x) - hexdump(len=32):[0m
D (5937) wpa: fe 43 ff 5f e1 a6 2c ea 11 61 49 96 d1 7f a9 67 [0m
D (5937) wpa: 3c bd 0e ea 2f dd 49 d0 db ec 27 b4 78 f0 77 b3 [0m
D (5937) wpa: DPP: PRK = HKDF-Extract(<>, IKM=M.x) - hexdump(len=32):[0m
D (5947) wpa: 32 54 6e 11 9e a8 9c 57 65 db 60 f5 6e 82 59 69 [0m
D (5947) wpa: af 48 f4 34 d6 79 5d 4a 75 e7 4b 75 ed 5f f3 70 [0m
D (5957) wpa: DPP: k1 = HKDF-Expand(PRK, info, L) - hexdump(len=32):[0m
D (5967) wpa: 7d 0a 88 12 92 29 67 84 56 6c b2 28 5d 67 0b db [0m
D (5967) wpa: 6f 42 62 45 e7 2d 61 2f 6e 58 e5 14 36 aa 19 fe [0m
D (5977) wpa: DDP: AES-SIV AD[0] - hexdump(len=6):[0m
D (5977) wpa: 50 6f 9a 1a 01 00 [0m
D (5987) wpa: DDP: AES-SIV AD[1] - hexdump(len=140):[0m
D (5987) wpa: 02 10 20 00 46 ed 38 f3 b2 26 87 e0 0a 66 06 f9 [0m
D (5997) wpa: 7f b2 c7 d9 54 e7 98 42 7e 24 4c dd 4a c0 03 3d [0m
D (5997) wpa: 74 4b 13 f5 01 10 20 00 4c 09 5c 74 c2 b4 6c b6 [0m
D (6007) wpa: 49 83 26 d8 81 a3 b9 d1 2f f6 5c 81 cb 8c 04 74 [0m
D (6017) wpa: cd a4 09 5a 72 54 c7 09 03 10 40 00 c5 ad 7b 16 [0m
D (6017) wpa: 71 8a 04 56 16 12 43 4a 46 40 1d 67 79 2d 1f b9 [0m
D (6027) wpa: 4b a2 04 19 ed 23 cd e5 61 a8 2a 70 3b 26 13 2e [0m
D (6027) wpa: cd c8 ae 4a 12 00 f9 c8 ae 8d cb af fe 1b 23 64 [0m
D (6037) wpa: dc 49 77 c1 d6 64 19 04 80 f1 9a 91 [0m
D (6037) wpa: DPP: AES-SIV ciphertext - hexdump(len=41):[0m
D (6047) wpa: 66 ac 05 ef cd f7 ae 6d f8 b5 c7 67 2c 78 27 5f [0m
D (6057) wpa: bf 24 ea 26 27 3f a6 62 f7 0e cb ce 58 03 01 44 [0m
D (6057) wpa: d9 84 bd be 38 ed d3 0f ef [0m
D (6067) wpa: DPP: AES-SIV cleartext - hexdump(len=25):[0m
D (6067) wpa: 05 10 10 00 4a b1 95 c9 32 fa 24 bd 5f f3 82 ca [0m
D (6077) wpa: 01 8a 35 f7 06 10 01 00 02 [0m
V (6077) wpa: DPP: Attribute ID 1005 len 16[0m
V (6077) wpa: DPP: Attribute ID 1006 len 1[0m
D (6087) wpa: DPP: I-nonce - hexdump(len=16):[0m
D (6087) wpa: 4a b1 95 c9 32 fa 24 bd 5f f3 82 ca 01 8a 35 f7 [0m
D (6097) wpa: DPP: I-capabilities: 0x02[0m
D (6097) wpa: DPP: Acting as Enrollee[0m
D (6107) wpa: DPP: Build Authentication Response[0m
D (6107) wpa: DPP: R-nonce - hexdump(len=16):[0m
D (6117) wpa: 6f f5 f6 02 53 68 0d f0 4e b0 91 1d 79 2b 68 d5 [0m
D (6177) wpa: DPP: Generating a keypair[0m
[0;31mE (6177) wpa: curve: secp256r1[0m
[0;31mE (6177) wpa: prime len is 32[0m
[0;31mE (6177) wpa: Q_x: - hexdump(len=32):[0m
[0;31mE (6177) wpa: 81 81 97 9d 65 3b be ad 12 d0 f1 c1 18 ac 21 d7 [0m
[0;31mE (6187) wpa: db 09 c9 54 26 02 b3 c4 b9 79 37 11 7e ec fe 28 [0m
[0;31mE (6187) wpa: Q_y: - hexdump(len=32):[0m
[0;31mE (6197) wpa: b4 1e cc 4a 58 20 f1 fa b0 8b aa 8d a6 c0 93 82 [0m
[0;31mE (6197) wpa: 5f 07 a2 53 df 00 6c e7 96 38 b1 0f f2 ea bd a9 [0m
[0;31mE (6207) wpa: d:      - hexdump(len=32):[0m
[0;31mE (6217) wpa: a3 04 e6 42 68 d7 e8 ad 78 4f 06 57 01 8c b5 cb [0m
[0;31mE (6217) wpa: aa 7c e8 06 71 66 a9 8b df 5b 3f 49 02 64 6f 3d [0m
D (6377) wpa: DPP: ECDH shared secret (N.x) - hexdump(len=32):[0m
D (6377) wpa: b0 5f 71 15 57 ad 77 b8 ec 30 98 90 f3 5c 4c 1a [0m
D (6377) wpa: dc 6d f5 67 de 46 09 9d 3b 2f c1 86 b9 a4 8c 79 [0m
D (6387) wpa: DPP: PRK = HKDF-Extract(<>, IKM=N.x) - hexdump(len=32):[0m
D (6397) wpa: e3 f1 9e c7 91 7e 9d ed 67 a5 08 53 2c 7d a2 20 [0m
D (6397) wpa: 63 f1 00 1d 08 19 7b e4 43 a5 b0 dc cc 71 64 66 [0m
D (6407) wpa: DPP: k2 = HKDF-Expand(PRK, info, L) - hexdump(len=32):[0m
D (6407) wpa: cd d1 88 36 95 e1 56 c5 53 0c ea e1 9d c9 1c f8 [0m
D (6417) wpa: 8a 4d e3 8c dc 87 c6 71 54 c0 26 80 49 38 cb 9c [0m
D (6427) wpa: DPP: PRK = HKDF-Extract(<>, IKM) - hexdump(len=32):[0m
D (6427) wpa: db 4e 68 33 b7 ad 1e 3d 2c fe 6f 35 bc ca da 32 [0m
D (6437) wpa: f2 c6 3f ac 9f b8 7a 56 31 58 15 15 6a 1d dc 7c [0m
D (6437) wpa: DPP: ke = HKDF-Expand(PRK, info, L) - hexdump(len=32):[0m
D (6447) wpa: f6 ce 2a 0e 4a 0c e5 e6 e0 89 ab 9f 48 76 ba 6c [0m
D (6457) wpa: f7 fa a2 5f ac ff 1a a8 75 a5 11 bc 82 da 5e f1 [0m
D (6457) wpa: DPP: R-auth hash components[0m
D (6467) wpa: DPP: hash component - hexdump(len=16):[0m
D (6467) wpa: 4a b1 95 c9 32 fa 24 bd 5f f3 82 ca 01 8a 35 f7 [0m
D (6477) wpa: DPP: hash component - hexdump(len=16):[0m
D (6477) wpa: 6f f5 f6 02 53 68 0d f0 4e b0 91 1d 79 2b 68 d5 [0m
D (6487) wpa: DPP: hash component - hexdump(len=32):[0m
D (6487) wpa: c5 ad 7b 16 71 8a 04 56 16 12 43 4a 46 40 1d 67 [0m
D (6497) wpa: 79 2d 1f b9 4b a2 04 19 ed 23 cd e5 61 a8 2a 70 [0m
D (6497) wpa: DPP: hash component - hexdump(len=32):[0m
D (6507) wpa: 81 81 97 9d 65 3b be ad 12 d0 f1 c1 18 ac 21 d7 [0m
D (6517) wpa: db 09 c9 54 26 02 b3 c4 b9 79 37 11 7e ec fe 28 [0m
D (6517) wpa: DPP: hash component - hexdump(len=32):[0m
D (6527) wpa: 89 a4 68 c2 09 fa cb b1 e3 2b 4d 17 a3 3e e9 3b [0m
D (6527) wpa: eb e9 fe 48 e8 79 2d d7 d3 ea 21 07 04 d3 7f fa [0m
D (6537) wpa: DPP: hash component - hexdump(len=1):[0m
D (6537) wpa: 00 [0m
D (6547) wpa: DPP: R-auth - hexdump(len=32):[0m
D (6547) wpa: c6 e0 5f ce 2b a5 c9 78 9e c2 46 95 78 ba 73 1a [0m
D (6557) wpa: da 7e 69 a0 e0 dc 72 03 a9 ed b9 95 2f e0 ac 3e [0m
D (6557) wpa: DPP: {R-auth}ke - hexdump(len=52):[0m
D (6567) wpa: aa 18 9e a4 fe 83 6c 4b a1 42 14 9f 5d 19 b2 0c [0m
D (6567) wpa: e7 4a fc c8 41 d1 61 a7 7c 07 2e ad f2 92 4c 77 [0m
D (6577) wpa: f3 19 a3 7a 6c 42 ae 1d f0 4f 7f d8 75 2f a2 54 [0m
D (6577) wpa: 72 11 8d 53 [0m
D (6587) wpa: Setting auth resp retry to 0 0 [0m
D (6587) wpa: DPP: Status 0[0m
D (6587) wpa: DPP: R-Bootstrap Key Hash[0m
D (6597) wpa: DDP: AES-SIV AD[0] - hexdump(len=6):[0m
D (6597) wpa: 50 6f 9a 1a 01 01 [0m
D (6607) wpa: DDP: AES-SIV AD[1] - hexdump(len=109):[0m
D (6607) wpa: 00 10 01 00 00 02 10 20 00 46 ed 38 f3 b2 26 87 [0m
D (6617) wpa: e0 0a 66 06 f9 7f b2 c7 d9 54 e7 98 42 7e 24 4c [0m
D (6617) wpa: dd 4a c0 03 3d 74 4b 13 f5 09 10 40 00 81 81 97 [0m
D (6627) wpa: 9d 65 3b be ad 12 d0 f1 c1 18 ac 21 d7 db 09 c9 [0m
D (6627) wpa: 54 26 02 b3 c4 b9 79 37 11 7e ec fe 28 b4 1e cc [0m
D (6637) wpa: 4a 58 20 f1 fa b0 8b aa 8d a6 c0 93 82 5f 07 a2 [0m
D (6647) wpa: 53 df 00 6c e7 96 38 b1 0f f2 ea bd a9 [0m
D (6647) wpa: DPP: AES-SIV cleartext - hexdump(len=101):[0m
D (6657) wpa: 07 10 10 00 6f f5 f6 02 53 68 0d f0 4e b0 91 1d [0m
D (6657) wpa: 79 2b 68 d5 05 10 10 00 4a b1 95 c9 32 fa 24 bd [0m
D (6667) wpa: 5f f3 82 ca 01 8a 35 f7 08 10 01 00 01 04 10 34 [0m
D (6667) wpa: 00 aa 18 9e a4 fe 83 6c 4b a1 42 14 9f 5d 19 b2 [0m
D (6677) wpa: 0c e7 4a fc c8 41 d1 61 a7 7c 07 2e ad f2 92 4c [0m
D (6687) wpa: 77 f3 19 a3 7a 6c 42 ae 1d f0 4f 7f d8 75 2f a2 [0m
D (6687) wpa: 54 72 11 8d 53 [0m
D (6697) wpa: DPP: AES-SIV ciphertext - hexdump(len=117):[0m
D (6697) wpa: 31 79 98 b6 ab 11 31 95 60 0e 88 10 3d 3a 96 56 [0m
D (6707) wpa: 10 09 48 43 80 26 bd 91 b3 36 34 2b 82 b9 f2 e6 [0m
D (6707) wpa: d4 65 9d 2f b2 69 ae aa 81 12 4e 3e 33 5e ae 35 [0m
D (6717) wpa: d9 75 41 2b f0 c3 37 62 ac e9 19 1b 2b ac 08 3f [0m
D (6717) wpa: 5c 12 31 d4 e9 19 f9 6b 21 02 2c 08 64 14 1c d8 [0m
D (6727) wpa: 87 38 e3 01 82 1f e2 7e 1c 04 e4 36 49 d1 0e b0 [0m
D (6737) wpa: 12 54 d5 83 c0 f0 32 77 d7 03 7c 44 93 a1 ae 7e [0m
D (6737) wpa: 14 90 ce 77 59 [0m
D (6737) wpa: DPP: Authentication Response frame attributes - hexdump(len=238):[0m
D (6747) wpa: 04 09 50 6f 9a 1a 01 01 00 10 01 00 00 02 10 20 [0m
D (6757) wpa: 00 46 ed 38 f3 b2 26 87 e0 0a 66 06 f9 7f b2 c7 [0m
D (6757) wpa: d9 54 e7 98 42 7e 24 4c dd 4a c0 03 3d 74 4b 13 [0m
D (6767) wpa: f5 09 10 40 00 81 81 97 9d 65 3b be ad 12 d0 f1 [0m
D (6777) wpa: c1 18 ac 21 d7 db 09 c9 54 26 02 b3 c4 b9 79 37 [0m
D (6777) wpa: 11 7e ec fe 28 b4 1e cc 4a 58 20 f1 fa b0 8b aa [0m
D (6787) wpa: 8d a6 c0 93 82 5f 07 a2 53 df 00 6c e7 96 38 b1 [0m
D (6787) wpa: 0f f2 ea bd a9 04 10 75 00 31 79 98 b6 ab 11 31 [0m
D (6797) wpa: 95 60 0e 88 10 3d 3a 96 56 10 09 48 43 80 26 bd [0m
D (6807) wpa: 91 b3 36 34 2b 82 b9 f2 e6 d4 65 9d 2f b2 69 ae [0m
D (6807) wpa: aa 81 12 4e 3e 33 5e ae 35 d9 75 41 2b f0 c3 37 [0m
D (6817) wpa: 62 ac e9 19 1b 2b ac 08 3f 5c 12 31 d4 e9 19 f9 [0m
D (6817) wpa: 6b 21 02 2c 08 64 14 1c d8 87 38 e3 01 82 1f e2 [0m
D (6827) wpa: 7e 1c 04 e4 36 49 d1 0e b0 12 54 d5 83 c0 f0 32 [0m
D (6837) wpa: 77 d7 03 7c 44 93 a1 ae 7e 14 90 ce 77 59 [0m
D (6837) wpa: DPP: Mgmt Tx - MAC:8e:ff:3e:16:e0:96, Channel-6, WaitT-600[0m
V (6847) esp_adapter: thread sem get: sem=0x3fcb28a0[0m
D (6847) wifi:Send frame on channel 6 to 8e:ff:3e:16:e0:96

V (6857) wifi:change: chan<6,0>, dur<0,600>
V (6857) wifi:ht20 freq=2437, chan=6
V (6867) wifi:enter start op, arg=0x3fcb4374
D (6867) wifi:offchan_txop_start : 143
V (6867) wifi:start max timer
D (6877) wifi:tx_mgmt cb : 1636 status 1 
D (6877) wifi:tx data done, now:6895660
D (6877) wifi:woke up
D (6877) wpa: DPP: Rx Public Action frame: action - 9[0m
D (6877) event: running post WIFI_EVENT:19 with handler 0x4200a710 and context 0x3fca7f98 on loop 0x3fca6d0c[0m
D (6887) wpa: DPP: Authentication Confirmation from 8e:ff:3e:16:e0:96[0m
D (6897) event: running post WIFI_EVENT:19 with handler 0x4201563c and context 0x3fcb2560 on loop 0x3fca6d0c[0m
D (6907) wpa: ELOOP: esp_dpp_rx_auth_conf:278 called to remove timer handler=0x4201551c, removed count=0[0m
D (6917) wpa: Mgmt Tx Status - 0, Cookie - 0x42014ad0[0m
D (6927) wpa: DPP: Wrapped data - hexdump(len=52):[0m
D (6937) wpa: 5d 83 de 7a 08 bc 00 7f 57 84 df 42 c0 56 f3 73 [0m
D (6937) wpa: de e6 c3 0f 88 54 61 2c 90 7d 09 29 31 aa 97 bc [0m
D (6947) wpa: 05 ea dc 2c a1 00 ad 49 a9 0d 60 ef 2a 51 21 4f [0m
D (6947) wpa: be fb 65 a8 [0m
D (6957) wpa: DPP: Responder Bootstrapping Key Hash - hexdump(len=32):[0m
D (6957) wpa: 46 ed 38 f3 b2 26 87 e0 0a 66 06 f9 7f b2 c7 d9 [0m
D (6967) wpa: 54 e7 98 42 7e 24 4c dd 4a c0 03 3d 74 4b 13 f5 [0m
D (6967) wpa: DPP: Status 0[0m
D (6977) wpa: DDP: AES-SIV AD[0] - hexdump(len=6):[0m
D (6977) wpa: 50 6f 9a 1a 01 02 [0m
D (6987) wpa: DDP: AES-SIV AD[1] - hexdump(len=41):[0m
D (6987) wpa: 00 10 01 00 00 02 10 20 00 46 ed 38 f3 b2 26 87 [0m
D (6997) wpa: e0 0a 66 06 f9 7f b2 c7 d9 54 e7 98 42 7e 24 4c [0m
D (6997) wpa: dd 4a c0 03 3d 74 4b 13 f5 [0m
D (7007) wpa: DPP: AES-SIV ciphertext - hexdump(len=52):[0m
D (7007) wpa: 5d 83 de 7a 08 bc 00 7f 57 84 df 42 c0 56 f3 73 [0m
D (7017) wpa: de e6 c3 0f 88 54 61 2c 90 7d 09 29 31 aa 97 bc [0m
D (7017) wpa: 05 ea dc 2c a1 00 ad 49 a9 0d 60 ef 2a 51 21 4f [0m
D (7027) wpa: be fb 65 a8 [0m
D (7027) wpa: DPP: AES-SIV cleartext - hexdump(len=36):[0m
D (7037) wpa: 0a 10 20 00 d4 05 66 c7 1c d7 84 08 4a b5 61 19 [0m
D (7037) wpa: 87 04 7b 2d e5 60 89 1d 3d f4 ad 64 df 1a eb 3f [0m
D (7047) wpa: 13 f7 d5 0a [0m
V (7047) wpa: DPP: Attribute ID 100a len 32[0m
D (7057) wpa: DPP: Received Initiator Authenticating Tag - hexdump(len=32):[0m
D (7057) wpa: d4 05 66 c7 1c d7 84 08 4a b5 61 19 87 04 7b 2d [0m
D (7067) wpa: e5 60 89 1d 3d f4 ad 64 df 1a eb 3f 13 f7 d5 0a [0m
D (7077) wpa: DPP: I-auth hash components[0m
D (7077) wpa: DPP: hash component - hexdump(len=16):[0m
D (7077) wpa: 6f f5 f6 02 53 68 0d f0 4e b0 91 1d 79 2b 68 d5 [0m
D (7087) wpa: DPP: hash component - hexdump(len=16):[0m
D (7087) wpa: 4a b1 95 c9 32 fa 24 bd 5f f3 82 ca 01 8a 35 f7 [0m
D (7097) wpa: DPP: hash component - hexdump(len=32):[0m
D (7107) wpa: 81 81 97 9d 65 3b be ad 12 d0 f1 c1 18 ac 21 d7 [0m
D (7107) wpa: db 09 c9 54 26 02 b3 c4 b9 79 37 11 7e ec fe 28 [0m
D (7117) wpa: DPP: hash component - hexdump(len=32):[0m
D (7117) wpa: c5 ad 7b 16 71 8a 04 56 16 12 43 4a 46 40 1d 67 [0m
D (7127) wpa: 79 2d 1f b9 4b a2 04 19 ed 23 cd e5 61 a8 2a 70 [0m
D (7127) wpa: DPP: hash component - hexdump(len=32):[0m
D (7137) wpa: 89 a4 68 c2 09 fa cb b1 e3 2b 4d 17 a3 3e e9 3b [0m
D (7147) wpa: eb e9 fe 48 e8 79 2d d7 d3 ea 21 07 04 d3 7f fa [0m
D (7147) wpa: DPP: hash component - hexdump(len=1):[0m
D (7157) wpa: 01 [0m
D (7157) wpa: DPP: I-auth - hexdump(len=32):[0m
D (7157) wpa: d4 05 66 c7 1c d7 84 08 4a b5 61 19 87 04 7b 2d [0m
D (7167) wpa: e5 60 89 1d 3d f4 ad 64 df 1a eb 3f 13 f7 d5 0a [0m
D (7167) wpa: DPP: Calculated Initiator Authenticating Tag - hexdump(len=32):[0m
D (7177) wpa: d4 05 66 c7 1c d7 84 08 4a b5 61 19 87 04 7b 2d [0m
D (7187) wpa: e5 60 89 1d 3d f4 ad 64 df 1a eb 3f 13 f7 d5 0a [0m
D (7187) wpa: DPP: Authentication success - clear temporary keys[0m
D (7197) wpa: DPP: Build configuration request[0m
D (7197) wpa: DPP: E-nonce - hexdump(len=16):[0m
D (7207) wpa: c9 1f 89 8b 32 21 a3 94 68 68 ea 97 e2 22 71 6d [0m
D (7207) wpa: DPP: configRequest JSON - hexdump(len=71):[0m
D (7217) wpa: 7b 22 6e 61 6d 65 22 3a 22 54 65 73 74 22 2c 22 [0m
D (7227) wpa: 77 69 2d 66 69 5f 74 65 63 68 22 3a 22 69 6e 66 [0m
D (7227) wpa: 72 61 22 2c 22 6e 65 74 52 6f 6c 65 22 3a 22 73 [0m
D (7237) wpa: 74 61 22 2c 22 62 61 6e 64 53 75 70 70 6f 72 74 [0m
D (7237) wpa: 22 3a 5b 38 31 5d 7d [0m
D (7247) wpa: DPP: AES-SIV cleartext - hexdump(len=95):[0m
D (7247) wpa: 14 10 10 00 c9 1f 89 8b 32 21 a3 94 68 68 ea 97 [0m
D (7257) wpa: e2 22 71 6d 0e 10 47 00 7b 22 6e 61 6d 65 22 3a [0m
D (7257) wpa: 22 54 65 73 74 22 2c 22 77 69 2d 66 69 5f 74 65 [0m
D (7267) wpa: 63 68 22 3a 22 69 6e 66 72 61 22 2c 22 6e 65 74 [0m
D (7277) wpa: 52 6f 6c 65 22 3a 22 73 74 61 22 2c 22 62 61 6e [0m
D (7277) wpa: 64 53 75 70 70 6f 72 74 22 3a 5b 38 31 5d 7d [0m
D (7287) wpa: DPP: AES-SIV ciphertext - hexdump(len=111):[0m
D (7287) wpa: 07 a6 d3 66 3f 37 36 de 4e d4 97 dd c8 cc 6a fd [0m
D (7297) wpa: 70 11 58 53 f8 c6 06 9a 1a a8 51 8f 1f 00 c7 c1 [0m
D (7297) wpa: 1b aa 4a be 02 0f f3 7f d4 e7 97 d1 06 6c a7 00 [0m
D (7307) wpa: 2e 35 e7 dc 1f a4 3d 83 8d a4 bf 43 66 b5 19 f8 [0m
D (7317) wpa: d7 d8 42 d0 37 e3 7a be 0a 03 fb bb 96 e3 82 42 [0m
D (7317) wpa: 1d 40 c1 c7 87 0a dc 6d 4c 6b 14 92 ae 20 40 3c [0m
D (7327) wpa: cb 01 70 c5 38 9c b9 ca 02 a6 2d 55 ff 68 ab [0m
D (7327) wpa: DPP: Configuration Request frame attributes - hexdump(len=115):[0m
D (7337) wpa: 04 10 6f 00 07 a6 d3 66 3f 37 36 de 4e d4 97 dd [0m
D (7347) wpa: c8 cc 6a fd 70 11 58 53 f8 c6 06 9a 1a a8 51 8f [0m
D (7347) wpa: 1f 00 c7 c1 1b aa 4a be 02 0f f3 7f d4 e7 97 d1 [0m
D (7357) wpa: 06 6c a7 00 2e 35 e7 dc 1f a4 3d 83 8d a4 bf 43 [0m
D (7357) wpa: 66 b5 19 f8 d7 d8 42 d0 37 e3 7a be 0a 03 fb bb [0m
D (7367) wpa: 96 e3 82 42 1d 40 c1 c7 87 0a dc 6d 4c 6b 14 92 [0m
D (7377) wpa: ae 20 40 3c cb 01 70 c5 38 9c b9 ca 02 a6 2d 55 [0m
D (7377) wpa: ff 68 ab [0m
V (7377) wpa: DPP: GAS Config Request - hexdump(len=130):[0m
V (7387) wpa: 04 0a 00 6c 08 7f dd 05 50 6f 9a 1a 01 73 00 04 [0m
V (7397) wpa: 10 6f 00 07 a6 d3 66 3f 37 36 de 4e d4 97 dd c8 [0m
V (7397) wpa: cc 6a fd 70 11 58 53 f8 c6 06 9a 1a a8 51 8f 1f [0m
V (7407) wpa: 00 c7 c1 1b aa 4a be 02 0f f3 7f d4 e7 97 d1 06 [0m
V (7407) wpa: 6c a7 00 2e 35 e7 dc 1f a4 3d 83 8d a4 bf 43 66 [0m
V (7417) wpa: b5 19 f8 d7 d8 42 d0 37 e3 7a be 0a 03 fb bb 96 [0m
V (7427) wpa: e3 82 42 1d 40 c1 c7 87 0a dc 6d 4c 6b 14 92 ae [0m
V (7427) wpa: 20 40 3c cb 01 70 c5 38 9c b9 ca 02 a6 2d 55 ff [0m
V (7437) wpa: 68 ab [0m
D (7437) wpa: DPP: GAS request to 8e:ff:3e:16:e0:96 (chan 6)[0m
D (7447) wpa: DPP: Mgmt Tx - MAC:8e:ff:3e:16:e0:96, Channel-6, WaitT-600[0m
V (7447) esp_adapter: thread sem get: sem=0x3fcb28a0[0m
D (7457) wifi:OFFCHAN-Tx: Ending op at 7.0, returning to Channel 1
V (7457) wifi:back home chan=<1,0>, current chan=<6,0>
V (7467) wifi:ht20 freq=2412, chan=1
D (7467) wifi:Send frame on channel 6 to 8e:ff:3e:16:e0:96

V (7477) wifi:change: chan<6,0>, dur<0,600>
V (7477) wifi:ht20 freq=2437, chan=6
V (7477) wifi:enter start op, arg=0x3fcb4484
D (7487) wifi:offchan_txop_start : 143
V (7487) wifi:start max timer
D (7487) wpa: ELOOP: Added one timer from esp_dpp_rx_auth_conf:291 to call 0x42014bdc, current order=0[0m
D (7497) wifi:tx_mgmt cb : 1636 status 1 
D (7507) wifi:tx data done, now:7524158
D (7507) wifi:woke up
D (7507) wpa: DPP: Rx Public Action frame: action - 11[0m
D (7507) event: running post WIFI_EVENT:19 with handler 0x4200a710 and context 0x3fca7f98 on loop 0x3fca6d0c[0m
D (7517) wpa: DPP: Gas response received[0m
D (7527) event: running post WIFI_EVENT:19 with handler 0x4201563c and context 0x3fcb2560 on loop 0x3fca6d0c[0m
V (7527) wpa: DPP: Attribute ID 1000 len 1[0m
D (7537) wpa: Mgmt Tx Status - 0, Cookie - 0x42014ad0[0m
V (7547) wpa: DPP: Attribute ID 1004 len 139[0m
D (7557) wpa: DPP: AES-SIV ciphertext - hexdump(len=139):[0m
D (7557) wpa: 58 a3 dc 67 f2 c1 a8 4e 0a a8 b0 92 71 7e 50 f6 [0m
D (7567) wpa: c2 3c af 76 8f f3 0e c9 1d c2 8e 7d 61 79 87 ff [0m
D (7567) wpa: 8a 8c 02 ad 63 54 e6 74 9a f2 7a aa 14 47 71 00 [0m
D (7577) wpa: e3 6f e1 61 d3 81 a6 62 94 fc 02 08 de 62 1b 0e [0m
D (7577) wpa: 61 a7 61 c3 9e d3 65 0d d4 fd 7c 6a 68 52 88 ae [0m
D (7587) wpa: a9 56 50 70 19 8e 14 63 20 60 46 db 13 5f c0 db [0m
D (7597) wpa: 6c 01 71 f4 c7 c6 ca d9 7a 0c 40 b7 eb 54 90 6d [0m
D (7597) wpa: 62 1a 3f 07 bb 57 78 5b 3a 49 e8 4f bc 8f 5a 45 [0m
D (7607) wpa: d8 37 ae 91 ba c2 95 8c 8e 47 ba [0m
D (7607) wpa: DDP: AES-SIV AD - hexdump(len=5):[0m
D (7617) wpa: 00 10 01 00 00 [0m
D (7617) wpa: DPP: AES-SIV cleartext - hexdump(len=123):[0m
D (7627) wpa: 14 10 10 00 c9 1f 89 8b 32 21 a3 94 68 68 ea 97 [0m
D (7627) wpa: e2 22 71 6d 0c 10 63 00 7b 22 77 69 2d 66 69 5f [0m
D (7637) wpa: 74 65 63 68 22 3a 22 69 6e 66 72 61 22 2c 22 64 [0m
D (7637) wpa: 69 73 63 6f 76 65 72 79 22 3a 7b 22 73 73 69 64 [0m
D (7647) wpa: 22 3a 22 54 6f 76 61 6c 61 2d 74 75 72 72 69 73 [0m
D (7657) wpa: 22 7d 2c 22 63 72 65 64 22 3a 7b 22 61 6b 6d 22 [0m
D (7657) wpa: 3a 22 70 73 6b 22 2c 22 70 61 73 73 22 3a 22 6d [0m
D (7667) wpa: 69 63 72 6f 77 61 76 65 22 7d 7d [0m
V (7667) wpa: DPP: Attribute ID 1014 len 16[0m
V (7677) wpa: DPP: Attribute ID 100c len 99[0m
D (7677) wpa: DPP: Enrollee Nonce - hexdump(len=16):[0m
D (7687) wpa: c9 1f 89 8b 32 21 a3 94 68 68 ea 97 e2 22 71 6d [0m
D (7687) wpa: DPP: Status 0[0m
D (7687) wpa: DPP: configurationObject JSON - hexdump(len=99):[0m
D (7697) wpa: 7b 22 77 69 2d 66 69 5f 74 65 63 68 22 3a 22 69 [0m
D (7707) wpa: 6e 66 72 61 22 2c 22 64 69 73 63 6f 76 65 72 79 [0m
D (7707) wpa: 22 3a 7b 22 73 73 69 64 22 3a 22 54 6f 76 61 6c [0m
D (7717) wpa: 61 2d 74 75 72 72 69 73 22 7d 2c 22 63 72 65 64 [0m
D (7717) wpa: 22 3a 7b 22 61 6b 6d 22 3a 22 70 73 6b 22 2c 22 [0m
D (7727) wpa: 70 61 73 73 22 3a 22 6d 69 63 72 6f 77 61 76 65 [0m
D (7737) wpa: 22 7d 7d [0m
V (7737) wpa: JSON: String value: 'wi-fi_tech' = 'infra'[0m
V (7737) wpa: JSON: String value: 'ssid' = '#############'[0m
V (7747) wpa: JSON: String value: 'akm' = 'psk'[0m
V (7747) wpa: JSON: String value: 'pass' = '#############'[0m
D (7757) wpa: DPP: discovery::ssid - hexdump(len=13):[0m
D (7757) wpa: 54 6f 76 61 6c 61 2d 74 75 72 72 69 73 [0m
D (7767) wpa: DPP: Legacy akm=psk credential[0m
D (7767) wpa: DPP: Legacy passphrase - hexdump(len=9):[0m
D (7777) wpa: 6d 69 63 72 6f 77 61 76 65 [0m
D (7777) wpa: DPP: JSON parsing completed successfully[0m
D (7787) wpa: ELOOP: gas_query_resp_rx:337 called to remove timer handler=0x42014bdc, removed count=1[0m
V (7797) esp_adapter: thread sem get: sem=0x3fcb28a0[0m
D (7797) wifi:clear blacklist
D (7797) nvs: nvs_get_str_or_blob sta.ssid[0m
D (7807) nvs: nvs_get sta.pmf_e 1[0m
[0;32mI (7807) wifi dpp-enrollee: DPP Authentication successful, connecting to AP : #############[0m
V (7817) esp_adapter: thread sem get: sem=0x3fcb28a0[0m
D (7827) wifi:Start wifi connect
D (7827) wifi:connect status 0 -> 0
D (7827) wifi:connect chan=0
D (7827) wifi:first chan=6
D (7837) wifi:connect status 0 -> 1
D (7837) wifi:OFFCHAN-Tx: Ending op at 7.0, returning to Channel 1
V (7847) wifi:back home chan=<1,0>, current chan=<6,0>
V (7847) wifi:ht20 freq=2412, chan=1
D (7857) wifi:filter: set rx policy=3
D (7857) wifi:clear scan ap list
D (7857) wifi:start scan: type=0x50f, priority=2, cb=0x4205391c, arg=0x0, ss_state=0x1, time=7877847, index=0
V (7867) wifi:inter_channel_timeout: arg=0x0, ss_state=0x1
D (7877) wifi:perform scan: ss_state=0x9, chan<6,0>, dur<0,120>
V (7877) wifi:change: chan<6,0>, dur<0,120>
V (7887) wifi:ht20 freq=2437, chan=6
V (7887) wifi:enter start op, arg=0x3fc9e0aa
V (7887) wifi:scan operation: state=0x3, chan<6,0>, arg=0x3fc9e0aa, status=0
V (7897) wifi:scan specific ssid=#############
V (7897) wifi:start max timer
D (7907) wifi:rsn valid: gcipher=3 ucipher=3 akm=9 mac=04:f0:21:8f:78:38
V (7907) wifi:updated connection retries to 0
D (7917) wpa: rsn_ie - hexdump(len=30):[0m
D (7917) wpa: 30 1c 01 00 00 0f ac 04 01 00 00 0f ac 04 03 00 [0m
D (7927) wpa: 00 0f ac 02 00 0f ac 06 00 0f ac 08 8c 00 [0m
D (7927) wifi:profile match: ss_state=0x7
V (7937) wifi:scan histroy table is not full yet, add
V (7937) wifi:add ssid=#############, chan=6 to scan history
D (7947) wifi:tx data done, now:7962933
D (7947) wifi:3011 : no offchan in progress
D (7947) wifi:woke up
D (7957) wifi:rsn valid: gcipher=3 ucipher=3 akm=9 mac=04:f0:21:8f:78:38
D (7957) wifi:set max rate: from <rate=130, phy=3, sig=0> to <rate=144, phy=3 sig=0>
D (7967) wifi:sig_b=1, sig_g=0, sig_n=0, max_b=0, max_g=108, max_n=144
D (7977) wifi:profile match: ss_state=0x7
V (7977) wifi:update scan history ssid=#############, channel=6
D (7987) wifi:scan end: arg=0x0, status=0, ss_state=0x7
D (7987) wifi:find first mathched ssid, scan done
V (7987) wifi:back home chan=<1,0>, current chan=<6,0>
V (7997) wifi:ht20 freq=2412, chan=1
D (7997) wifi:filter: set rx policy=4
D (8007) wifi:first chan=1
V (8007) wifi:scan_done: arg=0x0, status=0, cur_time=8025041, scan_id=128, scan state=0
V (8017) wifi:call scan_done cb, arg=0x0
D (8017) wifi:handoff_cb: status=0
V (8017) wifi:best bss has set.
D (8027) wifi:ap found, mac=04:f0:21:8f:78:38
V (8027) wifi:bssid=04:f0:21:8f:78:38, LR=0
D (8027) wifi:new_bss=0x3fc9e3a8, cur_bss=0x0, new_chan=<6,0>, cur_chan=1
D (8037) wifi:filter: set rx policy=5
D (8037) wpa: WPA: set AP RSNXE - hexdump(len=3):[0m
D (8047) wpa: f4 01 20 [0m
D (8047) wpa: SAE-PK: Not a valid password (length)[0m
I (8057) wifi:new:<6,0>, old:<1,0>, ap:<255,255>, sta:<6,0>, prof:1
V (8057) wifi:ht20 freq=2437, chan=6
D (8067) wifi:connect_op: status=0, auth=9, cipher=3 
D (8067) wpa: RSN: PMKSA cache search - network_ctx=0x0 try_opportunistic=0[0m
D (8077) wpa: RSN: Search for BSSID 04:f0:21:8f:78:38[0m
D (8077) wpa: RSN: No PMKSA cache entry found[0m
D (8087) wpa: RSN: set own RSNXE - hexdump(len=3):[0m
D (8087) wpa: f4 01 20 [0m
D (8087) wifi:auth mode is not none
D (8097) wifi:connect_bss: auth=1, reconnect=0
I (8097) wifi:state: init -> auth (b0)
D (8097) wpa: SAE: Derive PT - group 19[0m
D (8107) wpa: SAE: SSID - hexdump(len=13):[0m
D (8107) wpa: 54 6f 76 61 6c 61 2d 74 75 72 72 69 73 [0m
D (8117) wpa: SAE: password - hexdump(len=9):[0m
D (8117) wpa: 6d 69 63 72 6f 77 61 76 65 [0m
D (8127) wpa: SAE: pwd-seed - hexdump(len=32):[0m
D (8127) wpa: 24 d5 57 bd e4 96 bd 57 14 22 ed c6 65 84 73 6e [0m
D (8137) wpa: de 0d 0b 5d 69 08 ba b5 03 20 2a d2 f4 f8 4f f7 [0m
D (8137) wpa: SAE: pwd-value (u1 P1) - hexdump(len=48):[0m
D (8147) wpa: 92 58 a1 b9 0e 20 ec 6d 64 2e 4f 96 a6 02 34 48 [0m
D (8147) wpa: 46 67 c4 20 3e 44 95 35 99 c1 94 63 a7 1f 5d b6 [0m
D (8157) wpa: 8f c6 8c a7 fb 9e d9 cc bb 77 62 dc d0 57 d7 a8 [0m
D (8167) wpa: SAE: u1 - hexdump(len=32):[0m
D (8167) wpa: 4b f0 6a 41 34 14 11 56 f9 48 06 3d 34 d0 21 b3 [0m
D (8177) wpa: aa 47 4c 3c 9c 18 67 f3 2d c6 9e e0 48 2f b9 cd [0m
D (8177) wpa: SSWU: m - hexdump(len=32):[0m
D (8187) wpa: 22 c4 17 f9 c9 df 82 c0 03 a0 78 b3 7b 34 9f 3f [0m
D (8187) wpa: 82 ac bc 99 23 5c a6 14 50 c2 64 20 ec 55 0d f9 [0m
D (8197) event: running post WIFI_EVENT:40 with handler 0x4200a710 and context 0x3fca7f98 on loop 0x3fca6d0c[0m
D (8197) wpa: SSWU: t - hexdump(len=32):[0m
D (8207) wpa: 99 15 5b b8 92 d4 a1 5e 25 f1 6e 3c cf 2d 45 db [0m
D (8217) wpa: 53 63 2f f3 20 e4 7a 1f e8 01 33 cf 97 bb 51 86 [0m
D (8227) wpa: SSWU: x1a = b / (z * a) - hexdump(len=32):[0m
D (8227) wpa: a5 28 bd 86 96 bd af 99 6c 65 b9 82 d9 49 59 d3 [0m
D (8227) wpa: 14 6f e6 a0 20 69 30 90 bd ba 13 13 23 75 f2 24 [0m
D (8247) wpa: SSWU: x1b = (-b/a) * (1 + t) - hexdump(len=32):[0m
D (8247) wpa: c6 40 cf 89 cb 99 32 70 6b b9 9c 24 16 be c7 95 [0m
D (8247) wpa: 4f a6 cf aa 95 9b e5 be ce ff 0c 43 85 49 d4 e1 [0m
D (8257) wpa: SSWU: x1 = CSEL(l, x1a, x1b) - hexdump(len=32):[0m
D (8257) wpa: c6 40 cf 89 cb 99 32 70 6b b9 9c 24 16 be c7 95 [0m
D (8267) wpa: 4f a6 cf aa 95 9b e5 be ce ff 0c 43 85 49 d4 e1 [0m
D (8277) wpa: SSWU: gx1 = x1^3 + a * x1 + b - hexdump(len=32):[0m
D (8277) wpa: 94 d6 6c 53 de 50 f1 d4 f8 67 54 5b 51 cb 2f 23 [0m
D (8287) wpa: 45 4c fe 21 1b 65 7f 77 15 b6 7e cc 00 d2 ce cb [0m
D (8287) wpa: SSWU: x2 = z * u^2 * x1 - hexdump(len=32):[0m
D (8297) wpa: c9 6b be c4 9f 34 ee a6 da 1d 5f f3 79 20 d7 c0 [0m
D (8297) wpa: 92 44 1f 5b 53 b1 d5 7a c3 d2 d2 d8 af 73 9a e4 [0m
D (8307) wpa: SSWU: gx2 = x2^3 + a * x2 + b - hexdump(len=32):[0m
D (8317) wpa: d1 65 2c 8a 83 fb c5 66 72 39 75 5c 52 41 1c 9b [0m
D (8317) wpa: b5 5b 3a ba 02 bb 27 f0 00 6d 50 37 35 a3 c3 60 [0m
D (8327) wpa: SSWU: gx1^((p-1)/2) modulo p - hexdump(len=32):[0m
D (8327) wpa: 7f ff ff ff 80 00 00 00 80 00 00 00 00 00 00 00 [0m
D (8337) wpa: 00 00 00 00 7f ff ff ff ff ff ff ff ff ff ff ff [0m
D (8347) wpa: SSWU: v = CSEL(l, gx1, gx2) - hexdump(len=32):[0m
D (8347) wpa: d1 65 2c 8a 83 fb c5 66 72 39 75 5c 52 41 1c 9b [0m
D (8357) wpa: b5 5b 3a ba 02 bb 27 f0 00 6d 50 37 35 a3 c3 60 [0m
D (8357) wpa: SSWU: x = CSEL(l, x1, x2) - hexdump(len=32):[0m
D (8367) wpa: c9 6b be c4 9f 34 ee a6 da 1d 5f f3 79 20 d7 c0 [0m
D (8367) wpa: 92 44 1f 5b 53 b1 d5 7a c3 d2 d2 d8 af 73 9a e4 [0m
D (8377) wpa: SSWU: y = sqrt(v) - hexdump(len=32):[0m
D (8387) wpa: be d9 68 dd bd 84 b3 ea 6d 35 08 41 5a 02 06 50 [0m
D (8387) wpa: 7f c9 79 3a 65 31 13 db b1 d8 13 1e ce cf bd c5 [0m
D (8397) wpa: SSWU: p - y - hexdump(len=32):[0m
D (8397) wpa: 41 26 97 21 42 7b 4c 16 92 ca f7 be a5 fd f9 af [0m
D (8407) wpa: 80 36 86 c6 9a ce ec 24 4e 27 ec e1 31 30 42 3a [0m
D (8407) wpa: SSWU: P.x - hexdump(len=32):[0m
D (8417) wpa: c9 6b be c4 9f 34 ee a6 da 1d 5f f3 79 20 d7 c0 [0m
D (8417) wpa: 92 44 1f 5b 53 b1 d5 7a c3 d2 d2 d8 af 73 9a e4 [0m
D (8427) wpa: SSWU: P.y - hexdump(len=32):[0m
D (8427) wpa: be d9 68 dd bd 84 b3 ea 6d 35 08 41 5a 02 06 50 [0m
D (8437) wpa: 7f c9 79 3a 65 31 13 db b1 d8 13 1e ce cf bd c5 [0m
D (8447) wpa: SAE: pwd-value (u2 P2) - hexdump(len=48):[0m
D (8447) wpa: fc ec 6e 65 4a 25 1a a9 10 91 53 f0 45 f5 e4 22 [0m
D (8457) wpa: 4e b9 e6 9b 09 a0 25 6d 36 32 4b 87 6e db af b0 [0m
D (8457) wpa: ef c4 3a 0d 6a aa e5 5c 49 e8 a2 95 8a 0c 47 92 [0m
D (8467) wpa: SAE: u2 - hexdump(len=32):[0m
D (8467) wpa: 4d 9e 41 ad b3 18 ed 5a ef 20 c2 79 14 25 41 19 [0m
D (8477) wpa: 93 15 de c7 b1 bc 6e 6a a4 9f 11 2d e3 a7 11 3e [0m
D (8487) wpa: SSWU: m - hexdump(len=32):[0m
D (8487) wpa: df ea e1 b5 24 db 64 e2 af 65 a4 aa 8c 0c e5 f7 [0m
D (8487) wpa: 40 b2 d9 be 54 97 5e 8c 55 96 3d ee 17 a9 95 bb [0m
D (8497) wpa: SSWU: t - hexdump(len=32):[0m
D (8497) wpa: 3f a7 25 21 f0 e8 4e 5c fc 8a 49 21 e3 13 0f 0b [0m
D (8507) wpa: 41 86 bb 64 19 ae 13 45 96 85 50 be 16 57 f3 16 [0m
D (8517) wpa: SSWU: x1a = b / (z * a) - hexdump(len=32):[0m
D (8517) wpa: a5 28 bd 86 96 bd af 99 6c 65 b9 82 d9 49 59 d3 [0m
D (8527) wpa: 14 6f e6 a0 20 69 30 90 bd ba 13 13 23 75 f2 24 [0m
D (8537) wpa: SSWU: x1b = (-b/a) * (1 + t) - hexdump(len=32):[0m
D (8537) wpa: b5 21 84 1c 2d b5 19 95 3c a3 8d 22 04 86 3d dc [0m
D (8537) wpa: 81 fb 2d ed 2a db 6f e4 7a a3 8a 09 47 5f e7 88 [0m
D (8547) wpa: SSWU: x1 = CSEL(l, x1a, x1b) - hexdump(len=32):[0m
D (8557) wpa: b5 21 84 1c 2d b5 19 95 3c a3 8d 22 04 86 3d dc [0m
D (8557) wpa: 81 fb 2d ed 2a db 6f e4 7a a3 8a 09 47 5f e7 88 [0m
D (8567) wpa: SSWU: gx1 = x1^3 + a * x1 + b - hexdump(len=32):[0m
D (8567) wpa: 6a 75 85 6d 9e 7c 9a c9 5a fc 5c 7d aa b7 00 23 [0m
D (8577) wpa: 71 ee 0b db 40 f5 1d 3f 8f 48 b1 77 2a 88 78 47 [0m
D (8587) wpa: SSWU: x2 = z * u^2 * x1 - hexdump(len=32):[0m
D (8587) wpa: 98 b2 9a 5d b8 ae db dc 18 2e 64 ba 78 4e 8a 3d [0m
D (8597) wpa: 19 cd 55 93 e0 1a c3 d0 77 6f 9e a1 ce 84 8d bb [0m
D (8597) wpa: SSWU: gx2 = x2^3 + a * x2 + b - hexdump(len=32):[0m
D (8607) wpa: a7 c4 95 b1 0a ba 37 1c 7d 33 9c 0a b3 ae 1e 22 [0m
D (8607) wpa: 89 d4 37 6f fc 03 cb f0 7b 25 ca 49 56 ed 4d 57 [0m
D (8617) wpa: SSWU: gx1^((p-1)/2) modulo p - hexdump(len=32):[0m
D (8627) wpa: 7f ff ff ff 80 00 00 00 80 00 00 00 00 00 00 00 [0m
D (8627) wpa: 00 00 00 00 7f ff ff ff ff ff ff ff ff ff ff ff [0m
D (8637) wpa: SSWU: v = CSEL(l, gx1, gx2) - hexdump(len=32):[0m
D (8637) wpa: 6a 75 85 6d 9e 7c 9a c9 5a fc 5c 7d aa b7 00 23 [0m
D (8647) wpa: 71 ee 0b db 40 f5 1d 3f 8f 48 b1 77 2a 88 78 47 [0m
D (8657) wpa: SSWU: x = CSEL(l, x1, x2) - hexdump(len=32):[0m
D (8657) wpa: b5 21 84 1c 2d b5 19 95 3c a3 8d 22 04 86 3d dc [0m
D (8667) wpa: 81 fb 2d ed 2a db 6f e4 7a a3 8a 09 47 5f e7 88 [0m
D (8667) wpa: SSWU: y = sqrt(v) - hexdump(len=32):[0m
D (8677) wpa: ec 60 53 ed 22 59 75 f3 f9 9b e6 34 94 78 e2 84 [0m
D (8677) wpa: f1 b4 90 f6 c1 40 d8 84 33 0f b7 a3 8f e6 91 41 [0m
D (8687) wpa: SSWU: p - y - hexdump(len=32):[0m
D (8687) wpa: 13 9f ac 11 dd a6 8a 0d 06 64 19 cb 6b 87 1d 7b [0m
D (8697) wpa: 0e 4b 6f 0a 3e bf 27 7b cc f0 48 5c 70 19 6e be [0m
D (8707) wpa: SSWU: P.x - hexdump(len=32):[0m
D (8707) wpa: b5 21 84 1c 2d b5 19 95 3c a3 8d 22 04 86 3d dc [0m
D (8717) wpa: 81 fb 2d ed 2a db 6f e4 7a a3 8a 09 47 5f e7 88 [0m
D (8717) wpa: SSWU: P.y - hexdump(len=32):[0m
D (8727) wpa: 13 9f ac 11 dd a6 8a 0d 06 64 19 cb 6b 87 1d 7b [0m
D (8727) wpa: 0e 4b 6f 0a 3e bf 27 7b cc f0 48 5c 70 19 6e be [0m
D (8747) wpa: SAE: Selecting supported ECC group 19[0m
D (8747) wpa: SAE: Derive PWE from PT[0m
D (8747) wpa: SAE: PT.x - hexdump(len=32):[0m
D (8747) wpa: 5e 56 ac 85 c2 72 a4 cd 38 6d a8 06 8b 16 c1 43 [0m
D (8757) wpa: e0 2d 20 99 89 dc 11 35 ae dc a3 49 a1 83 d7 88 [0m
D (8757) wpa: SAE: PT.y - hexdump(len=32):[0m
D (8767) wpa: aa fa 7a f5 02 2c 8c e9 b1 48 10 ff c1 08 00 d3 [0m
D (8767) wpa: ad 99 e5 1b 07 39 e7 cd 99 28 0e 5b 6b 2c 1f 43 [0m
D (8777) wpa: SAE: val = H(0^n, MAX(addrs) || MIN(addrs))[0m
D (8777) wpa: SAE: val - hexdump(len=32):[0m
D (8787) wpa: fd 57 57 36 8e 3c 67 38 67 51 7b 06 72 d2 0a c2 [0m
D (8787) wpa: 15 06 a4 7a 4f d1 c8 94 80 82 fe c2 50 08 27 0f [0m
D (8797) wpa: SAE: val(reduced to 1..q-1) - hexdump(len=32):[0m
D (8807) wpa: fd 57 57 36 8e 3c 67 38 67 51 7b 06 72 d2 0a c2 [0m
D (8807) wpa: 15 06 a4 7a 4f d1 c8 94 80 82 fe c2 50 08 27 10 [0m
D (8967) wpa: SAE: PWE.x - hexdump(len=32):[0m
D (8967) wpa: d5 06 0e 8d 73 a9 23 d7 5f 4b a4 c1 ad 4d 48 23 [0m
D (8967) wpa: b8 52 ef 6a 16 14 7f 2f 34 46 5c ef cc 8f ff 48 [0m
D (8977) wpa: SAE: PWE.y - hexdump(len=32):[0m
D (8977) wpa: c6 c2 8a b3 39 d2 5a 4f 49 b4 9b c1 c9 ba df 48 [0m
D (8987) wpa: c5 8a 58 bd 46 f0 76 7c 13 04 7a 7e da b1 4f 81 [0m
D (9147) wpa: SAE: own commit-scalar - hexdump(len=32):[0m
D (9147) wpa: 48 f8 74 a9 17 46 ed ae df 50 20 45 2f da 89 da [0m
D (9147) wpa: 6c fb be cd 08 6b c8 ec f7 71 f4 b2 2d 93 91 2e [0m
D (9147) wpa: SAE: own commit-element(x) - hexdump(len=32):[0m
D (9157) wpa: cd 89 16 b0 fd 3f a0 21 10 22 a5 06 72 67 d3 be [0m
D (9157) wpa: 03 03 77 33 1e cd 04 be 6b 0c 3b 85 56 33 f7 1e [0m
D (9167) wpa: SAE: own commit-element(y) - hexdump(len=32):[0m
D (9177) wpa: e2 01 5f 24 2c 40 ae 91 92 61 58 3a 03 7d 50 b6 [0m
D (9177) wpa: 9c 85 01 ec 12 fd a7 fa b3 1f 9e c9 9c 7e 92 2d [0m
D (9187) wifi:start 1s AUTH timer
D (9187) wifi:clear scan ap list
D (9197) wifi:tx data done, now:9212643
D (9197) wifi:3011 : no offchan in progress
D (9197) wifi:woke up
D (9197) wifi:recv auth: seq=1, status=126
D (9207) wpa: SAE: Peer commit-scalar - hexdump(len=32):[0m
D (9207) wpa: a0 37 f8 cc 68 ab ae 87 04 46 36 b4 96 82 57 11 [0m
D (9217) wpa: b2 f0 dd 17 35 da 10 6e 96 8e 44 6f 21 e6 28 1e [0m
D (9217) wpa: SAE: Peer commit-element(x) - hexdump(len=32):[0m
D (9227) wpa: 92 2e d1 e0 1b a6 e7 b3 33 07 16 c6 d0 98 89 34 [0m
D (9237) wpa: c0 c7 b0 98 b8 a0 90 56 88 d4 6f cc ca 9c a9 3d [0m
D (9237) wpa: SAE: Peer commit-element(y) - hexdump(len=32):[0m
D (9247) wpa: 32 d6 d5 a3 d3 4d 06 e3 ab 8c f2 19 22 79 ac c1 [0m
D (9247) wpa: 45 00 fe 90 84 fa 44 c9 ee 99 4f 70 23 b2 74 a5 [0m
D (9257) wpa: SAE: Possible elements at the end of the frame - hexdump(len=0):[0m
D (9267) wpa: SAE: Possible elements at the end of the frame - hexdump(len=0):[0m
D (9267) wpa: SAE: Possible elements at the end of the frame - hexdump(len=0):[0m
D (9277) wpa: SAE: Possible elements at the end of the frame - hexdump(len=0):[0m
D (9597) wpa: SAE: k - hexdump(len=32):[0m
D (9597) wpa: c2 6d 4c a8 47 ac b6 b6 da 15 85 58 52 72 58 62 [0m
D (9597) wpa: 76 34 d0 de b5 2d 60 59 71 3e ae 2f 88 03 7e 56 [0m
D (9607) wpa: SAE: salt for keyseed derivation - hexdump(len=32):[0m
D (9607) wpa: 00 00 00 00 00 00 00 00 00 00 00 00 00 00 00 00 [0m
D (9617) wpa: 00 00 00 00 00 00 00 00 00 00 00 00 00 00 00 00 [0m
D (9617) wpa: SAE: keyseed - hexdump(len=32):[0m
D (9627) wpa: 22 6c a0 b1 e4 fd 18 c0 6d 8f bb ca 00 5f 88 0b [0m
D (9627) wpa: b3 84 33 fc 5f 99 c4 db 35 1c 16 fa 22 61 7e d3 [0m
D (9637) wpa: SAE: PMKID - hexdump(len=16):[0m
D (9637) wpa: e9 30 6d 75 7f f2 9c 35 e3 96 56 f9 c6 5c e0 ec [0m
D (9647) wpa: SAE: KCK - hexdump(len=32):[0m
D (9647) wpa: d7 ce 77 52 46 e9 36 35 22 92 3b 08 8e 2a f1 15 [0m
D (9657) wpa: 45 8d fb 01 9f 29 4e 27 9a 3b 44 b8 f7 8c 21 6b [0m
D (9667) wpa: SAE: PMK - hexdump(len=32):[0m
D (9667) wpa: 4f 0d bc 8e 43 d3 d8 86 e7 6d 6f 86 70 42 cb 56 [0m
D (9677) wpa: d2 1f 16 07 94 98 f0 f6 b5 0a 5f 12 22 a2 e7 3b [0m
D (9677) wifi:tx data done, now:9701595
D (9687) wifi:3011 : no offchan in progress
D (9687) wifi:woke up
D (9687) wifi:recv auth: seq=2, status=0
D (9697) wpa: SAE: peer-send-confirm 65535[0m
D (9697) wpa: ELOOP: pmksa_cache_set_expiration:76 called to remove timer handler=0x4202c328, removed count=0[0m
D (9707) wpa: ELOOP: Added one timer from pmksa_cache_set_expiration:85 to call 0x4202c328, current order=0[0m
D (9717) wpa: RSN: Added PMKSA cache entry for 04:f0:21:8f:78:38 network_ctx=0x0[0m
I (9727) wifi:state: auth -> assoc (0)
D (9727) wifi:tx data done, now:9749762
D (9727) wifi:3011 : no offchan in progress
D (9737) wifi:woke up
D (9737) wifi:recv assoc: type=0x10
I (9737) wifi:Association refused temporarily, comeback time 1000 (TUs)
D (9747) wpa: WPA: Association event - clear replay counter[0m
D (9747) wpa: WPA: Clear old PTK[0m
I (10767) wifi:state: assoc -> assoc (0)
D (10777) wifi:tx data done, now:10793091
D (10777) wifi:3011 : no offchan in progress
D (10777) wifi:woke up
D (10827) wifi:recv assoc: type=0x10
D (10827) wifi:filter: set rx policy=6
I (10827) wifi:state: assoc -> run (10)
D (10827) wifi:start 10s connect timer for 4 way handshake
D (10827) wpa: WPA: Association event - clear replay counter[0m
D (10837) wpa: WPA: Clear old PTK[0m
V (10837) wifi:wpa_psk start
D (10837) wpa: IEEE 802.1X RX: version=2 type=3 length=117[0m
V (10847) wpa: WPA: RX EAPOL-Key - hexdump(len=121):[0m
V (10847) wpa: 02 03 00 75 02 00 88 00 10 00 00 00 00 00 00 00 [0m
V (10857) wpa: 25 26 4c 6b 9f 4d f9 f8 67 00 68 0f e5 48 f6 60 [0m
V (10857) wpa: 38 17 98 3e c5 5b a7 49 71 11 3c 68 5e 27 5e 92 [0m
V (10867) wpa: e7 00 00 00 00 00 00 00 00 00 00 00 00 00 00 00 [0m
V (10877) wpa: 00 00 00 00 00 00 00 00 00 00 00 00 00 00 00 00 [0m
V (10877) wpa: 00 00 00 00 00 00 00 00 00 00 00 00 00 00 00 00 [0m
V (10887) wpa: 00 00 16 dd 14 00 0f ac 04 e9 30 6d 75 7f f2 9c [0m
V (10887) wpa: 35 e3 96 56 f9 c6 5c e0 ec [0m
D (10897) wpa:   EAPOL-Key type=2[0m
D (10897) wpa:   key_info 0x88 (ver=0 keyidx=0 rsvd=0 Pairwise Ack)[0m
D (10907) wpa:   key_length=16 key_data_length=22[0m
D (10907) wpa:   replay_counter - hexdump(len=8):[0m
D (10917) wpa: 00 00 00 00 00 00 00 25 [0m
D (10917) wpa:   key_nonce - hexdump(len=32):[0m
D (10927) wpa: 26 4c 6b 9f 4d f9 f8 67 00 68 0f e5 48 f6 60 38 [0m
D (10927) wpa: 17 98 3e c5 5b a7 49 71 11 3c 68 5e 27 5e 92 e7 [0m
D (10937) wpa:   key_iv - hexdump(len=16):[0m
D (10937) wpa: 00 00 00 00 00 00 00 00 00 00 00 00 00 00 00 00 [0m
D (10947) wpa:   key_rsc - hexdump(len=8):[0m
D (10947) wpa: 00 00 00 00 00 00 00 00 [0m
D (10957) wpa:   key_id (reserved) - hexdump(len=8):[0m
D (10957) wpa: 00 00 00 00 00 00 00 00 [0m
D (10967) wpa:   key_mic - hexdump(len=16):[0m
D (10967) wpa: 00 00 00 00 00 00 00 00 00 00 00 00 00 00 00 00 [0m
D (10977) wpa: WPA 1/4-Way Handshake[0m
D (10977) wpa: RSN: msg 1/4 key data - hexdump(len=22):[0m
D (10977) wpa: dd 14 00 0f ac 04 e9 30 6d 75 7f f2 9c 35 e3 96 [0m
D (10987) wpa: 56 f9 c6 5c e0 ec [0m
D (10987) wpa: WPA: PMKID in EAPOL-Key - hexdump(len=22):[0m
D (10997) wpa: dd 14 00 0f ac 04 e9 30 6d 75 7f f2 9c 35 e3 96 [0m
D (11007) wpa: 56 f9 c6 5c e0 ec [0m
D (11007) wpa: RSN: PMKID from Authenticator - hexdump(len=16):[0m
D (11007) wpa: e9 30 6d 75 7f f2 9c 35 e3 96 56 f9 c6 5c e0 ec [0m
D (11017) wpa: RSN: found matching PMKID from PMKSA cache[0m
D (11027) wpa: RSN: matched PMKID - hexdump(len=16):[0m
D (11027) wpa: e9 30 6d 75 7f f2 9c 35 e3 96 56 f9 c6 5c e0 ec [0m
D (11037) wpa: RSN: PMK from PMKSA cache - hexdump(len=32):[0m
D (11037) wpa: 4f 0d bc 8e 43 d3 d8 86 e7 6d 6f 86 70 42 cb 56 [0m
D (11047) wpa: d2 1f 16 07 94 98 f0 f6 b5 0a 5f 12 22 a2 e7 3b [0m
D (11047) wpa: WPA: Renewed SNonce - hexdump(len=32):[0m
D (11057) wpa: 39 55 f6 cb 22 af 33 8b 63 6d bb 7b 6a 97 62 21 [0m
D (11067) wpa: ce 18 41 e2 12 c8 41 a0 f4 37 3b 97 7b ee 48 03 [0m
D (11067) wpa: WPA: PTK derivation - A1=84:fc:e6:7b:73:b8 A2=04:f0:21:8f:78:38
[0m
V (11077) wpa: WPA: PMK - hexdump(len=32):[0m
V (11077) wpa: 4f 0d bc 8e 43 d3 d8 86 e7 6d 6f 86 70 42 cb 56 [0m
V (11087) wpa: d2 1f 16 07 94 98 f0 f6 b5 0a 5f 12 22 a2 e7 3b [0m
D (11097) wpa: WPA: PTK - hexdump(len=48):[0m
D (11097) wpa: 07 02 c7 9f 30 ae c8 64 f5 aa e9 74 5d 85 00 39 [0m
D (11107) wpa: d7 50 a8 0b 09 5b f2 8a 49 28 7b 64 5b 5a 79 fb [0m
D (11107) wpa: 12 78 4e 03 3d 94 f9 12 d1 3d 48 10 52 e0 3d 1d [0m
D (11117) wpa: WPA: KCK - hexdump(len=16):[0m
D (11117) wpa: 07 02 c7 9f 30 ae c8 64 f5 aa e9 74 5d 85 00 39 [0m
D (11127) wpa: WPA: KEK - hexdump(len=16):[0m
D (11127) wpa: d7 50 a8 0b 09 5b f2 8a 49 28 7b 64 5b 5a 79 fb [0m
D (11137) wpa: WPA: TK - hexdump(len=16):[0m
D (11137) wpa: 12 78 4e 03 3d 94 f9 12 d1 3d 48 10 52 e0 3d 1d [0m
V (11147) wpa: WPA: WPA IE for msg 2/4
 - hexdump(len=31):[0m
V (11147) wpa: 30 1a 01 00 00 0f ac 04 01 00 00 0f ac 04 01 00 [0m
V (11157) wpa: 00 0f ac 08 c0 04 00 00 00 0f ac 06 f4 01 20 [0m
D (11167) wpa: WPA Send EAPOL-Key 2/4[0m
D (11167) wpa: WPA: KCK - hexdump(len=16):[0m
D (11167) wpa: 07 02 c7 9f 30 ae c8 64 f5 aa e9 74 5d 85 00 39 [0m
D (11177) wpa: WPA: Derived Key MIC - hexdump(len=16):[0m
D (11177) wpa: 21 ba b4 93 61 38 e2 c9 86 cc de 44 11 c0 01 1c [0m
V (11187) wpa: WPA: TX EAPOL-Key - hexdump(len=130):[0m
V (11197) wpa: 01 03 00 7e 02 01 08 00 00 00 00 00 00 00 00 00 [0m
V (11197) wpa: 25 39 55 f6 cb 22 af 33 8b 63 6d bb 7b 6a 97 62 [0m
V (11207) wpa: 21 ce 18 41 e2 12 c8 41 a0 f4 37 3b 97 7b ee 48 [0m
V (11207) wpa: 03 00 00 00 00 00 00 00 00 00 00 00 00 00 00 00 [0m
V (11217) wpa: 00 00 00 00 00 00 00 00 00 00 00 00 00 00 00 00 [0m
V (11227) wpa: 00 21 ba b4 93 61 38 e2 c9 86 cc de 44 11 c0 01 [0m
V (11227) wpa: 1c 00 1f 30 1a 01 00 00 0f ac 04 01 00 00 0f ac [0m
V (11237) wpa: 04 01 00 00 0f ac 08 c0 04 00 00 00 0f ac 06 f4 [0m
V (11237) wpa: 01 20 [0m
V (11247) wifi:wpa_psk handle succeed
D (11247) wifi:tx data done, now:11266073
D (11247) wifi:woke up
D (11257) wpa: 2/4 txcb, flags=0, txfail 0[0m
D (11257) wifi:tx data done, now:11275884
D (11257) wifi:3011 : no offchan in progress
D (11267) wifi:woke up
V (11267) wifi:wpa_psk start
D (11267) wpa: IEEE 802.1X RX: version=2 type=3 length=191[0m
V (11277) wpa: WPA: RX EAPOL-Key - hexdump(len=195):[0m
V (11277) wpa: 02 03 00 bf 02 13 c8 00 10 00 00 00 00 00 00 00 [0m
V (11287) wpa: 26 26 4c 6b 9f 4d f9 f8 67 00 68 0f e5 48 f6 60 [0m
V (11287) wpa: 38 17 98 3e c5 5b a7 49 71 11 3c 68 5e 27 5e 92 [0m
V (11297) wpa: e7 00 00 00 00 00 00 00 00 00 00 00 00 00 00 00 [0m
V (11307) wpa: 00 00 00 00 00 00 00 00 00 00 00 00 00 00 00 00 [0m
V (11307) wpa: 00 d5 25 a7 3e d0 1a 25 de b2 e3 95 ad 82 c1 50 [0m
V (11317) wpa: 79 00 60 bc 9b 4d a9 08 db cf 4d 1c 1f 3f 8f b0 [0m
V (11317) wpa: a2 30 d9 96 3d bf 41 a5 a0 61 a0 39 2f 4d 8b aa [0m
V (11327) wpa: 53 49 c6 b6 f1 45 bc ae 3c 2a 85 fc 5e f1 c2 0f [0m
V (11337) wpa: cd cc 9a c5 04 e6 9f 34 99 0f 1f c6 0e ca 79 d5 [0m
V (11337) wpa: ae eb 10 a3 9a f8 66 1e 19 f2 a3 7b 7e b3 97 39 [0m
V (11347) wpa: fd b9 d7 6e 71 8d c0 32 2c 76 da 07 56 5a f5 46 [0m
V (11347) wpa: 89 3e e4 [0m
D (11357) wpa:   EAPOL-Key type=2[0m
D (11357) wpa:   key_info 0x13c8 (ver=0 keyidx=0 rsvd=0 Pairwise Install Ack MIC Secure Encr)[0m
D (11367) wpa:   key_length=16 key_data_length=96[0m
D (11367) wpa:   replay_counter - hexdump(len=8):[0m
D (11377) wpa: 00 00 00 00 00 00 00 26 [0m
D (11377) wpa:   key_nonce - hexdump(len=32):[0m
D (11387) wpa: 26 4c 6b 9f 4d f9 f8 67 00 68 0f e5 48 f6 60 38 [0m
D (11387) wpa: 17 98 3e c5 5b a7 49 71 11 3c 68 5e 27 5e 92 e7 [0m
D (11397) wpa:   key_iv - hexdump(len=16):[0m
D (11397) wpa: 00 00 00 00 00 00 00 00 00 00 00 00 00 00 00 00 [0m
D (11407) wpa:   key_rsc - hexdump(len=8):[0m
D (11407) wpa: 00 00 00 00 00 00 00 00 [0m
D (11417) wpa:   key_id (reserved) - hexdump(len=8):[0m
D (11417) wpa: 00 00 00 00 00 00 00 00 [0m
D (11427) wpa:   key_mic - hexdump(len=16):[0m
D (11427) wpa: d5 25 a7 3e d0 1a 25 de b2 e3 95 ad 82 c1 50 79 [0m
D (11437) wpa: RSN: encrypted key data - hexdump(len=96):[0m
D (11437) wpa: bc 9b 4d a9 08 db cf 4d 1c 1f 3f 8f b0 a2 30 d9 [0m
D (11447) wpa: 96 3d bf 41 a5 a0 61 a0 39 2f 4d 8b aa 53 49 c6 [0m
D (11447) wpa: b6 f1 45 bc ae 3c 2a 85 fc 5e f1 c2 0f cd cc 9a [0m
D (11457) wpa: c5 04 e6 9f 34 99 0f 1f c6 0e ca 79 d5 ae eb 10 [0m
D (11467) wpa: a3 9a f8 66 1e 19 f2 a3 7b 7e b3 97 39 fd b9 d7 [0m
D (11467) wpa: 6e 71 8d c0 32 2c 76 da 07 56 5a f5 46 89 3e e4 [0m
D (11477) wpa: WPA: decrypted EAPOL-Key key data - hexdump(len=88):[0m
D (11477) wpa: 30 1c 01 00 00 0f ac 04 01 00 00 0f ac 04 03 00 [0m
D (11487) wpa: 00 0f ac 02 00 0f ac 06 00 0f ac 08 8c 00 f4 01 [0m
D (11497) wpa: 20 dd 16 00 0f ac 01 01 00 f7 7d 3d 8c 54 39 98 [0m
D (11497) wpa: a8 fd 27 b6 32 3e 14 09 0b dd 1c 00 0f ac 09 04 [0m
D (11507) wpa: 00 00 00 00 00 00 00 e2 47 7f 2e 25 ba 9b 00 56 [0m
D (11507) wpa: 10 63 1d a1 29 5e bb dd [0m
D (11517) wpa: WPA 3/4-Way Handshake[0m
D (11517) wpa: WPA: RSN IE in EAPOL-Key - hexdump(len=30):[0m
D (11527) wpa: 30 1c 01 00 00 0f ac 04 01 00 00 0f ac 04 03 00 [0m
D (11527) wpa: 00 0f ac 02 00 0f ac 06 00 0f ac 08 8c 00 [0m
D (11537) wpa: WPA: RSNXE in EAPOL-Key - hexdump(len=3):[0m
D (11537) wpa: f4 01 20 [0m
D (11547) wpa: WPA: GTK in EAPOL-Key - hexdump(len=24):[0m
D (11547) wpa: dd 16 00 0f ac 01 01 00 f7 7d 3d 8c 54 39 98 a8 [0m
D (11557) wpa: fd 27 b6 32 3e 14 09 0b [0m
D (11557) wpa: WPA: IGTK in EAPOL-Key - hexdump(len=30):[0m
D (11567) wpa: dd 1c 00 0f ac 09 04 00 00 00 00 00 00 00 e2 47 [0m
D (11567) wpa: 7f 2e 25 ba 9b 00 56 10 63 1d a1 29 5e bb [0m
D (11577) wpa: WPA: IE KeyData - hexdump(len=88):[0m
D (11577) wpa: 30 1c 01 00 00 0f ac 04 01 00 00 0f ac 04 03 00 [0m
D (11587) wpa: 00 0f ac 02 00 0f ac 06 00 0f ac 08 8c 00 f4 01 [0m
D (11587) wpa: 20 dd 16 00 0f ac 01 01 00 f7 7d 3d 8c 54 39 98 [0m
D (11597) wpa: a8 fd 27 b6 32 3e 14 09 0b dd 1c 00 0f ac 09 04 [0m
D (11607) wpa: 00 00 00 00 00 00 00 e2 47 7f 2e 25 ba 9b 00 56 [0m
D (11607) wpa: 10 63 1d a1 29 5e bb dd [0m
D (11617) wpa: WPA: RSC - hexdump(len=8):[0m
D (11617) wpa: 00 00 00 00 00 00 00 00 [0m
D (11617) wpa: RSN: received GTK in pairwise handshake - hexdump(len=18):[0m
D (11627) wpa: 01 00 f7 7d 3d 8c 54 39 98 a8 fd 27 b6 32 3e 14 [0m
D (11637) wpa: 09 0b [0m
D (11637) wpa: WPA: IGTK keyid 4 pn 000000000000[0m
D (11637) wpa: WPA: IGTK - hexdump(len=16):[0m
D (11647) wpa: e2 47 7f 2e 25 ba 9b 00 56 10 63 1d a1 29 5e bb [0m
D (11647) wpa: tx 4/4 txcb_flags=8192[0m
D (11657) wpa: WPA Send EAPOL-Key 4/4[0m
D (11657) wpa: WPA: KCK - hexdump(len=16):[0m
D (11667) wpa: 07 02 c7 9f 30 ae c8 64 f5 aa e9 74 5d 85 00 39 [0m
D (11667) wpa: WPA: Derived Key MIC - hexdump(len=16):[0m
D (11677) wpa: 11 d6 00 1b 44 a8 cd 28 a4 41 3f 65 2c d2 de 2f [0m
V (11677) wpa: WPA: TX EAPOL-Key - hexdump(len=99):[0m
V (11687) wpa: 01 03 00 5f 02 03 08 00 00 00 00 00 00 00 00 00 [0m
V (11687) wpa: 26 00 00 00 00 00 00 00 00 00 00 00 00 00 00 00 [0m
V (11697) wpa: 00 00 00 00 00 00 00 00 00 00 00 00 00 00 00 00 [0m
V (11707) wpa: 00 00 00 00 00 00 00 00 00 00 00 00 00 00 00 00 [0m
V (11707) wpa: 00 00 00 00 00 00 00 00 00 00 00 00 00 00 00 00 [0m
V (11717) wpa: 00 11 d6 00 1b 44 a8 cd 28 a4 41 3f 65 2c d2 de [0m
V (11717) wpa: 2f 00 00 [0m
V (11727) wifi:wpa_psk handle succeed
V (11727) wifi:wpa_psk start
D (11727) wpa: IEEE 802.1X RX: version=2 type=3 length=191[0m
V (11737) wpa: WPA: RX EAPOL-Key - hexdump(len=195):[0m
V (11737) wpa: 02 03 00 bf 02 13 c8 00 10 00 00 00 00 00 00 00 [0m
V (11747) wpa: 27 26 4c 6b 9f 4d f9 f8 67 00 68 0f e5 48 f6 60 [0m
V (11757) wpa: 38 17 98 3e c5 5b a7 49 71 11 3c 68 5e 27 5e 92 [0m
V (11757) wpa: e7 00 00 00 00 00 00 00 00 00 00 00 00 00 00 00 [0m
V (11767) wpa: 00 00 00 00 00 00 00 00 00 00 00 00 00 00 00 00 [0m
V (11767) wpa: 00 d2 e0 29 25 a8 6a be 07 58 cc ff ac 92 41 8e [0m
V (11777) wpa: a8 00 60 bc 9b 4d a9 08 db cf 4d 1c 1f 3f 8f b0 [0m
V (11787) wpa: a2 30 d9 96 3d bf 41 a5 a0 61 a0 39 2f 4d 8b aa [0m
V (11787) wpa: 53 49 c6 b6 f1 45 bc ae 3c 2a 85 fc 5e f1 c2 0f [0m
V (11797) wpa: cd cc 9a c5 04 e6 9f 34 99 0f 1f c6 0e ca 79 d5 [0m
V (11797) wpa: ae eb 10 a3 9a f8 66 1e 19 f2 a3 7b 7e b3 97 39 [0m
V (11807) wpa: fd b9 d7 6e 71 8d c0 32 2c 76 da 07 56 5a f5 46 [0m
V (11817) wpa: 89 3e e4 [0m
D (11817) wpa:   EAPOL-Key type=2[0m
D (11817) wpa:   key_info 0x13c8 (ver=0 keyidx=0 rsvd=0 Pairwise Install Ack MIC Secure Encr)[0m
D (11827) wpa:   key_length=16 key_data_length=96[0m
D (11827) wpa:   replay_counter - hexdump(len=8):[0m
D (11837) wpa: 00 00 00 00 00 00 00 27 [0m
D (11837) wpa:   key_nonce - hexdump(len=32):[0m
D (11847) wpa: 26 4c 6b 9f 4d f9 f8 67 00 68 0f e5 48 f6 60 38 [0m
D (11847) wpa: 17 98 3e c5 5b a7 49 71 11 3c 68 5e 27 5e 92 e7 [0m
D (11857) wpa:   key_iv - hexdump(len=16):[0m
D (11857) wpa: 00 00 00 00 00 00 00 00 00 00 00 00 00 00 00 00 [0m
D (11867) wpa:   key_rsc - hexdump(len=8):[0m
D (11867) wpa: 00 00 00 00 00 00 00 00 [0m
D (11877) wpa:   key_id (reserved) - hexdump(len=8):[0m
D (11877) wpa: 00 00 00 00 00 00 00 00 [0m
D (11887) wpa:   key_mic - hexdump(len=16):[0m
D (11887) wpa: d2 e0 29 25 a8 6a be 07 58 cc ff ac 92 41 8e a8 [0m
D (11897) wpa: RSN: encrypted key data - hexdump(len=96):[0m
D (11897) wpa: bc 9b 4d a9 08 db cf 4d 1c 1f 3f 8f b0 a2 30 d9 [0m
D (11907) wpa: 96 3d bf 41 a5 a0 61 a0 39 2f 4d 8b aa 53 49 c6 [0m
D (11907) wpa: b6 f1 45 bc ae 3c 2a 85 fc 5e f1 c2 0f cd cc 9a [0m
D (11917) wpa: c5 04 e6 9f 34 99 0f 1f c6 0e ca 79 d5 ae eb 10 [0m
D (11927) wpa: a3 9a f8 66 1e 19 f2 a3 7b 7e b3 97 39 fd b9 d7 [0m
D (11927) wpa: 6e 71 8d c0 32 2c 76 da 07 56 5a f5 46 89 3e e4 [0m
D (11937) wpa: WPA: decrypted EAPOL-Key key data - hexdump(len=88):[0m
D (11947) wpa: 30 1c 01 00 00 0f ac 04 01 00 00 0f ac 04 03 00 [0m
D (11947) wpa: 00 0f ac 02 00 0f ac 06 00 0f ac 08 8c 00 f4 01 [0m
D (11957) wpa: 20 dd 16 00 0f ac 01 01 00 f7 7d 3d 8c 54 39 98 [0m
D (11957) wpa: a8 fd 27 b6 32 3e 14 09 0b dd 1c 00 0f ac 09 04 [0m
D (11967) wpa: 00 00 00 00 00 00 00 e2 47 7f 2e 25 ba 9b 00 56 [0m
D (11967) wpa: 10 63 1d a1 29 5e bb dd [0m
D (11977) wpa: WPA 3/4-Way Handshake[0m
D (11977) wpa: WPA: RSN IE in EAPOL-Key - hexdump(len=30):[0m
D (11987) wpa: 30 1c 01 00 00 0f ac 04 01 00 00 0f ac 04 03 00 [0m
D (11987) wpa: 00 0f ac 02 00 0f ac 06 00 0f ac 08 8c 00 [0m
D (11997) wpa: WPA: RSNXE in EAPOL-Key - hexdump(len=3):[0m
D (11997) wpa: f4 01 20 [0m
D (12007) wpa: WPA: GTK in EAPOL-Key - hexdump(len=24):[0m
D (12007) wpa: dd 16 00 0f ac 01 01 00 f7 7d 3d 8c 54 39 98 a8 [0m
D (12017) wpa: fd 27 b6 32 3e 14 09 0b [0m
D (12017) wpa: WPA: IGTK in EAPOL-Key - hexdump(len=30):[0m
D (12027) wpa: dd 1c 00 0f ac 09 04 00 00 00 00 00 00 00 e2 47 [0m
D (12027) wpa: 7f 2e 25 ba 9b 00 56 10 63 1d a1 29 5e bb [0m
D (12037) wpa: WPA: IE KeyData - hexdump(len=88):[0m
D (12037) wpa: 30 1c 01 00 00 0f ac 04 01 00 00 0f ac 04 03 00 [0m
D (12047) wpa: 00 0f ac 02 00 0f ac 06 00 0f ac 08 8c 00 f4 01 [0m
D (12057) wpa: 20 dd 16 00 0f ac 01 01 00 f7 7d 3d 8c 54 39 98 [0m
D (12057) wpa: a8 fd 27 b6 32 3e 14 09 0b dd 1c 00 0f ac 09 04 [0m
D (12067) wpa: 00 00 00 00 00 00 00 e2 47 7f 2e 25 ba 9b 00 56 [0m
D (12067) wpa: 10 63 1d a1 29 5e bb dd [0m
D (12077) wpa: WPA: RSC - hexdump(len=8):[0m
D (12077) wpa: 00 00 00 00 00 00 00 00 [0m
D (12087) wpa: RSN: received GTK in pairwise handshake - hexdump(len=18):[0m
D (12087) wpa: 01 00 f7 7d 3d 8c 54 39 98 a8 fd 27 b6 32 3e 14 [0m
D (12097) wpa: 09 0b [0m
D (12097) wpa: WPA: Not reinstalling already in-use IGTK to the driver (keyidx=4)[0m
D (12107) wpa: tx 4/4 txcb_flags=8192[0m
D (12107) wpa: WPA Send EAPOL-Key 4/4[0m
D (12117) wpa: WPA: KCK - hexdump(len=16):[0m
D (12117) wpa: 07 02 c7 9f 30 ae c8 64 f5 aa e9 74 5d 85 00 39 [0m
D (12127) wpa: WPA: Derived Key MIC - hexdump(len=16):[0m
D (12127) wpa: 8f f8 79 15 ef af 49 16 b7 ce 99 ea c3 82 69 95 [0m
V (12137) wpa: WPA: TX EAPOL-Key - hexdump(len=99):[0m
V (12137) wpa: 01 03 00 5f 02 03 08 00 00 00 00 00 00 00 00 00 [0m
V (12147) wpa: 27 00 00 00 00 00 00 00 00 00 00 00 00 00 00 00 [0m
V (12147) wpa: 00 00 00 00 00 00 00 00 00 00 00 00 00 00 00 00 [0m
V (12157) wpa: 00 00 00 00 00 00 00 00 00 00 00 00 00 00 00 00 [0m
V (12167) wpa: 00 00 00 00 00 00 00 00 00 00 00 00 00 00 00 00 [0m
V (12167) wpa: 00 8f f8 79 15 ef af 49 16 b7 ce 99 ea c3 82 69 [0m
V (12177) wpa: 95 00 00 [0m
V (12177) wifi:wpa_psk handle succeed
D (12187) wpa: WPA: Installing PTK to the driver.[0m
D (12187) wpa: WPA: Group Key - hexdump(len=16):[0m
D (12187) wpa: f7 7d 3d 8c 54 39 98 a8 fd 27 b6 32 3e 14 09 0b [0m
D (12197) wpa: WPA: Judge GTK: (keyidx=1 len=16).[0m
D (12197) wpa: WPA: Installing GTK to the driver (keyidx=1 tx=0 len=16).[0m
D (12207) wpa: WPA: RSC - hexdump(len=6):[0m
D (12217) wpa: 00 00 00 00 00 00 [0m
D (12217) wpa: WPA: Key negotiation completed with 04:f0:21:8f:78:38 [PTK=CCMP GTK=CCMP]
[0m
I (12227) wifi:connected with #############, aid = 3, channel 6, BW20, bssid = 04:f0:21:8f:78:38
I (12237) wifi:security: WPA3-SAE, phy: bgn, rssi: -26
D (12237) wifi:remove all except 04:f0:21:8f:78:38 from rc list
D (12247) wifi:clear blacklist
D (12247) nvs: nvs_set sta.chan 1 6[0m
D (12247) nvs: nvs_set_blob sta.apinfo 700[0m
D (12257) wifi:filter: set rx policy=7
I (12257) wifi:pm start, type: 1

I (12257) wifi:dp: 1, bi: 102400, li: 3, scale listen interval from 307200 us to 307200 us
I (12267) wifi:set rx beacon pti, rx_bcn_pti: 0, bcn_timeout: 25000, mt_pti: 0, mt_time: 10000
D (12277) wifi:Send sta connected event
D (12277) wifi:connect status 1 -> 5
D (12287) wifi:obss scan is disabled
D (12287) wifi:start obss scan: obss scan is stopped
D (12287) wifi:tx data done, now:12311684
I (12297) wifi:dp: 2, bi: 102400, li: 4, scale listen interval from 307200 us to 409600 us
I (12307) wifi:AP's beacon interval = 102400 us, DTIM period = 2
D (12307) wifi:tx data done, now:12329708
D (12317) event: running post WIFI_EVENT:4 with handler 0x4202cd14 and context 0x3fca7e90 on loop 0x3fca6d0c[0m
V (12327) esp_adapter: thread sem get: sem=0x3fcb27f0[0m
D (12327) esp_netif_handlers: esp_netif action connected with netif0x3fca7c34 from event_id=4[0m
D (12337) esp_netif_lwip: check: remote, if=0x3fca7c34 fn=0x42013ad8[0m
D (12347) esp_netif_lwip: esp_netif_up_api esp_netif:0x3fca7c34[0m
D (12347) esp_netif_lwip: check: local, if=0x3fca7c34 fn=0x42013ea4[0m
D (12357) esp_netif_lwip: esp_netif_update_default_netif_lwip 0x3fca7c34[0m
V (12357) esp_netif_lwip: esp_netif_is_netif_up esp_netif:0x3fca7c34[0m
D (12367) wifi:D (12367) esp_netif_lwip: call api in lwip: ret=0x0, give sem[0m
tx data done, now:12383302
D (12377) esp_netif_lwip: check: remote, if=0x3fca7c34 fn=0x42013994[0m
D (12387) esp_netif_lwip: esp_netif_dhcpc_start_api esp_netif:0x3fca7c34[0m
D (12387) esp_netif_lwip: esp_netif_start_ip_lost_timer esp_netif:0x3fca7c34[0m
D (12397) esp_netif_lwip: if0x3fca7c34 start ip lost tmr: interval=120[0m
D (12407) esp_netif_lwip: starting dhcp client[0m
D (12407) wifi:D (12407) esp_netif_lwip: call api in lwip: ret=0x0, give sem[0m
eb is dhcp or dns sport = 68, dport = 67
D (12417) event: running post WIFI_EVENT:4 with handler 0x4200a710 and context 0x3fca7f98 on loop 0x3fca6d0c[0m
D (12417) wifi:tx data done, now:12441231
I (12437) wifi:<ba-add>idx:0 (ifx:0, 04:f0:21:8f:78:38), tid:7, ssn:0, winSize:64
D (12437) wifi:tx_mgmt cb : 1636 status 1 
D (12447) wifi:tx data done, now:12464541
V (12447) wifi:sta recv dup seq=0 tid=7, discard
V (12457) wifi:sta recv dup seq=0 tid=7, discard
V (12457) wifi:sta recv dup seq=0 tid=7, discard
V (12457) wifi:sta recv dup seq=0 tid=7, discard
V (12467) wifi:sta recv dup seq=0 tid=7, discard
V (12467) wifi:sta recv dup seq=0 tid=7, discard
V (12477) wifi:sta recv dup seq=0 tid=7, discard
V (12477) wifi:sta recv dup seq=0 tid=7, discard
D (12487) wifi:eb is dhcp or dns sport = 68, dport = 67
V (12487) wifi:sta recv dup seq=0 tid=7, discard
D (12497) wifi:tx data done, now:12513153
D (12497) wifi:tx data done, now:12517270
D (12557) wifi:tx data done, now:12574931
D (12907) wifi:tx data done, now:12923076
D (12957) wifi:tx data done, now:12974769
D (12977) wifi:tx data done, now:12993036
D (13027) wifi:tx data done, now:13045357
D (13407) esp_netif_lwip: esp_netif_internal_dhcpc_cb lwip-netif:0x3fca7cb8[0m
D (13407) wifi:tx data done, now:13423170
D (13407) esp_netif_lwip: if0x3fca7c34 ip changed=1[0m
D (13407) event: running post IP_EVENT:0 with handler 0x4202cb40 and context 0x3fca7f64 on loop 0x3fca6d0c[0m
D (13417) wifi_init_default: Got IP wifi default handler entered[0m
D (13427) esp_netif_handlers: esp_netif action got_ip with netif0x3fca7c34 from event_id=0[0m
[0;32mI (13437) esp_netif_handlers: sta ip: 192.168.1.204, mask: 255.255.255.0, gw: 192.168.1.1[0m
D (13437) event: running post IP_EVENT:0 with handler 0x4200a710 and context 0x3fca7fb8 on loop 0x3fca6d0c[0m
[0;32mI (13447) wifi dpp-enrollee: got ip:192.168.1.204[0m
D (13457) wifi:tx data done, now:13474475
[0;32mI (13457) wifi dpp-enrollee: connected to ap SSID:############# password:#############[0m
D (13467) wpa: ELOOP: esp_dpp_task:410 called to remove timer handler=0x4201551c, removed count=0[0m
[0;32mI (13477) main_task: Returned from app_main()[0m
D (13977) wifi:tx data done, now:13992984
D (14027) wifi:tx data done, now:14044114
D (14977) wifi:tx data done, now:14993090
D (15027) wifi:tx data done, now:15044235
D (15977) wifi:tx data done, now:15993052
D (16027) wifi:tx data done, now:16044312
D (17627) wifi:tx data done, now:17643008
I (17627) wifi:<ba-add>idx:1 (ifx:0, 04:f0:21:8f:78:38), tid:0, ssn:0, winSize:64
D (17627) wifi:tx_mgmt cb : 1636 status 1 
D (17627) wifi:tx data done, now:17647142
V (17627) wifi:sta recv dup seq=0 tid=0, discard
D (17637) wifi:tx data done, now:17655800
D (17687) wifi:tx data done, now:17709506
