Executing action: monitor
Serial port /dev/ttyUSB0
Connecting....
Detecting chip type... ESP32-S3
Running idf_monitor in directory /home/corfu/mpc/corfu/dpp_test_auth_retries
Executing "/home/corfu/.espressif/python_env/idf5.2_py3.10_env/bin/python /home/corfu/esp/esp-idf/tools/idf_monitor.py -p /dev/ttyUSB0 -b 115200 --toolchain-prefix xtensa-esp32-elf- --target esp32 --revision 0 /home/corfu/mpc/corfu/dpp_test_auth_retries/build/dpp-enrollee.elf -m '/home/corfu/.espressif/python_env/idf5.2_py3.10_env/bin/python' '/home/corfu/esp/esp-idf/tools/idf.py'"...
ESP-ROM:esp32s3-20210327
Build:Mar 27 2021
rst:0x1 (POWERON),boot:0x8 (SPI_FAST_FLASH_BOOT)
SPIWP:0xee
mode:DIO, clock div:1
load:0x3fce3810,len:0x178c
load:0x403c9700,len:0x4
load:0x403c9704,len:0xcbc
load:0x403cc700,len:0x2da0
entry 0x403c9914
[0;32mI (25) boot: ESP-IDF v5.2.1-1-g25b86f7c6a-dirty 2nd stage bootloader[0m
[0;32mI (25) boot: compile time Sep 13 2024 16:06:08[0m
[0;32mI (26) boot: Multicore bootloader[0m
[0;32mI (30) boot: chip revision: v0.2[0m
[0;32mI (34) boot.esp32s3: Boot SPI Speed : 80MHz[0m
[0;32mI (38) boot.esp32s3: SPI Mode       : DIO[0m
[0;32mI (43) boot.esp32s3: SPI Flash Size : 2MB[0m
[0;32mI (48) boot: Enabling RNG early entropy source...[0m
[0;32mI (53) boot: Partition Table:[0m
[0;32mI (57) boot: ## Label            Usage          Type ST Offset   Length[0m
[0;32mI (64) boot:  0 nvs              WiFi data        01 02 00009000 00006000[0m
[0;32mI (72) boot:  1 phy_init         RF data          01 01 0000f000 00001000[0m
[0;32mI (79) boot:  2 factory          factory app      00 00 00010000 00100000[0m
[0;32mI (87) boot: End of partition table[0m
[0;32mI (91) esp_image: segment 0: paddr=00010020 vaddr=3c0a0020 size=33ae0h (211680) map[0m
[0;32mI (137) esp_image: segment 1: paddr=00043b08 vaddr=3fc97f00 size=04830h ( 18480) load[0m
[0;32mI (141) esp_image: segment 2: paddr=00048340 vaddr=40374000 size=07cd8h ( 31960) load[0m
[0;32mI (150) esp_image: segment 3: paddr=00050020 vaddr=42000020 size=98cf0h (625904) map[0m
[0;32mI (264) esp_image: segment 4: paddr=000e8d18 vaddr=4037bcd8 size=0c1e4h ( 49636) load[0m
[0;32mI (283) boot: Loaded app from partition at offset 0x10000[0m
[0;32mI (283) boot: Disabling RNG early entropy source...[0m
[0;32mI (295) cpu_start: Multicore app[0m
V (295) mmap: after coalescing, 1 regions are left[0m
D (295) cpu_start: Pro cpu up[0m
D (295) cpu_start: Starting app cpu, entry point is 0x4037532c[0m
D (0) cpu_start: App cpu up[0m
V CACHE_ERR: illegal error intr clr & ena mask is: 0x3f
V CACHE_ERR: core 1 ac11)ss er RTC_SLOW_CLK caliclr & oenn av amlausek:  is: 0x4311f5
3
92[0m
V CACHE_ERR: illegal error intr clr & ena mask is: 0x3f
V CACHE_ERR: core 0 access error intr clr & ena mask is: 0x1f
[0;32mI (329) cpu_start: Pro cpu start user code[0m
[0;32mI (333) cpu_start: cpu freq: 160000000 Hz[0m
[0;32mI (337) cpu_start: Application information:[0m
[0;32mI (342) cpu_start: Project name:     dpp-enrollee[0m
[0;32mI (348) cpu_start: App version:      v5.2.1-1-g25b86f7c6a-dirty[0m
[0;32mI (354) cpu_start: Compile time:     Sep 13 2024 16:06:24[0m
[0;32mI (360) cpu_start: ELF file SHA256:  178900882...[0m
[0;32mI (366) cpu_start: ESP-IDF:          v5.2.1-1-g25b86f7c6a-dirty[0m
[0;32mI (372) cpu_start: Min chip rev:     v0.0[0m
[0;32mI (377) cpu_start: Max chip rev:     v0.99 [0m
[0;32mI (382) cpu_start: Chip rev:         v0.2[0m
V (386) memory_layout: reserved range is 0x3c0d3ac0 - 0x3c0d3ae8[0m
D (392) memory_layout: Checking 6 reserved memory ranges:[0m
D (398) memory_layout: Reserved memory range 0x3fc84000 - 0x3fc97f00[0m
D (404) memory_layout: Reserved memory range 0x3fc97f00 - 0x3fca0388[0m
D (411) memory_layout: Reserved memory range 0x3fceee34 - 0x3fcf0000[0m
D (417) memory_layout: Reserved memory range 0x40374000 - 0x40387f00[0m
D (424) memory_layout: Reserved memory range 0x600fe000 - 0x600fe010[0m
D (430) memory_layout: Reserved memory range 0x600fffe8 - 0x60100000[0m
D (436) memory_layout: Building list of available memory regions:[0m
V (443) memory_layout: Examining memory region 0x3fc88000 - 0x3fc90000[0m
V (449) memory_layout: Region 0x3fc88000 - 0x3fc90000 inside of reserved 0x3fc84000 - 0x3fc97f00[0m
V (458) memory_layout: Examining memory region 0x3fc90000 - 0x3fca0000[0m
V (465) memory_layout: Start of region 0x3fc90000 - 0x3fca0000 overlaps reserved 0x3fc84000 - 0x3fc97f00[0m
V (474) memory_layout: Region 0x3fc97f00 - 0x3fca0000 inside of reserved 0x3fc97f00 - 0x3fca0388[0m
V (483) memory_layout: Examining memory region 0x3fca0000 - 0x3fcb0000[0m
V (490) memory_layout: Start of region 0x3fca0000 - 0x3fcb0000 overlaps reserved 0x3fc97f00 - 0x3fca0388[0m
D (499) memory_layout: Available memory region 0x3fca0388 - 0x3fcb0000[0m
V (506) memory_layout: Examining memory region 0x3fcb0000 - 0x3fcc0000[0m
D (512) memory_layout: Available memory region 0x3fcb0000 - 0x3fcc0000[0m
V (519) memory_layout: Examining memory region 0x3fcc0000 - 0x3fcd0000[0m
D (526) memory_layout: Available memory region 0x3fcc0000 - 0x3fcd0000[0m
V (532) memory_layout: Examining memory region 0x3fcd0000 - 0x3fce0000[0m
D (539) memory_layout: Available memory region 0x3fcd0000 - 0x3fce0000[0m
V (545) memory_layout: Examining memory region 0x3fce0000 - 0x3fce9710[0m
D (552) memory_layout: Available memory region 0x3fce0000 - 0x3fce9710[0m
V (559) memory_layout: Examining memory region 0x3fce9710 - 0x3fcf0000[0m
V (565) memory_layout: End of region 0x3fce9710 - 0x3fcf0000 overlaps reserved 0x3fceee34 - 0x3fcf0000[0m
D (575) memory_layout: Available memory region 0x3fce9710 - 0x3fceee34[0m
V (581) memory_layout: Examining memory region 0x3fcf0000 - 0x3fcf8000[0m
D (588) memory_layout: Available memory region 0x3fcf0000 - 0x3fcf8000[0m
V (594) memory_layout: Examining memory region 0x600fe000 - 0x60100000[0m
V (601) memory_layout: Start of region 0x600fe000 - 0x60100000 overlaps reserved 0x600fe000 - 0x600fe010[0m
V (611) memory_layout: End of region 0x600fe010 - 0x60100000 overlaps reserved 0x600fffe8 - 0x60100000[0m
D (620) memory_layout: Available memory region 0x600fe010 - 0x600fffe8[0m
[0;32mI (627) heap_init: Initializing. RAM available for dynamic allocation:[0m
D (634) heap_init: New heap initialised at 0x3fca0388[0m
[0;32mI (639) heap_init: At 3FCA0388 len 00049388 (292 KiB): RAM[0m
[0;32mI (645) heap_init: At 3FCE9710 len 00005724 (21 KiB): RAM[0m
D (651) heap_init: New heap initialised at 0x3fcf0000[0m
[0;32mI (656) heap_init: At 3FCF0000 len 00008000 (32 KiB): DRAM[0m
D (662) heap_init: New heap initialised at 0x600fe010[0m
[0;32mI (667) heap_init: At 600FE010 len 00001FD8 (7 KiB): RTCRAM[0m
V (674) intr_alloc: esp_intr_alloc_intrstatus (cpu 0): checking args[0m
V (680) intr_alloc: esp_intr_alloc_intrstatus (cpu 0): Args okay. Resulting flags 0x40E[0m
D (688) intr_alloc: Connected src 39 to int 2 (cpu 0)[0m
V (694) memspi: raw_chip_id: 1740C8
[0m
V (697) memspi: chip_id: C84017
[0m
V (700) memspi: raw_chip_id: 1740C8
[0m
V (704) memspi: chip_id: C84017
[0m
D (708) spi_flash: trying chip: issi[0m
D (711) spi_flash: trying chip: gd[0m
[0;32mI (715) spi_flash: detected chip: gd[0m
[0;32mI (719) spi_flash: flash io: dio[0m
[0;33mW (723) spi_flash: Detected size(8192k) larger than the size in the binary image header(2048k). Using the size in the binary image header.[0m
D (736) cpu_start: calling init function: 0x42074cfc[0m
D (741) cpu_start: calling init function: 0x420747ac[0m
D (746) cpu_start: calling init function: 0x4202ca94[0m
D (751) cpu_start: calling init function: 0x4200e438[0m
D (756) cpu_start: calling init function: 0x4037ba1c[0m
D (761) cpu_start: calling init function: 0x42002f0c[0m
D (766) cpu_start: calling init function: 0x42008640 on core: 0[0m
V (772) intr_alloc: esp_intr_alloc_intrstatus (cpu 0): checking args[0m
V (779) intr_alloc: esp_intr_alloc_intrstatus (cpu 0): Args okay. Resulting flags 0xC02[0m
D (787) intr_alloc: Connected src 59 to int 3 (cpu 0)[0m
D (792) cpu_start: calling init function: 0x42005f68 on core: 0[0m
[0;32mI (798) sleep: Configure to isolate all GPIO pins in sleep state[0m
[0;32mI (805) sleep: Enable automatic switching of GPIO sleep configuration[0m
D (812) cpu_start: calling init function: 0x420042a4 on core: 0[0m
V (818) intr_alloc: esp_intr_alloc_intrstatus (cpu 0): checking args[0m
V (824) intr_alloc: esp_intr_alloc_intrstatus (cpu 0): Args okay. Resulting flags 0x40E[0m
D (832) intr_alloc: Connected src 79 to int 9 (cpu 0)[0m
D (837) app_start: Starting scheduler on CPU0[0m
V (842) intr_alloc: esp_intr_alloc_intrstatus (cpu 0): checking args[0m
V (842) intr_alloc: esp_intr_alloc_intrstatus (cpu 0): Args okay. Resulting flags 0x402[0m
D (842) intr_alloc: Connected src 57 to int 12 (cpu 0)[0m
V (842) intr_alloc: esp_intr_alloc_intrstatus (cpu 1): checking args[0m
V (852) intr_alloc: esp_intr_alloc_intrstatus (cpu 1): Args okay. Resulting flags 0x40E[0m
D (852) intr_alloc: Connected src 80 to int 2 (cpu 1)[0m
D (862) app_start: Starting scheduler on CPU1[0m
V (862) intr_alloc: esp_intr_alloc_intrstatus (cpu 1): checking args[0m
V (872) intr_alloc: esp_intr_alloc_intrstatus (cpu 1): Args okay. Resulting flags 0x402[0m
D (882) intr_alloc: Connected src 58 to int 3 (cpu 1)[0m
[0;32mI (842) main_task: Started on CPU0[0m
D (892) heap_init: New heap initialised at 0x3fce9710[0m
V (892) intr_alloc: esp_intr_alloc_intrstatus (cpu 0): checking args[0m
V (902) intr_alloc: esp_intr_alloc_intrstatus (cpu 0): Args okay. Resulting flags 0xE[0m
D (912) intr_alloc: Connected src 52 to int 13 (cpu 0)[0m
[0;32mI (912) main_task: Calling app_main()[0m
V (922) partition: Loading the partition table[0m
V (922) mmap: actual_mapped_len is 0x10000[0m
V (932) calculated md5: 0x3fca3f38   f4 ad 4f 45 38 56 4b 5d  74 35 b6 2c 75 b6 95 24  |..OE8VK]t5.,u..$|[0m
V (942) stored md5: 0x3c0e8070   f4 ad 4f 45 38 56 4b 5d  74 35 b6 2c 75 b6 95 24  |..OE8VK]t5.,u..$|[0m
V (942) partition: Partition table MD5 verified[0m
D (972) esp_netif_lwip: LwIP stack has been initialized[0m
D (972) esp_netif_lwip: esp-netif has been successfully initialized[0m
D (972) event: running task for loop 0x3fca6d0c[0m
D (982) event: created task for loop 0x3fca6d0c[0m
D (982) event: created event loop 0x3fca6d0c[0m
D (992) esp_netif_lwip: check: remote, if=0x3fca3f70 fn=0x42013448[0m
V (992) esp_netif_objects: esp_netif_add_to_list_unsafe 0x3fca7c34[0m
D (1002) esp_netif_objects: esp_netif_add_to_list_unsafe netif added successfully (total netifs: 1)[0m
D (1012) esp_netif_lwip: call api in lwip: ret=0x0, give sem[0m
pp rom version: e7ae62f
net80211 rom version: e7ae62f
D (1022) nvs: nvs_open_from_partition misc 1[0m
I (1032) wifi:wifi driver task: 3fcaa654, prio:23, stack:6656, core=0
V (1032) esp_adapter: thread sem create: sem=0x3fcaa7ac[0m
V (1032) esp_adapter: thread sem get: sem=0x3fcaa7ac[0m
D (1042) efuse: In EFUSE_BLK1__DATA1_REG is used 8 bits starting with 8 bit[0m
D (1052) efuse: In EFUSE_BLK1__DATA1_REG is used 8 bits starting with 0 bit[0m
D (1052) efuse: In EFUSE_BLK1__DATA0_REG is used 8 bits starting with 24 bit[0m
D (1062) efuse: In EFUSE_BLK1__DATA0_REG is used 8 bits starting with 16 bit[0m
D (1072) efuse: In EFUSE_BLK1__DATA0_REG is used 8 bits starting with 8 bit[0m
D (1082) efuse: In EFUSE_BLK1__DATA0_REG is used 8 bits starting with 0 bit[0m
D (1082) nvs: nvs_open_from_partition nvs.net80211 1[0m
D (1092) nvs: nvs_get opmode 1[0m
D (1092) nvs: nvs_get_str_or_blob sta.ssid[0m
D (1102) nvs: nvs_get sta.authmode 1[0m
D (1102) nvs: nvs_get_str_or_blob sta.pswd[0m
D (1102) nvs: nvs_get_str_or_blob sta.pmk[0m
D (1112) nvs: nvs_get sta.chan 1[0m
D (1112) nvs: nvs_get auto.conn 1[0m
D (1112) nvs: nvs_get bssid.set 1[0m
D (1122) nvs: nvs_get_str_or_blob sta.bssid[0m
D (1122) nvs: nvs_get sta.lis_intval 2[0m
D (1122) nvs: nvs_get sta.phym 1[0m
D (1132) nvs: nvs_get sta.phybw 1[0m
D (1132) nvs: nvs_get_str_or_blob sta.apsw[0m
D (1142) nvs: nvs_get_str_or_blob sta.apinfo[0m
D (1142) nvs: nvs_get sta.scan_method 1[0m
D (1142) nvs: nvs_get sta.sort_method 1[0m
D (1152) nvs: nvs_get sta.minrssi 1[0m
D (1152) nvs: nvs_get sta.minauth 1[0m
D (1162) nvs: nvs_get sta.pmf_e 1[0m
D (1162) nvs: nvs_get sta.pmf_r 1[0m
D (1162) nvs: nvs_get sta.btm_e 1[0m
D (1172) nvs: nvs_get sta.rrm_e 1[0m
D (1172) nvs: nvs_get sta.mbo_e 1[0m
D (1172) nvs: nvs_get_str_or_blob ap.ssid[0m
D (1182) nvs: nvs_get_str_or_blob ap.passwd[0m
D (1182) nvs: nvs_get_str_or_blob ap.pmk[0m
D (1182) nvs: nvs_get ap.chan 1[0m
D (1192) nvs: nvs_get ap.authmode 1[0m
D (1192) nvs: nvs_get ap.hidden 1[0m
D (1192) nvs: nvs_get ap.max.conn 1[0m
D (1202) nvs: nvs_get bcn.interval 2[0m
D (1202) nvs: nvs_get ap.phym 1[0m
D (1202) nvs: nvs_get ap.phybw 1[0m
D (1212) nvs: nvs_get ap.sndchan 1[0m
D (1212) nvs: nvs_get ap.pmf_e 1[0m
D (1212) nvs: nvs_get ap.pmf_r 1[0m
D (1222) nvs: nvs_get ap.p_cipher 1[0m
D (1222) nvs: nvs_get lorate 1[0m
D (1222) nvs: nvs_get_str_or_blob country[0m
D (1232) nvs: nvs_get ap.ftm_r 1[0m
D (1232) nvs: nvs_get sta.ft 1[0m
D (1242) nvs: nvs_get sta.owe 1[0m
D (1242) nvs: nvs_get sta.trans_d 1[0m
D (1242) nvs: nvs_get sta.sae_h2e 1[0m
D (1252) nvs: nvs_get sta.sae_pk_mode 1[0m
D (1252) nvs: nvs_get sta.bss_retry 1[0m
D (1252) nvs: nvs_get_str_or_blob sta.owe_data[0m
D (1262) nvs: nvs_get sta.he_dcm 1[0m
D (1262) nvs: nvs_get sta.he_dcm_c_tx 1[0m
D (1272) nvs: nvs_get sta.he_dcm_c_rx 1[0m
D (1272) nvs: nvs_get sta.he_mcs9_d 1[0m
D (1272) nvs: nvs_get sta.he_su_b_d 1[0m
D (1282) nvs: nvs_get sta.he_su_b_f_d 1[0m
D (1282) nvs: nvs_get sta.he_mu_b_f_d 1[0m
D (1282) nvs: nvs_get sta.he_cqi_f_d 1[0m
D (1292) nvs: nvs_get_str_or_blob sta.sae_h2e_id[0m
D (1292) nvs: nvs_get ap.sae_h2e 1[0m
D (1302) nvs: nvs_get_str_or_blob ap.pmk_info[0m
D (1302) nvs: nvs_get nan.phym 1[0m
D (1302) nvs: nvs_set ap.sndchan 1 1[0m
I (1312) wifi:wifi firmware version: a9f5b59-dirty
I (1312) wifi:wifi certification version: v7.0
I (1322) wifi:config NVS flash: enabled
I (1322) wifi:config nano formating: disabled
I (1322) wifi:Init data frame dynamic rx buffer num: 32
I (1332) wifi:Init static rx mgmt buffer num: 5
I (1332) wifi:Init management short buffer num: 32
I (1342) wifi:Init dynamic tx buffer num: 32
I (1342) wifi:Init static tx FG buffer num: 2
I (1352) wifi:Init static rx buffer size: 1600
I (1352) wifi:Init static rx buffer num: 10
I (1352) wifi:Init dynamic rx buffer num: 32
V (1362) wifi:hint=255, act_dur=<0,120>, pas_dur=360, nchans=14 history_num=0
V (1372) esp_adapter: thread sem get: sem=0x3fcaa7ac[0m
[0;32mI (1372) wifi_init: rx ba win: 6[0m
[0;32mI (1372) wifi_init: tcpip mbox: 32[0m
[0;32mI (1382) wifi_init: udp mbox: 6[0m
[0;32mI (1382) wifi_init: tcp mbox: 6[0m
[0;32mI (1392) wifi_init: tcp tx win: 5760[0m
[0;32mI (1392) wifi_init: tcp rx win: 5760[0m
[0;32mI (1392) wifi_init: tcp mss: 1440[0m
[0;32mI (1402) wifi_init: WiFi IRAM OP enabled[0m
[0;32mI (1402) wifi_init: WiFi RX IRAM OP enabled[0m
V (1412) esp_adapter: thread sem get: sem=0x3fcaa7ac[0m
D (1412) nvs: nvs_get opmode 1[0m
[0;32mI (1422) wpa: esp_dpp_task prio:2, stack:6656[0m
D (1422) wpa: private key - hexdump(len=0):[0m
D (1422) wpa:  [NULL][0m
D (1482) wpa: DPP: Generating a keypair[0m
[0;31mE (1482) wpa: curve: secp256r1[0m
[0;31mE (1482) wpa: prime len is 32[0m
[0;31mE (1482) wpa: Q_x: - hexdump(len=32):[0m
[0;31mE (1492) wpa: f9 cc c4 36 f1 cc 06 94 09 86 ba 43 cd b8 ab 37 [0m
[0;31mE (1492) wpa: 72 4b 2e 94 75 22 23 83 01 77 af 6b 0a 3c e2 d7 [0m
[0;31mE (1502) wpa: Q_y: - hexdump(len=32):[0m
[0;31mE (1502) wpa: fc d3 86 3a e4 f2 9e 7a f7 f2 83 ff 2f cf 87 c2 [0m
[0;31mE (1512) wpa: c2 10 77 f0 33 b5 23 be 16 90 2e 27 1b 2c 10 27 [0m
[0;31mE (1522) wpa: d:      - hexdump(len=32):[0m
[0;31mE (1522) wpa: e2 f7 23 93 38 74 88 1e 3b 73 ed b9 76 57 bd e0 [0m
[0;31mE (1532) wpa: f0 f0 52 53 b8 c0 3b c5 8b 0d 4e b4 55 46 af 37 [0m
D (1532) wpa: DPP: Compressed public key (DER) - hexdump(len=59):[0m
D (1542) wpa: 30 39 30 13 06 07 2a 86 48 ce 3d 02 01 06 08 2a [0m
D (1552) wpa: 86 48 ce 3d 03 01 07 03 22 00 03 f9 cc c4 36 f1 [0m
D (1552) wpa: cc 06 94 09 86 ba 43 cd b8 ab 37 72 4b 2e 94 75 [0m
D (1562) wpa: 22 23 83 01 77 af 6b 0a 3c e2 d7 [0m
D (1562) gdma: new group (0) at 0x3fcb2f74[0m
D (1572) gdma: new pair (0,0) at 0x3fcb2dd0[0m
D (1572) gdma: new tx channel (0,0) at 0x3fcb2c80[0m
D (1572) gdma: new rx channel (0,0) at 0x3fcb2ffc[0m
D (1582) gdma: tx channel (0,0), (1:16) bytes aligned, burst enabled[0m
D (1592) gdma: rx channel (0,0), (1:16) bytes aligned, burst disabled[0m
D (1592) wpa: DPP: Public key hash - hexdump(len=32):[0m
D (1602) wpa: b9 88 2c 0f b3 13 c2 7b 70 8a 32 ed cc 40 af ed [0m
D (1602) wpa: c3 79 54 f1 6a 8e 6a 58 84 50 4b c3 8b 96 e6 88 [0m
D (1612) wpa: DPP: URI mac: 84:fc:e6:7b:73:b8[0m
[0;32mI (1612) wifi dpp-enrollee: Scan below QR Code to configure the enrollee:[0m
[0;32mI (1622) QRCODE: Encoding below text with ECC LVL 0 & QR Code Version 10[0m
[0;32mI (1632) QRCODE: DPP:C:81/6;M:84:fc:e6:7b:73:b8;K:MDkwEwYHKoZIzj0CAQYIKoZIzj0DAQcDIgAD+czENvHMBpQJhrpDzbirN3JLLpR1IiODAXevawo84tc=;;[0m
                                              
  █▀▀▀▀▀█ ▄    █▄▄▀█▀ ▀█▀▀ ▄ ▄▀█▄▀▄ █▀▀▀▀▀█   
  █ ███ █ ▄█▀█▄▀▄ ▄▀▀  ▀█ ▄▄  ▄▄▀▀▄ █ ███ █   
  █ ▀▀▀ █ ▄█▄ ▄█ █▄▄█ ▄▀█▀▄▄▀█▀██▀▀ █ ▀▀▀ █   
  ▀▀▀▀▀▀▀ ▀▄▀ █ ▀▄▀ ▀▄▀▄█▄▀ ▀▄▀ █ █ ▀▀▀▀▀▀▀   
  ██▀█▀ ▀▀▀▀▄▀▄▀▄▀█ ▄█▀██ ▀▀▄▀▀▀▄▄▄▀▄▀▄▀ █▄   
   ▀█   ▀▄  ▀▀  ▄█▀ ▀▄ ▄█▄  ▄▀▀▀█▄▄█▄▄▄   ▄   
  ▀ ▀█▄ ▀ █ ▄ ▀ ▄▄▄ ▀█▀ ▀▄ ▄▀▀█▀▄ ▄ ▄▄█▀▀▀▀   
  ▄ ▄█ ▀▀▀▄ ▀█▀   ▄ ▀▄▀█▄    █▄    ▀██▀█▀▄    
  ▄▄█▀▀█▀███ █▀▄▀▄▄▄ █▄▀▀▄ █▄ ▀█▀▄▄▄ ▀▄▀██▄   
  ███ █ ▀▀▄▄▀ ▄█▀▀ █▄▄ ▄█▄▄ ▄▀█ ▀▄ █ █ ▄▀█    
  ▄ ▀▄ █▀█  ▄▀▄ ▀▄▀ ▄█▀ ▄█▀█▀█▄▀ ██  ▄█ ▄     
  █▄ ▄██▀▀▀▀▄ ▄ ▀█▀ ▀ ██  █▀▄█▄▀▄▄  ▀ ▀▄▀▄    
  █  ▀▀█▀▀ █  ▀ ▀██  ██▀▀█▀▄▀ ▀▀▀▄▀▀▄ ▄  ▄    
  ▀█▄ ▄▀▀ ███ ▀ ▄▀█ ▀ ▀█  ▀ ▄▀ ▀█ ▄▀ ▀█▀▀     
  ▄▄█▀▀█▀▀▄▀▀ ▀ ▄▄▄▄▀█▀ ▄  ▄▀▄▄▄▄▄█▄ ▄██▀█    
  █  ▀▄▄▀█ ▄ █▀ ▄ ▄ ▀▄▀▄▄ ▄▀▄▀ ▀█  ██▄▄█  ▄   
  ▀ ▀▀  ▀▀▄▄▄▀▀▄█ ▄▄▄ ▄▄▀ ▀█▄ ▀█▀██▀▀▀█ ▄█    
  █▀▀▀▀▀█ ▀█▄▄▄█▀▀▀█▄▄ █▀  ▀█▀ ▀▄▀█ ▀ █ ▀ ▄   
  █ ███ █ █ █ ▄ ▀▄▀▄▄█▄ █▀▀▄▀█▄▀▀ ▀█▀█▀██ ▄   
  █ ▀▀▀ █ ██▀ ▄ ▄█▀ ▀ ▄▄█ ▀▀ ▀▀▀  █▄█ █▄▀▄    
  ▀▀▀▀▀▀▀ ▀   ▀▀▀▀    ▀▀▀ ▀ ▀▀ ▀ ▀ ▀▀  ▀▀     
                                              

V (1942) esp_adapter: thread sem get: sem=0x3fcaa7ac[0m
[0;32mI (1942) phy_init: phy_version 640,cd64a1a,Jan 24 2024,17:28:12[0m
D (1952) phy_init: loading PHY init data from application binary[0m
D (1952) nvs: nvs_open_from_partition phy 0[0m
D (1962) nvs: nvs_get cal_version 4[0m
V (1962) phy_init: phy_get_rf_cal_version: 640[0m
D (1972) nvs: nvs_get_str_or_blob cal_mac[0m
D (1972) efuse: In EFUSE_BLK1__DATA1_REG is used 8 bits starting with 8 bit[0m
D (1982) efuse: In EFUSE_BLK1__DATA1_REG is used 8 bits starting with 0 bit[0m
D (1992) efuse: In EFUSE_BLK1__DATA0_REG is used 8 bits starting with 24 bit[0m
D (1992) efuse: In EFUSE_BLK1__DATA0_REG is used 8 bits starting with 16 bit[0m
D (2002) efuse: In EFUSE_BLK1__DATA0_REG is used 8 bits starting with 8 bit[0m
D (2012) efuse: In EFUSE_BLK1__DATA0_REG is used 8 bits starting with 0 bit[0m
D (2012) nvs: nvs_get_str_or_blob cal_data[0m
D (2032) nvs: nvs_close 3[0m
D (2032) efuse: In EFUSE_BLK1__DATA1_REG is used 8 bits starting with 8 bit[0m
D (2032) efuse: In EFUSE_BLK1__DATA1_REG is used 8 bits starting with 0 bit[0m
D (2032) efuse: In EFUSE_BLK1__DATA0_REG is used 8 bits starting with 24 bit[0m
D (2042) efuse: In EFUSE_BLK1__DATA0_REG is used 8 bits starting with 16 bit[0m
D (2052) efuse: In EFUSE_BLK1__DATA0_REG is used 8 bits starting with 8 bit[0m
D (2062) efuse: In EFUSE_BLK1__DATA0_REG is used 8 bits starting with 0 bit[0m
D (2082) temperature_sensor: range changed, change to index 2[0m
V (2102) wifi:ht20 freq=2412, chan=1
D (2102) wifi:filter: set rx policy=0
I (2102) wifi:mode : sta (84:fc:e6:7b:73:b8)
I (2102) wifi:enable tsf
D (2102) wifi:filter: set rx policy=1
D (2112) wifi:connect status 0 -> 0
D (2112) event: running post WIFI_EVENT:40 with handler 0x4200a710 and context 0x3fca7f98 on loop 0x3fca6d0c[0m
D (2122) event: running post WIFI_EVENT:2 with handler 0x4202cce4 and context 0x3fca7e30 on loop 0x3fca6d0c[0m
D (2132) wifi_init_default: wifi_start esp-netif:0x3fca7c34 event-id2[0m
D (2142) wifi_init_default: WIFI mac address: 84 fc e6 7b 73 b8[0m
V (2142) esp_adapter: thread sem create: sem=0x3fcb27f0[0m
V (2152) esp_adapter: thread sem get: sem=0x3fcb27f0[0m
D (2152) esp_netif_lwip: check: remote, if=0x3fca7c34 fn=0x42012e34[0m
D (2162) esp_netif_lwip: call api in lwip: ret=0x0, give sem[0m
D (2172) esp_netif_handlers: esp_netif action has started with netif0x3fca7c34 from event_id=2[0m
D (2172) esp_netif_lwip: check: remote, if=0x3fca7c34 fn=0x42013700[0m
D (2182) esp_netif_lwip: esp_netif_start_api 0x3fca7c34[0m
D (2192) esp_netif_lwip: esp_netif_get_hostname esp_netif:0x3fca7c34[0m
D (2192) esp_netif_lwip: check: local, if=0x3fca7c34 fn=0x42013ea4[0m
D (2202) esp_netif_lwip: esp_netif_update_default_netif_lwip 0x3fca7c34[0m
V (2202) esp_netif_lwip: esp_netif_is_netif_up esp_netif:0x3fca7c34[0m
D (2212) esp_netif_lwip: call api in lwip: ret=0x0, give sem[0m
D (2222) event: running post WIFI_EVENT:2 with handler 0x4200a710 and context 0x3fca7f98 on loop 0x3fca6d0c[0m
[0;32mI (2232) wifi dpp-enrollee: Started listening for DPP Authentication[0m
V (2232) esp_adapter: thread sem create: sem=0x3fcb28a0[0m
V (2242) esp_adapter: thread sem get: sem=0x3fcb28a0[0m
D (2242) wifi:Listen on channel 6 for 500 mSec
V (2252) wifi:change: chan<6,0>, dur<0,500>
V (2252) wifi:ht20 freq=2437, chan=6
V (2262) wifi:enter start op, arg=0x42014ad0
V (2262) wifi:start max timer
D (2762) wifi:ROC: Ending operation at 2.0, returning to Channel 1
V (2762) wifi:back home chan=<1,0>, current chan=<6,0>
V (2762) wifi:ht20 freq=2412, chan=1
D (2772) event: running post WIFI_EVENT:20 with handler 0x4200a710 and context 0x3fca7f98 on loop 0x3fca6d0c[0m
D (2782) event: running post WIFI_EVENT:20 with handler 0x4201563c and context 0x3fcb2590 on loop 0x3fca6d0c[0m
V (2792) esp_adapter: thread sem get: sem=0x3fcb28a0[0m
D (2792) wifi:Listen on channel 6 for 500 mSec
V (2792) wifi:change: chan<6,0>, dur<0,500>
V (2802) wifi:ht20 freq=2437, chan=6
V (2802) wifi:enter start op, arg=0x42014ad0
V (2812) wifi:start max timer
D (3312) wifi:ROC: Ending operation at 3.0, returning to Channel 1
V (3312) wifi:back home chan=<1,0>, current chan=<6,0>
V (3312) wifi:ht20 freq=2412, chan=1
D (3312) event: running post WIFI_EVENT:20 with handler 0x4200a710 and context 0x3fca7f98 on loop 0x3fca6d0c[0m
D (3322) event: running post WIFI_EVENT:20 with handler 0x4201563c and context 0x3fcb2590 on loop 0x3fca6d0c[0m
V (3332) esp_adapter: thread sem get: sem=0x3fcb28a0[0m
D (3342) wifi:Listen on channel 6 for 500 mSec
V (3342) wifi:change: chan<6,0>, dur<0,500>
V (3342) wifi:ht20 freq=2437, chan=6
V (3352) wifi:enter start op, arg=0x42014ad0
V (3352) wifi:start max timer
D (3852) wifi:ROC: Ending operation at 3.0, returning to Channel 1
V (3852) wifi:back home chan=<1,0>, current chan=<6,0>
V (3862) wifi:ht20 freq=2412, chan=1
D (3862) event: running post WIFI_EVENT:20 with handler 0x4200a710 and context 0x3fca7f98 on loop 0x3fca6d0c[0m
D (3872) event: running post WIFI_EVENT:20 with handler 0x4201563c and context 0x3fcb2590 on loop 0x3fca6d0c[0m
V (3882) esp_adapter: thread sem get: sem=0x3fcb28a0[0m
D (3882) wifi:Listen on channel 6 for 500 mSec
V (3892) wifi:change: chan<6,0>, dur<0,500>
V (3892) wifi:ht20 freq=2437, chan=6
V (3892) wifi:enter start op, arg=0x42014ad0
V (3902) wifi:start max timer
D (4402) wifi:ROC: Ending operation at 4.0, returning to Channel 1
V (4402) wifi:back home chan=<1,0>, current chan=<6,0>
V (4402) wifi:ht20 freq=2412, chan=1
D (4402) event: running post WIFI_EVENT:20 with handler 0x4200a710 and context 0x3fca7f98 on loop 0x3fca6d0c[0m
D (4412) event: running post WIFI_EVENT:20 with handler 0x4201563c and context 0x3fcb2590 on loop 0x3fca6d0c[0m
V (4422) esp_adapter: thread sem get: sem=0x3fcb28a0[0m
D (4432) wifi:Listen on channel 6 for 500 mSec
V (4432) wifi:change: chan<6,0>, dur<0,500>
V (4442) wifi:ht20 freq=2437, chan=6
V (4442) wifi:enter start op, arg=0x42014ad0
V (4442) wifi:start max timer
D (4952) wifi:ROC: Ending operation at 4.0, returning to Channel 1
V (4952) wifi:back home chan=<1,0>, current chan=<6,0>
V (4952) wifi:ht20 freq=2412, chan=1
D (4952) event: running post WIFI_EVENT:20 with handler 0x4200a710 and context 0x3fca7f98 on loop 0x3fca6d0c[0m
D (4962) event: running post WIFI_EVENT:20 with handler 0x4201563c and context 0x3fcb2590 on loop 0x3fca6d0c[0m
V (4972) esp_adapter: thread sem get: sem=0x3fcb28a0[0m
D (4982) wifi:Listen on channel 6 for 500 mSec
V (4982) wifi:change: chan<6,0>, dur<0,500>
V (4982) wifi:ht20 freq=2437, chan=6
V (4992) wifi:enter start op, arg=0x42014ad0
V (4992) wifi:start max timer
D (5492) wifi:ROC: Ending operation at 5.0, returning to Channel 1
V (5492) wifi:back home chan=<1,0>, current chan=<6,0>
V (5492) wifi:ht20 freq=2412, chan=1
D (5502) event: running post WIFI_EVENT:20 with handler 0x4200a710 and context 0x3fca7f98 on loop 0x3fca6d0c[0m
D (5512) event: running post WIFI_EVENT:20 with handler 0x4201563c and context 0x3fcb2590 on loop 0x3fca6d0c[0m
V (5522) esp_adapter: thread sem get: sem=0x3fcb28a0[0m
D (5522) wifi:Listen on channel 6 for 500 mSec
V (5532) wifi:change: chan<6,0>, dur<0,500>
V (5532) wifi:ht20 freq=2437, chan=6
V (5532) wifi:enter start op, arg=0x42014ad0
V (5542) wifi:start max timer
D (5572) wpa: DPP: Rx Public Action frame: action - 9[0m
V (5572) esp_adapter: thread sem get: sem=0x3fcb28a0[0m
D (5572) wifi:ROC: Ending operation at 5.0, returning to Channel 1
V (5572) wifi:back home chan=<1,0>, current chan=<6,0>
V (5582) wifi:ht20 freq=2412, chan=1
V (5582) wifi:back home chan=<1,0>, current chan=<1,0>
[0;32mI (5582) wpa: DPP: Authentication Request from 8e:ff:3e:16:e0:96[0m
D (5582) event: running post WIFI_EVENT:20 with handler 0x4200a710 and context 0x3fca7f98 on loop 0x3fca6d0c[0m
V (5592) wpa: DPP: Responder Bootstrapping Key Hash - hexdump(len=32):[0m
D (5602) event: running post WIFI_EVENT:20 with handler 0x4201563c and context 0x3fcb2590 on loop 0x3fca6d0c[0m
V (5612) wpa: b9 88 2c 0f b3 13 c2 7b 70 8a 32 ed cc 40 af ed [0m
V (5622) wpa: c3 79 54 f1 6a 8e 6a 58 84 50 4b c3 8b 96 e6 88 [0m
V (5632) wpa: DPP: Initiator Bootstrapping Key Hash - hexdump(len=32):[0m
V (5642) wpa: 19 fa fd 95 d9 34 1f 30 fb 05 1d e6 d6 54 f0 12 [0m
V (5642) wpa: b0 8c bd c9 5d ca 26 a9 2a f1 c0 e1 88 1b d1 50 [0m
V (5652) wpa: DPP: Wrapped Data - hexdump(len=41):[0m
V (5652) wpa: c8 7e 97 95 ec 1a 42 d6 5d c4 ef 2e db 94 fa 54 [0m
V (5662) wpa: 5e 5d 81 4f eb b6 8a 7d 36 7b 1d 4b a9 66 7c 60 [0m
V (5662) wpa: 40 12 5c 37 4a b4 f1 6f 4f [0m
V (5672) wpa: DPP: Initiator Protocol Key - hexdump(len=64):[0m
V (5672) wpa: 92 7e 68 eb 4f 6e 89 9a 71 3f d3 a2 3c 68 93 ef [0m
V (5682) wpa: 8c 10 fb 27 34 6b 94 b1 c4 8f 82 fd 75 2c 03 1a [0m
V (5692) wpa: 80 12 a3 29 35 c1 df ba c7 04 55 75 f0 e1 7b b7 [0m
V (5692) wpa: 3d 6c 0c a2 7c 57 b2 cf ca 80 58 52 10 fa 0b ff [0m
V (5702) intr_alloc: esp_intr_alloc_intrstatus (cpu 1): checking args[0m
V (5702) intr_alloc: esp_intr_alloc_intrstatus (cpu 1): Args okay. Resulting flags 0xE[0m
D (5712) intr_alloc: Connected src 76 to int 4 (cpu 1)[0m
[0;31mE (5722) wpa: curve: secp256r1[0m
[0;31mE (5722) wpa: prime len is 32[0m
[0;31mE (5722) wpa: Q_x: - hexdump(len=32):[0m
[0;31mE (5732) wpa: 92 7e 68 eb 4f 6e 89 9a 71 3f d3 a2 3c 68 93 ef [0m
[0;31mE (5742) wpa: 8c 10 fb 27 34 6b 94 b1 c4 8f 82 fd 75 2c 03 1a [0m
[0;31mE (5742) wpa: Q_y: - hexdump(len=32):[0m
[0;31mE (5752) wpa: 80 12 a3 29 35 c1 df ba c7 04 55 75 f0 e1 7b b7 [0m
[0;31mE (5752) wpa: 3d 6c 0c a2 7c 57 b2 cf ca 80 58 52 10 fa 0b ff [0m
[0;31mE (5762) wpa: d:      - hexdump(len=32):[0m
[0;31mE (5762) wpa: 00 00 00 00 00 00 00 00 00 00 00 00 00 00 00 00 [0m
[0;31mE (5772) wpa: 00 00 00 00 00 00 00 00 00 00 00 00 00 00 00 00 [0m
V (5782) intr_alloc: esp_intr_alloc_intrstatus (cpu 1): checking args[0m
V (5782) intr_alloc: esp_intr_alloc_intrstatus (cpu 1): Args okay. Resulting flags 0xE[0m
D (5792) intr_alloc: Connected src 77 to int 9 (cpu 1)[0m
D (5952) wpa: DPP: ECDH shared secret (M.x) - hexdump(len=32):[0m
D (5952) wpa: 24 d3 17 f3 65 37 de 33 ab d6 53 ee de db 43 bd [0m
D (5952) wpa: 73 b4 d7 0c ed 61 1b 77 f7 8a 54 d7 75 cb cc b2 [0m
D (5962) wpa: DPP: PRK = HKDF-Extract(<>, IKM=M.x) - hexdump(len=32):[0m
D (5962) wpa: 1c d1 83 16 25 cd 0c e7 03 34 71 d3 d6 be fe ce [0m
D (5972) wpa: bc 53 50 c7 cd 34 63 1b eb 43 19 6e f4 48 6b f9 [0m
D (5982) wpa: DPP: k1 = HKDF-Expand(PRK, info, L) - hexdump(len=32):[0m
D (5982) wpa: 53 1b 50 52 09 86 13 85 dd 1b 35 50 eb 48 a0 a6 [0m
D (5992) wpa: b4 61 c1 f3 77 f8 f4 d8 41 d2 1a a4 cb bf 50 0d [0m
D (5992) wpa: DDP: AES-SIV AD[0] - hexdump(len=6):[0m
D (6002) wpa: 50 6f 9a 1a 01 00 [0m
D (6002) wpa: DDP: AES-SIV AD[1] - hexdump(len=140):[0m
D (6012) wpa: 02 10 20 00 b9 88 2c 0f b3 13 c2 7b 70 8a 32 ed [0m
D (6012) wpa: cc 40 af ed c3 79 54 f1 6a 8e 6a 58 84 50 4b c3 [0m
D (6022) wpa: 8b 96 e6 88 01 10 20 00 19 fa fd 95 d9 34 1f 30 [0m
D (6022) wpa: fb 05 1d e6 d6 54 f0 12 b0 8c bd c9 5d ca 26 a9 [0m
D (6032) wpa: 2a f1 c0 e1 88 1b d1 50 03 10 40 00 92 7e 68 eb [0m
D (6042) wpa: 4f 6e 89 9a 71 3f d3 a2 3c 68 93 ef 8c 10 fb 27 [0m
D (6042) wpa: 34 6b 94 b1 c4 8f 82 fd 75 2c 03 1a 80 12 a3 29 [0m
D (6052) wpa: 35 c1 df ba c7 04 55 75 f0 e1 7b b7 3d 6c 0c a2 [0m
D (6052) wpa: 7c 57 b2 cf ca 80 58 52 10 fa 0b ff [0m
D (6062) wpa: DPP: AES-SIV ciphertext - hexdump(len=41):[0m
D (6062) wpa: c8 7e 97 95 ec 1a 42 d6 5d c4 ef 2e db 94 fa 54 [0m
D (6072) wpa: 5e 5d 81 4f eb b6 8a 7d 36 7b 1d 4b a9 66 7c 60 [0m
D (6082) wpa: 40 12 5c 37 4a b4 f1 6f 4f [0m
D (6082) wpa: DPP: AES-SIV cleartext - hexdump(len=25):[0m
D (6082) wpa: 05 10 10 00 eb e6 fa a5 89 c1 83 3a 87 f2 50 a8 [0m
D (6092) wpa: 47 ca 82 9b 06 10 01 00 02 [0m
V (6092) wpa: DPP: Attribute ID 1005 len 16[0m
V (6102) wpa: DPP: Attribute ID 1006 len 1[0m
D (6102) wpa: DPP: I-nonce - hexdump(len=16):[0m
D (6112) wpa: eb e6 fa a5 89 c1 83 3a 87 f2 50 a8 47 ca 82 9b [0m
D (6112) wpa: DPP: I-capabilities: 0x02[0m
D (6122) wpa: DPP: Acting as Enrollee[0m
D (6122) wpa: DPP: Build Authentication Response[0m
D (6132) wpa: DPP: R-nonce - hexdump(len=16):[0m
D (6132) wpa: c3 af d9 82 72 04 b8 05 7a 14 cf 22 a1 5d 14 c4 [0m
D (6192) wpa: DPP: Generating a keypair[0m
[0;31mE (6192) wpa: curve: secp256r1[0m
[0;31mE (6192) wpa: prime len is 32[0m
[0;31mE (6192) wpa: Q_x: - hexdump(len=32):[0m
[0;31mE (6192) wpa: fc a7 06 79 4e ba 7c a9 e5 b3 81 4e 9c f2 42 76 [0m
[0;31mE (6202) wpa: d5 d3 cf f2 fd e5 20 a6 8d fc 04 7c aa 12 1d dc [0m
[0;31mE (6212) wpa: Q_y: - hexdump(len=32):[0m
[0;31mE (6212) wpa: 81 e8 57 3e 8f 8c 0a 0e 01 11 3d 55 77 74 e2 91 [0m
[0;31mE (6222) wpa: 90 3d 70 8e 0a 13 fb 67 94 59 b4 e7 1e 84 05 24 [0m
[0;31mE (6222) wpa: d:      - hexdump(len=32):[0m
[0;31mE (6232) wpa: 1b 3c cb b5 4c db bb ee e1 22 09 ea 6a 77 87 42 [0m
[0;31mE (6242) wpa: 74 ec 95 f5 22 23 ba 8b 76 f5 da 19 94 67 e1 c9 [0m
D (6402) wpa: DPP: ECDH shared secret (N.x) - hexdump(len=32):[0m
D (6402) wpa: e7 34 07 79 11 a2 d1 09 ba d6 76 b3 98 ac 13 1f [0m
D (6402) wpa: 62 04 b2 97 d0 1c 9a 6e 7e 84 89 e7 00 c8 75 56 [0m
D (6402) wpa: DPP: PRK = HKDF-Extract(<>, IKM=N.x) - hexdump(len=32):[0m
D (6412) wpa: 61 a2 b2 e2 ec d2 61 2b 7d ae 7b 8b 66 da 7d 10 [0m
D (6422) wpa: 66 1a 9a 73 44 9e 9d 68 c5 75 29 04 a4 ee 1d 18 [0m
D (6422) wpa: DPP: k2 = HKDF-Expand(PRK, info, L) - hexdump(len=32):[0m
D (6432) wpa: db 59 d6 75 d8 63 94 99 d5 4f d1 d2 16 a1 ff 56 [0m
D (6432) wpa: d1 dc a6 56 8a 49 62 81 8e bb 99 6e 5e 8e e1 fe [0m
D (6442) wpa: DPP: PRK = HKDF-Extract(<>, IKM) - hexdump(len=32):[0m
D (6452) wpa: 7c 04 19 e4 d7 90 55 ca ce 0f 42 85 c5 ea 6e c9 [0m
D (6452) wpa: c8 67 2c d4 a0 09 53 8f 4f 45 33 54 27 5d f1 e3 [0m
D (6462) wpa: DPP: ke = HKDF-Expand(PRK, info, L) - hexdump(len=32):[0m
D (6462) wpa: 39 ec 31 26 23 95 61 dd ba 39 09 3a 72 74 3c b4 [0m
D (6472) wpa: 3e 9a a6 e1 36 14 70 72 a3 7f 27 5f f0 1c 31 17 [0m
D (6482) wpa: DPP: R-auth hash components[0m
D (6482) wpa: DPP: hash component - hexdump(len=16):[0m
D (6492) wpa: eb e6 fa a5 89 c1 83 3a 87 f2 50 a8 47 ca 82 9b [0m
D (6492) wpa: DPP: hash component - hexdump(len=16):[0m
D (6502) wpa: c3 af d9 82 72 04 b8 05 7a 14 cf 22 a1 5d 14 c4 [0m
D (6502) wpa: DPP: hash component - hexdump(len=32):[0m
D (6512) wpa: 92 7e 68 eb 4f 6e 89 9a 71 3f d3 a2 3c 68 93 ef [0m
D (6512) wpa: 8c 10 fb 27 34 6b 94 b1 c4 8f 82 fd 75 2c 03 1a [0m
D (6522) wpa: DPP: hash component - hexdump(len=32):[0m
D (6522) wpa: fc a7 06 79 4e ba 7c a9 e5 b3 81 4e 9c f2 42 76 [0m
D (6532) wpa: d5 d3 cf f2 fd e5 20 a6 8d fc 04 7c aa 12 1d dc [0m
D (6542) wpa: DPP: hash component - hexdump(len=32):[0m
D (6542) wpa: f9 cc c4 36 f1 cc 06 94 09 86 ba 43 cd b8 ab 37 [0m
D (6552) wpa: 72 4b 2e 94 75 22 23 83 01 77 af 6b 0a 3c e2 d7 [0m
D (6552) wpa: DPP: hash component - hexdump(len=1):[0m
D (6562) wpa: 00 [0m
D (6562) wpa: DPP: R-auth - hexdump(len=32):[0m
D (6562) wpa: 00 eb 48 c0 d2 54 1a fd 27 f5 7c aa f5 0b 0d 3a [0m
D (6572) wpa: 57 a9 ad 7b 82 1e d7 2e 5e 4e 5a 29 3d fb 17 61 [0m
D (6582) wpa: DPP: {R-auth}ke - hexdump(len=52):[0m
D (6582) wpa: 43 53 0f 77 c4 be a9 6e 44 c7 9d 0d ce 04 71 61 [0m
D (6592) wpa: 57 b5 46 89 e2 4a d7 44 5b 84 b7 c2 48 36 d6 ec [0m
D (6592) wpa: bd 3e 7d 98 e1 cb c3 1c 4b 45 69 22 53 1c 76 db [0m
D (6602) wpa: ed 0e 5e fb [0m
D (6602) wpa: Setting auth resp retry to 0 0 [0m
D (6602) wpa: DPP: Status 0[0m
D (6612) wpa: DPP: R-Bootstrap Key Hash[0m
D (6612) wpa: DDP: AES-SIV AD[0] - hexdump(len=6):[0m
D (6622) wpa: 50 6f 9a 1a 01 01 [0m
D (6622) wpa: DDP: AES-SIV AD[1] - hexdump(len=109):[0m
D (6632) wpa: 00 10 01 00 00 02 10 20 00 b9 88 2c 0f b3 13 c2 [0m
D (6632) wpa: 7b 70 8a 32 ed cc 40 af ed c3 79 54 f1 6a 8e 6a [0m
D (6642) wpa: 58 84 50 4b c3 8b 96 e6 88 09 10 40 00 fc a7 06 [0m
D (6642) wpa: 79 4e ba 7c a9 e5 b3 81 4e 9c f2 42 76 d5 d3 cf [0m
D (6652) wpa: f2 fd e5 20 a6 8d fc 04 7c aa 12 1d dc 81 e8 57 [0m
D (6652) wpa: 3e 8f 8c 0a 0e 01 11 3d 55 77 74 e2 91 90 3d 70 [0m
D (6662) wpa: 8e 0a 13 fb 67 94 59 b4 e7 1e 84 05 24 [0m
D (6672) wpa: DPP: AES-SIV cleartext - hexdump(len=101):[0m
D (6672) wpa: 07 10 10 00 c3 af d9 82 72 04 b8 05 7a 14 cf 22 [0m
D (6682) wpa: a1 5d 14 c4 05 10 10 00 eb e6 fa a5 89 c1 83 3a [0m
D (6682) wpa: 87 f2 50 a8 47 ca 82 9b 08 10 01 00 01 04 10 34 [0m
D (6692) wpa: 00 43 53 0f 77 c4 be a9 6e 44 c7 9d 0d ce 04 71 [0m
D (6692) wpa: 61 57 b5 46 89 e2 4a d7 44 5b 84 b7 c2 48 36 d6 [0m
D (6702) wpa: ec bd 3e 7d 98 e1 cb c3 1c 4b 45 69 22 53 1c 76 [0m
D (6712) wpa: db ed 0e 5e fb [0m
D (6712) wpa: DPP: AES-SIV ciphertext - hexdump(len=117):[0m
D (6712) wpa: 2b 79 4f d9 80 59 6b ef 05 ad eb e8 ca 52 ca bd [0m
D (6722) wpa: dc 77 01 f5 20 cd b0 2e c1 0e dc 27 57 34 f8 d3 [0m
D (6732) wpa: bb 55 15 a7 b2 81 8a 24 6c 78 c4 7b 82 a2 2e b0 [0m
D (6732) wpa: 18 c7 24 71 b3 1e f1 72 01 4d 9e b1 84 23 56 b9 [0m
D (6742) wpa: 38 a1 3d ad 80 3c cd 1d 07 20 81 b0 34 a6 3d 7a [0m
D (6742) wpa: c6 5b c0 4e 4c 56 19 76 c2 8f 95 cf 3a b7 7c ec [0m
D (6752) wpa: d8 89 8e e1 e8 5e 4d dc 7a 5e f6 89 7f 85 63 25 [0m
D (6762) wpa: a6 1e f3 f4 23 [0m
D (6762) wpa: DPP: Authentication Response frame attributes - hexdump(len=238):[0m
D (6772) wpa: 04 09 50 6f 9a 1a 01 01 00 10 01 00 00 02 10 20 [0m
D (6772) wpa: 00 b9 88 2c 0f b3 13 c2 7b 70 8a 32 ed cc 40 af [0m
D (6782) wpa: ed c3 79 54 f1 6a 8e 6a 58 84 50 4b c3 8b 96 e6 [0m
D (6782) wpa: 88 09 10 40 00 fc a7 06 79 4e ba 7c a9 e5 b3 81 [0m
D (6792) wpa: 4e 9c f2 42 76 d5 d3 cf f2 fd e5 20 a6 8d fc 04 [0m
D (6802) wpa: 7c aa 12 1d dc 81 e8 57 3e 8f 8c 0a 0e 01 11 3d [0m
D (6802) wpa: 55 77 74 e2 91 90 3d 70 8e 0a 13 fb 67 94 59 b4 [0m
D (6812) wpa: e7 1e 84 05 24 04 10 75 00 2b 79 4f d9 80 59 6b [0m
D (6812) wpa: ef 05 ad eb e8 ca 52 ca bd dc 77 01 f5 20 cd b0 [0m
D (6822) wpa: 2e c1 0e dc 27 57 34 f8 d3 bb 55 15 a7 b2 81 8a [0m
D (6832) wpa: 24 6c 78 c4 7b 82 a2 2e b0 18 c7 24 71 b3 1e f1 [0m
D (6832) wpa: 72 01 4d 9e b1 84 23 56 b9 38 a1 3d ad 80 3c cd [0m
D (6842) wpa: 1d 07 20 81 b0 34 a6 3d 7a c6 5b c0 4e 4c 56 19 [0m
D (6842) wpa: 76 c2 8f 95 cf 3a b7 7c ec d8 89 8e e1 e8 5e 4d [0m
D (6852) wpa: dc 7a 5e f6 89 7f 85 63 25 a6 1e f3 f4 23 [0m
D (6852) wpa: DPP: Mgmt Tx - MAC:8e:ff:3e:16:e0:96, Channel-6, WaitT-600[0m
V (6862) esp_adapter: thread sem get: sem=0x3fcb28a0[0m
D (6872) wifi:Send frame on channel 6 to 8e:ff:3e:16:e0:96

V (6872) wifi:change: chan<6,0>, dur<0,600>
V (6882) wifi:ht20 freq=2437, chan=6
V (6882) wifi:enter start op, arg=0x3fcb4374
D (6882) wifi:offchan_txop_start : 143
V (6892) wifi:start max timer
D (6892) wifi:tx_mgmt cb : 1636 status 1 
D (6892) wifi:tx data done, now:6914754
D (6902) wifi:woke up
D (6902) wpa: DPP: Rx Public Action frame: action - 9[0m
D (6902) event: running post WIFI_EVENT:19 with handler 0x4200a710 and context 0x3fca7f98 on loop 0x3fca6d0c[0m
D (6902) wpa: DPP: Authentication Confirmation from 8e:ff:3e:16:e0:96[0m
D (6912) event: running post WIFI_EVENT:19 with handler 0x4201563c and context 0x3fcb2560 on loop 0x3fca6d0c[0m
D (6922) wpa: ELOOP: esp_dpp_rx_auth_conf:278 called to remove timer handler=0x4201551c, removed count=0[0m
D (6932) wpa: Mgmt Tx Status - 0, Cookie - 0x42014ad0[0m
D (6942) wpa: DPP: Wrapped data - hexdump(len=52):[0m
D (6952) wpa: af 7f 4c 6e e3 dc fe d0 da d8 c0 02 58 18 e7 04 [0m
D (6962) wpa: 44 cf 8e 51 66 44 14 f6 50 a7 21 a3 64 fa 97 43 [0m
D (6962) wpa: b9 c7 44 58 50 b1 49 24 d6 c3 91 1f 3a 64 ea 03 [0m
D (6972) wpa: 5f 81 cf 8c [0m
D (6972) wpa: DPP: Responder Bootstrapping Key Hash - hexdump(len=32):[0m
D (6982) wpa: b9 88 2c 0f b3 13 c2 7b 70 8a 32 ed cc 40 af ed [0m
D (6982) wpa: c3 79 54 f1 6a 8e 6a 58 84 50 4b c3 8b 96 e6 88 [0m
D (6992) wpa: DPP: Status 0[0m
D (6992) wpa: DDP: AES-SIV AD[0] - hexdump(len=6):[0m
D (7002) wpa: 50 6f 9a 1a 01 02 [0m
D (7002) wpa: DDP: AES-SIV AD[1] - hexdump(len=41):[0m
D (7002) wpa: 00 10 01 00 00 02 10 20 00 b9 88 2c 0f b3 13 c2 [0m
D (7012) wpa: 7b 70 8a 32 ed cc 40 af ed c3 79 54 f1 6a 8e 6a [0m
D (7022) wpa: 58 84 50 4b c3 8b 96 e6 88 [0m
D (7022) wpa: DPP: AES-SIV ciphertext - hexdump(len=52):[0m
D (7032) wpa: af 7f 4c 6e e3 dc fe d0 da d8 c0 02 58 18 e7 04 [0m
D (7032) wpa: 44 cf 8e 51 66 44 14 f6 50 a7 21 a3 64 fa 97 43 [0m
D (7042) wpa: b9 c7 44 58 50 b1 49 24 d6 c3 91 1f 3a 64 ea 03 [0m
D (7042) wpa: 5f 81 cf 8c [0m
D (7052) wpa: DPP: AES-SIV cleartext - hexdump(len=36):[0m
D (7052) wpa: 0a 10 20 00 2c e2 99 f9 c1 8a 25 ac d8 4d 35 6f [0m
D (7062) wpa: c4 a6 a0 c3 ae 03 bb 83 59 bd 5a 34 76 33 e2 dd [0m
D (7062) wpa: 6b a1 16 29 [0m
V (7072) wpa: DPP: Attribute ID 100a len 32[0m
D (7072) wpa: DPP: Received Initiator Authenticating Tag - hexdump(len=32):[0m
D (7082) wpa: 2c e2 99 f9 c1 8a 25 ac d8 4d 35 6f c4 a6 a0 c3 [0m
D (7082) wpa: ae 03 bb 83 59 bd 5a 34 76 33 e2 dd 6b a1 16 29 [0m
D (7092) wpa: DPP: I-auth hash components[0m
D (7092) wpa: DPP: hash component - hexdump(len=16):[0m
D (7102) wpa: c3 af d9 82 72 04 b8 05 7a 14 cf 22 a1 5d 14 c4 [0m
D (7102) wpa: DPP: hash component - hexdump(len=16):[0m
D (7112) wpa: eb e6 fa a5 89 c1 83 3a 87 f2 50 a8 47 ca 82 9b [0m
D (7112) wpa: DPP: hash component - hexdump(len=32):[0m
D (7122) wpa: fc a7 06 79 4e ba 7c a9 e5 b3 81 4e 9c f2 42 76 [0m
D (7132) wpa: d5 d3 cf f2 fd e5 20 a6 8d fc 04 7c aa 12 1d dc [0m
D (7132) wpa: DPP: hash component - hexdump(len=32):[0m
D (7142) wpa: 92 7e 68 eb 4f 6e 89 9a 71 3f d3 a2 3c 68 93 ef [0m
D (7142) wpa: 8c 10 fb 27 34 6b 94 b1 c4 8f 82 fd 75 2c 03 1a [0m
D (7152) wpa: DPP: hash component - hexdump(len=32):[0m
D (7152) wpa: f9 cc c4 36 f1 cc 06 94 09 86 ba 43 cd b8 ab 37 [0m
D (7162) wpa: 72 4b 2e 94 75 22 23 83 01 77 af 6b 0a 3c e2 d7 [0m
D (7172) wpa: DPP: hash component - hexdump(len=1):[0m
D (7172) wpa: 01 [0m
D (7172) wpa: DPP: I-auth - hexdump(len=32):[0m
D (7182) wpa: 2c e2 99 f9 c1 8a 25 ac d8 4d 35 6f c4 a6 a0 c3 [0m
D (7182) wpa: ae 03 bb 83 59 bd 5a 34 76 33 e2 dd 6b a1 16 29 [0m
D (7192) wpa: DPP: Calculated Initiator Authenticating Tag - hexdump(len=32):[0m
D (7202) wpa: 2c e2 99 f9 c1 8a 25 ac d8 4d 35 6f c4 a6 a0 c3 [0m
D (7202) wpa: ae 03 bb 83 59 bd 5a 34 76 33 e2 dd 6b a1 16 29 [0m
D (7212) wpa: DPP: Authentication success - clear temporary keys[0m
D (7212) wpa: DPP: Build configuration request[0m
D (7222) wpa: DPP: E-nonce - hexdump(len=16):[0m
D (7222) wpa: 69 31 d6 c9 5f 04 d7 b4 08 61 8a f7 2f 60 50 e8 [0m
D (7232) wpa: DPP: configRequest JSON - hexdump(len=71):[0m
D (7232) wpa: 7b 22 6e 61 6d 65 22 3a 22 54 65 73 74 22 2c 22 [0m
D (7242) wpa: 77 69 2d 66 69 5f 74 65 63 68 22 3a 22 69 6e 66 [0m
D (7252) wpa: 72 61 22 2c 22 6e 65 74 52 6f 6c 65 22 3a 22 73 [0m
D (7252) wpa: 74 61 22 2c 22 62 61 6e 64 53 75 70 70 6f 72 74 [0m
D (7262) wpa: 22 3a 5b 38 31 5d 7d [0m
D (7262) wpa: DPP: AES-SIV cleartext - hexdump(len=95):[0m
D (7272) wpa: 14 10 10 00 69 31 d6 c9 5f 04 d7 b4 08 61 8a f7 [0m
D (7272) wpa: 2f 60 50 e8 0e 10 47 00 7b 22 6e 61 6d 65 22 3a [0m
D (7282) wpa: 22 54 65 73 74 22 2c 22 77 69 2d 66 69 5f 74 65 [0m
D (7282) wpa: 63 68 22 3a 22 69 6e 66 72 61 22 2c 22 6e 65 74 [0m
D (7292) wpa: 52 6f 6c 65 22 3a 22 73 74 61 22 2c 22 62 61 6e [0m
D (7302) wpa: 64 53 75 70 70 6f 72 74 22 3a 5b 38 31 5d 7d [0m
D (7302) wpa: DPP: AES-SIV ciphertext - hexdump(len=111):[0m
D (7312) wpa: 36 4c 10 87 3d e0 dd d1 aa 7c f4 e4 cc aa 51 4b [0m
D (7312) wpa: 44 9e 38 a6 1a 87 4b db 74 aa b9 86 23 38 95 fa [0m
D (7322) wpa: d6 ac 99 03 ce 4a 26 49 63 cb 06 b7 c0 09 a1 9c [0m
D (7322) wpa: b7 97 0a 3e 45 1c 37 c8 db f7 01 d6 97 c2 1c c7 [0m
D (7332) wpa: 3a 3b b0 03 30 78 1b 41 f7 ab 25 dd 52 6a 94 d2 [0m
D (7342) wpa: 54 69 d2 8f ff be d1 a3 94 7d 48 84 77 19 b4 aa [0m
D (7342) wpa: 21 76 ae 77 06 1b 37 f7 d1 70 31 85 c5 7d ee [0m
D (7352) wpa: DPP: Configuration Request frame attributes - hexdump(len=115):[0m
D (7362) wpa: 04 10 6f 00 36 4c 10 87 3d e0 dd d1 aa 7c f4 e4 [0m
D (7362) wpa: cc aa 51 4b 44 9e 38 a6 1a 87 4b db 74 aa b9 86 [0m
D (7372) wpa: 23 38 95 fa d6 ac 99 03 ce 4a 26 49 63 cb 06 b7 [0m
D (7372) wpa: c0 09 a1 9c b7 97 0a 3e 45 1c 37 c8 db f7 01 d6 [0m
D (7382) wpa: 97 c2 1c c7 3a 3b b0 03 30 78 1b 41 f7 ab 25 dd [0m
D (7382) wpa: 52 6a 94 d2 54 69 d2 8f ff be d1 a3 94 7d 48 84 [0m
D (7392) wpa: 77 19 b4 aa 21 76 ae 77 06 1b 37 f7 d1 70 31 85 [0m
D (7402) wpa: c5 7d ee [0m
V (7402) wpa: DPP: GAS Config Request - hexdump(len=130):[0m
V (7402) wpa: 04 0a 00 6c 08 7f dd 05 50 6f 9a 1a 01 73 00 04 [0m
V (7412) wpa: 10 6f 00 36 4c 10 87 3d e0 dd d1 aa 7c f4 e4 cc [0m
V (7422) wpa: aa 51 4b 44 9e 38 a6 1a 87 4b db 74 aa b9 86 23 [0m
V (7422) wpa: 38 95 fa d6 ac 99 03 ce 4a 26 49 63 cb 06 b7 c0 [0m
V (7432) wpa: 09 a1 9c b7 97 0a 3e 45 1c 37 c8 db f7 01 d6 97 [0m
V (7432) wpa: c2 1c c7 3a 3b b0 03 30 78 1b 41 f7 ab 25 dd 52 [0m
V (7442) wpa: 6a 94 d2 54 69 d2 8f ff be d1 a3 94 7d 48 84 77 [0m
V (7452) wpa: 19 b4 aa 21 76 ae 77 06 1b 37 f7 d1 70 31 85 c5 [0m
V (7452) wpa: 7d ee [0m
D (7452) wpa: DPP: GAS request to 8e:ff:3e:16:e0:96 (chan 6)[0m
D (7462) wpa: DPP: Mgmt Tx - MAC:8e:ff:3e:16:e0:96, Channel-6, WaitT-600[0m
V (7472) esp_adapter: thread sem get: sem=0x3fcb28a0[0m
D (7472) wifi:OFFCHAN-Tx: Ending op at 7.0, returning to Channel 1
V (7482) wifi:back home chan=<1,0>, current chan=<6,0>
V (7482) wifi:ht20 freq=2412, chan=1
D (7492) wifi:Send frame on channel 6 to 8e:ff:3e:16:e0:96

V (7492) wifi:change: chan<6,0>, dur<0,600>
V (7492) wifi:ht20 freq=2437, chan=6
V (7502) wifi:enter start op, arg=0x3fcb4484
D (7502) wifi:offchan_txop_start : 143
V (7512) wifi:start max timer
D (7512) wpa: ELOOP: Added one timer from esp_dpp_rx_auth_conf:291 to call 0x42014bdc, current order=0[0m
D (7512) wifi:tx_mgmt cb : 1636 status 1 
D (7522) wifi:tx data done, now:7543254
D (7522) wifi:woke up
D (7532) wpa: DPP: Rx Public Action frame: action - 11[0m
D (7532) event: running post WIFI_EVENT:19 with handler 0x4200a710 and context 0x3fca7f98 on loop 0x3fca6d0c[0m
D (7532) wpa: DPP: Gas response received[0m
D (7542) event: running post WIFI_EVENT:19 with handler 0x4201563c and context 0x3fcb2560 on loop 0x3fca6d0c[0m
V (7552) wpa: DPP: Attribute ID 1000 len 1[0m
D (7562) wpa: Mgmt Tx Status - 0, Cookie - 0x42014ad0[0m
V (7562) wpa: DPP: Attribute ID 1004 len 139[0m
D (7572) wpa: DPP: AES-SIV ciphertext - hexdump(len=139):[0m
D (7582) wpa: 37 d6 51 f1 19 1a bc 0e f6 1f ad 53 c6 a9 70 f6 [0m
D (7582) wpa: f7 a1 c8 78 8d e7 9a 5e 18 68 ea 07 00 2e 61 8d [0m
D (7592) wpa: d9 d8 11 1f 7f c5 d2 20 67 b5 b0 20 70 7d b4 ff [0m
D (7592) wpa: a9 0e 85 ee 74 3f 87 84 f8 95 bf 0a f6 69 63 e1 [0m
D (7602) wpa: d7 87 ca 71 7a 3b 4d 9a ca 77 99 90 43 70 a1 56 [0m
D (7602) wpa: ac 20 41 b8 3c a7 0d 65 7e 96 a8 38 64 f2 24 79 [0m
D (7612) wpa: 0e f3 89 fe d2 3b 2a 1f 7a ca 15 79 2d d0 ba 7f [0m
D (7622) wpa: 4a 5e 45 6a c8 13 cb f2 ce 8b 6b 78 9a 7f 5f bd [0m
D (7622) wpa: 9c 84 0b c3 b0 49 24 86 49 e4 e4 [0m
D (7632) wpa: DDP: AES-SIV AD - hexdump(len=5):[0m
D (7632) wpa: 00 10 01 00 00 [0m
D (7642) wpa: DPP: AES-SIV cleartext - hexdump(len=123):[0m
D (7642) wpa: 14 10 10 00 69 31 d6 c9 5f 04 d7 b4 08 61 8a f7 [0m
D (7652) wpa: 2f 60 50 e8 0c 10 63 00 7b 22 77 69 2d 66 69 5f [0m
D (7652) wpa: 74 65 63 68 22 3a 22 69 6e 66 72 61 22 2c 22 64 [0m
D (7662) wpa: 69 73 63 6f 76 65 72 79 22 3a 7b 22 73 73 69 64 [0m
D (7662) wpa: 22 3a 22 54 6f 76 61 6c 61 2d 74 75 72 72 69 73 [0m
D (7672) wpa: 22 7d 2c 22 63 72 65 64 22 3a 7b 22 61 6b 6d 22 [0m
D (7682) wpa: 3a 22 70 73 6b 22 2c 22 70 61 73 73 22 3a 22 6d [0m
D (7682) wpa: 69 63 72 6f 77 61 76 65 22 7d 7d [0m
V (7692) wpa: DPP: Attribute ID 1014 len 16[0m
V (7692) wpa: DPP: Attribute ID 100c len 99[0m
D (7692) wpa: DPP: Enrollee Nonce - hexdump(len=16):[0m
D (7702) wpa: 69 31 d6 c9 5f 04 d7 b4 08 61 8a f7 2f 60 50 e8 [0m
D (7712) wpa: DPP: Status 0[0m
D (7712) wpa: DPP: configurationObject JSON - hexdump(len=99):[0m
D (7712) wpa: 7b 22 77 69 2d 66 69 5f 74 65 63 68 22 3a 22 69 [0m
D (7722) wpa: 6e 66 72 61 22 2c 22 64 69 73 63 6f 76 65 72 79 [0m
D (7732) wpa: 22 3a 7b 22 73 73 69 64 22 3a 22 54 6f 76 61 6c [0m
D (7732) wpa: 61 2d 74 75 72 72 69 73 22 7d 2c 22 63 72 65 64 [0m
D (7742) wpa: 22 3a 7b 22 61 6b 6d 22 3a 22 70 73 6b 22 2c 22 [0m
D (7742) wpa: 70 61 73 73 22 3a 22 6d 69 63 72 6f 77 61 76 65 [0m
D (7752) wpa: 22 7d 7d [0m
V (7752) wpa: JSON: String value: 'wi-fi_tec#############[0m
V (7762) wpa: JSON: String value: 'ssid' = '#############'[0m
V (7762) wpa: JSON: String value: 'akm' = 'psk'[0m
V (7772) wpa: JSON: String value: 'pass' = '#############'[0m
D (7772) wpa: DPP: discovery::ssid - hexdump(len=13):[0m
D (7782) wpa: 54 6f 76 61 6c 61 2d 74 75 72 72 69 73 [0m
D (7782) wpa: DPP: Legacy akm=psk credential[0m
D (7792) wpa: DPP: Legacy passphrase - hexdump(len=9):[0m
D (7792) wpa: 6d 69 63 72 6f 77 61 76 65 [0m
D (7802) wpa: DPP: JSON parsing completed successfully[0m
D (7802) wpa: ELOOP: gas_query_resp_rx:337 called to remove timer handler=0x42014bdc, removed count=1[0m
V (7812) esp_adapter: thread sem get: sem=0x3fcb28a0[0m
D (7822) wifi:clear blacklist
D (7822) nvs: nvs_get_str_or_blob sta.ssid[0m
D (7822) nvs: nvs_get sta.pmf_e 1[0m#############
[0;32mI (7832) wifi dpp-enrollee: DPP Authentication successful, connecting to AP : #############[0m
V (7842) esp_adapter: thread sem get: sem=0x3fcb28a0[0m
D (7842) wifi:Start wifi connect
D (7842) wifi:connect status 0 -> 0
D (7852) wifi:connect chan=0
D (7852) wifi:first chan=6
D (7852) wifi:connect status 0 -> 1
D (7852) wifi:OFFCHAN-Tx: Ending op at 7.0, returning to Channel 1
V (7862) wifi:back home chan=<1,0>, current chan=<6,0>
V (7872) wifi:ht20 freq=2412, chan=1
D (7872) wifi:filter: set rx policy=3
D (7872) wifi:clear scan ap list
D (7882) wifi:start scan: type=0x50f, priority=2, cb=0x4205391c, arg=0x0, ss_state=0x1, time=7896948, index=0
V (7882) wifi:inter_channel_timeout: arg=0x0, ss_state=0x1
D (7892) wifi:perform scan: ss_state=0x9, chan<6,0>, dur<0,120>
V (7902) wifi:change: chan<6,0>, dur<0,120>
V (7902) wifi:ht20 freq=2437, chan=6
V (7902) wifi:enter start op, arg=0x3fc9e0aa
V (7912) wifi:scan operation: sta#############6,0>, arg=0x3fc9e0aa, status=0
V (7912) wifi:scan specific ssid=#############
V (7922) wifi:start max timer
D (7922) wifi:tx data done, now:7943266
D (7922) wifi:3011 : no offchan in progress
D (7932) wifi:woke up
D (7932) wifi:rsn valid: gcipher=3 ucipher=3 akm=9 mac=04:f0:21:8f:78:38
V (7942) wifi:updated connection retries to 0
D (7942) wpa: rsn_ie - hexdump(len=30):[0m
D (7942) wpa: 30 1c 01 00 00 0f ac 04 01 00 00 0f ac 04 03 00 [0m
D (7952) wpa: 00 0f ac 02 00 0f ac 06 00 0f ac 08 8c 00 [0m
D (7962) wifi:profile match: ss_state=0x7
V (7962) wifi:scan hist#############not full yet, add
V (7962) wifi:add ssid=#############, chan=6 to scan history
D (7972) wifi:scan end: arg=0x0, status=0, ss_state=0x7
D (7972) wifi:find first mathched ssid, scan done
V (7982) wifi:back home chan=<1,0>, current chan=<6,0>
V (7982) wifi:ht20 freq=2412, chan=1
D (7992) wifi:filter: set rx policy=4
D (7992) wifi:first chan=1
V (7992) wifi:scan_done: arg=0x0, status=0, cur_time=8014621, scan_id=128, scan state=0
V (8002) wifi:call scan_done cb, arg=0x0
D (8002) wifi:handoff_cb: status=0
V (8012) wifi:best bss has set.
D (8012) wifi:ap found, mac=04:f0:21:8f:78:38
V (8012) wifi:bssid=04:f0:21:8f:78:38, LR=0
D (8022) wifi:new_bss=0x3fc9e3a8, cur_bss=0x0, new_chan=<6,0>, cur_chan=1
D (8022) wifi:filter: set rx policy=5
D (8032) wpa: WPA: set AP RSNXE - hexdump(len=3):[0m
D (8032) wpa: f4 01 20 [0m
D (8042) wpa: SAE-PK: Not a valid password (length)[0m
I (8042) wifi:new:<6,0>, old:<1,0>, ap:<255,255>, sta:<6,0>, prof:1
V (8052) wifi:ht20 freq=2437, chan=6
D (8052) wifi:connect_op: status=0, auth=9, cipher=3 
D (8052) wpa: RSN: PMKSA cache search - network_ctx=0x0 try_opportunistic=0[0m
D (8062) wpa: RSN: Search for BSSID 04:f0:21:8f:78:38[0m
D (8072) wpa: RSN: No PMKSA cache entry found[0m
D (8072) wpa: RSN: set own RSNXE - hexdump(len=3):[0m
D (8082) wpa: f4 01 20 [0m
D (8082) wifi:auth mode is not none
D (8082) wifi:connect_bss: auth=1, reconnect=0
I (8092) wifi:state: init -> auth (b0)
D (8092) wpa: SAE: Derive PT - group 19[0m
D (8092) wpa: SAE: SSID - hexdump(len=13):[0m
D (8102) wpa: 54 6f 76 61 6c 61 2d 74 75 72 72 69 73 [0m
D (8102) wpa: SAE: password - hexdump(len=9):[0m
D (8112) wpa: 6d 69 63 72 6f 77 61 76 65 [0m
D (8112) wpa: SAE: pwd-seed - hexdump(len=32):[0m
D (8122) wpa: 24 d5 57 bd e4 96 bd 57 14 22 ed c6 65 84 73 6e [0m
D (8122) wpa: de 0d 0b 5d 69 08 ba b5 03 20 2a d2 f4 f8 4f f7 [0m
D (8132) wpa: SAE: pwd-value (u1 P1) - hexdump(len=48):[0m
D (8132) wpa: 92 58 a1 b9 0e 20 ec 6d 64 2e 4f 96 a6 02 34 48 [0m
D (8142) wpa: 46 67 c4 20 3e 44 95 35 99 c1 94 63 a7 1f 5d b6 [0m
D (8142) wpa: 8f c6 8c a7 fb 9e d9 cc bb 77 62 dc d0 57 d7 a8 [0m
D (8152) wpa: SAE: u1 - hexdump(len=32):[0m
D (8152) wpa: 4b f0 6a 41 34 14 11 56 f9 48 06 3d 34 d0 21 b3 [0m
D (8162) wpa: aa 47 4c 3c 9c 18 67 f3 2d c6 9e e0 48 2f b9 cd [0m
D (8172) wpa: SSWU: m - hexdump(len=32):[0m
D (8172) wpa: 22 c4 17 f9 c9 df 82 c0 03 a0 78 b3 7b 34 9f 3f [0m
D (8182) wpa: 82 ac bc 99 23 5c a6 14 50 c2 64 20 ec 55 0d f9 [0m
D (8182) event: running post WIFI_EVENT:40 with handler 0x4200a710 and context 0x3fca7f98 on loop 0x3fca6d0c[0m
D (8182) wpa: SSWU: t - hexdump(len=32):[0m
D (8202) wpa: 99 15 5b b8 92 d4 a1 5e 25 f1 6e 3c cf 2d 45 db [0m
D (8202) wpa: 53 63 2f f3 20 e4 7a 1f e8 01 33 cf 97 bb 51 86 [0m
D (8212) wpa: SSWU: x1a = b / (z * a) - hexdump(len=32):[0m
D (8212) wpa: a5 28 bd 86 96 bd af 99 6c 65 b9 82 d9 49 59 d3 [0m
D (8222) wpa: 14 6f e6 a0 20 69 30 90 bd ba 13 13 23 75 f2 24 [0m
D (8232) wpa: SSWU: x1b = (-b/a) * (1 + t) - hexdump(len=32):[0m
D (8232) wpa: c6 40 cf 89 cb 99 32 70 6b b9 9c 24 16 be c7 95 [0m
D (8242) wpa: 4f a6 cf aa 95 9b e5 be ce ff 0c 43 85 49 d4 e1 [0m
D (8242) wpa: SSWU: x1 = CSEL(l, x1a, x1b) - hexdump(len=32):[0m
D (8252) wpa: c6 40 cf 89 cb 99 32 70 6b b9 9c 24 16 be c7 95 [0m
D (8252) wpa: 4f a6 cf aa 95 9b e5 be ce ff 0c 43 85 49 d4 e1 [0m
D (8262) wpa: SSWU: gx1 = x1^3 + a * x1 + b - hexdump(len=32):[0m
D (8272) wpa: 94 d6 6c 53 de 50 f1 d4 f8 67 54 5b 51 cb 2f 23 [0m
D (8272) wpa: 45 4c fe 21 1b 65 7f 77 15 b6 7e cc 00 d2 ce cb [0m
D (8282) wpa: SSWU: x2 = z * u^2 * x1 - hexdump(len=32):[0m
D (8282) wpa: c9 6b be c4 9f 34 ee a6 da 1d 5f f3 79 20 d7 c0 [0m
D (8292) wpa: 92 44 1f 5b 53 b1 d5 7a c3 d2 d2 d8 af 73 9a e4 [0m
D (8302) wpa: SSWU: gx2 = x2^3 + a * x2 + b - hexdump(len=32):[0m
D (8302) wpa: d1 65 2c 8a 83 fb c5 66 72 39 75 5c 52 41 1c 9b [0m
D (8312) wpa: b5 5b 3a ba 02 bb 27 f0 00 6d 50 37 35 a3 c3 60 [0m
D (8312) wpa: SSWU: gx1^((p-1)/2) modulo p - hexdump(len=32):[0m
D (8322) wpa: 7f ff ff ff 80 00 00 00 80 00 00 00 00 00 00 00 [0m
D (8322) wpa: 00 00 00 00 7f ff ff ff ff ff ff ff ff ff ff ff [0m
D (8332) wpa: SSWU: v = CSEL(l, gx1, gx2) - hexdump(len=32):[0m
D (8342) wpa: d1 65 2c 8a 83 fb c5 66 72 39 75 5c 52 41 1c 9b [0m
D (8342) wpa: b5 5b 3a ba 02 bb 27 f0 00 6d 50 37 35 a3 c3 60 [0m
D (8352) wpa: SSWU: x = CSEL(l, x1, x2) - hexdump(len=32):[0m
D (8352) wpa: c9 6b be c4 9f 34 ee a6 da 1d 5f f3 79 20 d7 c0 [0m
D (8362) wpa: 92 44 1f 5b 53 b1 d5 7a c3 d2 d2 d8 af 73 9a e4 [0m
D (8372) wpa: SSWU: y = sqrt(v) - hexdump(len=32):[0m
D (8372) wpa: be d9 68 dd bd 84 b3 ea 6d 35 08 41 5a 02 06 50 [0m
D (8382) wpa: 7f c9 79 3a 65 31 13 db b1 d8 13 1e ce cf bd c5 [0m
D (8382) wpa: SSWU: p - y - hexdump(len=32):[0m
D (8392) wpa: 41 26 97 21 42 7b 4c 16 92 ca f7 be a5 fd f9 af [0m
D (8392) wpa: 80 36 86 c6 9a ce ec 24 4e 27 ec e1 31 30 42 3a [0m
D (8402) wpa: SSWU: P.x - hexdump(len=32):[0m
D (8402) wpa: c9 6b be c4 9f 34 ee a6 da 1d 5f f3 79 20 d7 c0 [0m
D (8412) wpa: 92 44 1f 5b 53 b1 d5 7a c3 d2 d2 d8 af 73 9a e4 [0m
D (8412) wpa: SSWU: P.y - hexdump(len=32):[0m
D (8422) wpa: be d9 68 dd bd 84 b3 ea 6d 35 08 41 5a 02 06 50 [0m
D (8422) wpa: 7f c9 79 3a 65 31 13 db b1 d8 13 1e ce cf bd c5 [0m
D (8432) wpa: SAE: pwd-value (u2 P2) - hexdump(len=48):[0m
D (8442) wpa: fc ec 6e 65 4a 25 1a a9 10 91 53 f0 45 f5 e4 22 [0m
D (8442) wpa: 4e b9 e6 9b 09 a0 25 6d 36 32 4b 87 6e db af b0 [0m
D (8452) wpa: ef c4 3a 0d 6a aa e5 5c 49 e8 a2 95 8a 0c 47 92 [0m
D (8452) wpa: SAE: u2 - hexdump(len=32):[0m
D (8462) wpa: 4d 9e 41 ad b3 18 ed 5a ef 20 c2 79 14 25 41 19 [0m
D (8462) wpa: 93 15 de c7 b1 bc 6e 6a a4 9f 11 2d e3 a7 11 3e [0m
D (8472) wpa: SSWU: m - hexdump(len=32):[0m
D (8472) wpa: df ea e1 b5 24 db 64 e2 af 65 a4 aa 8c 0c e5 f7 [0m
D (8482) wpa: 40 b2 d9 be 54 97 5e 8c 55 96 3d ee 17 a9 95 bb [0m
D (8492) wpa: SSWU: t - hexdump(len=32):[0m
D (8492) wpa: 3f a7 25 21 f0 e8 4e 5c fc 8a 49 21 e3 13 0f 0b [0m
D (8492) wpa: 41 86 bb 64 19 ae 13 45 96 85 50 be 16 57 f3 16 [0m
D (8502) wpa: SSWU: x1a = b / (z * a) - hexdump(len=32):[0m
D (8512) wpa: a5 28 bd 86 96 bd af 99 6c 65 b9 82 d9 49 59 d3 [0m
D (8512) wpa: 14 6f e6 a0 20 69 30 90 bd ba 13 13 23 75 f2 24 [0m
D (8522) wpa: SSWU: x1b = (-b/a) * (1 + t) - hexdump(len=32):[0m
D (8522) wpa: b5 21 84 1c 2d b5 19 95 3c a3 8d 22 04 86 3d dc [0m
D (8532) wpa: 81 fb 2d ed 2a db 6f e4 7a a3 8a 09 47 5f e7 88 [0m
D (8542) wpa: SSWU: x1 = CSEL(l, x1a, x1b) - hexdump(len=32):[0m
D (8542) wpa: b5 21 84 1c 2d b5 19 95 3c a3 8d 22 04 86 3d dc [0m
D (8552) wpa: 81 fb 2d ed 2a db 6f e4 7a a3 8a 09 47 5f e7 88 [0m
D (8552) wpa: SSWU: gx1 = x1^3 + a * x1 + b - hexdump(len=32):[0m
D (8562) wpa: 6a 75 85 6d 9e 7c 9a c9 5a fc 5c 7d aa b7 00 23 [0m
D (8562) wpa: 71 ee 0b db 40 f5 1d 3f 8f 48 b1 77 2a 88 78 47 [0m
D (8572) wpa: SSWU: x2 = z * u^2 * x1 - hexdump(len=32):[0m
D (8582) wpa: 98 b2 9a 5d b8 ae db dc 18 2e 64 ba 78 4e 8a 3d [0m
D (8582) wpa: 19 cd 55 93 e0 1a c3 d0 77 6f 9e a1 ce 84 8d bb [0m
D (8592) wpa: SSWU: gx2 = x2^3 + a * x2 + b - hexdump(len=32):[0m
D (8592) wpa: a7 c4 95 b1 0a ba 37 1c 7d 33 9c 0a b3 ae 1e 22 [0m
D (8602) wpa: 89 d4 37 6f fc 03 cb f0 7b 25 ca 49 56 ed 4d 57 [0m
D (8612) wpa: SSWU: gx1^((p-1)/2) modulo p - hexdump(len=32):[0m
D (8612) wpa: 7f ff ff ff 80 00 00 00 80 00 00 00 00 00 00 00 [0m
D (8622) wpa: 00 00 00 00 7f ff ff ff ff ff ff ff ff ff ff ff [0m
D (8622) wpa: SSWU: v = CSEL(l, gx1, gx2) - hexdump(len=32):[0m
D (8632) wpa: 6a 75 85 6d 9e 7c 9a c9 5a fc 5c 7d aa b7 00 23 [0m
D (8632) wpa: 71 ee 0b db 40 f5 1d 3f 8f 48 b1 77 2a 88 78 47 [0m
D (8642) wpa: SSWU: x = CSEL(l, x1, x2) - hexdump(len=32):[0m
D (8652) wpa: b5 21 84 1c 2d b5 19 95 3c a3 8d 22 04 86 3d dc [0m
D (8652) wpa: 81 fb 2d ed 2a db 6f e4 7a a3 8a 09 47 5f e7 88 [0m
D (8662) wpa: SSWU: y = sqrt(v) - hexdump(len=32):[0m
D (8662) wpa: ec 60 53 ed 22 59 75 f3 f9 9b e6 34 94 78 e2 84 [0m
D (8672) wpa: f1 b4 90 f6 c1 40 d8 84 33 0f b7 a3 8f e6 91 41 [0m
D (8672) wpa: SSWU: p - y - hexdump(len=32):[0m
D (8682) wpa: 13 9f ac 11 dd a6 8a 0d 06 64 19 cb 6b 87 1d 7b [0m
D (8682) wpa: 0e 4b 6f 0a 3e bf 27 7b cc f0 48 5c 70 19 6e be [0m
D (8692) wpa: SSWU: P.x - hexdump(len=32):[0m
D (8692) wpa: b5 21 84 1c 2d b5 19 95 3c a3 8d 22 04 86 3d dc [0m
D (8702) wpa: 81 fb 2d ed 2a db 6f e4 7a a3 8a 09 47 5f e7 88 [0m
D (8712) wpa: SSWU: P.y - hexdump(len=32):[0m
D (8712) wpa: 13 9f ac 11 dd a6 8a 0d 06 64 19 cb 6b 87 1d 7b [0m
D (8722) wpa: 0e 4b 6f 0a 3e bf 27 7b cc f0 48 5c 70 19 6e be [0m
D (8732) wpa: SAE: Selecting supported ECC group 19[0m
D (8732) wpa: SAE: Derive PWE from PT[0m
D (8732) wpa: SAE: PT.x - hexdump(len=32):[0m
D (8742) wpa: 5e 56 ac 85 c2 72 a4 cd 38 6d a8 06 8b 16 c1 43 [0m
D (8742) wpa: e0 2d 20 99 89 dc 11 35 ae dc a3 49 a1 83 d7 88 [0m
D (8752) wpa: SAE: PT.y - hexdump(len=32):[0m
D (8752) wpa: aa fa 7a f5 02 2c 8c e9 b1 48 10 ff c1 08 00 d3 [0m
D (8762) wpa: ad 99 e5 1b 07 39 e7 cd 99 28 0e 5b 6b 2c 1f 43 [0m
D (8762) wpa: SAE: val = H(0^n, MAX(addrs) || MIN(addrs))[0m
D (8772) wpa: SAE: val - hexdump(len=32):[0m
D (8772) wpa: fd 57 57 36 8e 3c 67 38 67 51 7b 06 72 d2 0a c2 [0m
D (8782) wpa: 15 06 a4 7a 4f d1 c8 94 80 82 fe c2 50 08 27 0f [0m
D (8782) wpa: SAE: val(reduced to 1..q-1) - hexdump(len=32):[0m
D (8792) wpa: fd 57 57 36 8e 3c 67 38 67 51 7b 06 72 d2 0a c2 [0m
D (8802) wpa: 15 06 a4 7a 4f d1 c8 94 80 82 fe c2 50 08 27 10 [0m
D (8952) wpa: SAE: PWE.x - hexdump(len=32):[0m
D (8962) wpa: d5 06 0e 8d 73 a9 23 d7 5f 4b a4 c1 ad 4d 48 23 [0m
D (8962) wpa: b8 52 ef 6a 16 14 7f 2f 34 46 5c ef cc 8f ff 48 [0m
D (8962) wpa: SAE: PWE.y - hexdump(len=32):[0m
D (8962) wpa: c6 c2 8a b3 39 d2 5a 4f 49 b4 9b c1 c9 ba df 48 [0m
D (8972) wpa: c5 8a 58 bd 46 f0 76 7c 13 04 7a 7e da b1 4f 81 [0m
D (9132) wpa: SAE: own commit-scalar - hexdump(len=32):[0m
D (9132) wpa: 46 da eb 40 40 73 45 5f e1 af 32 22 8e f6 78 9e [0m
D (9132) wpa: 6d c5 04 e2 99 00 17 48 a1 5e 92 58 ba 0a 88 88 [0m
D (9142) wpa: SAE: own commit-element(x) - hexdump(len=32):[0m
D (9142) wpa: c8 97 d3 34 34 74 dd cb b8 a1 9e 0f b9 40 dd 13 [0m
D (9152) wpa: d4 7d d0 5d fa 28 f1 98 a7 a5 ab 0f 8c df 50 8d [0m
D (9152) wpa: SAE: own commit-element(y) - hexdump(len=32):[0m
D (9162) wpa: 9e 5f 89 99 82 0b f5 aa 6a d0 b3 17 53 ce 6c 42 [0m
D (9172) wpa: d1 30 cf 08 03 70 e3 63 bb 01 b5 73 d1 b6 c3 50 [0m
D (9172) wifi:start 1s AUTH timer
D (9172) wifi:clear scan ap list
D (9182) wifi:tx data done, now:9201578
D (9182) wifi:3011 : no offchan in progress
D (9192) wifi:woke up
D (9192) wifi:recv auth: seq=1, status=126
D (9192) wpa: SAE: Peer commit-scalar - hexdump(len=32):[0m
D (9202) wpa: 57 82 aa 03 79 89 20 16 6f eb 40 9b 90 fe 93 7b [0m
D (9202) wpa: 83 8c ab ec 5a 1e 12 6c 8a 44 45 47 e4 06 22 71 [0m
D (9212) wpa: SAE: Peer commit-element(x) - hexdump(len=32):[0m
D (9212) wpa: 31 07 67 2e a1 3f 08 0f bd dc 83 6c 89 a7 d4 f4 [0m
D (9222) wpa: d1 ce 7a a6 93 78 b8 06 f4 07 5c 16 8c c4 bf 1d [0m
D (9232) wpa: SAE: Peer commit-element(y) - hexdump(len=32):[0m
D (9232) wpa: 49 d1 a7 b4 86 24 93 06 12 8e dd 09 77 95 c2 bb [0m
D (9242) wpa: c0 09 26 dd a6 86 63 20 c3 e8 d9 a3 98 f3 ff 21 [0m
D (9242) wpa: SAE: Possible elements at the end of the frame - hexdump(len=0):[0m
D (9252) wpa: SAE: Possible elements at the end of the frame - hexdump(len=0):[0m
D (9262) wpa: SAE: Possible elements at the end of the frame - hexdump(len=0):[0m
D (9272) wpa: SAE: Possible elements at the end of the frame - hexdump(len=0):[0m
D (9592) wpa: SAE: k - hexdump(len=32):[0m
D (9592) wpa: 06 3b d2 23 32 52 56 de c0 1d 46 04 0d d8 08 92 [0m
D (9592) wpa: ac 79 6b 26 8b b5 18 26 eb 80 87 6b 87 02 c0 0a [0m
D (9592) wpa: SAE: salt for keyseed derivation - hexdump(len=32):[0m
D (9602) wpa: 00 00 00 00 00 00 00 00 00 00 00 00 00 00 00 00 [0m
D (9602) wpa: 00 00 00 00 00 00 00 00 00 00 00 00 00 00 00 00 [0m
D (9612) wpa: SAE: keyseed - hexdump(len=32):[0m
D (9612) wpa: 81 de e8 68 91 c0 95 b1 ae 80 0c 56 cf 27 c1 96 [0m
D (9622) wpa: 57 4d 6d 4c fa f0 1a a6 10 9c e9 b3 59 b2 da c4 [0m
D (9622) wpa: SAE: PMKID - hexdump(len=16):[0m
D (9632) wpa: 9e 5d 95 43 b9 fc 65 76 51 9a 72 be 1f f5 0c 19 [0m
D (9642) wpa: SAE: KCK - hexdump(len=32):[0m
D (9642) wpa: 9c 70 96 5e d9 9c 92 18 2e a4 46 7c 4f ed 56 d5 [0m
D (9642) wpa: d9 23 84 e7 a7 82 ab 16 5a f3 c0 7e 4e 17 7c 30 [0m
D (9652) wpa: SAE: PMK - hexdump(len=32):[0m
D (9652) wpa: ff a1 21 ed 64 18 a3 c8 90 8a 47 9a 3b 76 4f 16 [0m
D (9662) wpa: 6f e9 e6 8f 34 e2 93 6c 00 5e e2 d5 39 9c b2 cc [0m
D (9672) wifi:tx data done, now:9690987
D (9672) wifi:3011 : no offchan in progress
D (9672) wifi:woke up
D (9682) wifi:recv auth: seq=2, status=0
D (9682) wpa: SAE: peer-send-confirm 65535[0m
D (9682) wpa: ELOOP: pmksa_cache_set_expiration:76 called to remove timer handler=0x4202c328, removed count=0[0m
D (9692) wpa: ELOOP: Added one timer from pmksa_cache_set_expiration:85 to call 0x4202c328, current order=0[0m
D (9702) wpa: RSN: Added PMKSA cache entry for 04:f0:21:8f:78:38 network_ctx=0x0[0m
I (9712) wifi:state: auth -> assoc (0)
D (9722) wifi:tx data done, now:9738763
D (9722) wifi:3011 : no offchan in progress
D (9722) wifi:woke up
D (9722) wifi:recv assoc: type=0x10
I (9732) wifi:Association refused temporarily, comeback time 1000 (TUs)
D (9732) wpa: WPA: Association event - clear replay counter[0m
D (9742) wpa: WPA: Clear old PTK[0m
I (10762) wifi:state: assoc -> assoc (0)
D (10762) wifi:tx data done, now:10782469
D (10762) wifi:3011 : no offchan in progress
D (10762) wifi:woke up
D (10832) wifi:recv assoc: type=0x10
D (10832) wifi:filter: set rx policy=6
I (10832) wifi:state: assoc -> run (10)
D (10832) wifi:start 10s connect timer for 4 way handshake
D (10842) wpa: WPA: Association event - clear replay counter[0m
D (10842) wpa: WPA: Clear old PTK[0m
V (10842) wifi:wpa_psk start
D (10852) wpa: IEEE 802.1X RX: version=2 type=3 length=117[0m
V (10852) wpa: WPA: RX EAPOL-Key - hexdump(len=121):[0m
V (10862) wpa: 02 03 00 75 02 00 88 00 10 00 00 00 00 00 00 00 [0m
V (10862) wpa: 34 19 85 39 e4 c0 0a 1e 13 ae d1 f6 2b 8c 57 0d [0m
V (10872) wpa: 23 af a5 dd c2 6b 45 00 79 14 a0 5b ba 76 9c 55 [0m
V (10882) wpa: 8f 00 00 00 00 00 00 00 00 00 00 00 00 00 00 00 [0m
V (10882) wpa: 00 00 00 00 00 00 00 00 00 00 00 00 00 00 00 00 [0m
V (10892) wpa: 00 00 00 00 00 00 00 00 00 00 00 00 00 00 00 00 [0m
V (10892) wpa: 00 00 16 dd 14 00 0f ac 04 9e 5d 95 43 b9 fc 65 [0m
V (10902) wpa: 76 51 9a 72 be 1f f5 0c 19 [0m
D (10902) wpa:   EAPOL-Key type=2[0m
D (10912) wpa:   key_info 0x88 (ver=0 keyidx=0 rsvd=0 Pairwise Ack)[0m
D (10912) wpa:   key_length=16 key_data_length=22[0m
D (10922) wpa:   replay_counter - hexdump(len=8):[0m
D (10922) wpa: 00 00 00 00 00 00 00 34 [0m
D (10932) wpa:   key_nonce - hexdump(len=32):[0m
D (10932) wpa: 19 85 39 e4 c0 0a 1e 13 ae d1 f6 2b 8c 57 0d 23 [0m
D (10942) wpa: af a5 dd c2 6b 45 00 79 14 a0 5b ba 76 9c 55 8f [0m
D (10942) wpa:   key_iv - hexdump(len=16):[0m
D (10952) wpa: 00 00 00 00 00 00 00 00 00 00 00 00 00 00 00 00 [0m
D (10952) wpa:   key_rsc - hexdump(len=8):[0m
D (10962) wpa: 00 00 00 00 00 00 00 00 [0m
D (10962) wpa:   key_id (reserved) - hexdump(len=8):[0m
D (10972) wpa: 00 00 00 00 00 00 00 00 [0m
D (10972) wpa:   key_mic - hexdump(len=16):[0m
D (10972) wpa: 00 00 00 00 00 00 00 00 00 00 00 00 00 00 00 00 [0m
D (10982) wpa: WPA 1/4-Way Handshake[0m
D (10982) wpa: RSN: msg 1/4 key data - hexdump(len=22):[0m
D (10992) wpa: dd 14 00 0f ac 04 9e 5d 95 43 b9 fc 65 76 51 9a [0m
D (11002) wpa: 72 be 1f f5 0c 19 [0m
D (11002) wpa: WPA: PMKID in EAPOL-Key - hexdump(len=22):[0m
D (11002) wpa: dd 14 00 0f ac 04 9e 5d 95 43 b9 fc 65 76 51 9a [0m
D (11012) wpa: 72 be 1f f5 0c 19 [0m
D (11012) wpa: RSN: PMKID from Authenticator - hexdump(len=16):[0m
D (11022) wpa: 9e 5d 95 43 b9 fc 65 76 51 9a 72 be 1f f5 0c 19 [0m
D (11032) wpa: RSN: found matching PMKID from PMKSA cache[0m
D (11032) wpa: RSN: matched PMKID - hexdump(len=16):[0m
D (11042) wpa: 9e 5d 95 43 b9 fc 65 76 51 9a 72 be 1f f5 0c 19 [0m
D (11042) wpa: RSN: PMK from PMKSA cache - hexdump(len=32):[0m
D (11052) wpa: ff a1 21 ed 64 18 a3 c8 90 8a 47 9a 3b 76 4f 16 [0m
D (11052) wpa: 6f e9 e6 8f 34 e2 93 6c 00 5e e2 d5 39 9c b2 cc [0m
D (11062) wpa: WPA: Renewed SNonce - hexdump(len=32):[0m
D (11062) wpa: 02 32 e9 1d de e8 b4 85 6e 74 ae 25 3c 95 e3 93 [0m
D (11072) wpa: 5f f2 c1 1c 80 3e ab 9c 0c 2b 08 c9 09 39 ab 5b [0m
D (11082) wpa: WPA: PTK derivation - A1=84:fc:e6:7b:73:b8 A2=04:f0:21:8f:78:38
[0m
V (11082) wpa: WPA: PMK - hexdump(len=32):[0m
V (11092) wpa: ff a1 21 ed 64 18 a3 c8 90 8a 47 9a 3b 76 4f 16 [0m
V (11092) wpa: 6f e9 e6 8f 34 e2 93 6c 00 5e e2 d5 39 9c b2 cc [0m
D (11102) wpa: WPA: PTK - hexdump(len=48):[0m
D (11102) wpa: 73 16 9d 4d b7 37 e5 9d 3c 5c 5c 72 84 b2 79 e9 [0m
D (11112) wpa: f0 f6 88 b8 96 0a 1f 77 5a ae e6 5e 14 8f 62 bb [0m
D (11122) wpa: f9 8f 78 bf 3a a3 52 3d 60 56 37 80 db f8 67 d3 [0m
D (11122) wpa: WPA: KCK - hexdump(len=16):[0m
D (11132) wpa: 73 16 9d 4d b7 37 e5 9d 3c 5c 5c 72 84 b2 79 e9 [0m
D (11132) wpa: WPA: KEK - hexdump(len=16):[0m
D (11142) wpa: f0 f6 88 b8 96 0a 1f 77 5a ae e6 5e 14 8f 62 bb [0m
D (11142) wpa: WPA: TK - hexdump(len=16):[0m
D (11152) wpa: f9 8f 78 bf 3a a3 52 3d 60 56 37 80 db f8 67 d3 [0m
V (11152) wpa: WPA: WPA IE for msg 2/4
 - hexdump(len=31):[0m
V (11162) wpa: 30 1a 01 00 00 0f ac 04 01 00 00 0f ac 04 01 00 [0m
V (11162) wpa: 00 0f ac 08 c0 04 00 00 00 0f ac 06 f4 01 20 [0m
D (11172) wpa: WPA Send EAPOL-Key 2/4[0m
D (11172) wpa: WPA: KCK - hexdump(len=16):[0m
D (11182) wpa: 73 16 9d 4d b7 37 e5 9d 3c 5c 5c 72 84 b2 79 e9 [0m
D (11182) wpa: WPA: Derived Key MIC - hexdump(len=16):[0m
D (11192) wpa: 4e 55 32 12 a0 21 f1 4d 26 96 7c f6 29 3a 4e 9a [0m
V (11202) wpa: WPA: TX EAPOL-Key - hexdump(len=130):[0m
V (11202) wpa: 01 03 00 7e 02 01 08 00 00 00 00 00 00 00 00 00 [0m
V (11212) wpa: 34 02 32 e9 1d de e8 b4 85 6e 74 ae 25 3c 95 e3 [0m
V (11212) wpa: 93 5f f2 c1 1c 80 3e ab 9c 0c 2b 08 c9 09 39 ab [0m
V (11222) wpa: 5b 00 00 00 00 00 00 00 00 00 00 00 00 00 00 00 [0m
V (11222) wpa: 00 00 00 00 00 00 00 00 00 00 00 00 00 00 00 00 [0m
V (11232) wpa: 00 4e 55 32 12 a0 21 f1 4d 26 96 7c f6 29 3a 4e [0m
V (11242) wpa: 9a 00 1f 30 1a 01 00 00 0f ac 04 01 00 00 0f ac [0m
V (11242) wpa: 04 01 00 00 0f ac 08 c0 04 00 00 00 0f ac 06 f4 [0m
V (11252) wpa: 01 20 [0m
V (11252) wifi:wpa_psk handle succeed
D (11252) wifi:tx data done, now:11276557
D (11262) wifi:woke up
D (11262) wpa: 2/4 txcb, flags=0, txfail 0[0m
D (11262) wifi:tx data done, now:11285863
D (11272) wifi:3011 : no offchan in progress
D (11272) wifi:woke up
V (11272) wifi:wpa_psk start
D (11282) wpa: IEEE 802.1X RX: version=2 type=3 length=191[0m
V (11282) wpa: WPA: RX EAPOL-Key - hexdump(len=195):[0m
V (11292) wpa: 02 03 00 bf 02 13 c8 00 10 00 00 00 00 00 00 00 [0m
V (11292) wpa: 35 19 85 39 e4 c0 0a 1e 13 ae d1 f6 2b 8c 57 0d [0m
V (11302) wpa: 23 af a5 dd c2 6b 45 00 79 14 a0 5b ba 76 9c 55 [0m
V (11302) wpa: 8f 00 00 00 00 00 00 00 00 00 00 00 00 00 00 00 [0m
V (11312) wpa: 00 00 00 00 00 00 00 00 00 00 00 00 00 00 00 00 [0m
V (11322) wpa: 00 ae 5e 46 42 88 49 6b e7 63 14 ff f7 17 32 54 [0m
V (11322) wpa: 0a 00 60 83 bb de 34 18 53 da 06 7d 4b 70 96 6f [0m
V (11332) wpa: e6 9e d1 13 71 15 60 75 16 ed 5c 8f a0 e9 36 e3 [0m
V (11332) wpa: 65 0a 8f 9b 51 43 ec 3a 01 b7 f9 ed 17 92 67 68 [0m
V (11342) wpa: d6 b1 39 e6 55 2c 56 c0 36 46 6e c8 6b 87 c9 82 [0m
V (11352) wpa: 79 71 d6 dd ab 58 f1 a8 20 a8 6e bc 68 12 ef 18 [0m
V (11352) wpa: 75 8b db ba fb c2 49 dc 03 bf 1c 9f b5 c0 4e 46 [0m
V (11362) wpa: 3f 77 b3 [0m
D (11362) wpa:   EAPOL-Key type=2[0m
D (11362) wpa:   key_info 0x13c8 (ver=0 keyidx=0 rsvd=0 Pairwise Install Ack MIC Secure Encr)[0m
D (11372) wpa:   key_length=16 key_data_length=96[0m
D (11382) wpa:   replay_counter - hexdump(len=8):[0m
D (11382) wpa: 00 00 00 00 00 00 00 35 [0m
D (11392) wpa:   key_nonce - hexdump(len=32):[0m
D (11392) wpa: 19 85 39 e4 c0 0a 1e 13 ae d1 f6 2b 8c 57 0d 23 [0m
D (11402) wpa: af a5 dd c2 6b 45 00 79 14 a0 5b ba 76 9c 55 8f [0m
D (11402) wpa:   key_iv - hexdump(len=16):[0m
D (11412) wpa: 00 00 00 00 00 00 00 00 00 00 00 00 00 00 00 00 [0m
D (11412) wpa:   key_rsc - hexdump(len=8):[0m
D (11422) wpa: 00 00 00 00 00 00 00 00 [0m
D (11422) wpa:   key_id (reserved) - hexdump(len=8):[0m
D (11432) wpa: 00 00 00 00 00 00 00 00 [0m
D (11432) wpa:   key_mic - hexdump(len=16):[0m
D (11432) wpa: ae 5e 46 42 88 49 6b e7 63 14 ff f7 17 32 54 0a [0m
D (11442) wpa: RSN: encrypted key data - hexdump(len=96):[0m
D (11452) wpa: 83 bb de 34 18 53 da 06 7d 4b 70 96 6f e6 9e d1 [0m
D (11452) wpa: 13 71 15 60 75 16 ed 5c 8f a0 e9 36 e3 65 0a 8f [0m
D (11462) wpa: 9b 51 43 ec 3a 01 b7 f9 ed 17 92 67 68 d6 b1 39 [0m
D (11462) wpa: e6 55 2c 56 c0 36 46 6e c8 6b 87 c9 82 79 71 d6 [0m
D (11472) wpa: dd ab 58 f1 a8 20 a8 6e bc 68 12 ef 18 75 8b db [0m
D (11482) wpa: ba fb c2 49 dc 03 bf 1c 9f b5 c0 4e 46 3f 77 b3 [0m
D (11482) wpa: WPA: decrypted EAPOL-Key key data - hexdump(len=88):[0m
D (11492) wpa: 30 1c 01 00 00 0f ac 04 01 00 00 0f ac 04 03 00 [0m
D (11492) wpa: 00 0f ac 02 00 0f ac 06 00 0f ac 08 8c 00 f4 01 [0m
D (11502) wpa: 20 dd 16 00 0f ac 01 01 00 f7 7d 3d 8c 54 39 98 [0m
D (11512) wpa: a8 fd 27 b6 32 3e 14 09 0b dd 1c 00 0f ac 09 04 [0m
D (11512) wpa: 00 00 00 00 00 00 00 e2 47 7f 2e 25 ba 9b 00 56 [0m
D (11522) wpa: 10 63 1d a1 29 5e bb dd [0m
D (11522) wpa: WPA 3/4-Way Handshake[0m
D (11532) wpa: WPA: RSN IE in EAPOL-Key - hexdump(len=30):[0m
D (11532) wpa: 30 1c 01 00 00 0f ac 04 01 00 00 0f ac 04 03 00 [0m
D (11542) wpa: 00 0f ac 02 00 0f ac 06 00 0f ac 08 8c 00 [0m
D (11542) wpa: WPA: RSNXE in EAPOL-Key - hexdump(len=3):[0m
D (11552) wpa: f4 01 20 [0m
D (11552) wpa: WPA: GTK in EAPOL-Key - hexdump(len=24):[0m
D (11562) wpa: dd 16 00 0f ac 01 01 00 f7 7d 3d 8c 54 39 98 a8 [0m
D (11562) wpa: fd 27 b6 32 3e 14 09 0b [0m
D (11572) wpa: WPA: IGTK in EAPOL-Key - hexdump(len=30):[0m
D (11572) wpa: dd 1c 00 0f ac 09 04 00 00 00 00 00 00 00 e2 47 [0m
D (11582) wpa: 7f 2e 25 ba 9b 00 56 10 63 1d a1 29 5e bb [0m
D (11582) wpa: WPA: IE KeyData - hexdump(len=88):[0m
D (11592) wpa: 30 1c 01 00 00 0f ac 04 01 00 00 0f ac 04 03 00 [0m
D (11592) wpa: 00 0f ac 02 00 0f ac 06 00 0f ac 08 8c 00 f4 01 [0m
D (11602) wpa: 20 dd 16 00 0f ac 01 01 00 f7 7d 3d 8c 54 39 98 [0m
D (11612) wpa: a8 fd 27 b6 32 3e 14 09 0b dd 1c 00 0f ac 09 04 [0m
D (11612) wpa: 00 00 00 00 00 00 00 e2 47 7f 2e 25 ba 9b 00 56 [0m
D (11622) wpa: 10 63 1d a1 29 5e bb dd [0m
D (11622) wpa: WPA: RSC - hexdump(len=8):[0m
D (11632) wpa: 00 00 00 00 00 00 00 00 [0m
D (11632) wpa: RSN: received GTK in pairwise handshake - hexdump(len=18):[0m
D (11642) wpa: 01 00 f7 7d 3d 8c 54 39 98 a8 fd 27 b6 32 3e 14 [0m
D (11642) wpa: 09 0b [0m
D (11642) wpa: WPA: IGTK keyid 4 pn 000000000000[0m
D (11652) wpa: WPA: IGTK - hexdump(len=16):[0m
D (11652) wpa: e2 47 7f 2e 25 ba 9b 00 56 10 63 1d a1 29 5e bb [0m
D (11662) wpa: tx 4/4 txcb_flags=8192[0m
D (11662) wpa: WPA Send EAPOL-Key 4/4[0m
D (11672) wpa: WPA: KCK - hexdump(len=16):[0m
D (11672) wpa: 73 16 9d 4d b7 37 e5 9d 3c 5c 5c 72 84 b2 79 e9 [0m
D (11682) wpa: WPA: Derived Key MIC - hexdump(len=16):[0m
D (11682) wpa: 03 92 0a c6 d9 b3 df 90 64 27 15 92 89 46 25 a8 [0m
V (11692) wpa: WPA: TX EAPOL-Key - hexdump(len=99):[0m
V (11692) wpa: 01 03 00 5f 02 03 08 00 00 00 00 00 00 00 00 00 [0m
V (11702) wpa: 35 00 00 00 00 00 00 00 00 00 00 00 00 00 00 00 [0m
V (11712) wpa: 00 00 00 00 00 00 00 00 00 00 00 00 00 00 00 00 [0m
V (11712) wpa: 00 00 00 00 00 00 00 00 00 00 00 00 00 00 00 00 [0m
V (11722) wpa: 00 00 00 00 00 00 00 00 00 00 00 00 00 00 00 00 [0m
V (11722) wpa: 00 03 92 0a c6 d9 b3 df 90 64 27 15 92 89 46 25 [0m
V (11732) wpa: a8 00 00 [0m
V (11732) wifi:wpa_psk handle succeed
V (11742) wifi:wpa_psk start
D (11742) wpa: IEEE 802.1X RX: version=2 type=3 length=191[0m
V (11742) wpa: WPA: RX EAPOL-Key - hexdump(len=195):[0m
V (11752) wpa: 02 03 00 bf 02 13 c8 00 10 00 00 00 00 00 00 00 [0m
V (11752) wpa: 36 19 85 39 e4 c0 0a 1e 13 ae d1 f6 2b 8c 57 0d [0m
V (11762) wpa: 23 af a5 dd c2 6b 45 00 79 14 a0 5b ba 76 9c 55 [0m
V (11772) wpa: 8f 00 00 00 00 00 00 00 00 00 00 00 00 00 00 00 [0m
V (11772) wpa: 00 00 00 00 00 00 00 00 00 00 00 00 00 00 00 00 [0m
V (11782) wpa: 00 79 f2 d6 8c 44 1f 78 d2 9f e6 40 db dd c7 ac [0m
V (11782) wpa: 9b 00 60 83 bb de 34 18 53 da 06 7d 4b 70 96 6f [0m
V (11792) wpa: e6 9e d1 13 71 15 60 75 16 ed 5c 8f a0 e9 36 e3 [0m
V (11802) wpa: 65 0a 8f 9b 51 43 ec 3a 01 b7 f9 ed 17 92 67 68 [0m
V (11802) wpa: d6 b1 39 e6 55 2c 56 c0 36 46 6e c8 6b 87 c9 82 [0m
V (11812) wpa: 79 71 d6 dd ab 58 f1 a8 20 a8 6e bc 68 12 ef 18 [0m
V (11812) wpa: 75 8b db ba fb c2 49 dc 03 bf 1c 9f b5 c0 4e 46 [0m
V (11822) wpa: 3f 77 b3 [0m
D (11822) wpa:   EAPOL-Key type=2[0m
D (11832) wpa:   key_info 0x13c8 (ver=0 keyidx=0 rsvd=0 Pairwise Install Ack MIC Secure Encr)[0m
D (11832) wpa:   key_length=16 key_data_length=96[0m
D (11842) wpa:   replay_counter - hexdump(len=8):[0m
D (11842) wpa: 00 00 00 00 00 00 00 36 [0m
D (11852) wpa:   key_nonce - hexdump(len=32):[0m
D (11852) wpa: 19 85 39 e4 c0 0a 1e 13 ae d1 f6 2b 8c 57 0d 23 [0m
D (11862) wpa: af a5 dd c2 6b 45 00 79 14 a0 5b ba 76 9c 55 8f [0m
D (11862) wpa:   key_iv - hexdump(len=16):[0m
D (11872) wpa: 00 00 00 00 00 00 00 00 00 00 00 00 00 00 00 00 [0m
D (11872) wpa:   key_rsc - hexdump(len=8):[0m
D (11882) wpa: 00 00 00 00 00 00 00 00 [0m
D (11882) wpa:   key_id (reserved) - hexdump(len=8):[0m
D (11892) wpa: 00 00 00 00 00 00 00 00 [0m
D (11892) wpa:   key_mic - hexdump(len=16):[0m
D (11902) wpa: 79 f2 d6 8c 44 1f 78 d2 9f e6 40 db dd c7 ac 9b [0m
D (11902) wpa: RSN: encrypted key data - hexdump(len=96):[0m
D (11912) wpa: 83 bb de 34 18 53 da 06 7d 4b 70 96 6f e6 9e d1 [0m
D (11912) wpa: 13 71 15 60 75 16 ed 5c 8f a0 e9 36 e3 65 0a 8f [0m
D (11922) wpa: 9b 51 43 ec 3a 01 b7 f9 ed 17 92 67 68 d6 b1 39 [0m
D (11932) wpa: e6 55 2c 56 c0 36 46 6e c8 6b 87 c9 82 79 71 d6 [0m
D (11932) wpa: dd ab 58 f1 a8 20 a8 6e bc 68 12 ef 18 75 8b db [0m
D (11942) wpa: ba fb c2 49 dc 03 bf 1c 9f b5 c0 4e 46 3f 77 b3 [0m
D (11952) wpa: WPA: decrypted EAPOL-Key key data - hexdump(len=88):[0m
D (11952) wpa: 30 1c 01 00 00 0f ac 04 01 00 00 0f ac 04 03 00 [0m
D (11962) wpa: 00 0f ac 02 00 0f ac 06 00 0f ac 08 8c 00 f4 01 [0m
D (11962) wpa: 20 dd 16 00 0f ac 01 01 00 f7 7d 3d 8c 54 39 98 [0m
D (11972) wpa: a8 fd 27 b6 32 3e 14 09 0b dd 1c 00 0f ac 09 04 [0m
D (11972) wpa: 00 00 00 00 00 00 00 e2 47 7f 2e 25 ba 9b 00 56 [0m
D (11982) wpa: 10 63 1d a1 29 5e bb dd [0m
D (11982) wpa: WPA 3/4-Way Handshake[0m
D (11992) wpa: WPA: RSN IE in EAPOL-Key - hexdump(len=30):[0m
D (11992) wpa: 30 1c 01 00 00 0f ac 04 01 00 00 0f ac 04 03 00 [0m
D (12002) wpa: 00 0f ac 02 00 0f ac 06 00 0f ac 08 8c 00 [0m
D (12002) wpa: WPA: RSNXE in EAPOL-Key - hexdump(len=3):[0m
D (12012) wpa: f4 01 20 [0m
D (12012) wpa: WPA: GTK in EAPOL-Key - hexdump(len=24):[0m
D (12022) wpa: dd 16 00 0f ac 01 01 00 f7 7d 3d 8c 54 39 98 a8 [0m
D (12022) wpa: fd 27 b6 32 3e 14 09 0b [0m
D (12032) wpa: WPA: IGTK in EAPOL-Key - hexdump(len=30):[0m
D (12032) wpa: dd 1c 00 0f ac 09 04 00 00 00 00 00 00 00 e2 47 [0m
D (12042) wpa: 7f 2e 25 ba 9b 00 56 10 63 1d a1 29 5e bb [0m
D (12042) wpa: WPA: IE KeyData - hexdump(len=88):[0m
D (12052) wpa: 30 1c 01 00 00 0f ac 04 01 00 00 0f ac 04 03 00 [0m
D (12062) wpa: 00 0f ac 02 00 0f ac 06 00 0f ac 08 8c 00 f4 01 [0m
D (12062) wpa: 20 dd 16 00 0f ac 01 01 00 f7 7d 3d 8c 54 39 98 [0m
D (12072) wpa: a8 fd 27 b6 32 3e 14 09 0b dd 1c 00 0f ac 09 04 [0m
D (12072) wpa: 00 00 00 00 00 00 00 e2 47 7f 2e 25 ba 9b 00 56 [0m
D (12082) wpa: 10 63 1d a1 29 5e bb dd [0m
D (12082) wpa: WPA: RSC - hexdump(len=8):[0m
D (12092) wpa: 00 00 00 00 00 00 00 00 [0m
D (12092) wpa: RSN: received GTK in pairwise handshake - hexdump(len=18):[0m
D (12102) wpa: 01 00 f7 7d 3d 8c 54 39 98 a8 fd 27 b6 32 3e 14 [0m
D (12102) wpa: 09 0b [0m
D (12112) wpa: WPA: Not reinstalling already in-use IGTK to the driver (keyidx=4)[0m
D (12112) wpa: tx 4/4 txcb_flags=8192[0m
D (12122) wpa: WPA Send EAPOL-Key 4/4[0m
D (12122) wpa: WPA: KCK - hexdump(len=16):[0m
D (12132) wpa: 73 16 9d 4d b7 37 e5 9d 3c 5c 5c 72 84 b2 79 e9 [0m
D (12132) wpa: WPA: Derived Key MIC - hexdump(len=16):[0m
D (12142) wpa: 6e e4 51 56 c2 d8 28 a8 52 76 4c 31 b6 fb 92 ff [0m
V (12142) wpa: WPA: TX EAPOL-Key - hexdump(len=99):[0m
V (12152) wpa: 01 03 00 5f 02 03 08 00 00 00 00 00 00 00 00 00 [0m
V (12152) wpa: 36 00 00 00 00 00 00 00 00 00 00 00 00 00 00 00 [0m
V (12162) wpa: 00 00 00 00 00 00 00 00 00 00 00 00 00 00 00 00 [0m
V (12172) wpa: 00 00 00 00 00 00 00 00 00 00 00 00 00 00 00 00 [0m
V (12172) wpa: 00 00 00 00 00 00 00 00 00 00 00 00 00 00 00 00 [0m
V (12182) wpa: 00 6e e4 51 56 c2 d8 28 a8 52 76 4c 31 b6 fb 92 [0m
V (12182) wpa: ff 00 00 [0m
V (12192) wifi:wpa_psk handle succeed
D (12192) wpa: WPA: Installing PTK to the driver.[0m
D (12192) wpa: WPA: Group Key - hexdump(len=16):[0m
D (12202) wpa: f7 7d 3d 8c 54 39 98 a8 fd 27 b6 32 3e 14 09 0b [0m
D (12202) wpa: WPA: Judge GTK: (keyidx=1 len=16).[0m
D (12212) wpa: WPA: Installing GTK to the driver (keyidx=1 tx=0 len=16).[0m
D (12222) wpa: WPA: RSC - hexdump(len=6):[0m
D (12222) wpa: 00 00 00 00 00 00 [0m
D (12222) wpa: WPA: Key negotiation completed with 04:f0:21:8f:78:38 [PTK=CCMP GTK=CCMP]
[0m#############
I (12232) wifi:connected with #############, aid = 3, channel 6, BW20, bssid = 04:f0:21:8f:78:38
I (12242) wifi:security: WPA3-SAE, phy: bgn, rssi: -27
D (12252) wifi:remove all except 04:f0:21:8f:78:38 from rc list
D (12252) wifi:clear blacklist
D (12252) nvs: nvs_set sta.chan 1 6[0m
D (12262) nvs: nvs_set_blob sta.apinfo 700[0m
D (12272) wifi:filter: set rx policy=7
I (12272) wifi:pm start, type: 1

I (12272) wifi:dp: 1, bi: 102400, li: 3, scale listen interval from 307200 us to 307200 us
I (12282) wifi:set rx beacon pti, rx_bcn_pti: 0, bcn_timeout: 25000, mt_pti: 0, mt_time: 10000
D (12282) wifi:Send sta connected event
D (12292) wifi:connect status 1 -> 5
D (12292) wifi:obss scan is disabled
D (12292) wifi:start obss scan: obss scan is stopped
D (12302) wifi:tx data done, now:12321673
I (12302) wifi:dp: 2, bi: 102400, li: 4, scale listen interval from 307200 us to 409600 us
I (12312) wifi:AP's beacon interval = 102400 us, DTIM period = 2
D (12322) wifi:set max rate: from <rate=130, phy=3, sig=0> to <rate=144, phy=3 sig=0>
D (12322) wifi:sig_b=1, sig_g=0, sig_n=0, max_b=0, max_g=108, max_n=144
D (12332) wifi:update trc
D (12332) wifi:tx data done, now:12355376
D (12342) event: running post WIFI_EVENT:4 with handler 0x4202cd14 and context 0x3fca7e90 on loop 0x3fca6d0c[0m
V (12352) esp_adapter: thread sem get: sem=0x3fcb27f0[0m
D (12352) esp_netif_handlers: esp_netif action connected with netif0x3fca7c34 from event_id=4[0m
D (12362) esp_netif_lwip: check: remote, if=0x3fca7c34 fn=0x42013ad8[0m
D (12372) esp_netif_lwip: esp_netif_up_api esp_netif:0x3fca7c34[0m
D (12372) esp_netif_lwip: check: local, if=0x3fca7c34 fn=0x42013ea4[0m
D (12382) esp_netif_lwip: esp_netif_update_default_netif_lwip 0x3fca7c34[0m
V (12392) esp_netif_lwip: esp_netif_is_netif_up esp_netif:0x3fca7c34[0m
D (12392) wifi:D (12392) esp_netif_lwip: call api in lwip: ret=0x0, give sem[0m
tx data done, now:12409540
D (12402) esp_netif_lwip: check: remote, if=0x3fca7c34 fn=0x42013994[0m
D (12412) esp_netif_lwip: esp_netif_dhcpc_start_api esp_netif:0x3fca7c34[0m
D (12422) esp_netif_lwip: esp_netif_start_ip_lost_timer esp_netif:0x3fca7c34[0m
D (12422) esp_netif_lwip: if0x3fca7c34 start ip lost tmr: interval=120[0m
D (12432) esp_netif_lwip: starting dhcp client[0m
D (12432) wifi:D (12432) esp_netif_lwip: call api in lwip: ret=0x0, give sem[0m
eb is dhcp or dns sport = 68, dport = 67
D (12442) event: running post WIFI_EVENT:4 with handler 0x4200a710 and context 0x3fca7f98 on loop 0x3fca6d0c[0m
D (12452) wifi:tx data done, now:12467419
I (12462) wifi:<ba-add>idx:0 (ifx:0, 04:f0:21:8f:78:38), tid:7, ssn:0, winSize:64
D (12472) wifi:tx_mgmt cb : 1636 status 1 
D (12472) wifi:tx data done, now:12490761
V (12472) wifi:sta recv dup seq=0 tid=7, discard
V (12482) wifi:sta recv dup seq=0 tid=7, discard
V (12482) wifi:sta recv dup seq=0 tid=7, discard
V (12492) wifi:sta recv dup seq=0 tid=7, discard
V (12492) wifi:sta recv dup seq=0 tid=7, discard
V (12492) wifi:sta recv dup seq=0 tid=7, discard
V (12502) wifi:sta recv dup seq=0 tid=7, discard
V (12502) wifi:sta recv dup seq=0 tid=7, discard
D (12512) wifi:eb is dhcp or dns sport = 68, dport = 67
V (12512) wifi:sta recv dup seq=0 tid=7, discard
D (12522) wifi:tx data done, now:12539356
D (12522) wifi:tx data done, now:12544090
D (12572) wifi:tx data done, now:12596539
D (12932) wifi:tx data done, now:12948088
D (12972) wifi:tx data done, now:12987593
D (13022) wifi:tx data done, now:13039051
D (13432) esp_netif_lwip: esp_netif_internal_dhcpc_cb lwip-netif:0x3fca7cb8[0m
D (13432) wifi:tx data done, now:13448123
D (13432) esp_netif_lwip: if0x3fca7c34 ip changed=1[0m
D (13432) event: running post IP_EVENT:0 with handler 0x4202cb40 and context 0x3fca7f64 on loop 0x3fca6d0c[0m
D (13442) wifi_init_default: Got IP wifi default handler entered[0m
D (13452) esp_netif_handlers: esp_netif action got_ip with netif0x3fca7c34 from event_id=0[0m
[0;32mI (13462) esp_netif_handlers: sta ip: 192.168.1.204, mask: 255.255.255.0, gw: 192.168.1.1[0m
D (13462) event: running post IP_EVENT:0 with handler 0x4200a710 and context 0x3fca7fb8 on loop 0x3fca6d0c[0m
[0;32mI (13472) wifi dpp-enrollee: got ip:192.168.1.204[0m
D (13482) wifi:tx data done, now:13499746#############
[0;32mI (13482) wifi dpp-enrollee: connected to ap SSID:############# password:#############[0m
D (13492) wpa: ELOOP: esp_dpp_task:410 called to remove timer handler=0x4201551c, removed count=0[0m
[0;32mI (13502) main_task: Returned from app_main()[0m
D (13972) wifi:tx data done, now:13988027
D (14022) wifi:tx data done, now:14039183
D (14972) wifi:tx data done, now:14987993
D (15022) wifi:tx data done, now:15039139
D (15972) wifi:tx data done, now:15987924
D (16022) wifi:tx data done, now:16039063
D (17712) wifi:tx data done, now:17727724
I (17712) wifi:<ba-add>idx:1 (ifx:0, 04:f0:21:8f:78:38), tid:0, ssn:0, winSize:64
D (17712) wifi:tx_mgmt cb : 1636 status 1 
D (17712) wifi:tx data done, now:17731856
V (17712) wifi:sta recv dup seq=0 tid=0, discard
D (17722) wifi:tx data done, now:17741614
D (17772) wifi:tx data done, now:17794233
