Executing action: monitor
Serial port /dev/ttyUSB0
Connecting....
Detecting chip type... ESP32-S3
Running idf_monitor in directory /home/corfu/mpc/corfu/dpp_test_auth_retries
Executing "/home/corfu/.espressif/python_env/idf5.2_py3.10_env/bin/python /home/corfu/esp/esp-idf/tools/idf_monitor.py -p /dev/ttyUSB0 -b 115200 --toolchain-prefix xtensa-esp32-elf- --target esp32 --revision 0 /home/corfu/mpc/corfu/dpp_test_auth_retries/build/dpp-enrollee.elf -m '/home/corfu/.espressif/python_env/idf5.2_py3.10_env/bin/python' '/home/corfu/esp/esp-idf/tools/idf.py'"...
ESP-ROM:esp32s3-20210327
Build:Mar 27 2021
rst:0x1 (POWERON),boot:0x8 (SPI_FAST_FLASH_BOOT)
SPIWP:0xee
mode:DIO, clock div:1
load:0x3fce3810,len:0x178c
load:0x403c9700,len:0x4
load:0x403c9704,len:0xcbc
load:0x403cc700,len:0x2da0
entry 0x403c9914
[0;32mI (27) boot: ESP-IDF v5.2.1-1-g25b86f7c6a-dirty 2nd stage bootloader[0m
[0;32mI (27) boot: compile time Sep 13 2024 16:06:08[0m
[0;32mI (27) boot: Multicore bootloader[0m
[0;32mI (32) boot: chip revision: v0.2[0m
[0;32mI (35) boot.esp32s3: Boot SPI Speed : 80MHz[0m
[0;32mI (40) boot.esp32s3: SPI Mode       : DIO[0m
[0;32mI (45) boot.esp32s3: SPI Flash Size : 2MB[0m
[0;32mI (50) boot: Enabling RNG early entropy source...[0m
[0;32mI (55) boot: Partition Table:[0m
[0;32mI (59) boot: ## Label            Usage          Type ST Offset   Length[0m
[0;32mI (66) boot:  0 nvs              WiFi data        01 02 00009000 00006000[0m
[0;32mI (73) boot:  1 phy_init         RF data          01 01 0000f000 00001000[0m
[0;32mI (81) boot:  2 factory          factory app      00 00 00010000 00100000[0m
[0;32mI (88) boot: End of partition table[0m
[0;32mI (93) esp_image: segment 0: paddr=00010020 vaddr=3c0a0020 size=33ae0h (211680) map[0m
[0;32mI (139) esp_image: segment 1: paddr=00043b08 vaddr=3fc97f00 size=04830h ( 18480) load[0m
[0;32mI (143) esp_image: segment 2: paddr=00048340 vaddr=40374000 size=07cd8h ( 31960) load[0m
[0;32mI (152) esp_image: segment 3: paddr=00050020 vaddr=42000020 size=98cf0h (625904) map[0m
[0;32mI (265) esp_image: segment 4: paddr=000e8d18 vaddr=4037bcd8 size=0c1e4h ( 49636) load[0m
[0;32mI (285) boot: Loaded app from partition at offset 0x10000[0m
[0;32mI (285) boot: Disabling RNG early entropy source...[0m
[0;32mI (296) cpu_start: Multicore app[0m
V (297) mmap: after coalescing, 1 regions are left[0m
D (297) cpu_start: Pro cpu up[0m
D (297) cpu_start: Starting app cpu, entry point is 0x4037532c[0m
D (0) cpu_start: App cpu up[0m
V CACHE_ERR: illegal error intr clr & ena mask is: 0x3f
V CACHE_ERR: coreD1(3ac) cs :rrTCrSLin_Cr clal & ena masal is:40x4f
5[0m
V CACHE_ERR: illegal error intr clr & ena mask is: 0x3f
V CACHE_ERR: core 0 access error intr clr & ena mask is: 0x1f
[0;32mI (329) cpu_start: Pro cpu start user code[0m
[0;32mI (333) cpu_start: cpu freq: 160000000 Hz[0m
[0;32mI (337) cpu_start: Application information:[0m
[0;32mI (342) cpu_start: Project name:     dpp-enrollee[0m
[0;32mI (347) cpu_start: App version:      v5.2.1-1-g25b86f7c6a-dirty[0m
[0;32mI (354) cpu_start: Compile time:     Sep 13 2024 16:06:24[0m
[0;32mI (360) cpu_start: ELF file SHA256:  178900882...[0m
[0;32mI (365) cpu_start: ESP-IDF:          v5.2.1-1-g25b86f7c6a-dirty[0m
[0;32mI (372) cpu_start: Min chip rev:     v0.0[0m
[0;32mI (377) cpu_start: Max chip rev:     v0.99 [0m
[0;32mI (382) cpu_start: Chip rev:         v0.2[0m
V (386) memory_layout: reserved range is 0x3c0d3ac0 - 0x3c0d3ae8[0m
D (392) memory_layout: Checking 6 reserved memory ranges:[0m
D (398) memory_layout: Reserved memory range 0x3fc84000 - 0x3fc97f00[0m
D (404) memory_layout: Reserved memory range 0x3fc97f00 - 0x3fca0388[0m
D (411) memory_layout: Reserved memory range 0x3fceee34 - 0x3fcf0000[0m
D (417) memory_layout: Reserved memory range 0x40374000 - 0x40387f00[0m
D (424) memory_layout: Reserved memory range 0x600fe000 - 0x600fe010[0m
D (430) memory_layout: Reserved memory range 0x600fffe8 - 0x60100000[0m
D (436) memory_layout: Building list of available memory regions:[0m
V (443) memory_layout: Examining memory region 0x3fc88000 - 0x3fc90000[0m
V (449) memory_layout: Region 0x3fc88000 - 0x3fc90000 inside of reserved 0x3fc84000 - 0x3fc97f00[0m
V (458) memory_layout: Examining memory region 0x3fc90000 - 0x3fca0000[0m
V (465) memory_layout: Start of region 0x3fc90000 - 0x3fca0000 overlaps reserved 0x3fc84000 - 0x3fc97f00[0m
V (474) memory_layout: Region 0x3fc97f00 - 0x3fca0000 inside of reserved 0x3fc97f00 - 0x3fca0388[0m
V (483) memory_layout: Examining memory region 0x3fca0000 - 0x3fcb0000[0m
V (490) memory_layout: Start of region 0x3fca0000 - 0x3fcb0000 overlaps reserved 0x3fc97f00 - 0x3fca0388[0m
D (499) memory_layout: Available memory region 0x3fca0388 - 0x3fcb0000[0m
V (506) memory_layout: Examining memory region 0x3fcb0000 - 0x3fcc0000[0m
D (512) memory_layout: Available memory region 0x3fcb0000 - 0x3fcc0000[0m
V (519) memory_layout: Examining memory region 0x3fcc0000 - 0x3fcd0000[0m
D (526) memory_layout: Available memory region 0x3fcc0000 - 0x3fcd0000[0m
V (532) memory_layout: Examining memory region 0x3fcd0000 - 0x3fce0000[0m
D (539) memory_layout: Available memory region 0x3fcd0000 - 0x3fce0000[0m
V (545) memory_layout: Examining memory region 0x3fce0000 - 0x3fce9710[0m
D (552) memory_layout: Available memory region 0x3fce0000 - 0x3fce9710[0m
V (559) memory_layout: Examining memory region 0x3fce9710 - 0x3fcf0000[0m
V (565) memory_layout: End of region 0x3fce9710 - 0x3fcf0000 overlaps reserved 0x3fceee34 - 0x3fcf0000[0m
D (575) memory_layout: Available memory region 0x3fce9710 - 0x3fceee34[0m
V (581) memory_layout: Examining memory region 0x3fcf0000 - 0x3fcf8000[0m
D (588) memory_layout: Available memory region 0x3fcf0000 - 0x3fcf8000[0m
V (594) memory_layout: Examining memory region 0x600fe000 - 0x60100000[0m
V (601) memory_layout: Start of region 0x600fe000 - 0x60100000 overlaps reserved 0x600fe000 - 0x600fe010[0m
V (610) memory_layout: End of region 0x600fe010 - 0x60100000 overlaps reserved 0x600fffe8 - 0x60100000[0m
D (620) memory_layout: Available memory region 0x600fe010 - 0x600fffe8[0m
[0;32mI (626) heap_init: Initializing. RAM available for dynamic allocation:[0m
D (634) heap_init: New heap initialised at 0x3fca0388[0m
[0;32mI (639) heap_init: At 3FCA0388 len 00049388 (292 KiB): RAM[0m
[0;32mI (645) heap_init: At 3FCE9710 len 00005724 (21 KiB): RAM[0m
D (651) heap_init: New heap initialised at 0x3fcf0000[0m
[0;32mI (656) heap_init: At 3FCF0000 len 00008000 (32 KiB): DRAM[0m
D (662) heap_init: New heap initialised at 0x600fe010[0m
[0;32mI (667) heap_init: At 600FE010 len 00001FD8 (7 KiB): RTCRAM[0m
V (674) intr_alloc: esp_intr_alloc_intrstatus (cpu 0): checking args[0m
V (680) intr_alloc: esp_intr_alloc_intrstatus (cpu 0): Args okay. Resulting flags 0x40E[0m
D (688) intr_alloc: Connected src 39 to int 2 (cpu 0)[0m
V (694) memspi: raw_chip_id: 1740C8
[0m
V (697) memspi: chip_id: C84017
[0m
V (700) memspi: raw_chip_id: 1740C8
[0m
V (704) memspi: chip_id: C84017
[0m
D (707) spi_flash: trying chip: issi[0m
D (711) spi_flash: trying chip: gd[0m
[0;32mI (715) spi_flash: detected chip: gd[0m
[0;32mI (719) spi_flash: flash io: dio[0m
[0;33mW (723) spi_flash: Detected size(8192k) larger than the size in the binary image header(2048k). Using the size in the binary image header.[0m
D (736) cpu_start: calling init function: 0x42074cfc[0m
D (741) cpu_start: calling init function: 0x420747ac[0m
D (746) cpu_start: calling init function: 0x4202ca94[0m
D (751) cpu_start: calling init function: 0x4200e438[0m
D (756) cpu_start: calling init function: 0x4037ba1c[0m
D (761) cpu_start: calling init function: 0x42002f0c[0m
D (766) cpu_start: calling init function: 0x42008640 on core: 0[0m
V (772) intr_alloc: esp_intr_alloc_intrstatus (cpu 0): checking args[0m
V (778) intr_alloc: esp_intr_alloc_intrstatus (cpu 0): Args okay. Resulting flags 0xC02[0m
D (787) intr_alloc: Connected src 59 to int 3 (cpu 0)[0m
D (792) cpu_start: calling init function: 0x42005f68 on core: 0[0m
[0;32mI (798) sleep: Configure to isolate all GPIO pins in sleep state[0m
[0;32mI (805) sleep: Enable automatic switching of GPIO sleep configuration[0m
D (812) cpu_start: calling init function: 0x420042a4 on core: 0[0m
V (818) intr_alloc: esp_intr_alloc_intrstatus (cpu 0): checking args[0m
V (824) intr_alloc: esp_intr_alloc_intrstatus (cpu 0): Args okay. Resulting flags 0x40E[0m
D (832) intr_alloc: Connected src 79 to int 9 (cpu 0)[0m
D (837) app_start: Starting scheduler on CPU0[0m
V (842) intr_alloc: esp_intr_alloc_intrstatus (cpu 0): checking args[0m
V (842) intr_alloc: esp_intr_alloc_intrstatus (cpu 0): Args okay. Resulting flags 0x402[0m
D (842) intr_alloc: Connected src 57 to int 12 (cpu 0)[0m
V (842) intr_alloc: esp_intr_alloc_intrstatus (cpu 1): checking args[0m
V (852) intr_alloc: esp_intr_alloc_intrstatus (cpu 1): Args okay. Resulting flags 0x40E[0m
D (852) intr_alloc: Connected src 80 to int 2 (cpu 1)[0m
D (862) app_start: Starting scheduler on CPU1[0m
V (862) intr_alloc: esp_intr_alloc_intrstatus (cpu 1): checking args[0m
V (872) intr_alloc: esp_intr_alloc_intrstatus (cpu 1): Args okay. Resulting flags 0x402[0m
D (882) intr_alloc: Connected src 58 to int 3 (cpu 1)[0m
[0;32mI (842) main_task: Started on CPU0[0m
D (892) heap_init: New heap initialised at 0x3fce9710[0m
V (892) intr_alloc: esp_intr_alloc_intrstatus (cpu 0): checking args[0m
V (902) intr_alloc: esp_intr_alloc_intrstatus (cpu 0): Args okay. Resulting flags 0xE[0m
D (912) intr_alloc: Connected src 52 to int 13 (cpu 0)[0m
[0;32mI (912) main_task: Calling app_main()[0m
V (922) partition: Loading the partition table[0m
V (922) mmap: actual_mapped_len is 0x10000[0m
V (932) calculated md5: 0x3fca3f38   f4 ad 4f 45 38 56 4b 5d  74 35 b6 2c 75 b6 95 24  |..OE8VK]t5.,u..$|[0m
V (942) stored md5: 0x3c0e8070   f4 ad 4f 45 38 56 4b 5d  74 35 b6 2c 75 b6 95 24  |..OE8VK]t5.,u..$|[0m
V (942) partition: Partition table MD5 verified[0m
D (972) esp_netif_lwip: LwIP stack has been initialized[0m
D (972) esp_netif_lwip: esp-netif has been successfully initialized[0m
D (972) event: running task for loop 0x3fca6d0c[0m
D (982) event: created task for loop 0x3fca6d0c[0m
D (982) event: created event loop 0x3fca6d0c[0m
D (992) esp_netif_lwip: check: remote, if=0x3fca3f70 fn=0x42013448[0m
V (992) esp_netif_objects: esp_netif_add_to_list_unsafe 0x3fca7c34[0m
D (1002) esp_netif_objects: esp_netif_add_to_list_unsafe netif added successfully (total netifs: 1)[0m
D (1012) esp_netif_lwip: call api in lwip: ret=0x0, give sem[0m
pp rom version: e7ae62f
net80211 rom version: e7ae62f
D (1022) nvs: nvs_open_from_partition misc 1[0m
I (1032) wifi:wifi driver task: 3fcaa654, prio:23, stack:6656, core=0
V (1032) esp_adapter: thread sem create: sem=0x3fcaa7ac[0m
V (1032) esp_adapter: thread sem get: sem=0x3fcaa7ac[0m
D (1042) efuse: In EFUSE_BLK1__DATA1_REG is used 8 bits starting with 8 bit[0m
D (1052) efuse: In EFUSE_BLK1__DATA1_REG is used 8 bits starting with 0 bit[0m
D (1052) efuse: In EFUSE_BLK1__DATA0_REG is used 8 bits starting with 24 bit[0m
D (1062) efuse: In EFUSE_BLK1__DATA0_REG is used 8 bits starting with 16 bit[0m
D (1072) efuse: In EFUSE_BLK1__DATA0_REG is used 8 bits starting with 8 bit[0m
D (1082) efuse: In EFUSE_BLK1__DATA0_REG is used 8 bits starting with 0 bit[0m
D (1082) nvs: nvs_open_from_partition nvs.net80211 1[0m
D (1092) nvs: nvs_get opmode 1[0m
D (1092) nvs: nvs_get_str_or_blob sta.ssid[0m
D (1102) nvs: nvs_get sta.authmode 1[0m
D (1102) nvs: nvs_get_str_or_blob sta.pswd[0m
D (1102) nvs: nvs_get_str_or_blob sta.pmk[0m
D (1112) nvs: nvs_get sta.chan 1[0m
D (1112) nvs: nvs_get auto.conn 1[0m
D (1112) nvs: nvs_get bssid.set 1[0m
D (1122) nvs: nvs_get_str_or_blob sta.bssid[0m
D (1122) nvs: nvs_get sta.lis_intval 2[0m
D (1122) nvs: nvs_get sta.phym 1[0m
D (1132) nvs: nvs_get sta.phybw 1[0m
D (1132) nvs: nvs_get_str_or_blob sta.apsw[0m
D (1142) nvs: nvs_get_str_or_blob sta.apinfo[0m
D (1142) nvs: nvs_get sta.scan_method 1[0m
D (1142) nvs: nvs_get sta.sort_method 1[0m
D (1152) nvs: nvs_get sta.minrssi 1[0m
D (1152) nvs: nvs_get sta.minauth 1[0m
D (1162) nvs: nvs_get sta.pmf_e 1[0m
D (1162) nvs: nvs_get sta.pmf_r 1[0m
D (1162) nvs: nvs_get sta.btm_e 1[0m
D (1172) nvs: nvs_get sta.rrm_e 1[0m
D (1172) nvs: nvs_get sta.mbo_e 1[0m
D (1172) nvs: nvs_get_str_or_blob ap.ssid[0m
D (1182) nvs: nvs_get_str_or_blob ap.passwd[0m
D (1182) nvs: nvs_get_str_or_blob ap.pmk[0m
D (1182) nvs: nvs_get ap.chan 1[0m
D (1192) nvs: nvs_get ap.authmode 1[0m
D (1192) nvs: nvs_get ap.hidden 1[0m
D (1192) nvs: nvs_get ap.max.conn 1[0m
D (1202) nvs: nvs_get bcn.interval 2[0m
D (1202) nvs: nvs_get ap.phym 1[0m
D (1202) nvs: nvs_get ap.phybw 1[0m
D (1212) nvs: nvs_get ap.sndchan 1[0m
D (1212) nvs: nvs_get ap.pmf_e 1[0m
D (1212) nvs: nvs_get ap.pmf_r 1[0m
D (1222) nvs: nvs_get ap.p_cipher 1[0m
D (1222) nvs: nvs_get lorate 1[0m
D (1222) nvs: nvs_get_str_or_blob country[0m
D (1232) nvs: nvs_get ap.ftm_r 1[0m
D (1232) nvs: nvs_get sta.ft 1[0m
D (1242) nvs: nvs_get sta.owe 1[0m
D (1242) nvs: nvs_get sta.trans_d 1[0m
D (1242) nvs: nvs_get sta.sae_h2e 1[0m
D (1252) nvs: nvs_get sta.sae_pk_mode 1[0m
D (1252) nvs: nvs_get sta.bss_retry 1[0m
D (1252) nvs: nvs_get_str_or_blob sta.owe_data[0m
D (1262) nvs: nvs_get sta.he_dcm 1[0m
D (1262) nvs: nvs_get sta.he_dcm_c_tx 1[0m
D (1272) nvs: nvs_get sta.he_dcm_c_rx 1[0m
D (1272) nvs: nvs_get sta.he_mcs9_d 1[0m
D (1272) nvs: nvs_get sta.he_su_b_d 1[0m
D (1282) nvs: nvs_get sta.he_su_b_f_d 1[0m
D (1282) nvs: nvs_get sta.he_mu_b_f_d 1[0m
D (1282) nvs: nvs_get sta.he_cqi_f_d 1[0m
D (1292) nvs: nvs_get_str_or_blob sta.sae_h2e_id[0m
D (1292) nvs: nvs_get ap.sae_h2e 1[0m
D (1302) nvs: nvs_get_str_or_blob ap.pmk_info[0m
D (1302) nvs: nvs_get nan.phym 1[0m
D (1302) nvs: nvs_set ap.sndchan 1 1[0m
I (1312) wifi:wifi firmware version: a9f5b59-dirty
I (1312) wifi:wifi certification version: v7.0
I (1322) wifi:config NVS flash: enabled
I (1322) wifi:config nano formating: disabled
I (1322) wifi:Init data frame dynamic rx buffer num: 32
I (1332) wifi:Init static rx mgmt buffer num: 5
I (1332) wifi:Init management short buffer num: 32
I (1342) wifi:Init dynamic tx buffer num: 32
I (1342) wifi:Init static tx FG buffer num: 2
I (1352) wifi:Init static rx buffer size: 1600
I (1352) wifi:Init static rx buffer num: 10
I (1352) wifi:Init dynamic rx buffer num: 32
V (1362) wifi:hint=255, act_dur=<0,120>, pas_dur=360, nchans=14 history_num=0
V (1372) esp_adapter: thread sem get: sem=0x3fcaa7ac[0m
[0;32mI (1372) wifi_init: rx ba win: 6[0m
[0;32mI (1372) wifi_init: tcpip mbox: 32[0m
[0;32mI (1382) wifi_init: udp mbox: 6[0m
[0;32mI (1382) wifi_init: tcp mbox: 6[0m
[0;32mI (1392) wifi_init: tcp tx win: 5760[0m
[0;32mI (1392) wifi_init: tcp rx win: 5760[0m
[0;32mI (1392) wifi_init: tcp mss: 1440[0m
[0;32mI (1402) wifi_init: WiFi IRAM OP enabled[0m
[0;32mI (1402) wifi_init: WiFi RX IRAM OP enabled[0m
V (1412) esp_adapter: thread sem get: sem=0x3fcaa7ac[0m
D (1412) nvs: nvs_get opmode 1[0m
[0;32mI (1422) wpa: esp_dpp_task prio:2, stack:6656[0m
D (1422) wpa: private key - hexdump(len=0):[0m
D (1422) wpa:  [NULL][0m
D (1482) wpa: DPP: Generating a keypair[0m
[0;31mE (1482) wpa: curve: secp256r1[0m
[0;31mE (1482) wpa: prime len is 32[0m
[0;31mE (1482) wpa: Q_x: - hexdump(len=32):[0m
[0;31mE (1482) wpa: 06 5a 89 32 86 b7 4f 21 04 91 a5 8e 06 6a c9 22 [0m
[0;31mE (1492) wpa: ed c9 e4 4c 24 78 a1 b5 a1 70 0b 2c 76 2f e6 d5 [0m
[0;31mE (1502) wpa: Q_y: - hexdump(len=32):[0m
[0;31mE (1502) wpa: 54 e9 f6 f1 1a 8a c0 ba 97 64 a6 81 39 ed 61 81 [0m
[0;31mE (1512) wpa: 0e f0 42 32 ed 0b 04 29 5a bc 77 77 01 ee bf 97 [0m
[0;31mE (1522) wpa: d:      - hexdump(len=32):[0m
[0;31mE (1522) wpa: 0f 22 64 64 71 d4 e0 48 87 71 ed 01 46 5b aa 10 [0m
[0;31mE (1532) wpa: 80 be 6d 14 cd cd 6d 1b f7 8f 0a 71 15 54 88 4a [0m
D (1532) wpa: DPP: Compressed public key (DER) - hexdump(len=59):[0m
D (1542) wpa: 30 39 30 13 06 07 2a 86 48 ce 3d 02 01 06 08 2a [0m
D (1542) wpa: 86 48 ce 3d 03 01 07 03 22 00 03 06 5a 89 32 86 [0m
D (1552) wpa: b7 4f 21 04 91 a5 8e 06 6a c9 22 ed c9 e4 4c 24 [0m
D (1562) wpa: 78 a1 b5 a1 70 0b 2c 76 2f e6 d5 [0m
D (1562) gdma: new group (0) at 0x3fcb2f74[0m
D (1572) gdma: new pair (0,0) at 0x3fcb2c80[0m
D (1572) gdma: new tx channel (0,0) at 0x3fcb2dd0[0m
D (1572) gdma: new rx channel (0,0) at 0x3fcb2ffc[0m
D (1582) gdma: tx channel (0,0), (1:16) bytes aligned, burst enabled[0m
D (1592) gdma: rx channel (0,0), (1:16) bytes aligned, burst disabled[0m
D (1592) wpa: DPP: Public key hash - hexdump(len=32):[0m
D (1602) wpa: 4a 56 d3 37 88 05 cd d7 82 d6 5c bf be f0 13 47 [0m
D (1602) wpa: 35 d5 60 1e 52 9f eb 3c 4d 57 24 7b 8d 85 72 39 [0m
D (1612) wpa: DPP: URI mac: 84:fc:e6:7b:73:b8[0m
[0;32mI (1612) wifi dpp-enrollee: Scan below QR Code to configure the enrollee:[0m
[0;32mI (1622) QRCODE: Encoding below text with ECC LVL 0 & QR Code Version 10[0m
[0;32mI (1632) QRCODE: DPP:C:81/6;M:84:fc:e6:7b:73:b8;K:MDkwEwYHKoZIzj0CAQYIKoZIzj0DAQcDIgADBlqJMoa3TyEEkaWOBmrJIu3J5EwkeKG1oXALLHYv5tU=;;[0m
                                              
  █▀▀▀▀▀█ █▀    ▀▀▀█▀█▄▀█▀ ▀▀▀▀▄▄▄▀ █▀▀▀▀▀█   
  █ ███ █ █ ▀ █▀▄ ▀▄▄  █▀█▀▄█ ▀▀▄▀  █ ███ █   
  █ ▀▀▀ █ ▄ █ █ █ ▄▄██▀▄▄ ▄▀█▀████  █ ▀▀▀ █   
  ▀▀▀▀▀▀▀ ▀▄█ ▀ ▀▄█▄█▄▀▄▀▄█ ▀▄▀▄▀▄█ ▀▀▀▀▀▀▀   
  ▀▀▄ █▀▀▄▄ ▄ ▄▄▀▄█ ▄ ▄▄█▀▀ ▀▄▀█▄ ▀▄▄▀▄██▀█   
   ██ █▀▀▄ ▀ ▄█ ▄█▄█▄▄ ██▀█▀▄▀▄██▄▄▄█▀▀  ▄▀   
   ▄ █▄▄▀███▄ ▀█▀▀▄ ▀ ▄▄█ ▀ ▄ ▄▀ █▀█▄██  ▄    
  ▀ █▀█▄▀▄▀ ▄ ▄   ▀█▄▄▀█▀█▀  █ ██▄█▀ ▄▀▄ ▄█   
   ▀ ▄██▀▀   █▀▀▄▀▄▄  ▀▄▀▄ ▄▀▄▀▀▀▀▀▀ ▀▄▄      
  █▀█ ▄ ▀▀▄▄██▀█▀▀█ ▀▄ █▀▀▀ █▀ ▄ ▄ ▀▄ █▄▀▄█   
  ▄▄▄   ▀ ▄█▀▀▄█▄▀▀ ▄ ▄██▀▀▀▄▄▀ ▄▄ ▀ ▀▄███    
   ▄█   ▀▄▄▀▀█▀ ▀█▄█▄ ████ ▀▄▀█▄▀ ▀ ▄▄ █ ▄█   
  ███▄██▀██   ▀█▄ █     ▀█▀▀▄█▀█▀▀▄▄▄ ▄██▀    
  ▄▀▄ ▀▀▀ █▄▀█▄ ▄▀ █▄ ▀▄▄█▄▀▄▀█▄  ▄ █▄ ▀▀ █   
  ▄  █▀▄▀ ▄█  ▀█▀▀▄▄▀ ▄█▄  ▀▄▀▄▄▄▀▀▀ ▄▄▄      
    ██▀▀▀▄▄▄█ ▄ ▄ ▀█▄ █▄▀▀█▀▄▀▄▄ ▄▀█  █▄▀ ▀   
  ▀▀▀   ▀ █▀▄▀▀▀ █▄▄▄█▀▀▀▀▀▄▀▄▀█▀ █▀▀▀██▀     
  █▀▀▀▀▀█ ▄█▀▀▀█▀▀▄ ▀▄ █ ██▀█▀██▄▀█ ▀ █ ▀ ▀   
  █ ███ █ ▀▄█ ▄█▄▀▀▄▄▄ ███▀ ▀▄▀▀ ██▀▀█▀  █▄   
  █ ▀▀▀ █ ▄█▄█▀ ▄█▄█▄ ▄▄ █▀▀ █ ▄█ █ ▄█ █ ▄█   
  ▀▀▀▀▀▀▀ ▀▀  ▀      ▀  ▀ ▀▀   ▀  ▀▀   ▀ ▀    
                                              

V (1942) esp_adapter: thread sem get: sem=0x3fcaa7ac[0m
[0;32mI (1942) phy_init: phy_version 640,cd64a1a,Jan 24 2024,17:28:12[0m
D (1952) phy_init: loading PHY init data from application binary[0m
D (1962) nvs: nvs_open_from_partition phy 0[0m
D (1962) nvs: nvs_get cal_version 4[0m
V (1962) phy_init: phy_get_rf_cal_version: 640[0m
D (1972) nvs: nvs_get_str_or_blob cal_mac[0m
D (1972) efuse: In EFUSE_BLK1__DATA1_REG is used 8 bits starting with 8 bit[0m
D (1982) efuse: In EFUSE_BLK1__DATA1_REG is used 8 bits starting with 0 bit[0m
D (1992) efuse: In EFUSE_BLK1__DATA0_REG is used 8 bits starting with 24 bit[0m
D (1992) efuse: In EFUSE_BLK1__DATA0_REG is used 8 bits starting with 16 bit[0m
D (2002) efuse: In EFUSE_BLK1__DATA0_REG is used 8 bits starting with 8 bit[0m
D (2012) efuse: In EFUSE_BLK1__DATA0_REG is used 8 bits starting with 0 bit[0m
D (2012) nvs: nvs_get_str_or_blob cal_data[0m
D (2032) nvs: nvs_close 3[0m
D (2032) efuse: In EFUSE_BLK1__DATA1_REG is used 8 bits starting with 8 bit[0m
D (2032) efuse: In EFUSE_BLK1__DATA1_REG is used 8 bits starting with 0 bit[0m
D (2042) efuse: In EFUSE_BLK1__DATA0_REG is used 8 bits starting with 24 bit[0m
D (2042) efuse: In EFUSE_BLK1__DATA0_REG is used 8 bits starting with 16 bit[0m
D (2052) efuse: In EFUSE_BLK1__DATA0_REG is used 8 bits starting with 8 bit[0m
D (2062) efuse: In EFUSE_BLK1__DATA0_REG is used 8 bits starting with 0 bit[0m
D (2082) temperature_sensor: range changed, change to index 2[0m
V (2092) wifi:ht20 freq=2412, chan=1
D (2102) wifi:filter: set rx policy=0
I (2102) wifi:mode : sta (84:fc:e6:7b:73:b8)
I (2102) wifi:enable tsf
D (2102) wifi:filter: set rx policy=1
D (2102) wifi:connect status 0 -> 0
D (2102) event: running post WIFI_EVENT:40 with handler 0x4200a710 and context 0x3fca7f98 on loop 0x3fca6d0c[0m
D (2112) event: running post WIFI_EVENT:2 with handler 0x4202cce4 and context 0x3fca7e30 on loop 0x3fca6d0c[0m
D (2122) wifi_init_default: wifi_start esp-netif:0x3fca7c34 event-id2[0m
D (2132) wifi_init_default: WIFI mac address: 84 fc e6 7b 73 b8[0m
V (2142) esp_adapter: thread sem create: sem=0x3fcb27f0[0m
V (2142) esp_adapter: thread sem get: sem=0x3fcb27f0[0m
D (2152) esp_netif_lwip: check: remote, if=0x3fca7c34 fn=0x42012e34[0m
D (2152) esp_netif_lwip: call api in lwip: ret=0x0, give sem[0m
D (2162) esp_netif_handlers: esp_netif action has started with netif0x3fca7c34 from event_id=2[0m
D (2172) esp_netif_lwip: check: remote, if=0x3fca7c34 fn=0x42013700[0m
D (2172) esp_netif_lwip: esp_netif_start_api 0x3fca7c34[0m
D (2182) esp_netif_lwip: esp_netif_get_hostname esp_netif:0x3fca7c34[0m
D (2192) esp_netif_lwip: check: local, if=0x3fca7c34 fn=0x42013ea4[0m
D (2192) esp_netif_lwip: esp_netif_update_default_netif_lwip 0x3fca7c34[0m
V (2202) esp_netif_lwip: esp_netif_is_netif_up esp_netif:0x3fca7c34[0m
D (2202) esp_netif_lwip: call api in lwip: ret=0x0, give sem[0m
D (2212) event: running post WIFI_EVENT:2 with handler 0x4200a710 and context 0x3fca7f98 on loop 0x3fca6d0c[0m
[0;32mI (2222) wifi dpp-enrollee: Started listening for DPP Authentication[0m
V (2222) esp_adapter: thread sem create: sem=0x3fcb28a0[0m
V (2232) esp_adapter: thread sem get: sem=0x3fcb28a0[0m
D (2242) wifi:Listen on channel 6 for 500 mSec
V (2242) wifi:change: chan<6,0>, dur<0,500>
V (2252) wifi:ht20 freq=2437, chan=6
V (2252) wifi:enter start op, arg=0x42014ad0
V (2252) wifi:start max timer
D (2762) wifi:ROC: Ending operation at 2.0, returning to Channel 1
V (2762) wifi:back home chan=<1,0>, current chan=<6,0>
V (2762) wifi:ht20 freq=2412, chan=1
D (2762) event: running post WIFI_EVENT:20 with handler 0x4200a710 and context 0x3fca7f98 on loop 0x3fca6d0c[0m
D (2772) event: running post WIFI_EVENT:20 with handler 0x4201563c and context 0x3fcb2590 on loop 0x3fca6d0c[0m
V (2782) esp_adapter: thread sem get: sem=0x3fcb28a0[0m
D (2782) wifi:Listen on channel 6 for 500 mSec
V (2792) wifi:change: chan<6,0>, dur<0,500>
V (2792) wifi:ht20 freq=2437, chan=6
V (2802) wifi:enter start op, arg=0x42014ad0
V (2802) wifi:start max timer
D (3302) wifi:ROC: Ending operation at 3.0, returning to Channel 1
V (3302) wifi:back home chan=<1,0>, current chan=<6,0>
V (3302) wifi:ht20 freq=2412, chan=1
D (3312) event: running post WIFI_EVENT:20 with handler 0x4200a710 and context 0x3fca7f98 on loop 0x3fca6d0c[0m
D (3312) event: running post WIFI_EVENT:20 with handler 0x4201563c and context 0x3fcb2590 on loop 0x3fca6d0c[0m
V (3322) esp_adapter: thread sem get: sem=0x3fcb28a0[0m
D (3332) wifi:Listen on channel 6 for 500 mSec
V (3332) wifi:change: chan<6,0>, dur<0,500>
V (3342) wifi:ht20 freq=2437, chan=6
V (3342) wifi:enter start op, arg=0x42014ad0
V (3352) wifi:start max timer
D (3852) wifi:ROC: Ending operation at 3.0, returning to Channel 1
V (3852) wifi:back home chan=<1,0>, current chan=<6,0>
V (3852) wifi:ht20 freq=2412, chan=1
D (3852) event: running post WIFI_EVENT:20 with handler 0x4200a710 and context 0x3fca7f98 on loop 0x3fca6d0c[0m
D (3862) event: running post WIFI_EVENT:20 with handler 0x4201563c and context 0x3fcb2590 on loop 0x3fca6d0c[0m
V (3872) esp_adapter: thread sem get: sem=0x3fcb28a0[0m
D (3882) wifi:Listen on channel 6 for 500 mSec
V (3882) wifi:change: chan<6,0>, dur<0,500>
V (3882) wifi:ht20 freq=2437, chan=6
V (3892) wifi:enter start op, arg=0x42014ad0
V (3892) wifi:start max timer
D (4392) wifi:ROC: Ending operation at 4.0, returning to Channel 1
V (4392) wifi:back home chan=<1,0>, current chan=<6,0>
V (4392) wifi:ht20 freq=2412, chan=1
D (4402) event: running post WIFI_EVENT:20 with handler 0x4200a710 and context 0x3fca7f98 on loop 0x3fca6d0c[0m
D (4412) event: running post WIFI_EVENT:20 with handler 0x4201563c and context 0x3fcb2590 on loop 0x3fca6d0c[0m
V (4422) esp_adapter: thread sem get: sem=0x3fcb28a0[0m
D (4422) wifi:Listen on channel 6 for 500 mSec
V (4432) wifi:change: chan<6,0>, dur<0,500>
V (4432) wifi:ht20 freq=2437, chan=6
V (4432) wifi:enter start op, arg=0x42014ad0
V (4442) wifi:start max timer
D (4942) wifi:ROC: Ending operation at 4.0, returning to Channel 1
V (4942) wifi:back home chan=<1,0>, current chan=<6,0>
V (4942) wifi:ht20 freq=2412, chan=1
D (4942) event: running post WIFI_EVENT:20 with handler 0x4200a710 and context 0x3fca7f98 on loop 0x3fca6d0c[0m
D (4952) event: running post WIFI_EVENT:20 with handler 0x4201563c and context 0x3fcb2590 on loop 0x3fca6d0c[0m
V (4962) esp_adapter: thread sem get: sem=0x3fcb28a0[0m
D (4972) wifi:Listen on channel 6 for 500 mSec
V (4972) wifi:change: chan<6,0>, dur<0,500>
V (4982) wifi:ht20 freq=2437, chan=6
V (4982) wifi:enter start op, arg=0x42014ad0
V (4982) wifi:start max timer
D (5082) wpa: DPP: Rx Public Action frame: action - 9[0m
V (5082) esp_adapter: thread sem get: sem=0x3fcb28a0[0m
D (5082) wifi:ROC: Ending operation at 4.0, returning to Channel 1
V (5092) wifi:back home chan=<1,0>, current chan=<6,0>
V (5092) wifi:ht20 freq=2412, chan=1
V (5092) wifi:back home chan=<1,0>, current chan=<1,0>
[0;32mI (5102) wpa: DPP: Authentication Request from 8e:ff:3e:16:e0:96[0m
D (5102) event: running post WIFI_EVENT:20 with handler 0x4200a710 and context 0x3fca7f98 on loop 0x3fca6d0c[0m
V (5112) wpa: DPP: Responder Bootstrapping Key Hash - hexdump(len=32):[0m
D (5122) event: running post WIFI_EVENT:20 with handler 0x4201563c and context 0x3fcb2590 on loop 0x3fca6d0c[0m
V (5122) wpa: 4a 56 d3 37 88 05 cd d7 82 d6 5c bf be f0 13 47 [0m
V (5142) wpa: 35 d5 60 1e 52 9f eb 3c 4d 57 24 7b 8d 85 72 39 [0m
V (5142) wpa: DPP: Initiator Bootstrapping Key Hash - hexdump(len=32):[0m
V (5152) wpa: 02 cd 35 a6 5c 8a d5 93 5c f4 49 59 81 7e 47 f3 [0m
V (5162) wpa: f8 5e 4a 94 88 cd 4f c2 58 a6 a2 3a 8d 10 25 72 [0m
V (5162) wpa: DPP: Wrapped Data - hexdump(len=41):[0m
V (5172) wpa: 6d 3d 28 75 13 c9 64 1a c5 f4 80 53 96 b2 f0 fc [0m
V (5172) wpa: 7b c2 24 a6 ce 76 53 6c 89 92 1f ef 97 4e f3 91 [0m
V (5182) wpa: 0d cd db 16 8e 7c f2 38 6e [0m
V (5182) wpa: DPP: Initiator Protocol Key - hexdump(len=64):[0m
V (5192) wpa: 2f dd 27 f0 d6 94 32 19 b3 01 a6 2e 6f 40 12 bd [0m
V (5192) wpa: 20 4f bc 51 88 e5 da 39 ce b0 4d df 02 12 a6 87 [0m
V (5202) wpa: 7e f6 20 be f5 36 74 15 2b 9d 69 ed b2 c7 5d 7b [0m
V (5212) wpa: 07 49 48 eb d6 b1 cb e0 be 10 f2 67 3d c2 e9 e8 [0m
V (5212) intr_alloc: esp_intr_alloc_intrstatus (cpu 1): checking args[0m
V (5222) intr_alloc: esp_intr_alloc_intrstatus (cpu 1): Args okay. Resulting flags 0xE[0m
D (5232) intr_alloc: Connected src 76 to int 4 (cpu 1)[0m
[0;31mE (5232) wpa: curve: secp256r1[0m
[0;31mE (5242) wpa: prime len is 32[0m
[0;31mE (5242) wpa: Q_x: - hexdump(len=32):[0m
[0;31mE (5242) wpa: 2f dd 27 f0 d6 94 32 19 b3 01 a6 2e 6f 40 12 bd [0m
[0;31mE (5252) wpa: 20 4f bc 51 88 e5 da 39 ce b0 4d df 02 12 a6 87 [0m
[0;31mE (5262) wpa: Q_y: - hexdump(len=32):[0m
[0;31mE (5262) wpa: 7e f6 20 be f5 36 74 15 2b 9d 69 ed b2 c7 5d 7b [0m
[0;31mE (5272) wpa: 07 49 48 eb d6 b1 cb e0 be 10 f2 67 3d c2 e9 e8 [0m
[0;31mE (5272) wpa: d:      - hexdump(len=32):[0m
[0;31mE (5282) wpa: 00 00 00 00 00 00 00 00 00 00 00 00 00 00 00 00 [0m
[0;31mE (5292) wpa: 00 00 00 00 00 00 00 00 00 00 00 00 00 00 00 00 [0m
V (5292) intr_alloc: esp_intr_alloc_intrstatus (cpu 1): checking args[0m
V (5302) intr_alloc: esp_intr_alloc_intrstatus (cpu 1): Args okay. Resulting flags 0xE[0m
D (5312) intr_alloc: Connected src 77 to int 9 (cpu 1)[0m
D (5462) wpa: DPP: ECDH shared secret (M.x) - hexdump(len=32):[0m
D (5472) wpa: a2 50 68 74 aa 17 1b fc b3 af bd 61 00 e2 1f 0b [0m
D (5472) wpa: 4b f1 3c 49 ba cf 51 6c 45 a7 bd 83 66 58 bc d6 [0m
D (5472) wpa: DPP: PRK = HKDF-Extract(<>, IKM=M.x) - hexdump(len=32):[0m
D (5482) wpa: 95 a3 3f 0a c2 5f 46 1d ea 97 c7 5b 7f 76 5b 55 [0m
D (5482) wpa: c4 4b 29 20 7b 0b ea ae ac d9 15 f8 fd 65 73 47 [0m
D (5492) wpa: DPP: k1 = HKDF-Expand(PRK, info, L) - hexdump(len=32):[0m
D (5502) wpa: 2b 7d 1d 7f f3 3c d0 65 6f 62 3c 87 0f 56 6f 00 [0m
D (5502) wpa: e9 29 81 35 31 02 ea 8c 84 f7 c5 c3 a6 00 85 23 [0m
D (5512) wpa: DDP: AES-SIV AD[0] - hexdump(len=6):[0m
D (5512) wpa: 50 6f 9a 1a 01 00 [0m
D (5522) wpa: DDP: AES-SIV AD[1] - hexdump(len=140):[0m
D (5522) wpa: 02 10 20 00 4a 56 d3 37 88 05 cd d7 82 d6 5c bf [0m
D (5532) wpa: be f0 13 47 35 d5 60 1e 52 9f eb 3c 4d 57 24 7b [0m
D (5532) wpa: 8d 85 72 39 01 10 20 00 02 cd 35 a6 5c 8a d5 93 [0m
D (5542) wpa: 5c f4 49 59 81 7e 47 f3 f8 5e 4a 94 88 cd 4f c2 [0m
D (5542) wpa: 58 a6 a2 3a 8d 10 25 72 03 10 40 00 2f dd 27 f0 [0m
D (5552) wpa: d6 94 32 19 b3 01 a6 2e 6f 40 12 bd 20 4f bc 51 [0m
D (5562) wpa: 88 e5 da 39 ce b0 4d df 02 12 a6 87 7e f6 20 be [0m
D (5562) wpa: f5 36 74 15 2b 9d 69 ed b2 c7 5d 7b 07 49 48 eb [0m
D (5572) wpa: d6 b1 cb e0 be 10 f2 67 3d c2 e9 e8 [0m
D (5572) wpa: DPP: AES-SIV ciphertext - hexdump(len=41):[0m
D (5582) wpa: 6d 3d 28 75 13 c9 64 1a c5 f4 80 53 96 b2 f0 fc [0m
D (5582) wpa: 7b c2 24 a6 ce 76 53 6c 89 92 1f ef 97 4e f3 91 [0m
D (5592) wpa: 0d cd db 16 8e 7c f2 38 6e [0m
D (5602) wpa: DPP: AES-SIV cleartext - hexdump(len=25):[0m
D (5602) wpa: 05 10 10 00 9c c5 79 9f d9 d6 6f ef 8a 47 30 6c [0m
D (5612) wpa: be 18 1f d4 06 10 01 00 02 [0m
V (5612) wpa: DPP: Attribute ID 1005 len 16[0m
V (5612) wpa: DPP: Attribute ID 1006 len 1[0m
D (5622) wpa: DPP: I-nonce - hexdump(len=16):[0m
D (5622) wpa: 9c c5 79 9f d9 d6 6f ef 8a 47 30 6c be 18 1f d4 [0m
D (5632) wpa: DPP: I-capabilities: 0x02[0m
D (5632) wpa: DPP: Acting as Enrollee[0m
D (5642) wpa: DPP: Build Authentication Response[0m
D (5642) wpa: DPP: R-nonce - hexdump(len=16):[0m
D (5652) wpa: 57 87 1f 7b 27 42 75 a3 17 fd af ab 81 df 2a 7b [0m
D (5702) wpa: DPP: Generating a keypair[0m
[0;31mE (5702) wpa: curve: secp256r1[0m
[0;31mE (5712) wpa: prime len is 32[0m
[0;31mE (5712) wpa: Q_x: - hexdump(len=32):[0m
[0;31mE (5712) wpa: 48 5c ee 68 73 8b 03 6b 79 8f 2f 8e 70 c8 3e af [0m
[0;31mE (5722) wpa: 4f c1 a6 a6 ec 27 f1 52 44 28 a1 5b 67 a0 00 a5 [0m
[0;31mE (5722) wpa: Q_y: - hexdump(len=32):[0m
[0;31mE (5732) wpa: 38 96 9a f6 a8 9b e9 0f 48 5b 24 e5 3b 59 56 9a [0m
[0;31mE (5732) wpa: 68 04 6c 6d 14 62 59 f9 b4 e6 ba 15 bd ec db a3 [0m
[0;31mE (5742) wpa: d:      - hexdump(len=32):[0m
[0;31mE (5742) wpa: c5 86 65 19 1d 8c 6f 5a 88 d2 f0 9f bb 80 41 0b [0m
[0;31mE (5752) wpa: f8 28 53 5d 6f 53 33 74 b5 af c8 4f be 9d 60 a7 [0m
D (5912) wpa: DPP: ECDH shared secret (N.x) - hexdump(len=32):[0m
D (5912) wpa: be 34 b9 22 90 5f 62 98 68 45 f2 55 9d 3d 4d 7f [0m
D (5912) wpa: 5f 15 6a 2d 96 73 11 7d a9 bd 15 3e 60 41 a1 fa [0m
D (5922) wpa: DPP: PRK = HKDF-Extract(<>, IKM=N.x) - hexdump(len=32):[0m
D (5922) wpa: f9 c7 24 c8 97 1c c4 d9 3b 51 15 05 a0 de 89 12 [0m
D (5932) wpa: d5 1d c8 3f 1d 6d 6c 63 0c 03 0d 7e e0 24 59 b5 [0m
D (5942) wpa: DPP: k2 = HKDF-Expand(PRK, info, L) - hexdump(len=32):[0m
D (5942) wpa: ad 7c 32 19 9d 4f d6 c3 dc 28 20 8f 4f 5b a9 73 [0m
D (5952) wpa: ce b1 ce 68 38 c2 fa f9 32 7a 49 ed 84 0a 6d f1 [0m
D (5962) wpa: DPP: PRK = HKDF-Extract(<>, IKM) - hexdump(len=32):[0m
D (5962) wpa: 8a de 60 bf 48 ef e9 28 7f 8f ba 04 c4 ce 63 2d [0m
D (5972) wpa: f3 b7 08 0f b7 dd df 0a 43 cf cb e4 ae 44 47 93 [0m
D (5972) wpa: DPP: ke = HKDF-Expand(PRK, info, L) - hexdump(len=32):[0m
D (5982) wpa: b2 4b cc cb 8d 54 11 7c e9 54 66 c1 74 78 63 93 [0m
D (5992) wpa: 93 1d 46 b6 3c a3 6b 4c 0c 54 db 88 73 6d 2e 4e [0m
D (5992) wpa: DPP: R-auth hash components[0m
D (6002) wpa: DPP: hash component - hexdump(len=16):[0m
D (6002) wpa: 9c c5 79 9f d9 d6 6f ef 8a 47 30 6c be 18 1f d4 [0m
D (6012) wpa: DPP: hash component - hexdump(len=16):[0m
D (6012) wpa: 57 87 1f 7b 27 42 75 a3 17 fd af ab 81 df 2a 7b [0m
D (6022) wpa: DPP: hash component - hexdump(len=32):[0m
D (6022) wpa: 2f dd 27 f0 d6 94 32 19 b3 01 a6 2e 6f 40 12 bd [0m
D (6032) wpa: 20 4f bc 51 88 e5 da 39 ce b0 4d df 02 12 a6 87 [0m
D (6032) wpa: DPP: hash component - hexdump(len=32):[0m
D (6042) wpa: 48 5c ee 68 73 8b 03 6b 79 8f 2f 8e 70 c8 3e af [0m
D (6042) wpa: 4f c1 a6 a6 ec 27 f1 52 44 28 a1 5b 67 a0 00 a5 [0m
D (6052) wpa: DPP: hash component - hexdump(len=32):[0m
D (6062) wpa: 06 5a 89 32 86 b7 4f 21 04 91 a5 8e 06 6a c9 22 [0m
D (6062) wpa: ed c9 e4 4c 24 78 a1 b5 a1 70 0b 2c 76 2f e6 d5 [0m
D (6072) wpa: DPP: hash component - hexdump(len=1):[0m
D (6072) wpa: 00 [0m
D (6072) wpa: DPP: R-auth - hexdump(len=32):[0m
D (6082) wpa: a0 2b 5b 01 c7 a5 8c 96 5f b9 08 84 b0 49 39 c9 [0m
D (6082) wpa: 00 ca 72 da b8 05 d3 b9 41 22 70 30 1c 73 c4 f4 [0m
D (6092) wpa: DPP: {R-auth}ke - hexdump(len=52):[0m
D (6102) wpa: f2 1e e3 17 e9 b1 49 3b 59 ee 4c f3 1b 3a e9 78 [0m
D (6102) wpa: e0 b4 28 f5 e9 d3 b5 8d a3 89 14 87 77 ae 72 5a [0m
D (6112) wpa: 28 26 c8 51 76 ff 6e 6d 84 f4 51 1d 05 a4 06 cc [0m
D (6112) wpa: 7e 23 3f d0 [0m
D (6122) wpa: Setting auth resp retry to 0 0 [0m
D (6122) wpa: DPP: Status 0[0m
D (6122) wpa: DPP: R-Bootstrap Key Hash[0m
D (6132) wpa: DDP: AES-SIV AD[0] - hexdump(len=6):[0m
D (6132) wpa: 50 6f 9a 1a 01 01 [0m
D (6142) wpa: DDP: AES-SIV AD[1] - hexdump(len=109):[0m
D (6142) wpa: 00 10 01 00 00 02 10 20 00 4a 56 d3 37 88 05 cd [0m
D (6152) wpa: d7 82 d6 5c bf be f0 13 47 35 d5 60 1e 52 9f eb [0m
D (6152) wpa: 3c 4d 57 24 7b 8d 85 72 39 09 10 40 00 48 5c ee [0m
D (6162) wpa: 68 73 8b 03 6b 79 8f 2f 8e 70 c8 3e af 4f c1 a6 [0m
D (6162) wpa: a6 ec 27 f1 52 44 28 a1 5b 67 a0 00 a5 38 96 9a [0m
D (6172) wpa: f6 a8 9b e9 0f 48 5b 24 e5 3b 59 56 9a 68 04 6c [0m
D (6182) wpa: 6d 14 62 59 f9 b4 e6 ba 15 bd ec db a3 [0m
D (6182) wpa: DPP: AES-SIV cleartext - hexdump(len=101):[0m
D (6192) wpa: 07 10 10 00 57 87 1f 7b 27 42 75 a3 17 fd af ab [0m
D (6192) wpa: 81 df 2a 7b 05 10 10 00 9c c5 79 9f d9 d6 6f ef [0m
D (6202) wpa: 8a 47 30 6c be 18 1f d4 08 10 01 00 01 04 10 34 [0m
D (6202) wpa: 00 f2 1e e3 17 e9 b1 49 3b 59 ee 4c f3 1b 3a e9 [0m
D (6212) wpa: 78 e0 b4 28 f5 e9 d3 b5 8d a3 89 14 87 77 ae 72 [0m
D (6222) wpa: 5a 28 26 c8 51 76 ff 6e 6d 84 f4 51 1d 05 a4 06 [0m
D (6222) wpa: cc 7e 23 3f d0 [0m
D (6232) wpa: DPP: AES-SIV ciphertext - hexdump(len=117):[0m
D (6232) wpa: 3c a0 79 8b 5e bd ee 86 13 65 07 f6 15 dc 23 37 [0m
D (6242) wpa: db 40 4a b0 01 ea 48 1e 16 f8 75 a9 d4 52 69 f9 [0m
D (6242) wpa: 39 04 d1 5f 85 7f 62 05 fb 87 b8 d8 85 a4 37 f0 [0m
D (6252) wpa: b0 b9 d3 78 54 c3 12 c7 9f ec 6b 63 a6 41 10 0f [0m
D (6252) wpa: f4 11 f7 46 ab 32 27 2f dd 94 2a 23 86 d7 5e 29 [0m
D (6262) wpa: 96 8d 40 97 be c6 6b 90 08 83 1a a4 79 88 07 01 [0m
D (6272) wpa: e8 83 95 c4 a3 4e 23 94 a9 19 af a7 31 a4 8a 44 [0m
D (6272) wpa: db 56 94 d3 5a [0m
D (6272) wpa: DPP: Authentication Response frame attributes - hexdump(len=238):[0m
D (6282) wpa: 04 09 50 6f 9a 1a 01 01 00 10 01 00 00 02 10 20 [0m
D (6292) wpa: 00 4a 56 d3 37 88 05 cd d7 82 d6 5c bf be f0 13 [0m
D (6292) wpa: 47 35 d5 60 1e 52 9f eb 3c 4d 57 24 7b 8d 85 72 [0m
D (6302) wpa: 39 09 10 40 00 48 5c ee 68 73 8b 03 6b 79 8f 2f [0m
D (6312) wpa: 8e 70 c8 3e af 4f c1 a6 a6 ec 27 f1 52 44 28 a1 [0m
D (6312) wpa: 5b 67 a0 00 a5 38 96 9a f6 a8 9b e9 0f 48 5b 24 [0m
D (6322) wpa: e5 3b 59 56 9a 68 04 6c 6d 14 62 59 f9 b4 e6 ba [0m
D (6322) wpa: 15 bd ec db a3 04 10 75 00 3c a0 79 8b 5e bd ee [0m
D (6332) wpa: 86 13 65 07 f6 15 dc 23 37 db 40 4a b0 01 ea 48 [0m
D (6332) wpa: 1e 16 f8 75 a9 d4 52 69 f9 39 04 d1 5f 85 7f 62 [0m
D (6342) wpa: 05 fb 87 b8 d8 85 a4 37 f0 b0 b9 d3 78 54 c3 12 [0m
D (6352) wpa: c7 9f ec 6b 63 a6 41 10 0f f4 11 f7 46 ab 32 27 [0m
D (6352) wpa: 2f dd 94 2a 23 86 d7 5e 29 96 8d 40 97 be c6 6b [0m
D (6362) wpa: 90 08 83 1a a4 79 88 07 01 e8 83 95 c4 a3 4e 23 [0m
D (6362) wpa: 94 a9 19 af a7 31 a4 8a 44 db 56 94 d3 5a [0m
D (6372) wpa: DPP: Mgmt Tx - MAC:8e:ff:3e:16:e0:96, Channel-6, WaitT-600[0m
V (6382) esp_adapter: thread sem get: sem=0x3fcb28a0[0m
D (6382) wifi:Send frame on channel 6 to 8e:ff:3e:16:e0:96

V (6392) wifi:change: chan<6,0>, dur<0,600>
V (6392) wifi:ht20 freq=2437, chan=6
V (6392) wifi:enter start op, arg=0x3fcb4374
D (6402) wifi:offchan_txop_start : 143
V (6402) wifi:start max timer
D (6412) wifi:tx_mgmt cb : 1636 status 1 
D (6412) wifi:tx data done, now:6429864
D (6412) wifi:woke up
D (6412) wpa: DPP: Rx Public Action frame: action - 9[0m
D (6412) event: running post WIFI_EVENT:19 with handler 0x4200a710 and context 0x3fca7f98 on loop 0x3fca6d0c[0m
D (6422) wpa: DPP: Authentication Confirmation from 8e:ff:3e:16:e0:96[0m
D (6432) event: running post WIFI_EVENT:19 with handler 0x4201563c and context 0x3fcb2560 on loop 0x3fca6d0c[0m
D (6442) wpa: ELOOP: esp_dpp_rx_auth_conf:278 called to remove timer handler=0x4201551c, removed count=0[0m
D (6452) wpa: Mgmt Tx Status - 0, Cookie - 0x42014ad0[0m
D (6452) wpa: DPP: Wrapped data - hexdump(len=52):[0m
D (6462) wpa: 5e 76 73 b9 7e 15 8e e3 e1 c9 0d d1 b2 51 e0 b3 [0m
D (6472) wpa: 06 e0 b2 fb f0 1f 23 f2 53 de a1 ac b5 b9 fd 46 [0m
D (6482) wpa: b1 b8 e5 4f 36 27 98 40 d7 57 a4 81 ec ac 90 00 [0m
D (6482) wpa: 5a 6a b9 76 [0m
D (6482) wpa: DPP: Responder Bootstrapping Key Hash - hexdump(len=32):[0m
D (6492) wpa: 4a 56 d3 37 88 05 cd d7 82 d6 5c bf be f0 13 47 [0m
D (6502) wpa: 35 d5 60 1e 52 9f eb 3c 4d 57 24 7b 8d 85 72 39 [0m
D (6502) wpa: DPP: Status 0[0m
D (6512) wpa: DDP: AES-SIV AD[0] - hexdump(len=6):[0m
D (6512) wpa: 50 6f 9a 1a 01 02 [0m
D (6512) wpa: DDP: AES-SIV AD[1] - hexdump(len=41):[0m
D (6522) wpa: 00 10 01 00 00 02 10 20 00 4a 56 d3 37 88 05 cd [0m
D (6532) wpa: d7 82 d6 5c bf be f0 13 47 35 d5 60 1e 52 9f eb [0m
D (6532) wpa: 3c 4d 57 24 7b 8d 85 72 39 [0m
D (6542) wpa: DPP: AES-SIV ciphertext - hexdump(len=52):[0m
D (6542) wpa: 5e 76 73 b9 7e 15 8e e3 e1 c9 0d d1 b2 51 e0 b3 [0m
D (6552) wpa: 06 e0 b2 fb f0 1f 23 f2 53 de a1 ac b5 b9 fd 46 [0m
D (6552) wpa: b1 b8 e5 4f 36 27 98 40 d7 57 a4 81 ec ac 90 00 [0m
D (6562) wpa: 5a 6a b9 76 [0m
D (6562) wpa: DPP: AES-SIV cleartext - hexdump(len=36):[0m
D (6572) wpa: 0a 10 20 00 32 cf fe c2 1c 94 e3 b1 7f f3 5c 4f [0m
D (6572) wpa: 5d c7 aa 38 41 fc 7a 57 f0 9f 11 29 2f 8b 4b 18 [0m
D (6582) wpa: af 3b cd 1e [0m
V (6582) wpa: DPP: Attribute ID 100a len 32[0m
D (6592) wpa: DPP: Received Initiator Authenticating Tag - hexdump(len=32):[0m
D (6592) wpa: 32 cf fe c2 1c 94 e3 b1 7f f3 5c 4f 5d c7 aa 38 [0m
D (6602) wpa: 41 fc 7a 57 f0 9f 11 29 2f 8b 4b 18 af 3b cd 1e [0m
D (6602) wpa: DPP: I-auth hash components[0m
D (6612) wpa: DPP: hash component - hexdump(len=16):[0m
D (6612) wpa: 57 87 1f 7b 27 42 75 a3 17 fd af ab 81 df 2a 7b [0m
D (6622) wpa: DPP: hash component - hexdump(len=16):[0m
D (6622) wpa: 9c c5 79 9f d9 d6 6f ef 8a 47 30 6c be 18 1f d4 [0m
D (6632) wpa: DPP: hash component - hexdump(len=32):[0m
D (6642) wpa: 48 5c ee 68 73 8b 03 6b 79 8f 2f 8e 70 c8 3e af [0m
D (6642) wpa: 4f c1 a6 a6 ec 27 f1 52 44 28 a1 5b 67 a0 00 a5 [0m
D (6652) wpa: DPP: hash component - hexdump(len=32):[0m
D (6652) wpa: 2f dd 27 f0 d6 94 32 19 b3 01 a6 2e 6f 40 12 bd [0m
D (6662) wpa: 20 4f bc 51 88 e5 da 39 ce b0 4d df 02 12 a6 87 [0m
D (6662) wpa: DPP: hash component - hexdump(len=32):[0m
D (6672) wpa: 06 5a 89 32 86 b7 4f 21 04 91 a5 8e 06 6a c9 22 [0m
D (6672) wpa: ed c9 e4 4c 24 78 a1 b5 a1 70 0b 2c 76 2f e6 d5 [0m
D (6682) wpa: DPP: hash component - hexdump(len=1):[0m
D (6692) wpa: 01 [0m
D (6692) wpa: DPP: I-auth - hexdump(len=32):[0m
D (6692) wpa: 32 cf fe c2 1c 94 e3 b1 7f f3 5c 4f 5d c7 aa 38 [0m
D (6702) wpa: 41 fc 7a 57 f0 9f 11 29 2f 8b 4b 18 af 3b cd 1e [0m
D (6702) wpa: DPP: Calculated Initiator Authenticating Tag - hexdump(len=32):[0m
D (6712) wpa: 32 cf fe c2 1c 94 e3 b1 7f f3 5c 4f 5d c7 aa 38 [0m
D (6722) wpa: 41 fc 7a 57 f0 9f 11 29 2f 8b 4b 18 af 3b cd 1e [0m
D (6722) wpa: DPP: Authentication success - clear temporary keys[0m
D (6732) wpa: DPP: Build configuration request[0m
D (6732) wpa: DPP: E-nonce - hexdump(len=16):[0m
D (6742) wpa: d0 73 bc 54 d1 20 a2 d4 a3 08 09 cb 07 81 06 3f [0m
D (6742) wpa: DPP: configRequest JSON - hexdump(len=71):[0m
D (6752) wpa: 7b 22 6e 61 6d 65 22 3a 22 54 65 73 74 22 2c 22 [0m
D (6752) wpa: 77 69 2d 66 69 5f 74 65 63 68 22 3a 22 69 6e 66 [0m
D (6762) wpa: 72 61 22 2c 22 6e 65 74 52 6f 6c 65 22 3a 22 73 [0m
D (6772) wpa: 74 61 22 2c 22 62 61 6e 64 53 75 70 70 6f 72 74 [0m
D (6772) wpa: 22 3a 5b 38 31 5d 7d [0m
D (6782) wpa: DPP: AES-SIV cleartext - hexdump(len=95):[0m
D (6782) wpa: 14 10 10 00 d0 73 bc 54 d1 20 a2 d4 a3 08 09 cb [0m
D (6792) wpa: 07 81 06 3f 0e 10 47 00 7b 22 6e 61 6d 65 22 3a [0m
D (6792) wpa: 22 54 65 73 74 22 2c 22 77 69 2d 66 69 5f 74 65 [0m
D (6802) wpa: 63 68 22 3a 22 69 6e 66 72 61 22 2c 22 6e 65 74 [0m
D (6812) wpa: 52 6f 6c 65 22 3a 22 73 74 61 22 2c 22 62 61 6e [0m
D (6812) wpa: 64 53 75 70 70 6f 72 74 22 3a 5b 38 31 5d 7d [0m
D (6822) wpa: DPP: AES-SIV ciphertext - hexdump(len=111):[0m
D (6822) wpa: 32 24 86 da f5 7e 6a af 70 b0 1a a4 5f 2a 8a b8 [0m
D (6832) wpa: 5a eb f8 c9 3f 4b 0a 48 ba 0c f8 4b 9b c1 56 4c [0m
D (6832) wpa: d3 82 9d 2a 77 ec dd c4 91 0f 68 7b 93 54 1b de [0m
D (6842) wpa: 5a 23 f4 28 99 69 66 7c ac 4c 49 bb f8 a0 0e 22 [0m
D (6852) wpa: c4 14 1c 4f fb 91 8e e1 d3 96 11 6d 80 13 26 52 [0m
D (6852) wpa: da 1c b7 59 bb 95 dd 19 51 13 46 f0 7e 5e 7f f1 [0m
D (6862) wpa: bb 93 2a 41 64 24 ac f0 6e 87 e9 fb 9f a6 54 [0m
D (6862) wpa: DPP: Configuration Request frame attributes - hexdump(len=115):[0m
D (6872) wpa: 04 10 6f 00 32 24 86 da f5 7e 6a af 70 b0 1a a4 [0m
D (6882) wpa: 5f 2a 8a b8 5a eb f8 c9 3f 4b 0a 48 ba 0c f8 4b [0m
D (6882) wpa: 9b c1 56 4c d3 82 9d 2a 77 ec dd c4 91 0f 68 7b [0m
D (6892) wpa: 93 54 1b de 5a 23 f4 28 99 69 66 7c ac 4c 49 bb [0m
D (6892) wpa: f8 a0 0e 22 c4 14 1c 4f fb 91 8e e1 d3 96 11 6d [0m
D (6902) wpa: 80 13 26 52 da 1c b7 59 bb 95 dd 19 51 13 46 f0 [0m
D (6912) wpa: 7e 5e 7f f1 bb 93 2a 41 64 24 ac f0 6e 87 e9 fb [0m
D (6912) wpa: 9f a6 54 [0m
V (6912) wpa: DPP: GAS Config Request - hexdump(len=130):[0m
V (6922) wpa: 04 0a 00 6c 08 7f dd 05 50 6f 9a 1a 01 73 00 04 [0m
V (6932) wpa: 10 6f 00 32 24 86 da f5 7e 6a af 70 b0 1a a4 5f [0m
V (6932) wpa: 2a 8a b8 5a eb f8 c9 3f 4b 0a 48 ba 0c f8 4b 9b [0m
V (6942) wpa: c1 56 4c d3 82 9d 2a 77 ec dd c4 91 0f 68 7b 93 [0m
V (6942) wpa: 54 1b de 5a 23 f4 28 99 69 66 7c ac 4c 49 bb f8 [0m
V (6952) wpa: a0 0e 22 c4 14 1c 4f fb 91 8e e1 d3 96 11 6d 80 [0m
V (6962) wpa: 13 26 52 da 1c b7 59 bb 95 dd 19 51 13 46 f0 7e [0m
V (6962) wpa: 5e 7f f1 bb 93 2a 41 64 24 ac f0 6e 87 e9 fb 9f [0m
V (6972) wpa: a6 54 [0m
D (6972) wpa: DPP: GAS request to 8e:ff:3e:16:e0:96 (chan 6)[0m
D (6972) wpa: DPP: Mgmt Tx - MAC:8e:ff:3e:16:e0:96, Channel-6, WaitT-600[0m
V (6982) esp_adapter: thread sem get: sem=0x3fcb28a0[0m
D (6992) wifi:OFFCHAN-Tx: Ending op at 6.0, returning to Channel 1
V (6992) wifi:back home chan=<1,0>, current chan=<6,0>
V (7002) wifi:ht20 freq=2412, chan=1
D (7002) wifi:Send frame on channel 6 to 8e:ff:3e:16:e0:96

V (7012) wifi:change: chan<6,0>, dur<0,600>
V (7012) wifi:ht20 freq=2437, chan=6
V (7012) wifi:enter start op, arg=0x3fcb4484
D (7022) wifi:offchan_txop_start : 143
V (7022) wifi:start max timer
D (7022) wpa: ELOOP: Added one timer from esp_dpp_rx_auth_conf:291 to call 0x42014bdc, current order=0[0m
D (7032) wifi:tx_mgmt cb : 1636 status 1 
D (7042) wifi:tx data done, now:7058368
D (7042) wifi:woke up
D (7042) wpa: DPP: Rx Public Action frame: action - 11[0m
D (7042) event: running post WIFI_EVENT:19 with handler 0x4200a710 and context 0x3fca7f98 on loop 0x3fca6d0c[0m
D (7052) wpa: DPP: Gas response received[0m
D (7062) event: running post WIFI_EVENT:19 with handler 0x4201563c and context 0x3fcb2560 on loop 0x3fca6d0c[0m
V (7062) wpa: DPP: Attribute ID 1000 len 1[0m
D (7072) wpa: Mgmt Tx Status - 0, Cookie - 0x42014ad0[0m
V (7082) wpa: DPP: Attribute ID 1004 len 139[0m
D (7082) wpa: DPP: AES-SIV ciphertext - hexdump(len=139):[0m
D (7092) wpa: f9 7e 72 0f f0 13 10 ec d8 d0 cc ad e5 88 51 ad [0m
D (7102) wpa: 45 aa 52 12 97 27 1f 8e 75 a6 b2 60 d2 f7 b4 91 [0m
D (7102) wpa: fd f8 8c 5c 21 a3 be 9a e1 03 9e 27 76 b7 4d 45 [0m
D (7112) wpa: 94 1c 49 27 35 0d a3 f1 36 59 12 45 03 6f f3 a7 [0m
D (7112) wpa: da d0 06 80 73 76 cd a6 65 71 48 88 c3 e5 3e 31 [0m
D (7122) wpa: 01 20 f2 07 22 b5 1f 08 7c 89 11 42 c1 a8 00 7d [0m
D (7132) wpa: 82 6b b6 d7 54 f0 b5 a3 04 9b bc ad 1a f1 c3 60 [0m
D (7132) wpa: ca 23 10 b1 ad a2 b9 bf 3e 69 b1 07 78 4b a6 78 [0m
D (7142) wpa: 94 27 54 3a 3b 9f 9c 04 a7 e0 a8 [0m
D (7142) wpa: DDP: AES-SIV AD - hexdump(len=5):[0m
D (7152) wpa: 00 10 01 00 00 [0m
D (7152) wpa: DPP: AES-SIV cleartext - hexdump(len=123):[0m
D (7162) wpa: 14 10 10 00 d0 73 bc 54 d1 20 a2 d4 a3 08 09 cb [0m
D (7162) wpa: 07 81 06 3f 0c 10 63 00 7b 22 77 69 2d 66 69 5f [0m
D (7172) wpa: 74 65 63 68 22 3a 22 69 6e 66 72 61 22 2c 22 64 [0m
D (7172) wpa: 69 73 63 6f 76 65 72 79 22 3a 7b 22 73 73 69 64 [0m
D (7182) wpa: 22 3a 22 54 6f 76 61 6c 61 2d 74 75 72 72 69 73 [0m
D (7182) wpa: 22 7d 2c 22 63 72 65 64 22 3a 7b 22 61 6b 6d 22 [0m
D (7192) wpa: 3a 22 70 73 6b 22 2c 22 70 61 73 73 22 3a 22 6d [0m
D (7202) wpa: 69 63 72 6f 77 61 76 65 22 7d 7d [0m
V (7202) wpa: DPP: Attribute ID 1014 len 16[0m
V (7212) wpa: DPP: Attribute ID 100c len 99[0m
D (7212) wpa: DPP: Enrollee Nonce - hexdump(len=16):[0m
D (7212) wpa: d0 73 bc 54 d1 20 a2 d4 a3 08 09 cb 07 81 06 3f [0m
D (7222) wpa: DPP: Status 0[0m
D (7222) wpa: DPP: configurationObject JSON - hexdump(len=99):[0m
D (7232) wpa: 7b 22 77 69 2d 66 69 5f 74 65 63 68 22 3a 22 69 [0m
D (7242) wpa: 6e 66 72 61 22 2c 22 64 69 73 63 6f 76 65 72 79 [0m
D (7242) wpa: 22 3a 7b 22 73 73 69 64 22 3a 22 54 6f 76 61 6c [0m
D (7252) wpa: 61 2d 74 75 72 72 69 73 22 7d 2c 22 63 72 65 64 [0m
D (7252) wpa: 22 3a 7b 22 61 6b 6d 22 3a 22 70 73 6b 22 2c 22 [0m
D (7262) wpa: 70 61 73 73 22 3a 22 6d 69 63 72 6f 77 61 76 65 [0m
D (7262) wpa: 22 7d 7d [0m
V (7272) wpa: JSON: String value: 'wi-fi_tec#############[0m
V (7272) wpa: JSON: String value: 'ssid' = '#############'[0m
V (7282) wpa: JSON: String value: 'akm' = 'psk'[0m
V (7282) wpa: JSON: String value: 'pass' = '#############'[0m
D (7292) wpa: DPP: discovery::ssid - hexdump(len=13):[0m
D (7292) wpa: 54 6f 76 61 6c 61 2d 74 75 72 72 69 73 [0m
D (7302) wpa: DPP: Legacy akm=psk credential[0m
D (7302) wpa: DPP: Legacy passphrase - hexdump(len=9):[0m
D (7312) wpa: 6d 69 63 72 6f 77 61 76 65 [0m
D (7312) wpa: DPP: JSON parsing completed successfully[0m
D (7322) wpa: ELOOP: gas_query_resp_rx:337 called to remove timer handler=0x42014bdc, removed count=1[0m
V (7332) esp_adapter: thread sem get: sem=0x3fcb28a0[0m
D (7332) wifi:clear blacklist
D (7332) nvs: nvs_get_str_or_blob sta.ssid[0m
D (7342) nvs: nvs_get sta.pmf_e 1[0m#############
[0;32mI (7342) wifi dpp-enrollee: DPP Authentication successful, connecting to AP : #############[0m
V (7352) esp_adapter: thread sem get: sem=0x3fcb28a0[0m
D (7362) wifi:Start wifi connect
D (7362) wifi:connect status 0 -> 0
D (7362) wifi:connect chan=0
D (7362) wifi:first chan=6
D (7372) wifi:connect status 0 -> 1
D (7372) wifi:OFFCHAN-Tx: Ending op at 7.0, returning to Channel 1
V (7382) wifi:back home chan=<1,0>, current chan=<6,0>
V (7382) wifi:ht20 freq=2412, chan=1
D (7382) wifi:filter: set rx policy=3
D (7392) wifi:clear scan ap list
D (7392) wifi:start scan: type=0x50f, priority=2, cb=0x4205391c, arg=0x0, ss_state=0x1, time=7412051, index=0
V (7402) wifi:inter_channel_timeout: arg=0x0, ss_state=0x1
D (7412) wifi:perform scan: ss_state=0x9, chan<6,0>, dur<0,120>
V (7412) wifi:change: chan<6,0>, dur<0,120>
V (7412) wifi:ht20 freq=2437, chan=6
V (7422) wifi:enter start op, arg=0x3fc9e0aa
V (7422) wifi:scan operation: sta#############6,0>, arg=0x3fc9e0aa, status=0
V (7432) wifi:scan specific ssid=#############
V (7432) wifi:start max timer
D (7442) wifi:rsn valid: gcipher=3 ucipher=3 akm=9 mac=04:f0:21:8f:78:38
V (7442) wifi:updated connection retries to 0
D (7452) wpa: rsn_ie - hexdump(len=30):[0m
D (7452) wpa: 30 1c 01 00 00 0f ac 04 01 00 00 0f ac 04 03 00 [0m
D (7462) wpa: 00 0f ac 02 00 0f ac 06 00 0f ac 08 8c 00 [0m
D (7462) wifi:profile match: ss_state=0x7
V (7462) wifi:scan hist#############not full yet, add
V (7472) wifi:add ssid=#############, chan=6 to scan history
D (7482) wifi:tx data done, now:7497137
D (7482) wifi:3011 : no offchan in progress
D (7482) wifi:woke up
D (7482) wifi:rsn valid: gcipher=3 ucipher=3 akm=9 mac=04:f0:21:8f:78:38
D (7492) wifi:set max rate: from <rate=130, phy=3, sig=0> to <rate=144, phy=3 sig=0>
D (7502) wifi:sig_b=1, sig_g=0, sig_n=0, max_b=0, max_g=108, max_n=144
D (7502) wifi:profile match: ss_state=0#############
V (7512) wifi:update scan history ssid=#############, channel=6
D (7512) wifi:scan end: arg=0x0, status=0, ss_state=0x7
D (7522) wifi:find first mathched ssid, scan done
V (7522) wifi:back home chan=<1,0>, current chan=<6,0>
V (7532) wifi:ht20 freq=2412, chan=1
D (7532) wifi:filter: set rx policy=4
D (7542) wifi:first chan=1
V (7542) wifi:scan_done: arg=0x0, status=0, cur_time=7559245, scan_id=128, scan state=0
V (7552) wifi:call scan_done cb, arg=0x0
D (7552) wifi:handoff_cb: status=0
V (7552) wifi:best bss has set.
D (7552) wifi:ap found, mac=04:f0:21:8f:78:38
V (7562) wifi:bssid=04:f0:21:8f:78:38, LR=0
D (7562) wifi:new_bss=0x3fc9e3a8, cur_bss=0x0, new_chan=<6,0>, cur_chan=1
D (7572) wifi:filter: set rx policy=5
D (7572) wpa: WPA: set AP RSNXE - hexdump(len=3):[0m
D (7582) wpa: f4 01 20 [0m
D (7582) wpa: SAE-PK: Not a valid password (length)[0m
I (7592) wifi:new:<6,0>, old:<1,0>, ap:<255,255>, sta:<6,0>, prof:1
V (7592) wifi:ht20 freq=2437, chan=6
D (7592) wifi:connect_op: status=0, auth=9, cipher=3 
D (7602) wpa: RSN: PMKSA cache search - network_ctx=0x0 try_opportunistic=0[0m
D (7612) wpa: RSN: Search for BSSID 04:f0:21:8f:78:38[0m
D (7612) wpa: RSN: No PMKSA cache entry found[0m
D (7622) wpa: RSN: set own RSNXE - hexdump(len=3):[0m
D (7622) wpa: f4 01 20 [0m
D (7622) wifi:auth mode is not none
D (7632) wifi:connect_bss: auth=1, reconnect=0
I (7632) wifi:state: init -> auth (b0)
D (7632) wpa: SAE: Derive PT - group 19[0m
D (7642) wpa: SAE: SSID - hexdump(len=13):[0m
D (7642) wpa: 54 6f 76 61 6c 61 2d 74 75 72 72 69 73 [0m
D (7652) wpa: SAE: password - hexdump(len=9):[0m
D (7652) wpa: 6d 69 63 72 6f 77 61 76 65 [0m
D (7662) wpa: SAE: pwd-seed - hexdump(len=32):[0m
D (7662) wpa: 24 d5 57 bd e4 96 bd 57 14 22 ed c6 65 84 73 6e [0m
D (7672) wpa: de 0d 0b 5d 69 08 ba b5 03 20 2a d2 f4 f8 4f f7 [0m
D (7672) wpa: SAE: pwd-value (u1 P1) - hexdump(len=48):[0m
D (7682) wpa: 92 58 a1 b9 0e 20 ec 6d 64 2e 4f 96 a6 02 34 48 [0m
D (7682) wpa: 46 67 c4 20 3e 44 95 35 99 c1 94 63 a7 1f 5d b6 [0m
D (7692) wpa: 8f c6 8c a7 fb 9e d9 cc bb 77 62 dc d0 57 d7 a8 [0m
D (7702) wpa: SAE: u1 - hexdump(len=32):[0m
D (7702) wpa: 4b f0 6a 41 34 14 11 56 f9 48 06 3d 34 d0 21 b3 [0m
D (7702) wpa: aa 47 4c 3c 9c 18 67 f3 2d c6 9e e0 48 2f b9 cd [0m
D (7712) wpa: SSWU: m - hexdump(len=32):[0m
D (7712) wpa: 22 c4 17 f9 c9 df 82 c0 03 a0 78 b3 7b 34 9f 3f [0m
D (7722) wpa: 82 ac bc 99 23 5c a6 14 50 c2 64 20 ec 55 0d f9 [0m
D (7732) event: running post WIFI_EVENT:40 with handler 0x4200a710 and context 0x3fca7f98 on loop 0x3fca6d0c[0m
D (7732) wpa: SSWU: t - hexdump(len=32):[0m
D (7742) wpa: 99 15 5b b8 92 d4 a1 5e 25 f1 6e 3c cf 2d 45 db [0m
D (7752) wpa: 53 63 2f f3 20 e4 7a 1f e8 01 33 cf 97 bb 51 86 [0m
D (7762) wpa: SSWU: x1a = b / (z * a) - hexdump(len=32):[0m
D (7762) wpa: a5 28 bd 86 96 bd af 99 6c 65 b9 82 d9 49 59 d3 [0m
D (7762) wpa: 14 6f e6 a0 20 69 30 90 bd ba 13 13 23 75 f2 24 [0m
D (7772) wpa: SSWU: x1b = (-b/a) * (1 + t) - hexdump(len=32):[0m
D (7782) wpa: c6 40 cf 89 cb 99 32 70 6b b9 9c 24 16 be c7 95 [0m
D (7782) wpa: 4f a6 cf aa 95 9b e5 be ce ff 0c 43 85 49 d4 e1 [0m
D (7792) wpa: SSWU: x1 = CSEL(l, x1a, x1b) - hexdump(len=32):[0m
D (7792) wpa: c6 40 cf 89 cb 99 32 70 6b b9 9c 24 16 be c7 95 [0m
D (7802) wpa: 4f a6 cf aa 95 9b e5 be ce ff 0c 43 85 49 d4 e1 [0m
D (7812) wpa: SSWU: gx1 = x1^3 + a * x1 + b - hexdump(len=32):[0m
D (7812) wpa: 94 d6 6c 53 de 50 f1 d4 f8 67 54 5b 51 cb 2f 23 [0m
D (7822) wpa: 45 4c fe 21 1b 65 7f 77 15 b6 7e cc 00 d2 ce cb [0m
D (7822) wpa: SSWU: x2 = z * u^2 * x1 - hexdump(len=32):[0m
D (7832) wpa: c9 6b be c4 9f 34 ee a6 da 1d 5f f3 79 20 d7 c0 [0m
D (7832) wpa: 92 44 1f 5b 53 b1 d5 7a c3 d2 d2 d8 af 73 9a e4 [0m
D (7842) wpa: SSWU: gx2 = x2^3 + a * x2 + b - hexdump(len=32):[0m
D (7852) wpa: d1 65 2c 8a 83 fb c5 66 72 39 75 5c 52 41 1c 9b [0m
D (7852) wpa: b5 5b 3a ba 02 bb 27 f0 00 6d 50 37 35 a3 c3 60 [0m
D (7862) wpa: SSWU: gx1^((p-1)/2) modulo p - hexdump(len=32):[0m
D (7862) wpa: 7f ff ff ff 80 00 00 00 80 00 00 00 00 00 00 00 [0m
D (7872) wpa: 00 00 00 00 7f ff ff ff ff ff ff ff ff ff ff ff [0m
D (7872) wpa: SSWU: v = CSEL(l, gx1, gx2) - hexdump(len=32):[0m
D (7882) wpa: d1 65 2c 8a 83 fb c5 66 72 39 75 5c 52 41 1c 9b [0m
D (7892) wpa: b5 5b 3a ba 02 bb 27 f0 00 6d 50 37 35 a3 c3 60 [0m
D (7892) wpa: SSWU: x = CSEL(l, x1, x2) - hexdump(len=32):[0m
D (7902) wpa: c9 6b be c4 9f 34 ee a6 da 1d 5f f3 79 20 d7 c0 [0m
D (7902) wpa: 92 44 1f 5b 53 b1 d5 7a c3 d2 d2 d8 af 73 9a e4 [0m
D (7912) wpa: SSWU: y = sqrt(v) - hexdump(len=32):[0m
D (7912) wpa: be d9 68 dd bd 84 b3 ea 6d 35 08 41 5a 02 06 50 [0m
D (7922) wpa: 7f c9 79 3a 65 31 13 db b1 d8 13 1e ce cf bd c5 [0m
D (7932) wpa: SSWU: p - y - hexdump(len=32):[0m
D (7932) wpa: 41 26 97 21 42 7b 4c 16 92 ca f7 be a5 fd f9 af [0m
D (7942) wpa: 80 36 86 c6 9a ce ec 24 4e 27 ec e1 31 30 42 3a [0m
D (7942) wpa: SSWU: P.x - hexdump(len=32):[0m
D (7952) wpa: c9 6b be c4 9f 34 ee a6 da 1d 5f f3 79 20 d7 c0 [0m
D (7952) wpa: 92 44 1f 5b 53 b1 d5 7a c3 d2 d2 d8 af 73 9a e4 [0m
D (7962) wpa: SSWU: P.y - hexdump(len=32):[0m
D (7962) wpa: be d9 68 dd bd 84 b3 ea 6d 35 08 41 5a 02 06 50 [0m
D (7972) wpa: 7f c9 79 3a 65 31 13 db b1 d8 13 1e ce cf bd c5 [0m
D (7982) wpa: SAE: pwd-value (u2 P2) - hexdump(len=48):[0m
D (7982) wpa: fc ec 6e 65 4a 25 1a a9 10 91 53 f0 45 f5 e4 22 [0m
D (7992) wpa: 4e b9 e6 9b 09 a0 25 6d 36 32 4b 87 6e db af b0 [0m
D (7992) wpa: ef c4 3a 0d 6a aa e5 5c 49 e8 a2 95 8a 0c 47 92 [0m
D (8002) wpa: SAE: u2 - hexdump(len=32):[0m
D (8002) wpa: 4d 9e 41 ad b3 18 ed 5a ef 20 c2 79 14 25 41 19 [0m
D (8012) wpa: 93 15 de c7 b1 bc 6e 6a a4 9f 11 2d e3 a7 11 3e [0m
D (8022) wpa: SSWU: m - hexdump(len=32):[0m
D (8022) wpa: df ea e1 b5 24 db 64 e2 af 65 a4 aa 8c 0c e5 f7 [0m
D (8022) wpa: 40 b2 d9 be 54 97 5e 8c 55 96 3d ee 17 a9 95 bb [0m
D (8032) wpa: SSWU: t - hexdump(len=32):[0m
D (8032) wpa: 3f a7 25 21 f0 e8 4e 5c fc 8a 49 21 e3 13 0f 0b [0m
D (8042) wpa: 41 86 bb 64 19 ae 13 45 96 85 50 be 16 57 f3 16 [0m
D (8052) wpa: SSWU: x1a = b / (z * a) - hexdump(len=32):[0m
D (8052) wpa: a5 28 bd 86 96 bd af 99 6c 65 b9 82 d9 49 59 d3 [0m
D (8062) wpa: 14 6f e6 a0 20 69 30 90 bd ba 13 13 23 75 f2 24 [0m
D (8072) wpa: SSWU: x1b = (-b/a) * (1 + t) - hexdump(len=32):[0m
D (8072) wpa: b5 21 84 1c 2d b5 19 95 3c a3 8d 22 04 86 3d dc [0m
D (8072) wpa: 81 fb 2d ed 2a db 6f e4 7a a3 8a 09 47 5f e7 88 [0m
D (8082) wpa: SSWU: x1 = CSEL(l, x1a, x1b) - hexdump(len=32):[0m
D (8092) wpa: b5 21 84 1c 2d b5 19 95 3c a3 8d 22 04 86 3d dc [0m
D (8092) wpa: 81 fb 2d ed 2a db 6f e4 7a a3 8a 09 47 5f e7 88 [0m
D (8102) wpa: SSWU: gx1 = x1^3 + a * x1 + b - hexdump(len=32):[0m
D (8102) wpa: 6a 75 85 6d 9e 7c 9a c9 5a fc 5c 7d aa b7 00 23 [0m
D (8112) wpa: 71 ee 0b db 40 f5 1d 3f 8f 48 b1 77 2a 88 78 47 [0m
D (8122) wpa: SSWU: x2 = z * u^2 * x1 - hexdump(len=32):[0m
D (8122) wpa: 98 b2 9a 5d b8 ae db dc 18 2e 64 ba 78 4e 8a 3d [0m
D (8132) wpa: 19 cd 55 93 e0 1a c3 d0 77 6f 9e a1 ce 84 8d bb [0m
D (8132) wpa: SSWU: gx2 = x2^3 + a * x2 + b - hexdump(len=32):[0m
D (8142) wpa: a7 c4 95 b1 0a ba 37 1c 7d 33 9c 0a b3 ae 1e 22 [0m
D (8142) wpa: 89 d4 37 6f fc 03 cb f0 7b 25 ca 49 56 ed 4d 57 [0m
D (8152) wpa: SSWU: gx1^((p-1)/2) modulo p - hexdump(len=32):[0m
D (8162) wpa: 7f ff ff ff 80 00 00 00 80 00 00 00 00 00 00 00 [0m
D (8162) wpa: 00 00 00 00 7f ff ff ff ff ff ff ff ff ff ff ff [0m
D (8172) wpa: SSWU: v = CSEL(l, gx1, gx2) - hexdump(len=32):[0m
D (8172) wpa: 6a 75 85 6d 9e 7c 9a c9 5a fc 5c 7d aa b7 00 23 [0m
D (8182) wpa: 71 ee 0b db 40 f5 1d 3f 8f 48 b1 77 2a 88 78 47 [0m
D (8192) wpa: SSWU: x = CSEL(l, x1, x2) - hexdump(len=32):[0m
D (8192) wpa: b5 21 84 1c 2d b5 19 95 3c a3 8d 22 04 86 3d dc [0m
D (8202) wpa: 81 fb 2d ed 2a db 6f e4 7a a3 8a 09 47 5f e7 88 [0m
D (8202) wpa: SSWU: y = sqrt(v) - hexdump(len=32):[0m
D (8212) wpa: ec 60 53 ed 22 59 75 f3 f9 9b e6 34 94 78 e2 84 [0m
D (8212) wpa: f1 b4 90 f6 c1 40 d8 84 33 0f b7 a3 8f e6 91 41 [0m
D (8222) wpa: SSWU: p - y - hexdump(len=32):[0m
D (8222) wpa: 13 9f ac 11 dd a6 8a 0d 06 64 19 cb 6b 87 1d 7b [0m
D (8232) wpa: 0e 4b 6f 0a 3e bf 27 7b cc f0 48 5c 70 19 6e be [0m
D (8242) wpa: SSWU: P.x - hexdump(len=32):[0m
D (8242) wpa: b5 21 84 1c 2d b5 19 95 3c a3 8d 22 04 86 3d dc [0m
D (8252) wpa: 81 fb 2d ed 2a db 6f e4 7a a3 8a 09 47 5f e7 88 [0m
D (8252) wpa: SSWU: P.y - hexdump(len=32):[0m
D (8262) wpa: 13 9f ac 11 dd a6 8a 0d 06 64 19 cb 6b 87 1d 7b [0m
D (8262) wpa: 0e 4b 6f 0a 3e bf 27 7b cc f0 48 5c 70 19 6e be [0m
D (8272) wpa: SAE: Selecting supported ECC group 19[0m
D (8282) wpa: SAE: Derive PWE from PT[0m
D (8282) wpa: SAE: PT.x - hexdump(len=32):[0m
D (8282) wpa: 5e 56 ac 85 c2 72 a4 cd 38 6d a8 06 8b 16 c1 43 [0m
D (8292) wpa: e0 2d 20 99 89 dc 11 35 ae dc a3 49 a1 83 d7 88 [0m
D (8292) wpa: SAE: PT.y - hexdump(len=32):[0m
D (8302) wpa: aa fa 7a f5 02 2c 8c e9 b1 48 10 ff c1 08 00 d3 [0m
D (8302) wpa: ad 99 e5 1b 07 39 e7 cd 99 28 0e 5b 6b 2c 1f 43 [0m
D (8312) wpa: SAE: val = H(0^n, MAX(addrs) || MIN(addrs))[0m
D (8312) wpa: SAE: val - hexdump(len=32):[0m
D (8322) wpa: fd 57 57 36 8e 3c 67 38 67 51 7b 06 72 d2 0a c2 [0m
D (8322) wpa: 15 06 a4 7a 4f d1 c8 94 80 82 fe c2 50 08 27 0f [0m
D (8332) wpa: SAE: val(reduced to 1..q-1) - hexdump(len=32):[0m
D (8332) wpa: fd 57 57 36 8e 3c 67 38 67 51 7b 06 72 d2 0a c2 [0m
D (8342) wpa: 15 06 a4 7a 4f d1 c8 94 80 82 fe c2 50 08 27 10 [0m
D (8502) wpa: SAE: PWE.x - hexdump(len=32):[0m
D (8502) wpa: d5 06 0e 8d 73 a9 23 d7 5f 4b a4 c1 ad 4d 48 23 [0m
D (8502) wpa: b8 52 ef 6a 16 14 7f 2f 34 46 5c ef cc 8f ff 48 [0m
D (8502) wpa: SAE: PWE.y - hexdump(len=32):[0m
D (8512) wpa: c6 c2 8a b3 39 d2 5a 4f 49 b4 9b c1 c9 ba df 48 [0m
D (8522) wpa: c5 8a 58 bd 46 f0 76 7c 13 04 7a 7e da b1 4f 81 [0m
D (8682) wpa: SAE: own commit-scalar - hexdump(len=32):[0m
D (8682) wpa: 82 33 23 b9 af fc c3 11 f6 1e ce 22 e6 90 37 31 [0m
D (8682) wpa: e3 52 e8 e2 70 da fb 54 61 72 7e 00 9a c2 4d 1e [0m
D (8682) wpa: SAE: own commit-element(x) - hexdump(len=32):[0m
D (8692) wpa: ca 5f f4 df db f6 dc dd c0 78 07 37 a2 de 4c 49 [0m
D (8692) wpa: b7 66 13 3a 42 71 85 f9 cc c7 38 4d d3 9e 8b 31 [0m
D (8702) wpa: SAE: own commit-element(y) - hexdump(len=32):[0m
D (8702) wpa: 01 5d 6a 33 e9 40 43 4d b1 00 da 9a 57 77 65 9d [0m
D (8712) wpa: bb be c5 32 72 78 b6 60 eb 87 58 d8 f9 72 70 5c [0m
D (8722) wifi:start 1s AUTH timer
D (8722) wifi:clear scan ap list
D (8722) wifi:tx data done, now:8746435
D (8732) wifi:3011 : no offchan in progress
D (8732) wifi:woke up
D (8732) wifi:recv auth: seq=1, status=126
D (8742) wpa: SAE: Peer commit-scalar - hexdump(len=32):[0m
D (8742) wpa: da ad 49 35 07 e5 05 0f 87 d6 b7 38 6f 4b 36 a6 [0m
D (8752) wpa: ae e7 1b a1 97 3d ee bd db 63 76 58 04 22 30 d7 [0m
D (8752) wpa: SAE: Peer commit-element(x) - hexdump(len=32):[0m
D (8762) wpa: 24 a9 1c 78 20 cb 2c 97 6b d5 b0 55 91 20 e4 74 [0m
D (8762) wpa: 9f b6 16 70 29 49 07 b0 8d 0a bd 10 b7 57 e0 2d [0m
D (8772) wpa: SAE: Peer commit-element(y) - hexdump(len=32):[0m
D (8782) wpa: 0b 06 79 31 bc a4 92 89 40 c5 3b 1e 73 8c eb 99 [0m
D (8782) wpa: 61 1b 7c df 9f 27 6d 46 33 70 59 c2 9b d1 82 38 [0m
D (8792) wpa: SAE: Possible elements at the end of the frame - hexdump(len=0):[0m
D (8802) wpa: SAE: Possible elements at the end of the frame - hexdump(len=0):[0m
D (8802) wpa: SAE: Possible elements at the end of the frame - hexdump(len=0):[0m
D (8812) wpa: SAE: Possible elements at the end of the frame - hexdump(len=0):[0m
D (9132) wpa: SAE: k - hexdump(len=32):[0m
D (9132) wpa: 59 68 31 60 42 2d 79 b2 b4 34 12 94 5e 26 0b a3 [0m
D (9132) wpa: f3 c3 a7 cd 16 29 52 b4 61 cc 7e 29 98 4c ef a5 [0m
D (9142) wpa: SAE: salt for keyseed derivation - hexdump(len=32):[0m
D (9142) wpa: 00 00 00 00 00 00 00 00 00 00 00 00 00 00 00 00 [0m
D (9152) wpa: 00 00 00 00 00 00 00 00 00 00 00 00 00 00 00 00 [0m
D (9152) wpa: SAE: keyseed - hexdump(len=32):[0m
D (9162) wpa: c6 6d 7c 07 99 04 8d 75 9b 1a 90 3d 90 60 7f 23 [0m
D (9162) wpa: a5 d4 ed d4 e8 25 0c 63 c8 e5 dc d9 ab c0 33 88 [0m
D (9172) wpa: SAE: PMKID - hexdump(len=16):[0m
D (9172) wpa: 5c e0 6c ef b7 e1 c8 20 7d f5 85 5b 55 db 6d d8 [0m
D (9182) wpa: SAE: KCK - hexdump(len=32):[0m
D (9182) wpa: 30 f8 cf bc d6 72 39 f3 28 32 c4 8f 63 78 30 77 [0m
D (9192) wpa: b5 e0 e0 38 90 fb f8 04 2a 59 c8 50 10 e8 ef 27 [0m
D (9202) wpa: SAE: PMK - hexdump(len=32):[0m
D (9202) wpa: 55 9e 6e 57 8b 91 74 73 e6 ad 51 30 45 cc 4e 07 [0m
D (9212) wpa: 22 c8 a8 bc e8 de 7f de c8 d1 6b 31 44 1b 63 43 [0m
D (9222) wifi:tx data done, now:9237525
D (9222) wifi:3011 : no offchan in progress
D (9222) wifi:woke up
D (9222) wifi:recv auth: seq=2, status=0
D (9232) wpa: SAE: peer-send-confirm 65535[0m
D (9232) wpa: ELOOP: pmksa_cache_set_expiration:76 called to remove timer handler=0x4202c328, removed count=0[0m
D (9242) wpa: ELOOP: Added one timer from pmksa_cache_set_expiration:85 to call 0x4202c328, current order=0[0m
D (9252) wpa: RSN: Added PMKSA cache entry for 04:f0:21:8f:78:38 network_ctx=0x0[0m
I (9262) wifi:state: auth -> assoc (0)
D (9262) wifi:tx data done, now:9284564
D (9262) wifi:3011 : no offchan in progress
D (9272) wifi:woke up
D (9272) wifi:recv assoc: type=0x10
I (9272) wifi:Association refused temporarily, comeback time 1000 (TUs)
D (9282) wpa: WPA: Association event - clear replay counter[0m
D (9292) wpa: WPA: Clear old PTK[0m
I (10302) wifi:state: assoc -> assoc (0)
D (10312) wifi:tx data done, now:10328195
D (10312) wifi:3011 : no offchan in progress
D (10312) wifi:woke up
D (10362) wifi:recv assoc: type=0x10
D (10362) wifi:filter: set rx policy=6
I (10362) wifi:state: assoc -> run (10)
D (10362) wifi:start 10s connect timer for 4 way handshake
D (10362) wpa: WPA: Association event - clear replay counter[0m
D (10372) wpa: WPA: Clear old PTK[0m
V (10372) wifi:wpa_psk start
D (10372) wpa: IEEE 802.1X RX: version=2 type=3 length=117[0m
V (10382) wpa: WPA: RX EAPOL-Key - hexdump(len=121):[0m
V (10382) wpa: 02 03 00 75 02 00 88 00 10 00 00 00 00 00 00 00 [0m
V (10392) wpa: 37 03 b6 1b d8 86 6e 19 6a 00 d7 39 41 7f 23 cd [0m
V (10402) wpa: 5d 4d b0 99 8d f5 02 07 ad 8e ef fb 65 e0 0f ea [0m
V (10402) wpa: da 00 00 00 00 00 00 00 00 00 00 00 00 00 00 00 [0m
V (10412) wpa: 00 00 00 00 00 00 00 00 00 00 00 00 00 00 00 00 [0m
V (10412) wpa: 00 00 00 00 00 00 00 00 00 00 00 00 00 00 00 00 [0m
V (10422) wpa: 00 00 16 dd 14 00 0f ac 04 5c e0 6c ef b7 e1 c8 [0m
V (10432) wpa: 20 7d f5 85 5b 55 db 6d d8 [0m
D (10432) wpa:   EAPOL-Key type=2[0m
D (10432) wpa:   key_info 0x88 (ver=0 keyidx=0 rsvd=0 Pairwise Ack)[0m
D (10442) wpa:   key_length=16 key_data_length=22[0m
D (10452) wpa:   replay_counter - hexdump(len=8):[0m
D (10452) wpa: 00 00 00 00 00 00 00 37 [0m
D (10452) wpa:   key_nonce - hexdump(len=32):[0m
D (10462) wpa: 03 b6 1b d8 86 6e 19 6a 00 d7 39 41 7f 23 cd 5d [0m
D (10462) wpa: 4d b0 99 8d f5 02 07 ad 8e ef fb 65 e0 0f ea da [0m
D (10472) wpa:   key_iv - hexdump(len=16):[0m
D (10472) wpa: 00 00 00 00 00 00 00 00 00 00 00 00 00 00 00 00 [0m
D (10482) wpa:   key_rsc - hexdump(len=8):[0m
D (10482) wpa: 00 00 00 00 00 00 00 00 [0m
D (10492) wpa:   key_id (reserved) - hexdump(len=8):[0m
D (10492) wpa: 00 00 00 00 00 00 00 00 [0m
D (10502) wpa:   key_mic - hexdump(len=16):[0m
D (10502) wpa: 00 00 00 00 00 00 00 00 00 00 00 00 00 00 00 00 [0m
D (10512) wpa: WPA 1/4-Way Handshake[0m
D (10512) wpa: RSN: msg 1/4 key data - hexdump(len=22):[0m
D (10522) wpa: dd 14 00 0f ac 04 5c e0 6c ef b7 e1 c8 20 7d f5 [0m
D (10522) wpa: 85 5b 55 db 6d d8 [0m
D (10532) wpa: WPA: PMKID in EAPOL-Key - hexdump(len=22):[0m
D (10532) wpa: dd 14 00 0f ac 04 5c e0 6c ef b7 e1 c8 20 7d f5 [0m
D (10542) wpa: 85 5b 55 db 6d d8 [0m
D (10542) wpa: RSN: PMKID from Authenticator - hexdump(len=16):[0m
D (10552) wpa: 5c e0 6c ef b7 e1 c8 20 7d f5 85 5b 55 db 6d d8 [0m
D (10552) wpa: RSN: found matching PMKID from PMKSA cache[0m
D (10562) wpa: RSN: matched PMKID - hexdump(len=16):[0m
D (10562) wpa: 5c e0 6c ef b7 e1 c8 20 7d f5 85 5b 55 db 6d d8 [0m
D (10572) wpa: RSN: PMK from PMKSA cache - hexdump(len=32):[0m
D (10582) wpa: 55 9e 6e 57 8b 91 74 73 e6 ad 51 30 45 cc 4e 07 [0m
D (10582) wpa: 22 c8 a8 bc e8 de 7f de c8 d1 6b 31 44 1b 63 43 [0m
D (10592) wpa: WPA: Renewed SNonce - hexdump(len=32):[0m
D (10592) wpa: 2b ca 84 ca 4c 66 3e ad 84 87 0e d7 19 1b 37 0b [0m
D (10602) wpa: fe ad 9a 86 41 f1 80 ed 2c b8 76 9d a4 fe d2 37 [0m
D (10602) wpa: WPA: PTK derivation - A1=84:fc:e6:7b:73:b8 A2=04:f0:21:8f:78:38
[0m
V (10612) wpa: WPA: PMK - hexdump(len=32):[0m
V (10622) wpa: 55 9e 6e 57 8b 91 74 73 e6 ad 51 30 45 cc 4e 07 [0m
V (10622) wpa: 22 c8 a8 bc e8 de 7f de c8 d1 6b 31 44 1b 63 43 [0m
D (10632) wpa: WPA: PTK - hexdump(len=48):[0m
D (10632) wpa: 85 f5 77 52 59 cd e1 11 ea 22 95 f4 e1 d7 ed 5d [0m
D (10642) wpa: c1 4d 15 a5 06 63 40 22 11 42 71 bc 0e 4d 2c c0 [0m
D (10642) wpa: 49 c3 b5 62 af f5 61 85 48 e8 85 54 94 7f 90 e5 [0m
D (10652) wpa: WPA: KCK - hexdump(len=16):[0m
D (10652) wpa: 85 f5 77 52 59 cd e1 11 ea 22 95 f4 e1 d7 ed 5d [0m
D (10662) wpa: WPA: KEK - hexdump(len=16):[0m
D (10662) wpa: c1 4d 15 a5 06 63 40 22 11 42 71 bc 0e 4d 2c c0 [0m
D (10672) wpa: WPA: TK - hexdump(len=16):[0m
D (10672) wpa: 49 c3 b5 62 af f5 61 85 48 e8 85 54 94 7f 90 e5 [0m
V (10682) wpa: WPA: WPA IE for msg 2/4
 - hexdump(len=31):[0m
V (10692) wpa: 30 1a 01 00 00 0f ac 04 01 00 00 0f ac 04 01 00 [0m
V (10692) wpa: 00 0f ac 08 c0 04 00 00 00 0f ac 06 f4 01 20 [0m
D (10702) wpa: WPA Send EAPOL-Key 2/4[0m
D (10702) wpa: WPA: KCK - hexdump(len=16):[0m
D (10712) wpa: 85 f5 77 52 59 cd e1 11 ea 22 95 f4 e1 d7 ed 5d [0m
D (10712) wpa: WPA: Derived Key MIC - hexdump(len=16):[0m
D (10722) wpa: f9 ff da 02 81 ca a4 c6 cc 7d d1 3b d7 bf 99 49 [0m
V (10722) wpa: WPA: TX EAPOL-Key - hexdump(len=130):[0m
V (10732) wpa: 01 03 00 7e 02 01 08 00 00 00 00 00 00 00 00 00 [0m
V (10732) wpa: 37 2b ca 84 ca 4c 66 3e ad 84 87 0e d7 19 1b 37 [0m
V (10742) wpa: 0b fe ad 9a 86 41 f1 80 ed 2c b8 76 9d a4 fe d2 [0m
V (10752) wpa: 37 00 00 00 00 00 00 00 00 00 00 00 00 00 00 00 [0m
V (10752) wpa: 00 00 00 00 00 00 00 00 00 00 00 00 00 00 00 00 [0m
V (10762) wpa: 00 f9 ff da 02 81 ca a4 c6 cc 7d d1 3b d7 bf 99 [0m
V (10762) wpa: 49 00 1f 30 1a 01 00 00 0f ac 04 01 00 00 0f ac [0m
V (10772) wpa: 04 01 00 00 0f ac 08 c0 04 00 00 00 0f ac 06 f4 [0m
V (10782) wpa: 01 20 [0m
V (10782) wifi:wpa_psk handle succeed
D (10782) wifi:tx data done, now:10803435
D (10792) wifi:woke up
D (10792) wpa: 2/4 txcb, flags=0, txfail 0[0m
D (10792) wifi:tx data done, now:10813245
D (10802) wifi:3011 : no offchan in progress
D (10802) wifi:woke up
V (10802) wifi:wpa_psk start
D (10802) wpa: IEEE 802.1X RX: version=2 type=3 length=191[0m
V (10812) wpa: WPA: RX EAPOL-Key - hexdump(len=195):[0m
V (10812) wpa: 02 03 00 bf 02 13 c8 00 10 00 00 00 00 00 00 00 [0m
V (10822) wpa: 38 03 b6 1b d8 86 6e 19 6a 00 d7 39 41 7f 23 cd [0m
V (10832) wpa: 5d 4d b0 99 8d f5 02 07 ad 8e ef fb 65 e0 0f ea [0m
V (10832) wpa: da 00 00 00 00 00 00 00 00 00 00 00 00 00 00 00 [0m
V (10842) wpa: 00 00 00 00 00 00 00 00 00 00 00 00 00 00 00 00 [0m
V (10842) wpa: 00 a6 be 07 f6 74 e5 4e 44 82 da 0c ab 1f 5c 58 [0m
V (10852) wpa: c9 00 60 2d aa e7 55 6d 4c e3 18 f3 3b 13 93 7b [0m
V (10862) wpa: 2e a4 c7 2f df c4 78 0c 65 78 05 d4 20 80 8c ff [0m
V (10862) wpa: 00 33 fe b3 02 e0 7c 11 6a 03 96 e3 dc 1a e5 34 [0m
V (10872) wpa: e1 f4 52 63 48 84 9a 37 b5 b3 01 a4 da fb 08 cb [0m
V (10872) wpa: 9b 84 a5 24 9f da b5 34 82 ba 61 fd 21 b1 50 54 [0m
V (10882) wpa: 09 96 10 42 3e ba c3 5d fe aa 38 b3 6d 05 8e bf [0m
V (10892) wpa: 3b f4 ed [0m
D (10892) wpa:   EAPOL-Key type=2[0m
D (10892) wpa:   key_info 0x13c8 (ver=0 keyidx=0 rsvd=0 Pairwise Install Ack MIC Secure Encr)[0m
D (10902) wpa:   key_length=16 key_data_length=96[0m
D (10912) wpa:   replay_counter - hexdump(len=8):[0m
D (10912) wpa: 00 00 00 00 00 00 00 38 [0m
D (10912) wpa:   key_nonce - hexdump(len=32):[0m
D (10922) wpa: 03 b6 1b d8 86 6e 19 6a 00 d7 39 41 7f 23 cd 5d [0m
D (10922) wpa: 4d b0 99 8d f5 02 07 ad 8e ef fb 65 e0 0f ea da [0m
D (10932) wpa:   key_iv - hexdump(len=16):[0m
D (10932) wpa: 00 00 00 00 00 00 00 00 00 00 00 00 00 00 00 00 [0m
D (10942) wpa:   key_rsc - hexdump(len=8):[0m
D (10942) wpa: 00 00 00 00 00 00 00 00 [0m
D (10952) wpa:   key_id (reserved) - hexdump(len=8):[0m
D (10952) wpa: 00 00 00 00 00 00 00 00 [0m
D (10962) wpa:   key_mic - hexdump(len=16):[0m
D (10962) wpa: a6 be 07 f6 74 e5 4e 44 82 da 0c ab 1f 5c 58 c9 [0m
D (10972) wpa: RSN: encrypted key data - hexdump(len=96):[0m
D (10972) wpa: 2d aa e7 55 6d 4c e3 18 f3 3b 13 93 7b 2e a4 c7 [0m
D (10982) wpa: 2f df c4 78 0c 65 78 05 d4 20 80 8c ff 00 33 fe [0m
D (10992) wpa: b3 02 e0 7c 11 6a 03 96 e3 dc 1a e5 34 e1 f4 52 [0m
D (10992) wpa: 63 48 84 9a 37 b5 b3 01 a4 da fb 08 cb 9b 84 a5 [0m
D (11002) wpa: 24 9f da b5 34 82 ba 61 fd 21 b1 50 54 09 96 10 [0m
D (11002) wpa: 42 3e ba c3 5d fe aa 38 b3 6d 05 8e bf 3b f4 ed [0m
D (11012) wpa: WPA: decrypted EAPOL-Key key data - hexdump(len=88):[0m
D (11022) wpa: 30 1c 01 00 00 0f ac 04 01 00 00 0f ac 04 03 00 [0m
D (11022) wpa: 00 0f ac 02 00 0f ac 06 00 0f ac 08 8c 00 f4 01 [0m
D (11032) wpa: 20 dd 16 00 0f ac 01 01 00 f7 7d 3d 8c 54 39 98 [0m
D (11032) wpa: a8 fd 27 b6 32 3e 14 09 0b dd 1c 00 0f ac 09 04 [0m
D (11042) wpa: 00 00 00 00 00 00 00 e2 47 7f 2e 25 ba 9b 00 56 [0m
D (11052) wpa: 10 63 1d a1 29 5e bb dd [0m
D (11052) wpa: WPA 3/4-Way Handshake[0m
D (11052) wpa: WPA: RSN IE in EAPOL-Key - hexdump(len=30):[0m
D (11062) wpa: 30 1c 01 00 00 0f ac 04 01 00 00 0f ac 04 03 00 [0m
D (11062) wpa: 00 0f ac 02 00 0f ac 06 00 0f ac 08 8c 00 [0m
D (11072) wpa: WPA: RSNXE in EAPOL-Key - hexdump(len=3):[0m
D (11082) wpa: f4 01 20 [0m
D (11082) wpa: WPA: GTK in EAPOL-Key - hexdump(len=24):[0m
D (11082) wpa: dd 16 00 0f ac 01 01 00 f7 7d 3d 8c 54 39 98 a8 [0m
D (11092) wpa: fd 27 b6 32 3e 14 09 0b [0m
D (11092) wpa: WPA: IGTK in EAPOL-Key - hexdump(len=30):[0m
D (11102) wpa: dd 1c 00 0f ac 09 04 00 00 00 00 00 00 00 e2 47 [0m
D (11102) wpa: 7f 2e 25 ba 9b 00 56 10 63 1d a1 29 5e bb [0m
D (11112) wpa: WPA: IE KeyData - hexdump(len=88):[0m
D (11122) wpa: 30 1c 01 00 00 0f ac 04 01 00 00 0f ac 04 03 00 [0m
D (11122) wpa: 00 0f ac 02 00 0f ac 06 00 0f ac 08 8c 00 f4 01 [0m
D (11132) wpa: 20 dd 16 00 0f ac 01 01 00 f7 7d 3d 8c 54 39 98 [0m
D (11132) wpa: a8 fd 27 b6 32 3e 14 09 0b dd 1c 00 0f ac 09 04 [0m
D (11142) wpa: 00 00 00 00 00 00 00 e2 47 7f 2e 25 ba 9b 00 56 [0m
D (11152) wpa: 10 63 1d a1 29 5e bb dd [0m
D (11152) wpa: WPA: RSC - hexdump(len=8):[0m
D (11152) wpa: 00 00 00 00 00 00 00 00 [0m
D (11162) wpa: RSN: received GTK in pairwise handshake - hexdump(len=18):[0m
D (11162) wpa: 01 00 f7 7d 3d 8c 54 39 98 a8 fd 27 b6 32 3e 14 [0m
D (11172) wpa: 09 0b [0m
D (11172) wpa: WPA: IGTK keyid 4 pn 000000000000[0m
D (11182) wpa: WPA: IGTK - hexdump(len=16):[0m
D (11182) wpa: e2 47 7f 2e 25 ba 9b 00 56 10 63 1d a1 29 5e bb [0m
D (11192) wpa: tx 4/4 txcb_flags=8192[0m
D (11192) wpa: WPA Send EAPOL-Key 4/4[0m
D (11202) wpa: WPA: KCK - hexdump(len=16):[0m
D (11202) wpa: 85 f5 77 52 59 cd e1 11 ea 22 95 f4 e1 d7 ed 5d [0m
D (11202) wpa: WPA: Derived Key MIC - hexdump(len=16):[0m
D (11212) wpa: b1 87 43 d4 a7 5c 59 11 58 27 10 67 f3 d8 2b dc [0m
V (11222) wpa: WPA: TX EAPOL-Key - hexdump(len=99):[0m
V (11222) wpa: 01 03 00 5f 02 03 08 00 00 00 00 00 00 00 00 00 [0m
V (11232) wpa: 38 00 00 00 00 00 00 00 00 00 00 00 00 00 00 00 [0m
V (11232) wpa: 00 00 00 00 00 00 00 00 00 00 00 00 00 00 00 00 [0m
V (11242) wpa: 00 00 00 00 00 00 00 00 00 00 00 00 00 00 00 00 [0m
V (11242) wpa: 00 00 00 00 00 00 00 00 00 00 00 00 00 00 00 00 [0m
V (11252) wpa: 00 b1 87 43 d4 a7 5c 59 11 58 27 10 67 f3 d8 2b [0m
V (11262) wpa: dc 00 00 [0m
V (11262) wifi:wpa_psk handle succeed
V (11262) wifi:wpa_psk start
D (11272) wpa: IEEE 802.1X RX: version=2 type=3 length=191[0m
V (11272) wpa: WPA: RX EAPOL-Key - hexdump(len=195):[0m
V (11282) wpa: 02 03 00 bf 02 13 c8 00 10 00 00 00 00 00 00 00 [0m
V (11282) wpa: 39 03 b6 1b d8 86 6e 19 6a 00 d7 39 41 7f 23 cd [0m
V (11292) wpa: 5d 4d b0 99 8d f5 02 07 ad 8e ef fb 65 e0 0f ea [0m
V (11292) wpa: da 00 00 00 00 00 00 00 00 00 00 00 00 00 00 00 [0m
V (11302) wpa: 00 00 00 00 00 00 00 00 00 00 00 00 00 00 00 00 [0m
V (11312) wpa: 00 dc fd f0 52 af 83 07 ca 33 a5 ba 80 25 eb 22 [0m
V (11312) wpa: 0f 00 60 2d aa e7 55 6d 4c e3 18 f3 3b 13 93 7b [0m
V (11322) wpa: 2e a4 c7 2f df c4 78 0c 65 78 05 d4 20 80 8c ff [0m
V (11322) wpa: 00 33 fe b3 02 e0 7c 11 6a 03 96 e3 dc 1a e5 34 [0m
V (11332) wpa: e1 f4 52 63 48 84 9a 37 b5 b3 01 a4 da fb 08 cb [0m
V (11342) wpa: 9b 84 a5 24 9f da b5 34 82 ba 61 fd 21 b1 50 54 [0m
V (11342) wpa: 09 96 10 42 3e ba c3 5d fe aa 38 b3 6d 05 8e bf [0m
V (11352) wpa: 3b f4 ed [0m
D (11352) wpa:   EAPOL-Key type=2[0m
D (11352) wpa:   key_info 0x13c8 (ver=0 keyidx=0 rsvd=0 Pairwise Install Ack MIC Secure Encr)[0m
D (11362) wpa:   key_length=16 key_data_length=96[0m
D (11372) wpa:   replay_counter - hexdump(len=8):[0m
D (11372) wpa: 00 00 00 00 00 00 00 39 [0m
D (11382) wpa:   key_nonce - hexdump(len=32):[0m
D (11382) wpa: 03 b6 1b d8 86 6e 19 6a 00 d7 39 41 7f 23 cd 5d [0m
D (11392) wpa: 4d b0 99 8d f5 02 07 ad 8e ef fb 65 e0 0f ea da [0m
D (11392) wpa:   key_iv - hexdump(len=16):[0m
D (11402) wpa: 00 00 00 00 00 00 00 00 00 00 00 00 00 00 00 00 [0m
D (11402) wpa:   key_rsc - hexdump(len=8):[0m
D (11412) wpa: 00 00 00 00 00 00 00 00 [0m
D (11412) wpa:   key_id (reserved) - hexdump(len=8):[0m
D (11422) wpa: 00 00 00 00 00 00 00 00 [0m
D (11422) wpa:   key_mic - hexdump(len=16):[0m
D (11422) wpa: dc fd f0 52 af 83 07 ca 33 a5 ba 80 25 eb 22 0f [0m
D (11432) wpa: RSN: encrypted key data - hexdump(len=96):[0m
D (11442) wpa: 2d aa e7 55 6d 4c e3 18 f3 3b 13 93 7b 2e a4 c7 [0m
D (11442) wpa: 2f df c4 78 0c 65 78 05 d4 20 80 8c ff 00 33 fe [0m
D (11452) wpa: b3 02 e0 7c 11 6a 03 96 e3 dc 1a e5 34 e1 f4 52 [0m
D (11452) wpa: 63 48 84 9a 37 b5 b3 01 a4 da fb 08 cb 9b 84 a5 [0m
D (11462) wpa: 24 9f da b5 34 82 ba 61 fd 21 b1 50 54 09 96 10 [0m
D (11472) wpa: 42 3e ba c3 5d fe aa 38 b3 6d 05 8e bf 3b f4 ed [0m
D (11472) wpa: WPA: decrypted EAPOL-Key key data - hexdump(len=88):[0m
D (11482) wpa: 30 1c 01 00 00 0f ac 04 01 00 00 0f ac 04 03 00 [0m
D (11482) wpa: 00 0f ac 02 00 0f ac 06 00 0f ac 08 8c 00 f4 01 [0m
D (11492) wpa: 20 dd 16 00 0f ac 01 01 00 f7 7d 3d 8c 54 39 98 [0m
D (11502) wpa: a8 fd 27 b6 32 3e 14 09 0b dd 1c 00 0f ac 09 04 [0m
D (11502) wpa: 00 00 00 00 00 00 00 e2 47 7f 2e 25 ba 9b 00 56 [0m
D (11512) wpa: 10 63 1d a1 29 5e bb dd [0m
D (11512) wpa: WPA 3/4-Way Handshake[0m
D (11512) wpa: WPA: RSN IE in EAPOL-Key - hexdump(len=30):[0m
D (11522) wpa: 30 1c 01 00 00 0f ac 04 01 00 00 0f ac 04 03 00 [0m
D (11532) wpa: 00 0f ac 02 00 0f ac 06 00 0f ac 08 8c 00 [0m
D (11532) wpa: WPA: RSNXE in EAPOL-Key - hexdump(len=3):[0m
D (11542) wpa: f4 01 20 [0m
D (11542) wpa: WPA: GTK in EAPOL-Key - hexdump(len=24):[0m
D (11552) wpa: dd 16 00 0f ac 01 01 00 f7 7d 3d 8c 54 39 98 a8 [0m
D (11552) wpa: fd 27 b6 32 3e 14 09 0b [0m
D (11562) wpa: WPA: IGTK in EAPOL-Key - hexdump(len=30):[0m
D (11562) wpa: dd 1c 00 0f ac 09 04 00 00 00 00 00 00 00 e2 47 [0m
D (11572) wpa: 7f 2e 25 ba 9b 00 56 10 63 1d a1 29 5e bb [0m
D (11572) wpa: WPA: IE KeyData - hexdump(len=88):[0m
D (11582) wpa: 30 1c 01 00 00 0f ac 04 01 00 00 0f ac 04 03 00 [0m
D (11582) wpa: 00 0f ac 02 00 0f ac 06 00 0f ac 08 8c 00 f4 01 [0m
D (11592) wpa: 20 dd 16 00 0f ac 01 01 00 f7 7d 3d 8c 54 39 98 [0m
D (11592) wpa: a8 fd 27 b6 32 3e 14 09 0b dd 1c 00 0f ac 09 04 [0m
D (11602) wpa: 00 00 00 00 00 00 00 e2 47 7f 2e 25 ba 9b 00 56 [0m
D (11612) wpa: 10 63 1d a1 29 5e bb dd [0m
D (11612) wpa: WPA: RSC - hexdump(len=8):[0m
D (11612) wpa: 00 00 00 00 00 00 00 00 [0m
D (11622) wpa: RSN: received GTK in pairwise handshake - hexdump(len=18):[0m
D (11632) wpa: 01 00 f7 7d 3d 8c 54 39 98 a8 fd 27 b6 32 3e 14 [0m
D (11632) wpa: 09 0b [0m
D (11632) wpa: WPA: Not reinstalling already in-use IGTK to the driver (keyidx=4)[0m
D (11642) wpa: tx 4/4 txcb_flags=8192[0m
D (11642) wpa: WPA Send EAPOL-Key 4/4[0m
D (11652) wpa: WPA: KCK - hexdump(len=16):[0m
D (11652) wpa: 85 f5 77 52 59 cd e1 11 ea 22 95 f4 e1 d7 ed 5d [0m
D (11662) wpa: WPA: Derived Key MIC - hexdump(len=16):[0m
D (11662) wpa: d9 e4 d1 3d f4 cf e8 cc 23 49 cf 84 a5 66 a5 b2 [0m
V (11672) wpa: WPA: TX EAPOL-Key - hexdump(len=99):[0m
V (11682) wpa: 01 03 00 5f 02 03 08 00 00 00 00 00 00 00 00 00 [0m
V (11682) wpa: 39 00 00 00 00 00 00 00 00 00 00 00 00 00 00 00 [0m
V (11692) wpa: 00 00 00 00 00 00 00 00 00 00 00 00 00 00 00 00 [0m
V (11692) wpa: 00 00 00 00 00 00 00 00 00 00 00 00 00 00 00 00 [0m
V (11702) wpa: 00 00 00 00 00 00 00 00 00 00 00 00 00 00 00 00 [0m
V (11712) wpa: 00 d9 e4 d1 3d f4 cf e8 cc 23 49 cf 84 a5 66 a5 [0m
V (11712) wpa: b2 00 00 [0m
V (11712) wifi:wpa_psk handle succeed
D (11722) wpa: WPA: Installing PTK to the driver.[0m
D (11722) wpa: WPA: Group Key - hexdump(len=16):[0m
D (11732) wpa: f7 7d 3d 8c 54 39 98 a8 fd 27 b6 32 3e 14 09 0b [0m
D (11732) wpa: WPA: Judge GTK: (keyidx=1 len=16).[0m
D (11742) wpa: WPA: Installing GTK to the driver (keyidx=1 tx=0 len=16).[0m
D (11742) wpa: WPA: RSC - hexdump(len=6):[0m
D (11752) wpa: 00 00 00 00 00 00 [0m
D (11752) wpa: WPA: Key negotiation completed with 04:f0:21:8f:78:38 [PTK=CCMP GTK=CCMP]
[0m#############
I (11762) wifi:connected with #############, aid = 3, channel 6, BW20, bssid = 04:f0:21:8f:78:38
I (11772) wifi:security: WPA3-SAE, phy: bgn, rssi: -27
D (11772) wifi:remove all except 04:f0:21:8f:78:38 from rc list
D (11782) wifi:clear blacklist
D (11782) nvs: nvs_set sta.chan 1 6[0m
D (11792) nvs: nvs_set_blob sta.apinfo 700[0m
D (11792) wifi:filter: set rx policy=7
I (11792) wifi:pm start, type: 1

I (11802) wifi:dp: 1, bi: 102400, li: 3, scale listen interval from 307200 us to 307200 us
I (11802) wifi:set rx beacon pti, rx_bcn_pti: 0, bcn_timeout: 25000, mt_pti: 0, mt_time: 10000
D (11812) wifi:Send sta connected event
D (11822) wifi:connect status 1 -> 5
D (11822) wifi:obss scan is disabled
D (11822) wifi:start obss scan: obss scan is stopped
D (11832) wifi:tx data done, now:11849142
I (11832) wifi:dp: 2, bi: 102400, li: 4, scale listen interval from 307200 us to 409600 us
I (11842) wifi:AP's beacon interval = 102400 us, DTIM period = 2
D (11852) wifi:tx data done, now:11866961
D (11852) event: running post WIFI_EVENT:4 with handler 0x4202cd14 and context 0x3fca7e90 on loop 0x3fca6d0c[0m
V (11862) esp_adapter: thread sem get: sem=0x3fcb27f0[0m
D (11862) esp_netif_handlers: esp_netif action connected with netif0x3fca7c34 from event_id=4[0m
D (11872) esp_netif_lwip: check: remote, if=0x3fca7c34 fn=0x42013ad8[0m
D (11882) esp_netif_lwip: esp_netif_up_api esp_netif:0x3fca7c34[0m
D (11882) esp_netif_lwip: check: local, if=0x3fca7c34 fn=0x42013ea4[0m
D (11892) esp_netif_lwip: esp_netif_update_default_netif_lwip 0x3fca7c34[0m
V (11902) esp_netif_lwip: esp_netif_is_netif_up esp_netif:0x3fca7c34[0m
D (11902) wifi:D (11902) esp_netif_lwip: call api in lwip: ret=0x0, give sem[0m
tx data done, now:11920658
D (11912) esp_netif_lwip: check: remote, if=0x3fca7c34 fn=0x42013994[0m
D (11922) esp_netif_lwip: esp_netif_dhcpc_start_api esp_netif:0x3fca7c34[0m
D (11932) esp_netif_lwip: esp_netif_start_ip_lost_timer esp_netif:0x3fca7c34[0m
D (11932) esp_netif_lwip: if0x3fca7c34 start ip lost tmr: interval=120[0m
D (11942) esp_netif_lwip: starting dhcp client[0m
D (11952) wifi:D (11952) esp_netif_lwip: call api in lwip: ret=0x0, give sem[0m
eb is dhcp or dns sport = 68, dport = 67
D (11962) event: running post WIFI_EVENT:4 with handler 0x4200a710 and context 0x3fca7f98 on loop 0x3fca6d0c[0m
D (11962) wifi:tx data done, now:11978585
I (11972) wifi:<ba-add>idx:0 (ifx:0, 04:f0:21:8f:78:38), tid:7, ssn:0, winSize:64
D (11982) wifi:tx_mgmt cb : 1636 status 1 
D (11982) wifi:tx data done, now:12001900
V (11982) wifi:sta recv dup seq=0 tid=7, discard
V (11992) wifi:sta recv dup seq=0 tid=7, discard
V (11992) wifi:sta recv dup seq=0 tid=7, discard
V (12002) wifi:sta recv dup seq=0 tid=7, discard
V (12002) wifi:sta recv dup seq=0 tid=7, discard
V (12012) wifi:sta recv dup seq=0 tid=7, discard
V (12012) wifi:sta recv dup seq=0 tid=7, discard
V (12012) wifi:sta recv dup seq=0 tid=7, discard
D (12022) wifi:eb is dhcp or dns sport = 68, dport = 67
V (12022) wifi:sta recv dup seq=0 tid=7, discard
D (12032) wifi:tx data done, now:12050502
D (12032) wifi:tx data done, now:12054762
D (12092) wifi:tx data done, now:12107675
D (12452) wifi:tx data done, now:12468110
D (12502) wifi:tx data done, now:12519235
D (12952) esp_netif_lwip: esp_netif_internal_dhcpc_cb lwip-netif:0x3fca7cb8[0m
D (12952) wifi:tx data done, now:12967966
D (12952) esp_netif_lwip: if0x3fca7c34 ip changed=1[0m
D (12952) event: running post IP_EVENT:0 with handler 0x4202cb40 and context 0x3fca7f64 on loop 0x3fca6d0c[0m
D (12962) wifi_init_default: Got IP wifi default handler entered[0m
D (12972) esp_netif_handlers: esp_netif action got_ip with netif0x3fca7c34 from event_id=0[0m
[0;32mI (12982) esp_netif_handlers: sta ip: 192.168.1.204, mask: 255.255.255.0, gw: 192.168.1.1[0m
D (12982) event: running post IP_EVENT:0 with handler 0x4200a710 and context 0x3fca7fb8 on loop 0x3fca6d0c[0m
[0;32mI (12992) wifi dpp-enrollee: got ip:192.168.1.204[0m
D (12972) wifi:tx data done, now:12992755#############
[0;32mI (13002) wifi dpp-enrollee: connected to ap SSID:############# password:#############[0m
D (13012) wpa: ELOOP: esp_dpp_task:410 called to remove timer handler=0x4201551c, removed count=0[0m
[0;32mI (13022) main_task: Returned from app_main()[0m
D (13052) wifi:tx data done, now:13075296
D (13972) wifi:tx data done, now:13988533
D (14022) wifi:tx data done, now:14039748
D (14972) wifi:tx data done, now:14987900
D (15022) wifi:tx data done, now:15039110
D (15972) wifi:tx data done, now:15987908
D (16022) wifi:tx data done, now:16039226
D (17262) wifi:tx data done, now:17280493
I (17262) wifi:<ba-add>idx:1 (ifx:0, 04:f0:21:8f:78:38), tid:0, ssn:0, winSize:64
D (17262) wifi:tx_mgmt cb : 1636 status 1 
D (17262) wifi:tx data done, now:17284630
V (17272) wifi:sta recv dup seq=0 tid=0, discard
D (17272) wifi:tx data done, now:17293257
D (17332) wifi:tx data done, now:17346972
