Executing action: monitor
Serial port /dev/ttyUSB0
Connecting....
Detecting chip type... ESP32-S3
Running idf_monitor in directory /home/corfu/mpc/corfu/dpp_test_auth_retries
Executing "/home/corfu/.espressif/python_env/idf5.2_py3.10_env/bin/python /home/corfu/esp/esp-idf/tools/idf_monitor.py -p /dev/ttyUSB0 -b 115200 --toolchain-prefix xtensa-esp32-elf- --target esp32 --revision 0 /home/corfu/mpc/corfu/dpp_test_auth_retries/build/dpp-enrollee.elf -m '/home/corfu/.espressif/python_env/idf5.2_py3.10_env/bin/python' '/home/corfu/esp/esp-idf/tools/idf.py'"...
ESP-ROM:esp32s3-20210327
Build:Mar 27 2021
rst:0x1 (POWERON),boot:0x8 (SPI_FAST_FLASH_BOOT)
SPIWP:0xee
mode:DIO, clock div:1
load:0x3fce3810,len:0x178c
load:0x403c9700,len:0x4
load:0x403c9704,len:0xcbc
load:0x403cc700,len:0x2da0
entry 0x403c9914
[0;32mI (25) boot: ESP-IDF v5.2.1-1-g25b86f7c6a-dirty 2nd stage bootloader[0m
[0;32mI (25) boot: compile time Sep 13 2024 16:06:08[0m
[0;32mI (26) boot: Multicore bootloader[0m
[0;32mI (30) boot: chip revision: v0.2[0m
[0;32mI (33) boot.esp32s3: Boot SPI Speed : 80MHz[0m
[0;32mI (38) boot.esp32s3: SPI Mode       : DIO[0m
[0;32mI (43) boot.esp32s3: SPI Flash Size : 2MB[0m
[0;32mI (48) boot: Enabling RNG early entropy source...[0m
[0;32mI (53) boot: Partition Table:[0m
[0;32mI (57) boot: ## Label            Usage          Type ST Offset   Length[0m
[0;32mI (64) boot:  0 nvs              WiFi data        01 02 00009000 00006000[0m
[0;32mI (71) boot:  1 phy_init         RF data          01 01 0000f000 00001000[0m
[0;32mI (79) boot:  2 factory          factory app      00 00 00010000 00100000[0m
[0;32mI (86) boot: End of partition table[0m
[0;32mI (91) esp_image: segment 0: paddr=00010020 vaddr=3c0a0020 size=33ae0h (211680) map[0m
[0;32mI (137) esp_image: segment 1: paddr=00043b08 vaddr=3fc97f00 size=04830h ( 18480) load[0m
[0;32mI (141) esp_image: segment 2: paddr=00048340 vaddr=40374000 size=07cd8h ( 31960) load[0m
[0;32mI (150) esp_image: segment 3: paddr=00050020 vaddr=42000020 size=98cf0h (625904) map[0m
[0;32mI (264) esp_image: segment 4: paddr=000e8d18 vaddr=4037bcd8 size=0c1e4h ( 49636) load[0m
[0;32mI (283) boot: Loaded app from partition at offset 0x10000[0m
[0;32mI (283) boot: Disabling RNG early entropy source...[0m
[0;32mI (294) cpu_start: Multicore app[0m
V (295) mmap: after coalescing, 1 regions are left[0m
D (295) cpu_start: Pro cpu up[0m
D (295) cpu_start: Starting app cpu, entry point is 0x4037532c[0m
D (0) cpu_start: App cpu up[0m
V CACHE_ERR: illegal error intr clr & ena mask is: 0x3f
V CACHE_ERR: core 1 access error intr clr & ena mask is: 0x1f
D (310) clk: RTC_SLOW_CLK calibration value: 4309504[0m
V CACHE_ERR: illegal error intr clr & ena mask is: 0x3f
V CACHE_ERR: core 0 access error intr clr & ena mask is: 0x1f
[0;32mI (331) cpu_start: Pro cpu start user code[0m
[0;32mI (335) cpu_start: cpu freq: 160000000 Hz[0m
[0;32mI (339) cpu_start: Application information:[0m
[0;32mI (344) cpu_start: Project name:     dpp-enrollee[0m
[0;32mI (349) cpu_start: App version:      v5.2.1-1-g25b86f7c6a-dirty[0m
[0;32mI (356) cpu_start: Compile time:     Sep 13 2024 16:06:24[0m
[0;32mI (362) cpu_start: ELF file SHA256:  178900882...[0m
[0;32mI (368) cpu_start: ESP-IDF:          v5.2.1-1-g25b86f7c6a-dirty[0m
[0;32mI (374) cpu_start: Min chip rev:     v0.0[0m
[0;32mI (379) cpu_start: Max chip rev:     v0.99 [0m
[0;32mI (384) cpu_start: Chip rev:         v0.2[0m
V (388) memory_layout: reserved range is 0x3c0d3ac0 - 0x3c0d3ae8[0m
D (394) memory_layout: Checking 6 reserved memory ranges:[0m
D (400) memory_layout: Reserved memory range 0x3fc84000 - 0x3fc97f00[0m
D (406) memory_layout: Reserved memory range 0x3fc97f00 - 0x3fca0388[0m
D (413) memory_layout: Reserved memory range 0x3fceee34 - 0x3fcf0000[0m
D (419) memory_layout: Reserved memory range 0x40374000 - 0x40387f00[0m
D (426) memory_layout: Reserved memory range 0x600fe000 - 0x600fe010[0m
D (432) memory_layout: Reserved memory range 0x600fffe8 - 0x60100000[0m
D (438) memory_layout: Building list of available memory regions:[0m
V (445) memory_layout: Examining memory region 0x3fc88000 - 0x3fc90000[0m
V (451) memory_layout: Region 0x3fc88000 - 0x3fc90000 inside of reserved 0x3fc84000 - 0x3fc97f00[0m
V (460) memory_layout: Examining memory region 0x3fc90000 - 0x3fca0000[0m
V (467) memory_layout: Start of region 0x3fc90000 - 0x3fca0000 overlaps reserved 0x3fc84000 - 0x3fc97f00[0m
V (476) memory_layout: Region 0x3fc97f00 - 0x3fca0000 inside of reserved 0x3fc97f00 - 0x3fca0388[0m
V (485) memory_layout: Examining memory region 0x3fca0000 - 0x3fcb0000[0m
V (492) memory_layout: Start of region 0x3fca0000 - 0x3fcb0000 overlaps reserved 0x3fc97f00 - 0x3fca0388[0m
D (501) memory_layout: Available memory region 0x3fca0388 - 0x3fcb0000[0m
V (508) memory_layout: Examining memory region 0x3fcb0000 - 0x3fcc0000[0m
D (514) memory_layout: Available memory region 0x3fcb0000 - 0x3fcc0000[0m
V (521) memory_layout: Examining memory region 0x3fcc0000 - 0x3fcd0000[0m
D (528) memory_layout: Available memory region 0x3fcc0000 - 0x3fcd0000[0m
V (534) memory_layout: Examining memory region 0x3fcd0000 - 0x3fce0000[0m
D (541) memory_layout: Available memory region 0x3fcd0000 - 0x3fce0000[0m
V (547) memory_layout: Examining memory region 0x3fce0000 - 0x3fce9710[0m
D (554) memory_layout: Available memory region 0x3fce0000 - 0x3fce9710[0m
V (561) memory_layout: Examining memory region 0x3fce9710 - 0x3fcf0000[0m
V (567) memory_layout: End of region 0x3fce9710 - 0x3fcf0000 overlaps reserved 0x3fceee34 - 0x3fcf0000[0m
D (577) memory_layout: Available memory region 0x3fce9710 - 0x3fceee34[0m
V (583) memory_layout: Examining memory region 0x3fcf0000 - 0x3fcf8000[0m
D (590) memory_layout: Available memory region 0x3fcf0000 - 0x3fcf8000[0m
V (596) memory_layout: Examining memory region 0x600fe000 - 0x60100000[0m
V (603) memory_layout: Start of region 0x600fe000 - 0x60100000 overlaps reserved 0x600fe000 - 0x600fe010[0m
V (612) memory_layout: End of region 0x600fe010 - 0x60100000 overlaps reserved 0x600fffe8 - 0x60100000[0m
D (622) memory_layout: Available memory region 0x600fe010 - 0x600fffe8[0m
[0;32mI (628) heap_init: Initializing. RAM available for dynamic allocation:[0m
D (636) heap_init: New heap initialised at 0x3fca0388[0m
[0;32mI (641) heap_init: At 3FCA0388 len 00049388 (292 KiB): RAM[0m
[0;32mI (647) heap_init: At 3FCE9710 len 00005724 (21 KiB): RAM[0m
D (653) heap_init: New heap initialised at 0x3fcf0000[0m
[0;32mI (658) heap_init: At 3FCF0000 len 00008000 (32 KiB): DRAM[0m
D (664) heap_init: New heap initialised at 0x600fe010[0m
[0;32mI (669) heap_init: At 600FE010 len 00001FD8 (7 KiB): RTCRAM[0m
V (676) intr_alloc: esp_intr_alloc_intrstatus (cpu 0): checking args[0m
V (682) intr_alloc: esp_intr_alloc_intrstatus (cpu 0): Args okay. Resulting flags 0x40E[0m
D (690) intr_alloc: Connected src 39 to int 2 (cpu 0)[0m
V (696) memspi: raw_chip_id: 1740C8
[0m
V (699) memspi: chip_id: C84017
[0m
V (702) memspi: raw_chip_id: 1740C8
[0m
V (706) memspi: chip_id: C84017
[0m
D (710) spi_flash: trying chip: issi[0m
D (713) spi_flash: trying chip: gd[0m
[0;32mI (717) spi_flash: detected chip: gd[0m
[0;32mI (721) spi_flash: flash io: dio[0m
[0;33mW (725) spi_flash: Detected size(8192k) larger than the size in the binary image header(2048k). Using the size in the binary image header.[0m
D (738) cpu_start: calling init function: 0x42074cfc[0m
D (743) cpu_start: calling init function: 0x420747ac[0m
D (748) cpu_start: calling init function: 0x4202ca94[0m
D (753) cpu_start: calling init function: 0x4200e438[0m
D (758) cpu_start: calling init function: 0x4037ba1c[0m
D (763) cpu_start: calling init function: 0x42002f0c[0m
D (768) cpu_start: calling init function: 0x42008640 on core: 0[0m
V (774) intr_alloc: esp_intr_alloc_intrstatus (cpu 0): checking args[0m
V (781) intr_alloc: esp_intr_alloc_intrstatus (cpu 0): Args okay. Resulting flags 0xC02[0m
D (789) intr_alloc: Connected src 59 to int 3 (cpu 0)[0m
D (794) cpu_start: calling init function: 0x42005f68 on core: 0[0m
[0;32mI (800) sleep: Configure to isolate all GPIO pins in sleep state[0m
[0;32mI (807) sleep: Enable automatic switching of GPIO sleep configuration[0m
D (814) cpu_start: calling init function: 0x420042a4 on core: 0[0m
V (820) intr_alloc: esp_intr_alloc_intrstatus (cpu 0): checking args[0m
V (826) intr_alloc: esp_intr_alloc_intrstatus (cpu 0): Args okay. Resulting flags 0x40E[0m
D (834) intr_alloc: Connected src 79 to int 9 (cpu 0)[0m
D (839) app_start: Starting scheduler on CPU0[0m
V (844) intr_alloc: esp_intr_alloc_intrstatus (cpu 0): checking args[0m
V (844) intr_alloc: esp_intr_alloc_intrstatus (cpu 0): Args okay. Resulting flags 0x402[0m
D (844) intr_alloc: Connected src 57 to int 12 (cpu 0)[0m
V (844) intr_alloc: esp_intr_alloc_intrstatus (cpu 1): checking args[0m
V (854) intr_alloc: esp_intr_alloc_intrstatus (cpu 1): Args okay. Resulting flags 0x40E[0m
D (854) intr_alloc: Connected src 80 to int 2 (cpu 1)[0m
D (864) app_start: Starting scheduler on CPU1[0m
V (864) intr_alloc: esp_intr_alloc_intrstatus (cpu 1): checking args[0m
V (874) intr_alloc: esp_intr_alloc_intrstatus (cpu 1): Args okay. Resulting flags 0x402[0m
D (884) intr_alloc: Connected src 58 to int 3 (cpu 1)[0m
[0;32mI (844) main_task: Started on CPU0[0m
D (894) heap_init: New heap initialised at 0x3fce9710[0m
V (894) intr_alloc: esp_intr_alloc_intrstatus (cpu 0): checking args[0m
V (904) intr_alloc: esp_intr_alloc_intrstatus (cpu 0): Args okay. Resulting flags 0xE[0m
D (914) intr_alloc: Connected src 52 to int 13 (cpu 0)[0m
[0;32mI (914) main_task: Calling app_main()[0m
V (924) partition: Loading the partition table[0m
V (924) mmap: actual_mapped_len is 0x10000[0m
V (934) calculated md5: 0x3fca3f38   f4 ad 4f 45 38 56 4b 5d  74 35 b6 2c 75 b6 95 24  |..OE8VK]t5.,u..$|[0m
V (944) stored md5: 0x3c0e8070   f4 ad 4f 45 38 56 4b 5d  74 35 b6 2c 75 b6 95 24  |..OE8VK]t5.,u..$|[0m
V (944) partition: Partition table MD5 verified[0m
D (974) esp_netif_lwip: LwIP stack has been initialized[0m
D (974) esp_netif_lwip: esp-netif has been successfully initialized[0m
D (974) event: running task for loop 0x3fca6d0c[0m
D (984) event: created task for loop 0x3fca6d0c[0m
D (984) event: created event loop 0x3fca6d0c[0m
D (994) esp_netif_lwip: check: remote, if=0x3fca3f70 fn=0x42013448[0m
V (994) esp_netif_objects: esp_netif_add_to_list_unsafe 0x3fca7c34[0m
D (1004) esp_netif_objects: esp_netif_add_to_list_unsafe netif added successfully (total netifs: 1)[0m
D (1014) esp_netif_lwip: call api in lwip: ret=0x0, give sem[0m
pp rom version: e7ae62f
net80211 rom version: e7ae62f
D (1024) nvs: nvs_open_from_partition misc 1[0m
I (1034) wifi:wifi driver task: 3fcaa654, prio:23, stack:6656, core=0
V (1034) esp_adapter: thread sem create: sem=0x3fcaa7ac[0m
V (1034) esp_adapter: thread sem get: sem=0x3fcaa7ac[0m
D (1044) efuse: In EFUSE_BLK1__DATA1_REG is used 8 bits starting with 8 bit[0m
D (1054) efuse: In EFUSE_BLK1__DATA1_REG is used 8 bits starting with 0 bit[0m
D (1054) efuse: In EFUSE_BLK1__DATA0_REG is used 8 bits starting with 24 bit[0m
D (1064) efuse: In EFUSE_BLK1__DATA0_REG is used 8 bits starting with 16 bit[0m
D (1074) efuse: In EFUSE_BLK1__DATA0_REG is used 8 bits starting with 8 bit[0m
D (1084) efuse: In EFUSE_BLK1__DATA0_REG is used 8 bits starting with 0 bit[0m
D (1084) nvs: nvs_open_from_partition nvs.net80211 1[0m
D (1094) nvs: nvs_get opmode 1[0m
D (1094) nvs: nvs_get_str_or_blob sta.ssid[0m
D (1104) nvs: nvs_get sta.authmode 1[0m
D (1104) nvs: nvs_get_str_or_blob sta.pswd[0m
D (1104) nvs: nvs_get_str_or_blob sta.pmk[0m
D (1114) nvs: nvs_get sta.chan 1[0m
D (1114) nvs: nvs_get auto.conn 1[0m
D (1114) nvs: nvs_get bssid.set 1[0m
D (1124) nvs: nvs_get_str_or_blob sta.bssid[0m
D (1124) nvs: nvs_get sta.lis_intval 2[0m
D (1124) nvs: nvs_get sta.phym 1[0m
D (1134) nvs: nvs_get sta.phybw 1[0m
D (1134) nvs: nvs_get_str_or_blob sta.apsw[0m
D (1144) nvs: nvs_get_str_or_blob sta.apinfo[0m
D (1144) nvs: nvs_get sta.scan_method 1[0m
D (1144) nvs: nvs_get sta.sort_method 1[0m
D (1154) nvs: nvs_get sta.minrssi 1[0m
D (1154) nvs: nvs_get sta.minauth 1[0m
D (1164) nvs: nvs_get sta.pmf_e 1[0m
D (1164) nvs: nvs_get sta.pmf_r 1[0m
D (1164) nvs: nvs_get sta.btm_e 1[0m
D (1174) nvs: nvs_get sta.rrm_e 1[0m
D (1174) nvs: nvs_get sta.mbo_e 1[0m
D (1174) nvs: nvs_get_str_or_blob ap.ssid[0m
D (1184) nvs: nvs_get_str_or_blob ap.passwd[0m
D (1184) nvs: nvs_get_str_or_blob ap.pmk[0m
D (1184) nvs: nvs_get ap.chan 1[0m
D (1194) nvs: nvs_get ap.authmode 1[0m
D (1194) nvs: nvs_get ap.hidden 1[0m
D (1194) nvs: nvs_get ap.max.conn 1[0m
D (1204) nvs: nvs_get bcn.interval 2[0m
D (1204) nvs: nvs_get ap.phym 1[0m
D (1204) nvs: nvs_get ap.phybw 1[0m
D (1214) nvs: nvs_get ap.sndchan 1[0m
D (1214) nvs: nvs_get ap.pmf_e 1[0m
D (1214) nvs: nvs_get ap.pmf_r 1[0m
D (1224) nvs: nvs_get ap.p_cipher 1[0m
D (1224) nvs: nvs_get lorate 1[0m
D (1224) nvs: nvs_get_str_or_blob country[0m
D (1234) nvs: nvs_get ap.ftm_r 1[0m
D (1234) nvs: nvs_get sta.ft 1[0m
D (1244) nvs: nvs_get sta.owe 1[0m
D (1244) nvs: nvs_get sta.trans_d 1[0m
D (1244) nvs: nvs_get sta.sae_h2e 1[0m
D (1254) nvs: nvs_get sta.sae_pk_mode 1[0m
D (1254) nvs: nvs_get sta.bss_retry 1[0m
D (1254) nvs: nvs_get_str_or_blob sta.owe_data[0m
D (1264) nvs: nvs_get sta.he_dcm 1[0m
D (1264) nvs: nvs_get sta.he_dcm_c_tx 1[0m
D (1274) nvs: nvs_get sta.he_dcm_c_rx 1[0m
D (1274) nvs: nvs_get sta.he_mcs9_d 1[0m
D (1274) nvs: nvs_get sta.he_su_b_d 1[0m
D (1284) nvs: nvs_get sta.he_su_b_f_d 1[0m
D (1284) nvs: nvs_get sta.he_mu_b_f_d 1[0m
D (1284) nvs: nvs_get sta.he_cqi_f_d 1[0m
D (1294) nvs: nvs_get_str_or_blob sta.sae_h2e_id[0m
D (1294) nvs: nvs_get ap.sae_h2e 1[0m
D (1304) nvs: nvs_get_str_or_blob ap.pmk_info[0m
D (1304) nvs: nvs_get nan.phym 1[0m
D (1304) nvs: nvs_set ap.sndchan 1 1[0m
I (1314) wifi:wifi firmware version: a9f5b59-dirty
I (1314) wifi:wifi certification version: v7.0
I (1324) wifi:config NVS flash: enabled
I (1324) wifi:config nano formating: disabled
I (1324) wifi:Init data frame dynamic rx buffer num: 32
I (1334) wifi:Init static rx mgmt buffer num: 5
I (1334) wifi:Init management short buffer num: 32
I (1344) wifi:Init dynamic tx buffer num: 32
I (1344) wifi:Init static tx FG buffer num: 2
I (1354) wifi:Init static rx buffer size: 1600
I (1354) wifi:Init static rx buffer num: 10
I (1354) wifi:Init dynamic rx buffer num: 32
V (1364) wifi:hint=255, act_dur=<0,120>, pas_dur=360, nchans=14 history_num=0
V (1374) esp_adapter: thread sem get: sem=0x3fcaa7ac[0m
[0;32mI (1374) wifi_init: rx ba win: 6[0m
[0;32mI (1374) wifi_init: tcpip mbox: 32[0m
[0;32mI (1384) wifi_init: udp mbox: 6[0m
[0;32mI (1384) wifi_init: tcp mbox: 6[0m
[0;32mI (1394) wifi_init: tcp tx win: 5760[0m
[0;32mI (1394) wifi_init: tcp rx win: 5760[0m
[0;32mI (1394) wifi_init: tcp mss: 1440[0m
[0;32mI (1404) wifi_init: WiFi IRAM OP enabled[0m
[0;32mI (1404) wifi_init: WiFi RX IRAM OP enabled[0m
V (1414) esp_adapter: thread sem get: sem=0x3fcaa7ac[0m
D (1414) nvs: nvs_get opmode 1[0m
[0;32mI (1424) wpa: esp_dpp_task prio:2, stack:6656[0m
D (1424) wpa: private key - hexdump(len=0):[0m
D (1424) wpa:  [NULL][0m
D (1484) wpa: DPP: Generating a keypair[0m
[0;31mE (1484) wpa: curve: secp256r1[0m
[0;31mE (1484) wpa: prime len is 32[0m
[0;31mE (1484) wpa: Q_x: - hexdump(len=32):[0m
[0;31mE (1494) wpa: 6e 6f 89 22 59 46 9a c9 fd a6 f3 c8 c6 ca f4 1a [0m
[0;31mE (1494) wpa: 04 8a 32 a7 78 5e 4c 4d 3e 64 30 f7 c9 3f 61 32 [0m
[0;31mE (1504) wpa: Q_y: - hexdump(len=32):[0m
[0;31mE (1504) wpa: dd 86 65 9f fd 73 a9 c2 48 8f 8a 8c e4 6d 6a 83 [0m
[0;31mE (1514) wpa: b7 1e ca c0 87 01 eb dd 03 11 2e 70 ee 5f 3e 53 [0m
[0;31mE (1524) wpa: d:      - hexdump(len=32):[0m
[0;31mE (1524) wpa: 23 7f 37 b3 92 b0 98 3b 0e 56 63 52 d5 a6 8a c1 [0m
[0;31mE (1534) wpa: 3b 40 81 d2 53 a5 0d 26 37 93 21 ad 74 7b e7 2f [0m
D (1534) wpa: DPP: Compressed public key (DER) - hexdump(len=59):[0m
D (1544) wpa: 30 39 30 13 06 07 2a 86 48 ce 3d 02 01 06 08 2a [0m
D (1554) wpa: 86 48 ce 3d 03 01 07 03 22 00 03 6e 6f 89 22 59 [0m
D (1554) wpa: 46 9a c9 fd a6 f3 c8 c6 ca f4 1a 04 8a 32 a7 78 [0m
D (1564) wpa: 5e 4c 4d 3e 64 30 f7 c9 3f 61 32 [0m
D (1564) gdma: new group (0) at 0x3fcb2f74[0m
D (1574) gdma: new pair (0,0) at 0x3fcb2dd0[0m
D (1574) gdma: new tx channel (0,0) at 0x3fcb2c80[0m
D (1574) gdma: new rx channel (0,0) at 0x3fcb2ffc[0m
D (1584) gdma: tx channel (0,0), (1:16) bytes aligned, burst enabled[0m
D (1594) gdma: rx channel (0,0), (1:16) bytes aligned, burst disabled[0m
D (1594) wpa: DPP: Public key hash - hexdump(len=32):[0m
D (1604) wpa: 4c 38 db 61 84 47 5f af a4 9c 0f cd a6 61 7c 36 [0m
D (1604) wpa: 60 ca c2 dc 5f 40 ac b2 31 0c ef ab fc 2d 2a 4f [0m
D (1614) wpa: DPP: URI mac: 84:fc:e6:7b:73:b8[0m
[0;32mI (1614) wifi dpp-enrollee: Scan below QR Code to configure the enrollee:[0m
[0;32mI (1624) QRCODE: Encoding below text with ECC LVL 0 & QR Code Version 10[0m
[0;32mI (1634) QRCODE: DPP:C:81/6;M:84:fc:e6:7b:73:b8;K:MDkwEwYHKoZIzj0CAQYIKoZIzj0DAQcDIgADbm+JIllGmsn9pvPIxsr0GgSKMqd4XkxNPmQw98k/YTI=;;[0m
                                              
  █▀▀▀▀▀█ ▄▀▄  █▄▄▀█▀ ▀▄▀▀  ▄▄▀▀▄▀▄ █▀▀▀▀▀█   
  █ ███ █ ▄███ ▀▄ ▄▀▀  ▀▀  ▄   ▄▀▀▄ █ ███ █   
  █ ▀▀▀ █ ▄█▄█ █ █▄▄█ ▄▀█▀▀▄▀▄██▄▀█ █ ▀▀▀ █   
  ▀▀▀▀▀▀▀ ▀▄▀▄█ ▀▄▀ ▀▄▀▄█▄▀ ▀▄▀ █ ▀ ▀▀▀▀▀▀▀   
  ██▀██ ▀▀▀█▄ ▄▀▄▀█ ▄█▀▀█ ▀▀▄▀▀▀▄█▄▀▄▀▄▀ █▄   
  ▀██   ▀▄ ▄▄▀  ▄█▀ ▀▄ █ ▄  ▀▀▀▀▀▄▄ ▀▄▄  ▄▄   
   ▄███▄▀ █ █ ▀ ▄▄▄ ▀█▀ ▀▄ ▄█▀█▀  ▄ ▄▄▄██▀    
  ▄  ▄ ▀▀ █ ▀█▀   ▄ ▀▄▀█▄ ▄  ██    ▀██▄▀ ▄    
   ▄█▀██▀▄█▀ █▀▄▀▄▄▄ █▄▀▀▄ █▄ ▀▀▀▄▄▄ ▀▄ ██▄   
  █▄█ ▄ ▀▀▄█▀ ▄█▀▀ █▄▄ ▄▄▄▄  ▀█▀█▄ ▀▄█ ▄▀▄    
  █ ▀ ▀▄▀▀█ ▀▀▄ ▀▄▀ ▄█▀  ▀ █▀█▄▀▀▀█▄▄▄█ ▄     
  █▄▀▄██▀▄▀▀▄ ▄ ▀█▀ ▀ ██   ▀▄▀▀▀▄▄▄ ▀▄▀█▀▄    
  ▀ ▀▀██▀▀ ▀  ▀ ▀██  ██▀▀█▀▄▀ ▀▀▀▄▀▀▄ ▄  ▄    
   ▀▄ ▄█▀ █▄▀ ▀ ▄▀█ ▀ ▀▄█ ▀▀▄▀  █ ▄▄█▀█▀▀     
  █▀▀ ▀ ▀▀ ▀▄ ▀ ▄▄▄▄▀█▀▀█▄▀██▄▄▄▄▄█▀▄▄▄▀██    
  █ █▄▄▄▀▀▀▄ █▀ ▄ ▄ ▀ ▀▄▄ █▀▄▀▀▀█  ██▄▀▄▀ ▄   
  ▀  ▀  ▀▀▄▄▄▀▀▄█ ▄▄▄▀▄ ▀ ▀█▄▀▀▀▀▄█▀▀▀█ ▄█    
  █▀▀▀▀▀█ ▀█▀▄▄█▀▀▀█▄▄ █▄    ▀ ▀ ▀█ ▀ █ ▀ ▄   
  █ ███ █ █▀█ ▄ ▀▄▀▄▄▀▄▀█▀ ▄▀██▀▄ ▀█▀█▀▀█ ▄   
  █ ▀▀▀ █ ██▀ ▄ ▄█▀ ▀ ▄▄█▄▀▀ ▀█▀ ▄█▄█ ██ ▄    
  ▀▀▀▀▀▀▀ ▀   ▀▀▀▀    ▀▀▀▀▀ ▀▀ ▀ ▀      ▀     
                                              

V (1944) esp_adapter: thread sem get: sem=0x3fcaa7ac[0m
[0;32mI (1944) phy_init: phy_version 640,cd64a1a,Jan 24 2024,17:28:12[0m
D (1954) phy_init: loading PHY init data from application binary[0m
D (1964) nvs: nvs_open_from_partition phy 0[0m
D (1964) nvs: nvs_get cal_version 4[0m
V (1964) phy_init: phy_get_rf_cal_version: 640[0m
D (1974) nvs: nvs_get_str_or_blob cal_mac[0m
D (1974) efuse: In EFUSE_BLK1__DATA1_REG is used 8 bits starting with 8 bit[0m
D (1984) efuse: In EFUSE_BLK1__DATA1_REG is used 8 bits starting with 0 bit[0m
D (1994) efuse: In EFUSE_BLK1__DATA0_REG is used 8 bits starting with 24 bit[0m
D (1994) efuse: In EFUSE_BLK1__DATA0_REG is used 8 bits starting with 16 bit[0m
D (2004) efuse: In EFUSE_BLK1__DATA0_REG is used 8 bits starting with 8 bit[0m
D (2014) efuse: In EFUSE_BLK1__DATA0_REG is used 8 bits starting with 0 bit[0m
D (2014) nvs: nvs_get_str_or_blob cal_data[0m
D (2034) nvs: nvs_close 3[0m
D (2034) efuse: In EFUSE_BLK1__DATA1_REG is used 8 bits starting with 8 bit[0m
D (2034) efuse: In EFUSE_BLK1__DATA1_REG is used 8 bits starting with 0 bit[0m
D (2034) efuse: In EFUSE_BLK1__DATA0_REG is used 8 bits starting with 24 bit[0m
D (2044) efuse: In EFUSE_BLK1__DATA0_REG is used 8 bits starting with 16 bit[0m
D (2054) efuse: In EFUSE_BLK1__DATA0_REG is used 8 bits starting with 8 bit[0m
D (2064) efuse: In EFUSE_BLK1__DATA0_REG is used 8 bits starting with 0 bit[0m
D (2084) temperature_sensor: range changed, change to index 2[0m
V (2094) wifi:ht20 freq=2412, chan=1
D (2104) wifi:filter: set rx policy=0
I (2104) wifi:mode : sta (84:fc:e6:7b:73:b8)
I (2104) wifi:enable tsf
D (2104) wifi:filter: set rx policy=1
D (2104) wifi:connect status 0 -> 0
D (2104) event: running post WIFI_EVENT:40 with handler 0x4200a710 and context 0x3fca7f98 on loop 0x3fca6d0c[0m
D (2114) event: running post WIFI_EVENT:2 with handler 0x4202cce4 and context 0x3fca7e30 on loop 0x3fca6d0c[0m
D (2124) wifi_init_default: wifi_start esp-netif:0x3fca7c34 event-id2[0m
D (2134) wifi_init_default: WIFI mac address: 84 fc e6 7b 73 b8[0m
V (2144) esp_adapter: thread sem create: sem=0x3fcb27f0[0m
V (2144) esp_adapter: thread sem get: sem=0x3fcb27f0[0m
D (2154) esp_netif_lwip: check: remote, if=0x3fca7c34 fn=0x42012e34[0m
D (2154) esp_netif_lwip: call api in lwip: ret=0x0, give sem[0m
D (2164) esp_netif_handlers: esp_netif action has started with netif0x3fca7c34 from event_id=2[0m
D (2174) esp_netif_lwip: check: remote, if=0x3fca7c34 fn=0x42013700[0m
D (2174) esp_netif_lwip: esp_netif_start_api 0x3fca7c34[0m
D (2184) esp_netif_lwip: esp_netif_get_hostname esp_netif:0x3fca7c34[0m
D (2194) esp_netif_lwip: check: local, if=0x3fca7c34 fn=0x42013ea4[0m
D (2194) esp_netif_lwip: esp_netif_update_default_netif_lwip 0x3fca7c34[0m
V (2204) esp_netif_lwip: esp_netif_is_netif_up esp_netif:0x3fca7c34[0m
D (2204) esp_netif_lwip: call api in lwip: ret=0x0, give sem[0m
D (2214) event: running post WIFI_EVENT:2 with handler 0x4200a710 and context 0x3fca7f98 on loop 0x3fca6d0c[0m
[0;32mI (2224) wifi dpp-enrollee: Started listening for DPP Authentication[0m
V (2224) esp_adapter: thread sem create: sem=0x3fcb28a0[0m
V (2234) esp_adapter: thread sem get: sem=0x3fcb28a0[0m
D (2244) wifi:Listen on channel 6 for 500 mSec
V (2244) wifi:change: chan<6,0>, dur<0,500>
V (2254) wifi:ht20 freq=2437, chan=6
V (2254) wifi:enter start op, arg=0x42014ad0
V (2254) wifi:start max timer
D (2764) wifi:ROC: Ending operation at 2.0, returning to Channel 1
V (2764) wifi:back home chan=<1,0>, current chan=<6,0>
V (2764) wifi:ht20 freq=2412, chan=1
D (2764) event: running post WIFI_EVENT:20 with handler 0x4200a710 and context 0x3fca7f98 on loop 0x3fca6d0c[0m
D (2774) event: running post WIFI_EVENT:20 with handler 0x4201563c and context 0x3fcb2590 on loop 0x3fca6d0c[0m
V (2784) esp_adapter: thread sem get: sem=0x3fcb28a0[0m
D (2784) wifi:Listen on channel 6 for 500 mSec
V (2794) wifi:change: chan<6,0>, dur<0,500>
V (2794) wifi:ht20 freq=2437, chan=6
V (2794) wifi:enter start op, arg=0x42014ad0
V (2804) wifi:start max timer
D (3304) wifi:ROC: Ending operation at 3.0, returning to Channel 1
V (3304) wifi:back home chan=<1,0>, current chan=<6,0>
V (3304) wifi:ht20 freq=2412, chan=1
D (3314) event: running post WIFI_EVENT:20 with handler 0x4200a710 and context 0x3fca7f98 on loop 0x3fca6d0c[0m
D (3314) event: running post WIFI_EVENT:20 with handler 0x4201563c and context 0x3fcb2590 on loop 0x3fca6d0c[0m
V (3324) esp_adapter: thread sem get: sem=0x3fcb28a0[0m
D (3334) wifi:Listen on channel 6 for 500 mSec
V (3334) wifi:change: chan<6,0>, dur<0,500>
V (3344) wifi:ht20 freq=2437, chan=6
V (3344) wifi:enter start op, arg=0x42014ad0
V (3344) wifi:start max timer
D (3854) wifi:ROC: Ending operation at 3.0, returning to Channel 1
V (3854) wifi:back home chan=<1,0>, current chan=<6,0>
V (3854) wifi:ht20 freq=2412, chan=1
D (3854) event: running post WIFI_EVENT:20 with handler 0x4200a710 and context 0x3fca7f98 on loop 0x3fca6d0c[0m
D (3864) event: running post WIFI_EVENT:20 with handler 0x4201563c and context 0x3fcb2590 on loop 0x3fca6d0c[0m
V (3874) esp_adapter: thread sem get: sem=0x3fcb28a0[0m
D (3884) wifi:Listen on channel 6 for 500 mSec
V (3884) wifi:change: chan<6,0>, dur<0,500>
V (3884) wifi:ht20 freq=2437, chan=6
V (3894) wifi:enter start op, arg=0x42014ad0
V (3894) wifi:start max timer
D (4394) wifi:ROC: Ending operation at 4.0, returning to Channel 1
V (4394) wifi:back home chan=<1,0>, current chan=<6,0>
V (4394) wifi:ht20 freq=2412, chan=1
D (4404) event: running post WIFI_EVENT:20 with handler 0x4200a710 and context 0x3fca7f98 on loop 0x3fca6d0c[0m
D (4414) event: running post WIFI_EVENT:20 with handler 0x4201563c and context 0x3fcb2590 on loop 0x3fca6d0c[0m
V (4424) esp_adapter: thread sem get: sem=0x3fcb28a0[0m
D (4424) wifi:Listen on channel 6 for 500 mSec
V (4434) wifi:change: chan<6,0>, dur<0,500>
V (4434) wifi:ht20 freq=2437, chan=6
V (4434) wifi:enter start op, arg=0x42014ad0
V (4444) wifi:start max timer
D (4944) wifi:ROC: Ending operation at 4.0, returning to Channel 1
V (4944) wifi:back home chan=<1,0>, current chan=<6,0>
V (4944) wifi:ht20 freq=2412, chan=1
D (4944) event: running post WIFI_EVENT:20 with handler 0x4200a710 and context 0x3fca7f98 on loop 0x3fca6d0c[0m
D (4954) event: running post WIFI_EVENT:20 with handler 0x4201563c and context 0x3fcb2590 on loop 0x3fca6d0c[0m
V (4964) esp_adapter: thread sem get: sem=0x3fcb28a0[0m
D (4974) wifi:Listen on channel 6 for 500 mSec
V (4974) wifi:change: chan<6,0>, dur<0,500>
V (4984) wifi:ht20 freq=2437, chan=6
V (4984) wifi:enter start op, arg=0x42014ad0
V (4984) wifi:start max timer
D (5284) wpa: DPP: Rx Public Action frame: action - 9[0m
V (5284) esp_adapter: thread sem get: sem=0x3fcb28a0[0m
D (5284) wifi:ROC: Ending operation at 4.0, returning to Channel 1
V (5294) wifi:back home chan=<1,0>, current chan=<6,0>
V (5294) wifi:ht20 freq=2412, chan=1
V (5304) wifi:back home chan=<1,0>, current chan=<1,0>
[0;32mI (5304) wpa: DPP: Authentication Request from 8e:ff:3e:16:e0:96[0m
D (5304) event: running post WIFI_EVENT:20 with handler 0x4200a710 and context 0x3fca7f98 on loop 0x3fca6d0c[0m
V (5314) wpa: DPP: Responder Bootstrapping Key Hash - hexdump(len=32):[0m
D (5324) event: running post WIFI_EVENT:20 with handler 0x4201563c and context 0x3fcb2590 on loop 0x3fca6d0c[0m
V (5324) wpa: 4c 38 db 61 84 47 5f af a4 9c 0f cd a6 61 7c 36 [0m
V (5344) wpa: 60 ca c2 dc 5f 40 ac b2 31 0c ef ab fc 2d 2a 4f [0m
V (5354) wpa: DPP: Initiator Bootstrapping Key Hash - hexdump(len=32):[0m
V (5354) wpa: 1d 1d 77 b2 81 f2 00 92 ea 79 2a 25 79 a8 4a 89 [0m
V (5364) wpa: f2 e3 a6 d2 27 a1 2e 26 5c 2a f6 94 ca bf 1c a1 [0m
V (5364) wpa: DPP: Wrapped Data - hexdump(len=41):[0m
V (5374) wpa: eb 25 c9 cc dd e5 a4 87 4d 8c 82 a4 8c b8 9b e9 [0m
V (5374) wpa: 25 83 da b0 05 01 10 ba 2d 22 b4 be 50 ab 97 9a [0m
V (5384) wpa: d3 75 b7 17 7a c4 ea d8 b3 [0m
V (5384) wpa: DPP: Initiator Protocol Key - hexdump(len=64):[0m
V (5394) wpa: f3 f5 93 8f 77 d5 bd e5 a4 e2 93 21 73 91 9d d5 [0m
V (5404) wpa: 56 67 90 48 01 9e 91 8a 71 ef 60 3f 56 c4 9e 5f [0m
V (5404) wpa: c2 68 a0 a4 e1 ec 1f c8 5b 93 d3 0d cd b8 b3 1e [0m
V (5414) wpa: 27 8e f6 7e 36 1b 66 cc d4 4e 51 8b 1e fc 03 0c [0m
V (5424) intr_alloc: esp_intr_alloc_intrstatus (cpu 1): checking args[0m
V (5424) intr_alloc: esp_intr_alloc_intrstatus (cpu 1): Args okay. Resulting flags 0xE[0m
D (5434) intr_alloc: Connected src 76 to int 4 (cpu 1)[0m
[0;31mE (5444) wpa: curve: secp256r1[0m
[0;31mE (5444) wpa: prime len is 32[0m
[0;31mE (5444) wpa: Q_x: - hexdump(len=32):[0m
[0;31mE (5454) wpa: f3 f5 93 8f 77 d5 bd e5 a4 e2 93 21 73 91 9d d5 [0m
[0;31mE (5454) wpa: 56 67 90 48 01 9e 91 8a 71 ef 60 3f 56 c4 9e 5f [0m
[0;31mE (5464) wpa: Q_y: - hexdump(len=32):[0m
[0;31mE (5464) wpa: c2 68 a0 a4 e1 ec 1f c8 5b 93 d3 0d cd b8 b3 1e [0m
[0;31mE (5474) wpa: 27 8e f6 7e 36 1b 66 cc d4 4e 51 8b 1e fc 03 0c [0m
[0;31mE (5484) wpa: d:      - hexdump(len=32):[0m
[0;31mE (5484) wpa: 00 00 00 00 00 00 00 00 00 00 00 00 00 00 00 00 [0m
[0;31mE (5494) wpa: 00 00 00 00 00 00 00 00 00 00 00 00 00 00 00 00 [0m
V (5494) intr_alloc: esp_intr_alloc_intrstatus (cpu 1): checking args[0m
V (5504) intr_alloc: esp_intr_alloc_intrstatus (cpu 1): Args okay. Resulting flags 0xE[0m
D (5514) intr_alloc: Connected src 77 to int 9 (cpu 1)[0m
D (5674) wpa: DPP: ECDH shared secret (M.x) - hexdump(len=32):[0m
D (5674) wpa: c7 82 ab 23 a0 79 48 5f 49 89 34 69 c2 77 85 ea [0m
D (5674) wpa: de 17 a7 db 53 88 c9 5d e9 c7 1e 1a 9d 69 8f 46 [0m
D (5674) wpa: DPP: PRK = HKDF-Extract(<>, IKM=M.x) - hexdump(len=32):[0m
D (5684) wpa: 13 d7 0d 32 52 9e cd 11 26 62 36 9d b8 df f1 61 [0m
D (5694) wpa: bb 14 3a 4c 34 ef 57 3b 1f 86 63 19 26 b1 5c 3a [0m
D (5694) wpa: DPP: k1 = HKDF-Expand(PRK, info, L) - hexdump(len=32):[0m
D (5704) wpa: dd 31 e3 27 a8 03 89 24 02 32 40 f3 e3 33 63 e7 [0m
D (5704) wpa: 83 d9 21 99 7f 8b f4 c3 49 23 db 25 19 be 3d 5c [0m
D (5714) wpa: DDP: AES-SIV AD[0] - hexdump(len=6):[0m
D (5714) wpa: 50 6f 9a 1a 01 00 [0m
D (5724) wpa: DDP: AES-SIV AD[1] - hexdump(len=140):[0m
D (5724) wpa: 02 10 20 00 4c 38 db 61 84 47 5f af a4 9c 0f cd [0m
D (5734) wpa: a6 61 7c 36 60 ca c2 dc 5f 40 ac b2 31 0c ef ab [0m
D (5744) wpa: fc 2d 2a 4f 01 10 20 00 1d 1d 77 b2 81 f2 00 92 [0m
D (5744) wpa: ea 79 2a 25 79 a8 4a 89 f2 e3 a6 d2 27 a1 2e 26 [0m
D (5754) wpa: 5c 2a f6 94 ca bf 1c a1 03 10 40 00 f3 f5 93 8f [0m
D (5754) wpa: 77 d5 bd e5 a4 e2 93 21 73 91 9d d5 56 67 90 48 [0m
D (5764) wpa: 01 9e 91 8a 71 ef 60 3f 56 c4 9e 5f c2 68 a0 a4 [0m
D (5764) wpa: e1 ec 1f c8 5b 93 d3 0d cd b8 b3 1e 27 8e f6 7e [0m
D (5774) wpa: 36 1b 66 cc d4 4e 51 8b 1e fc 03 0c [0m
D (5784) wpa: DPP: AES-SIV ciphertext - hexdump(len=41):[0m
D (5784) wpa: eb 25 c9 cc dd e5 a4 87 4d 8c 82 a4 8c b8 9b e9 [0m
D (5794) wpa: 25 83 da b0 05 01 10 ba 2d 22 b4 be 50 ab 97 9a [0m
D (5794) wpa: d3 75 b7 17 7a c4 ea d8 b3 [0m
D (5804) wpa: DPP: AES-SIV cleartext - hexdump(len=25):[0m
D (5804) wpa: 05 10 10 00 c1 8a f0 5e 87 d9 85 00 1d 63 4d 0e [0m
D (5814) wpa: 9e 73 5c 75 06 10 01 00 02 [0m
V (5814) wpa: DPP: Attribute ID 1005 len 16[0m
V (5824) wpa: DPP: Attribute ID 1006 len 1[0m
D (5824) wpa: DPP: I-nonce - hexdump(len=16):[0m
D (5824) wpa: c1 8a f0 5e 87 d9 85 00 1d 63 4d 0e 9e 73 5c 75 [0m
D (5834) wpa: DPP: I-capabilities: 0x02[0m
D (5834) wpa: DPP: Acting as Enrollee[0m
D (5844) wpa: DPP: Build Authentication Response[0m
D (5844) wpa: DPP: R-nonce - hexdump(len=16):[0m
D (5854) wpa: 31 65 8f 3f ae 2f 06 5f 6c 4b 3e 83 da 52 3d 1e [0m
D (5914) wpa: DPP: Generating a keypair[0m
[0;31mE (5914) wpa: curve: secp256r1[0m
[0;31mE (5914) wpa: prime len is 32[0m
[0;31mE (5914) wpa: Q_x: - hexdump(len=32):[0m
[0;31mE (5914) wpa: 34 88 f1 fe 9e f9 81 17 77 a3 0b 1e 4a 32 48 35 [0m
[0;31mE (5924) wpa: 58 0e b2 e8 23 6a 98 36 8a 3e a9 ab fa 04 7b da [0m
[0;31mE (5924) wpa: Q_y: - hexdump(len=32):[0m
[0;31mE (5934) wpa: a3 16 86 2a f6 76 ac a2 b1 6d 0a 99 92 bb 3c 7f [0m
[0;31mE (5944) wpa: 41 9a 7a d3 c1 e3 09 d8 69 8d 93 68 15 f1 69 45 [0m
[0;31mE (5944) wpa: d:      - hexdump(len=32):[0m
[0;31mE (5954) wpa: a7 4a c5 d5 08 2c 21 88 c5 a1 5f 61 3e f7 94 43 [0m
[0;31mE (5954) wpa: 68 1a fd 9c 49 3a 1e a0 1b a9 d9 a0 b2 bb e5 db [0m
D (6114) wpa: DPP: ECDH shared secret (N.x) - hexdump(len=32):[0m
D (6114) wpa: 2d d3 94 0d 00 64 17 93 f5 4b cf 7c bf 21 0b 0e [0m
D (6124) wpa: 4b be 18 7d 03 6f a9 65 27 23 f2 6d c5 9a e6 a4 [0m
D (6124) wpa: DPP: PRK = HKDF-Extract(<>, IKM=N.x) - hexdump(len=32):[0m
D (6134) wpa: 95 c4 90 2b a7 d6 42 e7 da f9 c7 96 03 67 e2 bf [0m
D (6134) wpa: 66 f4 2f 9a b9 9b 20 1c cc c8 64 73 57 1c 0e 03 [0m
D (6144) wpa: DPP: k2 = HKDF-Expand(PRK, info, L) - hexdump(len=32):[0m
D (6154) wpa: 49 00 dd b4 6f a0 f7 cd 98 e0 15 52 5f 8a 32 4d [0m
D (6154) wpa: b3 a9 53 85 56 78 24 85 76 e4 07 54 99 b1 69 82 [0m
D (6164) wpa: DPP: PRK = HKDF-Extract(<>, IKM) - hexdump(len=32):[0m
D (6164) wpa: 4f ee f3 19 05 ad 22 a5 5f b1 30 f6 66 f1 8a f6 [0m
D (6174) wpa: 3f 22 43 bc 58 20 16 a6 34 fa 02 63 09 6e 36 b4 [0m
D (6184) wpa: DPP: ke = HKDF-Expand(PRK, info, L) - hexdump(len=32):[0m
D (6184) wpa: 9e c9 80 49 79 97 e1 a8 ad 1a 45 25 06 58 75 cb [0m
D (6194) wpa: ea 07 e1 2c 73 b3 36 bf 4c 97 d9 b5 cf e2 b8 fe [0m
D (6194) wpa: DPP: R-auth hash components[0m
D (6204) wpa: DPP: hash component - hexdump(len=16):[0m
D (6204) wpa: c1 8a f0 5e 87 d9 85 00 1d 63 4d 0e 9e 73 5c 75 [0m
D (6214) wpa: DPP: hash component - hexdump(len=16):[0m
D (6214) wpa: 31 65 8f 3f ae 2f 06 5f 6c 4b 3e 83 da 52 3d 1e [0m
D (6224) wpa: DPP: hash component - hexdump(len=32):[0m
D (6224) wpa: f3 f5 93 8f 77 d5 bd e5 a4 e2 93 21 73 91 9d d5 [0m
D (6234) wpa: 56 67 90 48 01 9e 91 8a 71 ef 60 3f 56 c4 9e 5f [0m
D (6244) wpa: DPP: hash component - hexdump(len=32):[0m
D (6244) wpa: 34 88 f1 fe 9e f9 81 17 77 a3 0b 1e 4a 32 48 35 [0m
D (6254) wpa: 58 0e b2 e8 23 6a 98 36 8a 3e a9 ab fa 04 7b da [0m
D (6254) wpa: DPP: hash component - hexdump(len=32):[0m
D (6264) wpa: 6e 6f 89 22 59 46 9a c9 fd a6 f3 c8 c6 ca f4 1a [0m
D (6264) wpa: 04 8a 32 a7 78 5e 4c 4d 3e 64 30 f7 c9 3f 61 32 [0m
D (6274) wpa: DPP: hash component - hexdump(len=1):[0m
D (6284) wpa: 00 [0m
D (6284) wpa: DPP: R-auth - hexdump(len=32):[0m
D (6284) wpa: 92 16 bf 20 af 9a 0c fb e6 0d 98 34 a1 88 eb b1 [0m
D (6294) wpa: 37 64 d7 a4 c5 33 11 3b a5 d9 57 94 73 6e ac 8e [0m
D (6294) wpa: DPP: {R-auth}ke - hexdump(len=52):[0m
D (6304) wpa: 91 bb f3 12 36 3a bf 2f e8 cb 5c 33 67 e6 48 60 [0m
D (6304) wpa: 8b fd 02 0f 40 7b fa 59 01 05 c9 ad 88 56 37 01 [0m
D (6314) wpa: 39 ea a2 8a 54 f6 41 4c 8c be 70 0e cd 6b 7e a9 [0m
D (6324) wpa: 1f 0c fa b1 [0m
D (6324) wpa: Setting auth resp retry to 0 0 [0m
D (6324) wpa: DPP: Status 0[0m
D (6334) wpa: DPP: R-Bootstrap Key Hash[0m
D (6334) wpa: DDP: AES-SIV AD[0] - hexdump(len=6):[0m
D (6334) wpa: 50 6f 9a 1a 01 01 [0m
D (6344) wpa: DDP: AES-SIV AD[1] - hexdump(len=109):[0m
D (6344) wpa: 00 10 01 00 00 02 10 20 00 4c 38 db 61 84 47 5f [0m
D (6354) wpa: af a4 9c 0f cd a6 61 7c 36 60 ca c2 dc 5f 40 ac [0m
D (6354) wpa: b2 31 0c ef ab fc 2d 2a 4f 09 10 40 00 34 88 f1 [0m
D (6364) wpa: fe 9e f9 81 17 77 a3 0b 1e 4a 32 48 35 58 0e b2 [0m
D (6374) wpa: e8 23 6a 98 36 8a 3e a9 ab fa 04 7b da a3 16 86 [0m
D (6374) wpa: 2a f6 76 ac a2 b1 6d 0a 99 92 bb 3c 7f 41 9a 7a [0m
D (6384) wpa: d3 c1 e3 09 d8 69 8d 93 68 15 f1 69 45 [0m
D (6384) wpa: DPP: AES-SIV cleartext - hexdump(len=101):[0m
D (6394) wpa: 07 10 10 00 31 65 8f 3f ae 2f 06 5f 6c 4b 3e 83 [0m
D (6394) wpa: da 52 3d 1e 05 10 10 00 c1 8a f0 5e 87 d9 85 00 [0m
D (6404) wpa: 1d 63 4d 0e 9e 73 5c 75 08 10 01 00 01 04 10 34 [0m
D (6414) wpa: 00 91 bb f3 12 36 3a bf 2f e8 cb 5c 33 67 e6 48 [0m
D (6414) wpa: 60 8b fd 02 0f 40 7b fa 59 01 05 c9 ad 88 56 37 [0m
D (6424) wpa: 01 39 ea a2 8a 54 f6 41 4c 8c be 70 0e cd 6b 7e [0m
D (6424) wpa: a9 1f 0c fa b1 [0m
D (6434) wpa: DPP: AES-SIV ciphertext - hexdump(len=117):[0m
D (6434) wpa: 51 ff 09 63 34 29 0c 8d ef 25 cd d0 f8 4b db ba [0m
D (6444) wpa: 45 18 71 6f a6 b6 38 5c af 95 3a 08 bb aa fc 64 [0m
D (6444) wpa: d8 75 a5 9e 5e dd 39 53 1f 18 b4 21 23 14 d0 d0 [0m
D (6454) wpa: fc f0 4c d8 86 90 b9 da e0 81 05 5f e1 44 a5 9f [0m
D (6464) wpa: e4 7b 0d be 04 e0 15 d0 fa df 0a 4b 67 47 f9 ff [0m
D (6464) wpa: 5e 10 17 d9 c1 f7 20 9f c2 22 e0 fb 00 0b 72 9e [0m
D (6474) wpa: 0a b7 51 90 ab 0d 27 77 66 ad 42 97 21 76 9e cd [0m
D (6474) wpa: c5 06 f9 55 44 [0m
D (6484) wpa: DPP: Authentication Response frame attributes - hexdump(len=238):[0m
D (6484) wpa: 04 09 50 6f 9a 1a 01 01 00 10 01 00 00 02 10 20 [0m
D (6494) wpa: 00 4c 38 db 61 84 47 5f af a4 9c 0f cd a6 61 7c [0m
D (6504) wpa: 36 60 ca c2 dc 5f 40 ac b2 31 0c ef ab fc 2d 2a [0m
D (6504) wpa: 4f 09 10 40 00 34 88 f1 fe 9e f9 81 17 77 a3 0b [0m
D (6514) wpa: 1e 4a 32 48 35 58 0e b2 e8 23 6a 98 36 8a 3e a9 [0m
D (6514) wpa: ab fa 04 7b da a3 16 86 2a f6 76 ac a2 b1 6d 0a [0m
D (6524) wpa: 99 92 bb 3c 7f 41 9a 7a d3 c1 e3 09 d8 69 8d 93 [0m
D (6534) wpa: 68 15 f1 69 45 04 10 75 00 51 ff 09 63 34 29 0c [0m
D (6534) wpa: 8d ef 25 cd d0 f8 4b db ba 45 18 71 6f a6 b6 38 [0m
D (6544) wpa: 5c af 95 3a 08 bb aa fc 64 d8 75 a5 9e 5e dd 39 [0m
D (6544) wpa: 53 1f 18 b4 21 23 14 d0 d0 fc f0 4c d8 86 90 b9 [0m
D (6554) wpa: da e0 81 05 5f e1 44 a5 9f e4 7b 0d be 04 e0 15 [0m
D (6564) wpa: d0 fa df 0a 4b 67 47 f9 ff 5e 10 17 d9 c1 f7 20 [0m
D (6564) wpa: 9f c2 22 e0 fb 00 0b 72 9e 0a b7 51 90 ab 0d 27 [0m
D (6574) wpa: 77 66 ad 42 97 21 76 9e cd c5 06 f9 55 44 [0m
D (6574) wpa: DPP: Mgmt Tx - MAC:8e:ff:3e:16:e0:96, Channel-6, WaitT-600[0m
V (6584) esp_adapter: thread sem get: sem=0x3fcb28a0[0m
D (6584) wifi:Send frame on channel 6 to 8e:ff:3e:16:e0:96

V (6594) wifi:change: chan<6,0>, dur<0,600>
V (6594) wifi:ht20 freq=2437, chan=6
V (6604) wifi:enter start op, arg=0x3fcb4374
D (6604) wifi:offchan_txop_start : 143
V (6604) wifi:start max timer
D (6614) wifi:tx_mgmt cb : 1636 status 1 
D (6614) wifi:tx data done, now:6634578
D (6614) wifi:woke up
D (6624) wpa: DPP: Rx Public Action frame: action - 9[0m
D (6624) event: running post WIFI_EVENT:19 with handler 0x4200a710 and context 0x3fca7f98 on loop 0x3fca6d0c[0m
D (6624) wpa: DPP: Authentication Confirmation from 8e:ff:3e:16:e0:96[0m
D (6634) event: running post WIFI_EVENT:19 with handler 0x4201563c and context 0x3fcb2560 on loop 0x3fca6d0c[0m
D (6644) wpa: ELOOP: esp_dpp_rx_auth_conf:278 called to remove timer handler=0x4201551c, removed count=0[0m
D (6654) wpa: Mgmt Tx Status - 0, Cookie - 0x42014ad0[0m
D (6664) wpa: DPP: Wrapped data - hexdump(len=52):[0m
D (6674) wpa: 6d ad f1 89 87 96 e9 74 b5 b6 a9 73 b3 0a c4 38 [0m
D (6674) wpa: 8c fe 4d 7b ba df fa 8b e6 1b d6 de 6c e9 aa 42 [0m
D (6684) wpa: 47 42 7b 60 f0 51 1c bb 4a 45 67 c3 21 7f 91 c6 [0m
D (6684) wpa: 2c d1 78 2f [0m
D (6694) wpa: DPP: Responder Bootstrapping Key Hash - hexdump(len=32):[0m
D (6694) wpa: 4c 38 db 61 84 47 5f af a4 9c 0f cd a6 61 7c 36 [0m
D (6704) wpa: 60 ca c2 dc 5f 40 ac b2 31 0c ef ab fc 2d 2a 4f [0m
D (6714) wpa: DPP: Status 0[0m
D (6714) wpa: DDP: AES-SIV AD[0] - hexdump(len=6):[0m
D (6714) wpa: 50 6f 9a 1a 01 02 [0m
D (6724) wpa: DDP: AES-SIV AD[1] - hexdump(len=41):[0m
D (6724) wpa: 00 10 01 00 00 02 10 20 00 4c 38 db 61 84 47 5f [0m
D (6734) wpa: af a4 9c 0f cd a6 61 7c 36 60 ca c2 dc 5f 40 ac [0m
D (6734) wpa: b2 31 0c ef ab fc 2d 2a 4f [0m
D (6744) wpa: DPP: AES-SIV ciphertext - hexdump(len=52):[0m
D (6744) wpa: 6d ad f1 89 87 96 e9 74 b5 b6 a9 73 b3 0a c4 38 [0m
D (6754) wpa: 8c fe 4d 7b ba df fa 8b e6 1b d6 de 6c e9 aa 42 [0m
D (6764) wpa: 47 42 7b 60 f0 51 1c bb 4a 45 67 c3 21 7f 91 c6 [0m
D (6764) wpa: 2c d1 78 2f [0m
D (6764) wpa: DPP: AES-SIV cleartext - hexdump(len=36):[0m
D (6774) wpa: 0a 10 20 00 25 7f 7d 0a 7f f2 9d 68 b5 d1 07 60 [0m
D (6784) wpa: 06 1c ad 80 4b b4 fb 55 0b 85 b6 20 f9 09 ac c5 [0m
D (6784) wpa: 55 59 f0 fc [0m
V (6784) wpa: DPP: Attribute ID 100a len 32[0m
D (6794) wpa: DPP: Received Initiator Authenticating Tag - hexdump(len=32):[0m
D (6804) wpa: 25 7f 7d 0a 7f f2 9d 68 b5 d1 07 60 06 1c ad 80 [0m
D (6804) wpa: 4b b4 fb 55 0b 85 b6 20 f9 09 ac c5 55 59 f0 fc [0m
D (6814) wpa: DPP: I-auth hash components[0m
D (6814) wpa: DPP: hash component - hexdump(len=16):[0m
D (6824) wpa: 31 65 8f 3f ae 2f 06 5f 6c 4b 3e 83 da 52 3d 1e [0m
D (6824) wpa: DPP: hash component - hexdump(len=16):[0m
D (6834) wpa: c1 8a f0 5e 87 d9 85 00 1d 63 4d 0e 9e 73 5c 75 [0m
D (6834) wpa: DPP: hash component - hexdump(len=32):[0m
D (6844) wpa: 34 88 f1 fe 9e f9 81 17 77 a3 0b 1e 4a 32 48 35 [0m
D (6844) wpa: 58 0e b2 e8 23 6a 98 36 8a 3e a9 ab fa 04 7b da [0m
D (6854) wpa: DPP: hash component - hexdump(len=32):[0m
D (6854) wpa: f3 f5 93 8f 77 d5 bd e5 a4 e2 93 21 73 91 9d d5 [0m
D (6864) wpa: 56 67 90 48 01 9e 91 8a 71 ef 60 3f 56 c4 9e 5f [0m
D (6874) wpa: DPP: hash component - hexdump(len=32):[0m
D (6874) wpa: 6e 6f 89 22 59 46 9a c9 fd a6 f3 c8 c6 ca f4 1a [0m
D (6884) wpa: 04 8a 32 a7 78 5e 4c 4d 3e 64 30 f7 c9 3f 61 32 [0m
D (6884) wpa: DPP: hash component - hexdump(len=1):[0m
D (6894) wpa: 01 [0m
D (6894) wpa: DPP: I-auth - hexdump(len=32):[0m
D (6894) wpa: 25 7f 7d 0a 7f f2 9d 68 b5 d1 07 60 06 1c ad 80 [0m
D (6904) wpa: 4b b4 fb 55 0b 85 b6 20 f9 09 ac c5 55 59 f0 fc [0m
D (6914) wpa: DPP: Calculated Initiator Authenticating Tag - hexdump(len=32):[0m
D (6914) wpa: 25 7f 7d 0a 7f f2 9d 68 b5 d1 07 60 06 1c ad 80 [0m
D (6924) wpa: 4b b4 fb 55 0b 85 b6 20 f9 09 ac c5 55 59 f0 fc [0m
D (6934) wpa: DPP: Authentication success - clear temporary keys[0m
D (6934) wpa: DPP: Build configuration request[0m
D (6944) wpa: DPP: E-nonce - hexdump(len=16):[0m
D (6944) wpa: 6d dd 9b 63 9e 10 7f 4c e5 77 df a5 a0 fc 34 ac [0m
D (6954) wpa: DPP: configRequest JSON - hexdump(len=71):[0m
D (6954) wpa: 7b 22 6e 61 6d 65 22 3a 22 54 65 73 74 22 2c 22 [0m
D (6964) wpa: 77 69 2d 66 69 5f 74 65 63 68 22 3a 22 69 6e 66 [0m
D (6964) wpa: 72 61 22 2c 22 6e 65 74 52 6f 6c 65 22 3a 22 73 [0m
D (6974) wpa: 74 61 22 2c 22 62 61 6e 64 53 75 70 70 6f 72 74 [0m
D (6984) wpa: 22 3a 5b 38 31 5d 7d [0m
D (6984) wpa: DPP: AES-SIV cleartext - hexdump(len=95):[0m
D (6984) wpa: 14 10 10 00 6d dd 9b 63 9e 10 7f 4c e5 77 df a5 [0m
D (6994) wpa: a0 fc 34 ac 0e 10 47 00 7b 22 6e 61 6d 65 22 3a [0m
D (7004) wpa: 22 54 65 73 74 22 2c 22 77 69 2d 66 69 5f 74 65 [0m
D (7004) wpa: 63 68 22 3a 22 69 6e 66 72 61 22 2c 22 6e 65 74 [0m
D (7014) wpa: 52 6f 6c 65 22 3a 22 73 74 61 22 2c 22 62 61 6e [0m
D (7014) wpa: 64 53 75 70 70 6f 72 74 22 3a 5b 38 31 5d 7d [0m
D (7024) wpa: DPP: AES-SIV ciphertext - hexdump(len=111):[0m
D (7024) wpa: 15 7e 41 00 7d 87 c9 b0 9b c7 8e 6a 48 a8 be de [0m
D (7034) wpa: 78 32 1e 5b 4f f8 3a ec 94 db 89 73 06 86 0d 0f [0m
D (7044) wpa: ca c2 fa ba 05 7a 68 3b fc ff c3 e0 0f dc 4b c2 [0m
D (7044) wpa: 11 b9 ad ad 45 5c 03 5c 7f d0 b3 91 39 5b fa e0 [0m
D (7054) wpa: 19 73 19 ba be f0 7e 72 67 f5 dc b0 c9 bb 32 ef [0m
D (7054) wpa: c2 cd 4e 47 f5 eb e2 bf a8 63 a7 47 98 a6 35 7d [0m
D (7064) wpa: 3c ef 65 f9 04 3e 4e eb 09 c4 98 2c ed 2d 69 [0m
D (7074) wpa: DPP: Configuration Request frame attributes - hexdump(len=115):[0m
D (7074) wpa: 04 10 6f 00 15 7e 41 00 7d 87 c9 b0 9b c7 8e 6a [0m
D (7084) wpa: 48 a8 be de 78 32 1e 5b 4f f8 3a ec 94 db 89 73 [0m
D (7084) wpa: 06 86 0d 0f ca c2 fa ba 05 7a 68 3b fc ff c3 e0 [0m
D (7094) wpa: 0f dc 4b c2 11 b9 ad ad 45 5c 03 5c 7f d0 b3 91 [0m
D (7104) wpa: 39 5b fa e0 19 73 19 ba be f0 7e 72 67 f5 dc b0 [0m
D (7104) wpa: c9 bb 32 ef c2 cd 4e 47 f5 eb e2 bf a8 63 a7 47 [0m
D (7114) wpa: 98 a6 35 7d 3c ef 65 f9 04 3e 4e eb 09 c4 98 2c [0m
D (7114) wpa: ed 2d 69 [0m
V (7124) wpa: DPP: GAS Config Request - hexdump(len=130):[0m
V (7124) wpa: 04 0a 00 6c 08 7f dd 05 50 6f 9a 1a 01 73 00 04 [0m
V (7134) wpa: 10 6f 00 15 7e 41 00 7d 87 c9 b0 9b c7 8e 6a 48 [0m
V (7134) wpa: a8 be de 78 32 1e 5b 4f f8 3a ec 94 db 89 73 06 [0m
V (7144) wpa: 86 0d 0f ca c2 fa ba 05 7a 68 3b fc ff c3 e0 0f [0m
V (7154) wpa: dc 4b c2 11 b9 ad ad 45 5c 03 5c 7f d0 b3 91 39 [0m
V (7154) wpa: 5b fa e0 19 73 19 ba be f0 7e 72 67 f5 dc b0 c9 [0m
V (7164) wpa: bb 32 ef c2 cd 4e 47 f5 eb e2 bf a8 63 a7 47 98 [0m
V (7164) wpa: a6 35 7d 3c ef 65 f9 04 3e 4e eb 09 c4 98 2c ed [0m
V (7174) wpa: 2d 69 [0m
D (7174) wpa: DPP: GAS request to 8e:ff:3e:16:e0:96 (chan 6)[0m
D (7184) wpa: DPP: Mgmt Tx - MAC:8e:ff:3e:16:e0:96, Channel-6, WaitT-600[0m
V (7184) esp_adapter: thread sem get: sem=0x3fcb28a0[0m
D (7194) wifi:OFFCHAN-Tx: Ending op at 6.0, returning to Channel 1
V (7204) wifi:back home chan=<1,0>, current chan=<6,0>
V (7204) wifi:ht20 freq=2412, chan=1
D (7204) wifi:Send frame on channel 6 to 8e:ff:3e:16:e0:96

V (7214) wifi:change: chan<6,0>, dur<0,600>
V (7214) wifi:ht20 freq=2437, chan=6
V (7224) wifi:enter start op, arg=0x3fcb4484
D (7224) wifi:offchan_txop_start : 143
V (7224) wifi:start max timer
D (7234) wpa: ELOOP: Added one timer from esp_dpp_rx_auth_conf:291 to call 0x42014bdc, current order=0[0m
D (7234) wifi:tx_mgmt cb : 1636 status 1 
D (7244) wifi:tx data done, now:7263076
D (7244) wifi:woke up
D (7244) wpa: DPP: Rx Public Action frame: action - 11[0m
D (7254) event: running post WIFI_EVENT:19 with handler 0x4200a710 and context 0x3fca7f98 on loop 0x3fca6d0c[0m
D (7254) wpa: DPP: Gas response received[0m
D (7264) event: running post WIFI_EVENT:19 with handler 0x4201563c and context 0x3fcb2560 on loop 0x3fca6d0c[0m
V (7264) wpa: DPP: Attribute ID 1000 len 1[0m
D (7274) wpa: Mgmt Tx Status - 0, Cookie - 0x42014ad0[0m
V (7284) wpa: DPP: Attribute ID 1004 len 139[0m
D (7294) wpa: DPP: AES-SIV ciphertext - hexdump(len=139):[0m
D (7294) wpa: ef 37 2e 5d ca 8e eb 30 22 bb 99 5f 4f 8e 63 0d [0m
D (7304) wpa: ff 07 03 fc e8 17 91 4a 4f 25 2d 28 a6 12 df 13 [0m
D (7304) wpa: 06 61 b8 10 33 9c 26 91 84 39 24 05 b5 ef a6 33 [0m
D (7314) wpa: d5 fb 63 2f 94 05 0f 76 0f 9e 21 ef 90 45 3a 61 [0m
D (7324) wpa: d3 f6 e5 52 b4 dd 0d 62 05 38 d2 a1 49 ad ec 86 [0m
D (7324) wpa: 4b 46 8e 12 4e 0e 47 65 ba a1 52 09 eb 4b d0 3c [0m
D (7334) wpa: 7d 1c 93 74 72 30 2b 5f c6 00 56 50 83 b4 91 d7 [0m
D (7334) wpa: 4d 3a bf a3 14 23 77 7b 0f 31 12 b5 54 2f 47 3b [0m
D (7344) wpa: 45 b6 e9 79 53 0f 75 b5 cf a7 03 [0m
D (7344) wpa: DDP: AES-SIV AD - hexdump(len=5):[0m
D (7354) wpa: 00 10 01 00 00 [0m
D (7354) wpa: DPP: AES-SIV cleartext - hexdump(len=123):[0m
D (7364) wpa: 14 10 10 00 6d dd 9b 63 9e 10 7f 4c e5 77 df a5 [0m
D (7364) wpa: a0 fc 34 ac 0c 10 63 00 7b 22 77 69 2d 66 69 5f [0m
D (7374) wpa: 74 65 63 68 22 3a 22 69 6e 66 72 61 22 2c 22 64 [0m
D (7384) wpa: 69 73 63 6f 76 65 72 79 22 3a 7b 22 73 73 69 64 [0m
D (7384) wpa: 22 3a 22 54 6f 76 61 6c 61 2d 74 75 72 72 69 73 [0m
D (7394) wpa: 22 7d 2c 22 63 72 65 64 22 3a 7b 22 61 6b 6d 22 [0m
D (7394) wpa: 3a 22 70 73 6b 22 2c 22 70 61 73 73 22 3a 22 6d [0m
D (7404) wpa: 69 63 72 6f 77 61 76 65 22 7d 7d [0m
V (7404) wpa: DPP: Attribute ID 1014 len 16[0m
V (7414) wpa: DPP: Attribute ID 100c len 99[0m
D (7414) wpa: DPP: Enrollee Nonce - hexdump(len=16):[0m
D (7424) wpa: 6d dd 9b 63 9e 10 7f 4c e5 77 df a5 a0 fc 34 ac [0m
D (7424) wpa: DPP: Status 0[0m
D (7434) wpa: DPP: configurationObject JSON - hexdump(len=99):[0m
D (7434) wpa: 7b 22 77 69 2d 66 69 5f 74 65 63 68 22 3a 22 69 [0m
D (7444) wpa: 6e 66 72 61 22 2c 22 64 69 73 63 6f 76 65 72 79 [0m
D (7444) wpa: 22 3a 7b 22 73 73 69 64 22 3a 22 54 6f 76 61 6c [0m
D (7454) wpa: 61 2d 74 75 72 72 69 73 22 7d 2c 22 63 72 65 64 [0m
D (7464) wpa: 22 3a 7b 22 61 6b 6d 22 3a 22 70 73 6b 22 2c 22 [0m
D (7464) wpa: 70 61 73 73 22 3a 22 6d 69 63 72 6f 77 61 76 65 [0m
D (7474) wpa: 22 7d 7d [0m
V (7474) wpa: JSON: String value: 'wi-fi_tech' = 'infra'[0m
V (7484) wpa: JSON: String value: 'ssid' = '#############'[0m
V (7484) wpa: JSON: String value: 'akm' = 'psk'[0m
V (7494) wpa: JSON: String value: 'pass' = '#############'[0m
D (7494) wpa: DPP: discovery::ssid - hexdump(len=13):[0m
D (7504) wpa: 54 6f 76 61 6c 61 2d 74 75 72 72 69 73 [0m
D (7504) wpa: DPP: Legacy akm=psk credential[0m
D (7504) wpa: DPP: Legacy passphrase - hexdump(len=9):[0m
D (7514) wpa: 6d 69 63 72 6f 77 61 76 65 [0m
D (7514) wpa: DPP: JSON parsing completed successfully[0m
D (7524) wpa: ELOOP: gas_query_resp_rx:337 called to remove timer handler=0x42014bdc, removed count=1[0m
V (7534) esp_adapter: thread sem get: sem=0x3fcb28a0[0m
D (7534) wifi:clear blacklist
D (7544) nvs: nvs_get_str_or_blob sta.ssid[0m
D (7544) nvs: nvs_get sta.pmf_e 1[0m
[0;32mI (7544) wifi dpp-enrollee: DPP Authentication successful, connecting to AP : #############[0m
V (7554) esp_adapter: thread sem get: sem=0x3fcb28a0[0m
D (7564) wifi:Start wifi connect
D (7564) wifi:connect status 0 -> 0
D (7564) wifi:connect chan=0
D (7574) wifi:first chan=6
D (7574) wifi:connect status 0 -> 1
D (7574) wifi:OFFCHAN-Tx: Ending op at 7.0, returning to Channel 1
V (7584) wifi:back home chan=<1,0>, current chan=<6,0>
V (7584) wifi:ht20 freq=2412, chan=1
D (7594) wifi:filter: set rx policy=3
D (7594) wifi:clear scan ap list
D (7594) wifi:start scan: type=0x50f, priority=2, cb=0x4205391c, arg=0x0, ss_state=0x1, time=7616763, index=0
V (7604) wifi:inter_channel_timeout: arg=0x0, ss_state=0x1
D (7614) wifi:perform scan: ss_state=0x9, chan<6,0>, dur<0,120>
V (7614) wifi:change: chan<6,0>, dur<0,120>
V (7624) wifi:ht20 freq=2437, chan=6
V (7624) wifi:enter start op, arg=0x3fc9e0aa
V (7624) wifi:scan operation: state=0x3, chan<6,0>, arg=0x3fc9e0aa, status=0
V (7634) wifi:scan specific ssid=#############
V (7644) wifi:start max timer
D (7644) wifi:tx data done, now:7663095
D (7644) wifi:3011 : no offchan in progress
D (7654) wifi:woke up
D (7654) wifi:rsn valid: gcipher=3 ucipher=3 akm=9 mac=04:f0:21:8f:78:38
V (7654) wifi:updated connection retries to 0
D (7664) wpa: rsn_ie - hexdump(len=30):[0m
D (7664) wpa: 30 1c 01 00 00 0f ac 04 01 00 00 0f ac 04 03 00 [0m
D (7674) wpa: 00 0f ac 02 00 0f ac 06 00 0f ac 08 8c 00 [0m
D (7674) wifi:profile match: ss_state=0x7
V (7684) wifi:scan histroy table is not full yet, add
V (7684) wifi:add ssid=#############, chan=6 to scan history
D (7694) wifi:scan end: arg=0x0, status=0, ss_state=0x7
D (7694) wifi:find first mathched ssid, scan done
V (7704) wifi:back home chan=<1,0>, current chan=<6,0>
V (7704) wifi:ht20 freq=2412, chan=1
D (7714) wifi:filter: set rx policy=4
D (7714) wifi:first chan=1
V (7714) wifi:scan_done: arg=0x0, status=0, cur_time=7734448, scan_id=128, scan state=0
V (7724) wifi:call scan_done cb, arg=0x0
D (7724) wifi:handoff_cb: status=0
V (7734) wifi:best bss has set.
D (7734) wifi:ap found, mac=04:f0:21:8f:78:38
V (7734) wifi:bssid=04:f0:21:8f:78:38, LR=0
D (7744) wifi:new_bss=0x3fc9e3a8, cur_bss=0x0, new_chan=<6,0>, cur_chan=1
D (7744) wifi:filter: set rx policy=5
D (7754) wpa: WPA: set AP RSNXE - hexdump(len=3):[0m
D (7754) wpa: f4 01 20 [0m
D (7754) wpa: SAE-PK: Not a valid password (length)[0m
I (7764) wifi:new:<6,0>, old:<1,0>, ap:<255,255>, sta:<6,0>, prof:1
V (7764) wifi:ht20 freq=2437, chan=6
D (7774) wifi:connect_op: status=0, auth=9, cipher=3 
D (7774) wpa: RSN: PMKSA cache search - network_ctx=0x0 try_opportunistic=0[0m
D (7784) wpa: RSN: Search for BSSID 04:f0:21:8f:78:38[0m
D (7784) wpa: RSN: No PMKSA cache entry found[0m
D (7794) wpa: RSN: set own RSNXE - hexdump(len=3):[0m
D (7794) wpa: f4 01 20 [0m
D (7804) wifi:auth mode is not none
D (7804) wifi:connect_bss: auth=1, reconnect=0
I (7804) wifi:state: init -> auth (b0)
D (7814) wpa: SAE: Derive PT - group 19[0m
D (7814) wpa: SAE: SSID - hexdump(len=13):[0m
D (7824) wpa: 54 6f 76 61 6c 61 2d 74 75 72 72 69 73 [0m
D (7824) wpa: SAE: password - hexdump(len=9):[0m
D (7824) wpa: 6d 69 63 72 6f 77 61 76 65 [0m
D (7834) wpa: SAE: pwd-seed - hexdump(len=32):[0m
D (7834) wpa: 24 d5 57 bd e4 96 bd 57 14 22 ed c6 65 84 73 6e [0m
D (7844) wpa: de 0d 0b 5d 69 08 ba b5 03 20 2a d2 f4 f8 4f f7 [0m
D (7854) wpa: SAE: pwd-value (u1 P1) - hexdump(len=48):[0m
D (7854) wpa: 92 58 a1 b9 0e 20 ec 6d 64 2e 4f 96 a6 02 34 48 [0m
D (7864) wpa: 46 67 c4 20 3e 44 95 35 99 c1 94 63 a7 1f 5d b6 [0m
D (7864) wpa: 8f c6 8c a7 fb 9e d9 cc bb 77 62 dc d0 57 d7 a8 [0m
D (7874) wpa: SAE: u1 - hexdump(len=32):[0m
D (7874) wpa: 4b f0 6a 41 34 14 11 56 f9 48 06 3d 34 d0 21 b3 [0m
D (7884) wpa: aa 47 4c 3c 9c 18 67 f3 2d c6 9e e0 48 2f b9 cd [0m
D (7894) wpa: SSWU: m - hexdump(len=32):[0m
D (7894) wpa: 22 c4 17 f9 c9 df 82 c0 03 a0 78 b3 7b 34 9f 3f [0m
D (7894) wpa: 82 ac bc 99 23 5c a6 14 50 c2 64 20 ec 55 0d f9 [0m
D (7904) event: running post WIFI_EVENT:40 with handler 0x4200a710 and context 0x3fca7f98 on loop 0x3fca6d0c[0m
D (7904) wpa: SSWU: t - hexdump(len=32):[0m
D (7914) wpa: 99 15 5b b8 92 d4 a1 5e 25 f1 6e 3c cf 2d 45 db [0m
D (7924) wpa: 53 63 2f f3 20 e4 7a 1f e8 01 33 cf 97 bb 51 86 [0m
D (7934) wpa: SSWU: x1a = b / (z * a) - hexdump(len=32):[0m
D (7934) wpa: a5 28 bd 86 96 bd af 99 6c 65 b9 82 d9 49 59 d3 [0m
D (7944) wpa: 14 6f e6 a0 20 69 30 90 bd ba 13 13 23 75 f2 24 [0m
D (7954) wpa: SSWU: x1b = (-b/a) * (1 + t) - hexdump(len=32):[0m
D (7954) wpa: c6 40 cf 89 cb 99 32 70 6b b9 9c 24 16 be c7 95 [0m
D (7954) wpa: 4f a6 cf aa 95 9b e5 be ce ff 0c 43 85 49 d4 e1 [0m
D (7964) wpa: SSWU: x1 = CSEL(l, x1a, x1b) - hexdump(len=32):[0m
D (7974) wpa: c6 40 cf 89 cb 99 32 70 6b b9 9c 24 16 be c7 95 [0m
D (7974) wpa: 4f a6 cf aa 95 9b e5 be ce ff 0c 43 85 49 d4 e1 [0m
D (7984) wpa: SSWU: gx1 = x1^3 + a * x1 + b - hexdump(len=32):[0m
D (7984) wpa: 94 d6 6c 53 de 50 f1 d4 f8 67 54 5b 51 cb 2f 23 [0m
D (7994) wpa: 45 4c fe 21 1b 65 7f 77 15 b6 7e cc 00 d2 ce cb [0m
D (8004) wpa: SSWU: x2 = z * u^2 * x1 - hexdump(len=32):[0m
D (8004) wpa: c9 6b be c4 9f 34 ee a6 da 1d 5f f3 79 20 d7 c0 [0m
D (8014) wpa: 92 44 1f 5b 53 b1 d5 7a c3 d2 d2 d8 af 73 9a e4 [0m
D (8014) wpa: SSWU: gx2 = x2^3 + a * x2 + b - hexdump(len=32):[0m
D (8024) wpa: d1 65 2c 8a 83 fb c5 66 72 39 75 5c 52 41 1c 9b [0m
D (8024) wpa: b5 5b 3a ba 02 bb 27 f0 00 6d 50 37 35 a3 c3 60 [0m
D (8034) wpa: SSWU: gx1^((p-1)/2) modulo p - hexdump(len=32):[0m
D (8044) wpa: 7f ff ff ff 80 00 00 00 80 00 00 00 00 00 00 00 [0m
D (8044) wpa: 00 00 00 00 7f ff ff ff ff ff ff ff ff ff ff ff [0m
D (8054) wpa: SSWU: v = CSEL(l, gx1, gx2) - hexdump(len=32):[0m
D (8054) wpa: d1 65 2c 8a 83 fb c5 66 72 39 75 5c 52 41 1c 9b [0m
D (8064) wpa: b5 5b 3a ba 02 bb 27 f0 00 6d 50 37 35 a3 c3 60 [0m
D (8074) wpa: SSWU: x = CSEL(l, x1, x2) - hexdump(len=32):[0m
D (8074) wpa: c9 6b be c4 9f 34 ee a6 da 1d 5f f3 79 20 d7 c0 [0m
D (8084) wpa: 92 44 1f 5b 53 b1 d5 7a c3 d2 d2 d8 af 73 9a e4 [0m
D (8084) wpa: SSWU: y = sqrt(v) - hexdump(len=32):[0m
D (8094) wpa: be d9 68 dd bd 84 b3 ea 6d 35 08 41 5a 02 06 50 [0m
D (8094) wpa: 7f c9 79 3a 65 31 13 db b1 d8 13 1e ce cf bd c5 [0m
D (8104) wpa: SSWU: p - y - hexdump(len=32):[0m
D (8104) wpa: 41 26 97 21 42 7b 4c 16 92 ca f7 be a5 fd f9 af [0m
D (8114) wpa: 80 36 86 c6 9a ce ec 24 4e 27 ec e1 31 30 42 3a [0m
D (8124) wpa: SSWU: P.x - hexdump(len=32):[0m
D (8124) wpa: c9 6b be c4 9f 34 ee a6 da 1d 5f f3 79 20 d7 c0 [0m
D (8134) wpa: 92 44 1f 5b 53 b1 d5 7a c3 d2 d2 d8 af 73 9a e4 [0m
D (8134) wpa: SSWU: P.y - hexdump(len=32):[0m
D (8144) wpa: be d9 68 dd bd 84 b3 ea 6d 35 08 41 5a 02 06 50 [0m
D (8144) wpa: 7f c9 79 3a 65 31 13 db b1 d8 13 1e ce cf bd c5 [0m
D (8154) wpa: SAE: pwd-value (u2 P2) - hexdump(len=48):[0m
D (8154) wpa: fc ec 6e 65 4a 25 1a a9 10 91 53 f0 45 f5 e4 22 [0m
D (8164) wpa: 4e b9 e6 9b 09 a0 25 6d 36 32 4b 87 6e db af b0 [0m
D (8164) wpa: ef c4 3a 0d 6a aa e5 5c 49 e8 a2 95 8a 0c 47 92 [0m
D (8174) wpa: SAE: u2 - hexdump(len=32):[0m
D (8174) wpa: 4d 9e 41 ad b3 18 ed 5a ef 20 c2 79 14 25 41 19 [0m
D (8184) wpa: 93 15 de c7 b1 bc 6e 6a a4 9f 11 2d e3 a7 11 3e [0m
D (8194) wpa: SSWU: m - hexdump(len=32):[0m
D (8194) wpa: df ea e1 b5 24 db 64 e2 af 65 a4 aa 8c 0c e5 f7 [0m
D (8204) wpa: 40 b2 d9 be 54 97 5e 8c 55 96 3d ee 17 a9 95 bb [0m
D (8204) wpa: SSWU: t - hexdump(len=32):[0m
D (8214) wpa: 3f a7 25 21 f0 e8 4e 5c fc 8a 49 21 e3 13 0f 0b [0m
D (8214) wpa: 41 86 bb 64 19 ae 13 45 96 85 50 be 16 57 f3 16 [0m
D (8224) wpa: SSWU: x1a = b / (z * a) - hexdump(len=32):[0m
D (8224) wpa: a5 28 bd 86 96 bd af 99 6c 65 b9 82 d9 49 59 d3 [0m
D (8234) wpa: 14 6f e6 a0 20 69 30 90 bd ba 13 13 23 75 f2 24 [0m
D (8244) wpa: SSWU: x1b = (-b/a) * (1 + t) - hexdump(len=32):[0m
D (8244) wpa: b5 21 84 1c 2d b5 19 95 3c a3 8d 22 04 86 3d dc [0m
D (8254) wpa: 81 fb 2d ed 2a db 6f e4 7a a3 8a 09 47 5f e7 88 [0m
D (8254) wpa: SSWU: x1 = CSEL(l, x1a, x1b) - hexdump(len=32):[0m
D (8264) wpa: b5 21 84 1c 2d b5 19 95 3c a3 8d 22 04 86 3d dc [0m
D (8264) wpa: 81 fb 2d ed 2a db 6f e4 7a a3 8a 09 47 5f e7 88 [0m
D (8274) wpa: SSWU: gx1 = x1^3 + a * x1 + b - hexdump(len=32):[0m
D (8284) wpa: 6a 75 85 6d 9e 7c 9a c9 5a fc 5c 7d aa b7 00 23 [0m
D (8284) wpa: 71 ee 0b db 40 f5 1d 3f 8f 48 b1 77 2a 88 78 47 [0m
D (8294) wpa: SSWU: x2 = z * u^2 * x1 - hexdump(len=32):[0m
D (8294) wpa: 98 b2 9a 5d b8 ae db dc 18 2e 64 ba 78 4e 8a 3d [0m
D (8304) wpa: 19 cd 55 93 e0 1a c3 d0 77 6f 9e a1 ce 84 8d bb [0m
D (8314) wpa: SSWU: gx2 = x2^3 + a * x2 + b - hexdump(len=32):[0m
D (8314) wpa: a7 c4 95 b1 0a ba 37 1c 7d 33 9c 0a b3 ae 1e 22 [0m
D (8324) wpa: 89 d4 37 6f fc 03 cb f0 7b 25 ca 49 56 ed 4d 57 [0m
D (8324) wpa: SSWU: gx1^((p-1)/2) modulo p - hexdump(len=32):[0m
D (8334) wpa: 7f ff ff ff 80 00 00 00 80 00 00 00 00 00 00 00 [0m
D (8334) wpa: 00 00 00 00 7f ff ff ff ff ff ff ff ff ff ff ff [0m
D (8344) wpa: SSWU: v = CSEL(l, gx1, gx2) - hexdump(len=32):[0m
D (8354) wpa: 6a 75 85 6d 9e 7c 9a c9 5a fc 5c 7d aa b7 00 23 [0m
D (8354) wpa: 71 ee 0b db 40 f5 1d 3f 8f 48 b1 77 2a 88 78 47 [0m
D (8364) wpa: SSWU: x = CSEL(l, x1, x2) - hexdump(len=32):[0m
D (8364) wpa: b5 21 84 1c 2d b5 19 95 3c a3 8d 22 04 86 3d dc [0m
D (8374) wpa: 81 fb 2d ed 2a db 6f e4 7a a3 8a 09 47 5f e7 88 [0m
D (8384) wpa: SSWU: y = sqrt(v) - hexdump(len=32):[0m
D (8384) wpa: ec 60 53 ed 22 59 75 f3 f9 9b e6 34 94 78 e2 84 [0m
D (8394) wpa: f1 b4 90 f6 c1 40 d8 84 33 0f b7 a3 8f e6 91 41 [0m
D (8394) wpa: SSWU: p - y - hexdump(len=32):[0m
D (8404) wpa: 13 9f ac 11 dd a6 8a 0d 06 64 19 cb 6b 87 1d 7b [0m
D (8404) wpa: 0e 4b 6f 0a 3e bf 27 7b cc f0 48 5c 70 19 6e be [0m
D (8414) wpa: SSWU: P.x - hexdump(len=32):[0m
D (8414) wpa: b5 21 84 1c 2d b5 19 95 3c a3 8d 22 04 86 3d dc [0m
D (8424) wpa: 81 fb 2d ed 2a db 6f e4 7a a3 8a 09 47 5f e7 88 [0m
D (8424) wpa: SSWU: P.y - hexdump(len=32):[0m
D (8434) wpa: 13 9f ac 11 dd a6 8a 0d 06 64 19 cb 6b 87 1d 7b [0m
D (8434) wpa: 0e 4b 6f 0a 3e bf 27 7b cc f0 48 5c 70 19 6e be [0m
D (8454) wpa: SAE: Selecting supported ECC group 19[0m
D (8454) wpa: SAE: Derive PWE from PT[0m
D (8454) wpa: SAE: PT.x - hexdump(len=32):[0m
D (8454) wpa: 5e 56 ac 85 c2 72 a4 cd 38 6d a8 06 8b 16 c1 43 [0m
D (8464) wpa: e0 2d 20 99 89 dc 11 35 ae dc a3 49 a1 83 d7 88 [0m
D (8464) wpa: SAE: PT.y - hexdump(len=32):[0m
D (8474) wpa: aa fa 7a f5 02 2c 8c e9 b1 48 10 ff c1 08 00 d3 [0m
D (8484) wpa: ad 99 e5 1b 07 39 e7 cd 99 28 0e 5b 6b 2c 1f 43 [0m
D (8484) wpa: SAE: val = H(0^n, MAX(addrs) || MIN(addrs))[0m
D (8494) wpa: SAE: val - hexdump(len=32):[0m
D (8494) wpa: fd 57 57 36 8e 3c 67 38 67 51 7b 06 72 d2 0a c2 [0m
D (8504) wpa: 15 06 a4 7a 4f d1 c8 94 80 82 fe c2 50 08 27 0f [0m
D (8504) wpa: SAE: val(reduced to 1..q-1) - hexdump(len=32):[0m
D (8514) wpa: fd 57 57 36 8e 3c 67 38 67 51 7b 06 72 d2 0a c2 [0m
D (8514) wpa: 15 06 a4 7a 4f d1 c8 94 80 82 fe c2 50 08 27 10 [0m
D (8674) wpa: SAE: PWE.x - hexdump(len=32):[0m
D (8674) wpa: d5 06 0e 8d 73 a9 23 d7 5f 4b a4 c1 ad 4d 48 23 [0m
D (8674) wpa: b8 52 ef 6a 16 14 7f 2f 34 46 5c ef cc 8f ff 48 [0m
D (8684) wpa: SAE: PWE.y - hexdump(len=32):[0m
D (8684) wpa: c6 c2 8a b3 39 d2 5a 4f 49 b4 9b c1 c9 ba df 48 [0m
D (8694) wpa: c5 8a 58 bd 46 f0 76 7c 13 04 7a 7e da b1 4f 81 [0m
D (8854) wpa: SAE: own commit-scalar - hexdump(len=32):[0m
D (8854) wpa: e6 39 4e 72 05 a0 c6 b0 da 43 47 69 3c 31 94 17 [0m
D (8854) wpa: a4 c2 5a a0 4d c5 e3 26 56 65 56 e5 f4 53 6e e0 [0m
D (8864) wpa: SAE: own commit-element(x) - hexdump(len=32):[0m
D (8864) wpa: ba d0 bf 66 91 a7 d4 ac b0 06 08 51 f5 90 18 1d [0m
D (8874) wpa: 51 80 52 3a 9b 8f 65 19 8e b7 9f b4 5c a2 f7 cb [0m
D (8874) wpa: SAE: own commit-element(y) - hexdump(len=32):[0m
D (8884) wpa: 13 1d d3 a9 d0 ae 58 a4 d3 63 25 52 04 59 e0 af [0m
D (8884) wpa: 87 33 cb 3b 90 36 67 cf 52 83 7c 2c 0b 45 2a 34 [0m
D (8894) wifi:start 1s AUTH timer
D (8894) wifi:clear scan ap list
D (8904) wifi:tx data done, now:8921817
D (8904) wifi:3011 : no offchan in progress
D (8904) wifi:woke up
D (8914) wifi:recv auth: seq=1, status=126
D (8914) wpa: SAE: Peer commit-scalar - hexdump(len=32):[0m
D (8914) wpa: 97 b0 2b 10 45 c7 3d b7 7a 8d 13 b4 8e 19 94 61 [0m
D (8924) wpa: 5c 3d 59 3b 12 48 93 56 52 16 37 6a b8 af 91 97 [0m
D (8934) wpa: SAE: Peer commit-element(x) - hexdump(len=32):[0m
D (8934) wpa: dd 60 d9 5d 90 39 d0 ed 58 3d 58 98 7b ea 93 3c [0m
D (8944) wpa: 96 82 4a 02 c6 38 60 88 b9 fd f4 8e 41 6a 49 98 [0m
D (8944) wpa: SAE: Peer commit-element(y) - hexdump(len=32):[0m
D (8954) wpa: 4a ad 66 be 10 d9 1b 30 a7 93 6e 63 85 bf 75 0e [0m
D (8964) wpa: 9e f8 de d1 bb 26 86 49 a2 cf 2d 65 4b ae fa 2c [0m
D (8964) wpa: SAE: Possible elements at the end of the frame - hexdump(len=0):[0m
D (8974) wpa: SAE: Possible elements at the end of the frame - hexdump(len=0):[0m
D (8984) wpa: SAE: Possible elements at the end of the frame - hexdump(len=0):[0m
D (8984) wpa: SAE: Possible elements at the end of the frame - hexdump(len=0):[0m
D (9304) wpa: SAE: k - hexdump(len=32):[0m
D (9304) wpa: 9c 7f 01 e3 02 6b 48 47 49 52 b9 50 e8 0d 8b 63 [0m
D (9304) wpa: 5e 69 d6 c4 9e 00 e8 a8 8c d1 8b b2 38 93 9f 42 [0m
D (9314) wpa: SAE: salt for keyseed derivation - hexdump(len=32):[0m
D (9314) wpa: 00 00 00 00 00 00 00 00 00 00 00 00 00 00 00 00 [0m
D (9324) wpa: 00 00 00 00 00 00 00 00 00 00 00 00 00 00 00 00 [0m
D (9334) wpa: SAE: keyseed - hexdump(len=32):[0m
D (9334) wpa: 55 bf fe 72 be 16 b6 e3 91 e3 0c ae d5 48 3f a4 [0m
D (9344) wpa: c6 6f 6d bc ea 1f 90 b8 08 22 09 59 49 0c 9a df [0m
D (9344) wpa: SAE: PMKID - hexdump(len=16):[0m
D (9354) wpa: 7d e9 79 83 4b 68 04 67 54 d0 5b 1d ca 4b 28 79 [0m
D (9354) wpa: SAE: KCK - hexdump(len=32):[0m
D (9364) wpa: 29 af de 91 94 ee 17 33 e8 c4 37 e3 3b 95 d4 27 [0m
D (9364) wpa: 3c 46 3d ad aa c4 89 12 bb 55 eb 86 43 66 a1 cb [0m
D (9374) wpa: SAE: PMK - hexdump(len=32):[0m
D (9374) wpa: 41 be 88 e4 d1 0a a2 83 d6 7f ae 5a b1 c8 27 34 [0m
D (9384) wpa: 34 3a 3c de b0 a3 82 0c 44 b8 11 d1 5a 70 be d4 [0m
D (9394) wifi:tx data done, now:9410377
D (9394) wifi:3011 : no offchan in progress
D (9394) wifi:woke up
D (9394) wifi:recv auth: seq=2, status=0
D (9404) wpa: SAE: peer-send-confirm 65535[0m
D (9404) wpa: ELOOP: pmksa_cache_set_expiration:76 called to remove timer handler=0x4202c328, removed count=0[0m
D (9414) wpa: ELOOP: Added one timer from pmksa_cache_set_expiration:85 to call 0x4202c328, current order=0[0m
D (9424) wpa: RSN: Added PMKSA cache entry for 04:f0:21:8f:78:38 network_ctx=0x0[0m
I (9434) wifi:state: auth -> assoc (0)
D (9434) wifi:tx data done, now:9458412
D (9444) wifi:3011 : no offchan in progress
D (9444) wifi:woke up
D (9444) wifi:recv assoc: type=0x10
I (9444) wifi:Association refused temporarily, comeback time 1000 (TUs)
D (9454) wpa: WPA: Association event - clear replay counter[0m
D (9464) wpa: WPA: Clear old PTK[0m
I (10484) wifi:state: assoc -> assoc (0)
D (10484) wifi:tx data done, now:10501877
D (10484) wifi:3011 : no offchan in progress
D (10484) wifi:woke up
D (10524) wifi:recv assoc: type=0x10
D (10524) wifi:filter: set rx policy=6
I (10534) wifi:state: assoc -> run (10)
D (10534) wifi:start 10s connect timer for 4 way handshake
D (10534) wpa: WPA: Association event - clear replay counter[0m
D (10534) wpa: WPA: Clear old PTK[0m
V (10544) wifi:wpa_psk start
D (10544) wpa: IEEE 802.1X RX: version=2 type=3 length=117[0m
V (10554) wpa: WPA: RX EAPOL-Key - hexdump(len=121):[0m
V (10554) wpa: 02 03 00 75 02 00 88 00 10 00 00 00 00 00 00 00 [0m
V (10564) wpa: 2b 42 a2 0d 49 41 47 02 ab e2 8a ae 17 7f 7d 0f [0m
V (10564) wpa: 06 10 9e a3 c7 9f 89 56 37 9f de a7 24 0c 51 1d [0m
V (10574) wpa: 34 00 00 00 00 00 00 00 00 00 00 00 00 00 00 00 [0m
V (10584) wpa: 00 00 00 00 00 00 00 00 00 00 00 00 00 00 00 00 [0m
V (10584) wpa: 00 00 00 00 00 00 00 00 00 00 00 00 00 00 00 00 [0m
V (10594) wpa: 00 00 16 dd 14 00 0f ac 04 7d e9 79 83 4b 68 04 [0m
V (10594) wpa: 67 54 d0 5b 1d ca 4b 28 79 [0m
D (10604) wpa:   EAPOL-Key type=2[0m
D (10604) wpa:   key_info 0x88 (ver=0 keyidx=0 rsvd=0 Pairwise Ack)[0m
D (10614) wpa:   key_length=16 key_data_length=22[0m
D (10614) wpa:   replay_counter - hexdump(len=8):[0m
D (10624) wpa: 00 00 00 00 00 00 00 2b [0m
D (10624) wpa:   key_nonce - hexdump(len=32):[0m
D (10634) wpa: 42 a2 0d 49 41 47 02 ab e2 8a ae 17 7f 7d 0f 06 [0m
D (10634) wpa: 10 9e a3 c7 9f 89 56 37 9f de a7 24 0c 51 1d 34 [0m
D (10644) wpa:   key_iv - hexdump(len=16):[0m
D (10644) wpa: 00 00 00 00 00 00 00 00 00 00 00 00 00 00 00 00 [0m
D (10654) wpa:   key_rsc - hexdump(len=8):[0m
D (10654) wpa: 00 00 00 00 00 00 00 00 [0m
D (10664) wpa:   key_id (reserved) - hexdump(len=8):[0m
D (10664) wpa: 00 00 00 00 00 00 00 00 [0m
D (10664) wpa:   key_mic - hexdump(len=16):[0m
D (10674) wpa: 00 00 00 00 00 00 00 00 00 00 00 00 00 00 00 00 [0m
D (10674) wpa: WPA 1/4-Way Handshake[0m
D (10684) wpa: RSN: msg 1/4 key data - hexdump(len=22):[0m
D (10684) wpa: dd 14 00 0f ac 04 7d e9 79 83 4b 68 04 67 54 d0 [0m
D (10694) wpa: 5b 1d ca 4b 28 79 [0m
D (10694) wpa: WPA: PMKID in EAPOL-Key - hexdump(len=22):[0m
D (10704) wpa: dd 14 00 0f ac 04 7d e9 79 83 4b 68 04 67 54 d0 [0m
D (10704) wpa: 5b 1d ca 4b 28 79 [0m
D (10714) wpa: RSN: PMKID from Authenticator - hexdump(len=16):[0m
D (10714) wpa: 7d e9 79 83 4b 68 04 67 54 d0 5b 1d ca 4b 28 79 [0m
D (10724) wpa: RSN: found matching PMKID from PMKSA cache[0m
D (10734) wpa: RSN: matched PMKID - hexdump(len=16):[0m
D (10734) wpa: 7d e9 79 83 4b 68 04 67 54 d0 5b 1d ca 4b 28 79 [0m
D (10744) wpa: RSN: PMK from PMKSA cache - hexdump(len=32):[0m
D (10744) wpa: 41 be 88 e4 d1 0a a2 83 d6 7f ae 5a b1 c8 27 34 [0m
D (10754) wpa: 34 3a 3c de b0 a3 82 0c 44 b8 11 d1 5a 70 be d4 [0m
D (10754) wpa: WPA: Renewed SNonce - hexdump(len=32):[0m
D (10764) wpa: dd e4 d1 fa f2 f5 85 dc 0a 4b ce 6f bf 67 e7 24 [0m
D (10764) wpa: e0 b0 32 6f 06 70 99 90 6c 7c ac 67 37 7c 13 36 [0m
D (10774) wpa: WPA: PTK derivation - A1=84:fc:e6:7b:73:b8 A2=04:f0:21:8f:78:38
[0m
V (10784) wpa: WPA: PMK - hexdump(len=32):[0m
V (10784) wpa: 41 be 88 e4 d1 0a a2 83 d6 7f ae 5a b1 c8 27 34 [0m
V (10794) wpa: 34 3a 3c de b0 a3 82 0c 44 b8 11 d1 5a 70 be d4 [0m
D (10794) wpa: WPA: PTK - hexdump(len=48):[0m
D (10804) wpa: 3c c9 5f 28 56 0d 5d 80 4e ea b0 5e 18 2a 41 a8 [0m
D (10804) wpa: 76 7b 05 33 f2 c9 16 5f 3a d5 54 86 31 18 17 b9 [0m
D (10814) wpa: 0f 4f ec cf 60 8b fa 53 b8 1a f9 02 7b d6 54 1b [0m
D (10824) wpa: WPA: KCK - hexdump(len=16):[0m
D (10824) wpa: 3c c9 5f 28 56 0d 5d 80 4e ea b0 5e 18 2a 41 a8 [0m
D (10834) wpa: WPA: KEK - hexdump(len=16):[0m
D (10834) wpa: 76 7b 05 33 f2 c9 16 5f 3a d5 54 86 31 18 17 b9 [0m
D (10844) wpa: WPA: TK - hexdump(len=16):[0m
D (10844) wpa: 0f 4f ec cf 60 8b fa 53 b8 1a f9 02 7b d6 54 1b [0m
V (10854) wpa: WPA: WPA IE for msg 2/4
 - hexdump(len=31):[0m
V (10854) wpa: 30 1a 01 00 00 0f ac 04 01 00 00 0f ac 04 01 00 [0m
V (10864) wpa: 00 0f ac 08 c0 04 00 00 00 0f ac 06 f4 01 20 [0m
D (10864) wpa: WPA Send EAPOL-Key 2/4[0m
D (10874) wpa: WPA: KCK - hexdump(len=16):[0m
D (10874) wpa: 3c c9 5f 28 56 0d 5d 80 4e ea b0 5e 18 2a 41 a8 [0m
D (10884) wpa: WPA: Derived Key MIC - hexdump(len=16):[0m
D (10884) wpa: ef c9 cf 73 f4 2f 23 be d7 28 89 bb fb 5a 6b 1d [0m
V (10894) wpa: WPA: TX EAPOL-Key - hexdump(len=130):[0m
V (10894) wpa: 01 03 00 7e 02 01 08 00 00 00 00 00 00 00 00 00 [0m
V (10904) wpa: 2b dd e4 d1 fa f2 f5 85 dc 0a 4b ce 6f bf 67 e7 [0m
V (10914) wpa: 24 e0 b0 32 6f 06 70 99 90 6c 7c ac 67 37 7c 13 [0m
V (10914) wpa: 36 00 00 00 00 00 00 00 00 00 00 00 00 00 00 00 [0m
V (10924) wpa: 00 00 00 00 00 00 00 00 00 00 00 00 00 00 00 00 [0m
V (10924) wpa: 00 ef c9 cf 73 f4 2f 23 be d7 28 89 bb fb 5a 6b [0m
V (10934) wpa: 1d 00 1f 30 1a 01 00 00 0f ac 04 01 00 00 0f ac [0m
V (10944) wpa: 04 01 00 00 0f ac 08 c0 04 00 00 00 0f ac 06 f4 [0m
V (10944) wpa: 01 20 [0m
V (10944) wifi:wpa_psk handle succeed
D (10954) wifi:tx data done, now:10972285
D (10954) wifi:woke up
D (10964) wpa: 2/4 txcb, flags=0, txfail 0[0m
D (10964) wifi:tx data done, now:10982075
D (10964) wifi:3011 : no offchan in progress
D (10974) wifi:woke up
V (10974) wifi:wpa_psk start
D (10974) wpa: IEEE 802.1X RX: version=2 type=3 length=191[0m
V (10984) wpa: WPA: RX EAPOL-Key - hexdump(len=195):[0m
V (10984) wpa: 02 03 00 bf 02 13 c8 00 10 00 00 00 00 00 00 00 [0m
V (10994) wpa: 2c 42 a2 0d 49 41 47 02 ab e2 8a ae 17 7f 7d 0f [0m
V (10994) wpa: 06 10 9e a3 c7 9f 89 56 37 9f de a7 24 0c 51 1d [0m
V (11004) wpa: 34 00 00 00 00 00 00 00 00 00 00 00 00 00 00 00 [0m
V (11014) wpa: 00 00 00 00 00 00 00 00 00 00 00 00 00 00 00 00 [0m
V (11014) wpa: 00 68 1d 87 d0 35 15 d8 73 a7 a4 5c c2 ef 17 8a [0m
V (11024) wpa: 2b 00 60 ed 29 4f f5 aa 5c 53 0a 41 59 85 9a 92 [0m
V (11024) wpa: 28 59 09 be 6a fc 5d 75 f3 b0 4f 23 d9 1c 8d 41 [0m
V (11034) wpa: 7a 57 a5 49 ff 13 c2 2f 09 55 cf 97 e7 60 56 e4 [0m
V (11044) wpa: 28 40 bc ef e6 95 94 83 71 0b e7 29 87 66 11 d4 [0m
V (11044) wpa: 8f ed bf 8e d3 db ef 0e 51 36 64 fb f1 35 09 7d [0m
V (11054) wpa: 70 6a 8c 70 30 10 68 fa 8a 9c 1d b1 5f e5 49 36 [0m
V (11054) wpa: 74 05 1e [0m
D (11064) wpa:   EAPOL-Key type=2[0m
D (11064) wpa:   key_info 0x13c8 (ver=0 keyidx=0 rsvd=0 Pairwise Install Ack MIC Secure Encr)[0m
D (11074) wpa:   key_length=16 key_data_length=96[0m
D (11074) wpa:   replay_counter - hexdump(len=8):[0m
D (11084) wpa: 00 00 00 00 00 00 00 2c [0m
D (11084) wpa:   key_nonce - hexdump(len=32):[0m
D (11094) wpa: 42 a2 0d 49 41 47 02 ab e2 8a ae 17 7f 7d 0f 06 [0m
D (11094) wpa: 10 9e a3 c7 9f 89 56 37 9f de a7 24 0c 51 1d 34 [0m
D (11104) wpa:   key_iv - hexdump(len=16):[0m
D (11104) wpa: 00 00 00 00 00 00 00 00 00 00 00 00 00 00 00 00 [0m
D (11114) wpa:   key_rsc - hexdump(len=8):[0m
D (11114) wpa: 00 00 00 00 00 00 00 00 [0m
D (11124) wpa:   key_id (reserved) - hexdump(len=8):[0m
D (11124) wpa: 00 00 00 00 00 00 00 00 [0m
D (11124) wpa:   key_mic - hexdump(len=16):[0m
D (11134) wpa: 68 1d 87 d0 35 15 d8 73 a7 a4 5c c2 ef 17 8a 2b [0m
D (11134) wpa: RSN: encrypted key data - hexdump(len=96):[0m
D (11144) wpa: ed 29 4f f5 aa 5c 53 0a 41 59 85 9a 92 28 59 09 [0m
D (11154) wpa: be 6a fc 5d 75 f3 b0 4f 23 d9 1c 8d 41 7a 57 a5 [0m
D (11154) wpa: 49 ff 13 c2 2f 09 55 cf 97 e7 60 56 e4 28 40 bc [0m
D (11164) wpa: ef e6 95 94 83 71 0b e7 29 87 66 11 d4 8f ed bf [0m
D (11164) wpa: 8e d3 db ef 0e 51 36 64 fb f1 35 09 7d 70 6a 8c [0m
D (11174) wpa: 70 30 10 68 fa 8a 9c 1d b1 5f e5 49 36 74 05 1e [0m
D (11184) wpa: WPA: decrypted EAPOL-Key key data - hexdump(len=88):[0m
D (11184) wpa: 30 1c 01 00 00 0f ac 04 01 00 00 0f ac 04 03 00 [0m
D (11194) wpa: 00 0f ac 02 00 0f ac 06 00 0f ac 08 8c 00 f4 01 [0m
D (11194) wpa: 20 dd 16 00 0f ac 01 01 00 f7 7d 3d 8c 54 39 98 [0m
D (11204) wpa: a8 fd 27 b6 32 3e 14 09 0b dd 1c 00 0f ac 09 04 [0m
D (11214) wpa: 00 00 00 00 00 00 00 e2 47 7f 2e 25 ba 9b 00 56 [0m
D (11214) wpa: 10 63 1d a1 29 5e bb dd [0m
D (11224) wpa: WPA 3/4-Way Handshake[0m
D (11224) wpa: WPA: RSN IE in EAPOL-Key - hexdump(len=30):[0m
D (11234) wpa: 30 1c 01 00 00 0f ac 04 01 00 00 0f ac 04 03 00 [0m
D (11234) wpa: 00 0f ac 02 00 0f ac 06 00 0f ac 08 8c 00 [0m
D (11244) wpa: WPA: RSNXE in EAPOL-Key - hexdump(len=3):[0m
D (11244) wpa: f4 01 20 [0m
D (11254) wpa: WPA: GTK in EAPOL-Key - hexdump(len=24):[0m
D (11254) wpa: dd 16 00 0f ac 01 01 00 f7 7d 3d 8c 54 39 98 a8 [0m
D (11264) wpa: fd 27 b6 32 3e 14 09 0b [0m
D (11264) wpa: WPA: IGTK in EAPOL-Key - hexdump(len=30):[0m
D (11274) wpa: dd 1c 00 0f ac 09 04 00 00 00 00 00 00 00 e2 47 [0m
D (11274) wpa: 7f 2e 25 ba 9b 00 56 10 63 1d a1 29 5e bb [0m
D (11284) wpa: WPA: IE KeyData - hexdump(len=88):[0m
D (11284) wpa: 30 1c 01 00 00 0f ac 04 01 00 00 0f ac 04 03 00 [0m
D (11294) wpa: 00 0f ac 02 00 0f ac 06 00 0f ac 08 8c 00 f4 01 [0m
D (11294) wpa: 20 dd 16 00 0f ac 01 01 00 f7 7d 3d 8c 54 39 98 [0m
D (11304) wpa: a8 fd 27 b6 32 3e 14 09 0b dd 1c 00 0f ac 09 04 [0m
D (11314) wpa: 00 00 00 00 00 00 00 e2 47 7f 2e 25 ba 9b 00 56 [0m
D (11314) wpa: 10 63 1d a1 29 5e bb dd [0m
D (11324) wpa: WPA: RSC - hexdump(len=8):[0m
D (11324) wpa: 00 00 00 00 00 00 00 00 [0m
D (11324) wpa: RSN: received GTK in pairwise handshake - hexdump(len=18):[0m
D (11334) wpa: 01 00 f7 7d 3d 8c 54 39 98 a8 fd 27 b6 32 3e 14 [0m
D (11344) wpa: 09 0b [0m
D (11344) wpa: WPA: IGTK keyid 4 pn 000000000000[0m
D (11344) wpa: WPA: IGTK - hexdump(len=16):[0m
D (11354) wpa: e2 47 7f 2e 25 ba 9b 00 56 10 63 1d a1 29 5e bb [0m
D (11354) wpa: tx 4/4 txcb_flags=8192[0m
D (11364) wpa: WPA Send EAPOL-Key 4/4[0m
D (11364) wpa: WPA: KCK - hexdump(len=16):[0m
D (11374) wpa: 3c c9 5f 28 56 0d 5d 80 4e ea b0 5e 18 2a 41 a8 [0m
D (11374) wpa: WPA: Derived Key MIC - hexdump(len=16):[0m
D (11384) wpa: 13 f2 73 e1 9f c8 c5 ee ab 91 20 a6 92 78 83 6e [0m
V (11384) wpa: WPA: TX EAPOL-Key - hexdump(len=99):[0m
V (11394) wpa: 01 03 00 5f 02 03 08 00 00 00 00 00 00 00 00 00 [0m
V (11394) wpa: 2c 00 00 00 00 00 00 00 00 00 00 00 00 00 00 00 [0m
V (11404) wpa: 00 00 00 00 00 00 00 00 00 00 00 00 00 00 00 00 [0m
V (11414) wpa: 00 00 00 00 00 00 00 00 00 00 00 00 00 00 00 00 [0m
V (11414) wpa: 00 00 00 00 00 00 00 00 00 00 00 00 00 00 00 00 [0m
V (11424) wpa: 00 13 f2 73 e1 9f c8 c5 ee ab 91 20 a6 92 78 83 [0m
V (11424) wpa: 6e 00 00 [0m
V (11434) wifi:wpa_psk handle succeed
V (11434) wifi:wpa_psk start
D (11434) wpa: IEEE 802.1X RX: version=2 type=3 length=191[0m
V (11444) wpa: WPA: RX EAPOL-Key - hexdump(len=195):[0m
V (11444) wpa: 02 03 00 bf 02 13 c8 00 10 00 00 00 00 00 00 00 [0m
V (11454) wpa: 2d 42 a2 0d 49 41 47 02 ab e2 8a ae 17 7f 7d 0f [0m
V (11454) wpa: 06 10 9e a3 c7 9f 89 56 37 9f de a7 24 0c 51 1d [0m
V (11464) wpa: 34 00 00 00 00 00 00 00 00 00 00 00 00 00 00 00 [0m
V (11474) wpa: 00 00 00 00 00 00 00 00 00 00 00 00 00 00 00 00 [0m
V (11474) wpa: 00 44 db 2f 7d c6 84 b5 17 3a c2 0c 12 54 11 8c [0m
V (11484) wpa: 3a 00 60 ed 29 4f f5 aa 5c 53 0a 41 59 85 9a 92 [0m
V (11484) wpa: 28 59 09 be 6a fc 5d 75 f3 b0 4f 23 d9 1c 8d 41 [0m
V (11494) wpa: 7a 57 a5 49 ff 13 c2 2f 09 55 cf 97 e7 60 56 e4 [0m
V (11504) wpa: 28 40 bc ef e6 95 94 83 71 0b e7 29 87 66 11 d4 [0m
V (11504) wpa: 8f ed bf 8e d3 db ef 0e 51 36 64 fb f1 35 09 7d [0m
V (11514) wpa: 70 6a 8c 70 30 10 68 fa 8a 9c 1d b1 5f e5 49 36 [0m
V (11514) wpa: 74 05 1e [0m
D (11524) wpa:   EAPOL-Key type=2[0m
D (11524) wpa:   key_info 0x13c8 (ver=0 keyidx=0 rsvd=0 Pairwise Install Ack MIC Secure Encr)[0m
D (11534) wpa:   key_length=16 key_data_length=96[0m
D (11534) wpa:   replay_counter - hexdump(len=8):[0m
D (11544) wpa: 00 00 00 00 00 00 00 2d [0m
D (11544) wpa:   key_nonce - hexdump(len=32):[0m
D (11554) wpa: 42 a2 0d 49 41 47 02 ab e2 8a ae 17 7f 7d 0f 06 [0m
D (11554) wpa: 10 9e a3 c7 9f 89 56 37 9f de a7 24 0c 51 1d 34 [0m
D (11564) wpa:   key_iv - hexdump(len=16):[0m
D (11564) wpa: 00 00 00 00 00 00 00 00 00 00 00 00 00 00 00 00 [0m
D (11574) wpa:   key_rsc - hexdump(len=8):[0m
D (11574) wpa: 00 00 00 00 00 00 00 00 [0m
D (11584) wpa:   key_id (reserved) - hexdump(len=8):[0m
D (11584) wpa: 00 00 00 00 00 00 00 00 [0m
D (11594) wpa:   key_mic - hexdump(len=16):[0m
D (11594) wpa: 44 db 2f 7d c6 84 b5 17 3a c2 0c 12 54 11 8c 3a [0m
D (11604) wpa: RSN: encrypted key data - hexdump(len=96):[0m
D (11604) wpa: ed 29 4f f5 aa 5c 53 0a 41 59 85 9a 92 28 59 09 [0m
D (11614) wpa: be 6a fc 5d 75 f3 b0 4f 23 d9 1c 8d 41 7a 57 a5 [0m
D (11614) wpa: 49 ff 13 c2 2f 09 55 cf 97 e7 60 56 e4 28 40 bc [0m
D (11624) wpa: ef e6 95 94 83 71 0b e7 29 87 66 11 d4 8f ed bf [0m
D (11634) wpa: 8e d3 db ef 0e 51 36 64 fb f1 35 09 7d 70 6a 8c [0m
D (11634) wpa: 70 30 10 68 fa 8a 9c 1d b1 5f e5 49 36 74 05 1e [0m
D (11644) wpa: WPA: decrypted EAPOL-Key key data - hexdump(len=88):[0m
D (11644) wpa: 30 1c 01 00 00 0f ac 04 01 00 00 0f ac 04 03 00 [0m
D (11654) wpa: 00 0f ac 02 00 0f ac 06 00 0f ac 08 8c 00 f4 01 [0m
D (11664) wpa: 20 dd 16 00 0f ac 01 01 00 f7 7d 3d 8c 54 39 98 [0m
D (11664) wpa: a8 fd 27 b6 32 3e 14 09 0b dd 1c 00 0f ac 09 04 [0m
D (11674) wpa: 00 00 00 00 00 00 00 e2 47 7f 2e 25 ba 9b 00 56 [0m
D (11674) wpa: 10 63 1d a1 29 5e bb dd [0m
D (11684) wpa: WPA 3/4-Way Handshake[0m
D (11684) wpa: WPA: RSN IE in EAPOL-Key - hexdump(len=30):[0m
D (11694) wpa: 30 1c 01 00 00 0f ac 04 01 00 00 0f ac 04 03 00 [0m
D (11694) wpa: 00 0f ac 02 00 0f ac 06 00 0f ac 08 8c 00 [0m
D (11704) wpa: WPA: RSNXE in EAPOL-Key - hexdump(len=3):[0m
D (11704) wpa: f4 01 20 [0m
D (11714) wpa: WPA: GTK in EAPOL-Key - hexdump(len=24):[0m
D (11714) wpa: dd 16 00 0f ac 01 01 00 f7 7d 3d 8c 54 39 98 a8 [0m
D (11724) wpa: fd 27 b6 32 3e 14 09 0b [0m
D (11724) wpa: WPA: IGTK in EAPOL-Key - hexdump(len=30):[0m
D (11734) wpa: dd 1c 00 0f ac 09 04 00 00 00 00 00 00 00 e2 47 [0m
D (11734) wpa: 7f 2e 25 ba 9b 00 56 10 63 1d a1 29 5e bb [0m
D (11744) wpa: WPA: IE KeyData - hexdump(len=88):[0m
D (11744) wpa: 30 1c 01 00 00 0f ac 04 01 00 00 0f ac 04 03 00 [0m
D (11754) wpa: 00 0f ac 02 00 0f ac 06 00 0f ac 08 8c 00 f4 01 [0m
D (11764) wpa: 20 dd 16 00 0f ac 01 01 00 f7 7d 3d 8c 54 39 98 [0m
D (11764) wpa: a8 fd 27 b6 32 3e 14 09 0b dd 1c 00 0f ac 09 04 [0m
D (11774) wpa: 00 00 00 00 00 00 00 e2 47 7f 2e 25 ba 9b 00 56 [0m
D (11774) wpa: 10 63 1d a1 29 5e bb dd [0m
D (11784) wpa: WPA: RSC - hexdump(len=8):[0m
D (11784) wpa: 00 00 00 00 00 00 00 00 [0m
D (11794) wpa: RSN: received GTK in pairwise handshake - hexdump(len=18):[0m
D (11794) wpa: 01 00 f7 7d 3d 8c 54 39 98 a8 fd 27 b6 32 3e 14 [0m
D (11804) wpa: 09 0b [0m
D (11804) wpa: WPA: Not reinstalling already in-use IGTK to the driver (keyidx=4)[0m
D (11814) wpa: tx 4/4 txcb_flags=8192[0m
D (11814) wpa: WPA Send EAPOL-Key 4/4[0m
D (11824) wpa: WPA: KCK - hexdump(len=16):[0m
D (11824) wpa: 3c c9 5f 28 56 0d 5d 80 4e ea b0 5e 18 2a 41 a8 [0m
D (11834) wpa: WPA: Derived Key MIC - hexdump(len=16):[0m
D (11834) wpa: 7f 6f c1 99 b9 15 57 36 7d a1 60 8c 09 1b dd 97 [0m
V (11844) wpa: WPA: TX EAPOL-Key - hexdump(len=99):[0m
V (11844) wpa: 01 03 00 5f 02 03 08 00 00 00 00 00 00 00 00 00 [0m
V (11854) wpa: 2d 00 00 00 00 00 00 00 00 00 00 00 00 00 00 00 [0m
V (11854) wpa: 00 00 00 00 00 00 00 00 00 00 00 00 00 00 00 00 [0m
V (11864) wpa: 00 00 00 00 00 00 00 00 00 00 00 00 00 00 00 00 [0m
V (11874) wpa: 00 00 00 00 00 00 00 00 00 00 00 00 00 00 00 00 [0m
V (11874) wpa: 00 7f 6f c1 99 b9 15 57 36 7d a1 60 8c 09 1b dd [0m
V (11884) wpa: 97 00 00 [0m
V (11884) wifi:wpa_psk handle succeed
D (11884) wpa: WPA: Installing PTK to the driver.[0m
D (11894) wpa: WPA: Group Key - hexdump(len=16):[0m
D (11894) wpa: f7 7d 3d 8c 54 39 98 a8 fd 27 b6 32 3e 14 09 0b [0m
D (11904) wpa: WPA: Judge GTK: (keyidx=1 len=16).[0m
D (11904) wpa: WPA: Installing GTK to the driver (keyidx=1 tx=0 len=16).[0m
D (11914) wpa: WPA: RSC - hexdump(len=6):[0m
D (11914) wpa: 00 00 00 00 00 00 [0m
D (11924) wpa: WPA: Key negotiation completed with 04:f0:21:8f:78:38 [PTK=CCMP GTK=CCMP]
[0m
I (11934) wifi:connected with #############, aid = 3, channel 6, BW20, bssid = 04:f0:21:8f:78:38
I (11944) wifi:security: WPA3-SAE, phy: bgn, rssi: -27
D (11944) wifi:remove all except 04:f0:21:8f:78:38 from rc list
D (11954) wifi:clear blacklist
D (11954) nvs: nvs_set sta.chan 1 6[0m
D (11954) nvs: nvs_set_blob sta.apinfo 700[0m
D (11964) wifi:filter: set rx policy=7
I (11964) wifi:pm start, type: 1

I (11964) wifi:dp: 1, bi: 102400, li: 3, scale listen interval from 307200 us to 307200 us
I (11974) wifi:set rx beacon pti, rx_bcn_pti: 0, bcn_timeout: 25000, mt_pti: 0, mt_time: 10000
D (11984) wifi:Send sta connected event
D (11984) wifi:connect status 1 -> 5
D (11994) wifi:obss scan is disabled
D (11994) wifi:start obss scan: obss scan is stopped
D (11994) wifi:tx data done, now:12017985
I (12004) wifi:dp: 2, bi: 102400, li: 4, scale listen interval from 307200 us to 409600 us
I (12014) wifi:AP's beacon interval = 102400 us, DTIM period = 2
D (12014) wifi:set max rate: from <rate=130, phy=3, sig=0> to <rate=144, phy=3 sig=0>
D (12024) wifi:sig_b=1, sig_g=0, sig_n=0, max_b=0, max_g=108, max_n=144
D (12034) wifi:update trc
D (12034) wifi:tx data done, now:12051861
D (12034) event: running post WIFI_EVENT:4 with handler 0x4202cd14 and context 0x3fca7e90 on loop 0x3fca6d0c[0m
V (12044) esp_adapter: thread sem get: sem=0x3fcb27f0[0m
D (12054) esp_netif_handlers: esp_netif action connected with netif0x3fca7c34 from event_id=4[0m
D (12054) esp_netif_lwip: check: remote, if=0x3fca7c34 fn=0x42013ad8[0m
D (12064) esp_netif_lwip: esp_netif_up_api esp_netif:0x3fca7c34[0m
D (12074) esp_netif_lwip: check: local, if=0x3fca7c34 fn=0x42013ea4[0m
D (12074) esp_netif_lwip: esp_netif_update_default_netif_lwip 0x3fca7c34[0m
V (12084) esp_netif_lwip: esp_netif_is_netif_up esp_netif:0x3fca7c34[0m
D (12084) wifi:D (12094) esp_netif_lwip: call api in lwip: ret=0x0, give sem[0m
tx data done, now:12105700
D (12104) esp_netif_lwip: check: remote, if=0x3fca7c34 fn=0x42013994[0m
D (12104) esp_netif_lwip: esp_netif_dhcpc_start_api esp_netif:0x3fca7c34[0m
D (12114) esp_netif_lwip: esp_netif_start_ip_lost_timer esp_netif:0x3fca7c34[0m
D (12124) esp_netif_lwip: if0x3fca7c34 start ip lost tmr: interval=120[0m
D (12124) esp_netif_lwip: starting dhcp client[0m
D (12134) esp_netif_lwip: call api in lwip: ret=0x0, give sem[0m
D (12134) wifi:eb is dhcp or dns sport = 68, dport = 67
D (12144) event: running post WIFI_EVENT:4 with handler 0x4200a710 and context 0x3fca7f98 on loop 0x3fca6d0c[0m
D (12144) wifi:tx data done, now:12163648
I (12154) wifi:<ba-add>idx:0 (ifx:0, 04:f0:21:8f:78:38), tid:7, ssn:0, winSize:64
D (12164) wifi:tx_mgmt cb : 1636 status 1 
D (12164) wifi:tx data done, now:12186961
V (12174) wifi:sta recv dup seq=0 tid=7, discard
V (12174) wifi:sta recv dup seq=0 tid=7, discard
V (12184) wifi:sta recv dup seq=0 tid=7, discard
V (12184) wifi:sta recv dup seq=0 tid=7, discard
V (12184) wifi:sta recv dup seq=0 tid=7, discard
V (12194) wifi:sta recv dup seq=0 tid=7, discard
V (12194) wifi:sta recv dup seq=0 tid=7, discard
V (12204) wifi:sta recv dup seq=0 tid=7, discard
D (12204) wifi:eb is dhcp or dns sport = 68, dport = 67
V (12214) wifi:sta recv dup seq=0 tid=7, discard
D (12214) wifi:tx data done, now:12236125
D (12224) wifi:tx data done, now:12239852
D (12274) wifi:tx data done, now:12292714
D (12634) wifi:tx data done, now:12650062
D (12684) wifi:tx data done, now:12701201
D (12974) wifi:tx data done, now:12990022
D (13024) wifi:tx data done, now:13042040
D (13134) esp_netif_lwip: esp_netif_internal_dhcpc_cb lwip-netif:0x3fca7cb8[0m
D (13134) wifi:tx data done, now:13150122
D (13134) esp_netif_lwip: if0x3fca7c34 ip changed=1[0m
D (13134) event: running post IP_EVENT:0 with handler 0x4202cb40 and context 0x3fca7f64 on loop 0x3fca6d0c[0m
D (13144) wifi_init_default: Got IP wifi default handler entered[0m
D (13154) esp_netif_handlers: esp_netif action got_ip with netif0x3fca7c34 from event_id=0[0m
[0;32mI (13164) esp_netif_handlers: sta ip: 192.168.1.204, mask: 255.255.255.0, gw: 192.168.1.1[0m
D (13164) event: running post IP_EVENT:0 with handler 0x4200a710 and context 0x3fca7fb8 on loop 0x3fca6d0c[0m
[0;32mI (13174) wifi dpp-enrollee: got ip:192.168.1.204[0m
D (13184) wifi:tx data done, now:13201452
[0;32mI (13184) wifi dpp-enrollee: connected to ap SSID:############# password:#############[0m
D (13194) wpa: ELOOP: esp_dpp_task:410 called to remove timer handler=0x4201551c, removed count=0[0m
[0;32mI (13204) main_task: Returned from app_main()[0m
D (13974) wifi:tx data done, now:13989905
D (14024) wifi:tx data done, now:14041033
D (14974) wifi:tx data done, now:14990017
D (15024) wifi:tx data done, now:15041163
D (15974) wifi:tx data done, now:15990006
D (16024) wifi:tx data done, now:16041162
D (17324) wifi:tx data done, now:17342860
I (17324) wifi:<ba-add>idx:1 (ifx:0, 04:f0:21:8f:78:38), tid:0, ssn:0, winSize:64
D (17324) wifi:tx_mgmt cb : 1636 status 1 
D (17324) wifi:tx data done, now:17346997
V (17334) wifi:sta recv dup seq=0 tid=0, discard
D (17334) wifi:tx data done, now:17355642
D (17394) wifi:tx data done, now:17409344
