Executing action: monitor
Serial port /dev/ttyUSB0
Connecting....
Detecting chip type... ESP32-S3
Running idf_monitor in directory /home/corfu/mpc/corfu/dpp_test_auth_retries
Executing "/home/corfu/.espressif/python_env/idf5.2_py3.10_env/bin/python /home/corfu/esp/esp-idf/tools/idf_monitor.py -p /dev/ttyUSB0 -b 115200 --toolchain-prefix xtensa-esp32-elf- --target esp32 --revision 0 /home/corfu/mpc/corfu/dpp_test_auth_retries/build/dpp-enrollee.elf -m '/home/corfu/.espressif/python_env/idf5.2_py3.10_env/bin/python' '/home/corfu/esp/esp-idf/tools/idf.py'"...
ESP-ROM:esp32s3-20210327
Build:Mar 27 2021
rst:0x1 (POWERON),boot:0x8 (SPI_FAST_FLASH_BOOT)
SPIWP:0xee
mode:DIO, clock div:1
load:0x3fce3810,len:0x178c
load:0x403c9700,len:0x4
load:0x403c9704,len:0xcbc
load:0x403cc700,len:0x2da0
entry 0x403c9914
[0;32mI (27) boot: ESP-IDF v5.2.1-1-g25b86f7c6a-dirty 2nd stage bootloader[0m
[0;32mI (27) boot: compile time Sep 13 2024 16:06:08[0m
[0;32mI (27) boot: Multicore bootloader[0m
[0;32mI (32) boot: chip revision: v0.2[0m
[0;32mI (35) boot.esp32s3: Boot SPI Speed : 80MHz[0m
[0;32mI (41) boot.esp32s3: SPI Mode       : DIO[0m
[0;32mI (45) boot.esp32s3: SPI Flash Size : 2MB[0m
[0;32mI (50) boot: Enabling RNG early entropy source...[0m
[0;32mI (55) boot: Partition Table:[0m
[0;32mI (59) boot: ## Label            Usage          Type ST Offset   Length[0m
[0;32mI (66) boot:  0 nvs              WiFi data        01 02 00009000 00006000[0m
[0;32mI (73) boot:  1 phy_init         RF data          01 01 0000f000 00001000[0m
[0;32mI (81) boot:  2 factory          factory app      00 00 00010000 00100000[0m
[0;32mI (88) boot: End of partition table[0m
[0;32mI (93) esp_image: segment 0: paddr=00010020 vaddr=3c0a0020 size=33ae0h (211680) map[0m
[0;32mI (139) esp_image: segment 1: paddr=00043b08 vaddr=3fc97f00 size=04830h ( 18480) load[0m
[0;32mI (143) esp_image: segment 2: paddr=00048340 vaddr=40374000 size=07cd8h ( 31960) load[0m
[0;32mI (152) esp_image: segment 3: paddr=00050020 vaddr=42000020 size=98cf0h (625904) map[0m
[0;32mI (265) esp_image: segment 4: paddr=000e8d18 vaddr=4037bcd8 size=0c1e4h ( 49636) load[0m
[0;32mI (285) boot: Loaded app from partition at offset 0x10000[0m
[0;32mI (285) boot: Disabling RNG early entropy source...[0m
[0;32mI (296) cpu_start: Multicore app[0m
V (297) mmap: after coalescing, 1 regions are left[0m
D (297) cpu_start: Pro cpu up[0m
D (297) cpu_start: Starting app cpu, entry point is 0x4037532c[0m
D (0) cpu_start: App cpu up[0m
V CACHE_ERR: illegal error intr clr & ena mask is: 0x3f
V CACHE_ERR: core 1 a31e)s er: r C_nLOr clr & enbr mask is: 0x 43
9670[0m
V CACHE_ERR: illegal error intr clr & ena mask is: 0x3f
V CACHE_ERR: core 0 access error intr clr & ena mask is: 0x1f
[0;32mI (329) cpu_start: Pro cpu start user code[0m
[0;32mI (333) cpu_start: cpu freq: 160000000 Hz[0m
[0;32mI (337) cpu_start: Application information:[0m
[0;32mI (342) cpu_start: Project name:     dpp-enrollee[0m
[0;32mI (348) cpu_start: App version:      v5.2.1-1-g25b86f7c6a-dirty[0m
[0;32mI (354) cpu_start: Compile time:     Sep 13 2024 16:06:24[0m
[0;32mI (360) cpu_start: ELF file SHA256:  178900882...[0m
[0;32mI (366) cpu_start: ESP-IDF:          v5.2.1-1-g25b86f7c6a-dirty[0m
[0;32mI (372) cpu_start: Min chip rev:     v0.0[0m
[0;32mI (377) cpu_start: Max chip rev:     v0.99 [0m
[0;32mI (382) cpu_start: Chip rev:         v0.2[0m
V (386) memory_layout: reserved range is 0x3c0d3ac0 - 0x3c0d3ae8[0m
D (392) memory_layout: Checking 6 reserved memory ranges:[0m
D (398) memory_layout: Reserved memory range 0x3fc84000 - 0x3fc97f00[0m
D (404) memory_layout: Reserved memory range 0x3fc97f00 - 0x3fca0388[0m
D (411) memory_layout: Reserved memory range 0x3fceee34 - 0x3fcf0000[0m
D (417) memory_layout: Reserved memory range 0x40374000 - 0x40387f00[0m
D (424) memory_layout: Reserved memory range 0x600fe000 - 0x600fe010[0m
D (430) memory_layout: Reserved memory range 0x600fffe8 - 0x60100000[0m
D (436) memory_layout: Building list of available memory regions:[0m
V (443) memory_layout: Examining memory region 0x3fc88000 - 0x3fc90000[0m
V (449) memory_layout: Region 0x3fc88000 - 0x3fc90000 inside of reserved 0x3fc84000 - 0x3fc97f00[0m
V (458) memory_layout: Examining memory region 0x3fc90000 - 0x3fca0000[0m
V (465) memory_layout: Start of region 0x3fc90000 - 0x3fca0000 overlaps reserved 0x3fc84000 - 0x3fc97f00[0m
V (474) memory_layout: Region 0x3fc97f00 - 0x3fca0000 inside of reserved 0x3fc97f00 - 0x3fca0388[0m
V (483) memory_layout: Examining memory region 0x3fca0000 - 0x3fcb0000[0m
V (490) memory_layout: Start of region 0x3fca0000 - 0x3fcb0000 overlaps reserved 0x3fc97f00 - 0x3fca0388[0m
D (499) memory_layout: Available memory region 0x3fca0388 - 0x3fcb0000[0m
V (506) memory_layout: Examining memory region 0x3fcb0000 - 0x3fcc0000[0m
D (512) memory_layout: Available memory region 0x3fcb0000 - 0x3fcc0000[0m
V (519) memory_layout: Examining memory region 0x3fcc0000 - 0x3fcd0000[0m
D (526) memory_layout: Available memory region 0x3fcc0000 - 0x3fcd0000[0m
V (532) memory_layout: Examining memory region 0x3fcd0000 - 0x3fce0000[0m
D (539) memory_layout: Available memory region 0x3fcd0000 - 0x3fce0000[0m
V (545) memory_layout: Examining memory region 0x3fce0000 - 0x3fce9710[0m
D (552) memory_layout: Available memory region 0x3fce0000 - 0x3fce9710[0m
V (559) memory_layout: Examining memory region 0x3fce9710 - 0x3fcf0000[0m
V (565) memory_layout: End of region 0x3fce9710 - 0x3fcf0000 overlaps reserved 0x3fceee34 - 0x3fcf0000[0m
D (575) memory_layout: Available memory region 0x3fce9710 - 0x3fceee34[0m
V (581) memory_layout: Examining memory region 0x3fcf0000 - 0x3fcf8000[0m
D (588) memory_layout: Available memory region 0x3fcf0000 - 0x3fcf8000[0m
V (594) memory_layout: Examining memory region 0x600fe000 - 0x60100000[0m
V (601) memory_layout: Start of region 0x600fe000 - 0x60100000 overlaps reserved 0x600fe000 - 0x600fe010[0m
V (611) memory_layout: End of region 0x600fe010 - 0x60100000 overlaps reserved 0x600fffe8 - 0x60100000[0m
D (620) memory_layout: Available memory region 0x600fe010 - 0x600fffe8[0m
[0;32mI (627) heap_init: Initializing. RAM available for dynamic allocation:[0m
D (634) heap_init: New heap initialised at 0x3fca0388[0m
[0;32mI (639) heap_init: At 3FCA0388 len 00049388 (292 KiB): RAM[0m
[0;32mI (645) heap_init: At 3FCE9710 len 00005724 (21 KiB): RAM[0m
D (651) heap_init: New heap initialised at 0x3fcf0000[0m
[0;32mI (656) heap_init: At 3FCF0000 len 00008000 (32 KiB): DRAM[0m
D (662) heap_init: New heap initialised at 0x600fe010[0m
[0;32mI (667) heap_init: At 600FE010 len 00001FD8 (7 KiB): RTCRAM[0m
V (674) intr_alloc: esp_intr_alloc_intrstatus (cpu 0): checking args[0m
V (680) intr_alloc: esp_intr_alloc_intrstatus (cpu 0): Args okay. Resulting flags 0x40E[0m
D (688) intr_alloc: Connected src 39 to int 2 (cpu 0)[0m
V (694) memspi: raw_chip_id: 1740C8
[0m
V (697) memspi: chip_id: C84017
[0m
V (700) memspi: raw_chip_id: 1740C8
[0m
V (704) memspi: chip_id: C84017
[0m
D (708) spi_flash: trying chip: issi[0m
D (711) spi_flash: trying chip: gd[0m
[0;32mI (715) spi_flash: detected chip: gd[0m
[0;32mI (719) spi_flash: flash io: dio[0m
[0;33mW (723) spi_flash: Detected size(8192k) larger than the size in the binary image header(2048k). Using the size in the binary image header.[0m
D (736) cpu_start: calling init function: 0x42074cfc[0m
D (741) cpu_start: calling init function: 0x420747ac[0m
D (746) cpu_start: calling init function: 0x4202ca94[0m
D (751) cpu_start: calling init function: 0x4200e438[0m
D (756) cpu_start: calling init function: 0x4037ba1c[0m
D (761) cpu_start: calling init function: 0x42002f0c[0m
D (766) cpu_start: calling init function: 0x42008640 on core: 0[0m
V (772) intr_alloc: esp_intr_alloc_intrstatus (cpu 0): checking args[0m
V (779) intr_alloc: esp_intr_alloc_intrstatus (cpu 0): Args okay. Resulting flags 0xC02[0m
D (787) intr_alloc: Connected src 59 to int 3 (cpu 0)[0m
D (792) cpu_start: calling init function: 0x42005f68 on core: 0[0m
[0;32mI (798) sleep: Configure to isolate all GPIO pins in sleep state[0m
[0;32mI (805) sleep: Enable automatic switching of GPIO sleep configuration[0m
D (812) cpu_start: calling init function: 0x420042a4 on core: 0[0m
V (818) intr_alloc: esp_intr_alloc_intrstatus (cpu 0): checking args[0m
V (824) intr_alloc: esp_intr_alloc_intrstatus (cpu 0): Args okay. Resulting flags 0x40E[0m
D (832) intr_alloc: Connected src 79 to int 9 (cpu 0)[0m
D (837) app_start: Starting scheduler on CPU0[0m
V (842) intr_alloc: esp_intr_alloc_intrstatus (cpu 0): checking args[0m
V (842) intr_alloc: esp_intr_alloc_intrstatus (cpu 0): Args okay. Resulting flags 0x402[0m
D (842) intr_alloc: Connected src 57 to int 12 (cpu 0)[0m
V (842) intr_alloc: esp_intr_alloc_intrstatus (cpu 1): checking args[0m
V (852) intr_alloc: esp_intr_alloc_intrstatus (cpu 1): Args okay. Resulting flags 0x40E[0m
D (852) intr_alloc: Connected src 80 to int 2 (cpu 1)[0m
D (862) app_start: Starting scheduler on CPU1[0m
V (862) intr_alloc: esp_intr_alloc_intrstatus (cpu 1): checking args[0m
V (872) intr_alloc: esp_intr_alloc_intrstatus (cpu 1): Args okay. Resulting flags 0x402[0m
D (882) intr_alloc: Connected src 58 to int 3 (cpu 1)[0m
[0;32mI (842) main_task: Started on CPU0[0m
D (892) heap_init: New heap initialised at 0x3fce9710[0m
V (892) intr_alloc: esp_intr_alloc_intrstatus (cpu 0): checking args[0m
V (902) intr_alloc: esp_intr_alloc_intrstatus (cpu 0): Args okay. Resulting flags 0xE[0m
D (912) intr_alloc: Connected src 52 to int 13 (cpu 0)[0m
[0;32mI (912) main_task: Calling app_main()[0m
V (922) partition: Loading the partition table[0m
V (922) mmap: actual_mapped_len is 0x10000[0m
V (932) calculated md5: 0x3fca3f38   f4 ad 4f 45 38 56 4b 5d  74 35 b6 2c 75 b6 95 24  |..OE8VK]t5.,u..$|[0m
V (942) stored md5: 0x3c0e8070   f4 ad 4f 45 38 56 4b 5d  74 35 b6 2c 75 b6 95 24  |..OE8VK]t5.,u..$|[0m
V (942) partition: Partition table MD5 verified[0m
D (972) esp_netif_lwip: LwIP stack has been initialized[0m
D (972) esp_netif_lwip: esp-netif has been successfully initialized[0m
D (972) event: running task for loop 0x3fca6d0c[0m
D (982) event: created task for loop 0x3fca6d0c[0m
D (982) event: created event loop 0x3fca6d0c[0m
D (992) esp_netif_lwip: check: remote, if=0x3fca3f70 fn=0x42013448[0m
V (992) esp_netif_objects: esp_netif_add_to_list_unsafe 0x3fca7c34[0m
D (1002) esp_netif_objects: esp_netif_add_to_list_unsafe netif added successfully (total netifs: 1)[0m
D (1012) esp_netif_lwip: call api in lwip: ret=0x0, give sem[0m
pp rom version: e7ae62f
net80211 rom version: e7ae62f
D (1022) nvs: nvs_open_from_partition misc 1[0m
I (1032) wifi:wifi driver task: 3fcaa654, prio:23, stack:6656, core=0
V (1032) esp_adapter: thread sem create: sem=0x3fcaa7ac[0m
V (1032) esp_adapter: thread sem get: sem=0x3fcaa7ac[0m
D (1042) efuse: In EFUSE_BLK1__DATA1_REG is used 8 bits starting with 8 bit[0m
D (1052) efuse: In EFUSE_BLK1__DATA1_REG is used 8 bits starting with 0 bit[0m
D (1052) efuse: In EFUSE_BLK1__DATA0_REG is used 8 bits starting with 24 bit[0m
D (1062) efuse: In EFUSE_BLK1__DATA0_REG is used 8 bits starting with 16 bit[0m
D (1072) efuse: In EFUSE_BLK1__DATA0_REG is used 8 bits starting with 8 bit[0m
D (1082) efuse: In EFUSE_BLK1__DATA0_REG is used 8 bits starting with 0 bit[0m
D (1082) nvs: nvs_open_from_partition nvs.net80211 1[0m
D (1092) nvs: nvs_get opmode 1[0m
D (1092) nvs: nvs_get_str_or_blob sta.ssid[0m
D (1102) nvs: nvs_get sta.authmode 1[0m
D (1102) nvs: nvs_get_str_or_blob sta.pswd[0m
D (1102) nvs: nvs_get_str_or_blob sta.pmk[0m
D (1112) nvs: nvs_get sta.chan 1[0m
D (1112) nvs: nvs_get auto.conn 1[0m
D (1112) nvs: nvs_get bssid.set 1[0m
D (1122) nvs: nvs_get_str_or_blob sta.bssid[0m
D (1122) nvs: nvs_get sta.lis_intval 2[0m
D (1122) nvs: nvs_get sta.phym 1[0m
D (1132) nvs: nvs_get sta.phybw 1[0m
D (1132) nvs: nvs_get_str_or_blob sta.apsw[0m
D (1142) nvs: nvs_get_str_or_blob sta.apinfo[0m
D (1142) nvs: nvs_get sta.scan_method 1[0m
D (1142) nvs: nvs_get sta.sort_method 1[0m
D (1152) nvs: nvs_get sta.minrssi 1[0m
D (1152) nvs: nvs_get sta.minauth 1[0m
D (1162) nvs: nvs_get sta.pmf_e 1[0m
D (1162) nvs: nvs_get sta.pmf_r 1[0m
D (1162) nvs: nvs_get sta.btm_e 1[0m
D (1172) nvs: nvs_get sta.rrm_e 1[0m
D (1172) nvs: nvs_get sta.mbo_e 1[0m
D (1172) nvs: nvs_get_str_or_blob ap.ssid[0m
D (1182) nvs: nvs_get_str_or_blob ap.passwd[0m
D (1182) nvs: nvs_get_str_or_blob ap.pmk[0m
D (1182) nvs: nvs_get ap.chan 1[0m
D (1192) nvs: nvs_get ap.authmode 1[0m
D (1192) nvs: nvs_get ap.hidden 1[0m
D (1192) nvs: nvs_get ap.max.conn 1[0m
D (1202) nvs: nvs_get bcn.interval 2[0m
D (1202) nvs: nvs_get ap.phym 1[0m
D (1202) nvs: nvs_get ap.phybw 1[0m
D (1212) nvs: nvs_get ap.sndchan 1[0m
D (1212) nvs: nvs_get ap.pmf_e 1[0m
D (1212) nvs: nvs_get ap.pmf_r 1[0m
D (1222) nvs: nvs_get ap.p_cipher 1[0m
D (1222) nvs: nvs_get lorate 1[0m
D (1222) nvs: nvs_get_str_or_blob country[0m
D (1232) nvs: nvs_get ap.ftm_r 1[0m
D (1232) nvs: nvs_get sta.ft 1[0m
D (1242) nvs: nvs_get sta.owe 1[0m
D (1242) nvs: nvs_get sta.trans_d 1[0m
D (1242) nvs: nvs_get sta.sae_h2e 1[0m
D (1252) nvs: nvs_get sta.sae_pk_mode 1[0m
D (1252) nvs: nvs_get sta.bss_retry 1[0m
D (1252) nvs: nvs_get_str_or_blob sta.owe_data[0m
D (1262) nvs: nvs_get sta.he_dcm 1[0m
D (1262) nvs: nvs_get sta.he_dcm_c_tx 1[0m
D (1272) nvs: nvs_get sta.he_dcm_c_rx 1[0m
D (1272) nvs: nvs_get sta.he_mcs9_d 1[0m
D (1272) nvs: nvs_get sta.he_su_b_d 1[0m
D (1282) nvs: nvs_get sta.he_su_b_f_d 1[0m
D (1282) nvs: nvs_get sta.he_mu_b_f_d 1[0m
D (1282) nvs: nvs_get sta.he_cqi_f_d 1[0m
D (1292) nvs: nvs_get_str_or_blob sta.sae_h2e_id[0m
D (1292) nvs: nvs_get ap.sae_h2e 1[0m
D (1302) nvs: nvs_get_str_or_blob ap.pmk_info[0m
D (1302) nvs: nvs_get nan.phym 1[0m
D (1302) nvs: nvs_set ap.sndchan 1 1[0m
I (1312) wifi:wifi firmware version: a9f5b59-dirty
I (1312) wifi:wifi certification version: v7.0
I (1322) wifi:config NVS flash: enabled
I (1322) wifi:config nano formating: disabled
I (1322) wifi:Init data frame dynamic rx buffer num: 32
I (1332) wifi:Init static rx mgmt buffer num: 5
I (1332) wifi:Init management short buffer num: 32
I (1342) wifi:Init dynamic tx buffer num: 32
I (1342) wifi:Init static tx FG buffer num: 2
I (1352) wifi:Init static rx buffer size: 1600
I (1352) wifi:Init static rx buffer num: 10
I (1352) wifi:Init dynamic rx buffer num: 32
V (1362) wifi:hint=255, act_dur=<0,120>, pas_dur=360, nchans=14 history_num=0
V (1372) esp_adapter: thread sem get: sem=0x3fcaa7ac[0m
[0;32mI (1372) wifi_init: rx ba win: 6[0m
[0;32mI (1372) wifi_init: tcpip mbox: 32[0m
[0;32mI (1382) wifi_init: udp mbox: 6[0m
[0;32mI (1382) wifi_init: tcp mbox: 6[0m
[0;32mI (1392) wifi_init: tcp tx win: 5760[0m
[0;32mI (1392) wifi_init: tcp rx win: 5760[0m
[0;32mI (1392) wifi_init: tcp mss: 1440[0m
[0;32mI (1402) wifi_init: WiFi IRAM OP enabled[0m
[0;32mI (1402) wifi_init: WiFi RX IRAM OP enabled[0m
V (1412) esp_adapter: thread sem get: sem=0x3fcaa7ac[0m
D (1412) nvs: nvs_get opmode 1[0m
[0;32mI (1422) wpa: esp_dpp_task prio:2, stack:6656[0m
D (1422) wpa: private key - hexdump(len=0):[0m
D (1422) wpa:  [NULL][0m
D (1482) wpa: DPP: Generating a keypair[0m
[0;31mE (1482) wpa: curve: secp256r1[0m
[0;31mE (1482) wpa: prime len is 32[0m
[0;31mE (1482) wpa: Q_x: - hexdump(len=32):[0m
[0;31mE (1492) wpa: 09 e0 40 2d e3 7c bb e9 69 25 37 9a eb 67 c5 8e [0m
[0;31mE (1492) wpa: 74 62 03 51 94 a2 c5 c4 42 3f ae 1b ad f7 dd 97 [0m
[0;31mE (1502) wpa: Q_y: - hexdump(len=32):[0m
[0;31mE (1502) wpa: ec 0d b2 5b 1f e1 80 f8 e0 96 14 6e 7a 3f 82 52 [0m
[0;31mE (1512) wpa: 4a 85 c1 5d d2 1b 36 75 23 d8 44 b4 33 24 b4 87 [0m
[0;31mE (1522) wpa: d:      - hexdump(len=32):[0m
[0;31mE (1522) wpa: c5 1c 5b 18 1c f7 7a 8a bd 1c d6 60 66 05 72 4b [0m
[0;31mE (1532) wpa: 99 a6 5a 12 ab 0a be af 39 81 61 b0 fc 15 39 b3 [0m
D (1532) wpa: DPP: Compressed public key (DER) - hexdump(len=59):[0m
D (1542) wpa: 30 39 30 13 06 07 2a 86 48 ce 3d 02 01 06 08 2a [0m
D (1552) wpa: 86 48 ce 3d 03 01 07 03 22 00 03 09 e0 40 2d e3 [0m
D (1552) wpa: 7c bb e9 69 25 37 9a eb 67 c5 8e 74 62 03 51 94 [0m
D (1562) wpa: a2 c5 c4 42 3f ae 1b ad f7 dd 97 [0m
D (1562) gdma: new group (0) at 0x3fcb2f74[0m
D (1572) gdma: new pair (0,0) at 0x3fcb2dd0[0m
D (1572) gdma: new tx channel (0,0) at 0x3fcb2c80[0m
D (1582) gdma: new rx channel (0,0) at 0x3fcb2ffc[0m
D (1582) gdma: tx channel (0,0), (1:16) bytes aligned, burst enabled[0m
D (1592) gdma: rx channel (0,0), (1:16) bytes aligned, burst disabled[0m
D (1592) wpa: DPP: Public key hash - hexdump(len=32):[0m
D (1602) wpa: 39 36 b9 20 70 fe 77 98 bb 4e 8b 77 67 26 f5 37 [0m
D (1602) wpa: f7 ef de e5 6a 90 61 c3 56 5d 94 e1 28 c5 bd 24 [0m
D (1612) wpa: DPP: URI mac: 84:fc:e6:7b:73:b8[0m
[0;32mI (1612) wifi dpp-enrollee: Scan below QR Code to configure the enrollee:[0m
[0;32mI (1622) QRCODE: Encoding below text with ECC LVL 0 & QR Code Version 10[0m
[0;32mI (1632) QRCODE: DPP:C:81/6;M:84:fc:e6:7b:73:b8;K:MDkwEwYHKoZIzj0CAQYIKoZIzj0DAQcDIgADCeBALeN8u+lpJTea62fFjnRiA1GUosXEQj+uG6333Zc=;;[0m
                                              
  █▀▀▀▀▀█ ▄▄   █▄▄▀█▀ ▀▀█▀ ▄▄▄▀▄ ▀▄ █▀▀▀▀▀█   
  █ ███ █ ▄▀██ ▀▄ ▄▀▀  ▀▀ ▄ █  ▄█▀▄ █ ███ █   
  █ ▀▀▀ █ ▄█▄█▄█ █▄▄█ ▄▀█  ▄▀███▄▀▄ █ ▀▀▀ █   
  ▀▀▀▀▀▀▀ ▀▄▀▄▀ ▀▄▀ ▀▄▀▄█ ▀ ▀▄▀ █ ▀ ▀▀▀▀▀▀▀   
  ▀█▀██ ▀▀▀▀▄▀▄▀▄▀█ ▄█▀██ ▀▀▄▀▀▀▄▄▄▀▄▀▄▀ █▄   
  ▄ █ ██▀▄  █▀  ▄█▀ ▀▄ ▄▀▄  █▀▀▀█▄▄  ▄▄   ▄   
   ▄████▀     ▀ ▄▄▄ ▀█▀ ▄▄ █▀▀▀▀▄▄▄█▄█▄█▀▀    
  ▄ █  ▀▀ █ ▀█▀   ▄ ▀▄▀█▄▄▄  █▀   █▀█ ▀█ ▄    
   ▄█▀██▀██▀ █▀▄▀▄▄▄ █▄█▀█ █▄▀▀▀▀▄▄▄ ▀▄ ▄█    
  ▄██ █▄▀▀▄▄  ▄█▀▀ █▄▄ ▄▄▄▄▀█▀█▀▄▄ ▀██ ▄▀▄    
  ▄▀██  ▀▀ ▀█▀▄ ▀▄▀ ▄█▀ ▄█████▄ ▄█▄▄▄▀▄       
  █▄▄ ██▀█▀▀▄ ▄ ▀█▀ ▀ ██ ▄█▀▄█▀▀▄ ▄ ▀▄ ▄▀▄    
  █ ▀▀▀█▀  █  ▀ ▀██  ███▀█▀ ▀ ▀▀▀▄▀▀▄ ▄  ▄    
  ▄█▄   ▀ █▄  ▀ ▄▀█ ▀ ▀▄▄ ▀▀▄▀ ▀▄ ▄▄▀▀█▀▀     
  █▀▀▀▀▀▀▀▀ ▄ ▀ ▄▄▄▄▀█▀ ▄▄▀▄█ ▄█▄ █ ▄▄█▀▀█    
  █ █ ▄▄▀▀ ▄ █▀ ▄ ▄ ▀▄▀▄▄ ▄▀▄▀ ▀█▄ █████  ▄   
  ▀ ▀▀  ▀▀▄▄▄▀▀▄█ ▄▄▄ ▄▄▀ ▀█▄▀▀█▀██▀▀▀█ ▄█    
  █▀▀▀▀▀█ ▀██▄▄█▀▀▀█▄▄ ▄▄    ▀ ▀█▀█ ▀ █ ▀ ▄   
  █ ███ █ █ ▀ ▄ ▀▄▀▄▄█▄▀█▀ ▄▀██▀▄ ▀█▀█▀██ ▄   
  █ ▀▀▀ █ ██▀ ▄ ▄█▀ ▀▄ ▄█  ▀ ▀▄▀  ▀▄▀ █▄ ▄    
  ▀▀▀▀▀▀▀ ▀   ▀▀▀▀   ▀▀▀▀ ▀ ▀  ▀ ▀ ▀    ▀     
                                              

V (1942) esp_adapter: thread sem get: sem=0x3fcaa7ac[0m
[0;32mI (1942) phy_init: phy_version 640,cd64a1a,Jan 24 2024,17:28:12[0m
D (1952) phy_init: loading PHY init data from application binary[0m
D (1952) nvs: nvs_open_from_partition phy 0[0m
D (1962) nvs: nvs_get cal_version 4[0m
V (1962) phy_init: phy_get_rf_cal_version: 640[0m
D (1972) nvs: nvs_get_str_or_blob cal_mac[0m
D (1972) efuse: In EFUSE_BLK1__DATA1_REG is used 8 bits starting with 8 bit[0m
D (1982) efuse: In EFUSE_BLK1__DATA1_REG is used 8 bits starting with 0 bit[0m
D (1982) efuse: In EFUSE_BLK1__DATA0_REG is used 8 bits starting with 24 bit[0m
D (1992) efuse: In EFUSE_BLK1__DATA0_REG is used 8 bits starting with 16 bit[0m
D (2002) efuse: In EFUSE_BLK1__DATA0_REG is used 8 bits starting with 8 bit[0m
D (2012) efuse: In EFUSE_BLK1__DATA0_REG is used 8 bits starting with 0 bit[0m
D (2012) nvs: nvs_get_str_or_blob cal_data[0m
D (2022) nvs: nvs_close 3[0m
D (2022) efuse: In EFUSE_BLK1__DATA1_REG is used 8 bits starting with 8 bit[0m
D (2032) efuse: In EFUSE_BLK1__DATA1_REG is used 8 bits starting with 0 bit[0m
D (2032) efuse: In EFUSE_BLK1__DATA0_REG is used 8 bits starting with 24 bit[0m
D (2042) efuse: In EFUSE_BLK1__DATA0_REG is used 8 bits starting with 16 bit[0m
D (2052) efuse: In EFUSE_BLK1__DATA0_REG is used 8 bits starting with 8 bit[0m
D (2052) efuse: In EFUSE_BLK1__DATA0_REG is used 8 bits starting with 0 bit[0m
D (2082) temperature_sensor: range changed, change to index 2[0m
V (2092) wifi:ht20 freq=2412, chan=1
D (2092) wifi:filter: set rx policy=0
I (2092) wifi:mode : sta (84:fc:e6:7b:73:b8)
I (2092) wifi:enable tsf
D (2092) wifi:filter: set rx policy=1
D (2102) wifi:connect status 0 -> 0
D (2102) event: running post WIFI_EVENT:40 with handler 0x4200a710 and context 0x3fca7f98 on loop 0x3fca6d0c[0m
D (2112) event: running post WIFI_EVENT:2 with handler 0x4202cce4 and context 0x3fca7e30 on loop 0x3fca6d0c[0m
D (2122) wifi_init_default: wifi_start esp-netif:0x3fca7c34 event-id2[0m
D (2132) wifi_init_default: WIFI mac address: 84 fc e6 7b 73 b8[0m
V (2132) esp_adapter: thread sem create: sem=0x3fcb27f0[0m
V (2142) esp_adapter: thread sem get: sem=0x3fcb27f0[0m
D (2142) esp_netif_lwip: check: remote, if=0x3fca7c34 fn=0x42012e34[0m
D (2152) esp_netif_lwip: call api in lwip: ret=0x0, give sem[0m
D (2162) esp_netif_handlers: esp_netif action has started with netif0x3fca7c34 from event_id=2[0m
D (2162) esp_netif_lwip: check: remote, if=0x3fca7c34 fn=0x42013700[0m
D (2172) esp_netif_lwip: esp_netif_start_api 0x3fca7c34[0m
D (2182) esp_netif_lwip: esp_netif_get_hostname esp_netif:0x3fca7c34[0m
D (2182) esp_netif_lwip: check: local, if=0x3fca7c34 fn=0x42013ea4[0m
D (2192) esp_netif_lwip: esp_netif_update_default_netif_lwip 0x3fca7c34[0m
V (2192) esp_netif_lwip: esp_netif_is_netif_up esp_netif:0x3fca7c34[0m
D (2202) esp_netif_lwip: call api in lwip: ret=0x0, give sem[0m
D (2212) event: running post WIFI_EVENT:2 with handler 0x4200a710 and context 0x3fca7f98 on loop 0x3fca6d0c[0m
[0;32mI (2222) wifi dpp-enrollee: Started listening for DPP Authentication[0m
V (2222) esp_adapter: thread sem create: sem=0x3fcb28a0[0m
V (2232) esp_adapter: thread sem get: sem=0x3fcb28a0[0m
D (2232) wifi:Listen on channel 6 for 500 mSec
V (2242) wifi:change: chan<6,0>, dur<0,500>
V (2242) wifi:ht20 freq=2437, chan=6
V (2252) wifi:enter start op, arg=0x42014ad0
V (2252) wifi:start max timer
D (2752) wifi:ROC: Ending operation at 2.0, returning to Channel 1
V (2752) wifi:back home chan=<1,0>, current chan=<6,0>
V (2752) wifi:ht20 freq=2412, chan=1
D (2762) event: running post WIFI_EVENT:20 with handler 0x4200a710 and context 0x3fca7f98 on loop 0x3fca6d0c[0m
D (2772) event: running post WIFI_EVENT:20 with handler 0x4201563c and context 0x3fcb2590 on loop 0x3fca6d0c[0m
V (2782) esp_adapter: thread sem get: sem=0x3fcb28a0[0m
D (2782) wifi:Listen on channel 6 for 500 mSec
V (2782) wifi:change: chan<6,0>, dur<0,500>
V (2792) wifi:ht20 freq=2437, chan=6
V (2792) wifi:enter start op, arg=0x42014ad0
V (2802) wifi:start max timer
D (3302) wifi:ROC: Ending operation at 3.0, returning to Channel 1
V (3302) wifi:back home chan=<1,0>, current chan=<6,0>
V (3302) wifi:ht20 freq=2412, chan=1
D (3302) event: running post WIFI_EVENT:20 with handler 0x4200a710 and context 0x3fca7f98 on loop 0x3fca6d0c[0m
D (3312) event: running post WIFI_EVENT:20 with handler 0x4201563c and context 0x3fcb2590 on loop 0x3fca6d0c[0m
V (3322) esp_adapter: thread sem get: sem=0x3fcb28a0[0m
D (3332) wifi:Listen on channel 6 for 500 mSec
V (3332) wifi:change: chan<6,0>, dur<0,500>
V (3332) wifi:ht20 freq=2437, chan=6
V (3342) wifi:enter start op, arg=0x42014ad0
V (3342) wifi:start max timer
D (3842) wifi:ROC: Ending operation at 3.0, returning to Channel 1
V (3842) wifi:back home chan=<1,0>, current chan=<6,0>
V (3852) wifi:ht20 freq=2412, chan=1
D (3852) event: running post WIFI_EVENT:20 with handler 0x4200a710 and context 0x3fca7f98 on loop 0x3fca6d0c[0m
D (3862) event: running post WIFI_EVENT:20 with handler 0x4201563c and context 0x3fcb2590 on loop 0x3fca6d0c[0m
V (3872) esp_adapter: thread sem get: sem=0x3fcb28a0[0m
D (3872) wifi:Listen on channel 6 for 500 mSec
V (3882) wifi:change: chan<6,0>, dur<0,500>
V (3882) wifi:ht20 freq=2437, chan=6
V (3882) wifi:enter start op, arg=0x42014ad0
V (3892) wifi:start max timer
D (4332) wpa: DPP: Rx Public Action frame: action - 9[0m
V (4332) esp_adapter: thread sem get: sem=0x3fcb28a0[0m
D (4332) wifi:ROC: Ending operation at 4.0, returning to Channel 1
V (4342) wifi:back home chan=<1,0>, current chan=<6,0>
V (4342) wifi:ht20 freq=2412, chan=1
V (4352) wifi:back home chan=<1,0>, current chan=<1,0>
[0;32mI (4352) wpa: DPP: Authentication Request from 8e:ff:3e:16:e0:96[0m
D (4352) event: running post WIFI_EVENT:20 with handler 0x4200a710 and context 0x3fca7f98 on loop 0x3fca6d0c[0m
V (4362) wpa: DPP: Responder Bootstrapping Key Hash - hexdump(len=32):[0m
D (4372) event: running post WIFI_EVENT:20 with handler 0x4201563c and context 0x3fcb2590 on loop 0x3fca6d0c[0m
V (4372) wpa: 39 36 b9 20 70 fe 77 98 bb 4e 8b 77 67 26 f5 37 [0m
V (4392) wpa: f7 ef de e5 6a 90 61 c3 56 5d 94 e1 28 c5 bd 24 [0m
V (4392) wpa: DPP: Initiator Bootstrapping Key Hash - hexdump(len=32):[0m
V (4402) wpa: c5 0c c5 c2 26 3a 23 33 04 64 01 d3 89 ba 63 88 [0m
V (4412) wpa: 52 3a 12 e6 03 e5 ec 5f d4 7c 21 a4 3f d4 5b f5 [0m
V (4412) wpa: DPP: Wrapped Data - hexdump(len=41):[0m
V (4422) wpa: 2f 7b 2e 1a 5b 31 54 4b a8 e2 c8 4f 86 90 64 0b [0m
V (4422) wpa: cb b1 59 11 17 29 de ec 78 f3 f0 29 1d 1e fc c6 [0m
V (4432) wpa: 8d 0d 3d d1 98 4b ec 80 52 [0m
V (4432) wpa: DPP: Initiator Protocol Key - hexdump(len=64):[0m
V (4442) wpa: 76 32 cf 29 88 af d8 75 94 f0 ce 03 9d 82 75 04 [0m
V (4452) wpa: e0 30 a5 61 60 08 d7 1e 99 b1 b5 58 dc 75 25 dd [0m
V (4452) wpa: f1 15 8c 2c 76 eb 87 3e 67 6f 1c 08 bd 33 7e ce [0m
V (4462) wpa: 5e 25 57 26 4c 7d 5b 16 b7 c0 28 93 87 09 ec 7d [0m
V (4462) intr_alloc: esp_intr_alloc_intrstatus (cpu 1): checking args[0m
V (4472) intr_alloc: esp_intr_alloc_intrstatus (cpu 1): Args okay. Resulting flags 0xE[0m
D (4482) intr_alloc: Connected src 76 to int 4 (cpu 1)[0m
[0;31mE (4482) wpa: curve: secp256r1[0m
[0;31mE (4492) wpa: prime len is 32[0m
[0;31mE (4492) wpa: Q_x: - hexdump(len=32):[0m
[0;31mE (4492) wpa: 76 32 cf 29 88 af d8 75 94 f0 ce 03 9d 82 75 04 [0m
[0;31mE (4502) wpa: e0 30 a5 61 60 08 d7 1e 99 b1 b5 58 dc 75 25 dd [0m
[0;31mE (4512) wpa: Q_y: - hexdump(len=32):[0m
[0;31mE (4512) wpa: f1 15 8c 2c 76 eb 87 3e 67 6f 1c 08 bd 33 7e ce [0m
[0;31mE (4522) wpa: 5e 25 57 26 4c 7d 5b 16 b7 c0 28 93 87 09 ec 7d [0m
[0;31mE (4522) wpa: d:      - hexdump(len=32):[0m
[0;31mE (4532) wpa: 00 00 00 00 00 00 00 00 00 00 00 00 00 00 00 00 [0m
[0;31mE (4542) wpa: 00 00 00 00 00 00 00 00 00 00 00 00 00 00 00 00 [0m
V (4542) intr_alloc: esp_intr_alloc_intrstatus (cpu 1): checking args[0m
V (4552) intr_alloc: esp_intr_alloc_intrstatus (cpu 1): Args okay. Resulting flags 0xE[0m
D (4562) intr_alloc: Connected src 77 to int 9 (cpu 1)[0m
D (4722) wpa: DPP: ECDH shared secret (M.x) - hexdump(len=32):[0m
D (4722) wpa: b3 5b 6b 12 f0 af 54 28 79 b7 a9 b6 89 c2 fe 29 [0m
D (4722) wpa: 4e 24 23 e8 fb 90 d6 70 00 8f 03 3f f1 f6 b6 a4 [0m
D (4722) wpa: DPP: PRK = HKDF-Extract(<>, IKM=M.x) - hexdump(len=32):[0m
D (4732) wpa: 6d eb 03 4e c4 04 8f 74 f1 6a eb 81 12 95 b8 8c [0m
D (4732) wpa: 9c 20 e4 fd be fe 92 7d 8f d7 a7 d0 6b 59 c0 c8 [0m
D (4742) wpa: DPP: k1 = HKDF-Expand(PRK, info, L) - hexdump(len=32):[0m
D (4752) wpa: a2 55 5c b4 ff 29 2f af d3 be c0 86 16 bd d1 35 [0m
D (4752) wpa: fa 8e 80 b9 39 1c 77 f4 c7 ba 7d e4 cf f0 b8 d3 [0m
D (4762) wpa: DDP: AES-SIV AD[0] - hexdump(len=6):[0m
D (4762) wpa: 50 6f 9a 1a 01 00 [0m
D (4772) wpa: DDP: AES-SIV AD[1] - hexdump(len=140):[0m
D (4772) wpa: 02 10 20 00 39 36 b9 20 70 fe 77 98 bb 4e 8b 77 [0m
D (4782) wpa: 67 26 f5 37 f7 ef de e5 6a 90 61 c3 56 5d 94 e1 [0m
D (4782) wpa: 28 c5 bd 24 01 10 20 00 c5 0c c5 c2 26 3a 23 33 [0m
D (4792) wpa: 04 64 01 d3 89 ba 63 88 52 3a 12 e6 03 e5 ec 5f [0m
D (4802) wpa: d4 7c 21 a4 3f d4 5b f5 03 10 40 00 76 32 cf 29 [0m
D (4802) wpa: 88 af d8 75 94 f0 ce 03 9d 82 75 04 e0 30 a5 61 [0m
D (4812) wpa: 60 08 d7 1e 99 b1 b5 58 dc 75 25 dd f1 15 8c 2c [0m
D (4812) wpa: 76 eb 87 3e 67 6f 1c 08 bd 33 7e ce 5e 25 57 26 [0m
D (4822) wpa: 4c 7d 5b 16 b7 c0 28 93 87 09 ec 7d [0m
D (4822) wpa: DPP: AES-SIV ciphertext - hexdump(len=41):[0m
D (4832) wpa: 2f 7b 2e 1a 5b 31 54 4b a8 e2 c8 4f 86 90 64 0b [0m
D (4842) wpa: cb b1 59 11 17 29 de ec 78 f3 f0 29 1d 1e fc c6 [0m
D (4842) wpa: 8d 0d 3d d1 98 4b ec 80 52 [0m
D (4852) wpa: DPP: AES-SIV cleartext - hexdump(len=25):[0m
D (4852) wpa: 05 10 10 00 8d ce e1 7a 4f 7a 23 f0 3b 33 14 95 [0m
D (4862) wpa: 26 9a be 43 06 10 01 00 02 [0m
V (4862) wpa: DPP: Attribute ID 1005 len 16[0m
V (4862) wpa: DPP: Attribute ID 1006 len 1[0m
D (4872) wpa: DPP: I-nonce - hexdump(len=16):[0m
D (4872) wpa: 8d ce e1 7a 4f 7a 23 f0 3b 33 14 95 26 9a be 43 [0m
D (4882) wpa: DPP: I-capabilities: 0x02[0m
D (4882) wpa: DPP: Acting as Enrollee[0m
D (4892) wpa: DPP: Build Authentication Response[0m
D (4892) wpa: DPP: R-nonce - hexdump(len=16):[0m
D (4902) wpa: f3 cd 7c 4b b6 b7 d0 43 9e a0 38 b2 1c 9f a5 b7 [0m
D (4952) wpa: DPP: Generating a keypair[0m
[0;31mE (4962) wpa: curve: secp256r1[0m
[0;31mE (4962) wpa: prime len is 32[0m
[0;31mE (4962) wpa: Q_x: - hexdump(len=32):[0m
[0;31mE (4962) wpa: 38 39 d6 bb 1f 4b 6c 72 0a 14 b1 f4 7e ff a6 6e [0m
[0;31mE (4972) wpa: f4 0c 5d 9e b2 8d 25 3c ee 73 f1 3f 66 ba 5e 6e [0m
[0;31mE (4972) wpa: Q_y: - hexdump(len=32):[0m
[0;31mE (4982) wpa: 00 ad 15 87 4f 43 ef 37 66 9c b5 b5 bd 08 cd ae [0m
[0;31mE (4982) wpa: d7 09 8d 34 98 5b 1a 1e 61 b3 83 93 1e 78 31 3c [0m
[0;31mE (4992) wpa: d:      - hexdump(len=32):[0m
[0;31mE (4992) wpa: fc 82 7a 9b 77 22 cd 09 5c 41 85 ca 0e a2 c9 5e [0m
[0;31mE (5002) wpa: e7 b1 72 87 0c 6e f9 4b 02 ee 45 69 a5 92 1c ef [0m
D (5162) wpa: DPP: ECDH shared secret (N.x) - hexdump(len=32):[0m
D (5162) wpa: 94 dc 8b 97 43 87 04 d0 53 82 c5 38 93 c9 2e f9 [0m
D (5162) wpa: 66 17 92 6a 37 35 1e 30 bb d6 f6 42 57 23 18 6b [0m
D (5172) wpa: DPP: PRK = HKDF-Extract(<>, IKM=N.x) - hexdump(len=32):[0m
D (5182) wpa: 19 99 79 a2 0f 16 5d 81 da 4f 3f 91 eb 3a db ea [0m
D (5182) wpa: 0c 53 be f4 bd bc 5e 18 bc 89 28 de f7 ba 70 56 [0m
D (5192) wpa: DPP: k2 = HKDF-Expand(PRK, info, L) - hexdump(len=32):[0m
D (5192) wpa: 22 ac 7f 57 f7 d0 ff 79 62 23 d7 d1 06 11 fa b7 [0m
D (5202) wpa: 4f 6e 04 61 ad a6 c9 10 dc f8 c7 bb 97 71 1f 01 [0m
D (5212) wpa: DPP: PRK = HKDF-Extract(<>, IKM) - hexdump(len=32):[0m
D (5212) wpa: 99 7b e5 f0 45 ec c5 27 27 c1 e5 40 c5 f7 5e 82 [0m
D (5222) wpa: 77 6b d2 f2 4e ad 46 99 d1 7c 47 ae 8f ef ba 7b [0m
D (5222) wpa: DPP: ke = HKDF-Expand(PRK, info, L) - hexdump(len=32):[0m
D (5232) wpa: 66 11 8c 36 2d 83 0b 43 44 64 da d6 f0 62 6a 0a [0m
D (5242) wpa: 8e 8d 61 35 63 d6 01 7c fa ed aa c6 ef ce 72 16 [0m
D (5242) wpa: DPP: R-auth hash components[0m
D (5252) wpa: DPP: hash component - hexdump(len=16):[0m
D (5252) wpa: 8d ce e1 7a 4f 7a 23 f0 3b 33 14 95 26 9a be 43 [0m
D (5262) wpa: DPP: hash component - hexdump(len=16):[0m
D (5262) wpa: f3 cd 7c 4b b6 b7 d0 43 9e a0 38 b2 1c 9f a5 b7 [0m
D (5272) wpa: DPP: hash component - hexdump(len=32):[0m
D (5272) wpa: 76 32 cf 29 88 af d8 75 94 f0 ce 03 9d 82 75 04 [0m
D (5282) wpa: e0 30 a5 61 60 08 d7 1e 99 b1 b5 58 dc 75 25 dd [0m
D (5282) wpa: DPP: hash component - hexdump(len=32):[0m
D (5292) wpa: 38 39 d6 bb 1f 4b 6c 72 0a 14 b1 f4 7e ff a6 6e [0m
D (5292) wpa: f4 0c 5d 9e b2 8d 25 3c ee 73 f1 3f 66 ba 5e 6e [0m
D (5302) wpa: DPP: hash component - hexdump(len=32):[0m
D (5312) wpa: 09 e0 40 2d e3 7c bb e9 69 25 37 9a eb 67 c5 8e [0m
D (5312) wpa: 74 62 03 51 94 a2 c5 c4 42 3f ae 1b ad f7 dd 97 [0m
D (5322) wpa: DPP: hash component - hexdump(len=1):[0m
D (5322) wpa: 00 [0m
D (5322) wpa: DPP: R-auth - hexdump(len=32):[0m
D (5332) wpa: 37 c5 39 f2 1c 47 72 3e 42 92 17 8a e1 50 78 9e [0m
D (5332) wpa: d0 0b 87 4c 16 4d 92 3c ac 18 e1 3b 6d 2a a7 f8 [0m
D (5342) wpa: DPP: {R-auth}ke - hexdump(len=52):[0m
D (5352) wpa: 07 9d 8a b2 a7 fb 4a 21 16 8e 30 71 36 72 aa 82 [0m
D (5352) wpa: 68 c4 9e dc 44 c3 46 2d 5f 81 79 83 ce 92 c0 63 [0m
D (5362) wpa: 6e 12 70 7f fb d4 20 bb 7e 45 60 76 2d e0 e5 12 [0m
D (5362) wpa: fb 42 db 37 [0m
D (5372) wpa: Setting auth resp retry to 0 0 [0m
D (5372) wpa: DPP: Status 0[0m
D (5372) wpa: DPP: R-Bootstrap Key Hash[0m
D (5382) wpa: DDP: AES-SIV AD[0] - hexdump(len=6):[0m
D (5382) wpa: 50 6f 9a 1a 01 01 [0m
D (5392) wpa: DDP: AES-SIV AD[1] - hexdump(len=109):[0m
D (5392) wpa: 00 10 01 00 00 02 10 20 00 39 36 b9 20 70 fe 77 [0m
D (5402) wpa: 98 bb 4e 8b 77 67 26 f5 37 f7 ef de e5 6a 90 61 [0m
D (5402) wpa: c3 56 5d 94 e1 28 c5 bd 24 09 10 40 00 38 39 d6 [0m
D (5412) wpa: bb 1f 4b 6c 72 0a 14 b1 f4 7e ff a6 6e f4 0c 5d [0m
D (5412) wpa: 9e b2 8d 25 3c ee 73 f1 3f 66 ba 5e 6e 00 ad 15 [0m
D (5422) wpa: 87 4f 43 ef 37 66 9c b5 b5 bd 08 cd ae d7 09 8d [0m
D (5432) wpa: 34 98 5b 1a 1e 61 b3 83 93 1e 78 31 3c [0m
D (5432) wpa: DPP: AES-SIV cleartext - hexdump(len=101):[0m
D (5442) wpa: 07 10 10 00 f3 cd 7c 4b b6 b7 d0 43 9e a0 38 b2 [0m
D (5442) wpa: 1c 9f a5 b7 05 10 10 00 8d ce e1 7a 4f 7a 23 f0 [0m
D (5452) wpa: 3b 33 14 95 26 9a be 43 08 10 01 00 01 04 10 34 [0m
D (5452) wpa: 00 07 9d 8a b2 a7 fb 4a 21 16 8e 30 71 36 72 aa [0m
D (5462) wpa: 82 68 c4 9e dc 44 c3 46 2d 5f 81 79 83 ce 92 c0 [0m
D (5472) wpa: 63 6e 12 70 7f fb d4 20 bb 7e 45 60 76 2d e0 e5 [0m
D (5472) wpa: 12 fb 42 db 37 [0m
D (5482) wpa: DPP: AES-SIV ciphertext - hexdump(len=117):[0m
D (5482) wpa: b8 72 68 8b 89 14 ca 22 64 2c e9 0a 14 0a 1b 31 [0m
D (5492) wpa: 15 92 d1 a4 e2 f2 1e 5e 03 9f bb fd d6 2a fe 2e [0m
D (5492) wpa: b8 d8 05 52 77 14 63 c9 d4 da ca b7 83 78 c8 2d [0m
D (5502) wpa: e4 bd c2 26 bd 61 13 fd 12 f4 a4 eb fe 8d 6f c4 [0m
D (5502) wpa: f8 ee 45 4c 19 2b 5f 8f fc 77 0d 94 ff b0 63 ff [0m
D (5512) wpa: b9 ea 11 ea b2 77 cc 85 d9 02 d4 1b a5 41 e0 cb [0m
D (5522) wpa: aa 05 0d d9 a1 f8 35 6b 63 f6 59 50 59 73 c6 a9 [0m
D (5522) wpa: 5e db 58 00 28 [0m
D (5522) wpa: DPP: Authentication Response frame attributes - hexdump(len=238):[0m
D (5532) wpa: 04 09 50 6f 9a 1a 01 01 00 10 01 00 00 02 10 20 [0m
D (5542) wpa: 00 39 36 b9 20 70 fe 77 98 bb 4e 8b 77 67 26 f5 [0m
D (5542) wpa: 37 f7 ef de e5 6a 90 61 c3 56 5d 94 e1 28 c5 bd [0m
D (5552) wpa: 24 09 10 40 00 38 39 d6 bb 1f 4b 6c 72 0a 14 b1 [0m
D (5562) wpa: f4 7e ff a6 6e f4 0c 5d 9e b2 8d 25 3c ee 73 f1 [0m
D (5562) wpa: 3f 66 ba 5e 6e 00 ad 15 87 4f 43 ef 37 66 9c b5 [0m
D (5572) wpa: b5 bd 08 cd ae d7 09 8d 34 98 5b 1a 1e 61 b3 83 [0m
D (5572) wpa: 93 1e 78 31 3c 04 10 75 00 b8 72 68 8b 89 14 ca [0m
D (5582) wpa: 22 64 2c e9 0a 14 0a 1b 31 15 92 d1 a4 e2 f2 1e [0m
D (5582) wpa: 5e 03 9f bb fd d6 2a fe 2e b8 d8 05 52 77 14 63 [0m
D (5592) wpa: c9 d4 da ca b7 83 78 c8 2d e4 bd c2 26 bd 61 13 [0m
D (5602) wpa: fd 12 f4 a4 eb fe 8d 6f c4 f8 ee 45 4c 19 2b 5f [0m
D (5602) wpa: 8f fc 77 0d 94 ff b0 63 ff b9 ea 11 ea b2 77 cc [0m
D (5612) wpa: 85 d9 02 d4 1b a5 41 e0 cb aa 05 0d d9 a1 f8 35 [0m
D (5612) wpa: 6b 63 f6 59 50 59 73 c6 a9 5e db 58 00 28 [0m
D (5622) wpa: DPP: Mgmt Tx - MAC:8e:ff:3e:16:e0:96, Channel-6, WaitT-600[0m
V (5632) esp_adapter: thread sem get: sem=0x3fcb28a0[0m
D (5632) wifi:Send frame on channel 6 to 8e:ff:3e:16:e0:96

V (5642) wifi:change: chan<6,0>, dur<0,600>
V (5642) wifi:ht20 freq=2437, chan=6
V (5642) wifi:enter start op, arg=0x3fcb4374
D (5652) wifi:offchan_txop_start : 143
V (5652) wifi:start max timer
D (5662) wifi:tx_mgmt cb : 1636 status 1 
D (5662) wifi:tx data done, now:5679982
D (5662) wifi:woke up
D (5662) event: running post WIFI_EVENT:19 with handler 0x4200a710 and context 0x3fca7f98 on loop 0x3fca6d0c[0m
D (5672) wpa: DPP: Rx Public Action frame: action - 9[0m
D (5672) event: running post WIFI_EVENT:19 with handler 0x4201563c and context 0x3fcb2560 on loop 0x3fca6d0c[0m
D (5682) wpa: DPP: Authentication Confirmation from 8e:ff:3e:16:e0:96[0m
D (5692) wpa: Mgmt Tx Status - 0, Cookie - 0x42014ad0[0m
D (5702) wpa: ELOOP: esp_dpp_rx_auth_conf:278 called to remove timer handler=0x4201551c, removed count=0[0m
D (5702) wpa: ELOOP: offchan_event_handler:617 called to remove timer handler=0x4201551c, removed count=0[0m
D (5712) wpa: DPP: Wrapped data - hexdump(len=52):[0m
D (5722) wpa: ELOOP: Added one timer from offchan_event_handler:618 to call 0x4201551c, current order=0[0m
D (5722) wpa: b4 f1 d9 f0 67 b9 e1 79 7d 0c 0c 8e 84 74 50 7e [0m
D (5742) wpa: b5 ba 71 dc 81 e3 77 49 58 91 bb 16 97 43 f5 26 [0m
D (5752) wpa: 11 38 e8 80 59 6c ba 63 f0 51 21 30 a8 16 0e 39 [0m
D (5752) wpa: 69 c2 97 a3 [0m
D (5752) wpa: DPP: Responder Bootstrapping Key Hash - hexdump(len=32):[0m
D (5762) wpa: 39 36 b9 20 70 fe 77 98 bb 4e 8b 77 67 26 f5 37 [0m
D (5772) wpa: f7 ef de e5 6a 90 61 c3 56 5d 94 e1 28 c5 bd 24 [0m
D (5772) wpa: DPP: Status 0[0m
D (5782) wpa: DDP: AES-SIV AD[0] - hexdump(len=6):[0m
D (5782) wpa: 50 6f 9a 1a 01 02 [0m
D (5782) wpa: DDP: AES-SIV AD[1] - hexdump(len=41):[0m
D (5792) wpa: 00 10 01 00 00 02 10 20 00 39 36 b9 20 70 fe 77 [0m
D (5792) wpa: 98 bb 4e 8b 77 67 26 f5 37 f7 ef de e5 6a 90 61 [0m
D (5802) wpa: c3 56 5d 94 e1 28 c5 bd 24 [0m
D (5802) wpa: DPP: AES-SIV ciphertext - hexdump(len=52):[0m
D (5812) wpa: b4 f1 d9 f0 67 b9 e1 79 7d 0c 0c 8e 84 74 50 7e [0m
D (5822) wpa: b5 ba 71 dc 81 e3 77 49 58 91 bb 16 97 43 f5 26 [0m
D (5822) wpa: 11 38 e8 80 59 6c ba 63 f0 51 21 30 a8 16 0e 39 [0m
D (5832) wpa: 69 c2 97 a3 [0m
D (5832) wpa: DPP: AES-SIV cleartext - hexdump(len=36):[0m
D (5842) wpa: 0a 10 20 00 8f 37 c2 c2 6d f4 08 30 5d d5 85 96 [0m
D (5842) wpa: 65 11 d4 30 38 64 bf 80 ee ea 85 6b 08 a5 17 0b [0m
D (5852) wpa: 82 ab 94 0e [0m
V (5852) wpa: DPP: Attribute ID 100a len 32[0m
D (5852) wpa: DPP: Received Initiator Authenticating Tag - hexdump(len=32):[0m
D (5862) wpa: 8f 37 c2 c2 6d f4 08 30 5d d5 85 96 65 11 d4 30 [0m
D (5872) wpa: 38 64 bf 80 ee ea 85 6b 08 a5 17 0b 82 ab 94 0e [0m
D (5872) wpa: DPP: I-auth hash components[0m
D (5882) wpa: DPP: hash component - hexdump(len=16):[0m
D (5882) wpa: f3 cd 7c 4b b6 b7 d0 43 9e a0 38 b2 1c 9f a5 b7 [0m
D (5892) wpa: DPP: hash component - hexdump(len=16):[0m
D (5892) wpa: 8d ce e1 7a 4f 7a 23 f0 3b 33 14 95 26 9a be 43 [0m
D (5902) wpa: DPP: hash component - hexdump(len=32):[0m
D (5902) wpa: 38 39 d6 bb 1f 4b 6c 72 0a 14 b1 f4 7e ff a6 6e [0m
D (5912) wpa: f4 0c 5d 9e b2 8d 25 3c ee 73 f1 3f 66 ba 5e 6e [0m
D (5922) wpa: DPP: hash component - hexdump(len=32):[0m
D (5922) wpa: 76 32 cf 29 88 af d8 75 94 f0 ce 03 9d 82 75 04 [0m
D (5932) wpa: e0 30 a5 61 60 08 d7 1e 99 b1 b5 58 dc 75 25 dd [0m
D (5932) wpa: DPP: hash component - hexdump(len=32):[0m
D (5942) wpa: 09 e0 40 2d e3 7c bb e9 69 25 37 9a eb 67 c5 8e [0m
D (5942) wpa: 74 62 03 51 94 a2 c5 c4 42 3f ae 1b ad f7 dd 97 [0m
D (5952) wpa: DPP: hash component - hexdump(len=1):[0m
D (5952) wpa: 01 [0m
D (5962) wpa: DPP: I-auth - hexdump(len=32):[0m
D (5962) wpa: 8f 37 c2 c2 6d f4 08 30 5d d5 85 96 65 11 d4 30 [0m
D (5972) wpa: 38 64 bf 80 ee ea 85 6b 08 a5 17 0b 82 ab 94 0e [0m
D (5972) wpa: DPP: Calculated Initiator Authenticating Tag - hexdump(len=32):[0m
D (5982) wpa: 8f 37 c2 c2 6d f4 08 30 5d d5 85 96 65 11 d4 30 [0m
D (5992) wpa: 38 64 bf 80 ee ea 85 6b 08 a5 17 0b 82 ab 94 0e [0m
D (5992) wpa: DPP: Authentication success - clear temporary keys[0m
D (6002) wpa: DPP: Build configuration request[0m
D (6002) wpa: DPP: E-nonce - hexdump(len=16):[0m
D (6012) wpa: 5e 96 3e 17 05 df 84 a1 9b e8 cb af 8c 95 33 f8 [0m
D (6012) wpa: DPP: configRequest JSON - hexdump(len=71):[0m
D (6022) wpa: 7b 22 6e 61 6d 65 22 3a 22 54 65 73 74 22 2c 22 [0m
D (6022) wpa: 77 69 2d 66 69 5f 74 65 63 68 22 3a 22 69 6e 66 [0m
D (6032) wpa: 72 61 22 2c 22 6e 65 74 52 6f 6c 65 22 3a 22 73 [0m
D (6042) wpa: 74 61 22 2c 22 62 61 6e 64 53 75 70 70 6f 72 74 [0m
D (6042) wpa: 22 3a 5b 38 31 5d 7d [0m
D (6052) wpa: DPP: AES-SIV cleartext - hexdump(len=95):[0m
D (6052) wpa: 14 10 10 00 5e 96 3e 17 05 df 84 a1 9b e8 cb af [0m
D (6062) wpa: 8c 95 33 f8 0e 10 47 00 7b 22 6e 61 6d 65 22 3a [0m
D (6062) wpa: 22 54 65 73 74 22 2c 22 77 69 2d 66 69 5f 74 65 [0m
D (6072) wpa: 63 68 22 3a 22 69 6e 66 72 61 22 2c 22 6e 65 74 [0m
D (6072) wpa: 52 6f 6c 65 22 3a 22 73 74 61 22 2c 22 62 61 6e [0m
D (6082) wpa: 64 53 75 70 70 6f 72 74 22 3a 5b 38 31 5d 7d [0m
D (6092) wpa: DPP: AES-SIV ciphertext - hexdump(len=111):[0m
D (6092) wpa: 63 1e e0 e6 bd ca ee 38 40 76 22 be 2d c3 5b 44 [0m
D (6102) wpa: e5 a8 9d 8a a8 10 63 07 0a 9a ad 98 33 a8 d2 60 [0m
D (6102) wpa: 43 05 21 1a ae 48 fa d3 91 a2 1a 23 14 66 d9 f2 [0m
D (6112) wpa: b5 35 a1 3e 03 6d d1 6a 35 18 36 53 47 c5 91 1e [0m
D (6112) wpa: 7d f6 85 0d 2f 04 04 06 f3 9a a9 2a ee e2 3e 70 [0m
D (6122) wpa: dd f7 3b 16 cb e3 34 b9 92 2e ab f6 b4 51 e3 00 [0m
D (6132) wpa: 3b 11 34 55 6f 9e 3b fc 6d 13 ee 59 2e e0 2e [0m
D (6132) wpa: DPP: Configuration Request frame attributes - hexdump(len=115):[0m
D (6142) wpa: 04 10 6f 00 63 1e e0 e6 bd ca ee 38 40 76 22 be [0m
D (6152) wpa: 2d c3 5b 44 e5 a8 9d 8a a8 10 63 07 0a 9a ad 98 [0m
D (6152) wpa: 33 a8 d2 60 43 05 21 1a ae 48 fa d3 91 a2 1a 23 [0m
D (6162) wpa: 14 66 d9 f2 b5 35 a1 3e 03 6d d1 6a 35 18 36 53 [0m
D (6162) wpa: 47 c5 91 1e 7d f6 85 0d 2f 04 04 06 f3 9a a9 2a [0m
D (6172) wpa: ee e2 3e 70 dd f7 3b 16 cb e3 34 b9 92 2e ab f6 [0m
D (6172) wpa: b4 51 e3 00 3b 11 34 55 6f 9e 3b fc 6d 13 ee 59 [0m
D (6182) wpa: 2e e0 2e [0m
V (6182) wpa: DPP: GAS Config Request - hexdump(len=130):[0m
V (6192) wpa: 04 0a 00 6c 08 7f dd 05 50 6f 9a 1a 01 73 00 04 [0m
V (6192) wpa: 10 6f 00 63 1e e0 e6 bd ca ee 38 40 76 22 be 2d [0m
V (6202) wpa: c3 5b 44 e5 a8 9d 8a a8 10 63 07 0a 9a ad 98 33 [0m
V (6212) wpa: a8 d2 60 43 05 21 1a ae 48 fa d3 91 a2 1a 23 14 [0m
V (6212) wpa: 66 d9 f2 b5 35 a1 3e 03 6d d1 6a 35 18 36 53 47 [0m
V (6222) wpa: c5 91 1e 7d f6 85 0d 2f 04 04 06 f3 9a a9 2a ee [0m
V (6222) wpa: e2 3e 70 dd f7 3b 16 cb e3 34 b9 92 2e ab f6 b4 [0m
V (6232) wpa: 51 e3 00 3b 11 34 55 6f 9e 3b fc 6d 13 ee 59 2e [0m
V (6242) wpa: e0 2e [0m
D (6242) wpa: DPP: GAS request to 8e:ff:3e:16:e0:96 (chan 6)[0m
D (6242) wpa: DPP: Mgmt Tx - MAC:8e:ff:3e:16:e0:96, Channel-6, WaitT-600[0m
V (6252) esp_adapter: thread sem get: sem=0x3fcb28a0[0m
D (6252) wifi:OFFCHAN-Tx: Ending op at 5.0, returning to Channel 1
V (6262) wifi:back home chan=<1,0>, current chan=<6,0>
V (6272) wifi:ht20 freq=2412, chan=1
D (6272) wifi:Send frame on channel 6 to 8e:ff:3e:16:e0:96

V (6282) wifi:change: chan<6,0>, dur<0,600>
V (6282) wifi:ht20 freq=2437, chan=6
V (6282) wifi:enter start op, arg=0x3fcb4518
D (6292) wifi:offchan_txop_start : 143
V (6292) wifi:start max timer
D (6292) wpa: ELOOP: Added one timer from esp_dpp_rx_auth_conf:291 to call 0x42014bdc, current order=1[0m
D (6292) wifi:tx_mgmt cb : 1636 status 1 
D (6312) wifi:tx data done, now:6327577
D (6312) wifi:woke up
D (6312) wpa: DPP: Rx Public Action frame: action - 11[0m
D (6312) event: running post WIFI_EVENT:19 with handler 0x4200a710 and context 0x3fca7f98 on loop 0x3fca6d0c[0m
D (6322) wpa: DPP: Gas response received[0m
D (6332) event: running post WIFI_EVENT:19 with handler 0x4201563c and context 0x3fcb2560 on loop 0x3fca6d0c[0m
V (6332) wpa: DPP: Attribute ID 1000 len 1[0m
D (6342) wpa: Mgmt Tx Status - 0, Cookie - 0x42014ad0[0m
V (6342) wpa: DPP: Attribute ID 1004 len 139[0m
D (6352) wpa: DPP: AES-SIV ciphertext - hexdump(len=139):[0m
D (6362) wpa: fb 21 57 20 e7 81 c7 d9 5d d7 a1 59 e7 8f 2e 0c [0m
D (6372) wpa: f7 f5 2b 67 bb a0 05 ae 28 cd 21 f3 8f 82 7b 0f [0m
D (6372) wpa: 99 9f fc 0f ea 5b 59 09 53 66 ea 6f 1f bf fc 71 [0m
D (6382) wpa: 04 d9 21 52 68 43 9a d2 d0 4d 8d c3 8c a4 db e4 [0m
D (6382) wpa: b9 55 3f 5c 1b e4 c3 d2 26 bb bf cb a5 14 63 c8 [0m
D (6392) wpa: b4 8b 0e a1 e4 0c ca f2 38 c9 0f 93 d9 57 c9 4c [0m
D (6392) wpa: f9 b3 5b ba de 2d aa 9e dd 2b f9 90 ae bb 4d 65 [0m
D (6402) wpa: 44 a9 ef 20 2a 1d 7a 85 a5 22 34 6c 91 9b 73 03 [0m
D (6412) wpa: bd d0 67 e5 c4 85 87 29 3d 1c 64 [0m
D (6412) wpa: DDP: AES-SIV AD - hexdump(len=5):[0m
D (6422) wpa: 00 10 01 00 00 [0m
D (6422) wpa: DPP: AES-SIV cleartext - hexdump(len=123):[0m
D (6422) wpa: 14 10 10 00 5e 96 3e 17 05 df 84 a1 9b e8 cb af [0m
D (6432) wpa: 8c 95 33 f8 0c 10 63 00 7b 22 77 69 2d 66 69 5f [0m
D (6442) wpa: 74 65 63 68 22 3a 22 69 6e 66 72 61 22 2c 22 64 [0m
D (6442) wpa: 69 73 63 6f 76 65 72 79 22 3a 7b 22 73 73 69 64 [0m
D (6452) wpa: 22 3a 22 54 6f 76 61 6c 61 2d 74 75 72 72 69 73 [0m
D (6452) wpa: 22 7d 2c 22 63 72 65 64 22 3a 7b 22 61 6b 6d 22 [0m
D (6462) wpa: 3a 22 70 73 6b 22 2c 22 70 61 73 73 22 3a 22 6d [0m
D (6472) wpa: 69 63 72 6f 77 61 76 65 22 7d 7d [0m
V (6472) wpa: DPP: Attribute ID 1014 len 16[0m
V (6472) wpa: DPP: Attribute ID 100c len 99[0m
D (6482) wpa: DPP: Enrollee Nonce - hexdump(len=16):[0m
D (6482) wpa: 5e 96 3e 17 05 df 84 a1 9b e8 cb af 8c 95 33 f8 [0m
D (6492) wpa: DPP: Status 0[0m
D (6492) wpa: DPP: configurationObject JSON - hexdump(len=99):[0m
D (6502) wpa: 7b 22 77 69 2d 66 69 5f 74 65 63 68 22 3a 22 69 [0m
D (6502) wpa: 6e 66 72 61 22 2c 22 64 69 73 63 6f 76 65 72 79 [0m
D (6512) wpa: 22 3a 7b 22 73 73 69 64 22 3a 22 54 6f 76 61 6c [0m
D (6522) wpa: 61 2d 74 75 72 72 69 73 22 7d 2c 22 63 72 65 64 [0m
D (6522) wpa: 22 3a 7b 22 61 6b 6d 22 3a 22 70 73 6b 22 2c 22 [0m
D (6532) wpa: 70 61 73 73 22 3a 22 6d 69 63 72 6f 77 61 76 65 [0m
D (6532) wpa: 22 7d 7d [0m
V (6542) wpa: JSON: String value: 'wi-fi_tech' = 'infra'[0m
V (6542) wpa: JSON: String value: 'ssid' = '#############'[0m
V (6552) wpa: JSON: String value: 'akm' = 'psk'[0m
V (6552) wpa: JSON: String value: 'pass' = '#############'[0m
D (6562) wpa: DPP: discovery::ssid - hexdump(len=13):[0m
D (6562) wpa: 54 6f 76 61 6c 61 2d 74 75 72 72 69 73 [0m
D (6572) wpa: DPP: Legacy akm=psk credential[0m
D (6572) wpa: DPP: Legacy passphrase - hexdump(len=9):[0m
D (6582) wpa: 6d 69 63 72 6f 77 61 76 65 [0m
D (6582) wpa: DPP: JSON parsing completed successfully[0m
D (6592) wpa: ELOOP: gas_query_resp_rx:337 called to remove timer handler=0x42014bdc, removed count=1[0m
V (6602) esp_adapter: thread sem get: sem=0x3fcb28a0[0m
D (6602) wifi:clear blacklist
D (6602) nvs: nvs_get_str_or_blob sta.ssid[0m
D (6612) nvs: nvs_get sta.pmf_e 1[0m
[0;32mI (6612) wifi dpp-enrollee: DPP Authentication successful, connecting to AP : #############[0m
V (6622) esp_adapter: thread sem get: sem=0x3fcb28a0[0m
D (6622) wifi:Start wifi connect
D (6632) wifi:connect status 0 -> 0
D (6632) wifi:connect chan=0
D (6632) wifi:first chan=6
D (6642) wifi:connect status 0 -> 1
D (6642) wifi:OFFCHAN-Tx: Ending op at 6.0, returning to Channel 1
V (6642) wifi:back home chan=<1,0>, current chan=<6,0>
V (6652) wifi:ht20 freq=2412, chan=1
D (6652) wifi:filter: set rx policy=3
D (6662) wifi:clear scan ap list
D (6662) wifi:start scan: type=0x50f, priority=2, cb=0x4205391c, arg=0x0, ss_state=0x1, time=6681261, index=0
V (6672) wifi:inter_channel_timeout: arg=0x0, ss_state=0x1
D (6672) wifi:perform scan: ss_state=0x9, chan<6,0>, dur<0,120>
V (6682) wifi:change: chan<6,0>, dur<0,120>
V (6682) wifi:ht20 freq=2437, chan=6
V (6692) wifi:enter start op, arg=0x3fc9e0aa
V (6692) wifi:scan operation: state=0x3, chan<6,0>, arg=0x3fc9e0aa, status=0
V (6702) wifi:scan specific ssid=#############
V (6702) wifi:start max timer
D (6712) wifi:tx data done, now:6727567
D (6712) wifi:3011 : no offchan in progress
D (6712) wifi:woke up
D (6712) wifi:rsn valid: gcipher=3 ucipher=3 akm=9 mac=04:f0:21:8f:78:38
V (6722) wifi:updated connection retries to 0
D (6722) wpa: rsn_ie - hexdump(len=30):[0m
D (6732) wpa: 30 1c 01 00 00 0f ac 04 01 00 00 0f ac 04 03 00 [0m
D (6732) wpa: 00 0f ac 02 00 0f ac 06 00 0f ac 08 8c 00 [0m
D (6742) wifi:profile match: ss_state=0x7
V (6742) wifi:scan histroy table is not full yet, add
V (6752) wifi:add ssid=#############, chan=6 to scan history
D (6752) wifi:rsn valid: gcipher=3 ucipher=3 akm=9 mac=04:f0:21:8f:78:38
D (6762) wifi:set max rate: from <rate=130, phy=3, sig=0> to <rate=144, phy=3 sig=0>
D (6772) wifi:sig_b=1, sig_g=0, sig_n=0, max_b=0, max_g=108, max_n=144
D (6772) wifi:profile match: ss_state=0x7
V (6782) wifi:update scan history ssid=#############, channel=6
D (6782) wpa: ELOOP: Running timer fn:0x4201551c scheduled by offchan_event_handler:618 [0m
D (6792) wifi:scan end: arg=0x0, status=0, ss_state=0x7
D (6802) wifi:find first mathched ssid, scan done
V (6802) wifi:back home chan=<1,0>, current chan=<6,0>
V (6812) wifi:ht20 freq=2412, chan=1
D (6812) wifi:filter: set rx policy=4
D (6812) wifi:first chan=1
V (6812) wifi:scan_done: arg=0x0, status=0, cur_time=6836615, scan_id=128, scan state=0
V (6822) wifi:call scan_done cb, arg=0x0
D (6832) wifi:handoff_cb: status=0
V (6832) wifi:best bss has set.
D (6832) wifi:ap found, mac=04:f0:21:8f:78:38
V (6842) wifi:bssid=04:f0:21:8f:78:38, LR=0
D (6842) wifi:new_bss=0x3fc9e3a8, cur_bss=0x0, new_chan=<6,0>, cur_chan=1
D (6852) wifi:filter: set rx policy=5
D (6852) wpa: WPA: set AP RSNXE - hexdump(len=3):[0m
D (6852) wpa: f4 01 20 [0m
D (6862) wpa: SAE-PK: Not a valid password (length)[0m
I (6862) wifi:new:<6,0>, old:<1,0>, ap:<255,255>, sta:<6,0>, prof:1
V (6872) wifi:ht20 freq=2437, chan=6
D (6872) wifi:connect_op: status=0, auth=9, cipher=3 
D (6882) wpa: RSN: PMKSA cache search - network_ctx=0x0 try_opportunistic=0[0m
D (6882) wpa: RSN: Search for BSSID 04:f0:21:8f:78:38[0m
D (6892) wpa: RSN: No PMKSA cache entry found[0m
D (6892) wpa: RSN: set own RSNXE - hexdump(len=3):[0m
D (6902) wpa: f4 01 20 [0m
D (6902) wifi:auth mode is not none
D (6902) wifi:connect_bss: auth=1, reconnect=0
I (6912) wifi:state: init -> auth (b0)
D (6912) wpa: SAE: Derive PT - group 19[0m
D (6922) wpa: SAE: SSID - hexdump(len=13):[0m
D (6922) wpa: 54 6f 76 61 6c 61 2d 74 75 72 72 69 73 [0m
D (6922) wpa: SAE: password - hexdump(len=9):[0m
D (6932) wpa: 6d 69 63 72 6f 77 61 76 65 [0m
D (6932) wpa: SAE: pwd-seed - hexdump(len=32):[0m
D (6942) wpa: 24 d5 57 bd e4 96 bd 57 14 22 ed c6 65 84 73 6e [0m
D (6942) wpa: de 0d 0b 5d 69 08 ba b5 03 20 2a d2 f4 f8 4f f7 [0m
D (6952) wpa: SAE: pwd-value (u1 P1) - hexdump(len=48):[0m
D (6952) wpa: 92 58 a1 b9 0e 20 ec 6d 64 2e 4f 96 a6 02 34 48 [0m
D (6962) wpa: 46 67 c4 20 3e 44 95 35 99 c1 94 63 a7 1f 5d b6 [0m
D (6972) wpa: 8f c6 8c a7 fb 9e d9 cc bb 77 62 dc d0 57 d7 a8 [0m
D (6972) wpa: SAE: u1 - hexdump(len=32):[0m
D (6982) wpa: 4b f0 6a 41 34 14 11 56 f9 48 06 3d 34 d0 21 b3 [0m
D (6982) wpa: aa 47 4c 3c 9c 18 67 f3 2d c6 9e e0 48 2f b9 cd [0m
D (6992) wpa: SSWU: m - hexdump(len=32):[0m
D (6992) wpa: 22 c4 17 f9 c9 df 82 c0 03 a0 78 b3 7b 34 9f 3f [0m
D (7002) wpa: 82 ac bc 99 23 5c a6 14 50 c2 64 20 ec 55 0d f9 [0m
D (7002) event: running post WIFI_EVENT:40 with handler 0x4200a710 and context 0x3fca7f98 on loop 0x3fca6d0c[0m
D (7002) wpa: SSWU: t - hexdump(len=32):[0m
D (7022) wpa: 99 15 5b b8 92 d4 a1 5e 25 f1 6e 3c cf 2d 45 db [0m
D (7022) wpa: 53 63 2f f3 20 e4 7a 1f e8 01 33 cf 97 bb 51 86 [0m
D (7032) wpa: SSWU: x1a = b / (z * a) - hexdump(len=32):[0m
D (7032) wpa: a5 28 bd 86 96 bd af 99 6c 65 b9 82 d9 49 59 d3 [0m
D (7042) wpa: 14 6f e6 a0 20 69 30 90 bd ba 13 13 23 75 f2 24 [0m
D (7052) wpa: SSWU: x1b = (-b/a) * (1 + t) - hexdump(len=32):[0m
D (7052) wpa: c6 40 cf 89 cb 99 32 70 6b b9 9c 24 16 be c7 95 [0m
D (7062) wpa: 4f a6 cf aa 95 9b e5 be ce ff 0c 43 85 49 d4 e1 [0m
D (7062) wpa: SSWU: x1 = CSEL(l, x1a, x1b) - hexdump(len=32):[0m
D (7072) wpa: c6 40 cf 89 cb 99 32 70 6b b9 9c 24 16 be c7 95 [0m
D (7082) wpa: 4f a6 cf aa 95 9b e5 be ce ff 0c 43 85 49 d4 e1 [0m
D (7082) wpa: SSWU: gx1 = x1^3 + a * x1 + b - hexdump(len=32):[0m
D (7092) wpa: 94 d6 6c 53 de 50 f1 d4 f8 67 54 5b 51 cb 2f 23 [0m
D (7092) wpa: 45 4c fe 21 1b 65 7f 77 15 b6 7e cc 00 d2 ce cb [0m
D (7102) wpa: SSWU: x2 = z * u^2 * x1 - hexdump(len=32):[0m
D (7112) wpa: c9 6b be c4 9f 34 ee a6 da 1d 5f f3 79 20 d7 c0 [0m
D (7112) wpa: 92 44 1f 5b 53 b1 d5 7a c3 d2 d2 d8 af 73 9a e4 [0m
D (7122) wpa: SSWU: gx2 = x2^3 + a * x2 + b - hexdump(len=32):[0m
D (7122) wpa: d1 65 2c 8a 83 fb c5 66 72 39 75 5c 52 41 1c 9b [0m
D (7132) wpa: b5 5b 3a ba 02 bb 27 f0 00 6d 50 37 35 a3 c3 60 [0m
D (7142) wpa: SSWU: gx1^((p-1)/2) modulo p - hexdump(len=32):[0m
D (7142) wpa: 7f ff ff ff 80 00 00 00 80 00 00 00 00 00 00 00 [0m
D (7152) wpa: 00 00 00 00 7f ff ff ff ff ff ff ff ff ff ff ff [0m
D (7152) wpa: SSWU: v = CSEL(l, gx1, gx2) - hexdump(len=32):[0m
D (7162) wpa: d1 65 2c 8a 83 fb c5 66 72 39 75 5c 52 41 1c 9b [0m
D (7162) wpa: b5 5b 3a ba 02 bb 27 f0 00 6d 50 37 35 a3 c3 60 [0m
D (7172) wpa: SSWU: x = CSEL(l, x1, x2) - hexdump(len=32):[0m
D (7182) wpa: c9 6b be c4 9f 34 ee a6 da 1d 5f f3 79 20 d7 c0 [0m
D (7182) wpa: 92 44 1f 5b 53 b1 d5 7a c3 d2 d2 d8 af 73 9a e4 [0m
D (7192) wpa: SSWU: y = sqrt(v) - hexdump(len=32):[0m
D (7192) wpa: be d9 68 dd bd 84 b3 ea 6d 35 08 41 5a 02 06 50 [0m
D (7202) wpa: 7f c9 79 3a 65 31 13 db b1 d8 13 1e ce cf bd c5 [0m
D (7202) wpa: SSWU: p - y - hexdump(len=32):[0m
D (7212) wpa: 41 26 97 21 42 7b 4c 16 92 ca f7 be a5 fd f9 af [0m
D (7212) wpa: 80 36 86 c6 9a ce ec 24 4e 27 ec e1 31 30 42 3a [0m
D (7222) wpa: SSWU: P.x - hexdump(len=32):[0m
D (7222) wpa: c9 6b be c4 9f 34 ee a6 da 1d 5f f3 79 20 d7 c0 [0m
D (7232) wpa: 92 44 1f 5b 53 b1 d5 7a c3 d2 d2 d8 af 73 9a e4 [0m
D (7242) wpa: SSWU: P.y - hexdump(len=32):[0m
D (7242) wpa: be d9 68 dd bd 84 b3 ea 6d 35 08 41 5a 02 06 50 [0m
D (7252) wpa: 7f c9 79 3a 65 31 13 db b1 d8 13 1e ce cf bd c5 [0m
D (7252) wpa: SAE: pwd-value (u2 P2) - hexdump(len=48):[0m
D (7262) wpa: fc ec 6e 65 4a 25 1a a9 10 91 53 f0 45 f5 e4 22 [0m
D (7262) wpa: 4e b9 e6 9b 09 a0 25 6d 36 32 4b 87 6e db af b0 [0m
D (7272) wpa: ef c4 3a 0d 6a aa e5 5c 49 e8 a2 95 8a 0c 47 92 [0m
D (7282) wpa: SAE: u2 - hexdump(len=32):[0m
D (7282) wpa: 4d 9e 41 ad b3 18 ed 5a ef 20 c2 79 14 25 41 19 [0m
D (7282) wpa: 93 15 de c7 b1 bc 6e 6a a4 9f 11 2d e3 a7 11 3e [0m
D (7292) wpa: SSWU: m - hexdump(len=32):[0m
D (7292) wpa: df ea e1 b5 24 db 64 e2 af 65 a4 aa 8c 0c e5 f7 [0m
D (7302) wpa: 40 b2 d9 be 54 97 5e 8c 55 96 3d ee 17 a9 95 bb [0m
D (7312) wpa: SSWU: t - hexdump(len=32):[0m
D (7312) wpa: 3f a7 25 21 f0 e8 4e 5c fc 8a 49 21 e3 13 0f 0b [0m
D (7322) wpa: 41 86 bb 64 19 ae 13 45 96 85 50 be 16 57 f3 16 [0m
D (7332) wpa: SSWU: x1a = b / (z * a) - hexdump(len=32):[0m
D (7332) wpa: a5 28 bd 86 96 bd af 99 6c 65 b9 82 d9 49 59 d3 [0m
D (7332) wpa: 14 6f e6 a0 20 69 30 90 bd ba 13 13 23 75 f2 24 [0m
D (7342) wpa: SSWU: x1b = (-b/a) * (1 + t) - hexdump(len=32):[0m
D (7352) wpa: b5 21 84 1c 2d b5 19 95 3c a3 8d 22 04 86 3d dc [0m
D (7352) wpa: 81 fb 2d ed 2a db 6f e4 7a a3 8a 09 47 5f e7 88 [0m
D (7362) wpa: SSWU: x1 = CSEL(l, x1a, x1b) - hexdump(len=32):[0m
D (7362) wpa: b5 21 84 1c 2d b5 19 95 3c a3 8d 22 04 86 3d dc [0m
D (7372) wpa: 81 fb 2d ed 2a db 6f e4 7a a3 8a 09 47 5f e7 88 [0m
D (7382) wpa: SSWU: gx1 = x1^3 + a * x1 + b - hexdump(len=32):[0m
D (7382) wpa: 6a 75 85 6d 9e 7c 9a c9 5a fc 5c 7d aa b7 00 23 [0m
D (7392) wpa: 71 ee 0b db 40 f5 1d 3f 8f 48 b1 77 2a 88 78 47 [0m
D (7392) wpa: SSWU: x2 = z * u^2 * x1 - hexdump(len=32):[0m
D (7402) wpa: 98 b2 9a 5d b8 ae db dc 18 2e 64 ba 78 4e 8a 3d [0m
D (7402) wpa: 19 cd 55 93 e0 1a c3 d0 77 6f 9e a1 ce 84 8d bb [0m
D (7412) wpa: SSWU: gx2 = x2^3 + a * x2 + b - hexdump(len=32):[0m
D (7422) wpa: a7 c4 95 b1 0a ba 37 1c 7d 33 9c 0a b3 ae 1e 22 [0m
D (7422) wpa: 89 d4 37 6f fc 03 cb f0 7b 25 ca 49 56 ed 4d 57 [0m
D (7432) wpa: SSWU: gx1^((p-1)/2) modulo p - hexdump(len=32):[0m
D (7432) wpa: 7f ff ff ff 80 00 00 00 80 00 00 00 00 00 00 00 [0m
D (7442) wpa: 00 00 00 00 7f ff ff ff ff ff ff ff ff ff ff ff [0m
D (7442) wpa: SSWU: v = CSEL(l, gx1, gx2) - hexdump(len=32):[0m
D (7452) wpa: 6a 75 85 6d 9e 7c 9a c9 5a fc 5c 7d aa b7 00 23 [0m
D (7462) wpa: 71 ee 0b db 40 f5 1d 3f 8f 48 b1 77 2a 88 78 47 [0m
D (7462) wpa: SSWU: x = CSEL(l, x1, x2) - hexdump(len=32):[0m
D (7472) wpa: b5 21 84 1c 2d b5 19 95 3c a3 8d 22 04 86 3d dc [0m
D (7472) wpa: 81 fb 2d ed 2a db 6f e4 7a a3 8a 09 47 5f e7 88 [0m
D (7482) wpa: SSWU: y = sqrt(v) - hexdump(len=32):[0m
D (7482) wpa: ec 60 53 ed 22 59 75 f3 f9 9b e6 34 94 78 e2 84 [0m
D (7492) wpa: f1 b4 90 f6 c1 40 d8 84 33 0f b7 a3 8f e6 91 41 [0m
D (7502) wpa: SSWU: p - y - hexdump(len=32):[0m
D (7502) wpa: 13 9f ac 11 dd a6 8a 0d 06 64 19 cb 6b 87 1d 7b [0m
D (7512) wpa: 0e 4b 6f 0a 3e bf 27 7b cc f0 48 5c 70 19 6e be [0m
D (7512) wpa: SSWU: P.x - hexdump(len=32):[0m
D (7522) wpa: b5 21 84 1c 2d b5 19 95 3c a3 8d 22 04 86 3d dc [0m
D (7522) wpa: 81 fb 2d ed 2a db 6f e4 7a a3 8a 09 47 5f e7 88 [0m
D (7532) wpa: SSWU: P.y - hexdump(len=32):[0m
D (7532) wpa: 13 9f ac 11 dd a6 8a 0d 06 64 19 cb 6b 87 1d 7b [0m
D (7542) wpa: 0e 4b 6f 0a 3e bf 27 7b cc f0 48 5c 70 19 6e be [0m
D (7552) wpa: SAE: Selecting supported ECC group 19[0m
D (7552) wpa: SAE: Derive PWE from PT[0m
D (7552) wpa: SAE: PT.x - hexdump(len=32):[0m
D (7562) wpa: 5e 56 ac 85 c2 72 a4 cd 38 6d a8 06 8b 16 c1 43 [0m
D (7562) wpa: e0 2d 20 99 89 dc 11 35 ae dc a3 49 a1 83 d7 88 [0m
D (7572) wpa: SAE: PT.y - hexdump(len=32):[0m
D (7572) wpa: aa fa 7a f5 02 2c 8c e9 b1 48 10 ff c1 08 00 d3 [0m
D (7582) wpa: ad 99 e5 1b 07 39 e7 cd 99 28 0e 5b 6b 2c 1f 43 [0m
D (7592) wpa: SAE: val = H(0^n, MAX(addrs) || MIN(addrs))[0m
D (7592) wpa: SAE: val - hexdump(len=32):[0m
D (7592) wpa: fd 57 57 36 8e 3c 67 38 67 51 7b 06 72 d2 0a c2 [0m
D (7602) wpa: 15 06 a4 7a 4f d1 c8 94 80 82 fe c2 50 08 27 0f [0m
D (7612) wpa: SAE: val(reduced to 1..q-1) - hexdump(len=32):[0m
D (7612) wpa: fd 57 57 36 8e 3c 67 38 67 51 7b 06 72 d2 0a c2 [0m
D (7622) wpa: 15 06 a4 7a 4f d1 c8 94 80 82 fe c2 50 08 27 10 [0m
D (7782) wpa: SAE: PWE.x - hexdump(len=32):[0m
D (7782) wpa: d5 06 0e 8d 73 a9 23 d7 5f 4b a4 c1 ad 4d 48 23 [0m
D (7782) wpa: b8 52 ef 6a 16 14 7f 2f 34 46 5c ef cc 8f ff 48 [0m
D (7782) wpa: SAE: PWE.y - hexdump(len=32):[0m
D (7792) wpa: c6 c2 8a b3 39 d2 5a 4f 49 b4 9b c1 c9 ba df 48 [0m
D (7792) wpa: c5 8a 58 bd 46 f0 76 7c 13 04 7a 7e da b1 4f 81 [0m
D (7952) wpa: SAE: own commit-scalar - hexdump(len=32):[0m
D (7952) wpa: cf 6c 45 d6 51 7d ac 13 f3 5f f4 35 1f 65 3c ea [0m
D (7952) wpa: fc 69 58 03 4f 4a 5c 8a 00 0d dd 35 1c a5 2b 5c [0m
D (7962) wpa: SAE: own commit-element(x) - hexdump(len=32):[0m
D (7962) wpa: c3 9a 12 79 05 f1 26 18 ca 61 ac 1e 54 c5 0f e1 [0m
D (7972) wpa: 18 74 77 56 80 d5 b1 2c 99 e1 4d f9 24 d6 e7 c1 [0m
D (7982) wpa: SAE: own commit-element(y) - hexdump(len=32):[0m
D (7982) wpa: 1b a2 34 2e c5 f2 cf 03 3c 47 47 ec 1f e8 e7 55 [0m
D (7992) wpa: b6 da 7d fd f0 3e 3a 6f 40 98 2c 6a a4 b5 b0 73 [0m
D (7992) wifi:start 1s AUTH timer
D (8002) wifi:clear scan ap list
D (8002) wifi:tx data done, now:8023807
D (8002) wifi:3011 : no offchan in progress
D (8012) wifi:woke up
D (8012) wifi:recv auth: seq=1, status=126
D (8012) wpa: SAE: Peer commit-scalar - hexdump(len=32):[0m
D (8022) wpa: 01 0e 47 9b b0 65 6d 9b 08 35 89 c0 5a 45 fc a4 [0m
D (8022) wpa: 63 a9 19 79 d2 1f fd 3a f0 3b fc 71 eb ad 56 fd [0m
D (8032) wpa: SAE: Peer commit-element(x) - hexdump(len=32):[0m
D (8042) wpa: 4a bd 9d a9 c1 03 49 91 4b 75 dd 5b 01 11 64 93 [0m
D (8042) wpa: 3f 68 95 5b 90 43 60 da 34 6c 3b ce 08 93 9c 3c [0m
D (8052) wpa: SAE: Peer commit-element(y) - hexdump(len=32):[0m
D (8052) wpa: ad f4 f7 d6 b3 94 f5 dd 7b b2 8b 29 18 4d a2 51 [0m
D (8062) wpa: 73 b1 48 c3 9d 3e eb f0 5e a9 83 c6 74 8c 5b 6f [0m
D (8072) wpa: SAE: Possible elements at the end of the frame - hexdump(len=0):[0m
D (8072) wpa: SAE: Possible elements at the end of the frame - hexdump(len=0):[0m
D (8082) wpa: SAE: Possible elements at the end of the frame - hexdump(len=0):[0m
D (8092) wpa: SAE: Possible elements at the end of the frame - hexdump(len=0):[0m
D (8412) wpa: SAE: k - hexdump(len=32):[0m
D (8412) wpa: 4b 2a 64 9f 1e 65 70 4b e7 22 f1 78 8d f0 94 fb [0m
D (8412) wpa: b0 de ea 20 75 09 77 04 31 57 41 6a d3 26 72 c0 [0m
D (8412) wpa: SAE: salt for keyseed derivation - hexdump(len=32):[0m
D (8422) wpa: 00 00 00 00 00 00 00 00 00 00 00 00 00 00 00 00 [0m
D (8422) wpa: 00 00 00 00 00 00 00 00 00 00 00 00 00 00 00 00 [0m
D (8432) wpa: SAE: keyseed - hexdump(len=32):[0m
D (8432) wpa: 1b fc 36 f6 d4 8c 87 a7 3a ac 73 1d b8 7f 63 c0 [0m
D (8442) wpa: 63 91 7b 7a 0e 09 81 81 f9 f8 97 9c 55 d0 c8 48 [0m
D (8452) wpa: SAE: PMKID - hexdump(len=16):[0m
D (8452) wpa: d0 7a 8d 72 01 e3 19 ae fb 95 7d f5 79 ab 39 8f [0m
D (8462) wpa: SAE: KCK - hexdump(len=32):[0m
D (8462) wpa: fb 93 5b 26 86 b1 2e 0c 9c c1 ee 42 cb 08 15 95 [0m
D (8472) wpa: 99 02 f1 19 36 e5 c5 34 e2 43 27 58 6b 4b b9 be [0m
D (8472) wpa: SAE: PMK - hexdump(len=32):[0m
D (8482) wpa: 86 09 2f 5d b8 df ab 88 2f ab aa 04 a0 77 29 74 [0m
D (8482) wpa: 28 dc 85 f6 dc 50 51 ae 79 82 1c cc ed 69 7d f4 [0m
D (8492) wifi:tx data done, now:8512927
D (8492) wifi:3011 : no offchan in progress
D (8502) wifi:woke up
D (8502) wifi:recv auth: seq=2, status=0
D (8502) wpa: SAE: peer-send-confirm 65535[0m
D (8512) wpa: ELOOP: pmksa_cache_set_expiration:76 called to remove timer handler=0x4202c328, removed count=0[0m
D (8522) wpa: ELOOP: Added one timer from pmksa_cache_set_expiration:85 to call 0x4202c328, current order=0[0m
D (8532) wpa: RSN: Added PMKSA cache entry for 04:f0:21:8f:78:38 network_ctx=0x0[0m
I (8532) wifi:state: auth -> assoc (0)
D (8542) wifi:tx data done, now:8560897
D (8542) wifi:3011 : no offchan in progress
D (8542) wifi:woke up
D (8552) wifi:recv assoc: type=0x10
I (8552) wifi:Association refused temporarily, comeback time 1000 (TUs)
D (8562) wpa: WPA: Association event - clear replay counter[0m
D (8562) wpa: WPA: Clear old PTK[0m
I (9582) wifi:state: assoc -> assoc (0)
D (9582) wifi:tx data done, now:9604261
D (9582) wifi:3011 : no offchan in progress
D (9582) wifi:woke up
D (9642) wifi:recv assoc: type=0x10
D (9642) wifi:filter: set rx policy=6
I (9642) wifi:state: assoc -> run (10)
D (9642) wifi:start 10s connect timer for 4 way handshake
D (9642) wpa: WPA: Association event - clear replay counter[0m
D (9652) wpa: WPA: Clear old PTK[0m
V (9652) wifi:wpa_psk start
D (9652) wpa: IEEE 802.1X RX: version=2 type=3 length=117[0m
V (9662) wpa: WPA: RX EAPOL-Key - hexdump(len=121):[0m
V (9662) wpa: 02 03 00 75 02 00 88 00 10 00 00 00 00 00 00 00 [0m
V (9672) wpa: 3d ca ec bb f9 86 ea 2b 4c 84 57 30 5c da 3b a4 [0m
V (9672) wpa: ab 31 9a 10 3c 10 ff 8f 6d 59 6f 24 60 61 90 17 [0m
V (9682) wpa: 95 00 00 00 00 00 00 00 00 00 00 00 00 00 00 00 [0m
V (9692) wpa: 00 00 00 00 00 00 00 00 00 00 00 00 00 00 00 00 [0m
V (9692) wpa: 00 00 00 00 00 00 00 00 00 00 00 00 00 00 00 00 [0m
V (9702) wpa: 00 00 16 dd 14 00 0f ac 04 d0 7a 8d 72 01 e3 19 [0m
V (9702) wpa: ae fb 95 7d f5 79 ab 39 8f [0m
D (9712) wpa:   EAPOL-Key type=2[0m
D (9712) wpa:   key_info 0x88 (ver=0 keyidx=0 rsvd=0 Pairwise Ack)[0m
D (9722) wpa:   key_length=16 key_data_length=22[0m
D (9722) wpa:   replay_counter - hexdump(len=8):[0m
D (9732) wpa: 00 00 00 00 00 00 00 3d [0m
D (9732) wpa:   key_nonce - hexdump(len=32):[0m
D (9732) wpa: ca ec bb f9 86 ea 2b 4c 84 57 30 5c da 3b a4 ab [0m
D (9742) wpa: 31 9a 10 3c 10 ff 8f 6d 59 6f 24 60 61 90 17 95 [0m
D (9752) wpa:   key_iv - hexdump(len=16):[0m
D (9752) wpa: 00 00 00 00 00 00 00 00 00 00 00 00 00 00 00 00 [0m
D (9762) wpa:   key_rsc - hexdump(len=8):[0m
D (9762) wpa: 00 00 00 00 00 00 00 00 [0m
D (9762) wpa:   key_id (reserved) - hexdump(len=8):[0m
D (9772) wpa: 00 00 00 00 00 00 00 00 [0m
D (9772) wpa:   key_mic - hexdump(len=16):[0m
D (9782) wpa: 00 00 00 00 00 00 00 00 00 00 00 00 00 00 00 00 [0m
D (9782) wpa: WPA 1/4-Way Handshake[0m
D (9792) wpa: RSN: msg 1/4 key data - hexdump(len=22):[0m
D (9792) wpa: dd 14 00 0f ac 04 d0 7a 8d 72 01 e3 19 ae fb 95 [0m
D (9802) wpa: 7d f5 79 ab 39 8f [0m
D (9802) wpa: WPA: PMKID in EAPOL-Key - hexdump(len=22):[0m
D (9812) wpa: dd 14 00 0f ac 04 d0 7a 8d 72 01 e3 19 ae fb 95 [0m
D (9812) wpa: 7d f5 79 ab 39 8f [0m
D (9822) wpa: RSN: PMKID from Authenticator - hexdump(len=16):[0m
D (9822) wpa: d0 7a 8d 72 01 e3 19 ae fb 95 7d f5 79 ab 39 8f [0m
D (9832) wpa: RSN: found matching PMKID from PMKSA cache[0m
D (9832) wpa: RSN: matched PMKID - hexdump(len=16):[0m
D (9842) wpa: d0 7a 8d 72 01 e3 19 ae fb 95 7d f5 79 ab 39 8f [0m
D (9842) wpa: RSN: PMK from PMKSA cache - hexdump(len=32):[0m
D (9852) wpa: 86 09 2f 5d b8 df ab 88 2f ab aa 04 a0 77 29 74 [0m
D (9862) wpa: 28 dc 85 f6 dc 50 51 ae 79 82 1c cc ed 69 7d f4 [0m
D (9862) wpa: WPA: Renewed SNonce - hexdump(len=32):[0m
D (9872) wpa: 74 98 d8 b6 78 40 c4 da ff 42 d6 1f 70 5f b8 e5 [0m
D (9872) wpa: ae 86 3b ff 18 81 4d 10 3b 22 e3 27 07 51 e7 e7 [0m
D (9882) wpa: WPA: PTK derivation - A1=84:fc:e6:7b:73:b8 A2=04:f0:21:8f:78:38
[0m
V (9892) wpa: WPA: PMK - hexdump(len=32):[0m
V (9892) wpa: 86 09 2f 5d b8 df ab 88 2f ab aa 04 a0 77 29 74 [0m
V (9902) wpa: 28 dc 85 f6 dc 50 51 ae 79 82 1c cc ed 69 7d f4 [0m
D (9902) wpa: WPA: PTK - hexdump(len=48):[0m
D (9912) wpa: 20 5e be 6e 24 46 68 32 8b d2 2d f0 df c3 0e 32 [0m
D (9912) wpa: bd 8b b6 6d cc 4b 32 10 3a dc 9c 2c de 90 65 19 [0m
D (9922) wpa: 1b d8 b0 fc f8 4d f7 ec 2a 6c 30 fb 10 33 fd a7 [0m
D (9922) wpa: WPA: KCK - hexdump(len=16):[0m
D (9932) wpa: 20 5e be 6e 24 46 68 32 8b d2 2d f0 df c3 0e 32 [0m
D (9932) wpa: WPA: KEK - hexdump(len=16):[0m
D (9942) wpa: bd 8b b6 6d cc 4b 32 10 3a dc 9c 2c de 90 65 19 [0m
D (9942) wpa: WPA: TK - hexdump(len=16):[0m
D (9952) wpa: 1b d8 b0 fc f8 4d f7 ec 2a 6c 30 fb 10 33 fd a7 [0m
V (9952) wpa: WPA: WPA IE for msg 2/4
 - hexdump(len=31):[0m
V (9962) wpa: 30 1a 01 00 00 0f ac 04 01 00 00 0f ac 04 01 00 [0m
V (9962) wpa: 00 0f ac 08 c0 04 00 00 00 0f ac 06 f4 01 20 [0m
D (9972) wpa: WPA Send EAPOL-Key 2/4[0m
D (9972) wpa: WPA: KCK - hexdump(len=16):[0m
D (9982) wpa: 20 5e be 6e 24 46 68 32 8b d2 2d f0 df c3 0e 32 [0m
D (9982) wpa: WPA: Derived Key MIC - hexdump(len=16):[0m
D (9992) wpa: 22 ba b7 7c 77 22 34 2c e2 da 69 32 30 f5 28 41 [0m
V (9992) wpa: WPA: TX EAPOL-Key - hexdump(len=130):[0m
V (10002) wpa: 01 03 00 7e 02 01 08 00 00 00 00 00 00 00 00 00 [0m
V (10012) wpa: 3d 74 98 d8 b6 78 40 c4 da ff 42 d6 1f 70 5f b8 [0m
V (10012) wpa: e5 ae 86 3b ff 18 81 4d 10 3b 22 e3 27 07 51 e7 [0m
V (10022) wpa: e7 00 00 00 00 00 00 00 00 00 00 00 00 00 00 00 [0m
V (10022) wpa: 00 00 00 00 00 00 00 00 00 00 00 00 00 00 00 00 [0m
V (10032) wpa: 00 22 ba b7 7c 77 22 34 2c e2 da 69 32 30 f5 28 [0m
V (10042) wpa: 41 00 1f 30 1a 01 00 00 0f ac 04 01 00 00 0f ac [0m
V (10042) wpa: 04 01 00 00 0f ac 08 c0 04 00 00 00 0f ac 06 f4 [0m
V (10052) wpa: 01 20 [0m
V (10052) wifi:wpa_psk handle succeed
D (10052) wifi:tx data done, now:10075284
D (10062) wifi:woke up
D (10062) wpa: 2/4 txcb, flags=0, txfail 0[0m
D (10062) wifi:tx data done, now:10085076
D (10072) wifi:3011 : no offchan in progress
D (10072) wifi:woke up
V (10072) wifi:wpa_psk start
D (10082) wpa: IEEE 802.1X RX: version=2 type=3 length=191[0m
V (10082) wpa: WPA: RX EAPOL-Key - hexdump(len=195):[0m
V (10092) wpa: 02 03 00 bf 02 13 c8 00 10 00 00 00 00 00 00 00 [0m
V (10092) wpa: 3e ca ec bb f9 86 ea 2b 4c 84 57 30 5c da 3b a4 [0m
V (10102) wpa: ab 31 9a 10 3c 10 ff 8f 6d 59 6f 24 60 61 90 17 [0m
V (10102) wpa: 95 00 00 00 00 00 00 00 00 00 00 00 00 00 00 00 [0m
V (10112) wpa: 00 00 00 00 00 00 00 00 00 00 00 00 00 00 00 00 [0m
V (10122) wpa: 00 6a 22 cc 7b f0 20 d4 ed 1b d7 9b b7 5e 21 07 [0m
V (10122) wpa: c2 00 60 94 48 03 b9 cb 5f 52 0f bc b0 cd de cc [0m
V (10132) wpa: 28 13 2f ed f6 03 c7 59 0c 71 c0 92 85 d3 84 6f [0m
V (10132) wpa: c5 a2 25 f1 fa 65 36 45 a6 85 c1 98 4e 00 00 e9 [0m
V (10142) wpa: 50 96 49 e5 53 b9 13 48 b2 8d 94 61 50 53 6d 62 [0m
V (10152) wpa: bf 0d 33 6b 2b ba 03 54 0b 04 a5 71 f6 c1 1a d1 [0m
V (10152) wpa: 0c 2b 29 ef ce 6a a4 b3 50 a5 82 6c 06 83 54 0a [0m
V (10162) wpa: 8f 93 3e [0m
D (10162) wpa:   EAPOL-Key type=2[0m
D (10162) wpa:   key_info 0x13c8 (ver=0 keyidx=0 rsvd=0 Pairwise Install Ack MIC Secure Encr)[0m
D (10172) wpa:   key_length=16 key_data_length=96[0m
D (10182) wpa:   replay_counter - hexdump(len=8):[0m
D (10182) wpa: 00 00 00 00 00 00 00 3e [0m
D (10192) wpa:   key_nonce - hexdump(len=32):[0m
D (10192) wpa: ca ec bb f9 86 ea 2b 4c 84 57 30 5c da 3b a4 ab [0m
D (10202) wpa: 31 9a 10 3c 10 ff 8f 6d 59 6f 24 60 61 90 17 95 [0m
D (10202) wpa:   key_iv - hexdump(len=16):[0m
D (10212) wpa: 00 00 00 00 00 00 00 00 00 00 00 00 00 00 00 00 [0m
D (10212) wpa:   key_rsc - hexdump(len=8):[0m
D (10222) wpa: 00 00 00 00 00 00 00 00 [0m
D (10222) wpa:   key_id (reserved) - hexdump(len=8):[0m
D (10232) wpa: 00 00 00 00 00 00 00 00 [0m
D (10232) wpa:   key_mic - hexdump(len=16):[0m
D (10232) wpa: 6a 22 cc 7b f0 20 d4 ed 1b d7 9b b7 5e 21 07 c2 [0m
D (10242) wpa: RSN: encrypted key data - hexdump(len=96):[0m
D (10252) wpa: 94 48 03 b9 cb 5f 52 0f bc b0 cd de cc 28 13 2f [0m
D (10252) wpa: ed f6 03 c7 59 0c 71 c0 92 85 d3 84 6f c5 a2 25 [0m
D (10262) wpa: f1 fa 65 36 45 a6 85 c1 98 4e 00 00 e9 50 96 49 [0m
D (10262) wpa: e5 53 b9 13 48 b2 8d 94 61 50 53 6d 62 bf 0d 33 [0m
D (10272) wpa: 6b 2b ba 03 54 0b 04 a5 71 f6 c1 1a d1 0c 2b 29 [0m
D (10282) wpa: ef ce 6a a4 b3 50 a5 82 6c 06 83 54 0a 8f 93 3e [0m
D (10282) wpa: WPA: decrypted EAPOL-Key key data - hexdump(len=88):[0m
D (10292) wpa: 30 1c 01 00 00 0f ac 04 01 00 00 0f ac 04 03 00 [0m
D (10292) wpa: 00 0f ac 02 00 0f ac 06 00 0f ac 08 8c 00 f4 01 [0m
D (10302) wpa: 20 dd 16 00 0f ac 01 01 00 f7 7d 3d 8c 54 39 98 [0m
D (10312) wpa: a8 fd 27 b6 32 3e 14 09 0b dd 1c 00 0f ac 09 04 [0m
D (10312) wpa: 00 00 00 00 00 00 00 e2 47 7f 2e 25 ba 9b 00 56 [0m
D (10322) wpa: 10 63 1d a1 29 5e bb dd [0m
D (10322) wpa: WPA 3/4-Way Handshake[0m
D (10332) wpa: WPA: RSN IE in EAPOL-Key - hexdump(len=30):[0m
D (10332) wpa: 30 1c 01 00 00 0f ac 04 01 00 00 0f ac 04 03 00 [0m
D (10342) wpa: 00 0f ac 02 00 0f ac 06 00 0f ac 08 8c 00 [0m
D (10342) wpa: WPA: RSNXE in EAPOL-Key - hexdump(len=3):[0m
D (10352) wpa: f4 01 20 [0m
D (10352) wpa: WPA: GTK in EAPOL-Key - hexdump(len=24):[0m
D (10362) wpa: dd 16 00 0f ac 01 01 00 f7 7d 3d 8c 54 39 98 a8 [0m
D (10362) wpa: fd 27 b6 32 3e 14 09 0b [0m
D (10372) wpa: WPA: IGTK in EAPOL-Key - hexdump(len=30):[0m
D (10372) wpa: dd 1c 00 0f ac 09 04 00 00 00 00 00 00 00 e2 47 [0m
D (10382) wpa: 7f 2e 25 ba 9b 00 56 10 63 1d a1 29 5e bb [0m
D (10382) wpa: WPA: IE KeyData - hexdump(len=88):[0m
D (10392) wpa: 30 1c 01 00 00 0f ac 04 01 00 00 0f ac 04 03 00 [0m
D (10392) wpa: 00 0f ac 02 00 0f ac 06 00 0f ac 08 8c 00 f4 01 [0m
D (10402) wpa: 20 dd 16 00 0f ac 01 01 00 f7 7d 3d 8c 54 39 98 [0m
D (10402) wpa: a8 fd 27 b6 32 3e 14 09 0b dd 1c 00 0f ac 09 04 [0m
D (10412) wpa: 00 00 00 00 00 00 00 e2 47 7f 2e 25 ba 9b 00 56 [0m
D (10422) wpa: 10 63 1d a1 29 5e bb dd [0m
D (10422) wpa: WPA: RSC - hexdump(len=8):[0m
D (10422) wpa: 00 00 00 00 00 00 00 00 [0m
D (10432) wpa: RSN: received GTK in pairwise handshake - hexdump(len=18):[0m
D (10442) wpa: 01 00 f7 7d 3d 8c 54 39 98 a8 fd 27 b6 32 3e 14 [0m
D (10442) wpa: 09 0b [0m
D (10442) wpa: WPA: IGTK keyid 4 pn 000000000000[0m
D (10452) wpa: WPA: IGTK - hexdump(len=16):[0m
D (10452) wpa: e2 47 7f 2e 25 ba 9b 00 56 10 63 1d a1 29 5e bb [0m
D (10462) wpa: tx 4/4 txcb_flags=8192[0m
D (10462) wpa: WPA Send EAPOL-Key 4/4[0m
D (10472) wpa: WPA: KCK - hexdump(len=16):[0m
D (10472) wpa: 20 5e be 6e 24 46 68 32 8b d2 2d f0 df c3 0e 32 [0m
D (10482) wpa: WPA: Derived Key MIC - hexdump(len=16):[0m
D (10482) wpa: 96 18 1c 54 f7 1d 47 74 c8 64 6b e6 a0 25 12 81 [0m
V (10492) wpa: WPA: TX EAPOL-Key - hexdump(len=99):[0m
V (10492) wpa: 01 03 00 5f 02 03 08 00 00 00 00 00 00 00 00 00 [0m
V (10502) wpa: 3e 00 00 00 00 00 00 00 00 00 00 00 00 00 00 00 [0m
V (10502) wpa: 00 00 00 00 00 00 00 00 00 00 00 00 00 00 00 00 [0m
V (10512) wpa: 00 00 00 00 00 00 00 00 00 00 00 00 00 00 00 00 [0m
V (10522) wpa: 00 00 00 00 00 00 00 00 00 00 00 00 00 00 00 00 [0m
V (10522) wpa: 00 96 18 1c 54 f7 1d 47 74 c8 64 6b e6 a0 25 12 [0m
V (10532) wpa: 81 00 00 [0m
V (10532) wifi:wpa_psk handle succeed
V (10542) wifi:wpa_psk start
D (10542) wpa: IEEE 802.1X RX: version=2 type=3 length=191[0m
V (10542) wpa: WPA: RX EAPOL-Key - hexdump(len=195):[0m
V (10552) wpa: 02 03 00 bf 02 13 c8 00 10 00 00 00 00 00 00 00 [0m
V (10552) wpa: 3f ca ec bb f9 86 ea 2b 4c 84 57 30 5c da 3b a4 [0m
V (10562) wpa: ab 31 9a 10 3c 10 ff 8f 6d 59 6f 24 60 61 90 17 [0m
V (10572) wpa: 95 00 00 00 00 00 00 00 00 00 00 00 00 00 00 00 [0m
V (10572) wpa: 00 00 00 00 00 00 00 00 00 00 00 00 00 00 00 00 [0m
V (10582) wpa: 00 d8 c4 87 bd 19 99 7a 0a 59 f4 84 46 cd 7e 38 [0m
V (10582) wpa: 59 00 60 94 48 03 b9 cb 5f 52 0f bc b0 cd de cc [0m
V (10592) wpa: 28 13 2f ed f6 03 c7 59 0c 71 c0 92 85 d3 84 6f [0m
V (10602) wpa: c5 a2 25 f1 fa 65 36 45 a6 85 c1 98 4e 00 00 e9 [0m
V (10602) wpa: 50 96 49 e5 53 b9 13 48 b2 8d 94 61 50 53 6d 62 [0m
V (10612) wpa: bf 0d 33 6b 2b ba 03 54 0b 04 a5 71 f6 c1 1a d1 [0m
V (10612) wpa: 0c 2b 29 ef ce 6a a4 b3 50 a5 82 6c 06 83 54 0a [0m
V (10622) wpa: 8f 93 3e [0m
D (10622) wpa:   EAPOL-Key type=2[0m
D (10632) wpa:   key_info 0x13c8 (ver=0 keyidx=0 rsvd=0 Pairwise Install Ack MIC Secure Encr)[0m
D (10632) wpa:   key_length=16 key_data_length=96[0m
D (10642) wpa:   replay_counter - hexdump(len=8):[0m
D (10642) wpa: 00 00 00 00 00 00 00 3f [0m
D (10652) wpa:   key_nonce - hexdump(len=32):[0m
D (10652) wpa: ca ec bb f9 86 ea 2b 4c 84 57 30 5c da 3b a4 ab [0m
D (10662) wpa: 31 9a 10 3c 10 ff 8f 6d 59 6f 24 60 61 90 17 95 [0m
D (10662) wpa:   key_iv - hexdump(len=16):[0m
D (10672) wpa: 00 00 00 00 00 00 00 00 00 00 00 00 00 00 00 00 [0m
D (10672) wpa:   key_rsc - hexdump(len=8):[0m
D (10682) wpa: 00 00 00 00 00 00 00 00 [0m
D (10682) wpa:   key_id (reserved) - hexdump(len=8):[0m
D (10692) wpa: 00 00 00 00 00 00 00 00 [0m
D (10692) wpa:   key_mic - hexdump(len=16):[0m
D (10702) wpa: d8 c4 87 bd 19 99 7a 0a 59 f4 84 46 cd 7e 38 59 [0m
D (10702) wpa: RSN: encrypted key data - hexdump(len=96):[0m
D (10712) wpa: 94 48 03 b9 cb 5f 52 0f bc b0 cd de cc 28 13 2f [0m
D (10712) wpa: ed f6 03 c7 59 0c 71 c0 92 85 d3 84 6f c5 a2 25 [0m
D (10722) wpa: f1 fa 65 36 45 a6 85 c1 98 4e 00 00 e9 50 96 49 [0m
D (10722) wpa: e5 53 b9 13 48 b2 8d 94 61 50 53 6d 62 bf 0d 33 [0m
D (10732) wpa: 6b 2b ba 03 54 0b 04 a5 71 f6 c1 1a d1 0c 2b 29 [0m
D (10742) wpa: ef ce 6a a4 b3 50 a5 82 6c 06 83 54 0a 8f 93 3e [0m
D (10752) wpa: WPA: decrypted EAPOL-Key key data - hexdump(len=88):[0m
D (10752) wpa: 30 1c 01 00 00 0f ac 04 01 00 00 0f ac 04 03 00 [0m
D (10762) wpa: 00 0f ac 02 00 0f ac 06 00 0f ac 08 8c 00 f4 01 [0m
D (10762) wpa: 20 dd 16 00 0f ac 01 01 00 f7 7d 3d 8c 54 39 98 [0m
D (10772) wpa: a8 fd 27 b6 32 3e 14 09 0b dd 1c 00 0f ac 09 04 [0m
D (10772) wpa: 00 00 00 00 00 00 00 e2 47 7f 2e 25 ba 9b 00 56 [0m
D (10782) wpa: 10 63 1d a1 29 5e bb dd [0m
D (10782) wpa: WPA 3/4-Way Handshake[0m
D (10792) wpa: WPA: RSN IE in EAPOL-Key - hexdump(len=30):[0m
D (10792) wpa: 30 1c 01 00 00 0f ac 04 01 00 00 0f ac 04 03 00 [0m
D (10802) wpa: 00 0f ac 02 00 0f ac 06 00 0f ac 08 8c 00 [0m
D (10802) wpa: WPA: RSNXE in EAPOL-Key - hexdump(len=3):[0m
D (10812) wpa: f4 01 20 [0m
D (10812) wpa: WPA: GTK in EAPOL-Key - hexdump(len=24):[0m
D (10822) wpa: dd 16 00 0f ac 01 01 00 f7 7d 3d 8c 54 39 98 a8 [0m
D (10822) wpa: fd 27 b6 32 3e 14 09 0b [0m
D (10832) wpa: WPA: IGTK in EAPOL-Key - hexdump(len=30):[0m
D (10832) wpa: dd 1c 00 0f ac 09 04 00 00 00 00 00 00 00 e2 47 [0m
D (10842) wpa: 7f 2e 25 ba 9b 00 56 10 63 1d a1 29 5e bb [0m
D (10842) wpa: WPA: IE KeyData - hexdump(len=88):[0m
D (10852) wpa: 30 1c 01 00 00 0f ac 04 01 00 00 0f ac 04 03 00 [0m
D (10852) wpa: 00 0f ac 02 00 0f ac 06 00 0f ac 08 8c 00 f4 01 [0m
D (10862) wpa: 20 dd 16 00 0f ac 01 01 00 f7 7d 3d 8c 54 39 98 [0m
D (10872) wpa: a8 fd 27 b6 32 3e 14 09 0b dd 1c 00 0f ac 09 04 [0m
D (10872) wpa: 00 00 00 00 00 00 00 e2 47 7f 2e 25 ba 9b 00 56 [0m
D (10882) wpa: 10 63 1d a1 29 5e bb dd [0m
D (10882) wpa: WPA: RSC - hexdump(len=8):[0m
D (10892) wpa: 00 00 00 00 00 00 00 00 [0m
D (10892) wpa: RSN: received GTK in pairwise handshake - hexdump(len=18):[0m
D (10902) wpa: 01 00 f7 7d 3d 8c 54 39 98 a8 fd 27 b6 32 3e 14 [0m
D (10902) wpa: 09 0b [0m
D (10912) wpa: WPA: Not reinstalling already in-use IGTK to the driver (keyidx=4)[0m
D (10912) wpa: tx 4/4 txcb_flags=8192[0m
D (10922) wpa: WPA Send EAPOL-Key 4/4[0m
D (10922) wpa: WPA: KCK - hexdump(len=16):[0m
D (10922) wpa: 20 5e be 6e 24 46 68 32 8b d2 2d f0 df c3 0e 32 [0m
D (10932) wpa: WPA: Derived Key MIC - hexdump(len=16):[0m
D (10942) wpa: 62 59 97 d5 af b3 01 35 28 c9 39 6e 19 9e b2 d4 [0m
V (10942) wpa: WPA: TX EAPOL-Key - hexdump(len=99):[0m
V (10952) wpa: 01 03 00 5f 02 03 08 00 00 00 00 00 00 00 00 00 [0m
V (10952) wpa: 3f 00 00 00 00 00 00 00 00 00 00 00 00 00 00 00 [0m
V (10962) wpa: 00 00 00 00 00 00 00 00 00 00 00 00 00 00 00 00 [0m
V (10962) wpa: 00 00 00 00 00 00 00 00 00 00 00 00 00 00 00 00 [0m
V (10972) wpa: 00 00 00 00 00 00 00 00 00 00 00 00 00 00 00 00 [0m
V (10982) wpa: 00 62 59 97 d5 af b3 01 35 28 c9 39 6e 19 9e b2 [0m
V (10982) wpa: d4 00 00 [0m
V (10992) wifi:wpa_psk handle succeed
D (10992) wpa: WPA: Installing PTK to the driver.[0m
D (10992) wpa: WPA: Group Key - hexdump(len=16):[0m
D (11002) wpa: f7 7d 3d 8c 54 39 98 a8 fd 27 b6 32 3e 14 09 0b [0m
D (11002) wpa: WPA: Judge GTK: (keyidx=1 len=16).[0m
D (11012) wpa: WPA: Installing GTK to the driver (keyidx=1 tx=0 len=16).[0m
D (11022) wpa: WPA: RSC - hexdump(len=6):[0m
D (11022) wpa: 00 00 00 00 00 00 [0m
D (11022) wpa: WPA: Key negotiation completed with 04:f0:21:8f:78:38 [PTK=CCMP GTK=CCMP]
[0m
I (11032) wifi:connected with #############, aid = 3, channel 6, BW20, bssid = 04:f0:21:8f:78:38
I (11042) wifi:security: WPA3-SAE, phy: bgn, rssi: -36
D (11042) wifi:remove all except 04:f0:21:8f:78:38 from rc list
D (11052) wifi:clear blacklist
D (11052) nvs: nvs_set sta.chan 1 6[0m
D (11062) nvs: nvs_set_blob sta.apinfo 700[0m
D (11062) wifi:filter: set rx policy=7
I (11062) wifi:pm start, type: 1

I (11072) wifi:dp: 1, bi: 102400, li: 3, scale listen interval from 307200 us to 307200 us
I (11082) wifi:set rx beacon pti, rx_bcn_pti: 0, bcn_timeout: 25000, mt_pti: 0, mt_time: 10000
D (11082) wifi:Send sta connected event
D (11092) wifi:connect status 1 -> 5
D (11092) wifi:obss scan is disabled
D (11092) wifi:start obss scan: obss scan is stopped
D (11102) wifi:tx data done, now:11120888
I (11102) wifi:dp: 2, bi: 102400, li: 4, scale listen interval from 307200 us to 409600 us
I (11112) wifi:AP's beacon interval = 102400 us, DTIM period = 2
D (11122) wifi:tx data done, now:11138797
D (11122) event: running post WIFI_EVENT:4 with handler 0x4202cd14 and context 0x3fca7e90 on loop 0x3fca6d0c[0m
V (11132) esp_adapter: thread sem get: sem=0x3fcb27f0[0m
D (11142) esp_netif_handlers: esp_netif action connected with netif0x3fca7c34 from event_id=4[0m
D (11142) esp_netif_lwip: check: remote, if=0x3fca7c34 fn=0x42013ad8[0m
D (11152) esp_netif_lwip: esp_netif_up_api esp_netif:0x3fca7c34[0m
D (11162) esp_netif_lwip: check: local, if=0x3fca7c34 fn=0x42013ea4[0m
D (11162) esp_netif_lwip: esp_netif_update_default_netif_lwip 0x3fca7c34[0m
V (11172) esp_netif_lwip: esp_netif_is_netif_up esp_netif:0x3fca7c34[0m
D (11172) wifi:D (11182) esp_netif_lwip: call api in lwip: ret=0x0, give sem[0m
tx data done, now:11192538
D (11192) esp_netif_lwip: check: remote, if=0x3fca7c34 fn=0x42013994[0m
D (11192) esp_netif_lwip: esp_netif_dhcpc_start_api esp_netif:0x3fca7c34[0m
D (11202) esp_netif_lwip: esp_netif_start_ip_lost_timer esp_netif:0x3fca7c34[0m
D (11212) esp_netif_lwip: if0x3fca7c34 start ip lost tmr: interval=120[0m
D (11212) esp_netif_lwip: starting dhcp client[0m
D (11222) wifi:D (11222) esp_netif_lwip: call api in lwip: ret=0x0, give sem[0m
eb is dhcp or dns sport = 68, dport = 67
D (11232) event: running post WIFI_EVENT:4 with handler 0x4200a710 and context 0x3fca7f98 on loop 0x3fca6d0c[0m
D (11232) wifi:tx data done, now:11250436
I (11242) wifi:<ba-add>idx:0 (ifx:0, 04:f0:21:8f:78:38), tid:7, ssn:0, winSize:64
D (11252) wifi:tx_mgmt cb : 1636 status 1 
D (11252) wifi:tx data done, now:11273745
V (11262) wifi:sta recv dup seq=0 tid=7, discard
V (11262) wifi:sta recv dup seq=0 tid=7, discard
V (11262) wifi:sta recv dup seq=0 tid=7, discard
V (11272) wifi:sta recv dup seq=0 tid=7, discard
V (11272) wifi:sta recv dup seq=0 tid=7, discard
V (11282) wifi:sta recv dup seq=0 tid=7, discard
V (11282) wifi:sta recv dup seq=0 tid=7, discard
V (11292) wifi:sta recv dup seq=0 tid=7, discard
D (11292) wifi:eb is dhcp or dns sport = 68, dport = 67
V (11302) wifi:sta recv dup seq=0 tid=7, discard
D (11302) wifi:tx data done, now:11322358
D (11302) wifi:tx data done, now:11326495
D (11362) wifi:tx data done, now:11379552
D (11722) wifi:tx data done, now:11738065
D (11772) wifi:tx data done, now:11789230
D (11972) wifi:tx data done, now:11988060
D (12022) wifi:tx data done, now:12039230
D (12222) esp_netif_lwip: esp_netif_internal_dhcpc_cb lwip-netif:0x3fca7cb8[0m
D (12222) wifi:tx data done, now:12238217
D (12222) esp_netif_lwip: if0x3fca7c34 ip changed=1[0m
D (12222) event: running post IP_EVENT:0 with handler 0x4202cb40 and context 0x3fca7f64 on loop 0x3fca6d0c[0m
D (12232) wifi_init_default: Got IP wifi default handler entered[0m
D (12242) esp_netif_handlers: esp_netif action got_ip with netif0x3fca7c34 from event_id=0[0m
[0;32mI (12252) esp_netif_handlers: sta ip: 192.168.1.204, mask: 255.255.255.0, gw: 192.168.1.1[0m
D (12252) event: running post IP_EVENT:0 with handler 0x4200a710 and context 0x3fca7fb8 on loop 0x3fca6d0c[0m
[0;32mI (12262) wifi dpp-enrollee: got ip:192.168.1.204[0m
D (12272) wifi:tx data done, now:12289527
[0;32mI (12272) wifi dpp-enrollee: connected to ap SSID:############# password:#############[0m
D (12282) wpa: ELOOP: esp_dpp_task:410 called to remove timer handler=0x4201551c, removed count=0[0m
[0;32mI (12292) main_task: Returned from app_main()[0m
D (12972) wifi:tx data done, now:12988037
D (13022) wifi:tx data done, now:13039286
D (13972) wifi:tx data done, now:13988004
D (14022) wifi:tx data done, now:14039424
D (14972) wifi:tx data done, now:14988077
D (15022) wifi:tx data done, now:15039198
D (16482) wifi:tx data done, now:16502602
I (16482) wifi:<ba-add>idx:1 (ifx:0, 04:f0:21:8f:78:38), tid:0, ssn:0, winSize:64
D (16482) wifi:tx_mgmt cb : 1636 status 1 
D (16482) wifi:tx data done, now:16506746
V (16492) wifi:sta recv dup seq=0 tid=0, discard
D (16492) wifi:tx data done, now:16515371
D (16552) wifi:tx data done, now:16569102
