Executing action: monitor
Serial port /dev/ttyUSB0
Connecting....
Detecting chip type... ESP32-S3
Running idf_monitor in directory /home/corfu/mpc/corfu/dpp_test_auth_retries
Executing "/home/corfu/.espressif/python_env/idf5.2_py3.10_env/bin/python /home/corfu/esp/esp-idf/tools/idf_monitor.py -p /dev/ttyUSB0 -b 115200 --toolchain-prefix xtensa-esp32-elf- --target esp32 --revision 0 /home/corfu/mpc/corfu/dpp_test_auth_retries/build/dpp-enrollee.elf -m '/home/corfu/.espressif/python_env/idf5.2_py3.10_env/bin/python' '/home/corfu/esp/esp-idf/tools/idf.py'"...
ESP-ROM:esp32s3-20210327
Build:Mar 27 2021
rst:0x1 (POWERON),boot:0x8 (SPI_FAST_FLASH_BOOT)
SPIWP:0xee
mode:DIO, clock div:1
load:0x3fce3810,len:0x178c
load:0x403c9700,len:0x4
load:0x403c9704,len:0xcbc
load:0x403cc700,len:0x2da0
entry 0x403c9914
[0;32mI (27) boot: ESP-IDF v5.2.1-1-g25b86f7c6a-dirty 2nd stage bootloader[0m
[0;32mI (27) boot: compile time Sep 13 2024 16:06:08[0m
[0;32mI (27) boot: Multicore bootloader[0m
[0;32mI (32) boot: chip revision: v0.2[0m
[0;32mI (35) boot.esp32s3: Boot SPI Speed : 80MHz[0m
[0;32mI (40) boot.esp32s3: SPI Mode       : DIO[0m
[0;32mI (45) boot.esp32s3: SPI Flash Size : 2MB[0m
[0;32mI (50) boot: Enabling RNG early entropy source...[0m
[0;32mI (55) boot: Partition Table:[0m
[0;32mI (59) boot: ## Label            Usage          Type ST Offset   Length[0m
[0;32mI (66) boot:  0 nvs              WiFi data        01 02 00009000 00006000[0m
[0;32mI (73) boot:  1 phy_init         RF data          01 01 0000f000 00001000[0m
[0;32mI (81) boot:  2 factory          factory app      00 00 00010000 00100000[0m
[0;32mI (88) boot: End of partition table[0m
[0;32mI (93) esp_image: segment 0: paddr=00010020 vaddr=3c0a0020 size=33ae0h (211680) map[0m
[0;32mI (139) esp_image: segment 1: paddr=00043b08 vaddr=3fc97f00 size=04830h ( 18480) load[0m
[0;32mI (143) esp_image: segment 2: paddr=00048340 vaddr=40374000 size=07cd8h ( 31960) load[0m
[0;32mI (152) esp_image: segment 3: paddr=00050020 vaddr=42000020 size=98cf0h (625904) map[0m
[0;32mI (265) esp_image: segment 4: paddr=000e8d18 vaddr=4037bcd8 size=0c1e4h ( 49636) load[0m
[0;32mI (285) boot: Loaded app from partition at offset 0x10000[0m
[0;32mI (285) boot: Disabling RNG early entropy source...[0m
[0;32mI (296) cpu_start: Multicore app[0m
V (297) mmap: after coalescing, 1 regions are left[0m
D (297) cpu_start: Pro cpu up[0m
D (297) cpu_start: Starting app cpu, entry point is 0x4037532c[0m
D (0) cpu_start: App cpu up[0m
V CACHE_ERR: illegal error intr clr & ena mask is: 0x3f
V CACHE_ERR: coreD1 acc2ess k:rror intr CLlrca& enat mask is: 0x30f
51[0m
V CACHE_ERR: illegal error intr clr & ena mask is: 0x3f
V CACHE_ERR: core 0 access error intr clr & ena mask is: 0x1f
[0;32mI (329) cpu_start: Pro cpu start user code[0m
[0;32mI (333) cpu_start: cpu freq: 160000000 Hz[0m
[0;32mI (337) cpu_start: Application information:[0m
[0;32mI (342) cpu_start: Project name:     dpp-enrollee[0m
[0;32mI (348) cpu_start: App version:      v5.2.1-1-g25b86f7c6a-dirty[0m
[0;32mI (354) cpu_start: Compile time:     Sep 13 2024 16:06:24[0m
[0;32mI (360) cpu_start: ELF file SHA256:  178900882...[0m
[0;32mI (366) cpu_start: ESP-IDF:          v5.2.1-1-g25b86f7c6a-dirty[0m
[0;32mI (372) cpu_start: Min chip rev:     v0.0[0m
[0;32mI (377) cpu_start: Max chip rev:     v0.99 [0m
[0;32mI (382) cpu_start: Chip rev:         v0.2[0m
V (386) memory_layout: reserved range is 0x3c0d3ac0 - 0x3c0d3ae8[0m
D (392) memory_layout: Checking 6 reserved memory ranges:[0m
D (398) memory_layout: Reserved memory range 0x3fc84000 - 0x3fc97f00[0m
D (404) memory_layout: Reserved memory range 0x3fc97f00 - 0x3fca0388[0m
D (411) memory_layout: Reserved memory range 0x3fceee34 - 0x3fcf0000[0m
D (417) memory_layout: Reserved memory range 0x40374000 - 0x40387f00[0m
D (424) memory_layout: Reserved memory range 0x600fe000 - 0x600fe010[0m
D (430) memory_layout: Reserved memory range 0x600fffe8 - 0x60100000[0m
D (436) memory_layout: Building list of available memory regions:[0m
V (443) memory_layout: Examining memory region 0x3fc88000 - 0x3fc90000[0m
V (449) memory_layout: Region 0x3fc88000 - 0x3fc90000 inside of reserved 0x3fc84000 - 0x3fc97f00[0m
V (462) memory_layout: Examining memory region 0x3fc90000 - 0x3fca0000[0m
V (465) memory_layout: Start of region 0x3fc90000 - 0x3fca0000 overlaps reserved 0x3fc84000 - 0x3fc97f00[0m
V (474) memory_layout: Region 0x3fc97f00 - 0x3fca0000 inside of reserved 0x3fc97f00 - 0x3fca0388[0m
V (483) memory_layout: Examining memory region 0x3fca0000 - 0x3fcb0000[0m
V (490) memory_layout: Start of region 0x3fca0000 - 0x3fcb0000 overlaps reserved 0x3fc97f00 - 0x3fca0388[0m
D (499) memory_layout: Available memory region 0x3fca0388 - 0x3fcb0000[0m
V (506) memory_layout: Examining memory region 0x3fcb0000 - 0x3fcc0000[0m
D (512) memory_layout: Available memory region 0x3fcb0000 - 0x3fcc0000[0m
V (519) memory_layout: Examining memory region 0x3fcc0000 - 0x3fcd0000[0m
D (526) memory_layout: Available memory region 0x3fcc0000 - 0x3fcd0000[0m
V (532) memory_layout: Examining memory region 0x3fcd0000 - 0x3fce0000[0m
D (539) memory_layout: Available memory region 0x3fcd0000 - 0x3fce0000[0m
V (545) memory_layout: Examining memory region 0x3fce0000 - 0x3fce9710[0m
D (552) memory_layout: Available memory region 0x3fce0000 - 0x3fce9710[0m
V (559) memory_layout: Examining memory region 0x3fce9710 - 0x3fcf0000[0m
V (565) memory_layout: End of region 0x3fce9710 - 0x3fcf0000 overlaps reserved 0x3fceee34 - 0x3fcf0000[0m
D (575) memory_layout: Available memory region 0x3fce9710 - 0x3fceee34[0m
V (581) memory_layout: Examining memory region 0x3fcf0000 - 0x3fcf8000[0m
D (588) memory_layout: Available memory region 0x3fcf0000 - 0x3fcf8000[0m
V (594) memory_layout: Examining memory region 0x600fe000 - 0x60100000[0m
V (601) memory_layout: Start of region 0x600fe000 - 0x60100000 overlaps reserved 0x600fe000 - 0x600fe010[0m
V (611) memory_layout: End of region 0x600fe010 - 0x60100000 overlaps reserved 0x600fffe8 - 0x60100000[0m
D (620) memory_layout: Available memory region 0x600fe010 - 0x600fffe8[0m
[0;32mI (627) heap_init: Initializing. RAM available for dynamic allocation:[0m
D (634) heap_init: New heap initialised at 0x3fca0388[0m
[0;32mI (639) heap_init: At 3FCA0388 len 00049388 (292 KiB): RAM[0m
[0;32mI (645) heap_init: At 3FCE9710 len 00005724 (21 KiB): RAM[0m
D (651) heap_init: New heap initialised at 0x3fcf0000[0m
[0;32mI (656) heap_init: At 3FCF0000 len 00008000 (32 KiB): DRAM[0m
D (662) heap_init: New heap initialised at 0x600fe010[0m
[0;32mI (667) heap_init: At 600FE010 len 00001FD8 (7 KiB): RTCRAM[0m
V (674) intr_alloc: esp_intr_alloc_intrstatus (cpu 0): checking args[0m
V (680) intr_alloc: esp_intr_alloc_intrstatus (cpu 0): Args okay. Resulting flags 0x40E[0m
D (688) intr_alloc: Connected src 39 to int 2 (cpu 0)[0m
V (694) memspi: raw_chip_id: 1740C8
[0m
V (697) memspi: chip_id: C84017
[0m
V (700) memspi: raw_chip_id: 1740C8
[0m
V (704) memspi: chip_id: C84017
[0m
D (708) spi_flash: trying chip: issi[0m
D (711) spi_flash: trying chip: gd[0m
[0;32mI (715) spi_flash: detected chip: gd[0m
[0;32mI (719) spi_flash: flash io: dio[0m
[0;33mW (723) spi_flash: Detected size(8192k) larger than the size in the binary image header(2048k). Using the size in the binary image header.[0m
D (736) cpu_start: calling init function: 0x42074cfc[0m
D (741) cpu_start: calling init function: 0x420747ac[0m
D (746) cpu_start: calling init function: 0x4202ca94[0m
D (751) cpu_start: calling init function: 0x4200e438[0m
D (756) cpu_start: calling init function: 0x4037ba1c[0m
D (761) cpu_start: calling init function: 0x42002f0c[0m
D (766) cpu_start: calling init function: 0x42008640 on core: 0[0m
V (772) intr_alloc: esp_intr_alloc_intrstatus (cpu 0): checking args[0m
V (779) intr_alloc: esp_intr_alloc_intrstatus (cpu 0): Args okay. Resulting flags 0xC02[0m
D (787) intr_alloc: Connected src 59 to int 3 (cpu 0)[0m
D (792) cpu_start: calling init function: 0x42005f68 on core: 0[0m
[0;32mI (798) sleep: Configure to isolate all GPIO pins in sleep state[0m
[0;32mI (805) sleep: Enable automatic switching of GPIO sleep configuration[0m
D (812) cpu_start: calling init function: 0x420042a4 on core: 0[0m
V (818) intr_alloc: esp_intr_alloc_intrstatus (cpu 0): checking args[0m
V (824) intr_alloc: esp_intr_alloc_intrstatus (cpu 0): Args okay. Resulting flags 0x40E[0m
D (832) intr_alloc: Connected src 79 to int 9 (cpu 0)[0m
D (837) app_start: Starting scheduler on CPU0[0m
V (842) intr_alloc: esp_intr_alloc_intrstatus (cpu 0): checking args[0m
V (842) intr_alloc: esp_intr_alloc_intrstatus (cpu 0): Args okay. Resulting flags 0x402[0m
D (842) intr_alloc: Connected src 57 to int 12 (cpu 0)[0m
V (842) intr_alloc: esp_intr_alloc_intrstatus (cpu 1): checking args[0m
V (852) intr_alloc: esp_intr_alloc_intrstatus (cpu 1): Args okay. Resulting flags 0x40E[0m
D (852) intr_alloc: Connected src 80 to int 2 (cpu 1)[0m
D (862) app_start: Starting scheduler on CPU1[0m
V (862) intr_alloc: esp_intr_alloc_intrstatus (cpu 1): checking args[0m
V (872) intr_alloc: esp_intr_alloc_intrstatus (cpu 1): Args okay. Resulting flags 0x402[0m
D (882) intr_alloc: Connected src 58 to int 3 (cpu 1)[0m
[0;32mI (842) main_task: Started on CPU0[0m
D (892) heap_init: New heap initialised at 0x3fce9710[0m
V (892) intr_alloc: esp_intr_alloc_intrstatus (cpu 0): checking args[0m
V (902) intr_alloc: esp_intr_alloc_intrstatus (cpu 0): Args okay. Resulting flags 0xE[0m
D (912) intr_alloc: Connected src 52 to int 13 (cpu 0)[0m
[0;32mI (912) main_task: Calling app_main()[0m
V (922) partition: Loading the partition table[0m
V (922) mmap: actual_mapped_len is 0x10000[0m
V (932) calculated md5: 0x3fca3f38   f4 ad 4f 45 38 56 4b 5d  74 35 b6 2c 75 b6 95 24  |..OE8VK]t5.,u..$|[0m
V (942) stored md5: 0x3c0e8070   f4 ad 4f 45 38 56 4b 5d  74 35 b6 2c 75 b6 95 24  |..OE8VK]t5.,u..$|[0m
V (942) partition: Partition table MD5 verified[0m
D (972) esp_netif_lwip: LwIP stack has been initialized[0m
D (972) esp_netif_lwip: esp-netif has been successfully initialized[0m
D (972) event: running task for loop 0x3fca6d0c[0m
D (982) event: created task for loop 0x3fca6d0c[0m
D (982) event: created event loop 0x3fca6d0c[0m
D (992) esp_netif_lwip: check: remote, if=0x3fca3f70 fn=0x42013448[0m
V (992) esp_netif_objects: esp_netif_add_to_list_unsafe 0x3fca7c34[0m
D (1002) esp_netif_objects: esp_netif_add_to_list_unsafe netif added successfully (total netifs: 1)[0m
D (1012) esp_netif_lwip: call api in lwip: ret=0x0, give sem[0m
pp rom version: e7ae62f
net80211 rom version: e7ae62f
D (1022) nvs: nvs_open_from_partition misc 1[0m
I (1032) wifi:wifi driver task: 3fcaa654, prio:23, stack:6656, core=0
V (1032) esp_adapter: thread sem create: sem=0x3fcaa7ac[0m
V (1032) esp_adapter: thread sem get: sem=0x3fcaa7ac[0m
D (1042) efuse: In EFUSE_BLK1__DATA1_REG is used 8 bits starting with 8 bit[0m
D (1052) efuse: In EFUSE_BLK1__DATA1_REG is used 8 bits starting with 0 bit[0m
D (1052) efuse: In EFUSE_BLK1__DATA0_REG is used 8 bits starting with 24 bit[0m
D (1062) efuse: In EFUSE_BLK1__DATA0_REG is used 8 bits starting with 16 bit[0m
D (1072) efuse: In EFUSE_BLK1__DATA0_REG is used 8 bits starting with 8 bit[0m
D (1082) efuse: In EFUSE_BLK1__DATA0_REG is used 8 bits starting with 0 bit[0m
D (1082) nvs: nvs_open_from_partition nvs.net80211 1[0m
D (1092) nvs: nvs_get opmode 1[0m
D (1092) nvs: nvs_get_str_or_blob sta.ssid[0m
D (1102) nvs: nvs_get sta.authmode 1[0m
D (1102) nvs: nvs_get_str_or_blob sta.pswd[0m
D (1102) nvs: nvs_get_str_or_blob sta.pmk[0m
D (1112) nvs: nvs_get sta.chan 1[0m
D (1112) nvs: nvs_get auto.conn 1[0m
D (1112) nvs: nvs_get bssid.set 1[0m
D (1122) nvs: nvs_get_str_or_blob sta.bssid[0m
D (1122) nvs: nvs_get sta.lis_intval 2[0m
D (1122) nvs: nvs_get sta.phym 1[0m
D (1132) nvs: nvs_get sta.phybw 1[0m
D (1132) nvs: nvs_get_str_or_blob sta.apsw[0m
D (1142) nvs: nvs_get_str_or_blob sta.apinfo[0m
D (1142) nvs: nvs_get sta.scan_method 1[0m
D (1142) nvs: nvs_get sta.sort_method 1[0m
D (1152) nvs: nvs_get sta.minrssi 1[0m
D (1152) nvs: nvs_get sta.minauth 1[0m
D (1162) nvs: nvs_get sta.pmf_e 1[0m
D (1162) nvs: nvs_get sta.pmf_r 1[0m
D (1162) nvs: nvs_get sta.btm_e 1[0m
D (1172) nvs: nvs_get sta.rrm_e 1[0m
D (1172) nvs: nvs_get sta.mbo_e 1[0m
D (1172) nvs: nvs_get_str_or_blob ap.ssid[0m
D (1182) nvs: nvs_get_str_or_blob ap.passwd[0m
D (1182) nvs: nvs_get_str_or_blob ap.pmk[0m
D (1182) nvs: nvs_get ap.chan 1[0m
D (1192) nvs: nvs_get ap.authmode 1[0m
D (1192) nvs: nvs_get ap.hidden 1[0m
D (1192) nvs: nvs_get ap.max.conn 1[0m
D (1202) nvs: nvs_get bcn.interval 2[0m
D (1202) nvs: nvs_get ap.phym 1[0m
D (1202) nvs: nvs_get ap.phybw 1[0m
D (1212) nvs: nvs_get ap.sndchan 1[0m
D (1212) nvs: nvs_get ap.pmf_e 1[0m
D (1212) nvs: nvs_get ap.pmf_r 1[0m
D (1222) nvs: nvs_get ap.p_cipher 1[0m
D (1222) nvs: nvs_get lorate 1[0m
D (1222) nvs: nvs_get_str_or_blob country[0m
D (1232) nvs: nvs_get ap.ftm_r 1[0m
D (1232) nvs: nvs_get sta.ft 1[0m
D (1242) nvs: nvs_get sta.owe 1[0m
D (1242) nvs: nvs_get sta.trans_d 1[0m
D (1242) nvs: nvs_get sta.sae_h2e 1[0m
D (1252) nvs: nvs_get sta.sae_pk_mode 1[0m
D (1252) nvs: nvs_get sta.bss_retry 1[0m
D (1252) nvs: nvs_get_str_or_blob sta.owe_data[0m
D (1262) nvs: nvs_get sta.he_dcm 1[0m
D (1262) nvs: nvs_get sta.he_dcm_c_tx 1[0m
D (1272) nvs: nvs_get sta.he_dcm_c_rx 1[0m
D (1272) nvs: nvs_get sta.he_mcs9_d 1[0m
D (1272) nvs: nvs_get sta.he_su_b_d 1[0m
D (1282) nvs: nvs_get sta.he_su_b_f_d 1[0m
D (1282) nvs: nvs_get sta.he_mu_b_f_d 1[0m
D (1282) nvs: nvs_get sta.he_cqi_f_d 1[0m
D (1292) nvs: nvs_get_str_or_blob sta.sae_h2e_id[0m
D (1292) nvs: nvs_get ap.sae_h2e 1[0m
D (1302) nvs: nvs_get_str_or_blob ap.pmk_info[0m
D (1302) nvs: nvs_get nan.phym 1[0m
D (1302) nvs: nvs_set ap.sndchan 1 1[0m
I (1312) wifi:wifi firmware version: a9f5b59-dirty
I (1312) wifi:wifi certification version: v7.0
I (1322) wifi:config NVS flash: enabled
I (1322) wifi:config nano formating: disabled
I (1322) wifi:Init data frame dynamic rx buffer num: 32
I (1332) wifi:Init static rx mgmt buffer num: 5
I (1332) wifi:Init management short buffer num: 32
I (1342) wifi:Init dynamic tx buffer num: 32
I (1342) wifi:Init static tx FG buffer num: 2
I (1352) wifi:Init static rx buffer size: 1600
I (1352) wifi:Init static rx buffer num: 10
I (1352) wifi:Init dynamic rx buffer num: 32
V (1362) wifi:hint=255, act_dur=<0,120>, pas_dur=360, nchans=14 history_num=0
V (1372) esp_adapter: thread sem get: sem=0x3fcaa7ac[0m
[0;32mI (1372) wifi_init: rx ba win: 6[0m
[0;32mI (1372) wifi_init: tcpip mbox: 32[0m
[0;32mI (1382) wifi_init: udp mbox: 6[0m
[0;32mI (1382) wifi_init: tcp mbox: 6[0m
[0;32mI (1392) wifi_init: tcp tx win: 5760[0m
[0;32mI (1392) wifi_init: tcp rx win: 5760[0m
[0;32mI (1392) wifi_init: tcp mss: 1440[0m
[0;32mI (1402) wifi_init: WiFi IRAM OP enabled[0m
[0;32mI (1402) wifi_init: WiFi RX IRAM OP enabled[0m
V (1412) esp_adapter: thread sem get: sem=0x3fcaa7ac[0m
D (1412) nvs: nvs_get opmode 1[0m
[0;32mI (1422) wpa: esp_dpp_task prio:2, stack:6656[0m
D (1422) wpa: private key - hexdump(len=0):[0m
D (1422) wpa:  [NULL][0m
D (1482) wpa: DPP: Generating a keypair[0m
[0;31mE (1482) wpa: curve: secp256r1[0m
[0;31mE (1482) wpa: prime len is 32[0m
[0;31mE (1482) wpa: Q_x: - hexdump(len=32):[0m
[0;31mE (1492) wpa: 34 4b bd d7 8d 72 e5 46 61 93 02 7f 45 b2 29 9a [0m
[0;31mE (1492) wpa: 8b e2 63 5b 64 65 b6 e1 da df 33 d1 1e c8 f4 29 [0m
[0;31mE (1502) wpa: Q_y: - hexdump(len=32):[0m
[0;31mE (1502) wpa: f7 90 63 1a 2e 7d d0 ae 19 7a 47 07 48 f6 1e b8 [0m
[0;31mE (1512) wpa: e3 0d 88 26 3f dc 1d 09 60 20 b9 85 b2 2f 65 ea [0m
[0;31mE (1522) wpa: d:      - hexdump(len=32):[0m
[0;31mE (1522) wpa: 25 da 1c 42 dd a2 a0 f7 bd 85 fe 9a e5 b7 11 64 [0m
[0;31mE (1532) wpa: 6b fe 50 30 1d 48 69 87 7f 93 84 26 9e d5 9b 47 [0m
D (1532) wpa: DPP: Compressed public key (DER) - hexdump(len=59):[0m
D (1542) wpa: 30 39 30 13 06 07 2a 86 48 ce 3d 02 01 06 08 2a [0m
D (1552) wpa: 86 48 ce 3d 03 01 07 03 22 00 02 34 4b bd d7 8d [0m
D (1552) wpa: 72 e5 46 61 93 02 7f 45 b2 29 9a 8b e2 63 5b 64 [0m
D (1562) wpa: 65 b6 e1 da df 33 d1 1e c8 f4 29 [0m
D (1562) gdma: new group (0) at 0x3fcb2f74[0m
D (1572) gdma: new pair (0,0) at 0x3fcb2dd0[0m
D (1572) gdma: new tx channel (0,0) at 0x3fcb2c80[0m
D (1582) gdma: new rx channel (0,0) at 0x3fcb2ffc[0m
D (1582) gdma: tx channel (0,0), (1:16) bytes aligned, burst enabled[0m
D (1592) gdma: rx channel (0,0), (1:16) bytes aligned, burst disabled[0m
D (1592) wpa: DPP: Public key hash - hexdump(len=32):[0m
D (1602) wpa: 6f 22 1e 11 25 e5 b0 aa b0 12 09 71 f2 44 3b b2 [0m
D (1602) wpa: dd 6c 80 b0 f1 b2 dd dd 8e 42 52 52 61 8a 60 89 [0m
D (1612) wpa: DPP: URI mac: 84:fc:e6:7b:73:b8[0m
[0;32mI (1612) wifi dpp-enrollee: Scan below QR Code to configure the enrollee:[0m
[0;32mI (1622) QRCODE: Encoding below text with ECC LVL 0 & QR Code Version 10[0m
[0;32mI (1632) QRCODE: DPP:C:81/6;M:84:fc:e6:7b:73:b8;K:MDkwEwYHKoZIzj0CAQYIKoZIzj0DAQcDIgACNEu9141y5UZhkwJ/RbIpmoviY1tkZbbh2t8z0R7I9Ck=;;[0m
                                              
  █▀▀▀▀▀█ ██▄   ▀▀▀█▀█▄ ▀▀ █▀▀▀▄▄▄▀ █▀▀▀▀▀█   
  █ ███ █ █▀▀ █▀▄ ▀▄▄  █▀██▄▄ ▀▀▄▀▄ █ ███ █   
  █ ▀▀▀ █ ▄ ▄▄▄ █ ▄▄██▀▄█▀█▀█▀████  █ ▀▀▀ █   
  ▀▀▀▀▀▀▀ ▀▄█▄▀ ▀▄█▄█▄▀▄▀ ▀ ▀▄█▄▀▄█ ▀▀▀▀▀▀▀   
  █▀▄ ▀▀▀▄▄ ▄▀▄▄▀▄█ ▄ ▄ █▀▀ ▀▄▀▀▄ ▀▄▄▀▄██▀▀   
  ▀██  █▀▄ █ ▄█ ▄█▄█▄▄ ▄█▀█▀▄▀▄▄ ▄▄ █▀▀  ▄▀   
  ▀▄▄██ ▀▀▄█  ▀█▀▀▄ ▀ ▄█▄▄ ▀ ▄▀ ▄▀██ ▀▄ ▄█▀   
  ▀ ▀▄█▄▀▀█ ▄ ▄   ▀█▄▄▀█▀█   █▄██▄ ▀ ▄▄█ ▄█   
  ▄▀▀▄▀█▀  ▄ █▀▀▄▀▄▄  ▀ ▀█  ▀█▀█▀ ▀▀ ▀▄▄      
  ▀ █ █▀▀▀▄█▀█▀█▀▀█ ▀▄ ▄ ▀▀▀ ▀ █▄▄  █ █▄▀ ▀   
  ██ ▄▀▀▀▄█▄▄▀▄█▄▀▀ ▄ ▄▄▀█▄ ▄ █▀ ▄▀█ █▄▀█▄    
   ▄██  ▀▀▄▀▀█▀ ▀█▄█▄ ████▄▀▄█▄▄▀▄█ ▄▄ ▀ ▄█   
  ▀█▄▄██▀██▄  ▀█▄ █    ▄▀▄▀█▄█▀▀▀▀▄▄▄ ▄▄▄▀    
  ▀▄▄ █ ▀ █▄▀█▄ ▄▀ █▄ ▀█▀█▄▀ ▀██  ▄█ ▄ ▀▀ █   
  █▄ █▀█▀▄▀██ ▀█▀▀▄▄▀ ▄█▄▄  ▄█▄█▄▀ ▀▄▀▄▄      
    ▀ ▀▀▀▄█▄█ ▄ ▄ ▀█▄▄▀▄▀▀ ▀▄▀▀▄ ▄▀█ ▀ ▀  ▀   
  ▀▀▀   ▀▀█▀▄▀▀▀ █▄▄▄▄▀█▀ ▀▄▀▄▀█▀ █▀▀▀█▄      
  █▀▀▀▀▀█ ▄▀▀▀▀█▀▀▄ ▀▄ █▀██▀ ▀███▀█ ▀ █ ▀ ▀   
  █ ███ █ ▀█  ▄█▄▀▀▄▄ ▀▄▀█▄ ▄▄█▀▄██▀▀█▀▄▄█▄   
  █ ▀▀▀ █ ▄█▄█▀ ▄█▄█▄▄▀▄ █ ▀ ▀ ▄█ █▄ █ ▀ ▄█   
  ▀▀▀▀▀▀▀ ▀▀  ▀      ▀  ▀▀▀▀ ▀ ▀  ▀      ▀    
                                              

V (1942) esp_adapter: thread sem get: sem=0x3fcaa7ac[0m
[0;32mI (1952) phy_init: phy_version 640,cd64a1a,Jan 24 2024,17:28:12[0m
D (1952) phy_init: loading PHY init data from application binary[0m
D (1962) nvs: nvs_open_from_partition phy 0[0m
D (1962) nvs: nvs_get cal_version 4[0m
V (1972) phy_init: phy_get_rf_cal_version: 640[0m
D (1972) nvs: nvs_get_str_or_blob cal_mac[0m
D (1982) efuse: In EFUSE_BLK1__DATA1_REG is used 8 bits starting with 8 bit[0m
D (1982) efuse: In EFUSE_BLK1__DATA1_REG is used 8 bits starting with 0 bit[0m
D (1992) efuse: In EFUSE_BLK1__DATA0_REG is used 8 bits starting with 24 bit[0m
D (2002) efuse: In EFUSE_BLK1__DATA0_REG is used 8 bits starting with 16 bit[0m
D (2002) efuse: In EFUSE_BLK1__DATA0_REG is used 8 bits starting with 8 bit[0m
D (2012) efuse: In EFUSE_BLK1__DATA0_REG is used 8 bits starting with 0 bit[0m
D (2022) nvs: nvs_get_str_or_blob cal_data[0m
D (2032) nvs: nvs_close 3[0m
D (2032) efuse: In EFUSE_BLK1__DATA1_REG is used 8 bits starting with 8 bit[0m
D (2032) efuse: In EFUSE_BLK1__DATA1_REG is used 8 bits starting with 0 bit[0m
D (2042) efuse: In EFUSE_BLK1__DATA0_REG is used 8 bits starting with 24 bit[0m
D (2042) efuse: In EFUSE_BLK1__DATA0_REG is used 8 bits starting with 16 bit[0m
D (2052) efuse: In EFUSE_BLK1__DATA0_REG is used 8 bits starting with 8 bit[0m
D (2062) efuse: In EFUSE_BLK1__DATA0_REG is used 8 bits starting with 0 bit[0m
D (2082) temperature_sensor: range changed, change to index 2[0m
V (2102) wifi:ht20 freq=2412, chan=1
D (2102) wifi:filter: set rx policy=0
I (2102) wifi:mode : sta (84:fc:e6:7b:73:b8)
I (2102) wifi:enable tsf
D (2102) wifi:filter: set rx policy=1
D (2102) wifi:connect status 0 -> 0
D (2112) event: running post WIFI_EVENT:40 with handler 0x4200a710 and context 0x3fca7f98 on loop 0x3fca6d0c[0m
D (2112) event: running post WIFI_EVENT:2 with handler 0x4202cce4 and context 0x3fca7e30 on loop 0x3fca6d0c[0m
D (2122) wifi_init_default: wifi_start esp-netif:0x3fca7c34 event-id2[0m
D (2132) wifi_init_default: WIFI mac address: 84 fc e6 7b 73 b8[0m
V (2142) esp_adapter: thread sem create: sem=0x3fcb27f0[0m
V (2142) esp_adapter: thread sem get: sem=0x3fcb27f0[0m
D (2152) esp_netif_lwip: check: remote, if=0x3fca7c34 fn=0x42012e34[0m
D (2152) esp_netif_lwip: call api in lwip: ret=0x0, give sem[0m
D (2162) esp_netif_handlers: esp_netif action has started with netif0x3fca7c34 from event_id=2[0m
D (2172) esp_netif_lwip: check: remote, if=0x3fca7c34 fn=0x42013700[0m
D (2172) esp_netif_lwip: esp_netif_start_api 0x3fca7c34[0m
D (2182) esp_netif_lwip: esp_netif_get_hostname esp_netif:0x3fca7c34[0m
D (2192) esp_netif_lwip: check: local, if=0x3fca7c34 fn=0x42013ea4[0m
D (2192) esp_netif_lwip: esp_netif_update_default_netif_lwip 0x3fca7c34[0m
V (2202) esp_netif_lwip: esp_netif_is_netif_up esp_netif:0x3fca7c34[0m
D (2212) esp_netif_lwip: call api in lwip: ret=0x0, give sem[0m
D (2212) event: running post WIFI_EVENT:2 with handler 0x4200a710 and context 0x3fca7f98 on loop 0x3fca6d0c[0m
[0;32mI (2222) wifi dpp-enrollee: Started listening for DPP Authentication[0m
V (2222) esp_adapter: thread sem create: sem=0x3fcb28a0[0m
V (2232) esp_adapter: thread sem get: sem=0x3fcb28a0[0m
D (2242) wifi:Listen on channel 6 for 500 mSec
V (2242) wifi:change: chan<6,0>, dur<0,500>
V (2252) wifi:ht20 freq=2437, chan=6
V (2252) wifi:enter start op, arg=0x42014ad0
V (2252) wifi:start max timer
D (2762) wifi:ROC: Ending operation at 2.0, returning to Channel 1
V (2762) wifi:back home chan=<1,0>, current chan=<6,0>
V (2762) wifi:ht20 freq=2412, chan=1
D (2762) event: running post WIFI_EVENT:20 with handler 0x4200a710 and context 0x3fca7f98 on loop 0x3fca6d0c[0m
D (2772) event: running post WIFI_EVENT:20 with handler 0x4201563c and context 0x3fcb2590 on loop 0x3fca6d0c[0m
V (2782) esp_adapter: thread sem get: sem=0x3fcb28a0[0m
D (2782) wifi:Listen on channel 6 for 500 mSec
V (2792) wifi:change: chan<6,0>, dur<0,500>
V (2792) wifi:ht20 freq=2437, chan=6
V (2802) wifi:enter start op, arg=0x42014ad0
V (2802) wifi:start max timer
D (3302) wifi:ROC: Ending operation at 3.0, returning to Channel 1
V (3302) wifi:back home chan=<1,0>, current chan=<6,0>
V (3302) wifi:ht20 freq=2412, chan=1
D (3312) event: running post WIFI_EVENT:20 with handler 0x4200a710 and context 0x3fca7f98 on loop 0x3fca6d0c[0m
D (3322) event: running post WIFI_EVENT:20 with handler 0x4201563c and context 0x3fcb2590 on loop 0x3fca6d0c[0m
V (3332) esp_adapter: thread sem get: sem=0x3fcb28a0[0m
D (3332) wifi:Listen on channel 6 for 500 mSec
V (3332) wifi:change: chan<6,0>, dur<0,500>
V (3342) wifi:ht20 freq=2437, chan=6
V (3342) wifi:enter start op, arg=0x42014ad0
V (3352) wifi:start max timer
D (3852) wifi:ROC: Ending operation at 3.0, returning to Channel 1
V (3852) wifi:back home chan=<1,0>, current chan=<6,0>
V (3852) wifi:ht20 freq=2412, chan=1
D (3852) event: running post WIFI_EVENT:20 with handler 0x4200a710 and context 0x3fca7f98 on loop 0x3fca6d0c[0m
D (3862) event: running post WIFI_EVENT:20 with handler 0x4201563c and context 0x3fcb2590 on loop 0x3fca6d0c[0m
V (3872) esp_adapter: thread sem get: sem=0x3fcb28a0[0m
D (3882) wifi:Listen on channel 6 for 500 mSec
V (3882) wifi:change: chan<6,0>, dur<0,500>
V (3882) wifi:ht20 freq=2437, chan=6
V (3892) wifi:enter start op, arg=0x42014ad0
V (3892) wifi:start max timer
D (4402) wifi:ROC: Ending operation at 4.0, returning to Channel 1
V (4402) wifi:back home chan=<1,0>, current chan=<6,0>
V (4402) wifi:ht20 freq=2412, chan=1
D (4402) event: running post WIFI_EVENT:20 with handler 0x4200a710 and context 0x3fca7f98 on loop 0x3fca6d0c[0m
D (4412) event: running post WIFI_EVENT:20 with handler 0x4201563c and context 0x3fcb2590 on loop 0x3fca6d0c[0m
V (4422) esp_adapter: thread sem get: sem=0x3fcb28a0[0m
D (4422) wifi:Listen on channel 6 for 500 mSec
V (4432) wifi:change: chan<6,0>, dur<0,500>
V (4432) wifi:ht20 freq=2437, chan=6
V (4432) wifi:enter start op, arg=0x42014ad0
V (4442) wifi:start max timer
D (4942) wifi:ROC: Ending operation at 4.0, returning to Channel 1
V (4942) wifi:back home chan=<1,0>, current chan=<6,0>
V (4942) wifi:ht20 freq=2412, chan=1
D (4952) event: running post WIFI_EVENT:20 with handler 0x4200a710 and context 0x3fca7f98 on loop 0x3fca6d0c[0m
D (4952) event: running post WIFI_EVENT:20 with handler 0x4201563c and context 0x3fcb2590 on loop 0x3fca6d0c[0m
V (4962) esp_adapter: thread sem get: sem=0x3fcb28a0[0m
D (4972) wifi:Listen on channel 6 for 500 mSec
V (4972) wifi:change: chan<6,0>, dur<0,500>
V (4982) wifi:ht20 freq=2437, chan=6
V (4982) wifi:enter start op, arg=0x42014ad0
V (4982) wifi:start max timer
D (5492) wifi:ROC: Ending operation at 5.0, returning to Channel 1
V (5492) wifi:back home chan=<1,0>, current chan=<6,0>
V (5492) wifi:ht20 freq=2412, chan=1
D (5492) event: running post WIFI_EVENT:20 with handler 0x4200a710 and context 0x3fca7f98 on loop 0x3fca6d0c[0m
D (5502) event: running post WIFI_EVENT:20 with handler 0x4201563c and context 0x3fcb2590 on loop 0x3fca6d0c[0m
V (5512) esp_adapter: thread sem get: sem=0x3fcb28a0[0m
D (5522) wifi:Listen on channel 6 for 500 mSec
V (5522) wifi:change: chan<6,0>, dur<0,500>
V (5522) wifi:ht20 freq=2437, chan=6
V (5532) wifi:enter start op, arg=0x42014ad0
V (5532) wifi:start max timer
D (5852) wpa: DPP: Rx Public Action frame: action - 9[0m
V (5852) esp_adapter: thread sem get: sem=0x3fcb28a0[0m
D (5852) wifi:ROC: Ending operation at 5.0, returning to Channel 1
V (5852) wifi:back home chan=<1,0>, current chan=<6,0>
V (5862) wifi:ht20 freq=2412, chan=1
V (5862) wifi:back home chan=<1,0>, current chan=<1,0>
[0;32mI (5872) wpa: DPP: Authentication Request from 8e:ff:3e:16:e0:96[0m
D (5872) event: running post WIFI_EVENT:20 with handler 0x4200a710 and context 0x3fca7f98 on loop 0x3fca6d0c[0m
V (5872) wpa: DPP: Responder Bootstrapping Key Hash - hexdump(len=32):[0m
D (5882) event: running post WIFI_EVENT:20 with handler 0x4201563c and context 0x3fcb2590 on loop 0x3fca6d0c[0m
V (5892) wpa: 6f 22 1e 11 25 e5 b0 aa b0 12 09 71 f2 44 3b b2 [0m
V (5912) wpa: dd 6c 80 b0 f1 b2 dd dd 8e 42 52 52 61 8a 60 89 [0m
V (5912) wpa: DPP: Initiator Bootstrapping Key Hash - hexdump(len=32):[0m
V (5922) wpa: 4c 46 71 d2 a8 fa 57 5e f8 84 82 57 28 f7 cb ce [0m
V (5922) wpa: 64 96 36 42 f5 a8 e3 26 da 22 e4 ee 8e 7e 8a fd [0m
V (5932) wpa: DPP: Wrapped Data - hexdump(len=41):[0m
V (5932) wpa: 68 fd fb 39 ca 2a 6c 3f f0 d6 78 fd cc 77 55 f1 [0m
V (5942) wpa: e0 a8 69 84 f7 e9 fb ae cf 9e 71 43 77 59 73 20 [0m
V (5952) wpa: 30 d3 f1 3e 0d 9d e1 06 1a [0m
V (5952) wpa: DPP: Initiator Protocol Key - hexdump(len=64):[0m
V (5962) wpa: 9c b6 ea 3b a3 ff 43 fb 5d b2 1f dc 11 64 05 e1 [0m
V (5962) wpa: 60 a0 32 f5 74 e5 6e ee b9 6a 91 1a 37 67 1d e4 [0m
V (5972) wpa: 21 18 d0 09 58 fc b2 fa c6 d0 f9 e3 6e c5 91 02 [0m
V (5972) wpa: ca 32 b4 e1 52 6b ad e2 6f 60 87 0b 3d 4c e7 2c [0m
V (5982) intr_alloc: esp_intr_alloc_intrstatus (cpu 1): checking args[0m
V (5992) intr_alloc: esp_intr_alloc_intrstatus (cpu 1): Args okay. Resulting flags 0xE[0m
D (5992) intr_alloc: Connected src 76 to int 4 (cpu 1)[0m
[0;31mE (6002) wpa: curve: secp256r1[0m
[0;31mE (6002) wpa: prime len is 32[0m
[0;31mE (6012) wpa: Q_x: - hexdump(len=32):[0m
[0;31mE (6012) wpa: 9c b6 ea 3b a3 ff 43 fb 5d b2 1f dc 11 64 05 e1 [0m
[0;31mE (6022) wpa: 60 a0 32 f5 74 e5 6e ee b9 6a 91 1a 37 67 1d e4 [0m
[0;31mE (6022) wpa: Q_y: - hexdump(len=32):[0m
[0;31mE (6032) wpa: 21 18 d0 09 58 fc b2 fa c6 d0 f9 e3 6e c5 91 02 [0m
[0;31mE (6032) wpa: ca 32 b4 e1 52 6b ad e2 6f 60 87 0b 3d 4c e7 2c [0m
[0;31mE (6042) wpa: d:      - hexdump(len=32):[0m
[0;31mE (6052) wpa: 00 00 00 00 00 00 00 00 00 00 00 00 00 00 00 00 [0m
[0;31mE (6052) wpa: 00 00 00 00 00 00 00 00 00 00 00 00 00 00 00 00 [0m
V (6062) intr_alloc: esp_intr_alloc_intrstatus (cpu 1): checking args[0m
V (6072) intr_alloc: esp_intr_alloc_intrstatus (cpu 1): Args okay. Resulting flags 0xE[0m
D (6072) intr_alloc: Connected src 77 to int 9 (cpu 1)[0m
D (6232) wpa: DPP: ECDH shared secret (M.x) - hexdump(len=32):[0m
D (6232) wpa: 80 9f 08 23 9c 9f 3b f2 52 18 5f 7a 3c 8d 55 39 [0m
D (6232) wpa: bb a1 8d 93 9a f5 53 26 f7 bf 70 9f 08 cd a3 48 [0m
D (6242) wpa: DPP: PRK = HKDF-Extract(<>, IKM=M.x) - hexdump(len=32):[0m
D (6242) wpa: 21 67 dc 68 5f 4e 2f f4 37 a0 10 ea 3a fa fd 40 [0m
D (6252) wpa: 98 4a 84 42 22 46 d9 04 f9 c4 7f c6 10 a4 2b aa [0m
D (6262) wpa: DPP: k1 = HKDF-Expand(PRK, info, L) - hexdump(len=32):[0m
D (6262) wpa: 04 99 64 c1 9a 0e 97 19 e3 7e 0a 66 98 bd 09 a1 [0m
D (6272) wpa: 3f 5c b7 80 70 52 19 e2 1e ad 48 9f e7 fc ca a4 [0m
D (6272) wpa: DDP: AES-SIV AD[0] - hexdump(len=6):[0m
D (6282) wpa: 50 6f 9a 1a 01 00 [0m
D (6282) wpa: DDP: AES-SIV AD[1] - hexdump(len=140):[0m
D (6292) wpa: 02 10 20 00 6f 22 1e 11 25 e5 b0 aa b0 12 09 71 [0m
D (6292) wpa: f2 44 3b b2 dd 6c 80 b0 f1 b2 dd dd 8e 42 52 52 [0m
D (6302) wpa: 61 8a 60 89 01 10 20 00 4c 46 71 d2 a8 fa 57 5e [0m
D (6312) wpa: f8 84 82 57 28 f7 cb ce 64 96 36 42 f5 a8 e3 26 [0m
D (6312) wpa: da 22 e4 ee 8e 7e 8a fd 03 10 40 00 9c b6 ea 3b [0m
D (6322) wpa: a3 ff 43 fb 5d b2 1f dc 11 64 05 e1 60 a0 32 f5 [0m
D (6322) wpa: 74 e5 6e ee b9 6a 91 1a 37 67 1d e4 21 18 d0 09 [0m
D (6332) wpa: 58 fc b2 fa c6 d0 f9 e3 6e c5 91 02 ca 32 b4 e1 [0m
D (6342) wpa: 52 6b ad e2 6f 60 87 0b 3d 4c e7 2c [0m
D (6342) wpa: DPP: AES-SIV ciphertext - hexdump(len=41):[0m
D (6352) wpa: 68 fd fb 39 ca 2a 6c 3f f0 d6 78 fd cc 77 55 f1 [0m
D (6352) wpa: e0 a8 69 84 f7 e9 fb ae cf 9e 71 43 77 59 73 20 [0m
D (6362) wpa: 30 d3 f1 3e 0d 9d e1 06 1a [0m
D (6362) wpa: DPP: AES-SIV cleartext - hexdump(len=25):[0m
D (6372) wpa: 05 10 10 00 b5 7d 52 a2 f9 b0 cc 88 31 d1 02 b4 [0m
D (6372) wpa: 44 3a 51 64 06 10 01 00 02 [0m
V (6382) wpa: DPP: Attribute ID 1005 len 16[0m
V (6382) wpa: DPP: Attribute ID 1006 len 1[0m
D (6392) wpa: DPP: I-nonce - hexdump(len=16):[0m
D (6392) wpa: b5 7d 52 a2 f9 b0 cc 88 31 d1 02 b4 44 3a 51 64 [0m
D (6402) wpa: DPP: I-capabilities: 0x02[0m
D (6402) wpa: DPP: Acting as Enrollee[0m
D (6402) wpa: DPP: Build Authentication Response[0m
D (6412) wpa: DPP: R-nonce - hexdump(len=16):[0m
D (6412) wpa: 99 9b 23 92 29 4a 82 82 3b 24 97 e4 5a 92 56 81 [0m
D (6472) wpa: DPP: Generating a keypair[0m
[0;31mE (6472) wpa: curve: secp256r1[0m
[0;31mE (6472) wpa: prime len is 32[0m
[0;31mE (6472) wpa: Q_x: - hexdump(len=32):[0m
[0;31mE (6482) wpa: bf ec 62 6f fa 67 c4 a3 df d6 cc c5 78 dc 2b aa [0m
[0;31mE (6482) wpa: 15 af 8b c2 fa 28 73 35 25 a3 32 16 d4 b2 f0 37 [0m
[0;31mE (6492) wpa: Q_y: - hexdump(len=32):[0m
[0;31mE (6492) wpa: 77 4f ff 5d 37 11 e0 45 f7 04 64 ad 38 df 14 35 [0m
[0;31mE (6502) wpa: 41 e7 ce 1e fa 91 44 21 30 31 17 25 fd 91 06 fa [0m
[0;31mE (6512) wpa: d:      - hexdump(len=32):[0m
[0;31mE (6512) wpa: fb d8 81 fa 03 47 85 94 ec 1c de 17 97 39 b9 b0 [0m
[0;31mE (6522) wpa: 03 24 33 8f 6a 95 44 3f f1 b3 3c 3e 34 ae f0 91 [0m
D (6682) wpa: DPP: ECDH shared secret (N.x) - hexdump(len=32):[0m
D (6682) wpa: 69 df 7b af 53 57 26 a9 b6 9e 09 7a 8f be 52 48 [0m
D (6682) wpa: e0 71 0a 4b 19 fe 63 e3 02 9c 23 76 12 8e b9 a9 [0m
D (6682) wpa: DPP: PRK = HKDF-Extract(<>, IKM=N.x) - hexdump(len=32):[0m
D (6692) wpa: 25 96 4c f4 43 ac 52 e5 50 3a 9d f4 a8 e3 9e a9 [0m
D (6702) wpa: 19 32 01 22 48 ea cf cf b6 c4 62 18 8f 39 ce b2 [0m
D (6702) wpa: DPP: k2 = HKDF-Expand(PRK, info, L) - hexdump(len=32):[0m
D (6712) wpa: 4a 38 ea f0 68 0e ec 5d f6 68 08 6a b1 a9 ca be [0m
D (6712) wpa: 21 e8 6e 56 97 65 5f a7 82 96 08 fd 56 eb 1d 52 [0m
D (6722) wpa: DPP: PRK = HKDF-Extract(<>, IKM) - hexdump(len=32):[0m
D (6732) wpa: 29 75 a2 ad 22 82 c2 1b a7 b5 a7 e9 f0 0c f9 0a [0m
D (6732) wpa: 2e 89 d2 a9 1d 38 e9 eb f4 f7 ea 85 ce 17 b0 3e [0m
D (6742) wpa: DPP: ke = HKDF-Expand(PRK, info, L) - hexdump(len=32):[0m
D (6752) wpa: a9 df 1f b4 0f cb 37 04 10 90 e3 73 c5 b1 65 82 [0m
D (6752) wpa: ba dd b9 ad cf 8e 9e 87 a8 be 4c e2 26 eb 6b aa [0m
D (6762) wpa: DPP: R-auth hash components[0m
D (6762) wpa: DPP: hash component - hexdump(len=16):[0m
D (6772) wpa: b5 7d 52 a2 f9 b0 cc 88 31 d1 02 b4 44 3a 51 64 [0m
D (6772) wpa: DPP: hash component - hexdump(len=16):[0m
D (6782) wpa: 99 9b 23 92 29 4a 82 82 3b 24 97 e4 5a 92 56 81 [0m
D (6782) wpa: DPP: hash component - hexdump(len=32):[0m
D (6792) wpa: 9c b6 ea 3b a3 ff 43 fb 5d b2 1f dc 11 64 05 e1 [0m
D (6792) wpa: 60 a0 32 f5 74 e5 6e ee b9 6a 91 1a 37 67 1d e4 [0m
D (6802) wpa: DPP: hash component - hexdump(len=32):[0m
D (6802) wpa: bf ec 62 6f fa 67 c4 a3 df d6 cc c5 78 dc 2b aa [0m
D (6812) wpa: 15 af 8b c2 fa 28 73 35 25 a3 32 16 d4 b2 f0 37 [0m
D (6822) wpa: DPP: hash component - hexdump(len=32):[0m
D (6822) wpa: 34 4b bd d7 8d 72 e5 46 61 93 02 7f 45 b2 29 9a [0m
D (6832) wpa: 8b e2 63 5b 64 65 b6 e1 da df 33 d1 1e c8 f4 29 [0m
D (6832) wpa: DPP: hash component - hexdump(len=1):[0m
D (6842) wpa: 00 [0m
D (6842) wpa: DPP: R-auth - hexdump(len=32):[0m
D (6842) wpa: ce 1a dd 7c 52 d3 6a d0 9c bd 5d 02 27 b1 16 a4 [0m
D (6852) wpa: 0e dd 2d 3a 72 9a 67 89 44 f4 eb 4e b4 dc 01 68 [0m
D (6862) wpa: DPP: {R-auth}ke - hexdump(len=52):[0m
D (6862) wpa: bb 92 7f ae 12 9d ec d9 d3 e5 a3 e4 35 a5 b2 22 [0m
D (6872) wpa: 11 8e c8 d1 cf 0c 2d 84 9c 67 c4 c0 b6 e0 3a fa [0m
D (6872) wpa: 0c 92 1a ad ed 60 70 8d ab eb ff b2 d8 64 4b 20 [0m
D (6882) wpa: 36 ea a0 09 [0m
D (6882) wpa: Setting auth resp retry to 0 0 [0m
D (6892) wpa: DPP: Status 0[0m
D (6892) wpa: DPP: R-Bootstrap Key Hash[0m
D (6892) wpa: DDP: AES-SIV AD[0] - hexdump(len=6):[0m
D (6902) wpa: 50 6f 9a 1a 01 01 [0m
D (6902) wpa: DDP: AES-SIV AD[1] - hexdump(len=109):[0m
D (6912) wpa: 00 10 01 00 00 02 10 20 00 6f 22 1e 11 25 e5 b0 [0m
D (6912) wpa: aa b0 12 09 71 f2 44 3b b2 dd 6c 80 b0 f1 b2 dd [0m
D (6922) wpa: dd 8e 42 52 52 61 8a 60 89 09 10 40 00 bf ec 62 [0m
D (6922) wpa: 6f fa 67 c4 a3 df d6 cc c5 78 dc 2b aa 15 af 8b [0m
D (6932) wpa: c2 fa 28 73 35 25 a3 32 16 d4 b2 f0 37 77 4f ff [0m
D (6942) wpa: 5d 37 11 e0 45 f7 04 64 ad 38 df 14 35 41 e7 ce [0m
D (6942) wpa: 1e fa 91 44 21 30 31 17 25 fd 91 06 fa [0m
D (6952) wpa: DPP: AES-SIV cleartext - hexdump(len=101):[0m
D (6952) wpa: 07 10 10 00 99 9b 23 92 29 4a 82 82 3b 24 97 e4 [0m
D (6962) wpa: 5a 92 56 81 05 10 10 00 b5 7d 52 a2 f9 b0 cc 88 [0m
D (6962) wpa: 31 d1 02 b4 44 3a 51 64 08 10 01 00 01 04 10 34 [0m
D (6972) wpa: 00 bb 92 7f ae 12 9d ec d9 d3 e5 a3 e4 35 a5 b2 [0m
D (6982) wpa: 22 11 8e c8 d1 cf 0c 2d 84 9c 67 c4 c0 b6 e0 3a [0m
D (6982) wpa: fa 0c 92 1a ad ed 60 70 8d ab eb ff b2 d8 64 4b [0m
D (6992) wpa: 20 36 ea a0 09 [0m
D (6992) wpa: DPP: AES-SIV ciphertext - hexdump(len=117):[0m
D (7002) wpa: bb 99 52 65 9f 69 f8 43 14 a6 b1 13 2f b7 d8 8d [0m
D (7002) wpa: f2 d4 14 10 7f c5 b9 d3 11 c9 d4 d5 b8 05 25 91 [0m
D (7012) wpa: af 05 8e 8e 18 5b ee 56 d2 88 70 d2 1d f9 f5 e4 [0m
D (7012) wpa: 21 24 0e fd a0 98 06 61 df a2 c6 ec a3 41 19 0d [0m
D (7022) wpa: 45 26 df 02 6f 27 31 99 c5 13 6b 2c 9e 02 50 17 [0m
D (7032) wpa: ae 57 0b e2 cc 0e d4 12 dd eb e1 96 fa fb 07 73 [0m
D (7032) wpa: 31 f9 df 94 7e 16 fb aa 98 b7 45 fe 2f 6a 31 d5 [0m
D (7042) wpa: d9 bb db d1 1b [0m
D (7042) wpa: DPP: Authentication Response frame attributes - hexdump(len=238):[0m
D (7052) wpa: 04 09 50 6f 9a 1a 01 01 00 10 01 00 00 02 10 20 [0m
D (7052) wpa: 00 6f 22 1e 11 25 e5 b0 aa b0 12 09 71 f2 44 3b [0m
D (7062) wpa: b2 dd 6c 80 b0 f1 b2 dd dd 8e 42 52 52 61 8a 60 [0m
D (7072) wpa: 89 09 10 40 00 bf ec 62 6f fa 67 c4 a3 df d6 cc [0m
D (7072) wpa: c5 78 dc 2b aa 15 af 8b c2 fa 28 73 35 25 a3 32 [0m
D (7082) wpa: 16 d4 b2 f0 37 77 4f ff 5d 37 11 e0 45 f7 04 64 [0m
D (7082) wpa: ad 38 df 14 35 41 e7 ce 1e fa 91 44 21 30 31 17 [0m
D (7092) wpa: 25 fd 91 06 fa 04 10 75 00 bb 99 52 65 9f 69 f8 [0m
D (7092) wpa: 43 14 a6 b1 13 2f b7 d8 8d f2 d4 14 10 7f c5 b9 [0m
D (7102) wpa: d3 11 c9 d4 d5 b8 05 25 91 af 05 8e 8e 18 5b ee [0m
D (7112) wpa: 56 d2 88 70 d2 1d f9 f5 e4 21 24 0e fd a0 98 06 [0m
D (7112) wpa: 61 df a2 c6 ec a3 41 19 0d 45 26 df 02 6f 27 31 [0m
D (7122) wpa: 99 c5 13 6b 2c 9e 02 50 17 ae 57 0b e2 cc 0e d4 [0m
D (7122) wpa: 12 dd eb e1 96 fa fb 07 73 31 f9 df 94 7e 16 fb [0m
D (7132) wpa: aa 98 b7 45 fe 2f 6a 31 d5 d9 bb db d1 1b [0m
D (7142) wpa: DPP: Mgmt Tx - MAC:8e:ff:3e:16:e0:96, Channel-6, WaitT-600[0m
V (7142) esp_adapter: thread sem get: sem=0x3fcb28a0[0m
D (7152) wifi:Send frame on channel 6 to 8e:ff:3e:16:e0:96

V (7152) wifi:change: chan<6,0>, dur<0,600>
V (7162) wifi:ht20 freq=2437, chan=6
V (7162) wifi:enter start op, arg=0x3fcb4374
D (7162) wifi:offchan_txop_start : 143
V (7172) wifi:start max timer
D (7172) wifi:tx_mgmt cb : 1636 status 1 
D (7172) wifi:tx data done, now:7195875
D (7182) wifi:woke up
D (7182) wpa: DPP: Rx Public Action frame: action - 9[0m
D (7182) event: running post WIFI_EVENT:19 with handler 0x4200a710 and context 0x3fca7f98 on loop 0x3fca6d0c[0m
D (7182) wpa: DPP: Authentication Confirmation from 8e:ff:3e:16:e0:96[0m
D (7192) event: running post WIFI_EVENT:19 with handler 0x4201563c and context 0x3fcb2560 on loop 0x3fca6d0c[0m
D (7202) wpa: ELOOP: esp_dpp_rx_auth_conf:278 called to remove timer handler=0x4201551c, removed count=0[0m
D (7212) wpa: Mgmt Tx Status - 0, Cookie - 0x42014ad0[0m
D (7222) wpa: DPP: Wrapped data - hexdump(len=52):[0m
D (7232) wpa: d8 96 b4 53 e2 1d c0 54 15 2d 6b ef 0c cb 18 28 [0m
D (7242) wpa: 13 b3 20 bb 83 1e c6 0d df 9c 7f 53 0e 61 68 cd [0m
D (7242) wpa: 41 05 f2 d2 96 fa 54 96 48 34 8c ba b8 03 4c 58 [0m
D (7252) wpa: 1a 30 8e ec [0m
D (7252) wpa: DPP: Responder Bootstrapping Key Hash - hexdump(len=32):[0m
D (7262) wpa: 6f 22 1e 11 25 e5 b0 aa b0 12 09 71 f2 44 3b b2 [0m
D (7262) wpa: dd 6c 80 b0 f1 b2 dd dd 8e 42 52 52 61 8a 60 89 [0m
D (7272) wpa: DPP: Status 0[0m
D (7272) wpa: DDP: AES-SIV AD[0] - hexdump(len=6):[0m
D (7282) wpa: 50 6f 9a 1a 01 02 [0m
D (7282) wpa: DDP: AES-SIV AD[1] - hexdump(len=41):[0m
D (7292) wpa: 00 10 01 00 00 02 10 20 00 6f 22 1e 11 25 e5 b0 [0m
D (7292) wpa: aa b0 12 09 71 f2 44 3b b2 dd 6c 80 b0 f1 b2 dd [0m
D (7302) wpa: dd 8e 42 52 52 61 8a 60 89 [0m
D (7302) wpa: DPP: AES-SIV ciphertext - hexdump(len=52):[0m
D (7312) wpa: d8 96 b4 53 e2 1d c0 54 15 2d 6b ef 0c cb 18 28 [0m
D (7312) wpa: 13 b3 20 bb 83 1e c6 0d df 9c 7f 53 0e 61 68 cd [0m
D (7322) wpa: 41 05 f2 d2 96 fa 54 96 48 34 8c ba b8 03 4c 58 [0m
D (7322) wpa: 1a 30 8e ec [0m
D (7332) wpa: DPP: AES-SIV cleartext - hexdump(len=36):[0m
D (7332) wpa: 0a 10 20 00 28 41 88 e1 42 e8 3b 1e 5b 5d 4a b0 [0m
D (7342) wpa: 00 5f 58 33 bf 00 f3 25 9c 07 f7 5b 0f 24 e7 78 [0m
D (7342) wpa: 3b 39 4c c0 [0m
V (7352) wpa: DPP: Attribute ID 100a len 32[0m
D (7352) wpa: DPP: Received Initiator Authenticating Tag - hexdump(len=32):[0m
D (7362) wpa: 28 41 88 e1 42 e8 3b 1e 5b 5d 4a b0 00 5f 58 33 [0m
D (7362) wpa: bf 00 f3 25 9c 07 f7 5b 0f 24 e7 78 3b 39 4c c0 [0m
D (7372) wpa: DPP: I-auth hash components[0m
D (7372) wpa: DPP: hash component - hexdump(len=16):[0m
D (7382) wpa: 99 9b 23 92 29 4a 82 82 3b 24 97 e4 5a 92 56 81 [0m
D (7392) wpa: DPP: hash component - hexdump(len=16):[0m
D (7392) wpa: b5 7d 52 a2 f9 b0 cc 88 31 d1 02 b4 44 3a 51 64 [0m
D (7402) wpa: DPP: hash component - hexdump(len=32):[0m
D (7402) wpa: bf ec 62 6f fa 67 c4 a3 df d6 cc c5 78 dc 2b aa [0m
D (7412) wpa: 15 af 8b c2 fa 28 73 35 25 a3 32 16 d4 b2 f0 37 [0m
D (7412) wpa: DPP: hash component - hexdump(len=32):[0m
D (7422) wpa: 9c b6 ea 3b a3 ff 43 fb 5d b2 1f dc 11 64 05 e1 [0m
D (7422) wpa: 60 a0 32 f5 74 e5 6e ee b9 6a 91 1a 37 67 1d e4 [0m
D (7432) wpa: DPP: hash component - hexdump(len=32):[0m
D (7432) wpa: 34 4b bd d7 8d 72 e5 46 61 93 02 7f 45 b2 29 9a [0m
D (7442) wpa: 8b e2 63 5b 64 65 b6 e1 da df 33 d1 1e c8 f4 29 [0m
D (7452) wpa: DPP: hash component - hexdump(len=1):[0m
D (7452) wpa: 01 [0m
D (7452) wpa: DPP: I-auth - hexdump(len=32):[0m
D (7462) wpa: 28 41 88 e1 42 e8 3b 1e 5b 5d 4a b0 00 5f 58 33 [0m
D (7462) wpa: bf 00 f3 25 9c 07 f7 5b 0f 24 e7 78 3b 39 4c c0 [0m
D (7472) wpa: DPP: Calculated Initiator Authenticating Tag - hexdump(len=32):[0m
D (7482) wpa: 28 41 88 e1 42 e8 3b 1e 5b 5d 4a b0 00 5f 58 33 [0m
D (7482) wpa: bf 00 f3 25 9c 07 f7 5b 0f 24 e7 78 3b 39 4c c0 [0m
D (7492) wpa: DPP: Authentication success - clear temporary keys[0m
D (7492) wpa: DPP: Build configuration request[0m
D (7502) wpa: DPP: E-nonce - hexdump(len=16):[0m
D (7502) wpa: f2 83 9a 36 76 9d c5 da b6 1c 76 f1 1a df a7 48 [0m
D (7512) wpa: DPP: configRequest JSON - hexdump(len=71):[0m
D (7512) wpa: 7b 22 6e 61 6d 65 22 3a 22 54 65 73 74 22 2c 22 [0m
D (7522) wpa: 77 69 2d 66 69 5f 74 65 63 68 22 3a 22 69 6e 66 [0m
D (7532) wpa: 72 61 22 2c 22 6e 65 74 52 6f 6c 65 22 3a 22 73 [0m
D (7532) wpa: 74 61 22 2c 22 62 61 6e 64 53 75 70 70 6f 72 74 [0m
D (7542) wpa: 22 3a 5b 38 31 5d 7d [0m
D (7542) wpa: DPP: AES-SIV cleartext - hexdump(len=95):[0m
D (7552) wpa: 14 10 10 00 f2 83 9a 36 76 9d c5 da b6 1c 76 f1 [0m
D (7552) wpa: 1a df a7 48 0e 10 47 00 7b 22 6e 61 6d 65 22 3a [0m
D (7562) wpa: 22 54 65 73 74 22 2c 22 77 69 2d 66 69 5f 74 65 [0m
D (7572) wpa: 63 68 22 3a 22 69 6e 66 72 61 22 2c 22 6e 65 74 [0m
D (7572) wpa: 52 6f 6c 65 22 3a 22 73 74 61 22 2c 22 62 61 6e [0m
D (7582) wpa: 64 53 75 70 70 6f 72 74 22 3a 5b 38 31 5d 7d [0m
D (7582) wpa: DPP: AES-SIV ciphertext - hexdump(len=111):[0m
D (7592) wpa: 93 4a 27 83 fa d2 60 b9 9d ea 76 4d 4b 20 9e 00 [0m
D (7592) wpa: 99 a5 de 04 1d b7 56 4f d8 29 23 01 f5 07 bf fa [0m
D (7602) wpa: b6 f4 17 37 17 9a fd ca a3 1e ce 12 bc 93 d2 69 [0m
D (7612) wpa: 7a 38 d0 f9 17 74 46 a9 f6 0d c1 b6 d4 ee 1a c6 [0m
D (7612) wpa: a6 5f fa a0 63 7b 0c 5a 79 ca 0a 26 34 f4 4d f3 [0m
D (7622) wpa: 94 29 55 7b af 8a 05 26 ac 2b 2c 95 81 45 bf aa [0m
D (7622) wpa: df 33 21 e8 e5 78 91 8b 0e 09 a9 fb 16 24 54 [0m
D (7632) wpa: DPP: Configuration Request frame attributes - hexdump(len=115):[0m
D (7642) wpa: 04 10 6f 00 93 4a 27 83 fa d2 60 b9 9d ea 76 4d [0m
D (7642) wpa: 4b 20 9e 00 99 a5 de 04 1d b7 56 4f d8 29 23 01 [0m
D (7652) wpa: f5 07 bf fa b6 f4 17 37 17 9a fd ca a3 1e ce 12 [0m
D (7652) wpa: bc 93 d2 69 7a 38 d0 f9 17 74 46 a9 f6 0d c1 b6 [0m
D (7662) wpa: d4 ee 1a c6 a6 5f fa a0 63 7b 0c 5a 79 ca 0a 26 [0m
D (7672) wpa: 34 f4 4d f3 94 29 55 7b af 8a 05 26 ac 2b 2c 95 [0m
D (7672) wpa: 81 45 bf aa df 33 21 e8 e5 78 91 8b 0e 09 a9 fb [0m
D (7682) wpa: 16 24 54 [0m
V (7682) wpa: DPP: GAS Config Request - hexdump(len=130):[0m
V (7692) wpa: 04 0a 00 6c 08 7f dd 05 50 6f 9a 1a 01 73 00 04 [0m
V (7692) wpa: 10 6f 00 93 4a 27 83 fa d2 60 b9 9d ea 76 4d 4b [0m
V (7702) wpa: 20 9e 00 99 a5 de 04 1d b7 56 4f d8 29 23 01 f5 [0m
V (7702) wpa: 07 bf fa b6 f4 17 37 17 9a fd ca a3 1e ce 12 bc [0m
V (7712) wpa: 93 d2 69 7a 38 d0 f9 17 74 46 a9 f6 0d c1 b6 d4 [0m
V (7722) wpa: ee 1a c6 a6 5f fa a0 63 7b 0c 5a 79 ca 0a 26 34 [0m
V (7722) wpa: f4 4d f3 94 29 55 7b af 8a 05 26 ac 2b 2c 95 81 [0m
V (7732) wpa: 45 bf aa df 33 21 e8 e5 78 91 8b 0e 09 a9 fb 16 [0m
V (7732) wpa: 24 54 [0m
D (7732) wpa: DPP: GAS request to 8e:ff:3e:16:e0:96 (chan 6)[0m
D (7742) wpa: DPP: Mgmt Tx - MAC:8e:ff:3e:16:e0:96, Channel-6, WaitT-600[0m
V (7752) esp_adapter: thread sem get: sem=0x3fcb28a0[0m
D (7752) wifi:OFFCHAN-Tx: Ending op at 7.0, returning to Channel 1
V (7762) wifi:back home chan=<1,0>, current chan=<6,0>
V (7762) wifi:ht20 freq=2412, chan=1
D (7772) wifi:Send frame on channel 6 to 8e:ff:3e:16:e0:96

V (7772) wifi:change: chan<6,0>, dur<0,600>
V (7782) wifi:ht20 freq=2437, chan=6
V (7782) wifi:enter start op, arg=0x3fcb4484
D (7782) wifi:offchan_txop_start : 143
V (7792) wifi:start max timer
D (7792) wpa: ELOOP: Added one timer from esp_dpp_rx_auth_conf:291 to call 0x42014bdc, current order=0[0m
D (7792) wifi:tx_mgmt cb : 1636 status 1 
D (7802) wifi:tx data done, now:7824373
D (7812) wifi:woke up
D (7812) wpa: DPP: Rx Public Action frame: action - 11[0m
D (7812) event: running post WIFI_EVENT:19 with handler 0x4200a710 and context 0x3fca7f98 on loop 0x3fca6d0c[0m
D (7812) wpa: DPP: Gas response received[0m
D (7822) event: running post WIFI_EVENT:19 with handler 0x4201563c and context 0x3fcb2560 on loop 0x3fca6d0c[0m
V (7832) wpa: DPP: Attribute ID 1000 len 1[0m
D (7842) wpa: Mgmt Tx Status - 0, Cookie - 0x42014ad0[0m
V (7842) wpa: DPP: Attribute ID 1004 len 139[0m
D (7852) wpa: DPP: AES-SIV ciphertext - hexdump(len=139):[0m
D (7862) wpa: d4 3a 6a 11 34 1a 46 1c 70 90 58 ea 0e a6 d4 76 [0m
D (7862) wpa: cd 52 aa 7e 23 cc c7 ef 1c 51 c2 9b 78 f6 0e a6 [0m
D (7872) wpa: 69 65 09 01 a5 9b d2 20 af 84 0f b6 be 21 40 35 [0m
D (7872) wpa: 4d 3a 68 d9 97 2e 5e 2a 7b 31 43 4e 91 9b 5c cb [0m
D (7882) wpa: a2 f1 d1 dc ea 5b 79 de 72 0b 12 c4 0e 5a ac 26 [0m
D (7892) wpa: f3 0f 13 7d 19 f8 dd 8f 45 54 38 3b 66 7c 71 59 [0m
D (7892) wpa: 15 c4 14 02 ae d8 21 a9 74 e3 e4 2c b5 63 a9 fb [0m
D (7902) wpa: ff 4f ac 85 d3 54 bb cb 66 96 53 1b d0 59 dd 41 [0m
D (7902) wpa: b1 ea 51 d8 93 aa fb 1c 29 8a 6b [0m
D (7912) wpa: DDP: AES-SIV AD - hexdump(len=5):[0m
D (7912) wpa: 00 10 01 00 00 [0m
D (7922) wpa: DPP: AES-SIV cleartext - hexdump(len=123):[0m
D (7922) wpa: 14 10 10 00 f2 83 9a 36 76 9d c5 da b6 1c 76 f1 [0m
D (7932) wpa: 1a df a7 48 0c 10 63 00 7b 22 77 69 2d 66 69 5f [0m
D (7932) wpa: 74 65 63 68 22 3a 22 69 6e 66 72 61 22 2c 22 64 [0m
D (7942) wpa: 69 73 63 6f 76 65 72 79 22 3a 7b 22 73 73 69 64 [0m
D (7942) wpa: 22 3a 22 54 6f 76 61 6c 61 2d 74 75 72 72 69 73 [0m
D (7952) wpa: 22 7d 2c 22 63 72 65 64 22 3a 7b 22 61 6b 6d 22 [0m
D (7962) wpa: 3a 22 70 73 6b 22 2c 22 70 61 73 73 22 3a 22 6d [0m
D (7962) wpa: 69 63 72 6f 77 61 76 65 22 7d 7d [0m
V (7972) wpa: DPP: Attribute ID 1014 len 16[0m
V (7972) wpa: DPP: Attribute ID 100c len 99[0m
D (7982) wpa: DPP: Enrollee Nonce - hexdump(len=16):[0m
D (7982) wpa: f2 83 9a 36 76 9d c5 da b6 1c 76 f1 1a df a7 48 [0m
D (7992) wpa: DPP: Status 0[0m
D (7992) wpa: DPP: configurationObject JSON - hexdump(len=99):[0m
D (8002) wpa: 7b 22 77 69 2d 66 69 5f 74 65 63 68 22 3a 22 69 [0m
D (8002) wpa: 6e 66 72 61 22 2c 22 64 69 73 63 6f 76 65 72 79 [0m
D (8012) wpa: 22 3a 7b 22 73 73 69 64 22 3a 22 54 6f 76 61 6c [0m
D (8012) wpa: 61 2d 74 75 72 72 69 73 22 7d 2c 22 63 72 65 64 [0m
D (8022) wpa: 22 3a 7b 22 61 6b 6d 22 3a 22 70 73 6b 22 2c 22 [0m
D (8022) wpa: 70 61 73 73 22 3a 22 6d 69 63 72 6f 77 61 76 65 [0m
D (8032) wpa: 22 7d 7d [0m
V (8032) wpa: JSON: String value: 'wi-fi_tec#############[0m
V (8042) wpa: JSON: String value: 'ssid' = '#############'[0m
V (8042) wpa: JSON: String value: 'akm' = 'psk'[0m
V (8052) wpa: JSON: String value: 'pass' = '#############'[0m
D (8052) wpa: DPP: discovery::ssid - hexdump(len=13):[0m
D (8062) wpa: 54 6f 76 61 6c 61 2d 74 75 72 72 69 73 [0m
D (8062) wpa: DPP: Legacy akm=psk credential[0m
D (8072) wpa: DPP: Legacy passphrase - hexdump(len=9):[0m
D (8072) wpa: 6d 69 63 72 6f 77 61 76 65 [0m
D (8082) wpa: DPP: JSON parsing completed successfully[0m
D (8082) wpa: ELOOP: gas_query_resp_rx:337 called to remove timer handler=0x42014bdc, removed count=1[0m
V (8092) esp_adapter: thread sem get: sem=0x3fcb28a0[0m
D (8102) wifi:clear blacklist
D (8102) nvs: nvs_get_str_or_blob sta.ssid[0m
D (8112) nvs: nvs_get sta.pmf_e 1[0m#############
[0;32mI (8112) wifi dpp-enrollee: DPP Authentication successful, connecting to AP : #############[0m
V (8122) esp_adapter: thread sem get: sem=0x3fcb28a0[0m
D (8122) wifi:Start wifi connect
D (8122) wifi:connect status 0 -> 0
D (8132) wifi:connect chan=0
D (8132) wifi:first chan=6
D (8132) wifi:connect status 0 -> 1
D (8142) wifi:OFFCHAN-Tx: Ending op at 7.0, returning to Channel 1
V (8142) wifi:back home chan=<1,0>, current chan=<6,0>
V (8152) wifi:ht20 freq=2412, chan=1
D (8152) wifi:filter: set rx policy=3
D (8152) wifi:clear scan ap list
D (8162) wifi:start scan: type=0x50f, priority=2, cb=0x4205391c, arg=0x0, ss_state=0x1, time=8178058, index=0
V (8172) wifi:inter_channel_timeout: arg=0x0, ss_state=0x1
D (8172) wifi:perform scan: ss_state=0x9, chan<6,0>, dur<0,120>
V (8182) wifi:change: chan<6,0>, dur<0,120>
V (8182) wifi:ht20 freq=2437, chan=6
V (8182) wifi:enter start op, arg=0x3fc9e0aa
V (8192) wifi:scan operation: sta#############6,0>, arg=0x3fc9e0aa, status=0
V (8192) wifi:scan specific ssid=#############
V (8202) wifi:start max timer
D (8202) wifi:tx data done, now:8224384
D (8212) wifi:3011 : no offchan in progress
D (8212) wifi:woke up
D (8212) wifi:rsn valid: gcipher=3 ucipher=3 akm=9 mac=04:f0:21:8f:78:38
V (8222) wifi:updated connection retries to 0
D (8222) wpa: rsn_ie - hexdump(len=30):[0m
D (8232) wpa: 30 1c 01 00 00 0f ac 04 01 00 00 0f ac 04 03 00 [0m
D (8232) wpa: 00 0f ac 02 00 0f ac 06 00 0f ac 08 8c 00 [0m
D (8242) wifi:profile match: ss_state=0x7
V (8242) wifi:scan hist#############not full yet, add
V (8252) wifi:add ssid=#############, chan=6 to scan history
D (8252) wifi:rsn valid: gcipher=3 ucipher=3 akm=9 mac=04:f0:21:8f:78:38
D (8262) wifi:set max rate: from <rate=130, phy=3, sig=0> to <rate=144, phy=3 sig=0>
D (8262) wifi:sig_b=1, sig_g=0, sig_n=0, max_b=0, max_g=108, max_n=144
D (8272) wifi:profile match: ss_state=0#############
V (8272) wifi:update scan history ssid=#############, channel=6
D (8282) wifi:scan end: arg=0x0, status=0, ss_state=0x7
D (8292) wifi:find first mathched ssid, scan done
V (8292) wifi:back home chan=<1,0>, current chan=<6,0>
V (8292) wifi:ht20 freq=2412, chan=1
D (8302) wifi:filter: set rx policy=4
D (8302) wifi:first chan=1
V (8302) wifi:scan_done: arg=0x0, status=0, cur_time=8325253, scan_id=128, scan state=0
V (8312) wifi:call scan_done cb, arg=0x0
D (8312) wifi:handoff_cb: status=0
V (8322) wifi:best bss has set.
D (8322) wifi:ap found, mac=04:f0:21:8f:78:38
V (8322) wifi:bssid=04:f0:21:8f:78:38, LR=0
D (8332) wifi:new_bss=0x3fc9e3a8, cur_bss=0x0, new_chan=<6,0>, cur_chan=1
D (8342) wifi:filter: set rx policy=5
D (8342) wpa: WPA: set AP RSNXE - hexdump(len=3):[0m
D (8342) wpa: f4 01 20 [0m
D (8352) wpa: SAE-PK: Not a valid password (length)[0m
I (8352) wifi:new:<6,0>, old:<1,0>, ap:<255,255>, sta:<6,0>, prof:1
V (8362) wifi:ht20 freq=2437, chan=6
D (8362) wifi:connect_op: status=0, auth=9, cipher=3 
D (8372) wpa: RSN: PMKSA cache search - network_ctx=0x0 try_opportunistic=0[0m
D (8372) wpa: RSN: Search for BSSID 04:f0:21:8f:78:38[0m
D (8382) wpa: RSN: No PMKSA cache entry found[0m
D (8382) wpa: RSN: set own RSNXE - hexdump(len=3):[0m
D (8392) wpa: f4 01 20 [0m
D (8392) wifi:auth mode is not none
D (8392) wifi:connect_bss: auth=1, reconnect=0
I (8402) wifi:state: init -> auth (b0)
D (8402) wpa: SAE: Derive PT - group 19[0m
D (8402) wpa: SAE: SSID - hexdump(len=13):[0m
D (8412) wpa: 54 6f 76 61 6c 61 2d 74 75 72 72 69 73 [0m
D (8412) wpa: SAE: password - hexdump(len=9):[0m
D (8422) wpa: 6d 69 63 72 6f 77 61 76 65 [0m
D (8422) wpa: SAE: pwd-seed - hexdump(len=32):[0m
D (8432) wpa: 24 d5 57 bd e4 96 bd 57 14 22 ed c6 65 84 73 6e [0m
D (8432) wpa: de 0d 0b 5d 69 08 ba b5 03 20 2a d2 f4 f8 4f f7 [0m
D (8442) wpa: SAE: pwd-value (u1 P1) - hexdump(len=48):[0m
D (8442) wpa: 92 58 a1 b9 0e 20 ec 6d 64 2e 4f 96 a6 02 34 48 [0m
D (8452) wpa: 46 67 c4 20 3e 44 95 35 99 c1 94 63 a7 1f 5d b6 [0m
D (8452) wpa: 8f c6 8c a7 fb 9e d9 cc bb 77 62 dc d0 57 d7 a8 [0m
D (8462) wpa: SAE: u1 - hexdump(len=32):[0m
D (8462) wpa: 4b f0 6a 41 34 14 11 56 f9 48 06 3d 34 d0 21 b3 [0m
D (8472) wpa: aa 47 4c 3c 9c 18 67 f3 2d c6 9e e0 48 2f b9 cd [0m
D (8482) wpa: SSWU: m - hexdump(len=32):[0m
D (8482) wpa: 22 c4 17 f9 c9 df 82 c0 03 a0 78 b3 7b 34 9f 3f [0m
D (8492) wpa: 82 ac bc 99 23 5c a6 14 50 c2 64 20 ec 55 0d f9 [0m
D (8492) event: running post WIFI_EVENT:40 with handler 0x4200a710 and context 0x3fca7f98 on loop 0x3fca6d0c[0m
D (8492) wpa: SSWU: t - hexdump(len=32):[0m
D (8512) wpa: 99 15 5b b8 92 d4 a1 5e 25 f1 6e 3c cf 2d 45 db [0m
D (8512) wpa: 53 63 2f f3 20 e4 7a 1f e8 01 33 cf 97 bb 51 86 [0m
D (8522) wpa: SSWU: x1a = b / (z * a) - hexdump(len=32):[0m
D (8522) wpa: a5 28 bd 86 96 bd af 99 6c 65 b9 82 d9 49 59 d3 [0m
D (8532) wpa: 14 6f e6 a0 20 69 30 90 bd ba 13 13 23 75 f2 24 [0m
D (8542) wpa: SSWU: x1b = (-b/a) * (1 + t) - hexdump(len=32):[0m
D (8542) wpa: c6 40 cf 89 cb 99 32 70 6b b9 9c 24 16 be c7 95 [0m
D (8552) wpa: 4f a6 cf aa 95 9b e5 be ce ff 0c 43 85 49 d4 e1 [0m
D (8552) wpa: SSWU: x1 = CSEL(l, x1a, x1b) - hexdump(len=32):[0m
D (8562) wpa: c6 40 cf 89 cb 99 32 70 6b b9 9c 24 16 be c7 95 [0m
D (8562) wpa: 4f a6 cf aa 95 9b e5 be ce ff 0c 43 85 49 d4 e1 [0m
D (8572) wpa: SSWU: gx1 = x1^3 + a * x1 + b - hexdump(len=32):[0m
D (8582) wpa: 94 d6 6c 53 de 50 f1 d4 f8 67 54 5b 51 cb 2f 23 [0m
D (8582) wpa: 45 4c fe 21 1b 65 7f 77 15 b6 7e cc 00 d2 ce cb [0m
D (8592) wpa: SSWU: x2 = z * u^2 * x1 - hexdump(len=32):[0m
D (8592) wpa: c9 6b be c4 9f 34 ee a6 da 1d 5f f3 79 20 d7 c0 [0m
D (8602) wpa: 92 44 1f 5b 53 b1 d5 7a c3 d2 d2 d8 af 73 9a e4 [0m
D (8612) wpa: SSWU: gx2 = x2^3 + a * x2 + b - hexdump(len=32):[0m
D (8612) wpa: d1 65 2c 8a 83 fb c5 66 72 39 75 5c 52 41 1c 9b [0m
D (8622) wpa: b5 5b 3a ba 02 bb 27 f0 00 6d 50 37 35 a3 c3 60 [0m
D (8622) wpa: SSWU: gx1^((p-1)/2) modulo p - hexdump(len=32):[0m
D (8632) wpa: 7f ff ff ff 80 00 00 00 80 00 00 00 00 00 00 00 [0m
D (8632) wpa: 00 00 00 00 7f ff ff ff ff ff ff ff ff ff ff ff [0m
D (8642) wpa: SSWU: v = CSEL(l, gx1, gx2) - hexdump(len=32):[0m
D (8652) wpa: d1 65 2c 8a 83 fb c5 66 72 39 75 5c 52 41 1c 9b [0m
D (8652) wpa: b5 5b 3a ba 02 bb 27 f0 00 6d 50 37 35 a3 c3 60 [0m
D (8662) wpa: SSWU: x = CSEL(l, x1, x2) - hexdump(len=32):[0m
D (8662) wpa: c9 6b be c4 9f 34 ee a6 da 1d 5f f3 79 20 d7 c0 [0m
D (8672) wpa: 92 44 1f 5b 53 b1 d5 7a c3 d2 d2 d8 af 73 9a e4 [0m
D (8682) wpa: SSWU: y = sqrt(v) - hexdump(len=32):[0m
D (8682) wpa: be d9 68 dd bd 84 b3 ea 6d 35 08 41 5a 02 06 50 [0m
D (8692) wpa: 7f c9 79 3a 65 31 13 db b1 d8 13 1e ce cf bd c5 [0m
D (8692) wpa: SSWU: p - y - hexdump(len=32):[0m
D (8702) wpa: 41 26 97 21 42 7b 4c 16 92 ca f7 be a5 fd f9 af [0m
D (8702) wpa: 80 36 86 c6 9a ce ec 24 4e 27 ec e1 31 30 42 3a [0m
D (8712) wpa: SSWU: P.x - hexdump(len=32):[0m
D (8712) wpa: c9 6b be c4 9f 34 ee a6 da 1d 5f f3 79 20 d7 c0 [0m
D (8722) wpa: 92 44 1f 5b 53 b1 d5 7a c3 d2 d2 d8 af 73 9a e4 [0m
D (8722) wpa: SSWU: P.y - hexdump(len=32):[0m
D (8732) wpa: be d9 68 dd bd 84 b3 ea 6d 35 08 41 5a 02 06 50 [0m
D (8732) wpa: 7f c9 79 3a 65 31 13 db b1 d8 13 1e ce cf bd c5 [0m
D (8742) wpa: SAE: pwd-value (u2 P2) - hexdump(len=48):[0m
D (8752) wpa: fc ec 6e 65 4a 25 1a a9 10 91 53 f0 45 f5 e4 22 [0m
D (8752) wpa: 4e b9 e6 9b 09 a0 25 6d 36 32 4b 87 6e db af b0 [0m
D (8762) wpa: ef c4 3a 0d 6a aa e5 5c 49 e8 a2 95 8a 0c 47 92 [0m
D (8762) wpa: SAE: u2 - hexdump(len=32):[0m
D (8772) wpa: 4d 9e 41 ad b3 18 ed 5a ef 20 c2 79 14 25 41 19 [0m
D (8772) wpa: 93 15 de c7 b1 bc 6e 6a a4 9f 11 2d e3 a7 11 3e [0m
D (8782) wpa: SSWU: m - hexdump(len=32):[0m
D (8782) wpa: df ea e1 b5 24 db 64 e2 af 65 a4 aa 8c 0c e5 f7 [0m
D (8792) wpa: 40 b2 d9 be 54 97 5e 8c 55 96 3d ee 17 a9 95 bb [0m
D (8802) wpa: SSWU: t - hexdump(len=32):[0m
D (8802) wpa: 3f a7 25 21 f0 e8 4e 5c fc 8a 49 21 e3 13 0f 0b [0m
D (8802) wpa: 41 86 bb 64 19 ae 13 45 96 85 50 be 16 57 f3 16 [0m
D (8812) wpa: SSWU: x1a = b / (z * a) - hexdump(len=32):[0m
D (8822) wpa: a5 28 bd 86 96 bd af 99 6c 65 b9 82 d9 49 59 d3 [0m
D (8822) wpa: 14 6f e6 a0 20 69 30 90 bd ba 13 13 23 75 f2 24 [0m
D (8832) wpa: SSWU: x1b = (-b/a) * (1 + t) - hexdump(len=32):[0m
D (8832) wpa: b5 21 84 1c 2d b5 19 95 3c a3 8d 22 04 86 3d dc [0m
D (8842) wpa: 81 fb 2d ed 2a db 6f e4 7a a3 8a 09 47 5f e7 88 [0m
D (8852) wpa: SSWU: x1 = CSEL(l, x1a, x1b) - hexdump(len=32):[0m
D (8852) wpa: b5 21 84 1c 2d b5 19 95 3c a3 8d 22 04 86 3d dc [0m
D (8862) wpa: 81 fb 2d ed 2a db 6f e4 7a a3 8a 09 47 5f e7 88 [0m
D (8862) wpa: SSWU: gx1 = x1^3 + a * x1 + b - hexdump(len=32):[0m
D (8872) wpa: 6a 75 85 6d 9e 7c 9a c9 5a fc 5c 7d aa b7 00 23 [0m
D (8882) wpa: 71 ee 0b db 40 f5 1d 3f 8f 48 b1 77 2a 88 78 47 [0m
D (8882) wpa: SSWU: x2 = z * u^2 * x1 - hexdump(len=32):[0m
D (8892) wpa: 98 b2 9a 5d b8 ae db dc 18 2e 64 ba 78 4e 8a 3d [0m
D (8892) wpa: 19 cd 55 93 e0 1a c3 d0 77 6f 9e a1 ce 84 8d bb [0m
D (8902) wpa: SSWU: gx2 = x2^3 + a * x2 + b - hexdump(len=32):[0m
D (8902) wpa: a7 c4 95 b1 0a ba 37 1c 7d 33 9c 0a b3 ae 1e 22 [0m
D (8912) wpa: 89 d4 37 6f fc 03 cb f0 7b 25 ca 49 56 ed 4d 57 [0m
D (8922) wpa: SSWU: gx1^((p-1)/2) modulo p - hexdump(len=32):[0m
D (8922) wpa: 7f ff ff ff 80 00 00 00 80 00 00 00 00 00 00 00 [0m
D (8932) wpa: 00 00 00 00 7f ff ff ff ff ff ff ff ff ff ff ff [0m
D (8932) wpa: SSWU: v = CSEL(l, gx1, gx2) - hexdump(len=32):[0m
D (8942) wpa: 6a 75 85 6d 9e 7c 9a c9 5a fc 5c 7d aa b7 00 23 [0m
D (8952) wpa: 71 ee 0b db 40 f5 1d 3f 8f 48 b1 77 2a 88 78 47 [0m
D (8952) wpa: SSWU: x = CSEL(l, x1, x2) - hexdump(len=32):[0m
D (8962) wpa: b5 21 84 1c 2d b5 19 95 3c a3 8d 22 04 86 3d dc [0m
D (8962) wpa: 81 fb 2d ed 2a db 6f e4 7a a3 8a 09 47 5f e7 88 [0m
D (8972) wpa: SSWU: y = sqrt(v) - hexdump(len=32):[0m
D (8972) wpa: ec 60 53 ed 22 59 75 f3 f9 9b e6 34 94 78 e2 84 [0m
D (8982) wpa: f1 b4 90 f6 c1 40 d8 84 33 0f b7 a3 8f e6 91 41 [0m
D (8992) wpa: SSWU: p - y - hexdump(len=32):[0m
D (8992) wpa: 13 9f ac 11 dd a6 8a 0d 06 64 19 cb 6b 87 1d 7b [0m
D (9002) wpa: 0e 4b 6f 0a 3e bf 27 7b cc f0 48 5c 70 19 6e be [0m
D (9002) wpa: SSWU: P.x - hexdump(len=32):[0m
D (9012) wpa: b5 21 84 1c 2d b5 19 95 3c a3 8d 22 04 86 3d dc [0m
D (9012) wpa: 81 fb 2d ed 2a db 6f e4 7a a3 8a 09 47 5f e7 88 [0m
D (9022) wpa: SSWU: P.y - hexdump(len=32):[0m
D (9022) wpa: 13 9f ac 11 dd a6 8a 0d 06 64 19 cb 6b 87 1d 7b [0m
D (9032) wpa: 0e 4b 6f 0a 3e bf 27 7b cc f0 48 5c 70 19 6e be [0m
D (9042) wpa: SAE: Selecting supported ECC group 19[0m
D (9042) wpa: SAE: Derive PWE from PT[0m
D (9042) wpa: SAE: PT.x - hexdump(len=32):[0m
D (9052) wpa: 5e 56 ac 85 c2 72 a4 cd 38 6d a8 06 8b 16 c1 43 [0m
D (9052) wpa: e0 2d 20 99 89 dc 11 35 ae dc a3 49 a1 83 d7 88 [0m
D (9062) wpa: SAE: PT.y - hexdump(len=32):[0m
D (9062) wpa: aa fa 7a f5 02 2c 8c e9 b1 48 10 ff c1 08 00 d3 [0m
D (9072) wpa: ad 99 e5 1b 07 39 e7 cd 99 28 0e 5b 6b 2c 1f 43 [0m
D (9072) wpa: SAE: val = H(0^n, MAX(addrs) || MIN(addrs))[0m
D (9082) wpa: SAE: val - hexdump(len=32):[0m
D (9082) wpa: fd 57 57 36 8e 3c 67 38 67 51 7b 06 72 d2 0a c2 [0m
D (9092) wpa: 15 06 a4 7a 4f d1 c8 94 80 82 fe c2 50 08 27 0f [0m
D (9102) wpa: SAE: val(reduced to 1..q-1) - hexdump(len=32):[0m
D (9102) wpa: fd 57 57 36 8e 3c 67 38 67 51 7b 06 72 d2 0a c2 [0m
D (9112) wpa: 15 06 a4 7a 4f d1 c8 94 80 82 fe c2 50 08 27 10 [0m
D (9272) wpa: SAE: PWE.x - hexdump(len=32):[0m
D (9272) wpa: d5 06 0e 8d 73 a9 23 d7 5f 4b a4 c1 ad 4d 48 23 [0m
D (9272) wpa: b8 52 ef 6a 16 14 7f 2f 34 46 5c ef cc 8f ff 48 [0m
D (9272) wpa: SAE: PWE.y - hexdump(len=32):[0m
D (9282) wpa: c6 c2 8a b3 39 d2 5a 4f 49 b4 9b c1 c9 ba df 48 [0m
D (9282) wpa: c5 8a 58 bd 46 f0 76 7c 13 04 7a 7e da b1 4f 81 [0m
D (9442) wpa: SAE: own commit-scalar - hexdump(len=32):[0m
D (9442) wpa: 1e be 43 cf a2 95 85 fb eb f6 db 8e df de d2 fc [0m
D (9442) wpa: ea d9 e3 b3 ab 99 4d f1 e5 5e 40 b0 f4 66 bd 10 [0m
D (9452) wpa: SAE: own commit-element(x) - hexdump(len=32):[0m
D (9452) wpa: c5 ab b3 b4 b1 60 3b 3f c4 e1 c0 70 e4 3b b9 2a [0m
D (9462) wpa: 00 1d a0 2e 6d 07 3d a1 ff 4e 79 01 db 08 c6 98 [0m
D (9472) wpa: SAE: own commit-element(y) - hexdump(len=32):[0m
D (9472) wpa: 37 91 f6 c9 e2 22 0e 7a f5 f4 95 1d 0e fd 33 a9 [0m
D (9482) wpa: 7a 8a 19 da 16 cf b4 79 76 6a 5e 8a 40 79 22 8e [0m
D (9482) wifi:start 1s AUTH timer
D (9492) wifi:clear scan ap list
D (9492) wifi:tx data done, now:9512791
D (9492) wifi:3011 : no offchan in progress
D (9502) wifi:woke up
D (9502) wifi:recv auth: seq=1, status=126
D (9502) wpa: SAE: Peer commit-scalar - hexdump(len=32):[0m
D (9512) wpa: d5 41 ac cf b3 1e a2 27 67 28 12 76 b0 dc 54 8c [0m
D (9512) wpa: 0e 92 da bf 9c 5b 23 96 5e aa 4f 26 12 f8 55 75 [0m
D (9522) wpa: SAE: Peer commit-element(x) - hexdump(len=32):[0m
D (9532) wpa: c6 9c a1 24 86 23 13 d4 a2 c1 5e ae 6e 6b bf ca [0m
D (9532) wpa: fe 06 d6 85 4b 00 91 c8 b5 98 6b 5d 9f 90 31 39 [0m
D (9542) wpa: SAE: Peer commit-element(y) - hexdump(len=32):[0m
D (9542) wpa: 63 7b ff 67 8a 6f d1 50 d4 5e 30 7f a5 5b f3 29 [0m
D (9552) wpa: b3 0a 0f af d7 f5 a0 d1 19 27 d2 47 29 c9 de ee [0m
D (9562) wpa: SAE: Possible elements at the end of the frame - hexdump(len=0):[0m
D (9562) wpa: SAE: Possible elements at the end of the frame - hexdump(len=0):[0m
D (9572) wpa: SAE: Possible elements at the end of the frame - hexdump(len=0):[0m
D (9582) wpa: SAE: Possible elements at the end of the frame - hexdump(len=0):[0m
D (9902) wpa: SAE: k - hexdump(len=32):[0m
D (9902) wpa: f6 8e 13 b6 6e 26 c4 d1 bf 6d cc c4 19 7c 14 88 [0m
D (9902) wpa: 4a 75 d9 ad c0 56 93 3d 14 76 ee 1c cc 1b 62 65 [0m
D (9902) wpa: SAE: salt for keyseed derivation - hexdump(len=32):[0m
D (9912) wpa: 00 00 00 00 00 00 00 00 00 00 00 00 00 00 00 00 [0m
D (9912) wpa: 00 00 00 00 00 00 00 00 00 00 00 00 00 00 00 00 [0m
D (9922) wpa: SAE: keyseed - hexdump(len=32):[0m
D (9922) wpa: 1e 71 ef 94 be 6a a4 cb ae bc b3 76 8d 06 cb 01 [0m
D (9932) wpa: 52 34 82 0a f4 7b 9f c2 c8 8f ba 18 0f e3 19 83 [0m
D (9942) wpa: SAE: PMKID - hexdump(len=16):[0m
D (9942) wpa: f3 ff f0 9f 55 b4 28 23 53 1e ee 05 90 bb 27 88 [0m
D (9952) wpa: SAE: KCK - hexdump(len=32):[0m
D (9952) wpa: 60 24 f8 27 e1 13 9e e2 3e e6 65 f9 ef 2f a0 dc [0m
D (9962) wpa: bd 9a b6 82 2a d6 00 16 9d dc 3d 41 5c 8c f6 a7 [0m
D (9962) wpa: SAE: PMK - hexdump(len=32):[0m
D (9972) wpa: a4 80 c2 a7 b7 13 eb a9 7f d5 8d 41 15 ec 03 9d [0m
D (9972) wpa: 49 f3 1a ca 80 96 c3 e2 fb 94 1d b4 a5 6c 99 cc [0m
D (9982) wifi:tx data done, now:10002297
D (9982) wifi:3011 : no offchan in progress
D (9992) wifi:woke up
D (9992) wifi:recv auth: seq=2, status=0
D (9992) wpa: SAE: peer-send-confirm 65535[0m
D (10002) wpa: ELOOP: pmksa_cache_set_expiration:76 called to remove timer handler=0x4202c328, removed count=0[0m
D (10012) wpa: ELOOP: Added one timer from pmksa_cache_set_expiration:85 to call 0x4202c328, current order=0[0m
D (10022) wpa: RSN: Added PMKSA cache entry for 04:f0:21:8f:78:38 network_ctx=0x0[0m
I (10022) wifi:state: auth -> assoc (0)
D (10032) wifi:tx data done, now:10050333
D (10032) wifi:3011 : no offchan in progress
D (10032) wifi:woke up
D (10042) wifi:recv assoc: type=0x10
I (10042) wifi:Association refused temporarily, comeback time 1000 (TUs)
D (10052) wpa: WPA: Association event - clear replay counter[0m
D (10052) wpa: WPA: Clear old PTK[0m
I (11072) wifi:state: assoc -> assoc (0)
D (11072) wifi:tx data done, now:11094480
D (11072) wifi:3011 : no offchan in progress
D (11072) wifi:woke up
D (11122) wifi:recv assoc: type=0x10
D (11122) wifi:filter: set rx policy=6
I (11122) wifi:state: assoc -> run (10)
D (11122) wifi:start 10s connect timer for 4 way handshake
D (11132) wpa: WPA: Association event - clear replay counter[0m
D (11132) wpa: WPA: Clear old PTK[0m
V (11132) wifi:wpa_psk start
D (11142) wpa: IEEE 802.1X RX: version=2 type=3 length=117[0m
V (11142) wpa: WPA: RX EAPOL-Key - hexdump(len=121):[0m
V (11152) wpa: 02 03 00 75 02 00 88 00 10 00 00 00 00 00 00 00 [0m
V (11152) wpa: 0a 39 f2 61 e0 db aa 10 55 ab be b9 a6 8e 98 29 [0m
V (11162) wpa: ed 81 99 50 af d8 96 39 fa e2 47 55 bc e4 9a 41 [0m
V (11172) wpa: db 00 00 00 00 00 00 00 00 00 00 00 00 00 00 00 [0m
V (11172) wpa: 00 00 00 00 00 00 00 00 00 00 00 00 00 00 00 00 [0m
V (11182) wpa: 00 00 00 00 00 00 00 00 00 00 00 00 00 00 00 00 [0m
V (11182) wpa: 00 00 16 dd 14 00 0f ac 04 f3 ff f0 9f 55 b4 28 [0m
V (11192) wpa: 23 53 1e ee 05 90 bb 27 88 [0m
D (11192) wpa:   EAPOL-Key type=2[0m
D (11202) wpa:   key_info 0x88 (ver=0 keyidx=0 rsvd=0 Pairwise Ack)[0m
D (11202) wpa:   key_length=16 key_data_length=22[0m
D (11212) wpa:   replay_counter - hexdump(len=8):[0m
D (11212) wpa: 00 00 00 00 00 00 00 0a [0m
D (11222) wpa:   key_nonce - hexdump(len=32):[0m
D (11222) wpa: 39 f2 61 e0 db aa 10 55 ab be b9 a6 8e 98 29 ed [0m
D (11232) wpa: 81 99 50 af d8 96 39 fa e2 47 55 bc e4 9a 41 db [0m
D (11232) wpa:   key_iv - hexdump(len=16):[0m
D (11242) wpa: 00 00 00 00 00 00 00 00 00 00 00 00 00 00 00 00 [0m
D (11242) wpa:   key_rsc - hexdump(len=8):[0m
D (11252) wpa: 00 00 00 00 00 00 00 00 [0m
D (11252) wpa:   key_id (reserved) - hexdump(len=8):[0m
D (11262) wpa: 00 00 00 00 00 00 00 00 [0m
D (11262) wpa:   key_mic - hexdump(len=16):[0m
D (11262) wpa: 00 00 00 00 00 00 00 00 00 00 00 00 00 00 00 00 [0m
D (11272) wpa: WPA 1/4-Way Handshake[0m
D (11272) wpa: RSN: msg 1/4 key data - hexdump(len=22):[0m
D (11282) wpa: dd 14 00 0f ac 04 f3 ff f0 9f 55 b4 28 23 53 1e [0m
D (11292) wpa: ee 05 90 bb 27 88 [0m
D (11292) wpa: WPA: PMKID in EAPOL-Key - hexdump(len=22):[0m
D (11292) wpa: dd 14 00 0f ac 04 f3 ff f0 9f 55 b4 28 23 53 1e [0m
D (11302) wpa: ee 05 90 bb 27 88 [0m
D (11302) wpa: RSN: PMKID from Authenticator - hexdump(len=16):[0m
D (11312) wpa: f3 ff f0 9f 55 b4 28 23 53 1e ee 05 90 bb 27 88 [0m
D (11322) wpa: RSN: found matching PMKID from PMKSA cache[0m
D (11322) wpa: RSN: matched PMKID - hexdump(len=16):[0m
D (11332) wpa: f3 ff f0 9f 55 b4 28 23 53 1e ee 05 90 bb 27 88 [0m
D (11332) wpa: RSN: PMK from PMKSA cache - hexdump(len=32):[0m
D (11342) wpa: a4 80 c2 a7 b7 13 eb a9 7f d5 8d 41 15 ec 03 9d [0m
D (11342) wpa: 49 f3 1a ca 80 96 c3 e2 fb 94 1d b4 a5 6c 99 cc [0m
D (11352) wpa: WPA: Renewed SNonce - hexdump(len=32):[0m
D (11362) wpa: a7 50 ed 77 6a 3e 34 7b 5d 7a b9 3a d3 cd a6 c1 [0m
D (11362) wpa: 0b fb f6 92 2b fa 87 91 26 5a 43 c2 06 1c 39 b9 [0m
D (11372) wpa: WPA: PTK derivation - A1=84:fc:e6:7b:73:b8 A2=04:f0:21:8f:78:38
[0m
V (11372) wpa: WPA: PMK - hexdump(len=32):[0m
V (11382) wpa: a4 80 c2 a7 b7 13 eb a9 7f d5 8d 41 15 ec 03 9d [0m
V (11382) wpa: 49 f3 1a ca 80 96 c3 e2 fb 94 1d b4 a5 6c 99 cc [0m
D (11392) wpa: WPA: PTK - hexdump(len=48):[0m
D (11392) wpa: 92 8e d6 5e ac 57 1b b2 43 92 86 ed ac 78 f3 69 [0m
D (11402) wpa: 29 22 63 9a 07 ce 85 46 e2 f1 5e 3f 87 83 c5 ed [0m
D (11412) wpa: 8f 9c 90 b2 ef 37 59 15 07 68 d1 c0 a7 74 95 48 [0m
D (11412) wpa: WPA: KCK - hexdump(len=16):[0m
D (11422) wpa: 92 8e d6 5e ac 57 1b b2 43 92 86 ed ac 78 f3 69 [0m
D (11422) wpa: WPA: KEK - hexdump(len=16):[0m
D (11432) wpa: 29 22 63 9a 07 ce 85 46 e2 f1 5e 3f 87 83 c5 ed [0m
D (11432) wpa: WPA: TK - hexdump(len=16):[0m
D (11442) wpa: 8f 9c 90 b2 ef 37 59 15 07 68 d1 c0 a7 74 95 48 [0m
V (11442) wpa: WPA: WPA IE for msg 2/4
 - hexdump(len=31):[0m
V (11452) wpa: 30 1a 01 00 00 0f ac 04 01 00 00 0f ac 04 01 00 [0m
V (11452) wpa: 00 0f ac 08 c0 04 00 00 00 0f ac 06 f4 01 20 [0m
D (11462) wpa: WPA Send EAPOL-Key 2/4[0m
D (11472) wpa: WPA: KCK - hexdump(len=16):[0m
D (11472) wpa: 92 8e d6 5e ac 57 1b b2 43 92 86 ed ac 78 f3 69 [0m
D (11472) wpa: WPA: Derived Key MIC - hexdump(len=16):[0m
D (11482) wpa: b7 90 83 54 cc 0c 9f c1 45 1b 80 49 00 bc b4 0b [0m
V (11492) wpa: WPA: TX EAPOL-Key - hexdump(len=130):[0m
V (11492) wpa: 01 03 00 7e 02 01 08 00 00 00 00 00 00 00 00 00 [0m
V (11502) wpa: 0a a7 50 ed 77 6a 3e 34 7b 5d 7a b9 3a d3 cd a6 [0m
V (11502) wpa: c1 0b fb f6 92 2b fa 87 91 26 5a 43 c2 06 1c 39 [0m
V (11512) wpa: b9 00 00 00 00 00 00 00 00 00 00 00 00 00 00 00 [0m
V (11512) wpa: 00 00 00 00 00 00 00 00 00 00 00 00 00 00 00 00 [0m
V (11522) wpa: 00 b7 90 83 54 cc 0c 9f c1 45 1b 80 49 00 bc b4 [0m
V (11532) wpa: 0b 00 1f 30 1a 01 00 00 0f ac 04 01 00 00 0f ac [0m
V (11532) wpa: 04 01 00 00 0f ac 08 c0 04 00 00 00 0f ac 06 f4 [0m
V (11542) wpa: 01 20 [0m
V (11542) wifi:wpa_psk handle succeed
D (11542) wifi:tx data done, now:11566438
D (11552) wifi:woke up
D (11552) wpa: 2/4 txcb, flags=0, txfail 0[0m
D (11552) wifi:tx data done, now:11576254
D (11562) wifi:3011 : no offchan in progress
D (11562) wifi:woke up
V (11562) wifi:wpa_psk start
D (11572) wpa: IEEE 802.1X RX: version=2 type=3 length=191[0m
V (11572) wpa: WPA: RX EAPOL-Key - hexdump(len=195):[0m
V (11582) wpa: 02 03 00 bf 02 13 c8 00 10 00 00 00 00 00 00 00 [0m
V (11582) wpa: 0b 39 f2 61 e0 db aa 10 55 ab be b9 a6 8e 98 29 [0m
V (11592) wpa: ed 81 99 50 af d8 96 39 fa e2 47 55 bc e4 9a 41 [0m
V (11602) wpa: db 00 00 00 00 00 00 00 00 00 00 00 00 00 00 00 [0m
V (11602) wpa: 00 00 00 00 00 00 00 00 00 00 00 00 00 00 00 00 [0m
V (11612) wpa: 00 b3 30 24 ed 5a fd 9a 76 7d 6f 4f 78 fa 70 e8 [0m
V (11612) wpa: 87 00 60 48 99 20 06 87 08 3a a8 4d 5f c9 e9 95 [0m
V (11622) wpa: 3a 90 f5 ad 56 0e 99 9b 96 f0 b3 04 01 0f 2a 72 [0m
V (11632) wpa: 23 75 00 e0 43 a1 2f 6a 86 08 74 5b 2e ab a2 6f [0m
V (11632) wpa: 25 61 b4 a7 a6 73 32 93 f7 4b ae 03 9c 46 72 97 [0m
V (11642) wpa: 29 57 87 a1 da b0 05 31 c9 10 20 0a 4c 19 79 27 [0m
V (11642) wpa: 88 f5 01 04 1e d8 7a 96 14 3d 3e 13 59 65 2b 0e [0m
V (11652) wpa: 5d c6 0b [0m
D (11652) wpa:   EAPOL-Key type=2[0m
D (11662) wpa:   key_info 0x13c8 (ver=0 keyidx=0 rsvd=0 Pairwise Install Ack MIC Secure Encr)[0m
D (11662) wpa:   key_length=16 key_data_length=96[0m
D (11672) wpa:   replay_counter - hexdump(len=8):[0m
D (11672) wpa: 00 00 00 00 00 00 00 0b [0m
D (11682) wpa:   key_nonce - hexdump(len=32):[0m
D (11682) wpa: 39 f2 61 e0 db aa 10 55 ab be b9 a6 8e 98 29 ed [0m
D (11692) wpa: 81 99 50 af d8 96 39 fa e2 47 55 bc e4 9a 41 db [0m
D (11692) wpa:   key_iv - hexdump(len=16):[0m
D (11702) wpa: 00 00 00 00 00 00 00 00 00 00 00 00 00 00 00 00 [0m
D (11702) wpa:   key_rsc - hexdump(len=8):[0m
D (11712) wpa: 00 00 00 00 00 00 00 00 [0m
D (11712) wpa:   key_id (reserved) - hexdump(len=8):[0m
D (11722) wpa: 00 00 00 00 00 00 00 00 [0m
D (11722) wpa:   key_mic - hexdump(len=16):[0m
D (11732) wpa: b3 30 24 ed 5a fd 9a 76 7d 6f 4f 78 fa 70 e8 87 [0m
D (11732) wpa: RSN: encrypted key data - hexdump(len=96):[0m
D (11742) wpa: 48 99 20 06 87 08 3a a8 4d 5f c9 e9 95 3a 90 f5 [0m
D (11742) wpa: ad 56 0e 99 9b 96 f0 b3 04 01 0f 2a 72 23 75 00 [0m
D (11752) wpa: e0 43 a1 2f 6a 86 08 74 5b 2e ab a2 6f 25 61 b4 [0m
D (11752) wpa: a7 a6 73 32 93 f7 4b ae 03 9c 46 72 97 29 57 87 [0m
D (11762) wpa: a1 da b0 05 31 c9 10 20 0a 4c 19 79 27 88 f5 01 [0m
D (11772) wpa: 04 1e d8 7a 96 14 3d 3e 13 59 65 2b 0e 5d c6 0b [0m
D (11782) wpa: WPA: decrypted EAPOL-Key key data - hexdump(len=88):[0m
D (11782) wpa: 30 1c 01 00 00 0f ac 04 01 00 00 0f ac 04 03 00 [0m
D (11782) wpa: 00 0f ac 02 00 0f ac 06 00 0f ac 08 8c 00 f4 01 [0m
D (11792) wpa: 20 dd 16 00 0f ac 01 01 00 f7 7d 3d 8c 54 39 98 [0m
D (11802) wpa: a8 fd 27 b6 32 3e 14 09 0b dd 1c 00 0f ac 09 04 [0m
D (11802) wpa: 00 00 00 00 00 00 00 e2 47 7f 2e 25 ba 9b 00 56 [0m
D (11812) wpa: 10 63 1d a1 29 5e bb dd [0m
D (11812) wpa: WPA 3/4-Way Handshake[0m
D (11822) wpa: WPA: RSN IE in EAPOL-Key - hexdump(len=30):[0m
D (11822) wpa: 30 1c 01 00 00 0f ac 04 01 00 00 0f ac 04 03 00 [0m
D (11832) wpa: 00 0f ac 02 00 0f ac 06 00 0f ac 08 8c 00 [0m
D (11832) wpa: WPA: RSNXE in EAPOL-Key - hexdump(len=3):[0m
D (11842) wpa: f4 01 20 [0m
D (11842) wpa: WPA: GTK in EAPOL-Key - hexdump(len=24):[0m
D (11852) wpa: dd 16 00 0f ac 01 01 00 f7 7d 3d 8c 54 39 98 a8 [0m
D (11852) wpa: fd 27 b6 32 3e 14 09 0b [0m
D (11862) wpa: WPA: IGTK in EAPOL-Key - hexdump(len=30):[0m
D (11862) wpa: dd 1c 00 0f ac 09 04 00 00 00 00 00 00 00 e2 47 [0m
D (11872) wpa: 7f 2e 25 ba 9b 00 56 10 63 1d a1 29 5e bb [0m
D (11872) wpa: WPA: IE KeyData - hexdump(len=88):[0m
D (11882) wpa: 30 1c 01 00 00 0f ac 04 01 00 00 0f ac 04 03 00 [0m
D (11882) wpa: 00 0f ac 02 00 0f ac 06 00 0f ac 08 8c 00 f4 01 [0m
D (11892) wpa: 20 dd 16 00 0f ac 01 01 00 f7 7d 3d 8c 54 39 98 [0m
D (11902) wpa: a8 fd 27 b6 32 3e 14 09 0b dd 1c 00 0f ac 09 04 [0m
D (11902) wpa: 00 00 00 00 00 00 00 e2 47 7f 2e 25 ba 9b 00 56 [0m
D (11912) wpa: 10 63 1d a1 29 5e bb dd [0m
D (11912) wpa: WPA: RSC - hexdump(len=8):[0m
D (11922) wpa: 00 00 00 00 00 00 00 00 [0m
D (11922) wpa: RSN: received GTK in pairwise handshake - hexdump(len=18):[0m
D (11932) wpa: 01 00 f7 7d 3d 8c 54 39 98 a8 fd 27 b6 32 3e 14 [0m
D (11932) wpa: 09 0b [0m
D (11942) wpa: WPA: IGTK keyid 4 pn 000000000000[0m
D (11942) wpa: WPA: IGTK - hexdump(len=16):[0m
D (11942) wpa: e2 47 7f 2e 25 ba 9b 00 56 10 63 1d a1 29 5e bb [0m
D (11952) wpa: tx 4/4 txcb_flags=8192[0m
D (11952) wpa: WPA Send EAPOL-Key 4/4[0m
D (11962) wpa: WPA: KCK - hexdump(len=16):[0m
D (11962) wpa: 92 8e d6 5e ac 57 1b b2 43 92 86 ed ac 78 f3 69 [0m
D (11972) wpa: WPA: Derived Key MIC - hexdump(len=16):[0m
D (11972) wpa: 2f a2 c3 e1 db f6 87 91 ac 9e f0 8d 70 9a ec 59 [0m
V (11982) wpa: WPA: TX EAPOL-Key - hexdump(len=99):[0m
V (11982) wpa: 01 03 00 5f 02 03 08 00 00 00 00 00 00 00 00 00 [0m
V (11992) wpa: 0b 00 00 00 00 00 00 00 00 00 00 00 00 00 00 00 [0m
V (12002) wpa: 00 00 00 00 00 00 00 00 00 00 00 00 00 00 00 00 [0m
V (12002) wpa: 00 00 00 00 00 00 00 00 00 00 00 00 00 00 00 00 [0m
V (12012) wpa: 00 00 00 00 00 00 00 00 00 00 00 00 00 00 00 00 [0m
V (12012) wpa: 00 2f a2 c3 e1 db f6 87 91 ac 9e f0 8d 70 9a ec [0m
V (12022) wpa: 59 00 00 [0m
V (12022) wifi:wpa_psk handle succeed
V (12032) wifi:wpa_psk start
D (12032) wpa: IEEE 802.1X RX: version=2 type=3 length=191[0m
V (12032) wpa: WPA: RX EAPOL-Key - hexdump(len=195):[0m
V (12042) wpa: 02 03 00 bf 02 13 c8 00 10 00 00 00 00 00 00 00 [0m
V (12042) wpa: 0c 39 f2 61 e0 db aa 10 55 ab be b9 a6 8e 98 29 [0m
V (12052) wpa: ed 81 99 50 af d8 96 39 fa e2 47 55 bc e4 9a 41 [0m
V (12062) wpa: db 00 00 00 00 00 00 00 00 00 00 00 00 00 00 00 [0m
V (12062) wpa: 00 00 00 00 00 00 00 00 00 00 00 00 00 00 00 00 [0m
V (12072) wpa: 00 6b f1 40 15 ba e5 2a bc ef a4 08 4d 8f 61 e6 [0m
V (12072) wpa: d7 00 60 48 99 20 06 87 08 3a a8 4d 5f c9 e9 95 [0m
V (12082) wpa: 3a 90 f5 ad 56 0e 99 9b 96 f0 b3 04 01 0f 2a 72 [0m
V (12092) wpa: 23 75 00 e0 43 a1 2f 6a 86 08 74 5b 2e ab a2 6f [0m
V (12092) wpa: 25 61 b4 a7 a6 73 32 93 f7 4b ae 03 9c 46 72 97 [0m
V (12102) wpa: 29 57 87 a1 da b0 05 31 c9 10 20 0a 4c 19 79 27 [0m
V (12102) wpa: 88 f5 01 04 1e d8 7a 96 14 3d 3e 13 59 65 2b 0e [0m
V (12112) wpa: 5d c6 0b [0m
D (12112) wpa:   EAPOL-Key type=2[0m
D (12122) wpa:   key_info 0x13c8 (ver=0 keyidx=0 rsvd=0 Pairwise Install Ack MIC Secure Encr)[0m
D (12132) wpa:   key_length=16 key_data_length=96[0m
D (12132) wpa:   replay_counter - hexdump(len=8):[0m
D (12132) wpa: 00 00 00 00 00 00 00 0c [0m
D (12142) wpa:   key_nonce - hexdump(len=32):[0m
D (12142) wpa: 39 f2 61 e0 db aa 10 55 ab be b9 a6 8e 98 29 ed [0m
D (12152) wpa: 81 99 50 af d8 96 39 fa e2 47 55 bc e4 9a 41 db [0m
D (12162) wpa:   key_iv - hexdump(len=16):[0m
D (12162) wpa: 00 00 00 00 00 00 00 00 00 00 00 00 00 00 00 00 [0m
D (12172) wpa:   key_rsc - hexdump(len=8):[0m
D (12172) wpa: 00 00 00 00 00 00 00 00 [0m
D (12172) wpa:   key_id (reserved) - hexdump(len=8):[0m
D (12182) wpa: 00 00 00 00 00 00 00 00 [0m
D (12182) wpa:   key_mic - hexdump(len=16):[0m
D (12192) wpa: 6b f1 40 15 ba e5 2a bc ef a4 08 4d 8f 61 e6 d7 [0m
D (12192) wpa: RSN: encrypted key data - hexdump(len=96):[0m
D (12202) wpa: 48 99 20 06 87 08 3a a8 4d 5f c9 e9 95 3a 90 f5 [0m
D (12202) wpa: ad 56 0e 99 9b 96 f0 b3 04 01 0f 2a 72 23 75 00 [0m
D (12212) wpa: e0 43 a1 2f 6a 86 08 74 5b 2e ab a2 6f 25 61 b4 [0m
D (12222) wpa: a7 a6 73 32 93 f7 4b ae 03 9c 46 72 97 29 57 87 [0m
D (12222) wpa: a1 da b0 05 31 c9 10 20 0a 4c 19 79 27 88 f5 01 [0m
D (12232) wpa: 04 1e d8 7a 96 14 3d 3e 13 59 65 2b 0e 5d c6 0b [0m
D (12242) wpa: WPA: decrypted EAPOL-Key key data - hexdump(len=88):[0m
D (12242) wpa: 30 1c 01 00 00 0f ac 04 01 00 00 0f ac 04 03 00 [0m
D (12252) wpa: 00 0f ac 02 00 0f ac 06 00 0f ac 08 8c 00 f4 01 [0m
D (12252) wpa: 20 dd 16 00 0f ac 01 01 00 f7 7d 3d 8c 54 39 98 [0m
D (12262) wpa: a8 fd 27 b6 32 3e 14 09 0b dd 1c 00 0f ac 09 04 [0m
D (12262) wpa: 00 00 00 00 00 00 00 e2 47 7f 2e 25 ba 9b 00 56 [0m
D (12272) wpa: 10 63 1d a1 29 5e bb dd [0m
D (12272) wpa: WPA 3/4-Way Handshake[0m
D (12282) wpa: WPA: RSN IE in EAPOL-Key - hexdump(len=30):[0m
D (12282) wpa: 30 1c 01 00 00 0f ac 04 01 00 00 0f ac 04 03 00 [0m
D (12292) wpa: 00 0f ac 02 00 0f ac 06 00 0f ac 08 8c 00 [0m
D (12292) wpa: WPA: RSNXE in EAPOL-Key - hexdump(len=3):[0m
D (12302) wpa: f4 01 20 [0m
D (12302) wpa: WPA: GTK in EAPOL-Key - hexdump(len=24):[0m
D (12312) wpa: dd 16 00 0f ac 01 01 00 f7 7d 3d 8c 54 39 98 a8 [0m
D (12312) wpa: fd 27 b6 32 3e 14 09 0b [0m
D (12322) wpa: WPA: IGTK in EAPOL-Key - hexdump(len=30):[0m
D (12322) wpa: dd 1c 00 0f ac 09 04 00 00 00 00 00 00 00 e2 47 [0m
D (12332) wpa: 7f 2e 25 ba 9b 00 56 10 63 1d a1 29 5e bb [0m
D (12332) wpa: WPA: IE KeyData - hexdump(len=88):[0m
D (12342) wpa: 30 1c 01 00 00 0f ac 04 01 00 00 0f ac 04 03 00 [0m
D (12352) wpa: 00 0f ac 02 00 0f ac 06 00 0f ac 08 8c 00 f4 01 [0m
D (12352) wpa: 20 dd 16 00 0f ac 01 01 00 f7 7d 3d 8c 54 39 98 [0m
D (12362) wpa: a8 fd 27 b6 32 3e 14 09 0b dd 1c 00 0f ac 09 04 [0m
D (12362) wpa: 00 00 00 00 00 00 00 e2 47 7f 2e 25 ba 9b 00 56 [0m
D (12372) wpa: 10 63 1d a1 29 5e bb dd [0m
D (12372) wpa: WPA: RSC - hexdump(len=8):[0m
D (12382) wpa: 00 00 00 00 00 00 00 00 [0m
D (12382) wpa: RSN: received GTK in pairwise handshake - hexdump(len=18):[0m
D (12392) wpa: 01 00 f7 7d 3d 8c 54 39 98 a8 fd 27 b6 32 3e 14 [0m
D (12392) wpa: 09 0b [0m
D (12402) wpa: WPA: Not reinstalling already in-use IGTK to the driver (keyidx=4)[0m
D (12402) wpa: tx 4/4 txcb_flags=8192[0m
D (12412) wpa: WPA Send EAPOL-Key 4/4[0m
D (12412) wpa: WPA: KCK - hexdump(len=16):[0m
D (12422) wpa: 92 8e d6 5e ac 57 1b b2 43 92 86 ed ac 78 f3 69 [0m
D (12422) wpa: WPA: Derived Key MIC - hexdump(len=16):[0m
D (12432) wpa: 11 82 55 a4 21 81 73 39 3a b1 a6 f0 17 08 ad d0 [0m
V (12432) wpa: WPA: TX EAPOL-Key - hexdump(len=99):[0m
V (12442) wpa: 01 03 00 5f 02 03 08 00 00 00 00 00 00 00 00 00 [0m
V (12442) wpa: 0c 00 00 00 00 00 00 00 00 00 00 00 00 00 00 00 [0m
V (12452) wpa: 00 00 00 00 00 00 00 00 00 00 00 00 00 00 00 00 [0m
V (12462) wpa: 00 00 00 00 00 00 00 00 00 00 00 00 00 00 00 00 [0m
V (12462) wpa: 00 00 00 00 00 00 00 00 00 00 00 00 00 00 00 00 [0m
V (12472) wpa: 00 11 82 55 a4 21 81 73 39 3a b1 a6 f0 17 08 ad [0m
V (12472) wpa: d0 00 00 [0m
V (12482) wifi:wpa_psk handle succeed
D (12482) wpa: WPA: Installing PTK to the driver.[0m
D (12482) wpa: WPA: Group Key - hexdump(len=16):[0m
D (12492) wpa: f7 7d 3d 8c 54 39 98 a8 fd 27 b6 32 3e 14 09 0b [0m
D (12502) wpa: WPA: Judge GTK: (keyidx=1 len=16).[0m
D (12502) wpa: WPA: Installing GTK to the driver (keyidx=1 tx=0 len=16).[0m
D (12512) wpa: WPA: RSC - hexdump(len=6):[0m
D (12512) wpa: 00 00 00 00 00 00 [0m
D (12512) wpa: WPA: Key negotiation completed with 04:f0:21:8f:78:38 [PTK=CCMP GTK=CCMP]
[0m#############
I (12522) wifi:connected with #############, aid = 3, channel 6, BW20, bssid = 04:f0:21:8f:78:38
I (12532) wifi:security: WPA3-SAE, phy: bgn, rssi: -24
D (12542) wifi:remove all except 04:f0:21:8f:78:38 from rc list
D (12542) wifi:clear blacklist
D (12542) nvs: nvs_set sta.chan 1 6[0m
D (12552) nvs: nvs_set_blob sta.apinfo 700[0m
D (12562) wifi:filter: set rx policy=7
I (12562) wifi:pm start, type: 1

I (12562) wifi:dp: 1, bi: 102400, li: 3, scale listen interval from 307200 us to 307200 us
I (12572) wifi:set rx beacon pti, rx_bcn_pti: 0, bcn_timeout: 25000, mt_pti: 0, mt_time: 10000
D (12582) wifi:Send sta connected event
D (12582) wifi:connect status 1 -> 5
D (12582) wifi:obss scan is disabled
D (12592) wifi:start obss scan: obss scan is stopped
D (12592) wifi:tx data done, now:12612054
I (12592) wifi:dp: 2, bi: 102400, li: 4, scale listen interval from 307200 us to 409600 us
I (12602) wifi:AP's beacon interval = 102400 us, DTIM period = 2
D (12612) wifi:tx data done, now:12629933
D (12612) event: running post WIFI_EVENT:4 with handler 0x4202cd14 and context 0x3fca7e90 on loop 0x3fca6d0c[0m
V (12622) esp_adapter: thread sem get: sem=0x3fcb27f0[0m
D (12632) esp_netif_handlers: esp_netif action connected with netif0x3fca7c34 from event_id=4[0m
D (12632) esp_netif_lwip: check: remote, if=0x3fca7c34 fn=0x42013ad8[0m
D (12642) esp_netif_lwip: esp_netif_up_api esp_netif:0x3fca7c34[0m
D (12652) esp_netif_lwip: check: local, if=0x3fca7c34 fn=0x42013ea4[0m
D (12652) esp_netif_lwip: esp_netif_update_default_netif_lwip 0x3fca7c34[0m
V (12662) esp_netif_lwip: esp_netif_is_netif_up esp_netif:0x3fca7c34[0m
D (12662) wifi:D (12672) esp_netif_lwip: call api in lwip: ret=0x0, give sem[0m
tx data done, now:12683702
D (12682) esp_netif_lwip: check: remote, if=0x3fca7c34 fn=0x42013994[0m
D (12682) esp_netif_lwip: esp_netif_dhcpc_start_api esp_netif:0x3fca7c34[0m
D (12692) esp_netif_lwip: esp_netif_start_ip_lost_timer esp_netif:0x3fca7c34[0m
D (12702) esp_netif_lwip: if0x3fca7c34 start ip lost tmr: interval=120[0m
D (12702) esp_netif_lwip: starting dhcp client[0m
D (12712) wifi:D (12712) esp_netif_lwip: call api in lwip: ret=0x0, give sem[0m
eb is dhcp or dns sport = 68, dport = 67
D (12722) event: running post WIFI_EVENT:4 with handler 0x4200a710 and context 0x3fca7f98 on loop 0x3fca6d0c[0m
D (12722) wifi:tx data done, now:12741566
I (12732) wifi:<ba-add>idx:0 (ifx:0, 04:f0:21:8f:78:38), tid:7, ssn:0, winSize:64
D (12742) wifi:tx_mgmt cb : 1636 status 1 
D (12742) wifi:tx data done, now:12764909
V (12752) wifi:sta recv dup seq=0 tid=7, discard
V (12752) wifi:sta recv dup seq=0 tid=7, discard
V (12762) wifi:sta recv dup seq=0 tid=7, discard
V (12762) wifi:sta recv dup seq=0 tid=7, discard
V (12762) wifi:sta recv dup seq=0 tid=7, discard
V (12772) wifi:sta recv dup seq=0 tid=7, discard
V (12772) wifi:sta recv dup seq=0 tid=7, discard
V (12782) wifi:sta recv dup seq=0 tid=7, discard
D (12782) wifi:eb is dhcp or dns sport = 68, dport = 67
V (12792) wifi:sta recv dup seq=0 tid=7, discard
D (12792) wifi:tx data done, now:12813501
D (12802) wifi:tx data done, now:12817660
D (12852) wifi:tx data done, now:12870810
D (12972) wifi:tx data done, now:12988038
D (13022) wifi:tx data done, now:13039153
D (13212) wifi:tx data done, now:13228137
D (13262) wifi:tx data done, now:13279710
D (13712) esp_netif_lwip: esp_netif_internal_dhcpc_cb lwip-netif:0x3fca7cb8[0m
D (13712) wifi:tx data done, now:13728101
D (13712) esp_netif_lwip: if0x3fca7c34 ip changed=1[0m
D (13712) event: running post IP_EVENT:0 with handler 0x4202cb40 and context 0x3fca7f64 on loop 0x3fca6d0c[0m
D (13722) wifi_init_default: Got IP wifi default handler entered[0m
D (13732) esp_netif_handlers: esp_netif action got_ip with netif0x3fca7c34 from event_id=0[0m
[0;32mI (13742) esp_netif_handlers: sta ip: 192.168.1.204, mask: 255.255.255.0, gw: 192.168.1.1[0m
D (13742) event: running post IP_EVENT:0 with handler 0x4200a710 and context 0x3fca7fb8 on loop 0x3fca6d0c[0m
[0;32mI (13752) wifi dpp-enrollee: got ip:192.168.1.204[0m
D (13762) wifi:tx data done, now:13779427#############
[0;32mI (13762) wifi dpp-enrollee: connected to ap SSID:############# password:#############[0m
D (13772) wpa: ELOOP: esp_dpp_task:410 called to remove timer handler=0x4201551c, removed count=0[0m
[0;32mI (13782) main_task: Returned from app_main()[0m
D (13972) wifi:tx data done, now:13988104
D (14022) wifi:tx data done, now:14039239
D (14972) wifi:tx data done, now:14988034
D (15022) wifi:tx data done, now:15039183
D (15972) wifi:tx data done, now:15988025
D (16022) wifi:tx data done, now:16039160
D (16972) wifi:tx data done, now:16988058
D (17022) wifi:tx data done, now:17039209
D (17962) wifi:tx data done, now:17977659
I (17962) wifi:<ba-add>idx:1 (ifx:0, 04:f0:21:8f:78:38), tid:0, ssn:0, winSize:64
D (17962) wifi:tx_mgmt cb : 1636 status 1 
D (17962) wifi:tx data done, now:17981808
V (17962) wifi:sta recv dup seq=0 tid=0, discard
D (17972) wifi:tx data done, now:17990450
D (18022) wifi:tx data done, now:18044184
