Executing action: monitor
Serial port /dev/ttyUSB0
Connecting....
Detecting chip type... ESP32-S3
Running idf_monitor in directory /home/corfu/mpc/corfu/dpp_test_auth_retries
Executing "/home/corfu/.espressif/python_env/idf5.2_py3.10_env/bin/python /home/corfu/esp/esp-idf/tools/idf_monitor.py -p /dev/ttyUSB0 -b 115200 --toolchain-prefix xtensa-esp32-elf- --target esp32 --revision 0 /home/corfu/mpc/corfu/dpp_test_auth_retries/build/dpp-enrollee.elf -m '/home/corfu/.espressif/python_env/idf5.2_py3.10_env/bin/python' '/home/corfu/esp/esp-idf/tools/idf.py'"...
ESP-ROM:esp32s3-20210327
Build:Mar 27 2021
rst:0x1 (POWERON),boot:0x8 (SPI_FAST_FLASH_BOOT)
SPIWP:0xee
mode:DIO, clock div:1
load:0x3fce3810,len:0x178c
load:0x403c9700,len:0x4
load:0x403c9704,len:0xcbc
load:0x403cc700,len:0x2da0
entry 0x403c9914
[0;32mI (27) boot: ESP-IDF v5.2.1-1-g25b86f7c6a-dirty 2nd stage bootloader[0m
[0;32mI (27) boot: compile time Sep 13 2024 16:06:08[0m
[0;32mI (27) boot: Multicore bootloader[0m
[0;32mI (32) boot: chip revision: v0.2[0m
[0;32mI (35) boot.esp32s3: Boot SPI Speed : 80MHz[0m
[0;32mI (40) boot.esp32s3: SPI Mode       : DIO[0m
[0;32mI (45) boot.esp32s3: SPI Flash Size : 2MB[0m
[0;32mI (50) boot: Enabling RNG early entropy source...[0m
[0;32mI (55) boot: Partition Table:[0m
[0;32mI (59) boot: ## Label            Usage          Type ST Offset   Length[0m
[0;32mI (66) boot:  0 nvs              WiFi data        01 02 00009000 00006000[0m
[0;32mI (73) boot:  1 phy_init         RF data          01 01 0000f000 00001000[0m
[0;32mI (81) boot:  2 factory          factory app      00 00 00010000 00100000[0m
[0;32mI (88) boot: End of partition table[0m
[0;32mI (93) esp_image: segment 0: paddr=00010020 vaddr=3c0a0020 size=33ae0h (211680) map[0m
[0;32mI (139) esp_image: segment 1: paddr=00043b08 vaddr=3fc97f00 size=04830h ( 18480) load[0m
[0;32mI (143) esp_image: segment 2: paddr=00048340 vaddr=40374000 size=07cd8h ( 31960) load[0m
[0;32mI (152) esp_image: segment 3: paddr=00050020 vaddr=42000020 size=98cf0h (625904) map[0m
[0;32mI (265) esp_image: segment 4: paddr=000e8d18 vaddr=4037bcd8 size=0c1e4h ( 49636) load[0m
[0;32mI (285) boot: Loaded app from partition at offset 0x10000[0m
[0;32mI (285) boot: Disabling RNG early entropy source...[0m
[0;32mI (296) cpu_start: Multicore app[0m
V (297) mmap: after coalescing, 1 regions are left[0m
D (297) cpu_start: Pro cpu up[0m
D (297) cpu_start: Starting app cpu, entry point is 0x4037532c[0m
D (0) cpu_start: App cpu up[0m
V CACHE_ERR: illegal error intr clr & ena mask is: 0x3f
V CACHE_ERR: coreD  31c)sc e: or intr clLK &alena tiask is: 0x4307942[0m
V CACHE_ERR: illegal error intr clr & ena mask is: 0x3f
V CACHE_ERR: core 0 access error intr clr & ena mask is: 0x1f
[0;32mI (329) cpu_start: Pro cpu start user code[0m
[0;32mI (333) cpu_start: cpu freq: 160000000 Hz[0m
[0;32mI (337) cpu_start: Application information:[0m
[0;32mI (342) cpu_start: Project name:     dpp-enrollee[0m
[0;32mI (347) cpu_start: App version:      v5.2.1-1-g25b86f7c6a-dirty[0m
[0;32mI (354) cpu_start: Compile time:     Sep 13 2024 16:06:24[0m
[0;32mI (360) cpu_start: ELF file SHA256:  178900882...[0m
[0;32mI (365) cpu_start: ESP-IDF:          v5.2.1-1-g25b86f7c6a-dirty[0m
[0;32mI (372) cpu_start: Min chip rev:     v0.0[0m
[0;32mI (377) cpu_start: Max chip rev:     v0.99 [0m
[0;32mI (382) cpu_start: Chip rev:         v0.2[0m
V (386) memory_layout: reserved range is 0x3c0d3ac0 - 0x3c0d3ae8[0m
D (392) memory_layout: Checking 6 reserved memory ranges:[0m
D (398) memory_layout: Reserved memory range 0x3fc84000 - 0x3fc97f00[0m
D (404) memory_layout: Reserved memory range 0x3fc97f00 - 0x3fca0388[0m
D (411) memory_layout: Reserved memory range 0x3fceee34 - 0x3fcf0000[0m
D (417) memory_layout: Reserved memory range 0x40374000 - 0x40387f00[0m
D (424) memory_layout: Reserved memory range 0x600fe000 - 0x600fe010[0m
D (430) memory_layout: Reserved memory range 0x600fffe8 - 0x60100000[0m
D (436) memory_layout: Building list of available memory regions:[0m
V (443) memory_layout: Examining memory region 0x3fc88000 - 0x3fc90000[0m
V (449) memory_layout: Region 0x3fc88000 - 0x3fc90000 inside of reserved 0x3fc84000 - 0x3fc97f00[0m
V (458) memory_layout: Examining memory region 0x3fc90000 - 0x3fca0000[0m
V (465) memory_layout: Start of region 0x3fc90000 - 0x3fca0000 overlaps reserved 0x3fc84000 - 0x3fc97f00[0m
V (474) memory_layout: Region 0x3fc97f00 - 0x3fca0000 inside of reserved 0x3fc97f00 - 0x3fca0388[0m
V (483) memory_layout: Examining memory region 0x3fca0000 - 0x3fcb0000[0m
V (490) memory_layout: Start of region 0x3fca0000 - 0x3fcb0000 overlaps reserved 0x3fc97f00 - 0x3fca0388[0m
D (499) memory_layout: Available memory region 0x3fca0388 - 0x3fcb0000[0m
V (506) memory_layout: Examining memory region 0x3fcb0000 - 0x3fcc0000[0m
D (512) memory_layout: Available memory region 0x3fcb0000 - 0x3fcc0000[0m
V (519) memory_layout: Examining memory region 0x3fcc0000 - 0x3fcd0000[0m
D (526) memory_layout: Available memory region 0x3fcc0000 - 0x3fcd0000[0m
V (532) memory_layout: Examining memory region 0x3fcd0000 - 0x3fce0000[0m
D (539) memory_layout: Available memory region 0x3fcd0000 - 0x3fce0000[0m
V (545) memory_layout: Examining memory region 0x3fce0000 - 0x3fce9710[0m
D (552) memory_layout: Available memory region 0x3fce0000 - 0x3fce9710[0m
V (559) memory_layout: Examining memory region 0x3fce9710 - 0x3fcf0000[0m
V (565) memory_layout: End of region 0x3fce9710 - 0x3fcf0000 overlaps reserved 0x3fceee34 - 0x3fcf0000[0m
D (575) memory_layout: Available memory region 0x3fce9710 - 0x3fceee34[0m
V (581) memory_layout: Examining memory region 0x3fcf0000 - 0x3fcf8000[0m
D (588) memory_layout: Available memory region 0x3fcf0000 - 0x3fcf8000[0m
V (594) memory_layout: Examining memory region 0x600fe000 - 0x60100000[0m
V (601) memory_layout: Start of region 0x600fe000 - 0x60100000 overlaps reserved 0x600fe000 - 0x600fe010[0m
V (610) memory_layout: End of region 0x600fe010 - 0x60100000 overlaps reserved 0x600fffe8 - 0x60100000[0m
D (620) memory_layout: Available memory region 0x600fe010 - 0x600fffe8[0m
[0;32mI (626) heap_init: Initializing. RAM available for dynamic allocation:[0m
D (634) heap_init: New heap initialised at 0x3fca0388[0m
[0;32mI (639) heap_init: At 3FCA0388 len 00049388 (292 KiB): RAM[0m
[0;32mI (645) heap_init: At 3FCE9710 len 00005724 (21 KiB): RAM[0m
D (651) heap_init: New heap initialised at 0x3fcf0000[0m
[0;32mI (656) heap_init: At 3FCF0000 len 00008000 (32 KiB): DRAM[0m
D (662) heap_init: New heap initialised at 0x600fe010[0m
[0;32mI (667) heap_init: At 600FE010 len 00001FD8 (7 KiB): RTCRAM[0m
V (674) intr_alloc: esp_intr_alloc_intrstatus (cpu 0): checking args[0m
V (680) intr_alloc: esp_intr_alloc_intrstatus (cpu 0): Args okay. Resulting flags 0x40E[0m
D (688) intr_alloc: Connected src 39 to int 2 (cpu 0)[0m
V (694) memspi: raw_chip_id: 1740C8
[0m
V (697) memspi: chip_id: C84017
[0m
V (700) memspi: raw_chip_id: 1740C8
[0m
V (704) memspi: chip_id: C84017
[0m
D (707) spi_flash: trying chip: issi[0m
D (711) spi_flash: trying chip: gd[0m
[0;32mI (715) spi_flash: detected chip: gd[0m
[0;32mI (719) spi_flash: flash io: dio[0m
[0;33mW (723) spi_flash: Detected size(8192k) larger than the size in the binary image header(2048k). Using the size in the binary image header.[0m
D (736) cpu_start: calling init function: 0x42074cfc[0m
D (741) cpu_start: calling init function: 0x420747ac[0m
D (746) cpu_start: calling init function: 0x4202ca94[0m
D (751) cpu_start: calling init function: 0x4200e438[0m
D (756) cpu_start: calling init function: 0x4037ba1c[0m
D (761) cpu_start: calling init function: 0x42002f0c[0m
D (766) cpu_start: calling init function: 0x42008640 on core: 0[0m
V (772) intr_alloc: esp_intr_alloc_intrstatus (cpu 0): checking args[0m
V (778) intr_alloc: esp_intr_alloc_intrstatus (cpu 0): Args okay. Resulting flags 0xC02[0m
D (787) intr_alloc: Connected src 59 to int 3 (cpu 0)[0m
D (792) cpu_start: calling init function: 0x42005f68 on core: 0[0m
[0;32mI (798) sleep: Configure to isolate all GPIO pins in sleep state[0m
[0;32mI (805) sleep: Enable automatic switching of GPIO sleep configuration[0m
D (812) cpu_start: calling init function: 0x420042a4 on core: 0[0m
V (818) intr_alloc: esp_intr_alloc_intrstatus (cpu 0): checking args[0m
V (824) intr_alloc: esp_intr_alloc_intrstatus (cpu 0): Args okay. Resulting flags 0x40E[0m
D (832) intr_alloc: Connected src 79 to int 9 (cpu 0)[0m
D (837) app_start: Starting scheduler on CPU0[0m
V (842) intr_alloc: esp_intr_alloc_intrstatus (cpu 0): checking args[0m
V (842) intr_alloc: esp_intr_alloc_intrstatus (cpu 0): Args okay. Resulting flags 0x402[0m
D (842) intr_alloc: Connected src 57 to int 12 (cpu 0)[0m
V (842) intr_alloc: esp_intr_alloc_intrstatus (cpu 1): checking args[0m
V (852) intr_alloc: esp_intr_alloc_intrstatus (cpu 1): Args okay. Resulting flags 0x40E[0m
D (852) intr_alloc: Connected src 80 to int 2 (cpu 1)[0m
D (862) app_start: Starting scheduler on CPU1[0m
V (862) intr_alloc: esp_intr_alloc_intrstatus (cpu 1): checking args[0m
V (872) intr_alloc: esp_intr_alloc_intrstatus (cpu 1): Args okay. Resulting flags 0x402[0m
D (882) intr_alloc: Connected src 58 to int 3 (cpu 1)[0m
[0;32mI (842) main_task: Started on CPU0[0m
D (892) heap_init: New heap initialised at 0x3fce9710[0m
V (892) intr_alloc: esp_intr_alloc_intrstatus (cpu 0): checking args[0m
V (902) intr_alloc: esp_intr_alloc_intrstatus (cpu 0): Args okay. Resulting flags 0xE[0m
D (912) intr_alloc: Connected src 52 to int 13 (cpu 0)[0m
[0;32mI (912) main_task: Calling app_main()[0m
V (922) partition: Loading the partition table[0m
V (922) mmap: actual_mapped_len is 0x10000[0m
V (932) calculated md5: 0x3fca3f38   f4 ad 4f 45 38 56 4b 5d  74 35 b6 2c 75 b6 95 24  |..OE8VK]t5.,u..$|[0m
V (942) stored md5: 0x3c0e8070   f4 ad 4f 45 38 56 4b 5d  74 35 b6 2c 75 b6 95 24  |..OE8VK]t5.,u..$|[0m
V (942) partition: Partition table MD5 verified[0m
D (972) esp_netif_lwip: LwIP stack has been initialized[0m
D (972) esp_netif_lwip: esp-netif has been successfully initialized[0m
D (972) event: running task for loop 0x3fca6d0c[0m
D (982) event: created task for loop 0x3fca6d0c[0m
D (982) event: created event loop 0x3fca6d0c[0m
D (992) esp_netif_lwip: check: remote, if=0x3fca3f70 fn=0x42013448[0m
V (992) esp_netif_objects: esp_netif_add_to_list_unsafe 0x3fca7c34[0m
D (1002) esp_netif_objects: esp_netif_add_to_list_unsafe netif added successfully (total netifs: 1)[0m
D (1012) esp_netif_lwip: call api in lwip: ret=0x0, give sem[0m
pp rom version: e7ae62f
net80211 rom version: e7ae62f
D (1022) nvs: nvs_open_from_partition misc 1[0m
I (1032) wifi:wifi driver task: 3fcaa654, prio:23, stack:6656, core=0
V (1032) esp_adapter: thread sem create: sem=0x3fcaa7ac[0m
V (1032) esp_adapter: thread sem get: sem=0x3fcaa7ac[0m
D (1042) efuse: In EFUSE_BLK1__DATA1_REG is used 8 bits starting with 8 bit[0m
D (1052) efuse: In EFUSE_BLK1__DATA1_REG is used 8 bits starting with 0 bit[0m
D (1052) efuse: In EFUSE_BLK1__DATA0_REG is used 8 bits starting with 24 bit[0m
D (1062) efuse: In EFUSE_BLK1__DATA0_REG is used 8 bits starting with 16 bit[0m
D (1072) efuse: In EFUSE_BLK1__DATA0_REG is used 8 bits starting with 8 bit[0m
D (1082) efuse: In EFUSE_BLK1__DATA0_REG is used 8 bits starting with 0 bit[0m
D (1082) nvs: nvs_open_from_partition nvs.net80211 1[0m
D (1092) nvs: nvs_get opmode 1[0m
D (1092) nvs: nvs_get_str_or_blob sta.ssid[0m
D (1102) nvs: nvs_get sta.authmode 1[0m
D (1102) nvs: nvs_get_str_or_blob sta.pswd[0m
D (1102) nvs: nvs_get_str_or_blob sta.pmk[0m
D (1112) nvs: nvs_get sta.chan 1[0m
D (1112) nvs: nvs_get auto.conn 1[0m
D (1112) nvs: nvs_get bssid.set 1[0m
D (1122) nvs: nvs_get_str_or_blob sta.bssid[0m
D (1122) nvs: nvs_get sta.lis_intval 2[0m
D (1122) nvs: nvs_get sta.phym 1[0m
D (1132) nvs: nvs_get sta.phybw 1[0m
D (1132) nvs: nvs_get_str_or_blob sta.apsw[0m
D (1142) nvs: nvs_get_str_or_blob sta.apinfo[0m
D (1142) nvs: nvs_get sta.scan_method 1[0m
D (1142) nvs: nvs_get sta.sort_method 1[0m
D (1152) nvs: nvs_get sta.minrssi 1[0m
D (1152) nvs: nvs_get sta.minauth 1[0m
D (1162) nvs: nvs_get sta.pmf_e 1[0m
D (1162) nvs: nvs_get sta.pmf_r 1[0m
D (1162) nvs: nvs_get sta.btm_e 1[0m
D (1172) nvs: nvs_get sta.rrm_e 1[0m
D (1172) nvs: nvs_get sta.mbo_e 1[0m
D (1172) nvs: nvs_get_str_or_blob ap.ssid[0m
D (1182) nvs: nvs_get_str_or_blob ap.passwd[0m
D (1182) nvs: nvs_get_str_or_blob ap.pmk[0m
D (1182) nvs: nvs_get ap.chan 1[0m
D (1192) nvs: nvs_get ap.authmode 1[0m
D (1192) nvs: nvs_get ap.hidden 1[0m
D (1192) nvs: nvs_get ap.max.conn 1[0m
D (1202) nvs: nvs_get bcn.interval 2[0m
D (1202) nvs: nvs_get ap.phym 1[0m
D (1202) nvs: nvs_get ap.phybw 1[0m
D (1212) nvs: nvs_get ap.sndchan 1[0m
D (1212) nvs: nvs_get ap.pmf_e 1[0m
D (1212) nvs: nvs_get ap.pmf_r 1[0m
D (1222) nvs: nvs_get ap.p_cipher 1[0m
D (1222) nvs: nvs_get lorate 1[0m
D (1222) nvs: nvs_get_str_or_blob country[0m
D (1232) nvs: nvs_get ap.ftm_r 1[0m
D (1232) nvs: nvs_get sta.ft 1[0m
D (1242) nvs: nvs_get sta.owe 1[0m
D (1242) nvs: nvs_get sta.trans_d 1[0m
D (1242) nvs: nvs_get sta.sae_h2e 1[0m
D (1252) nvs: nvs_get sta.sae_pk_mode 1[0m
D (1252) nvs: nvs_get sta.bss_retry 1[0m
D (1252) nvs: nvs_get_str_or_blob sta.owe_data[0m
D (1262) nvs: nvs_get sta.he_dcm 1[0m
D (1262) nvs: nvs_get sta.he_dcm_c_tx 1[0m
D (1272) nvs: nvs_get sta.he_dcm_c_rx 1[0m
D (1272) nvs: nvs_get sta.he_mcs9_d 1[0m
D (1272) nvs: nvs_get sta.he_su_b_d 1[0m
D (1282) nvs: nvs_get sta.he_su_b_f_d 1[0m
D (1282) nvs: nvs_get sta.he_mu_b_f_d 1[0m
D (1282) nvs: nvs_get sta.he_cqi_f_d 1[0m
D (1292) nvs: nvs_get_str_or_blob sta.sae_h2e_id[0m
D (1292) nvs: nvs_get ap.sae_h2e 1[0m
D (1302) nvs: nvs_get_str_or_blob ap.pmk_info[0m
D (1302) nvs: nvs_get nan.phym 1[0m
D (1302) nvs: nvs_set ap.sndchan 1 1[0m
I (1312) wifi:wifi firmware version: a9f5b59-dirty
I (1312) wifi:wifi certification version: v7.0
I (1322) wifi:config NVS flash: enabled
I (1322) wifi:config nano formating: disabled
I (1322) wifi:Init data frame dynamic rx buffer num: 32
I (1332) wifi:Init static rx mgmt buffer num: 5
I (1332) wifi:Init management short buffer num: 32
I (1342) wifi:Init dynamic tx buffer num: 32
I (1342) wifi:Init static tx FG buffer num: 2
I (1352) wifi:Init static rx buffer size: 1600
I (1352) wifi:Init static rx buffer num: 10
I (1352) wifi:Init dynamic rx buffer num: 32
V (1362) wifi:hint=255, act_dur=<0,120>, pas_dur=360, nchans=14 history_num=0
V (1372) esp_adapter: thread sem get: sem=0x3fcaa7ac[0m
[0;32mI (1372) wifi_init: rx ba win: 6[0m
[0;32mI (1372) wifi_init: tcpip mbox: 32[0m
[0;32mI (1382) wifi_init: udp mbox: 6[0m
[0;32mI (1382) wifi_init: tcp mbox: 6[0m
[0;32mI (1392) wifi_init: tcp tx win: 5760[0m
[0;32mI (1392) wifi_init: tcp rx win: 5760[0m
[0;32mI (1392) wifi_init: tcp mss: 1440[0m
[0;32mI (1402) wifi_init: WiFi IRAM OP enabled[0m
[0;32mI (1402) wifi_init: WiFi RX IRAM OP enabled[0m
V (1412) esp_adapter: thread sem get: sem=0x3fcaa7ac[0m
D (1412) nvs: nvs_get opmode 1[0m
[0;32mI (1422) wpa: esp_dpp_task prio:2, stack:6656[0m
D (1422) wpa: private key - hexdump(len=0):[0m
D (1422) wpa:  [NULL][0m
D (1482) wpa: DPP: Generating a keypair[0m
[0;31mE (1482) wpa: curve: secp256r1[0m
[0;31mE (1482) wpa: prime len is 32[0m
[0;31mE (1482) wpa: Q_x: - hexdump(len=32):[0m
[0;31mE (1492) wpa: aa 75 cd d4 d7 f1 86 06 de 83 b5 ff 17 b6 f0 2e [0m
[0;31mE (1492) wpa: bb d7 1e 96 1a 06 3d b8 90 2f e7 92 ae f4 37 9d [0m
[0;31mE (1502) wpa: Q_y: - hexdump(len=32):[0m
[0;31mE (1502) wpa: ef 72 d9 b9 cb 7a b8 7f 87 9c 0c fd 75 6c ad 5a [0m
[0;31mE (1512) wpa: f8 a9 6a 9e 95 d9 ea 8d ad 12 1e ac 6c a9 7d e3 [0m
[0;31mE (1522) wpa: d:      - hexdump(len=32):[0m
[0;31mE (1522) wpa: 72 40 60 c2 cc b8 ca ef 12 1e 2e ce 41 9b dd c3 [0m
[0;31mE (1532) wpa: 33 85 31 83 70 0c bd 20 60 2d f0 a3 ab 1b 9d be [0m
D (1532) wpa: DPP: Compressed public key (DER) - hexdump(len=59):[0m
D (1542) wpa: 30 39 30 13 06 07 2a 86 48 ce 3d 02 01 06 08 2a [0m
D (1552) wpa: 86 48 ce 3d 03 01 07 03 22 00 03 aa 75 cd d4 d7 [0m
D (1552) wpa: f1 86 06 de 83 b5 ff 17 b6 f0 2e bb d7 1e 96 1a [0m
D (1562) wpa: 06 3d b8 90 2f e7 92 ae f4 37 9d [0m
D (1562) gdma: new group (0) at 0x3fcb2f74[0m
D (1572) gdma: new pair (0,0) at 0x3fcb2c80[0m
D (1572) gdma: new tx channel (0,0) at 0x3fcb2dd0[0m
D (1572) gdma: new rx channel (0,0) at 0x3fcb2ffc[0m
D (1582) gdma: tx channel (0,0), (1:16) bytes aligned, burst enabled[0m
D (1592) gdma: rx channel (0,0), (1:16) bytes aligned, burst disabled[0m
D (1592) wpa: DPP: Public key hash - hexdump(len=32):[0m
D (1602) wpa: 40 d5 4d d8 97 a8 47 e2 09 39 e1 b7 ee 15 d1 77 [0m
D (1602) wpa: fc cf c8 fd e4 ac a4 98 01 8a e5 ed 52 d4 65 7e [0m
D (1612) wpa: DPP: URI mac: 84:fc:e6:7b:73:b8[0m
[0;32mI (1612) wifi dpp-enrollee: Scan below QR Code to configure the enrollee:[0m
[0;32mI (1622) QRCODE: Encoding below text with ECC LVL 0 & QR Code Version 10[0m
[0;32mI (1632) QRCODE: DPP:C:81/6;M:84:fc:e6:7b:73:b8;K:MDkwEwYHKoZIzj0CAQYIKoZIzj0DAQcDIgADqnXN1Nfxhgbeg7X/F7bwLrvXHpYaBj24kC/nkq70N50=;;[0m
                                              
  █▀▀▀▀▀█ █▀▄   ▀▀▀█▀█▄█▀▀ ▄█▀▀▄ ▄▀ █▀▀▀▀▀█   
  █ ███ █ █ ▀ ▀▀▄ ▀▄▄  ▀ █▀▄█ ▀▀ ▀  █ ███ █   
  █ ▀▀▀ █ ▄ ▄▄█ █ ▄▄██▀▄█▀▄▀█ ▀█▄█  █ ▀▀▀ █   
  ▀▀▀▀▀▀▀ ▀▄█▄▀ ▀▄█▄█▄▀▄▀ █ ▀▄█▄▀▄█ ▀▀▀▀▀▀▀   
  █▀▄ ▀▀▀▄▄▄▄▀▄▄▀▄█ ▄ ▄ █▀▀▄▀▄▀▀▄ ▀▄▄▀▄██▀█   
  ▀▄█ ▀▀▀▄ ▄█▄█ ▄█▄█▄▄ █▀▀█ ▄▀▄▄█▄▄█▄▀▀   █   
  ▀ ▄▀▄█▀▀▄▄  ▀█▀▀▄ ▀ ▄█▄▄▀▀▄▄█▀▄▀█▀▄▄▄  ▄    
  ▀ ▀ █▄▀ █ ▄ ▄   ▀█▄▄▀█▀▀█  ████  ▀ █▄▄▀▄█   
  ▄▀ ▄▀█▀▀   █▀▀▄▀▄▄  ▀ ▀█ ▄▀█▀▀▀ ▀▀ ▀▄▄▀▄▄   
   ▀█ ▄▄▀▀▄█▀█▀█▀▀█ ▀▄ ▄ ▀▀▀ ▀ ▄ ▄  ▀ █▄▀▄█   
  ▄█ ▄ ▀▀▄▀█ ▀▄█▄▀▀ ▄ ▄█▄██ ▄ ▄▀ ▄ ▀▄█▄█▀█    
   ▄ █  ▀▄ ▀▀█▀ ▀█▄█▄ ███▀▀▀▄██▄▀▄█ ▄▀▀▄ ▄█   
  ▀██▄▀█▀██   ▀█▄ █     ▀▄▀▀▄█▀▀▀▀▄▄▄ ▄██▀    
  ██▄ ██▀ ██▀█▄ ▄▀ █▄ ▀███▄▀ ▀█▄█ ▄█▀▄ ▀▀ █   
  █▀ ▄▀▀▀▄▀█  ▀█▀▀▄▄▀ ▄▄▀ ▀ ▀▀█▄▄▀▄▀▄▄▄       
    ▄█▀▀▀▀ ▄█ ▄ ▄ ▀█▄  ▄▀▀▀▀▄▀▀▄ ▄██ ▀█ ▀ ▀   
  ▀▀▀   ▀▀█▀▄▀▀▀ █▄▄▄█▀█▀▀▀▄▀▄▀█▀▀█▀▀▀█▄      
  █▀▀▀▀▀█ ▄█ ▀▀█▀▀▄ ▀▄ ▄▄██▀ ▀██▀▀█ ▀ █ ▀ ▀   
  █ ███ █ ▀▄█ ▄█▄▀▀▄▄ ▄█▄█▀ ▀▄█▀ ██▀▀█▀▄▄█▄   
  █ ▀▀▀ █ ▄█▄█▀ ▄█▄█▄ █▄ █▄▀ ▀█▄█ █ ▄█ █ ▄█   
  ▀▀▀▀▀▀▀ ▀▀  ▀      ▀  ▀ ▀▀   ▀  ▀▀   ▀▀▀    
                                              

V (1942) esp_adapter: thread sem get: sem=0x3fcaa7ac[0m
[0;32mI (1952) phy_init: phy_version 640,cd64a1a,Jan 24 2024,17:28:12[0m
D (1952) phy_init: loading PHY init data from application binary[0m
D (1962) nvs: nvs_open_from_partition phy 0[0m
D (1962) nvs: nvs_get cal_version 4[0m
V (1972) phy_init: phy_get_rf_cal_version: 640[0m
D (1972) nvs: nvs_get_str_or_blob cal_mac[0m
D (1982) efuse: In EFUSE_BLK1__DATA1_REG is used 8 bits starting with 8 bit[0m
D (1982) efuse: In EFUSE_BLK1__DATA1_REG is used 8 bits starting with 0 bit[0m
D (1992) efuse: In EFUSE_BLK1__DATA0_REG is used 8 bits starting with 24 bit[0m
D (2002) efuse: In EFUSE_BLK1__DATA0_REG is used 8 bits starting with 16 bit[0m
D (2002) efuse: In EFUSE_BLK1__DATA0_REG is used 8 bits starting with 8 bit[0m
D (2012) efuse: In EFUSE_BLK1__DATA0_REG is used 8 bits starting with 0 bit[0m
D (2022) nvs: nvs_get_str_or_blob cal_data[0m
D (2032) nvs: nvs_close 3[0m
D (2032) efuse: In EFUSE_BLK1__DATA1_REG is used 8 bits starting with 8 bit[0m
D (2032) efuse: In EFUSE_BLK1__DATA1_REG is used 8 bits starting with 0 bit[0m
D (2042) efuse: In EFUSE_BLK1__DATA0_REG is used 8 bits starting with 24 bit[0m
D (2042) efuse: In EFUSE_BLK1__DATA0_REG is used 8 bits starting with 16 bit[0m
D (2052) efuse: In EFUSE_BLK1__DATA0_REG is used 8 bits starting with 8 bit[0m
D (2062) efuse: In EFUSE_BLK1__DATA0_REG is used 8 bits starting with 0 bit[0m
D (2082) temperature_sensor: range changed, change to index 2[0m
V (2102) wifi:ht20 freq=2412, chan=1
D (2102) wifi:filter: set rx policy=0
I (2102) wifi:mode : sta (84:fc:e6:7b:73:b8)
I (2102) wifi:enable tsf
D (2102) wifi:filter: set rx policy=1
D (2102) wifi:connect status 0 -> 0
D (2102) event: running post WIFI_EVENT:40 with handler 0x4200a710 and context 0x3fca7f98 on loop 0x3fca6d0c[0m
D (2112) event: running post WIFI_EVENT:2 with handler 0x4202cce4 and context 0x3fca7e30 on loop 0x3fca6d0c[0m
D (2122) wifi_init_default: wifi_start esp-netif:0x3fca7c34 event-id2[0m
D (2132) wifi_init_default: WIFI mac address: 84 fc e6 7b 73 b8[0m
V (2142) esp_adapter: thread sem create: sem=0x3fcb27f0[0m
V (2142) esp_adapter: thread sem get: sem=0x3fcb27f0[0m
D (2152) esp_netif_lwip: check: remote, if=0x3fca7c34 fn=0x42012e34[0m
D (2152) esp_netif_lwip: call api in lwip: ret=0x0, give sem[0m
D (2162) esp_netif_handlers: esp_netif action has started with netif0x3fca7c34 from event_id=2[0m
D (2172) esp_netif_lwip: check: remote, if=0x3fca7c34 fn=0x42013700[0m
D (2172) esp_netif_lwip: esp_netif_start_api 0x3fca7c34[0m
D (2182) esp_netif_lwip: esp_netif_get_hostname esp_netif:0x3fca7c34[0m
D (2192) esp_netif_lwip: check: local, if=0x3fca7c34 fn=0x42013ea4[0m
D (2192) esp_netif_lwip: esp_netif_update_default_netif_lwip 0x3fca7c34[0m
V (2202) esp_netif_lwip: esp_netif_is_netif_up esp_netif:0x3fca7c34[0m
D (2202) esp_netif_lwip: call api in lwip: ret=0x0, give sem[0m
D (2212) event: running post WIFI_EVENT:2 with handler 0x4200a710 and context 0x3fca7f98 on loop 0x3fca6d0c[0m
[0;32mI (2222) wifi dpp-enrollee: Started listening for DPP Authentication[0m
V (2222) esp_adapter: thread sem create: sem=0x3fcb28a0[0m
V (2232) esp_adapter: thread sem get: sem=0x3fcb28a0[0m
D (2242) wifi:Listen on channel 6 for 500 mSec
V (2242) wifi:change: chan<6,0>, dur<0,500>
V (2252) wifi:ht20 freq=2437, chan=6
V (2252) wifi:enter start op, arg=0x42014ad0
V (2252) wifi:start max timer
D (2762) wifi:ROC: Ending operation at 2.0, returning to Channel 1
V (2762) wifi:back home chan=<1,0>, current chan=<6,0>
V (2762) wifi:ht20 freq=2412, chan=1
D (2762) event: running post WIFI_EVENT:20 with handler 0x4200a710 and context 0x3fca7f98 on loop 0x3fca6d0c[0m
D (2772) event: running post WIFI_EVENT:20 with handler 0x4201563c and context 0x3fcb2590 on loop 0x3fca6d0c[0m
V (2782) esp_adapter: thread sem get: sem=0x3fcb28a0[0m
D (2782) wifi:Listen on channel 6 for 500 mSec
V (2792) wifi:change: chan<6,0>, dur<0,500>
V (2792) wifi:ht20 freq=2437, chan=6
V (2802) wifi:enter start op, arg=0x42014ad0
V (2802) wifi:start max timer
D (3302) wifi:ROC: Ending operation at 3.0, returning to Channel 1
V (3302) wifi:back home chan=<1,0>, current chan=<6,0>
V (3302) wifi:ht20 freq=2412, chan=1
D (3312) event: running post WIFI_EVENT:20 with handler 0x4200a710 and context 0x3fca7f98 on loop 0x3fca6d0c[0m
D (3322) event: running post WIFI_EVENT:20 with handler 0x4201563c and context 0x3fcb2590 on loop 0x3fca6d0c[0m
V (3332) esp_adapter: thread sem get: sem=0x3fcb28a0[0m
D (3332) wifi:Listen on channel 6 for 500 mSec
V (3332) wifi:change: chan<6,0>, dur<0,500>
V (3342) wifi:ht20 freq=2437, chan=6
V (3342) wifi:enter start op, arg=0x42014ad0
V (3352) wifi:start max timer
D (3852) wifi:ROC: Ending operation at 3.0, returning to Channel 1
V (3852) wifi:back home chan=<1,0>, current chan=<6,0>
V (3852) wifi:ht20 freq=2412, chan=1
D (3852) event: running post WIFI_EVENT:20 with handler 0x4200a710 and context 0x3fca7f98 on loop 0x3fca6d0c[0m
D (3862) event: running post WIFI_EVENT:20 with handler 0x4201563c and context 0x3fcb2590 on loop 0x3fca6d0c[0m
V (3872) esp_adapter: thread sem get: sem=0x3fcb28a0[0m
D (3882) wifi:Listen on channel 6 for 500 mSec
V (3882) wifi:change: chan<6,0>, dur<0,500>
V (3882) wifi:ht20 freq=2437, chan=6
V (3892) wifi:enter start op, arg=0x42014ad0
V (3892) wifi:start max timer
D (4392) wifi:ROC: Ending operation at 4.0, returning to Channel 1
V (4392) wifi:back home chan=<1,0>, current chan=<6,0>
V (4402) wifi:ht20 freq=2412, chan=1
D (4402) event: running post WIFI_EVENT:20 with handler 0x4200a710 and context 0x3fca7f98 on loop 0x3fca6d0c[0m
D (4412) event: running post WIFI_EVENT:20 with handler 0x4201563c and context 0x3fcb2590 on loop 0x3fca6d0c[0m
V (4422) esp_adapter: thread sem get: sem=0x3fcb28a0[0m
D (4422) wifi:Listen on channel 6 for 500 mSec
V (4432) wifi:change: chan<6,0>, dur<0,500>
V (4432) wifi:ht20 freq=2437, chan=6
V (4432) wifi:enter start op, arg=0x42014ad0
V (4442) wifi:start max timer
D (4942) wifi:ROC: Ending operation at 4.0, returning to Channel 1
V (4942) wifi:back home chan=<1,0>, current chan=<6,0>
V (4942) wifi:ht20 freq=2412, chan=1
D (4942) event: running post WIFI_EVENT:20 with handler 0x4200a710 and context 0x3fca7f98 on loop 0x3fca6d0c[0m
D (4952) event: running post WIFI_EVENT:20 with handler 0x4201563c and context 0x3fcb2590 on loop 0x3fca6d0c[0m
V (4962) esp_adapter: thread sem get: sem=0x3fcb28a0[0m
D (4972) wifi:Listen on channel 6 for 500 mSec
V (4972) wifi:change: chan<6,0>, dur<0,500>
V (4982) wifi:ht20 freq=2437, chan=6
V (4982) wifi:enter start op, arg=0x42014ad0
V (4982) wifi:start max timer
D (5442) wpa: DPP: Rx Public Action frame: action - 9[0m
V (5442) esp_adapter: thread sem get: sem=0x3fcb28a0[0m
D (5442) wifi:ROC: Ending operation at 5.0, returning to Channel 1
V (5452) wifi:back home chan=<1,0>, current chan=<6,0>
V (5452) wifi:ht20 freq=2412, chan=1
V (5462) wifi:back home chan=<1,0>, current chan=<1,0>
[0;32mI (5462) wpa: DPP: Authentication Request from 8e:ff:3e:16:e0:96[0m
D (5462) event: running post WIFI_EVENT:20 with handler 0x4200a710 and context 0x3fca7f98 on loop 0x3fca6d0c[0m
V (5472) wpa: DPP: Responder Bootstrapping Key Hash - hexdump(len=32):[0m
D (5482) event: running post WIFI_EVENT:20 with handler 0x4201563c and context 0x3fcb2590 on loop 0x3fca6d0c[0m
V (5482) wpa: 40 d5 4d d8 97 a8 47 e2 09 39 e1 b7 ee 15 d1 77 [0m
V (5502) wpa: fc cf c8 fd e4 ac a4 98 01 8a e5 ed 52 d4 65 7e [0m
V (5512) wpa: DPP: Initiator Bootstrapping Key Hash - hexdump(len=32):[0m
V (5512) wpa: c6 03 82 78 d1 5a f0 e9 a7 44 e4 16 68 28 f6 b3 [0m
V (5522) wpa: 13 50 4e 09 3c 28 d6 2e 34 65 23 88 69 96 06 e8 [0m
V (5522) wpa: DPP: Wrapped Data - hexdump(len=41):[0m
V (5532) wpa: 2a c9 38 04 cd 26 22 94 1e d5 b7 cb fb 68 d1 3f [0m
V (5542) wpa: d3 b0 11 45 e6 b9 1b 3f f6 11 2e bf dd 9b 8b c5 [0m
V (5542) wpa: 8e cd 36 64 e6 74 22 52 95 [0m
V (5552) wpa: DPP: Initiator Protocol Key - hexdump(len=64):[0m
V (5552) wpa: c3 13 8c 59 25 0f 26 09 6d d6 fa 71 20 b2 8e b4 [0m
V (5562) wpa: 68 92 d7 fa b8 1c 03 9d cf 73 ab 25 7a 99 84 30 [0m
V (5562) wpa: 2a 4f b8 29 27 06 3f d5 ec dd 2b 5e fc 60 27 08 [0m
V (5572) wpa: 02 bd 4a 6b 97 45 d4 b2 8c ff 81 c1 aa b8 42 6c [0m
V (5582) intr_alloc: esp_intr_alloc_intrstatus (cpu 1): checking args[0m
V (5582) intr_alloc: esp_intr_alloc_intrstatus (cpu 1): Args okay. Resulting flags 0xE[0m
D (5592) intr_alloc: Connected src 76 to int 4 (cpu 1)[0m
[0;31mE (5602) wpa: curve: secp256r1[0m
[0;31mE (5602) wpa: prime len is 32[0m
[0;31mE (5602) wpa: Q_x: - hexdump(len=32):[0m
[0;31mE (5612) wpa: c3 13 8c 59 25 0f 26 09 6d d6 fa 71 20 b2 8e b4 [0m
[0;31mE (5612) wpa: 68 92 d7 fa b8 1c 03 9d cf 73 ab 25 7a 99 84 30 [0m
[0;31mE (5622) wpa: Q_y: - hexdump(len=32):[0m
[0;31mE (5622) wpa: 2a 4f b8 29 27 06 3f d5 ec dd 2b 5e fc 60 27 08 [0m
[0;31mE (5632) wpa: 02 bd 4a 6b 97 45 d4 b2 8c ff 81 c1 aa b8 42 6c [0m
[0;31mE (5642) wpa: d:      - hexdump(len=32):[0m
[0;31mE (5642) wpa: 00 00 00 00 00 00 00 00 00 00 00 00 00 00 00 00 [0m
[0;31mE (5652) wpa: 00 00 00 00 00 00 00 00 00 00 00 00 00 00 00 00 [0m
V (5652) intr_alloc: esp_intr_alloc_intrstatus (cpu 1): checking args[0m
V (5662) intr_alloc: esp_intr_alloc_intrstatus (cpu 1): Args okay. Resulting flags 0xE[0m
D (5672) intr_alloc: Connected src 77 to int 9 (cpu 1)[0m
D (5832) wpa: DPP: ECDH shared secret (M.x) - hexdump(len=32):[0m
D (5832) wpa: 96 b6 80 f4 df 2d 27 8b c2 24 fd 87 6b b7 50 ed [0m
D (5832) wpa: 7d e3 91 9d a8 d9 25 8d 90 9b d1 76 5f 2e ff c2 [0m
D (5832) wpa: DPP: PRK = HKDF-Extract(<>, IKM=M.x) - hexdump(len=32):[0m
D (5842) wpa: 0c b2 0f d3 dc 79 38 e3 7d 56 13 3d 5c 03 1b 8f [0m
D (5852) wpa: a0 7b 99 50 96 a8 9d 52 ea 4d 1c fd be 19 cf b6 [0m
D (5852) wpa: DPP: k1 = HKDF-Expand(PRK, info, L) - hexdump(len=32):[0m
D (5862) wpa: a1 ad 2d 41 d0 f2 33 db 7c 55 d2 55 39 04 a0 38 [0m
D (5862) wpa: 87 1a 3a 4e 19 c2 8a 8c f8 32 33 2c b2 31 0f 42 [0m
D (5872) wpa: DDP: AES-SIV AD[0] - hexdump(len=6):[0m
D (5882) wpa: 50 6f 9a 1a 01 00 [0m
D (5882) wpa: DDP: AES-SIV AD[1] - hexdump(len=140):[0m
D (5882) wpa: 02 10 20 00 40 d5 4d d8 97 a8 47 e2 09 39 e1 b7 [0m
D (5892) wpa: ee 15 d1 77 fc cf c8 fd e4 ac a4 98 01 8a e5 ed [0m
D (5902) wpa: 52 d4 65 7e 01 10 20 00 c6 03 82 78 d1 5a f0 e9 [0m
D (5902) wpa: a7 44 e4 16 68 28 f6 b3 13 50 4e 09 3c 28 d6 2e [0m
D (5912) wpa: 34 65 23 88 69 96 06 e8 03 10 40 00 c3 13 8c 59 [0m
D (5912) wpa: 25 0f 26 09 6d d6 fa 71 20 b2 8e b4 68 92 d7 fa [0m
D (5922) wpa: b8 1c 03 9d cf 73 ab 25 7a 99 84 30 2a 4f b8 29 [0m
D (5922) wpa: 27 06 3f d5 ec dd 2b 5e fc 60 27 08 02 bd 4a 6b [0m
D (5932) wpa: 97 45 d4 b2 8c ff 81 c1 aa b8 42 6c [0m
D (5942) wpa: DPP: AES-SIV ciphertext - hexdump(len=41):[0m
D (5942) wpa: 2a c9 38 04 cd 26 22 94 1e d5 b7 cb fb 68 d1 3f [0m
D (5952) wpa: d3 b0 11 45 e6 b9 1b 3f f6 11 2e bf dd 9b 8b c5 [0m
D (5952) wpa: 8e cd 36 64 e6 74 22 52 95 [0m
D (5962) wpa: DPP: AES-SIV cleartext - hexdump(len=25):[0m
D (5962) wpa: 05 10 10 00 d6 4d 31 e3 ad 9f 1c 58 35 f9 b6 2c [0m
D (5972) wpa: 22 23 8e 2c 06 10 01 00 02 [0m
V (5972) wpa: DPP: Attribute ID 1005 len 16[0m
V (5982) wpa: DPP: Attribute ID 1006 len 1[0m
D (5982) wpa: DPP: I-nonce - hexdump(len=16):[0m
D (5992) wpa: d6 4d 31 e3 ad 9f 1c 58 35 f9 b6 2c 22 23 8e 2c [0m
D (5992) wpa: DPP: I-capabilities: 0x02[0m
D (5992) wpa: DPP: Acting as Enrollee[0m
D (6002) wpa: DPP: Build Authentication Response[0m
D (6002) wpa: DPP: R-nonce - hexdump(len=16):[0m
D (6012) wpa: 26 72 9b 6d 1c 54 d7 53 df ff cf 0e 5e a5 f8 c5 [0m
D (6072) wpa: DPP: Generating a keypair[0m
[0;31mE (6072) wpa: curve: secp256r1[0m
[0;31mE (6072) wpa: prime len is 32[0m
[0;31mE (6072) wpa: Q_x: - hexdump(len=32):[0m
[0;31mE (6072) wpa: fa 3e 01 f1 5c 50 ba c5 02 f6 5d fb 06 8d f8 8a [0m
[0;31mE (6082) wpa: 21 03 0d c0 07 60 6a ba a7 ba c1 24 a6 f6 23 7a [0m
[0;31mE (6082) wpa: Q_y: - hexdump(len=32):[0m
[0;31mE (6092) wpa: f2 d3 13 25 ca 0e 1c 87 92 06 00 d5 b1 ae 76 6e [0m
[0;31mE (6102) wpa: 04 2d 7c d5 95 7c a2 c6 f9 12 93 26 a8 b2 26 b8 [0m
[0;31mE (6102) wpa: d:      - hexdump(len=32):[0m
[0;31mE (6112) wpa: 68 89 16 6f 8c b5 f0 77 3c e4 2b f0 e3 14 4e 4d [0m
[0;31mE (6112) wpa: d8 c3 51 1f 61 28 e6 3c 65 33 bf db 95 55 43 2b [0m
D (6272) wpa: DPP: ECDH shared secret (N.x) - hexdump(len=32):[0m
D (6272) wpa: ef c7 60 1d 78 d3 28 5f ce 7f f2 76 7a 9a 4f 78 [0m
D (6272) wpa: 4c b0 6e c5 46 53 e9 a0 c6 84 ff 51 9a 0b 05 e2 [0m
D (6282) wpa: DPP: PRK = HKDF-Extract(<>, IKM=N.x) - hexdump(len=32):[0m
D (6292) wpa: b0 d4 99 7a 88 df 6a d2 92 75 3c 33 bb 26 8b 6b [0m
D (6292) wpa: cc 17 62 e1 28 cb d6 d0 85 5c a2 83 d7 4b fc ec [0m
D (6302) wpa: DPP: k2 = HKDF-Expand(PRK, info, L) - hexdump(len=32):[0m
D (6302) wpa: d2 29 4f 52 3d 9f 0e 3e 55 33 f2 7a 37 57 4a d8 [0m
D (6312) wpa: f6 6d 22 44 ea 55 c6 23 5c 48 67 5f 95 a4 a3 45 [0m
D (6322) wpa: DPP: PRK = HKDF-Extract(<>, IKM) - hexdump(len=32):[0m
D (6322) wpa: a4 4c 80 40 bc b4 11 b7 78 17 a4 92 22 56 a1 4b [0m
D (6332) wpa: 08 62 1a ab 7a 6b 98 b0 ed 49 ec 04 a7 40 9f c9 [0m
D (6332) wpa: DPP: ke = HKDF-Expand(PRK, info, L) - hexdump(len=32):[0m
D (6342) wpa: 8f 78 25 39 bd 5d 9c a4 85 c6 94 52 b0 66 fc c7 [0m
D (6352) wpa: b5 65 1e d8 13 0f 91 1e 8f 10 c4 0e 97 79 bc eb [0m
D (6352) wpa: DPP: R-auth hash components[0m
D (6362) wpa: DPP: hash component - hexdump(len=16):[0m
D (6362) wpa: d6 4d 31 e3 ad 9f 1c 58 35 f9 b6 2c 22 23 8e 2c [0m
D (6372) wpa: DPP: hash component - hexdump(len=16):[0m
D (6372) wpa: 26 72 9b 6d 1c 54 d7 53 df ff cf 0e 5e a5 f8 c5 [0m
D (6382) wpa: DPP: hash component - hexdump(len=32):[0m
D (6382) wpa: c3 13 8c 59 25 0f 26 09 6d d6 fa 71 20 b2 8e b4 [0m
D (6392) wpa: 68 92 d7 fa b8 1c 03 9d cf 73 ab 25 7a 99 84 30 [0m
D (6402) wpa: DPP: hash component - hexdump(len=32):[0m
D (6402) wpa: fa 3e 01 f1 5c 50 ba c5 02 f6 5d fb 06 8d f8 8a [0m
D (6412) wpa: 21 03 0d c0 07 60 6a ba a7 ba c1 24 a6 f6 23 7a [0m
D (6412) wpa: DPP: hash component - hexdump(len=32):[0m
D (6422) wpa: aa 75 cd d4 d7 f1 86 06 de 83 b5 ff 17 b6 f0 2e [0m
D (6422) wpa: bb d7 1e 96 1a 06 3d b8 90 2f e7 92 ae f4 37 9d [0m
D (6432) wpa: DPP: hash component - hexdump(len=1):[0m
D (6432) wpa: 00 [0m
D (6442) wpa: DPP: R-auth - hexdump(len=32):[0m
D (6442) wpa: 45 fc 2f d6 ed af 29 63 cf de 6e ec 90 f5 a8 d0 [0m
D (6452) wpa: 34 7e e2 dc 45 bd bc a3 61 7e 3f 2d 0f 06 f9 4f [0m
D (6452) wpa: DPP: {R-auth}ke - hexdump(len=52):[0m
D (6462) wpa: 2c 4f 97 29 95 b8 4c 54 f6 d3 d9 0c dc 9b d1 f1 [0m
D (6462) wpa: 76 a1 2b f1 0b 50 86 34 06 f7 87 b7 7a e2 cd 59 [0m
D (6472) wpa: a6 f7 10 d8 28 bf d2 67 e7 c5 a2 04 7c d8 d1 e6 [0m
D (6472) wpa: e0 79 a1 ea [0m
D (6482) wpa: Setting auth resp retry to 0 0 [0m
D (6482) wpa: DPP: Status 0[0m
D (6482) wpa: DPP: R-Bootstrap Key Hash[0m
D (6492) wpa: DDP: AES-SIV AD[0] - hexdump(len=6):[0m
D (6492) wpa: 50 6f 9a 1a 01 01 [0m
D (6502) wpa: DDP: AES-SIV AD[1] - hexdump(len=109):[0m
D (6502) wpa: 00 10 01 00 00 02 10 20 00 40 d5 4d d8 97 a8 47 [0m
D (6512) wpa: e2 09 39 e1 b7 ee 15 d1 77 fc cf c8 fd e4 ac a4 [0m
D (6512) wpa: 98 01 8a e5 ed 52 d4 65 7e 09 10 40 00 fa 3e 01 [0m
D (6522) wpa: f1 5c 50 ba c5 02 f6 5d fb 06 8d f8 8a 21 03 0d [0m
D (6532) wpa: c0 07 60 6a ba a7 ba c1 24 a6 f6 23 7a f2 d3 13 [0m
D (6532) wpa: 25 ca 0e 1c 87 92 06 00 d5 b1 ae 76 6e 04 2d 7c [0m
D (6542) wpa: d5 95 7c a2 c6 f9 12 93 26 a8 b2 26 b8 [0m
D (6542) wpa: DPP: AES-SIV cleartext - hexdump(len=101):[0m
D (6552) wpa: 07 10 10 00 26 72 9b 6d 1c 54 d7 53 df ff cf 0e [0m
D (6552) wpa: 5e a5 f8 c5 05 10 10 00 d6 4d 31 e3 ad 9f 1c 58 [0m
D (6562) wpa: 35 f9 b6 2c 22 23 8e 2c 08 10 01 00 01 04 10 34 [0m
D (6572) wpa: 00 2c 4f 97 29 95 b8 4c 54 f6 d3 d9 0c dc 9b d1 [0m
D (6572) wpa: f1 76 a1 2b f1 0b 50 86 34 06 f7 87 b7 7a e2 cd [0m
D (6582) wpa: 59 a6 f7 10 d8 28 bf d2 67 e7 c5 a2 04 7c d8 d1 [0m
D (6582) wpa: e6 e0 79 a1 ea [0m
D (6592) wpa: DPP: AES-SIV ciphertext - hexdump(len=117):[0m
D (6592) wpa: 93 7f cc 94 66 d3 0e 03 f4 79 81 15 77 50 84 11 [0m
D (6602) wpa: 83 c9 93 71 73 5c 0c 16 eb 8e b0 3e eb 28 e7 7d [0m
D (6602) wpa: 8f 1e 3f e4 82 e7 1a e8 d9 61 ca 26 fe 34 9d 3c [0m
D (6612) wpa: 18 90 af f0 fb e1 0e f6 b9 0f 17 52 fc 8d 52 09 [0m
D (6622) wpa: 95 e3 8c 93 88 a8 18 3a aa 55 ce f4 da ae 5d 3f [0m
D (6622) wpa: 94 d1 64 b4 d7 99 55 8b d7 5e ab c2 14 1e 11 0a [0m
D (6632) wpa: 68 4d fa 53 f8 9d cb 4f 72 55 75 92 d7 bf c3 3f [0m
D (6632) wpa: 52 49 e7 c8 0d [0m
D (6642) wpa: DPP: Authentication Response frame attributes - hexdump(len=238):[0m
D (6642) wpa: 04 09 50 6f 9a 1a 01 01 00 10 01 00 00 02 10 20 [0m
D (6652) wpa: 00 40 d5 4d d8 97 a8 47 e2 09 39 e1 b7 ee 15 d1 [0m
D (6662) wpa: 77 fc cf c8 fd e4 ac a4 98 01 8a e5 ed 52 d4 65 [0m
D (6662) wpa: 7e 09 10 40 00 fa 3e 01 f1 5c 50 ba c5 02 f6 5d [0m
D (6672) wpa: fb 06 8d f8 8a 21 03 0d c0 07 60 6a ba a7 ba c1 [0m
D (6672) wpa: 24 a6 f6 23 7a f2 d3 13 25 ca 0e 1c 87 92 06 00 [0m
D (6682) wpa: d5 b1 ae 76 6e 04 2d 7c d5 95 7c a2 c6 f9 12 93 [0m
D (6682) wpa: 26 a8 b2 26 b8 04 10 75 00 93 7f cc 94 66 d3 0e [0m
D (6692) wpa: 03 f4 79 81 15 77 50 84 11 83 c9 93 71 73 5c 0c [0m
D (6702) wpa: 16 eb 8e b0 3e eb 28 e7 7d 8f 1e 3f e4 82 e7 1a [0m
D (6702) wpa: e8 d9 61 ca 26 fe 34 9d 3c 18 90 af f0 fb e1 0e [0m
D (6712) wpa: f6 b9 0f 17 52 fc 8d 52 09 95 e3 8c 93 88 a8 18 [0m
D (6712) wpa: 3a aa 55 ce f4 da ae 5d 3f 94 d1 64 b4 d7 99 55 [0m
D (6722) wpa: 8b d7 5e ab c2 14 1e 11 0a 68 4d fa 53 f8 9d cb [0m
D (6732) wpa: 4f 72 55 75 92 d7 bf c3 3f 52 49 e7 c8 0d [0m
D (6732) wpa: DPP: Mgmt Tx - MAC:8e:ff:3e:16:e0:96, Channel-6, WaitT-600[0m
V (6742) esp_adapter: thread sem get: sem=0x3fcb28a0[0m
D (6742) wifi:Send frame on channel 6 to 8e:ff:3e:16:e0:96

V (6752) wifi:change: chan<6,0>, dur<0,600>
V (6752) wifi:ht20 freq=2437, chan=6
V (6762) wifi:enter start op, arg=0x3fcb4374
D (6762) wifi:offchan_txop_start : 143
V (6762) wifi:start max timer
D (6772) wifi:tx_mgmt cb : 1636 status 1 
D (6772) wifi:tx data done, now:6791515
D (6772) wifi:woke up
D (6782) wpa: DPP: Rx Public Action frame: action - 9[0m
D (6782) event: running post WIFI_EVENT:19 with handler 0x4200a710 and context 0x3fca7f98 on loop 0x3fca6d0c[0m
D (6782) wpa: DPP: Authentication Confirmation from 8e:ff:3e:16:e0:96[0m
D (6792) event: running post WIFI_EVENT:19 with handler 0x4201563c and context 0x3fcb2560 on loop 0x3fca6d0c[0m
D (6802) wpa: ELOOP: esp_dpp_rx_auth_conf:278 called to remove timer handler=0x4201551c, removed count=0[0m
D (6812) wpa: Mgmt Tx Status - 0, Cookie - 0x42014ad0[0m
D (6822) wpa: DPP: Wrapped data - hexdump(len=52):[0m
D (6832) wpa: b2 94 4e 90 33 7d 77 aa e3 85 72 e8 d7 68 95 2f [0m
D (6832) wpa: bd c5 f7 ee 79 4c 0a 98 b7 e2 94 89 5f 18 32 70 [0m
D (6842) wpa: a5 75 85 f5 3c 09 3e 59 67 e0 cb ac d7 94 4e 81 [0m
D (6842) wpa: 54 50 7a 19 [0m
D (6852) wpa: DPP: Responder Bootstrapping Key Hash - hexdump(len=32):[0m
D (6852) wpa: 40 d5 4d d8 97 a8 47 e2 09 39 e1 b7 ee 15 d1 77 [0m
D (6862) wpa: fc cf c8 fd e4 ac a4 98 01 8a e5 ed 52 d4 65 7e [0m
D (6872) wpa: DPP: Status 0[0m
D (6872) wpa: DDP: AES-SIV AD[0] - hexdump(len=6):[0m
D (6872) wpa: 50 6f 9a 1a 01 02 [0m
D (6882) wpa: DDP: AES-SIV AD[1] - hexdump(len=41):[0m
D (6882) wpa: 00 10 01 00 00 02 10 20 00 40 d5 4d d8 97 a8 47 [0m
D (6892) wpa: e2 09 39 e1 b7 ee 15 d1 77 fc cf c8 fd e4 ac a4 [0m
D (6892) wpa: 98 01 8a e5 ed 52 d4 65 7e [0m
D (6902) wpa: DPP: AES-SIV ciphertext - hexdump(len=52):[0m
D (6902) wpa: b2 94 4e 90 33 7d 77 aa e3 85 72 e8 d7 68 95 2f [0m
D (6912) wpa: bd c5 f7 ee 79 4c 0a 98 b7 e2 94 89 5f 18 32 70 [0m
D (6912) wpa: a5 75 85 f5 3c 09 3e 59 67 e0 cb ac d7 94 4e 81 [0m
D (6922) wpa: 54 50 7a 19 [0m
D (6922) wpa: DPP: AES-SIV cleartext - hexdump(len=36):[0m
D (6932) wpa: 0a 10 20 00 e0 93 2a 8f 50 e9 d9 c0 ca 8a 36 0e [0m
D (6932) wpa: 29 ee b6 9d 98 00 61 d2 3d 11 52 44 eb 01 d3 9d [0m
D (6942) wpa: 28 8b 14 b9 [0m
V (6942) wpa: DPP: Attribute ID 100a len 32[0m
D (6952) wpa: DPP: Received Initiator Authenticating Tag - hexdump(len=32):[0m
D (6952) wpa: e0 93 2a 8f 50 e9 d9 c0 ca 8a 36 0e 29 ee b6 9d [0m
D (6962) wpa: 98 00 61 d2 3d 11 52 44 eb 01 d3 9d 28 8b 14 b9 [0m
D (6972) wpa: DPP: I-auth hash components[0m
D (6972) wpa: DPP: hash component - hexdump(len=16):[0m
D (6972) wpa: 26 72 9b 6d 1c 54 d7 53 df ff cf 0e 5e a5 f8 c5 [0m
D (6982) wpa: DPP: hash component - hexdump(len=16):[0m
D (6992) wpa: d6 4d 31 e3 ad 9f 1c 58 35 f9 b6 2c 22 23 8e 2c [0m
D (6992) wpa: DPP: hash component - hexdump(len=32):[0m
D (7002) wpa: fa 3e 01 f1 5c 50 ba c5 02 f6 5d fb 06 8d f8 8a [0m
D (7002) wpa: 21 03 0d c0 07 60 6a ba a7 ba c1 24 a6 f6 23 7a [0m
D (7012) wpa: DPP: hash component - hexdump(len=32):[0m
D (7012) wpa: c3 13 8c 59 25 0f 26 09 6d d6 fa 71 20 b2 8e b4 [0m
D (7022) wpa: 68 92 d7 fa b8 1c 03 9d cf 73 ab 25 7a 99 84 30 [0m
D (7032) wpa: DPP: hash component - hexdump(len=32):[0m
D (7032) wpa: aa 75 cd d4 d7 f1 86 06 de 83 b5 ff 17 b6 f0 2e [0m
D (7042) wpa: bb d7 1e 96 1a 06 3d b8 90 2f e7 92 ae f4 37 9d [0m
D (7042) wpa: DPP: hash component - hexdump(len=1):[0m
D (7052) wpa: 01 [0m
D (7052) wpa: DPP: I-auth - hexdump(len=32):[0m
D (7052) wpa: e0 93 2a 8f 50 e9 d9 c0 ca 8a 36 0e 29 ee b6 9d [0m
D (7062) wpa: 98 00 61 d2 3d 11 52 44 eb 01 d3 9d 28 8b 14 b9 [0m
D (7072) wpa: DPP: Calculated Initiator Authenticating Tag - hexdump(len=32):[0m
D (7072) wpa: e0 93 2a 8f 50 e9 d9 c0 ca 8a 36 0e 29 ee b6 9d [0m
D (7082) wpa: 98 00 61 d2 3d 11 52 44 eb 01 d3 9d 28 8b 14 b9 [0m
D (7082) wpa: DPP: Authentication success - clear temporary keys[0m
D (7092) wpa: DPP: Build configuration request[0m
D (7092) wpa: DPP: E-nonce - hexdump(len=16):[0m
D (7102) wpa: 30 0b 04 49 0b da 90 b1 ad 2e 1d 7f b3 8c f2 57 [0m
D (7112) wpa: DPP: configRequest JSON - hexdump(len=71):[0m
D (7112) wpa: 7b 22 6e 61 6d 65 22 3a 22 54 65 73 74 22 2c 22 [0m
D (7122) wpa: 77 69 2d 66 69 5f 74 65 63 68 22 3a 22 69 6e 66 [0m
D (7122) wpa: 72 61 22 2c 22 6e 65 74 52 6f 6c 65 22 3a 22 73 [0m
D (7132) wpa: 74 61 22 2c 22 62 61 6e 64 53 75 70 70 6f 72 74 [0m
D (7132) wpa: 22 3a 5b 38 31 5d 7d [0m
D (7142) wpa: DPP: AES-SIV cleartext - hexdump(len=95):[0m
D (7142) wpa: 14 10 10 00 30 0b 04 49 0b da 90 b1 ad 2e 1d 7f [0m
D (7152) wpa: b3 8c f2 57 0e 10 47 00 7b 22 6e 61 6d 65 22 3a [0m
D (7152) wpa: 22 54 65 73 74 22 2c 22 77 69 2d 66 69 5f 74 65 [0m
D (7162) wpa: 63 68 22 3a 22 69 6e 66 72 61 22 2c 22 6e 65 74 [0m
D (7172) wpa: 52 6f 6c 65 22 3a 22 73 74 61 22 2c 22 62 61 6e [0m
D (7172) wpa: 64 53 75 70 70 6f 72 74 22 3a 5b 38 31 5d 7d [0m
D (7182) wpa: DPP: AES-SIV ciphertext - hexdump(len=111):[0m
D (7182) wpa: f6 20 1d 5e 37 13 a7 05 04 44 f1 9d d4 d7 97 8c [0m
D (7192) wpa: e4 a4 e2 7b 81 b5 29 2f 83 80 94 d7 8f df 3d 02 [0m
D (7202) wpa: 40 66 e9 bb f3 1a de 04 ed 1f f4 d5 40 14 3c 7d [0m
D (7202) wpa: 24 45 d4 41 c2 30 8f 4b ea 85 b6 aa 3d d2 cb 32 [0m
D (7212) wpa: ae 74 ce 7d 35 a6 c9 63 fc bb a0 08 23 eb a2 c4 [0m
D (7212) wpa: b1 54 cc 90 11 00 28 1c 40 38 4d 86 40 6d 19 92 [0m
D (7222) wpa: 1a a0 38 be 45 3c 9a 7a 63 64 b0 1c da 46 f3 [0m
D (7222) wpa: DPP: Configuration Request frame attributes - hexdump(len=115):[0m
D (7232) wpa: 04 10 6f 00 f6 20 1d 5e 37 13 a7 05 04 44 f1 9d [0m
D (7242) wpa: d4 d7 97 8c e4 a4 e2 7b 81 b5 29 2f 83 80 94 d7 [0m
D (7242) wpa: 8f df 3d 02 40 66 e9 bb f3 1a de 04 ed 1f f4 d5 [0m
D (7252) wpa: 40 14 3c 7d 24 45 d4 41 c2 30 8f 4b ea 85 b6 aa [0m
D (7262) wpa: 3d d2 cb 32 ae 74 ce 7d 35 a6 c9 63 fc bb a0 08 [0m
D (7262) wpa: 23 eb a2 c4 b1 54 cc 90 11 00 28 1c 40 38 4d 86 [0m
D (7272) wpa: 40 6d 19 92 1a a0 38 be 45 3c 9a 7a 63 64 b0 1c [0m
D (7272) wpa: da 46 f3 [0m
V (7282) wpa: DPP: GAS Config Request - hexdump(len=130):[0m
V (7282) wpa: 04 0a 00 6c 08 7f dd 05 50 6f 9a 1a 01 73 00 04 [0m
V (7292) wpa: 10 6f 00 f6 20 1d 5e 37 13 a7 05 04 44 f1 9d d4 [0m
V (7292) wpa: d7 97 8c e4 a4 e2 7b 81 b5 29 2f 83 80 94 d7 8f [0m
V (7302) wpa: df 3d 02 40 66 e9 bb f3 1a de 04 ed 1f f4 d5 40 [0m
V (7302) wpa: 14 3c 7d 24 45 d4 41 c2 30 8f 4b ea 85 b6 aa 3d [0m
V (7312) wpa: d2 cb 32 ae 74 ce 7d 35 a6 c9 63 fc bb a0 08 23 [0m
V (7322) wpa: eb a2 c4 b1 54 cc 90 11 00 28 1c 40 38 4d 86 40 [0m
V (7322) wpa: 6d 19 92 1a a0 38 be 45 3c 9a 7a 63 64 b0 1c da [0m
V (7332) wpa: 46 f3 [0m
D (7332) wpa: DPP: GAS request to 8e:ff:3e:16:e0:96 (chan 6)[0m
D (7342) wpa: DPP: Mgmt Tx - MAC:8e:ff:3e:16:e0:96, Channel-6, WaitT-600[0m
V (7342) esp_adapter: thread sem get: sem=0x3fcb28a0[0m
D (7352) wifi:OFFCHAN-Tx: Ending op at 7.0, returning to Channel 1
V (7352) wifi:back home chan=<1,0>, current chan=<6,0>
V (7362) wifi:ht20 freq=2412, chan=1
D (7362) wifi:Send frame on channel 6 to 8e:ff:3e:16:e0:96

V (7372) wifi:change: chan<6,0>, dur<0,600>
V (7372) wifi:ht20 freq=2437, chan=6
V (7382) wifi:enter start op, arg=0x3fcb4484
D (7382) wifi:offchan_txop_start : 143
V (7382) wifi:start max timer
D (7392) wpa: ELOOP: Added one timer from esp_dpp_rx_auth_conf:291 to call 0x42014bdc, current order=0[0m
D (7392) wifi:tx_mgmt cb : 1636 status 1 
D (7402) wifi:tx data done, now:7420014
D (7402) wifi:woke up
D (7402) wpa: DPP: Rx Public Action frame: action - 11[0m
D (7402) event: running post WIFI_EVENT:19 with handler 0x4200a710 and context 0x3fca7f98 on loop 0x3fca6d0c[0m
D (7412) wpa: DPP: Gas response received[0m
D (7422) event: running post WIFI_EVENT:19 with handler 0x4201563c and context 0x3fcb2560 on loop 0x3fca6d0c[0m
V (7422) wpa: DPP: Attribute ID 1000 len 1[0m
D (7432) wpa: Mgmt Tx Status - 0, Cookie - 0x42014ad0[0m
V (7442) wpa: DPP: Attribute ID 1004 len 139[0m
D (7452) wpa: DPP: AES-SIV ciphertext - hexdump(len=139):[0m
D (7452) wpa: 63 72 8e 65 8d d3 36 c5 69 6a 5c a5 3e 29 06 37 [0m
D (7462) wpa: e3 3f c5 dc 5c 8b 05 0b 18 73 29 e9 1c e5 f8 30 [0m
D (7462) wpa: d7 78 3f 27 98 52 3b 61 dc d6 d8 60 6d 07 89 2e [0m
D (7472) wpa: 93 70 d0 77 85 c6 bc 83 e1 9c 7a 32 90 fd b4 ca [0m
D (7482) wpa: b5 d9 9b e1 fd f4 15 39 ca 4d 1d 37 a4 2a 9b 8f [0m
D (7482) wpa: d7 73 65 37 87 91 bf 92 95 66 f4 e1 a7 11 32 79 [0m
D (7492) wpa: 26 de 87 1e de b8 a9 5c 0b 2e 43 3a f0 b1 8c 90 [0m
D (7492) wpa: bf 58 31 ec cc 01 68 15 cf c5 7e 19 1d 17 81 ba [0m
D (7502) wpa: 2c ca 3d 4c 34 9c 78 a6 0e 4d 48 [0m
D (7502) wpa: DDP: AES-SIV AD - hexdump(len=5):[0m
D (7512) wpa: 00 10 01 00 00 [0m
D (7512) wpa: DPP: AES-SIV cleartext - hexdump(len=123):[0m
D (7522) wpa: 14 10 10 00 30 0b 04 49 0b da 90 b1 ad 2e 1d 7f [0m
D (7522) wpa: b3 8c f2 57 0c 10 63 00 7b 22 77 69 2d 66 69 5f [0m
D (7532) wpa: 74 65 63 68 22 3a 22 69 6e 66 72 61 22 2c 22 64 [0m
D (7532) wpa: 69 73 63 6f 76 65 72 79 22 3a 7b 22 73 73 69 64 [0m
D (7542) wpa: 22 3a 22 54 6f 76 61 6c 61 2d 74 75 72 72 69 73 [0m
D (7552) wpa: 22 7d 2c 22 63 72 65 64 22 3a 7b 22 61 6b 6d 22 [0m
D (7552) wpa: 3a 22 70 73 6b 22 2c 22 70 61 73 73 22 3a 22 6d [0m
D (7562) wpa: 69 63 72 6f 77 61 76 65 22 7d 7d [0m
V (7562) wpa: DPP: Attribute ID 1014 len 16[0m
V (7572) wpa: DPP: Attribute ID 100c len 99[0m
D (7572) wpa: DPP: Enrollee Nonce - hexdump(len=16):[0m
D (7582) wpa: 30 0b 04 49 0b da 90 b1 ad 2e 1d 7f b3 8c f2 57 [0m
D (7582) wpa: DPP: Status 0[0m
D (7582) wpa: DPP: configurationObject JSON - hexdump(len=99):[0m
D (7592) wpa: 7b 22 77 69 2d 66 69 5f 74 65 63 68 22 3a 22 69 [0m
D (7602) wpa: 6e 66 72 61 22 2c 22 64 69 73 63 6f 76 65 72 79 [0m
D (7602) wpa: 22 3a 7b 22 73 73 69 64 22 3a 22 54 6f 76 61 6c [0m
D (7612) wpa: 61 2d 74 75 72 72 69 73 22 7d 2c 22 63 72 65 64 [0m
D (7612) wpa: 22 3a 7b 22 61 6b 6d 22 3a 22 70 73 6b 22 2c 22 [0m
D (7622) wpa: 70 61 73 73 22 3a 22 6d 69 63 72 6f 77 61 76 65 [0m
D (7632) wpa: 22 7d 7d [0m
V (7632) wpa: JSON: String value: 'wi-fi_tech' = 'infra'[0m
V (7632) wpa: JSON: String value: 'ssid' = '#############'[0m
V (7642) wpa: JSON: String value: 'akm' = 'psk'[0m
V (7642) wpa: JSON: String value: 'pass' = '#############'[0m
D (7652) wpa: DPP: discovery::ssid - hexdump(len=13):[0m
D (7652) wpa: 54 6f 76 61 6c 61 2d 74 75 72 72 69 73 [0m
D (7662) wpa: DPP: Legacy akm=psk credential[0m
D (7662) wpa: DPP: Legacy passphrase - hexdump(len=9):[0m
D (7672) wpa: 6d 69 63 72 6f 77 61 76 65 [0m
D (7672) wpa: DPP: JSON parsing completed successfully[0m
D (7682) wpa: ELOOP: gas_query_resp_rx:337 called to remove timer handler=0x42014bdc, removed count=1[0m
V (7692) esp_adapter: thread sem get: sem=0x3fcb28a0[0m
D (7692) wifi:clear blacklist
D (7702) nvs: nvs_get_str_or_blob sta.ssid[0m
D (7702) nvs: nvs_get sta.pmf_e 1[0m
[0;32mI (7702) wifi dpp-enrollee: DPP Authentication successful, connecting to AP : #############[0m
V (7712) esp_adapter: thread sem get: sem=0x3fcb28a0[0m
D (7722) wifi:Start wifi connect
D (7722) wifi:connect status 0 -> 0
D (7722) wifi:connect chan=0
D (7732) wifi:first chan=6
D (7732) wifi:connect status 0 -> 1
D (7732) wifi:OFFCHAN-Tx: Ending op at 7.0, returning to Channel 1
V (7742) wifi:back home chan=<1,0>, current chan=<6,0>
V (7742) wifi:ht20 freq=2412, chan=1
D (7752) wifi:filter: set rx policy=3
D (7752) wifi:clear scan ap list
D (7752) wifi:start scan: type=0x50f, priority=2, cb=0x4205391c, arg=0x0, ss_state=0x1, time=7773701, index=0
V (7762) wifi:inter_channel_timeout: arg=0x0, ss_state=0x1
D (7772) wifi:perform scan: ss_state=0x9, chan<6,0>, dur<0,120>
V (7772) wifi:change: chan<6,0>, dur<0,120>
V (7782) wifi:ht20 freq=2437, chan=6
V (7782) wifi:enter start op, arg=0x3fc9e0aa
V (7782) wifi:scan operation: state=0x3, chan<6,0>, arg=0x3fc9e0aa, status=0
V (7792) wifi:scan specific ssid=#############
V (7792) wifi:start max timer
D (7802) wifi:tx data done, now:7820003
D (7802) wifi:3011 : no offchan in progress
D (7802) wifi:woke up
D (7812) wifi:rsn valid: gcipher=3 ucipher=3 akm=9 mac=04:f0:21:8f:78:38
V (7812) wifi:updated connection retries to 0
D (7822) wpa: rsn_ie - hexdump(len=30):[0m
D (7822) wpa: 30 1c 01 00 00 0f ac 04 01 00 00 0f ac 04 03 00 [0m
D (7832) wpa: 00 0f ac 02 00 0f ac 06 00 0f ac 08 8c 00 [0m
D (7832) wifi:profile match: ss_state=0x7
V (7842) wifi:scan histroy table is not full yet, add
V (7842) wifi:add ssid=#############, chan=6 to scan history
D (7852) wifi:rsn valid: gcipher=3 ucipher=3 akm=9 mac=04:f0:21:8f:78:38
D (7852) wifi:set max rate: from <rate=130, phy=3, sig=0> to <rate=144, phy=3 sig=0>
D (7862) wifi:sig_b=1, sig_g=0, sig_n=0, max_b=0, max_g=108, max_n=144
D (7872) wifi:profile match: ss_state=0x7
V (7872) wifi:update scan history ssid=#############, channel=6
D (7882) wifi:scan end: arg=0x0, status=0, ss_state=0x7
D (7882) wifi:find first mathched ssid, scan done
V (7892) wifi:back home chan=<1,0>, current chan=<6,0>
V (7892) wifi:ht20 freq=2412, chan=1
D (7892) wifi:filter: set rx policy=4
D (7902) wifi:first chan=1
V (7902) wifi:scan_done: arg=0x0, status=0, cur_time=7920892, scan_id=128, scan state=0
V (7912) wifi:call scan_done cb, arg=0x0
D (7912) wifi:handoff_cb: status=0
V (7912) wifi:best bss has set.
D (7922) wifi:ap found, mac=04:f0:21:8f:78:38
V (7922) wifi:bssid=04:f0:21:8f:78:38, LR=0
D (7922) wifi:new_bss=0x3fc9e3a8, cur_bss=0x0, new_chan=<6,0>, cur_chan=1
D (7932) wifi:filter: set rx policy=5
D (7932) wpa: WPA: set AP RSNXE - hexdump(len=3):[0m
D (7942) wpa: f4 01 20 [0m
D (7942) wpa: SAE-PK: Not a valid password (length)[0m
I (7952) wifi:new:<6,0>, old:<1,0>, ap:<255,255>, sta:<6,0>, prof:1
V (7952) wifi:ht20 freq=2437, chan=6
D (7962) wifi:connect_op: status=0, auth=9, cipher=3 
D (7962) wpa: RSN: PMKSA cache search - network_ctx=0x0 try_opportunistic=0[0m
D (7972) wpa: RSN: Search for BSSID 04:f0:21:8f:78:38[0m
D (7972) wpa: RSN: No PMKSA cache entry found[0m
D (7982) wpa: RSN: set own RSNXE - hexdump(len=3):[0m
D (7982) wpa: f4 01 20 [0m
D (7982) wifi:auth mode is not none
D (7992) wifi:connect_bss: auth=1, reconnect=0
I (7992) wifi:state: init -> auth (b0)
D (8002) wpa: SAE: Derive PT - group 19[0m
D (8002) wpa: SAE: SSID - hexdump(len=13):[0m
D (8002) wpa: 54 6f 76 61 6c 61 2d 74 75 72 72 69 73 [0m
D (8012) wpa: SAE: password - hexdump(len=9):[0m
D (8012) wpa: 6d 69 63 72 6f 77 61 76 65 [0m
D (8022) wpa: SAE: pwd-seed - hexdump(len=32):[0m
D (8022) wpa: 24 d5 57 bd e4 96 bd 57 14 22 ed c6 65 84 73 6e [0m
D (8032) wpa: de 0d 0b 5d 69 08 ba b5 03 20 2a d2 f4 f8 4f f7 [0m
D (8032) wpa: SAE: pwd-value (u1 P1) - hexdump(len=48):[0m
D (8042) wpa: 92 58 a1 b9 0e 20 ec 6d 64 2e 4f 96 a6 02 34 48 [0m
D (8042) wpa: 46 67 c4 20 3e 44 95 35 99 c1 94 63 a7 1f 5d b6 [0m
D (8052) wpa: 8f c6 8c a7 fb 9e d9 cc bb 77 62 dc d0 57 d7 a8 [0m
D (8062) wpa: SAE: u1 - hexdump(len=32):[0m
D (8062) wpa: 4b f0 6a 41 34 14 11 56 f9 48 06 3d 34 d0 21 b3 [0m
D (8072) wpa: aa 47 4c 3c 9c 18 67 f3 2d c6 9e e0 48 2f b9 cd [0m
D (8072) wpa: SSWU: m - hexdump(len=32):[0m
D (8082) wpa: 22 c4 17 f9 c9 df 82 c0 03 a0 78 b3 7b 34 9f 3f [0m
D (8082) wpa: 82 ac bc 99 23 5c a6 14 50 c2 64 20 ec 55 0d f9 [0m
D (8092) event: running post WIFI_EVENT:40 with handler 0x4200a710 and context 0x3fca7f98 on loop 0x3fca6d0c[0m
D (8092) wpa: SSWU: t - hexdump(len=32):[0m
D (8102) wpa: 99 15 5b b8 92 d4 a1 5e 25 f1 6e 3c cf 2d 45 db [0m
D (8112) wpa: 53 63 2f f3 20 e4 7a 1f e8 01 33 cf 97 bb 51 86 [0m
D (8122) wpa: SSWU: x1a = b / (z * a) - hexdump(len=32):[0m
D (8122) wpa: a5 28 bd 86 96 bd af 99 6c 65 b9 82 d9 49 59 d3 [0m
D (8132) wpa: 14 6f e6 a0 20 69 30 90 bd ba 13 13 23 75 f2 24 [0m
D (8142) wpa: SSWU: x1b = (-b/a) * (1 + t) - hexdump(len=32):[0m
D (8142) wpa: c6 40 cf 89 cb 99 32 70 6b b9 9c 24 16 be c7 95 [0m
D (8142) wpa: 4f a6 cf aa 95 9b e5 be ce ff 0c 43 85 49 d4 e1 [0m
D (8152) wpa: SSWU: x1 = CSEL(l, x1a, x1b) - hexdump(len=32):[0m
D (8152) wpa: c6 40 cf 89 cb 99 32 70 6b b9 9c 24 16 be c7 95 [0m
D (8162) wpa: 4f a6 cf aa 95 9b e5 be ce ff 0c 43 85 49 d4 e1 [0m
D (8172) wpa: SSWU: gx1 = x1^3 + a * x1 + b - hexdump(len=32):[0m
D (8172) wpa: 94 d6 6c 53 de 50 f1 d4 f8 67 54 5b 51 cb 2f 23 [0m
D (8182) wpa: 45 4c fe 21 1b 65 7f 77 15 b6 7e cc 00 d2 ce cb [0m
D (8192) wpa: SSWU: x2 = z * u^2 * x1 - hexdump(len=32):[0m
D (8192) wpa: c9 6b be c4 9f 34 ee a6 da 1d 5f f3 79 20 d7 c0 [0m
D (8202) wpa: 92 44 1f 5b 53 b1 d5 7a c3 d2 d2 d8 af 73 9a e4 [0m
D (8202) wpa: SSWU: gx2 = x2^3 + a * x2 + b - hexdump(len=32):[0m
D (8212) wpa: d1 65 2c 8a 83 fb c5 66 72 39 75 5c 52 41 1c 9b [0m
D (8212) wpa: b5 5b 3a ba 02 bb 27 f0 00 6d 50 37 35 a3 c3 60 [0m
D (8222) wpa: SSWU: gx1^((p-1)/2) modulo p - hexdump(len=32):[0m
D (8222) wpa: 7f ff ff ff 80 00 00 00 80 00 00 00 00 00 00 00 [0m
D (8232) wpa: 00 00 00 00 7f ff ff ff ff ff ff ff ff ff ff ff [0m
D (8242) wpa: SSWU: v = CSEL(l, gx1, gx2) - hexdump(len=32):[0m
D (8242) wpa: d1 65 2c 8a 83 fb c5 66 72 39 75 5c 52 41 1c 9b [0m
D (8252) wpa: b5 5b 3a ba 02 bb 27 f0 00 6d 50 37 35 a3 c3 60 [0m
D (8252) wpa: SSWU: x = CSEL(l, x1, x2) - hexdump(len=32):[0m
D (8262) wpa: c9 6b be c4 9f 34 ee a6 da 1d 5f f3 79 20 d7 c0 [0m
D (8272) wpa: 92 44 1f 5b 53 b1 d5 7a c3 d2 d2 d8 af 73 9a e4 [0m
D (8272) wpa: SSWU: y = sqrt(v) - hexdump(len=32):[0m
D (8282) wpa: be d9 68 dd bd 84 b3 ea 6d 35 08 41 5a 02 06 50 [0m
D (8282) wpa: 7f c9 79 3a 65 31 13 db b1 d8 13 1e ce cf bd c5 [0m
D (8292) wpa: SSWU: p - y - hexdump(len=32):[0m
D (8292) wpa: 41 26 97 21 42 7b 4c 16 92 ca f7 be a5 fd f9 af [0m
D (8302) wpa: 80 36 86 c6 9a ce ec 24 4e 27 ec e1 31 30 42 3a [0m
D (8302) wpa: SSWU: P.x - hexdump(len=32):[0m
D (8312) wpa: c9 6b be c4 9f 34 ee a6 da 1d 5f f3 79 20 d7 c0 [0m
D (8312) wpa: 92 44 1f 5b 53 b1 d5 7a c3 d2 d2 d8 af 73 9a e4 [0m
D (8322) wpa: SSWU: P.y - hexdump(len=32):[0m
D (8322) wpa: be d9 68 dd bd 84 b3 ea 6d 35 08 41 5a 02 06 50 [0m
D (8332) wpa: 7f c9 79 3a 65 31 13 db b1 d8 13 1e ce cf bd c5 [0m
D (8342) wpa: SAE: pwd-value (u2 P2) - hexdump(len=48):[0m
D (8342) wpa: fc ec 6e 65 4a 25 1a a9 10 91 53 f0 45 f5 e4 22 [0m
D (8352) wpa: 4e b9 e6 9b 09 a0 25 6d 36 32 4b 87 6e db af b0 [0m
D (8352) wpa: ef c4 3a 0d 6a aa e5 5c 49 e8 a2 95 8a 0c 47 92 [0m
D (8362) wpa: SAE: u2 - hexdump(len=32):[0m
D (8362) wpa: 4d 9e 41 ad b3 18 ed 5a ef 20 c2 79 14 25 41 19 [0m
D (8372) wpa: 93 15 de c7 b1 bc 6e 6a a4 9f 11 2d e3 a7 11 3e [0m
D (8382) wpa: SSWU: m - hexdump(len=32):[0m
D (8382) wpa: df ea e1 b5 24 db 64 e2 af 65 a4 aa 8c 0c e5 f7 [0m
D (8382) wpa: 40 b2 d9 be 54 97 5e 8c 55 96 3d ee 17 a9 95 bb [0m
D (8392) wpa: SSWU: t - hexdump(len=32):[0m
D (8392) wpa: 3f a7 25 21 f0 e8 4e 5c fc 8a 49 21 e3 13 0f 0b [0m
D (8402) wpa: 41 86 bb 64 19 ae 13 45 96 85 50 be 16 57 f3 16 [0m
D (8412) wpa: SSWU: x1a = b / (z * a) - hexdump(len=32):[0m
D (8412) wpa: a5 28 bd 86 96 bd af 99 6c 65 b9 82 d9 49 59 d3 [0m
D (8422) wpa: 14 6f e6 a0 20 69 30 90 bd ba 13 13 23 75 f2 24 [0m
D (8432) wpa: SSWU: x1b = (-b/a) * (1 + t) - hexdump(len=32):[0m
D (8432) wpa: b5 21 84 1c 2d b5 19 95 3c a3 8d 22 04 86 3d dc [0m
D (8442) wpa: 81 fb 2d ed 2a db 6f e4 7a a3 8a 09 47 5f e7 88 [0m
D (8442) wpa: SSWU: x1 = CSEL(l, x1a, x1b) - hexdump(len=32):[0m
D (8452) wpa: b5 21 84 1c 2d b5 19 95 3c a3 8d 22 04 86 3d dc [0m
D (8452) wpa: 81 fb 2d ed 2a db 6f e4 7a a3 8a 09 47 5f e7 88 [0m
D (8462) wpa: SSWU: gx1 = x1^3 + a * x1 + b - hexdump(len=32):[0m
D (8462) wpa: 6a 75 85 6d 9e 7c 9a c9 5a fc 5c 7d aa b7 00 23 [0m
D (8472) wpa: 71 ee 0b db 40 f5 1d 3f 8f 48 b1 77 2a 88 78 47 [0m
D (8482) wpa: SSWU: x2 = z * u^2 * x1 - hexdump(len=32):[0m
D (8482) wpa: 98 b2 9a 5d b8 ae db dc 18 2e 64 ba 78 4e 8a 3d [0m
D (8492) wpa: 19 cd 55 93 e0 1a c3 d0 77 6f 9e a1 ce 84 8d bb [0m
D (8502) wpa: SSWU: gx2 = x2^3 + a * x2 + b - hexdump(len=32):[0m
D (8502) wpa: a7 c4 95 b1 0a ba 37 1c 7d 33 9c 0a b3 ae 1e 22 [0m
D (8512) wpa: 89 d4 37 6f fc 03 cb f0 7b 25 ca 49 56 ed 4d 57 [0m
D (8512) wpa: SSWU: gx1^((p-1)/2) modulo p - hexdump(len=32):[0m
D (8522) wpa: 7f ff ff ff 80 00 00 00 80 00 00 00 00 00 00 00 [0m
D (8522) wpa: 00 00 00 00 7f ff ff ff ff ff ff ff ff ff ff ff [0m
D (8532) wpa: SSWU: v = CSEL(l, gx1, gx2) - hexdump(len=32):[0m
D (8532) wpa: 6a 75 85 6d 9e 7c 9a c9 5a fc 5c 7d aa b7 00 23 [0m
D (8542) wpa: 71 ee 0b db 40 f5 1d 3f 8f 48 b1 77 2a 88 78 47 [0m
D (8552) wpa: SSWU: x = CSEL(l, x1, x2) - hexdump(len=32):[0m
D (8552) wpa: b5 21 84 1c 2d b5 19 95 3c a3 8d 22 04 86 3d dc [0m
D (8562) wpa: 81 fb 2d ed 2a db 6f e4 7a a3 8a 09 47 5f e7 88 [0m
D (8572) wpa: SSWU: y = sqrt(v) - hexdump(len=32):[0m
D (8572) wpa: ec 60 53 ed 22 59 75 f3 f9 9b e6 34 94 78 e2 84 [0m
D (8572) wpa: f1 b4 90 f6 c1 40 d8 84 33 0f b7 a3 8f e6 91 41 [0m
D (8582) wpa: SSWU: p - y - hexdump(len=32):[0m
D (8592) wpa: 13 9f ac 11 dd a6 8a 0d 06 64 19 cb 6b 87 1d 7b [0m
D (8592) wpa: 0e 4b 6f 0a 3e bf 27 7b cc f0 48 5c 70 19 6e be [0m
D (8602) wpa: SSWU: P.x - hexdump(len=32):[0m
D (8602) wpa: b5 21 84 1c 2d b5 19 95 3c a3 8d 22 04 86 3d dc [0m
D (8612) wpa: 81 fb 2d ed 2a db 6f e4 7a a3 8a 09 47 5f e7 88 [0m
D (8612) wpa: SSWU: P.y - hexdump(len=32):[0m
D (8622) wpa: 13 9f ac 11 dd a6 8a 0d 06 64 19 cb 6b 87 1d 7b [0m
D (8622) wpa: 0e 4b 6f 0a 3e bf 27 7b cc f0 48 5c 70 19 6e be [0m
D (8642) wpa: SAE: Selecting supported ECC group 19[0m
D (8642) wpa: SAE: Derive PWE from PT[0m
D (8642) wpa: SAE: PT.x - hexdump(len=32):[0m
D (8642) wpa: 5e 56 ac 85 c2 72 a4 cd 38 6d a8 06 8b 16 c1 43 [0m
D (8652) wpa: e0 2d 20 99 89 dc 11 35 ae dc a3 49 a1 83 d7 88 [0m
D (8652) wpa: SAE: PT.y - hexdump(len=32):[0m
D (8662) wpa: aa fa 7a f5 02 2c 8c e9 b1 48 10 ff c1 08 00 d3 [0m
D (8662) wpa: ad 99 e5 1b 07 39 e7 cd 99 28 0e 5b 6b 2c 1f 43 [0m
D (8672) wpa: SAE: val = H(0^n, MAX(addrs) || MIN(addrs))[0m
D (8682) wpa: SAE: val - hexdump(len=32):[0m
D (8682) wpa: fd 57 57 36 8e 3c 67 38 67 51 7b 06 72 d2 0a c2 [0m
D (8682) wpa: 15 06 a4 7a 4f d1 c8 94 80 82 fe c2 50 08 27 0f [0m
D (8692) wpa: SAE: val(reduced to 1..q-1) - hexdump(len=32):[0m
D (8702) wpa: fd 57 57 36 8e 3c 67 38 67 51 7b 06 72 d2 0a c2 [0m
D (8702) wpa: 15 06 a4 7a 4f d1 c8 94 80 82 fe c2 50 08 27 10 [0m
D (8862) wpa: SAE: PWE.x - hexdump(len=32):[0m
D (8862) wpa: d5 06 0e 8d 73 a9 23 d7 5f 4b a4 c1 ad 4d 48 23 [0m
D (8862) wpa: b8 52 ef 6a 16 14 7f 2f 34 46 5c ef cc 8f ff 48 [0m
D (8872) wpa: SAE: PWE.y - hexdump(len=32):[0m
D (8872) wpa: c6 c2 8a b3 39 d2 5a 4f 49 b4 9b c1 c9 ba df 48 [0m
D (8882) wpa: c5 8a 58 bd 46 f0 76 7c 13 04 7a 7e da b1 4f 81 [0m
D (9042) wpa: SAE: own commit-scalar - hexdump(len=32):[0m
D (9042) wpa: 08 55 67 b4 c4 ae 1c 55 b0 8f 7e 3e 65 4a 8d fe [0m
D (9042) wpa: 6b 83 39 23 7c 0a 6c d8 02 fa 09 e8 6e f2 09 42 [0m
D (9042) wpa: SAE: own commit-element(x) - hexdump(len=32):[0m
D (9052) wpa: 56 67 a7 d6 57 47 d5 72 54 64 32 eb 8e 39 8f 05 [0m
D (9062) wpa: 06 2b b4 eb 8a 40 d4 5e d6 4d d0 16 7f 61 44 ea [0m
D (9062) wpa: SAE: own commit-element(y) - hexdump(len=32):[0m
D (9072) wpa: 4e de d8 d9 8c 1c 15 20 37 5d 22 1a a7 60 94 84 [0m
D (9072) wpa: 87 28 0f 0e b9 26 9e e7 55 b1 7f df 77 75 31 28 [0m
D (9082) wifi:start 1s AUTH timer
D (9082) wifi:clear scan ap list
D (9092) wifi:tx data done, now:9108451
D (9092) wifi:3011 : no offchan in progress
D (9092) wifi:woke up
D (9092) wifi:recv auth: seq=1, status=126
D (9102) wpa: SAE: Peer commit-scalar - hexdump(len=32):[0m
D (9102) wpa: 2b 82 5e 1d 4a 7c e5 41 76 de 22 fd fc 7b 6e f9 [0m
D (9112) wpa: d6 66 4b 3c f6 1e 44 68 3d 9b 40 e9 2a ad da b6 [0m
D (9122) wpa: SAE: Peer commit-element(x) - hexdump(len=32):[0m
D (9122) wpa: dd 31 87 be d1 42 8c e8 f7 02 82 d2 22 28 7a f1 [0m
D (9132) wpa: 7f 89 b0 f8 35 1a 41 66 13 47 75 fb c9 f2 58 a9 [0m
D (9132) wpa: SAE: Peer commit-element(y) - hexdump(len=32):[0m
D (9142) wpa: 2d 9a fd 23 37 64 5b 85 db da a7 c7 30 2d 7d bf [0m
D (9142) wpa: 09 c7 26 48 c4 48 ee ad 84 a4 ad 92 da 6c e8 dd [0m
D (9152) wpa: SAE: Possible elements at the end of the frame - hexdump(len=0):[0m
D (9162) wpa: SAE: Possible elements at the end of the frame - hexdump(len=0):[0m
D (9162) wpa: SAE: Possible elements at the end of the frame - hexdump(len=0):[0m
D (9172) wpa: SAE: Possible elements at the end of the frame - hexdump(len=0):[0m
D (9492) wpa: SAE: k - hexdump(len=32):[0m
D (9492) wpa: cc 47 51 b0 a1 26 0d 57 a6 41 8f 8c 03 1c 5c 95 [0m
D (9492) wpa: 47 7d 09 7d 98 e1 e2 17 d6 c1 75 24 12 fc 9b 97 [0m
D (9502) wpa: SAE: salt for keyseed derivation - hexdump(len=32):[0m
D (9502) wpa: 00 00 00 00 00 00 00 00 00 00 00 00 00 00 00 00 [0m
D (9512) wpa: 00 00 00 00 00 00 00 00 00 00 00 00 00 00 00 00 [0m
D (9522) wpa: SAE: keyseed - hexdump(len=32):[0m
D (9522) wpa: a0 9e 18 9c f2 16 25 e7 bd a0 5d 84 7f 3b f8 f9 [0m
D (9532) wpa: 03 a0 9e 38 2f ad fd 67 86 db 0d e6 e1 b6 fc 52 [0m
D (9532) wpa: SAE: PMKID - hexdump(len=16):[0m
D (9542) wpa: 33 d7 c5 d2 0f 2b 01 97 27 6d a1 3c 61 c5 fc f8 [0m
D (9542) wpa: SAE: KCK - hexdump(len=32):[0m
D (9552) wpa: 1f 56 1b 63 8a 9a c9 ac 8a 16 26 f8 f2 db 80 6e [0m
D (9552) wpa: 6a 79 0b ec a3 8f c9 48 ec 9a 83 bd 42 00 de ef [0m
D (9562) wpa: SAE: PMK - hexdump(len=32):[0m
D (9562) wpa: 27 63 6d 74 e2 23 93 81 dc c4 35 bc cc ae 25 b6 [0m
D (9572) wpa: f1 89 29 cf 65 1a 30 d8 9e ac c9 dd 96 26 23 8c [0m
D (9582) wifi:tx data done, now:9602015
D (9582) wifi:3011 : no offchan in progress
D (9582) wifi:woke up
D (9582) wifi:recv auth: seq=2, status=0
D (9592) wpa: SAE: peer-send-confirm 65535[0m
D (9592) wpa: ELOOP: pmksa_cache_set_expiration:76 called to remove timer handler=0x4202c328, removed count=0[0m
D (9602) wpa: ELOOP: Added one timer from pmksa_cache_set_expiration:85 to call 0x4202c328, current order=0[0m
D (9612) wpa: RSN: Added PMKSA cache entry for 04:f0:21:8f:78:38 network_ctx=0x0[0m
I (9622) wifi:state: auth -> assoc (0)
D (9622) wifi:tx data done, now:9646742
D (9632) wifi:3011 : no offchan in progress
D (9632) wifi:woke up
D (9632) wifi:recv assoc: type=0x10
I (9642) wifi:Association refused temporarily, comeback time 1000 (TUs)
D (9642) wpa: WPA: Association event - clear replay counter[0m
D (9652) wpa: WPA: Clear old PTK[0m
I (10672) wifi:state: assoc -> assoc (0)
D (10672) wifi:tx data done, now:10690153
D (10672) wifi:3011 : no offchan in progress
D (10672) wifi:woke up
D (10722) wifi:recv assoc: type=0x10
D (10722) wifi:filter: set rx policy=6
I (10722) wifi:state: assoc -> run (10)
D (10722) wifi:start 10s connect timer for 4 way handshake
D (10722) wpa: WPA: Association event - clear replay counter[0m
D (10732) wpa: WPA: Clear old PTK[0m
V (10732) wifi:wpa_psk start
D (10732) wpa: IEEE 802.1X RX: version=2 type=3 length=117[0m
V (10742) wpa: WPA: RX EAPOL-Key - hexdump(len=121):[0m
V (10752) wpa: 02 03 00 75 02 00 88 00 10 00 00 00 00 00 00 00 [0m
V (10752) wpa: 10 27 6e aa 40 9b de d6 90 6e a5 01 8b cb 64 db [0m
V (10762) wpa: 5f 6b 8e 48 16 6d a9 99 cb fd c4 2d 66 62 a0 42 [0m
V (10762) wpa: e3 00 00 00 00 00 00 00 00 00 00 00 00 00 00 00 [0m
V (10772) wpa: 00 00 00 00 00 00 00 00 00 00 00 00 00 00 00 00 [0m
V (10772) wpa: 00 00 00 00 00 00 00 00 00 00 00 00 00 00 00 00 [0m
V (10782) wpa: 00 00 16 dd 14 00 0f ac 04 33 d7 c5 d2 0f 2b 01 [0m
V (10792) wpa: 97 27 6d a1 3c 61 c5 fc f8 [0m
D (10792) wpa:   EAPOL-Key type=2[0m
D (10792) wpa:   key_info 0x88 (ver=0 keyidx=0 rsvd=0 Pairwise Ack)[0m
D (10802) wpa:   key_length=16 key_data_length=22[0m
D (10812) wpa:   replay_counter - hexdump(len=8):[0m
D (10812) wpa: 00 00 00 00 00 00 00 10 [0m
D (10812) wpa:   key_nonce - hexdump(len=32):[0m
D (10822) wpa: 27 6e aa 40 9b de d6 90 6e a5 01 8b cb 64 db 5f [0m
D (10822) wpa: 6b 8e 48 16 6d a9 99 cb fd c4 2d 66 62 a0 42 e3 [0m
D (10832) wpa:   key_iv - hexdump(len=16):[0m
D (10832) wpa: 00 00 00 00 00 00 00 00 00 00 00 00 00 00 00 00 [0m
D (10842) wpa:   key_rsc - hexdump(len=8):[0m
D (10842) wpa: 00 00 00 00 00 00 00 00 [0m
D (10852) wpa:   key_id (reserved) - hexdump(len=8):[0m
D (10852) wpa: 00 00 00 00 00 00 00 00 [0m
D (10862) wpa:   key_mic - hexdump(len=16):[0m
D (10862) wpa: 00 00 00 00 00 00 00 00 00 00 00 00 00 00 00 00 [0m
D (10872) wpa: WPA 1/4-Way Handshake[0m
D (10872) wpa: RSN: msg 1/4 key data - hexdump(len=22):[0m
D (10882) wpa: dd 14 00 0f ac 04 33 d7 c5 d2 0f 2b 01 97 27 6d [0m
D (10882) wpa: a1 3c 61 c5 fc f8 [0m
D (10892) wpa: WPA: PMKID in EAPOL-Key - hexdump(len=22):[0m
D (10892) wpa: dd 14 00 0f ac 04 33 d7 c5 d2 0f 2b 01 97 27 6d [0m
D (10902) wpa: a1 3c 61 c5 fc f8 [0m
D (10902) wpa: RSN: PMKID from Authenticator - hexdump(len=16):[0m
D (10912) wpa: 33 d7 c5 d2 0f 2b 01 97 27 6d a1 3c 61 c5 fc f8 [0m
D (10912) wpa: RSN: found matching PMKID from PMKSA cache[0m
D (10922) wpa: RSN: matched PMKID - hexdump(len=16):[0m
D (10922) wpa: 33 d7 c5 d2 0f 2b 01 97 27 6d a1 3c 61 c5 fc f8 [0m
D (10932) wpa: RSN: PMK from PMKSA cache - hexdump(len=32):[0m
D (10942) wpa: 27 63 6d 74 e2 23 93 81 dc c4 35 bc cc ae 25 b6 [0m
D (10942) wpa: f1 89 29 cf 65 1a 30 d8 9e ac c9 dd 96 26 23 8c [0m
D (10952) wpa: WPA: Renewed SNonce - hexdump(len=32):[0m
D (10952) wpa: f5 c6 23 4c f0 52 dd 71 af 36 1e 32 08 24 ed 16 [0m
D (10962) wpa: ea f3 41 52 76 82 6d 77 f3 2c ca 0e 91 45 be 59 [0m
D (10972) wpa: WPA: PTK derivation - A1=84:fc:e6:7b:73:b8 A2=04:f0:21:8f:78:38
[0m
V (10972) wpa: WPA: PMK - hexdump(len=32):[0m
V (10982) wpa: 27 63 6d 74 e2 23 93 81 dc c4 35 bc cc ae 25 b6 [0m
V (10982) wpa: f1 89 29 cf 65 1a 30 d8 9e ac c9 dd 96 26 23 8c [0m
D (10992) wpa: WPA: PTK - hexdump(len=48):[0m
D (10992) wpa: 4d d5 89 5d 6c 46 e0 b8 5b a2 ea ce 5c ae 10 29 [0m
D (11002) wpa: 86 48 1b 45 32 24 0e 90 7e 0a 31 c4 ff 56 c4 b9 [0m
D (11002) wpa: cf 96 0e 9d 22 e2 0b 79 c3 c5 a5 f0 98 65 6c e0 [0m
D (11012) wpa: WPA: KCK - hexdump(len=16):[0m
D (11012) wpa: 4d d5 89 5d 6c 46 e0 b8 5b a2 ea ce 5c ae 10 29 [0m
D (11022) wpa: WPA: KEK - hexdump(len=16):[0m
D (11022) wpa: 86 48 1b 45 32 24 0e 90 7e 0a 31 c4 ff 56 c4 b9 [0m
D (11032) wpa: WPA: TK - hexdump(len=16):[0m
D (11032) wpa: cf 96 0e 9d 22 e2 0b 79 c3 c5 a5 f0 98 65 6c e0 [0m
V (11042) wpa: WPA: WPA IE for msg 2/4
 - hexdump(len=31):[0m
V (11052) wpa: 30 1a 01 00 00 0f ac 04 01 00 00 0f ac 04 01 00 [0m
V (11052) wpa: 00 0f ac 08 c0 04 00 00 00 0f ac 06 f4 01 20 [0m
D (11062) wpa: WPA Send EAPOL-Key 2/4[0m
D (11062) wpa: WPA: KCK - hexdump(len=16):[0m
D (11072) wpa: 4d d5 89 5d 6c 46 e0 b8 5b a2 ea ce 5c ae 10 29 [0m
D (11072) wpa: WPA: Derived Key MIC - hexdump(len=16):[0m
D (11082) wpa: c6 da 64 23 00 7a 05 cf 8d 97 37 bc 47 49 0d 68 [0m
V (11082) wpa: WPA: TX EAPOL-Key - hexdump(len=130):[0m
V (11092) wpa: 01 03 00 7e 02 01 08 00 00 00 00 00 00 00 00 00 [0m
V (11092) wpa: 10 f5 c6 23 4c f0 52 dd 71 af 36 1e 32 08 24 ed [0m
V (11102) wpa: 16 ea f3 41 52 76 82 6d 77 f3 2c ca 0e 91 45 be [0m
V (11112) wpa: 59 00 00 00 00 00 00 00 00 00 00 00 00 00 00 00 [0m
V (11112) wpa: 00 00 00 00 00 00 00 00 00 00 00 00 00 00 00 00 [0m
V (11122) wpa: 00 c6 da 64 23 00 7a 05 cf 8d 97 37 bc 47 49 0d [0m
V (11122) wpa: 68 00 1f 30 1a 01 00 00 0f ac 04 01 00 00 0f ac [0m
V (11132) wpa: 04 01 00 00 0f ac 08 c0 04 00 00 00 0f ac 06 f4 [0m
V (11142) wpa: 01 20 [0m
V (11142) wifi:wpa_psk handle succeed
D (11142) wifi:tx data done, now:11163542
D (11152) wifi:woke up
D (11152) wpa: 2/4 txcb, flags=0, txfail 0[0m
D (11152) wifi:tx data done, now:11173360
D (11162) wifi:3011 : no offchan in progress
D (11162) wifi:woke up
V (11162) wifi:wpa_psk start
D (11162) wpa: IEEE 802.1X RX: version=2 type=3 length=191[0m
V (11172) wpa: WPA: RX EAPOL-Key - hexdump(len=195):[0m
V (11172) wpa: 02 03 00 bf 02 13 c8 00 10 00 00 00 00 00 00 00 [0m
V (11182) wpa: 11 27 6e aa 40 9b de d6 90 6e a5 01 8b cb 64 db [0m
V (11192) wpa: 5f 6b 8e 48 16 6d a9 99 cb fd c4 2d 66 62 a0 42 [0m
V (11192) wpa: e3 00 00 00 00 00 00 00 00 00 00 00 00 00 00 00 [0m
V (11202) wpa: 00 00 00 00 00 00 00 00 00 00 00 00 00 00 00 00 [0m
V (11202) wpa: 00 37 03 6f 53 96 43 6a e1 85 46 20 56 8b 30 32 [0m
V (11212) wpa: 05 00 60 cd a2 ff 6c 6f 4a 95 43 05 71 dc 21 b5 [0m
V (11222) wpa: 73 d9 5d 20 56 a5 25 64 ab a5 e0 47 19 3a cd 1f [0m
V (11222) wpa: bf 16 6f 31 80 b0 be d2 5a 82 bc eb 8c 70 31 27 [0m
V (11232) wpa: 8f 80 61 d7 a4 8b d8 d1 ea 2a ca 3c 04 63 d9 85 [0m
V (11232) wpa: fb 81 b2 ea 37 36 01 b7 0f eb fa c8 a6 bb cb 2f [0m
V (11242) wpa: 79 3e 53 da 56 6a 84 d7 98 04 af 1a 61 e4 ef 53 [0m
V (11252) wpa: 87 96 5f [0m
D (11252) wpa:   EAPOL-Key type=2[0m
D (11252) wpa:   key_info 0x13c8 (ver=0 keyidx=0 rsvd=0 Pairwise Install Ack MIC Secure Encr)[0m
D (11262) wpa:   key_length=16 key_data_length=96[0m
D (11272) wpa:   replay_counter - hexdump(len=8):[0m
D (11272) wpa: 00 00 00 00 00 00 00 11 [0m
D (11272) wpa:   key_nonce - hexdump(len=32):[0m
D (11282) wpa: 27 6e aa 40 9b de d6 90 6e a5 01 8b cb 64 db 5f [0m
D (11282) wpa: 6b 8e 48 16 6d a9 99 cb fd c4 2d 66 62 a0 42 e3 [0m
D (11292) wpa:   key_iv - hexdump(len=16):[0m
D (11292) wpa: 00 00 00 00 00 00 00 00 00 00 00 00 00 00 00 00 [0m
D (11302) wpa:   key_rsc - hexdump(len=8):[0m
D (11312) wpa: 00 00 00 00 00 00 00 00 [0m
D (11312) wpa:   key_id (reserved) - hexdump(len=8):[0m
D (11312) wpa: 00 00 00 00 00 00 00 00 [0m
D (11322) wpa:   key_mic - hexdump(len=16):[0m
D (11322) wpa: 37 03 6f 53 96 43 6a e1 85 46 20 56 8b 30 32 05 [0m
D (11332) wpa: RSN: encrypted key data - hexdump(len=96):[0m
D (11332) wpa: cd a2 ff 6c 6f 4a 95 43 05 71 dc 21 b5 73 d9 5d [0m
D (11342) wpa: 20 56 a5 25 64 ab a5 e0 47 19 3a cd 1f bf 16 6f [0m
D (11352) wpa: 31 80 b0 be d2 5a 82 bc eb 8c 70 31 27 8f 80 61 [0m
D (11352) wpa: d7 a4 8b d8 d1 ea 2a ca 3c 04 63 d9 85 fb 81 b2 [0m
D (11362) wpa: ea 37 36 01 b7 0f eb fa c8 a6 bb cb 2f 79 3e 53 [0m
D (11362) wpa: da 56 6a 84 d7 98 04 af 1a 61 e4 ef 53 87 96 5f [0m
D (11372) wpa: WPA: decrypted EAPOL-Key key data - hexdump(len=88):[0m
D (11382) wpa: 30 1c 01 00 00 0f ac 04 01 00 00 0f ac 04 03 00 [0m
D (11382) wpa: 00 0f ac 02 00 0f ac 06 00 0f ac 08 8c 00 f4 01 [0m
D (11392) wpa: 20 dd 16 00 0f ac 01 01 00 f7 7d 3d 8c 54 39 98 [0m
D (11392) wpa: a8 fd 27 b6 32 3e 14 09 0b dd 1c 00 0f ac 09 04 [0m
D (11402) wpa: 00 00 00 00 00 00 00 e2 47 7f 2e 25 ba 9b 00 56 [0m
D (11412) wpa: 10 63 1d a1 29 5e bb dd [0m
D (11412) wpa: WPA 3/4-Way Handshake[0m
D (11412) wpa: WPA: RSN IE in EAPOL-Key - hexdump(len=30):[0m
D (11422) wpa: 30 1c 01 00 00 0f ac 04 01 00 00 0f ac 04 03 00 [0m
D (11432) wpa: 00 0f ac 02 00 0f ac 06 00 0f ac 08 8c 00 [0m
D (11432) wpa: WPA: RSNXE in EAPOL-Key - hexdump(len=3):[0m
D (11442) wpa: f4 01 20 [0m
D (11442) wpa: WPA: GTK in EAPOL-Key - hexdump(len=24):[0m
D (11442) wpa: dd 16 00 0f ac 01 01 00 f7 7d 3d 8c 54 39 98 a8 [0m
D (11452) wpa: fd 27 b6 32 3e 14 09 0b [0m
D (11452) wpa: WPA: IGTK in EAPOL-Key - hexdump(len=30):[0m
D (11462) wpa: dd 1c 00 0f ac 09 04 00 00 00 00 00 00 00 e2 47 [0m
D (11472) wpa: 7f 2e 25 ba 9b 00 56 10 63 1d a1 29 5e bb [0m
D (11472) wpa: WPA: IE KeyData - hexdump(len=88):[0m
D (11482) wpa: 30 1c 01 00 00 0f ac 04 01 00 00 0f ac 04 03 00 [0m
D (11482) wpa: 00 0f ac 02 00 0f ac 06 00 0f ac 08 8c 00 f4 01 [0m
D (11492) wpa: 20 dd 16 00 0f ac 01 01 00 f7 7d 3d 8c 54 39 98 [0m
D (11492) wpa: a8 fd 27 b6 32 3e 14 09 0b dd 1c 00 0f ac 09 04 [0m
D (11502) wpa: 00 00 00 00 00 00 00 e2 47 7f 2e 25 ba 9b 00 56 [0m
D (11512) wpa: 10 63 1d a1 29 5e bb dd [0m
D (11512) wpa: WPA: RSC - hexdump(len=8):[0m
D (11512) wpa: 00 00 00 00 00 00 00 00 [0m
D (11522) wpa: RSN: received GTK in pairwise handshake - hexdump(len=18):[0m
D (11522) wpa: 01 00 f7 7d 3d 8c 54 39 98 a8 fd 27 b6 32 3e 14 [0m
D (11532) wpa: 09 0b [0m
D (11532) wpa: WPA: IGTK keyid 4 pn 000000000000[0m
D (11542) wpa: WPA: IGTK - hexdump(len=16):[0m
D (11542) wpa: e2 47 7f 2e 25 ba 9b 00 56 10 63 1d a1 29 5e bb [0m
D (11552) wpa: tx 4/4 txcb_flags=8192[0m
D (11552) wpa: WPA Send EAPOL-Key 4/4[0m
D (11562) wpa: WPA: KCK - hexdump(len=16):[0m
D (11562) wpa: 4d d5 89 5d 6c 46 e0 b8 5b a2 ea ce 5c ae 10 29 [0m
D (11562) wpa: WPA: Derived Key MIC - hexdump(len=16):[0m
D (11572) wpa: 81 92 88 92 6c d4 07 b5 e7 bf 3a 6f 29 8c e7 9f [0m
V (11582) wpa: WPA: TX EAPOL-Key - hexdump(len=99):[0m
V (11582) wpa: 01 03 00 5f 02 03 08 00 00 00 00 00 00 00 00 00 [0m
V (11592) wpa: 11 00 00 00 00 00 00 00 00 00 00 00 00 00 00 00 [0m
V (11592) wpa: 00 00 00 00 00 00 00 00 00 00 00 00 00 00 00 00 [0m
V (11602) wpa: 00 00 00 00 00 00 00 00 00 00 00 00 00 00 00 00 [0m
V (11602) wpa: 00 00 00 00 00 00 00 00 00 00 00 00 00 00 00 00 [0m
V (11612) wpa: 00 81 92 88 92 6c d4 07 b5 e7 bf 3a 6f 29 8c e7 [0m
V (11622) wpa: 9f 00 00 [0m
V (11622) wifi:wpa_psk handle succeed
V (11622) wifi:wpa_psk start
D (11632) wpa: IEEE 802.1X RX: version=2 type=3 length=191[0m
V (11632) wpa: WPA: RX EAPOL-Key - hexdump(len=195):[0m
V (11642) wpa: 02 03 00 bf 02 13 c8 00 10 00 00 00 00 00 00 00 [0m
V (11642) wpa: 12 27 6e aa 40 9b de d6 90 6e a5 01 8b cb 64 db [0m
V (11652) wpa: 5f 6b 8e 48 16 6d a9 99 cb fd c4 2d 66 62 a0 42 [0m
V (11652) wpa: e3 00 00 00 00 00 00 00 00 00 00 00 00 00 00 00 [0m
V (11662) wpa: 00 00 00 00 00 00 00 00 00 00 00 00 00 00 00 00 [0m
V (11672) wpa: 00 a1 d3 b7 74 21 6a e3 a6 33 e8 c5 e5 a7 8f d8 [0m
V (11672) wpa: ca 00 60 cd a2 ff 6c 6f 4a 95 43 05 71 dc 21 b5 [0m
V (11682) wpa: 73 d9 5d 20 56 a5 25 64 ab a5 e0 47 19 3a cd 1f [0m
V (11682) wpa: bf 16 6f 31 80 b0 be d2 5a 82 bc eb 8c 70 31 27 [0m
V (11692) wpa: 8f 80 61 d7 a4 8b d8 d1 ea 2a ca 3c 04 63 d9 85 [0m
V (11702) wpa: fb 81 b2 ea 37 36 01 b7 0f eb fa c8 a6 bb cb 2f [0m
V (11702) wpa: 79 3e 53 da 56 6a 84 d7 98 04 af 1a 61 e4 ef 53 [0m
V (11712) wpa: 87 96 5f [0m
D (11712) wpa:   EAPOL-Key type=2[0m
D (11712) wpa:   key_info 0x13c8 (ver=0 keyidx=0 rsvd=0 Pairwise Install Ack MIC Secure Encr)[0m
D (11722) wpa:   key_length=16 key_data_length=96[0m
D (11732) wpa:   replay_counter - hexdump(len=8):[0m
D (11732) wpa: 00 00 00 00 00 00 00 12 [0m
D (11742) wpa:   key_nonce - hexdump(len=32):[0m
D (11742) wpa: 27 6e aa 40 9b de d6 90 6e a5 01 8b cb 64 db 5f [0m
D (11752) wpa: 6b 8e 48 16 6d a9 99 cb fd c4 2d 66 62 a0 42 e3 [0m
D (11752) wpa:   key_iv - hexdump(len=16):[0m
D (11762) wpa: 00 00 00 00 00 00 00 00 00 00 00 00 00 00 00 00 [0m
D (11762) wpa:   key_rsc - hexdump(len=8):[0m
D (11772) wpa: 00 00 00 00 00 00 00 00 [0m
D (11772) wpa:   key_id (reserved) - hexdump(len=8):[0m
D (11782) wpa: 00 00 00 00 00 00 00 00 [0m
D (11782) wpa:   key_mic - hexdump(len=16):[0m
D (11782) wpa: a1 d3 b7 74 21 6a e3 a6 33 e8 c5 e5 a7 8f d8 ca [0m
D (11792) wpa: RSN: encrypted key data - hexdump(len=96):[0m
D (11802) wpa: cd a2 ff 6c 6f 4a 95 43 05 71 dc 21 b5 73 d9 5d [0m
D (11802) wpa: 20 56 a5 25 64 ab a5 e0 47 19 3a cd 1f bf 16 6f [0m
D (11812) wpa: 31 80 b0 be d2 5a 82 bc eb 8c 70 31 27 8f 80 61 [0m
D (11812) wpa: d7 a4 8b d8 d1 ea 2a ca 3c 04 63 d9 85 fb 81 b2 [0m
D (11822) wpa: ea 37 36 01 b7 0f eb fa c8 a6 bb cb 2f 79 3e 53 [0m
D (11832) wpa: da 56 6a 84 d7 98 04 af 1a 61 e4 ef 53 87 96 5f [0m
D (11832) wpa: WPA: decrypted EAPOL-Key key data - hexdump(len=88):[0m
D (11842) wpa: 30 1c 01 00 00 0f ac 04 01 00 00 0f ac 04 03 00 [0m
D (11842) wpa: 00 0f ac 02 00 0f ac 06 00 0f ac 08 8c 00 f4 01 [0m
D (11852) wpa: 20 dd 16 00 0f ac 01 01 00 f7 7d 3d 8c 54 39 98 [0m
D (11862) wpa: a8 fd 27 b6 32 3e 14 09 0b dd 1c 00 0f ac 09 04 [0m
D (11862) wpa: 00 00 00 00 00 00 00 e2 47 7f 2e 25 ba 9b 00 56 [0m
D (11872) wpa: 10 63 1d a1 29 5e bb dd [0m
D (11872) wpa: WPA 3/4-Way Handshake[0m
D (11872) wpa: WPA: RSN IE in EAPOL-Key - hexdump(len=30):[0m
D (11882) wpa: 30 1c 01 00 00 0f ac 04 01 00 00 0f ac 04 03 00 [0m
D (11892) wpa: 00 0f ac 02 00 0f ac 06 00 0f ac 08 8c 00 [0m
D (11892) wpa: WPA: RSNXE in EAPOL-Key - hexdump(len=3):[0m
D (11902) wpa: f4 01 20 [0m
D (11902) wpa: WPA: GTK in EAPOL-Key - hexdump(len=24):[0m
D (11912) wpa: dd 16 00 0f ac 01 01 00 f7 7d 3d 8c 54 39 98 a8 [0m
D (11912) wpa: fd 27 b6 32 3e 14 09 0b [0m
D (11922) wpa: WPA: IGTK in EAPOL-Key - hexdump(len=30):[0m
D (11922) wpa: dd 1c 00 0f ac 09 04 00 00 00 00 00 00 00 e2 47 [0m
D (11932) wpa: 7f 2e 25 ba 9b 00 56 10 63 1d a1 29 5e bb [0m
D (11932) wpa: WPA: IE KeyData - hexdump(len=88):[0m
D (11942) wpa: 30 1c 01 00 00 0f ac 04 01 00 00 0f ac 04 03 00 [0m
D (11942) wpa: 00 0f ac 02 00 0f ac 06 00 0f ac 08 8c 00 f4 01 [0m
D (11952) wpa: 20 dd 16 00 0f ac 01 01 00 f7 7d 3d 8c 54 39 98 [0m
D (11952) wpa: a8 fd 27 b6 32 3e 14 09 0b dd 1c 00 0f ac 09 04 [0m
D (11962) wpa: 00 00 00 00 00 00 00 e2 47 7f 2e 25 ba 9b 00 56 [0m
D (11972) wpa: 10 63 1d a1 29 5e bb dd [0m
D (11972) wpa: WPA: RSC - hexdump(len=8):[0m
D (11972) wpa: 00 00 00 00 00 00 00 00 [0m
D (11982) wpa: RSN: received GTK in pairwise handshake - hexdump(len=18):[0m
D (11992) wpa: 01 00 f7 7d 3d 8c 54 39 98 a8 fd 27 b6 32 3e 14 [0m
D (11992) wpa: 09 0b [0m
D (11992) wpa: WPA: Not reinstalling already in-use IGTK to the driver (keyidx=4)[0m
D (12002) wpa: tx 4/4 txcb_flags=8192[0m
D (12012) wpa: WPA Send EAPOL-Key 4/4[0m
D (12012) wpa: WPA: KCK - hexdump(len=16):[0m
D (12012) wpa: 4d d5 89 5d 6c 46 e0 b8 5b a2 ea ce 5c ae 10 29 [0m
D (12022) wpa: WPA: Derived Key MIC - hexdump(len=16):[0m
D (12022) wpa: 25 7e b8 86 8f e0 51 58 c0 fe 02 bb ea 38 b9 42 [0m
V (12032) wpa: WPA: TX EAPOL-Key - hexdump(len=99):[0m
V (12042) wpa: 01 03 00 5f 02 03 08 00 00 00 00 00 00 00 00 00 [0m
V (12042) wpa: 12 00 00 00 00 00 00 00 00 00 00 00 00 00 00 00 [0m
V (12052) wpa: 00 00 00 00 00 00 00 00 00 00 00 00 00 00 00 00 [0m
V (12052) wpa: 00 00 00 00 00 00 00 00 00 00 00 00 00 00 00 00 [0m
V (12062) wpa: 00 00 00 00 00 00 00 00 00 00 00 00 00 00 00 00 [0m
V (12072) wpa: 00 25 7e b8 86 8f e0 51 58 c0 fe 02 bb ea 38 b9 [0m
V (12072) wpa: 42 00 00 [0m
V (12072) wifi:wpa_psk handle succeed
D (12082) wpa: WPA: Installing PTK to the driver.[0m
D (12082) wpa: WPA: Group Key - hexdump(len=16):[0m
D (12092) wpa: f7 7d 3d 8c 54 39 98 a8 fd 27 b6 32 3e 14 09 0b [0m
D (12092) wpa: WPA: Judge GTK: (keyidx=1 len=16).[0m
D (12102) wpa: WPA: Installing GTK to the driver (keyidx=1 tx=0 len=16).[0m
D (12102) wpa: WPA: RSC - hexdump(len=6):[0m
D (12112) wpa: 00 00 00 00 00 00 [0m
D (12112) wpa: WPA: Key negotiation completed with 04:f0:21:8f:78:38 [PTK=CCMP GTK=CCMP]
[0m
I (12122) wifi:connected with #############, aid = 3, channel 6, BW20, bssid = 04:f0:21:8f:78:38
I (12132) wifi:security: WPA3-SAE, phy: bgn, rssi: -25
D (12132) wifi:remove all except 04:f0:21:8f:78:38 from rc list
D (12142) wifi:clear blacklist
D (12142) nvs: nvs_set sta.chan 1 6[0m
D (12152) nvs: nvs_set_blob sta.apinfo 700[0m
D (12152) wifi:filter: set rx policy=7
I (12152) wifi:pm start, type: 1

I (12162) wifi:dp: 1, bi: 102400, li: 3, scale listen interval from 307200 us to 307200 us
I (12162) wifi:set rx beacon pti, rx_bcn_pti: 0, bcn_timeout: 25000, mt_pti: 0, mt_time: 10000
D (12172) wifi:Send sta connected event
D (12182) wifi:connect status 1 -> 5
D (12182) wifi:obss scan is disabled
D (12182) wifi:start obss scan: obss scan is stopped
D (12192) wifi:tx data done, now:12209133
I (12192) wifi:dp: 2, bi: 102400, li: 4, scale listen interval from 307200 us to 409600 us
I (12202) wifi:AP's beacon interval = 102400 us, DTIM period = 2
D (12212) wifi:tx data done, now:12227044
D (12212) event: running post WIFI_EVENT:4 with handler 0x4202cd14 and context 0x3fca7e90 on loop 0x3fca6d0c[0m
V (12222) esp_adapter: thread sem get: sem=0x3fcb27f0[0m
D (12222) esp_netif_handlers: esp_netif action connected with netif0x3fca7c34 from event_id=4[0m
D (12232) esp_netif_lwip: check: remote, if=0x3fca7c34 fn=0x42013ad8[0m
D (12242) esp_netif_lwip: esp_netif_up_api esp_netif:0x3fca7c34[0m
D (12242) esp_netif_lwip: check: local, if=0x3fca7c34 fn=0x42013ea4[0m
D (12252) esp_netif_lwip: esp_netif_update_default_netif_lwip 0x3fca7c34[0m
V (12262) esp_netif_lwip: esp_netif_is_netif_up esp_netif:0x3fca7c34[0m
D (12262) wifi:D (12262) esp_netif_lwip: call api in lwip: ret=0x0, give sem[0m
tx data done, now:12280751
D (12272) esp_netif_lwip: check: remote, if=0x3fca7c34 fn=0x42013994[0m
D (12282) esp_netif_lwip: esp_netif_dhcpc_start_api esp_netif:0x3fca7c34[0m
D (12292) esp_netif_lwip: esp_netif_start_ip_lost_timer esp_netif:0x3fca7c34[0m
D (12292) esp_netif_lwip: if0x3fca7c34 start ip lost tmr: interval=120[0m
D (12302) esp_netif_lwip: starting dhcp client[0m
D (12312) esp_netif_lwip: call api in lwip: ret=0x0, give sem[0m
D (12312) wifi:eb is dhcp or dns sport = 68, dport = 67
D (12322) event: running post WIFI_EVENT:4 with handler 0x4200a710 and context 0x3fca7f98 on loop 0x3fca6d0c[0m
D (12322) wifi:tx data done, now:12338704
I (12332) wifi:<ba-add>idx:0 (ifx:0, 04:f0:21:8f:78:38), tid:7, ssn:0, winSize:64
D (12342) wifi:tx_mgmt cb : 1636 status 1 
D (12342) wifi:tx data done, now:12362013
V (12342) wifi:sta recv dup seq=0 tid=7, discard
V (12352) wifi:sta recv dup seq=0 tid=7, discard
V (12352) wifi:sta recv dup seq=0 tid=7, discard
V (12362) wifi:sta recv dup seq=0 tid=7, discard
V (12362) wifi:sta recv dup seq=0 tid=7, discard
V (12372) wifi:sta recv dup seq=0 tid=7, discard
V (12372) wifi:sta recv dup seq=0 tid=7, discard
V (12372) wifi:sta recv dup seq=0 tid=7, discard
D (12382) wifi:eb is dhcp or dns sport = 68, dport = 67
V (12382) wifi:sta recv dup seq=0 tid=7, discard
D (12392) wifi:tx data done, now:12410635
D (12392) wifi:tx data done, now:12415650
D (12452) wifi:tx data done, now:12467818
D (12812) wifi:tx data done, now:12827915
D (12862) wifi:tx data done, now:12879236
D (12972) wifi:tx data done, now:12987857
D (13022) wifi:tx data done, now:13038954
D (13312) esp_netif_lwip: esp_netif_internal_dhcpc_cb lwip-netif:0x3fca7cb8[0m
D (13312) wifi:tx data done, now:13327970
D (13312) esp_netif_lwip: if0x3fca7c34 ip changed=1[0m
D (13312) event: running post IP_EVENT:0 with handler 0x4202cb40 and context 0x3fca7f64 on loop 0x3fca6d0c[0m
D (13322) wifi_init_default: Got IP wifi default handler entered[0m
D (13332) esp_netif_handlers: esp_netif action got_ip with netif0x3fca7c34 from event_id=0[0m
[0;32mI (13342) esp_netif_handlers: sta ip: 192.168.1.204, mask: 255.255.255.0, gw: 192.168.1.1[0m
D (13342) event: running post IP_EVENT:0 with handler 0x4200a710 and context 0x3fca7fb8 on loop 0x3fca6d0c[0m
[0;32mI (13352) wifi dpp-enrollee: got ip:192.168.1.204[0m
D (13362) wifi:tx data done, now:13379250
[0;32mI (13362) wifi dpp-enrollee: connected to ap SSID:############# password:#############[0m
D (13372) wpa: ELOOP: esp_dpp_task:410 called to remove timer handler=0x4201551c, removed count=0[0m
[0;32mI (13382) main_task: Returned from app_main()[0m
D (13972) wifi:tx data done, now:13987997
D (14022) wifi:tx data done, now:14039156
D (14972) wifi:tx data done, now:14988021
D (15022) wifi:tx data done, now:15039278
D (15972) wifi:tx data done, now:15987913
D (16022) wifi:tx data done, now:16039020
D (17472) wifi:tx data done, now:17489706
I (17472) wifi:<ba-add>idx:1 (ifx:0, 04:f0:21:8f:78:38), tid:0, ssn:0, winSize:64
D (17472) wifi:tx_mgmt cb : 1636 status 1 
D (17472) wifi:tx data done, now:17493842
V (17482) wifi:sta recv dup seq=0 tid=0, discard
D (17482) wifi:tx data done, now:17502470
D (17532) wifi:tx data done, now:17556290
