Executing action: monitor
Serial port /dev/ttyUSB0
Connecting....
Detecting chip type... ESP32-S3
Running idf_monitor in directory /home/corfu/mpc/corfu/dpp_test_build_s3
Executing "/home/corfu/.espressif/python_env/idf5.2_py3.10_env/bin/python /home/corfu/esp/esp-idf/tools/idf_monitor.py -p /dev/ttyUSB0 -b 115200 --toolchain-prefix xtensa-esp32-elf- --target esp32 --revision 0 /home/corfu/mpc/corfu/dpp_test_build_s3/build/dpp-enrollee.elf -m '/home/corfu/.espressif/python_env/idf5.2_py3.10_env/bin/python' '/home/corfu/esp/esp-idf/tools/idf.py'"...
ESP-ROM:esp32s3-20210327
Build:Mar 27 2021
rst:0x1 (POWERON),boot:0x8 (SPI_FAST_FLASH_BOOT)
SPIWP:0xee
mode:DIO, clock div:1
load:0x3fce3810,len:0x178c
load:0x403c9700,len:0x4
load:0x403c9704,len:0xcbc
load:0x403cc700,len:0x2da0
entry 0x403c9914
[0;32mI (27) boot: ESP-IDF v5.2.1 2nd stage bootloader[0m
[0;32mI (27) boot: compile time Sep 12 2024 10:42:15[0m
[0;32mI (27) boot: Multicore bootloader[0m
[0;32mI (30) boot: chip revision: v0.2[0m
[0;32mI (34) boot.esp32s3: Boot SPI Speed : 80MHz[0m
[0;32mI (39) boot.esp32s3: SPI Mode       : DIO[0m
[0;32mI (43) boot.esp32s3: SPI Flash Size : 2MB[0m
[0;32mI (48) boot: Enabling RNG early entropy source...[0m
[0;32mI (53) boot: Partition Table:[0m
[0;32mI (57) boot: ## Label            Usage          Type ST Offset   Length[0m
[0;32mI (64) boot:  0 nvs              WiFi data        01 02 00009000 00006000[0m
[0;32mI (72) boot:  1 phy_init         RF data          01 01 0000f000 00001000[0m
[0;32mI (79) boot:  2 factory          factory app      00 00 00010000 00100000[0m
[0;32mI (87) boot: End of partition table[0m
[0;32mI (91) esp_image: segment 0: paddr=00010020 vaddr=3c0a0020 size=338a8h (211112) map[0m
[0;32mI (137) esp_image: segment 1: paddr=000438d0 vaddr=3fc97f00 size=04830h ( 18480) load[0m
[0;32mI (141) esp_image: segment 2: paddr=00048108 vaddr=40374000 size=07f10h ( 32528) load[0m
[0;32mI (150) esp_image: segment 3: paddr=00050020 vaddr=42000020 size=98b08h (625416) map[0m
[0;32mI (264) esp_image: segment 4: paddr=000e8b30 vaddr=4037bf10 size=0bfach ( 49068) load[0m
[0;32mI (283) boot: Loaded app from partition at offset 0x10000[0m
[0;32mI (283) boot: Disabling RNG early entropy source...[0m
[0;32mI (294) cpu_start: Multicore app[0m
V (295) mmap: after coalescing, 1 regions are left[0m
D (295) cpu_start: Pro cpu up[0m
D (295) cpu_start: Starting app cpu, entry point is 0x4037532c[0m
D (0) cpu_start: App cpu up[0m
V CACHE_ERR: illegal error intr clr & ena mask is: 0x3f
V CACHE_ERR: core 1 (3ccess lkrrRTr intr clr & enaramask is: 0x1430723[0m
V CACHE_ERR: illegal error intr clr & ena mask is: 0x3f
V CACHE_ERR: core 0 access error intr clr & ena mask is: 0x1f
[0;32mI (327) cpu_start: Pro cpu start user code[0m
[0;32mI (331) cpu_start: cpu freq: 160000000 Hz[0m
[0;32mI (335) cpu_start: Application information:[0m
[0;32mI (340) cpu_start: Project name:     dpp-enrollee[0m
[0;32mI (346) cpu_start: App version:      v5.2.1[0m
[0;32mI (350) cpu_start: Compile time:     Sep 12 2024 10:42:31[0m
[0;32mI (357) cpu_start: ELF file SHA256:  fce64d130...[0m
[0;32mI (362) cpu_start: ESP-IDF:          v5.2.1[0m
[0;32mI (367) cpu_start: Min chip rev:     v0.0[0m
[0;32mI (371) cpu_start: Max chip rev:     v0.99 [0m
[0;32mI (376) cpu_start: Chip rev:         v0.2[0m
V (381) memory_layout: reserved range is 0x3c0d3888 - 0x3c0d38b0[0m
D (387) memory_layout: Checking 6 reserved memory ranges:[0m
D (393) memory_layout: Reserved memory range 0x3fc84000 - 0x3fc97f00[0m
D (399) memory_layout: Reserved memory range 0x3fc97f00 - 0x3fca0388[0m
D (405) memory_layout: Reserved memory range 0x3fceee34 - 0x3fcf0000[0m
D (412) memory_layout: Reserved memory range 0x40374000 - 0x40387f00[0m
D (418) memory_layout: Reserved memory range 0x600fe000 - 0x600fe010[0m
D (425) memory_layout: Reserved memory range 0x600fffe8 - 0x60100000[0m
D (431) memory_layout: Building list of available memory regions:[0m
V (437) memory_layout: Examining memory region 0x3fc88000 - 0x3fc90000[0m
V (444) memory_layout: Region 0x3fc88000 - 0x3fc90000 inside of reserved 0x3fc84000 - 0x3fc97f00[0m
V (453) memory_layout: Examining memory region 0x3fc90000 - 0x3fca0000[0m
V (459) memory_layout: Start of region 0x3fc90000 - 0x3fca0000 overlaps reserved 0x3fc84000 - 0x3fc97f00[0m
V (469) memory_layout: Region 0x3fc97f00 - 0x3fca0000 inside of reserved 0x3fc97f00 - 0x3fca0388[0m
V (478) memory_layout: Examining memory region 0x3fca0000 - 0x3fcb0000[0m
V (484) memory_layout: Start of region 0x3fca0000 - 0x3fcb0000 overlaps reserved 0x3fc97f00 - 0x3fca0388[0m
D (494) memory_layout: Available memory region 0x3fca0388 - 0x3fcb0000[0m
V (500) memory_layout: Examining memory region 0x3fcb0000 - 0x3fcc0000[0m
D (507) memory_layout: Available memory region 0x3fcb0000 - 0x3fcc0000[0m
V (514) memory_layout: Examining memory region 0x3fcc0000 - 0x3fcd0000[0m
D (520) memory_layout: Available memory region 0x3fcc0000 - 0x3fcd0000[0m
V (527) memory_layout: Examining memory region 0x3fcd0000 - 0x3fce0000[0m
D (533) memory_layout: Available memory region 0x3fcd0000 - 0x3fce0000[0m
V (540) memory_layout: Examining memory region 0x3fce0000 - 0x3fce9710[0m
D (547) memory_layout: Available memory region 0x3fce0000 - 0x3fce9710[0m
V (553) memory_layout: Examining memory region 0x3fce9710 - 0x3fcf0000[0m
V (560) memory_layout: End of region 0x3fce9710 - 0x3fcf0000 overlaps reserved 0x3fceee34 - 0x3fcf0000[0m
D (569) memory_layout: Available memory region 0x3fce9710 - 0x3fceee34[0m
V (576) memory_layout: Examining memory region 0x3fcf0000 - 0x3fcf8000[0m
D (582) memory_layout: Available memory region 0x3fcf0000 - 0x3fcf8000[0m
V (589) memory_layout: Examining memory region 0x600fe000 - 0x60100000[0m
V (596) memory_layout: Start of region 0x600fe000 - 0x60100000 overlaps reserved 0x600fe000 - 0x600fe010[0m
V (605) memory_layout: End of region 0x600fe010 - 0x60100000 overlaps reserved 0x600fffe8 - 0x60100000[0m
D (614) memory_layout: Available memory region 0x600fe010 - 0x600fffe8[0m
[0;32mI (621) heap_init: Initializing. RAM available for dynamic allocation:[0m
D (628) heap_init: New heap initialised at 0x3fca0388[0m
[0;32mI (633) heap_init: At 3FCA0388 len 00049388 (292 KiB): RAM[0m
[0;32mI (640) heap_init: At 3FCE9710 len 00005724 (21 KiB): RAM[0m
D (646) heap_init: New heap initialised at 0x3fcf0000[0m
[0;32mI (651) heap_init: At 3FCF0000 len 00008000 (32 KiB): DRAM[0m
D (657) heap_init: New heap initialised at 0x600fe010[0m
[0;32mI (662) heap_init: At 600FE010 len 00001FD8 (7 KiB): RTCRAM[0m
V (668) intr_alloc: esp_intr_alloc_intrstatus (cpu 0): checking args[0m
V (675) intr_alloc: esp_intr_alloc_intrstatus (cpu 0): Args okay. Resulting flags 0x40E[0m
D (683) intr_alloc: Connected src 39 to int 2 (cpu 0)[0m
V (689) memspi: raw_chip_id: 1740C8
[0m
V (692) memspi: chip_id: C84017
[0m
V (695) memspi: raw_chip_id: 1740C8
[0m
V (699) memspi: chip_id: C84017
[0m
D (702) spi_flash: trying chip: issi[0m
D (706) spi_flash: trying chip: gd[0m
[0;32mI (709) spi_flash: detected chip: gd[0m
[0;32mI (714) spi_flash: flash io: dio[0m
[0;33mW (717) spi_flash: Detected size(8192k) larger than the size in the binary image header(2048k). Using the size in the binary image header.[0m
D (731) cpu_start: calling init function: 0x42074bb0[0m
D (736) cpu_start: calling init function: 0x42074660[0m
D (741) cpu_start: calling init function: 0x4202c848[0m
D (746) cpu_start: calling init function: 0x4200e404[0m
D (751) cpu_start: calling init function: 0x4037ba1c[0m
D (756) cpu_start: calling init function: 0x42002ed8[0m
D (761) cpu_start: calling init function: 0x4200860c on core: 0[0m
V (767) intr_alloc: esp_intr_alloc_intrstatus (cpu 0): checking args[0m
V (773) intr_alloc: esp_intr_alloc_intrstatus (cpu 0): Args okay. Resulting flags 0xC02[0m
D (781) intr_alloc: Connected src 59 to int 3 (cpu 0)[0m
D (786) cpu_start: calling init function: 0x42005f34 on core: 0[0m
[0;32mI (793) sleep: Configure to isolate all GPIO pins in sleep state[0m
[0;32mI (799) sleep: Enable automatic switching of GPIO sleep configuration[0m
D (806) cpu_start: calling init function: 0x42004270 on core: 0[0m
V (812) intr_alloc: esp_intr_alloc_intrstatus (cpu 0): checking args[0m
V (819) intr_alloc: esp_intr_alloc_intrstatus (cpu 0): Args okay. Resulting flags 0x40E[0m
D (827) intr_alloc: Connected src 79 to int 9 (cpu 0)[0m
D (832) app_start: Starting scheduler on CPU0[0m
V (836) intr_alloc: esp_intr_alloc_intrstatus (cpu 0): checking args[0m
V (836) intr_alloc: esp_intr_alloc_intrstatus (cpu 0): Args okay. Resulting flags 0x402[0m
D (836) intr_alloc: Connected src 57 to int 12 (cpu 0)[0m
V (836) intr_alloc: esp_intr_alloc_intrstatus (cpu 1): checking args[0m
V (846) intr_alloc: esp_intr_alloc_intrstatus (cpu 1): Args okay. Resulting flags 0x40E[0m
D (846) intr_alloc: Connected src 80 to int 2 (cpu 1)[0m
D (856) app_start: Starting scheduler on CPU1[0m
V (856) intr_alloc: esp_intr_alloc_intrstatus (cpu 1): checking args[0m
V (866) intr_alloc: esp_intr_alloc_intrstatus (cpu 1): Args okay. Resulting flags 0x402[0m
D (876) intr_alloc: Connected src 58 to int 3 (cpu 1)[0m
[0;32mI (836) main_task: Started on CPU0[0m
D (886) heap_init: New heap initialised at 0x3fce9710[0m
V (886) intr_alloc: esp_intr_alloc_intrstatus (cpu 0): checking args[0m
V (896) intr_alloc: esp_intr_alloc_intrstatus (cpu 0): Args okay. Resulting flags 0xE[0m
D (906) intr_alloc: Connected src 52 to int 13 (cpu 0)[0m
[0;32mI (906) main_task: Calling app_main()[0m
V (916) partition: Loading the partition table[0m
V (916) mmap: actual_mapped_len is 0x10000[0m
V (926) calculated md5: 0x3fca3f38   f4 ad 4f 45 38 56 4b 5d  74 35 b6 2c 75 b6 95 24  |..OE8VK]t5.,u..$|[0m
V (936) stored md5: 0x3c0e8070   f4 ad 4f 45 38 56 4b 5d  74 35 b6 2c 75 b6 95 24  |..OE8VK]t5.,u..$|[0m
V (936) partition: Partition table MD5 verified[0m
D (966) esp_netif_lwip: LwIP stack has been initialized[0m
D (966) esp_netif_lwip: esp-netif has been successfully initialized[0m
D (966) event: running task for loop 0x3fca6d0c[0m
D (976) event: created task for loop 0x3fca6d0c[0m
D (976) event: created event loop 0x3fca6d0c[0m
D (986) esp_netif_lwip: check: remote, if=0x3fca3f70 fn=0x42013414[0m
V (986) esp_netif_objects: esp_netif_add_to_list_unsafe 0x3fca7c34[0m
D (996) esp_netif_objects: esp_netif_add_to_list_unsafe netif added successfully (total netifs: 1)[0m
D (1006) esp_netif_lwip: call api in lwip: ret=0x0, give sem[0m
[0;32mI (1016) pp: pp rom version: e7ae62f[0m
[0;32mI (1016) net80211: net80211 rom version: e7ae62f[0m
D (1016) nvs: nvs_open_from_partition misc 1[0m
I (1036) wifi:wifi driver task: 3fcaa654, prio:23, stack:6656, core=0
V (1036) esp_adapter: thread sem create: sem=0x3fcaa7ac[0m
V (1036) esp_adapter: thread sem get: sem=0x3fcaa7ac[0m
D (1046) efuse: In EFUSE_BLK1__DATA1_REG is used 8 bits starting with 8 bit[0m
D (1046) efuse: In EFUSE_BLK1__DATA1_REG is used 8 bits starting with 0 bit[0m
D (1056) efuse: In EFUSE_BLK1__DATA0_REG is used 8 bits starting with 24 bit[0m
D (1066) efuse: In EFUSE_BLK1__DATA0_REG is used 8 bits starting with 16 bit[0m
D (1066) efuse: In EFUSE_BLK1__DATA0_REG is used 8 bits starting with 8 bit[0m
D (1076) efuse: In EFUSE_BLK1__DATA0_REG is used 8 bits starting with 0 bit[0m
D (1086) nvs: nvs_open_from_partition nvs.net80211 1[0m
D (1086) nvs: nvs_get opmode 1[0m
D (1096) nvs: nvs_get_str_or_blob sta.ssid[0m
D (1096) nvs: nvs_get sta.authmode 1[0m
D (1096) nvs: nvs_get_str_or_blob sta.pswd[0m
D (1106) nvs: nvs_get_str_or_blob sta.pmk[0m
D (1106) nvs: nvs_get sta.chan 1[0m
D (1116) nvs: nvs_get auto.conn 1[0m
D (1116) nvs: nvs_get bssid.set 1[0m
D (1116) nvs: nvs_get_str_or_blob sta.bssid[0m
D (1126) nvs: nvs_get sta.lis_intval 2[0m
D (1126) nvs: nvs_get sta.phym 1[0m
D (1126) nvs: nvs_get sta.phybw 1[0m
D (1136) nvs: nvs_get_str_or_blob sta.apsw[0m
D (1136) nvs: nvs_get_str_or_blob sta.apinfo[0m
D (1146) nvs: nvs_get sta.scan_method 1[0m
D (1146) nvs: nvs_get sta.sort_method 1[0m
D (1146) nvs: nvs_get sta.minrssi 1[0m
D (1156) nvs: nvs_get sta.minauth 1[0m
D (1156) nvs: nvs_get sta.pmf_e 1[0m
D (1156) nvs: nvs_get sta.pmf_r 1[0m
D (1166) nvs: nvs_get sta.btm_e 1[0m
D (1166) nvs: nvs_get sta.rrm_e 1[0m
D (1166) nvs: nvs_get sta.mbo_e 1[0m
D (1176) nvs: nvs_get_str_or_blob ap.ssid[0m
D (1176) nvs: nvs_get_str_or_blob ap.passwd[0m
D (1186) nvs: nvs_get_str_or_blob ap.pmk[0m
D (1186) nvs: nvs_get ap.chan 1[0m
D (1186) nvs: nvs_get ap.authmode 1[0m
D (1196) nvs: nvs_get ap.hidden 1[0m
D (1196) nvs: nvs_get ap.max.conn 1[0m
D (1196) nvs: nvs_get bcn.interval 2[0m
D (1206) nvs: nvs_get ap.phym 1[0m
D (1206) nvs: nvs_get ap.phybw 1[0m
D (1206) nvs: nvs_get ap.sndchan 1[0m
D (1216) nvs: nvs_get ap.pmf_e 1[0m
D (1216) nvs: nvs_get ap.pmf_r 1[0m
D (1216) nvs: nvs_get ap.p_cipher 1[0m
D (1226) nvs: nvs_get lorate 1[0m
D (1226) nvs: nvs_get_str_or_blob country[0m
D (1226) nvs: nvs_get ap.ftm_r 1[0m
D (1236) nvs: nvs_get sta.ft 1[0m
D (1236) nvs: nvs_get sta.owe 1[0m
D (1236) nvs: nvs_get sta.trans_d 1[0m
D (1246) nvs: nvs_get sta.sae_h2e 1[0m
D (1246) nvs: nvs_get sta.sae_pk_mode 1[0m
D (1256) nvs: nvs_get sta.bss_retry 1[0m
D (1256) nvs: nvs_get_str_or_blob sta.owe_data[0m
D (1256) nvs: nvs_get sta.he_dcm 1[0m
D (1266) nvs: nvs_get sta.he_dcm_c_tx 1[0m
D (1266) nvs: nvs_get sta.he_dcm_c_rx 1[0m
D (1266) nvs: nvs_get sta.he_mcs9_d 1[0m
D (1276) nvs: nvs_get sta.he_su_b_d 1[0m
D (1276) nvs: nvs_get sta.he_su_b_f_d 1[0m
D (1286) nvs: nvs_get sta.he_mu_b_f_d 1[0m
D (1286) nvs: nvs_get sta.he_cqi_f_d 1[0m
D (1286) nvs: nvs_get_str_or_blob sta.sae_h2e_id[0m
D (1296) nvs: nvs_get ap.sae_h2e 1[0m
D (1296) nvs: nvs_get_str_or_blob ap.pmk_info[0m
D (1306) nvs: nvs_get nan.phym 1[0m
D (1306) nvs: nvs_set ap.sndchan 1 1[0m
I (1306) wifi:wifi firmware version: a9f5b59-dirty
I (1316) wifi:wifi certification version: v7.0
I (1316) wifi:config NVS flash: enabled
I (1326) wifi:config nano formating: disabled
I (1326) wifi:Init data frame dynamic rx buffer num: 32
I (1326) wifi:Init static rx mgmt buffer num: 5
I (1336) wifi:Init management short buffer num: 32
I (1336) wifi:Init dynamic tx buffer num: 32
I (1346) wifi:Init static tx FG buffer num: 2
I (1346) wifi:Init static rx buffer size: 1600
I (1356) wifi:Init static rx buffer num: 10
I (1356) wifi:Init dynamic rx buffer num: 32
V (1356) wifi:hint=255, act_dur=<0,120>, pas_dur=360, nchans=14 history_num=0
V (1366) esp_adapter: thread sem get: sem=0x3fcaa7ac[0m
[0;32mI (1376) wifi_init: rx ba win: 6[0m
[0;32mI (1376) wifi_init: tcpip mbox: 32[0m
[0;32mI (1376) wifi_init: udp mbox: 6[0m
[0;32mI (1386) wifi_init: tcp mbox: 6[0m
[0;32mI (1386) wifi_init: tcp tx win: 5760[0m
[0;32mI (1386) wifi_init: tcp rx win: 5760[0m
[0;32mI (1396) wifi_init: tcp mss: 1440[0m
[0;32mI (1396) wifi_init: WiFi IRAM OP enabled[0m
[0;32mI (1406) wifi_init: WiFi RX IRAM OP enabled[0m
V (1406) esp_adapter: thread sem get: sem=0x3fcaa7ac[0m
D (1416) nvs: nvs_get opmode 1[0m
[0;32mI (1416) wpa: esp_dpp_task prio:2, stack:6656[0m
D (1426) wpa: private key - hexdump(len=0):[0m
D (1426) wpa:  [NULL][0m
D (1486) wpa: DPP: Generating a keypair[0m
[0;31mE (1486) wpa: curve: secp256r1[0m
[0;31mE (1486) wpa: prime len is 32[0m
[0;31mE (1486) wpa: Q_x: - hexdump(len=32):[0m
[0;31mE (1486) wpa: fc 48 0b 66 23 c4 bf ec 55 e2 a8 4e 0b 63 3c 22 [0m
[0;31mE (1496) wpa: d4 7a ec 47 93 db 2c 00 1e 28 8f 0e 16 7e 8c 5e [0m
[0;31mE (1496) wpa: Q_y: - hexdump(len=32):[0m
[0;31mE (1506) wpa: dc df 4a 9e aa f4 96 41 fc b8 f4 36 03 35 22 9b [0m
[0;31mE (1506) wpa: 06 fc 74 42 1f 79 14 e8 c9 44 f3 de db 6a 69 6f [0m
[0;31mE (1516) wpa: d:      - hexdump(len=32):[0m
[0;31mE (1526) wpa: 69 a0 e7 52 16 f4 cf 01 45 95 9c 38 97 73 81 56 [0m
[0;31mE (1526) wpa: a8 e5 0d b4 12 23 d4 93 7b e4 e0 07 b4 87 4d d7 [0m
D (1536) wpa: DPP: Compressed public key (DER) - hexdump(len=59):[0m
D (1536) wpa: 30 39 30 13 06 07 2a 86 48 ce 3d 02 01 06 08 2a [0m
D (1546) wpa: 86 48 ce 3d 03 01 07 03 22 00 03 fc 48 0b 66 23 [0m
D (1556) wpa: c4 bf ec 55 e2 a8 4e 0b 63 3c 22 d4 7a ec 47 93 [0m
D (1556) wpa: db 2c 00 1e 28 8f 0e 16 7e 8c 5e [0m
D (1566) gdma: new group (0) at 0x3fcb2f74[0m
D (1566) gdma: new pair (0,0) at 0x3fcb2c80[0m
D (1576) gdma: new tx channel (0,0) at 0x3fcb2dd0[0m
D (1576) gdma: new rx channel (0,0) at 0x3fcb2ffc[0m
D (1576) gdma: tx channel (0,0), (1:16) bytes aligned, burst enabled[0m
D (1586) gdma: rx channel (0,0), (1:16) bytes aligned, burst disabled[0m
D (1596) wpa: DPP: Public key hash - hexdump(len=32):[0m
D (1596) wpa: d3 74 b7 bf 1a 85 aa 55 69 6e 73 1d b1 48 46 f2 [0m
D (1606) wpa: fb 2b ee 04 65 9c 94 cd b1 94 c0 f5 6a 24 e6 52 [0m
D (1606) wpa: DPP: URI mac: 84:fc:e6:7b:73:b8[0m
[0;32mI (1616) wifi dpp-enrollee: Scan below QR Code to configure the enrollee:[0m
[0;32mI (1626) QRCODE: Encoding below text with ECC LVL 0 & QR Code Version 10[0m
[0;32mI (1626) QRCODE: DPP:C:81/6;M:84:fc:e6:7b:73:b8;K:MDkwEwYHKoZIzj0CAQYIKoZIzj0DAQcDIgAD/EgLZiPEv+xV4qhOC2M8ItR67EeT2ywAHiiPDhZ+jF4=;;[0m
                                              
  █▀▀▀▀▀█ ███▀▄▄█  ▄█▀ ▀▄ ▄▀█  █  █ █▀▀▀▀▀█   
  █ ███ █  █▄▄  █▄█ █▀▀██▀ ▀▄▄▀█  ▀ █ ███ █   
  █ ▀▀▀ █ █▀▄▄ ▄▀▀██▀▀███▀ █  ▄▄ ▀▄ █ ▀▀▀ █   
  ▀▀▀▀▀▀▀ █ ▀▄▀ ▀ ▀ █▄▀ █ ▀ ▀ █ ▀▄█ ▀▀▀▀▀▀▀   
  ▀█▀  ▀▀ ▀▀█▀  ██▄▀ ▄ █▄▀█ ██   ▄███▀▀  ▀▀   
  ██▄▄██▀█▀▄▄ ▄▀█▀ ▀██▀▀▀█▄▀ █  ▀██ ██ ▀▀▄█   
  ▄▄ ▄█▄▀▀▀█▄▀█▀█ █▀█▄ █▄▀▄▄█▀█▀ ▀█▀█▄ ▄ ▄    
   ▀ ▄▀ ▀▄▄▄ ▄█▀▀▄█▀██ ▀█▀ ▀▀█▄▀▄▀▀█▄▄▀▄▀ ▀   
  ▄███ ▄▀▄▄▀▀▄██  ██▄▄██ ▄▄ ██ ▄█▄█ ▀  ▀▄▀█   
  ▄▀▄▄▄▀▀ █▄▀▀ ▄ █▀▄ █▀ ▀█  ▀█▄▀▄█▀█▄▄▄█ ▀▀   
  ▀█▄▄▀ ▀▄ ▄▀  ▀   ▀ ▄ ▄▀▄█▄▄█  █▄█▄██▀█▀▄▀   
  ▀██ ▄▄▀▀ ██▀ ▀ ▀ ▀█▀▄▀▀▀  ███  ▀ ▄ ▀▀▄  ▀   
  █▀▀█ ▄▀▀▀▀▀▀█▀ ▀▄▀▄▄▄█ ▄██ █ ▄██ ██▀ ▀▀ ▀   
  █▄█▄▀▄▀▀▄ ▀▀█▀██▄▀█▀  █▀█▀██▀▀▀▀█▀  ▀  ▄▀   
  ▀▄▄  ▀▀▄▀▄▀▀█▀█ ███▄ ▄ ██▄▄▄ █ █▄▄▀▄▀▄▄▀▀   
  ▀▀▄▀██▀▀  ▀▄█▀█▄█▀█▀█ █▀▀ ██▀ ▀▀█▀▄ ██▀▄█   
  ▀▀ ▀▀▀▀ █▄█ ██▄▄██ ▀█▄  █ ██ ▄███▀▀▀█ █▀▀   
  █▀▀▀▀▀█ ▄▄▄█ ▄ █ ▄ █▀ ▀▀▄ ▄█▀▀█ █ ▀ █▀ ▄█   
  █ ███ █  ▄▀▀ ▀   █ ▄ █  ██ ▀▄ ▄▀▀▀▀██ ▄▄█   
  █ ▀▀▀ █ █▀ ▀ ▀█▀ ▀███ ▄▀  ▀▀█ ▄█▄▄ ▀▀█  ▀   
  ▀▀▀▀▀▀▀ ▀ ▀▀▀  ▀▀▀ ▀ ▀ ▀▀▀ ▀▀  ▀▀▀ ▀ ▀  ▀   
                                              

V (1946) esp_adapter: thread sem get: sem=0x3fcaa7ac[0m
[0;32mI (1946) phy_init: phy_version 640,cd64a1a,Jan 24 2024,17:28:12[0m
D (1956) phy_init: loading PHY init data from application binary[0m
D (1956) nvs: nvs_open_from_partition phy 0[0m
D (1966) nvs: nvs_get cal_version 4[0m
V (1966) phy_init: phy_get_rf_cal_version: 640[0m
D (1976) nvs: nvs_get_str_or_blob cal_mac[0m
D (1976) efuse: In EFUSE_BLK1__DATA1_REG is used 8 bits starting with 8 bit[0m
D (1986) efuse: In EFUSE_BLK1__DATA1_REG is used 8 bits starting with 0 bit[0m
D (1986) efuse: In EFUSE_BLK1__DATA0_REG is used 8 bits starting with 24 bit[0m
D (1996) efuse: In EFUSE_BLK1__DATA0_REG is used 8 bits starting with 16 bit[0m
D (2006) efuse: In EFUSE_BLK1__DATA0_REG is used 8 bits starting with 8 bit[0m
D (2006) efuse: In EFUSE_BLK1__DATA0_REG is used 8 bits starting with 0 bit[0m
D (2016) nvs: nvs_get_str_or_blob cal_data[0m
D (2026) nvs: nvs_close 3[0m
D (2026) efuse: In EFUSE_BLK1__DATA1_REG is used 8 bits starting with 8 bit[0m
D (2036) efuse: In EFUSE_BLK1__DATA1_REG is used 8 bits starting with 0 bit[0m
D (2036) efuse: In EFUSE_BLK1__DATA0_REG is used 8 bits starting with 24 bit[0m
D (2046) efuse: In EFUSE_BLK1__DATA0_REG is used 8 bits starting with 16 bit[0m
D (2056) efuse: In EFUSE_BLK1__DATA0_REG is used 8 bits starting with 8 bit[0m
D (2056) efuse: In EFUSE_BLK1__DATA0_REG is used 8 bits starting with 0 bit[0m
D (2086) temperature_sensor: range changed, change to index 2[0m
V (2096) wifi:ht20 freq=2412, chan=1
D (2096) wifi:filter: set rx policy=0
I (2096) wifi:mode : sta (84:fc:e6:7b:73:b8)
I (2096) wifi:enable tsf
D (2096) wifi:filter: set rx policy=1
D (2106) wifi:connect status 0 -> 0
D (2106) event: running post WIFI_EVENT:40 with handler 0x4200a6dc and context 0x3fca7f98 on loop 0x3fca6d0c[0m
D (2116) event: running post WIFI_EVENT:2 with handler 0x4202ca98 and context 0x3fca7e30 on loop 0x3fca6d0c[0m
D (2126) wifi_init_default: wifi_start esp-netif:0x3fca7c34 event-id2[0m
D (2136) wifi_init_default: WIFI mac address: 84 fc e6 7b 73 b8[0m
V (2136) esp_adapter: thread sem create: sem=0x3fcb27f0[0m
V (2146) esp_adapter: thread sem get: sem=0x3fcb27f0[0m
D (2146) esp_netif_lwip: check: remote, if=0x3fca7c34 fn=0x42012e00[0m
D (2156) esp_netif_lwip: call api in lwip: ret=0x0, give sem[0m
D (2156) esp_netif_handlers: esp_netif action has started with netif0x3fca7c34 from event_id=2[0m
D (2166) esp_netif_lwip: check: remote, if=0x3fca7c34 fn=0x420136cc[0m
D (2176) esp_netif_lwip: esp_netif_start_api 0x3fca7c34[0m
D (2176) esp_netif_lwip: esp_netif_get_hostname esp_netif:0x3fca7c34[0m
D (2186) esp_netif_lwip: check: local, if=0x3fca7c34 fn=0x42013e70[0m
D (2196) esp_netif_lwip: esp_netif_update_default_netif_lwip 0x3fca7c34[0m
V (2196) esp_netif_lwip: esp_netif_is_netif_up esp_netif:0x3fca7c34[0m
D (2206) esp_netif_lwip: call api in lwip: ret=0x0, give sem[0m
D (2216) event: running post WIFI_EVENT:2 with handler 0x4200a6dc and context 0x3fca7f98 on loop 0x3fca6d0c[0m
[0;32mI (2226) wifi dpp-enrollee: Started listening for DPP Authentication[0m
V (2226) esp_adapter: thread sem create: sem=0x3fcb28a0[0m
V (2236) esp_adapter: thread sem get: sem=0x3fcb28a0[0m
D (2236) wifi:Listen on channel 6 for 500 mSec
V (2246) wifi:change: chan<6,0>, dur<0,500>
V (2246) wifi:ht20 freq=2437, chan=6
V (2256) wifi:enter start op, arg=0x42014a9c
V (2256) wifi:start max timer
D (2756) wifi:ROC: Ending operation at 2.0, returning to Channel 1
V (2756) wifi:back home chan=<1,0>, current chan=<6,0>
V (2756) wifi:ht20 freq=2412, chan=1
D (2766) event: running post WIFI_EVENT:20 with handler 0x4200a6dc and context 0x3fca7f98 on loop 0x3fca6d0c[0m
D (2766) event: running post WIFI_EVENT:20 with handler 0x4201542c and context 0x3fcb2590 on loop 0x3fca6d0c[0m
V (2776) esp_adapter: thread sem get: sem=0x3fcb28a0[0m
D (2786) wifi:Listen on channel 6 for 500 mSec
V (2786) wifi:change: chan<6,0>, dur<0,500>
V (2796) wifi:ht20 freq=2437, chan=6
V (2796) wifi:enter start op, arg=0x42014a9c
V (2796) wifi:start max timer
D (3306) wifi:ROC: Ending operation at 3.0, returning to Channel 1
V (3306) wifi:back home chan=<1,0>, current chan=<6,0>
V (3306) wifi:ht20 freq=2412, chan=1
D (3306) event: running post WIFI_EVENT:20 with handler 0x4200a6dc and context 0x3fca7f98 on loop 0x3fca6d0c[0m
D (3316) event: running post WIFI_EVENT:20 with handler 0x4201542c and context 0x3fcb2590 on loop 0x3fca6d0c[0m
V (3326) esp_adapter: thread sem get: sem=0x3fcb28a0[0m
D (3336) wifi:Listen on channel 6 for 500 mSec
V (3336) wifi:change: chan<6,0>, dur<0,500>
V (3336) wifi:ht20 freq=2437, chan=6
V (3346) wifi:enter start op, arg=0x42014a9c
V (3346) wifi:start max timer
D (3846) wifi:ROC: Ending operation at 3.0, returning to Channel 1
V (3846) wifi:back home chan=<1,0>, current chan=<6,0>
V (3846) wifi:ht20 freq=2412, chan=1
D (3856) event: running post WIFI_EVENT:20 with handler 0x4200a6dc and context 0x3fca7f98 on loop 0x3fca6d0c[0m
D (3866) event: running post WIFI_EVENT:20 with handler 0x4201542c and context 0x3fcb2590 on loop 0x3fca6d0c[0m
V (3876) esp_adapter: thread sem get: sem=0x3fcb28a0[0m
D (3876) wifi:Listen on channel 6 for 500 mSec
V (3886) wifi:change: chan<6,0>, dur<0,500>
V (3886) wifi:ht20 freq=2437, chan=6
V (3886) wifi:enter start op, arg=0x42014a9c
V (3896) wifi:start max timer
D (4396) wifi:ROC: Ending operation at 4.0, returning to Channel 1
V (4396) wifi:back home chan=<1,0>, current chan=<6,0>
V (4396) wifi:ht20 freq=2412, chan=1
D (4396) event: running post WIFI_EVENT:20 with handler 0x4200a6dc and context 0x3fca7f98 on loop 0x3fca6d0c[0m
D (4406) event: running post WIFI_EVENT:20 with handler 0x4201542c and context 0x3fcb2590 on loop 0x3fca6d0c[0m
V (4416) esp_adapter: thread sem get: sem=0x3fcb28a0[0m
D (4426) wifi:Listen on channel 6 for 500 mSec
V (4426) wifi:change: chan<6,0>, dur<0,500>
V (4436) wifi:ht20 freq=2437, chan=6
V (4436) wifi:enter start op, arg=0x42014a9c
V (4436) wifi:start max timer
D (4946) wifi:ROC: Ending operation at 4.0, returning to Channel 1
V (4946) wifi:back home chan=<1,0>, current chan=<6,0>
V (4946) wifi:ht20 freq=2412, chan=1
D (4946) event: running post WIFI_EVENT:20 with handler 0x4200a6dc and context 0x3fca7f98 on loop 0x3fca6d0c[0m
D (4956) event: running post WIFI_EVENT:20 with handler 0x4201542c and context 0x3fcb2590 on loop 0x3fca6d0c[0m
V (4966) esp_adapter: thread sem get: sem=0x3fcb28a0[0m
D (4966) wifi:Listen on channel 6 for 500 mSec
V (4976) wifi:change: chan<6,0>, dur<0,500>
V (4976) wifi:ht20 freq=2437, chan=6
V (4986) wifi:enter start op, arg=0x42014a9c
V (4986) wifi:start max timer
D (5486) wifi:ROC: Ending operation at 5.0, returning to Channel 1
V (5486) wifi:back home chan=<1,0>, current chan=<6,0>
V (5486) wifi:ht20 freq=2412, chan=1
D (5496) event: running post WIFI_EVENT:20 with handler 0x4200a6dc and context 0x3fca7f98 on loop 0x3fca6d0c[0m
D (5506) event: running post WIFI_EVENT:20 with handler 0x4201542c and context 0x3fcb2590 on loop 0x3fca6d0c[0m
V (5516) esp_adapter: thread sem get: sem=0x3fcb28a0[0m
D (5516) wifi:Listen on channel 6 for 500 mSec
V (5516) wifi:change: chan<6,0>, dur<0,500>
V (5526) wifi:ht20 freq=2437, chan=6
V (5526) wifi:enter start op, arg=0x42014a9c
V (5536) wifi:start max timer
D (6036) wifi:ROC: Ending operation at 5.0, returning to Channel 1
V (6036) wifi:back home chan=<1,0>, current chan=<6,0>
V (6036) wifi:ht20 freq=2412, chan=1
D (6036) event: running post WIFI_EVENT:20 with handler 0x4200a6dc and context 0x3fca7f98 on loop 0x3fca6d0c[0m
D (6046) event: running post WIFI_EVENT:20 with handler 0x4201542c and context 0x3fcb2590 on loop 0x3fca6d0c[0m
V (6056) esp_adapter: thread sem get: sem=0x3fcb28a0[0m
D (6066) wifi:Listen on channel 6 for 500 mSec
V (6066) wifi:change: chan<6,0>, dur<0,500>
V (6066) wifi:ht20 freq=2437, chan=6
V (6076) wifi:enter start op, arg=0x42014a9c
V (6076) wifi:start max timer
D (6586) wifi:ROC: Ending operation at 6.0, returning to Channel 1
V (6586) wifi:back home chan=<1,0>, current chan=<6,0>
V (6586) wifi:ht20 freq=2412, chan=1
D (6586) event: running post WIFI_EVENT:20 with handler 0x4200a6dc and context 0x3fca7f98 on loop 0x3fca6d0c[0m
D (6596) event: running post WIFI_EVENT:20 with handler 0x4201542c and context 0x3fcb2590 on loop 0x3fca6d0c[0m
V (6606) esp_adapter: thread sem get: sem=0x3fcb28a0[0m
D (6606) wifi:Listen on channel 6 for 500 mSec
V (6616) wifi:change: chan<6,0>, dur<0,500>
V (6616) wifi:ht20 freq=2437, chan=6
V (6616) wifi:enter start op, arg=0x42014a9c
V (6626) wifi:start max timer
D (7126) wifi:ROC: Ending operation at 6.0, returning to Channel 1
V (7126) wifi:back home chan=<1,0>, current chan=<6,0>
V (7126) wifi:ht20 freq=2412, chan=1
D (7136) event: running post WIFI_EVENT:20 with handler 0x4200a6dc and context 0x3fca7f98 on loop 0x3fca6d0c[0m
D (7136) event: running post WIFI_EVENT:20 with handler 0x4201542c and context 0x3fcb2590 on loop 0x3fca6d0c[0m
V (7146) esp_adapter: thread sem get: sem=0x3fcb28a0[0m
D (7156) wifi:Listen on channel 6 for 500 mSec
V (7156) wifi:change: chan<6,0>, dur<0,500>
V (7166) wifi:ht20 freq=2437, chan=6
V (7166) wifi:enter start op, arg=0x42014a9c
V (7166) wifi:start max timer
D (7676) wifi:ROC: Ending operation at 7.0, returning to Channel 1
V (7676) wifi:back home chan=<1,0>, current chan=<6,0>
V (7676) wifi:ht20 freq=2412, chan=1
D (7676) event: running post WIFI_EVENT:20 with handler 0x4200a6dc and context 0x3fca7f98 on loop 0x3fca6d0c[0m
D (7686) event: running post WIFI_EVENT:20 with handler 0x4201542c and context 0x3fcb2590 on loop 0x3fca6d0c[0m
V (7696) esp_adapter: thread sem get: sem=0x3fcb28a0[0m
D (7706) wifi:Listen on channel 6 for 500 mSec
V (7706) wifi:change: chan<6,0>, dur<0,500>
V (7706) wifi:ht20 freq=2437, chan=6
V (7716) wifi:enter start op, arg=0x42014a9c
V (7716) wifi:start max timer
D (8216) wifi:ROC: Ending operation at 7.0, returning to Channel 1
V (8216) wifi:back home chan=<1,0>, current chan=<6,0>
V (8216) wifi:ht20 freq=2412, chan=1
D (8226) event: running post WIFI_EVENT:20 with handler 0x4200a6dc and context 0x3fca7f98 on loop 0x3fca6d0c[0m
D (8236) event: running post WIFI_EVENT:20 with handler 0x4201542c and context 0x3fcb2590 on loop 0x3fca6d0c[0m
V (8246) esp_adapter: thread sem get: sem=0x3fcb28a0[0m
D (8246) wifi:Listen on channel 6 for 500 mSec
V (8256) wifi:change: chan<6,0>, dur<0,500>
V (8256) wifi:ht20 freq=2437, chan=6
V (8256) wifi:enter start op, arg=0x42014a9c
V (8266) wifi:start max timer
D (8766) wifi:ROC: Ending operation at 8.0, returning to Channel 1
V (8766) wifi:back home chan=<1,0>, current chan=<6,0>
V (8766) wifi:ht20 freq=2412, chan=1
D (8766) event: running post WIFI_EVENT:20 with handler 0x4200a6dc and context 0x3fca7f98 on loop 0x3fca6d0c[0m
D (8776) event: running post WIFI_EVENT:20 with handler 0x4201542c and context 0x3fcb2590 on loop 0x3fca6d0c[0m
V (8786) esp_adapter: thread sem get: sem=0x3fcb28a0[0m
D (8796) wifi:Listen on channel 6 for 500 mSec
V (8796) wifi:change: chan<6,0>, dur<0,500>
V (8806) wifi:ht20 freq=2437, chan=6
V (8806) wifi:enter start op, arg=0x42014a9c
V (8806) wifi:start max timer
D (9316) wifi:ROC: Ending operation at 9.0, returning to Channel 1
V (9316) wifi:back home chan=<1,0>, current chan=<6,0>
V (9316) wifi:ht20 freq=2412, chan=1
D (9316) event: running post WIFI_EVENT:20 with handler 0x4200a6dc and context 0x3fca7f98 on loop 0x3fca6d0c[0m
D (9326) event: running post WIFI_EVENT:20 with handler 0x4201542c and context 0x3fcb2590 on loop 0x3fca6d0c[0m
V (9336) esp_adapter: thread sem get: sem=0x3fcb28a0[0m
D (9336) wifi:Listen on channel 6 for 500 mSec
V (9346) wifi:change: chan<6,0>, dur<0,500>
V (9346) wifi:ht20 freq=2437, chan=6
V (9356) wifi:enter start op, arg=0x42014a9c
V (9356) wifi:start max timer
D (9856) wifi:ROC: Ending operation at 9.0, returning to Channel 1
V (9856) wifi:back home chan=<1,0>, current chan=<6,0>
V (9856) wifi:ht20 freq=2412, chan=1
D (9866) event: running post WIFI_EVENT:20 with handler 0x4200a6dc and context 0x3fca7f98 on loop 0x3fca6d0c[0m
D (9876) event: running post WIFI_EVENT:20 with handler 0x4201542c and context 0x3fcb2590 on loop 0x3fca6d0c[0m
V (9886) esp_adapter: thread sem get: sem=0x3fcb28a0[0m
D (9886) wifi:Listen on channel 6 for 500 mSec
V (9886) wifi:change: chan<6,0>, dur<0,500>
V (9896) wifi:ht20 freq=2437, chan=6
V (9896) wifi:enter start op, arg=0x42014a9c
V (9906) wifi:start max timer
D (10406) wifi:ROC: Ending operation at 10.0, returning to Channel 1
V (10406) wifi:back home chan=<1,0>, current chan=<6,0>
V (10406) wifi:ht20 freq=2412, chan=1
D (10406) event: running post WIFI_EVENT:20 with handler 0x4200a6dc and context 0x3fca7f98 on loop 0x3fca6d0c[0m
D (10416) event: running post WIFI_EVENT:20 with handler 0x4201542c and context 0x3fcb2590 on loop 0x3fca6d0c[0m
V (10426) esp_adapter: thread sem get: sem=0x3fcb28a0[0m
D (10436) wifi:Listen on channel 6 for 500 mSec
V (10436) wifi:change: chan<6,0>, dur<0,500>
V (10446) wifi:ht20 freq=2437, chan=6
V (10446) wifi:enter start op, arg=0x42014a9c
V (10446) wifi:start max timer
D (10956) wifi:ROC: Ending operation at 10.0, returning to Channel 1
V (10956) wifi:back home chan=<1,0>, current chan=<6,0>
V (10956) wifi:ht20 freq=2412, chan=1
D (10956) event: running post WIFI_EVENT:20 with handler 0x4200a6dc and context 0x3fca7f98 on loop 0x3fca6d0c[0m
D (10966) event: running post WIFI_EVENT:20 with handler 0x4201542c and context 0x3fcb2590 on loop 0x3fca6d0c[0m
V (10976) esp_adapter: thread sem get: sem=0x3fcb28a0[0m
D (10976) wifi:Listen on channel 6 for 500 mSec
V (10986) wifi:change: chan<6,0>, dur<0,500>
V (10986) wifi:ht20 freq=2437, chan=6
V (10996) wifi:enter start op, arg=0x42014a9c
V (10996) wifi:start max timer
D (11496) wifi:ROC: Ending operation at 11.0, returning to Channel 1
V (11496) wifi:back home chan=<1,0>, current chan=<6,0>
V (11496) wifi:ht20 freq=2412, chan=1
D (11506) event: running post WIFI_EVENT:20 with handler 0x4200a6dc and context 0x3fca7f98 on loop 0x3fca6d0c[0m
D (11516) event: running post WIFI_EVENT:20 with handler 0x4201542c and context 0x3fcb2590 on loop 0x3fca6d0c[0m
V (11526) esp_adapter: thread sem get: sem=0x3fcb28a0[0m
D (11526) wifi:Listen on channel 6 for 500 mSec
V (11536) wifi:change: chan<6,0>, dur<0,500>
V (11536) wifi:ht20 freq=2437, chan=6
V (11536) wifi:enter start op, arg=0x42014a9c
V (11546) wifi:start max timer
D (12046) wifi:ROC: Ending operation at 11.0, returning to Channel 1
V (12046) wifi:back home chan=<1,0>, current chan=<6,0>
V (12046) wifi:ht20 freq=2412, chan=1
D (12046) event: running post WIFI_EVENT:20 with handler 0x4200a6dc and context 0x3fca7f98 on loop 0x3fca6d0c[0m
D (12056) event: running post WIFI_EVENT:20 with handler 0x4201542c and context 0x3fcb2590 on loop 0x3fca6d0c[0m
V (12066) esp_adapter: thread sem get: sem=0x3fcb28a0[0m
D (12076) wifi:Listen on channel 6 for 500 mSec
V (12076) wifi:change: chan<6,0>, dur<0,500>
V (12086) wifi:ht20 freq=2437, chan=6
V (12086) wifi:enter start op, arg=0x42014a9c
V (12086) wifi:start max timer
D (12596) wifi:ROC: Ending operation at 12.0, returning to Channel 1
V (12596) wifi:back home chan=<1,0>, current chan=<6,0>
V (12596) wifi:ht20 freq=2412, chan=1
D (12596) event: running post WIFI_EVENT:20 with handler 0x4200a6dc and context 0x3fca7f98 on loop 0x3fca6d0c[0m
D (12606) event: running post WIFI_EVENT:20 with handler 0x4201542c and context 0x3fcb2590 on loop 0x3fca6d0c[0m
V (12616) esp_adapter: thread sem get: sem=0x3fcb28a0[0m
D (12626) wifi:Listen on channel 6 for 500 mSec
V (12626) wifi:change: chan<6,0>, dur<0,500>
V (12626) wifi:ht20 freq=2437, chan=6
V (12636) wifi:enter start op, arg=0x42014a9c
V (12636) wifi:start max timer
D (13136) wifi:ROC: Ending operation at 12.0, returning to Channel 1
V (13146) wifi:back home chan=<1,0>, current chan=<6,0>
V (13146) wifi:ht20 freq=2412, chan=1
D (13146) event: running post WIFI_EVENT:20 with handler 0x4200a6dc and context 0x3fca7f98 on loop 0x3fca6d0c[0m
D (13156) event: running post WIFI_EVENT:20 with handler 0x4201542c and context 0x3fcb2590 on loop 0x3fca6d0c[0m
V (13166) esp_adapter: thread sem get: sem=0x3fcb28a0[0m
D (13166) wifi:Listen on channel 6 for 500 mSec
V (13176) wifi:change: chan<6,0>, dur<0,500>
V (13176) wifi:ht20 freq=2437, chan=6
V (13186) wifi:enter start op, arg=0x42014a9c
V (13186) wifi:start max timer
D (13686) wifi:ROC: Ending operation at 13.0, returning to Channel 1
V (13686) wifi:back home chan=<1,0>, current chan=<6,0>
V (13686) wifi:ht20 freq=2412, chan=1
D (13696) event: running post WIFI_EVENT:20 with handler 0x4200a6dc and context 0x3fca7f98 on loop 0x3fca6d0c[0m
D (13706) event: running post WIFI_EVENT:20 with handler 0x4201542c and context 0x3fcb2590 on loop 0x3fca6d0c[0m
V (13716) esp_adapter: thread sem get: sem=0x3fcb28a0[0m
D (13716) wifi:Listen on channel 6 for 500 mSec
V (13726) wifi:change: chan<6,0>, dur<0,500>
V (13726) wifi:ht20 freq=2437, chan=6
V (13726) wifi:enter start op, arg=0x42014a9c
V (13736) wifi:start max timer
D (14236) wifi:ROC: Ending operation at 13.0, returning to Channel 1
V (14236) wifi:back home chan=<1,0>, current chan=<6,0>
V (14236) wifi:ht20 freq=2412, chan=1
D (14236) event: running post WIFI_EVENT:20 with handler 0x4200a6dc and context 0x3fca7f98 on loop 0x3fca6d0c[0m
D (14246) event: running post WIFI_EVENT:20 with handler 0x4201542c and context 0x3fcb2590 on loop 0x3fca6d0c[0m
V (14256) esp_adapter: thread sem get: sem=0x3fcb28a0[0m
D (14266) wifi:Listen on channel 6 for 500 mSec
V (14266) wifi:change: chan<6,0>, dur<0,500>
V (14276) wifi:ht20 freq=2437, chan=6
V (14276) wifi:enter start op, arg=0x42014a9c
V (14276) wifi:start max timer
D (14786) wifi:ROC: Ending operation at 14.0, returning to Channel 1
V (14786) wifi:back home chan=<1,0>, current chan=<6,0>
V (14786) wifi:ht20 freq=2412, chan=1
D (14786) event: running post WIFI_EVENT:20 with handler 0x4200a6dc and context 0x3fca7f98 on loop 0x3fca6d0c[0m
D (14796) event: running post WIFI_EVENT:20 with handler 0x4201542c and context 0x3fcb2590 on loop 0x3fca6d0c[0m
V (14806) esp_adapter: thread sem get: sem=0x3fcb28a0[0m
D (14816) wifi:Listen on channel 6 for 500 mSec
V (14816) wifi:change: chan<6,0>, dur<0,500>
V (14816) wifi:ht20 freq=2437, chan=6
V (14826) wifi:enter start op, arg=0x42014a9c
V (14826) wifi:start max timer
D (15326) wifi:ROC: Ending operation at 15.0, returning to Channel 1
V (15326) wifi:back home chan=<1,0>, current chan=<6,0>
V (15326) wifi:ht20 freq=2412, chan=1
D (15336) event: running post WIFI_EVENT:20 with handler 0x4200a6dc and context 0x3fca7f98 on loop 0x3fca6d0c[0m
D (15346) event: running post WIFI_EVENT:20 with handler 0x4201542c and context 0x3fcb2590 on loop 0x3fca6d0c[0m
V (15356) esp_adapter: thread sem get: sem=0x3fcb28a0[0m
D (15356) wifi:Listen on channel 6 for 500 mSec
V (15366) wifi:change: chan<6,0>, dur<0,500>
V (15366) wifi:ht20 freq=2437, chan=6
V (15366) wifi:enter start op, arg=0x42014a9c
V (15376) wifi:start max timer
D (15876) wifi:ROC: Ending operation at 15.0, returning to Channel 1
V (15876) wifi:back home chan=<1,0>, current chan=<6,0>
V (15876) wifi:ht20 freq=2412, chan=1
D (15886) event: running post WIFI_EVENT:20 with handler 0x4200a6dc and context 0x3fca7f98 on loop 0x3fca6d0c[0m
D (15886) event: running post WIFI_EVENT:20 with handler 0x4201542c and context 0x3fcb2590 on loop 0x3fca6d0c[0m
V (15896) esp_adapter: thread sem get: sem=0x3fcb28a0[0m
D (15906) wifi:Listen on channel 6 for 500 mSec
V (15906) wifi:change: chan<6,0>, dur<0,500>
V (15916) wifi:ht20 freq=2437, chan=6
V (15916) wifi:enter start op, arg=0x42014a9c
V (15926) wifi:start max timer
D (16426) wifi:ROC: Ending operation at 16.0, returning to Channel 1
V (16426) wifi:back home chan=<1,0>, current chan=<6,0>
V (16426) wifi:ht20 freq=2412, chan=1
D (16426) event: running post WIFI_EVENT:20 with handler 0x4200a6dc and context 0x3fca7f98 on loop 0x3fca6d0c[0m
D (16436) event: running post WIFI_EVENT:20 with handler 0x4201542c and context 0x3fcb2590 on loop 0x3fca6d0c[0m
V (16446) esp_adapter: thread sem get: sem=0x3fcb28a0[0m
D (16456) wifi:Listen on channel 6 for 500 mSec
V (16456) wifi:change: chan<6,0>, dur<0,500>
V (16466) wifi:ht20 freq=2437, chan=6
V (16466) wifi:enter start op, arg=0x42014a9c
V (16466) wifi:start max timer
D (16976) wifi:ROC: Ending operation at 16.0, returning to Channel 1
V (16976) wifi:back home chan=<1,0>, current chan=<6,0>
V (16976) wifi:ht20 freq=2412, chan=1
D (16976) event: running post WIFI_EVENT:20 with handler 0x4200a6dc and context 0x3fca7f98 on loop 0x3fca6d0c[0m
D (16986) event: running post WIFI_EVENT:20 with handler 0x4201542c and context 0x3fcb2590 on loop 0x3fca6d0c[0m
V (16996) esp_adapter: thread sem get: sem=0x3fcb28a0[0m
D (16996) wifi:Listen on channel 6 for 500 mSec
V (17006) wifi:change: chan<6,0>, dur<0,500>
V (17006) wifi:ht20 freq=2437, chan=6
V (17016) wifi:enter start op, arg=0x42014a9c
V (17016) wifi:start max timer
D (17516) wifi:ROC: Ending operation at 17.0, returning to Channel 1
V (17516) wifi:back home chan=<1,0>, current chan=<6,0>
V (17516) wifi:ht20 freq=2412, chan=1
D (17526) event: running post WIFI_EVENT:20 with handler 0x4200a6dc and context 0x3fca7f98 on loop 0x3fca6d0c[0m
D (17536) event: running post WIFI_EVENT:20 with handler 0x4201542c and context 0x3fcb2590 on loop 0x3fca6d0c[0m
V (17546) esp_adapter: thread sem get: sem=0x3fcb28a0[0m
D (17546) wifi:Listen on channel 6 for 500 mSec
V (17556) wifi:change: chan<6,0>, dur<0,500>
V (17556) wifi:ht20 freq=2437, chan=6
V (17556) wifi:enter start op, arg=0x42014a9c
V (17566) wifi:start max timer
D (18066) wifi:ROC: Ending operation at 17.0, returning to Channel 1
V (18066) wifi:back home chan=<1,0>, current chan=<6,0>
V (18066) wifi:ht20 freq=2412, chan=1
D (18066) event: running post WIFI_EVENT:20 with handler 0x4200a6dc and context 0x3fca7f98 on loop 0x3fca6d0c[0m
D (18076) event: running post WIFI_EVENT:20 with handler 0x4201542c and context 0x3fcb2590 on loop 0x3fca6d0c[0m
V (18086) esp_adapter: thread sem get: sem=0x3fcb28a0[0m
D (18096) wifi:Listen on channel 6 for 500 mSec
V (18096) wifi:change: chan<6,0>, dur<0,500>
V (18106) wifi:ht20 freq=2437, chan=6
V (18106) wifi:enter start op, arg=0x42014a9c
V (18106) wifi:start max timer
D (18616) wifi:ROC: Ending operation at 18.0, returning to Channel 1
V (18616) wifi:back home chan=<1,0>, current chan=<6,0>
V (18616) wifi:ht20 freq=2412, chan=1
D (18616) event: running post WIFI_EVENT:20 with handler 0x4200a6dc and context 0x3fca7f98 on loop 0x3fca6d0c[0m
D (18626) event: running post WIFI_EVENT:20 with handler 0x4201542c and context 0x3fcb2590 on loop 0x3fca6d0c[0m
V (18636) esp_adapter: thread sem get: sem=0x3fcb28a0[0m
D (18646) wifi:Listen on channel 6 for 500 mSec
V (18646) wifi:change: chan<6,0>, dur<0,500>
V (18646) wifi:ht20 freq=2437, chan=6
V (18656) wifi:enter start op, arg=0x42014a9c
V (18656) wifi:start max timer
D (19156) wifi:ROC: Ending operation at 18.0, returning to Channel 1
V (19166) wifi:back home chan=<1,0>, current chan=<6,0>
V (19166) wifi:ht20 freq=2412, chan=1
D (19166) event: running post WIFI_EVENT:20 with handler 0x4200a6dc and context 0x3fca7f98 on loop 0x3fca6d0c[0m
D (19176) event: running post WIFI_EVENT:20 with handler 0x4201542c and context 0x3fcb2590 on loop 0x3fca6d0c[0m
V (19186) esp_adapter: thread sem get: sem=0x3fcb28a0[0m
D (19186) wifi:Listen on channel 6 for 500 mSec
V (19196) wifi:change: chan<6,0>, dur<0,500>
V (19196) wifi:ht20 freq=2437, chan=6
V (19206) wifi:enter start op, arg=0x42014a9c
V (19206) wifi:start max timer
D (19706) wifi:ROC: Ending operation at 19.0, returning to Channel 1
V (19706) wifi:back home chan=<1,0>, current chan=<6,0>
V (19706) wifi:ht20 freq=2412, chan=1
D (19716) event: running post WIFI_EVENT:20 with handler 0x4200a6dc and context 0x3fca7f98 on loop 0x3fca6d0c[0m
D (19726) event: running post WIFI_EVENT:20 with handler 0x4201542c and context 0x3fcb2590 on loop 0x3fca6d0c[0m
V (19736) esp_adapter: thread sem get: sem=0x3fcb28a0[0m
D (19736) wifi:Listen on channel 6 for 500 mSec
V (19736) wifi:change: chan<6,0>, dur<0,500>
V (19746) wifi:ht20 freq=2437, chan=6
V (19746) wifi:enter start op, arg=0x42014a9c
V (19756) wifi:start max timer
D (20256) wifi:ROC: Ending operation at 19.0, returning to Channel 1
V (20256) wifi:back home chan=<1,0>, current chan=<6,0>
V (20256) wifi:ht20 freq=2412, chan=1
D (20256) event: running post WIFI_EVENT:20 with handler 0x4200a6dc and context 0x3fca7f98 on loop 0x3fca6d0c[0m
D (20266) event: running post WIFI_EVENT:20 with handler 0x4201542c and context 0x3fcb2590 on loop 0x3fca6d0c[0m
V (20276) esp_adapter: thread sem get: sem=0x3fcb28a0[0m
D (20286) wifi:Listen on channel 6 for 500 mSec
V (20286) wifi:change: chan<6,0>, dur<0,500>
V (20296) wifi:ht20 freq=2437, chan=6
V (20296) wifi:enter start op, arg=0x42014a9c
V (20296) wifi:start max timer
D (20806) wifi:ROC: Ending operation at 20.0, returning to Channel 1
V (20806) wifi:back home chan=<1,0>, current chan=<6,0>
V (20806) wifi:ht20 freq=2412, chan=1
D (20806) event: running post WIFI_EVENT:20 with handler 0x4200a6dc and context 0x3fca7f98 on loop 0x3fca6d0c[0m
D (20816) event: running post WIFI_EVENT:20 with handler 0x4201542c and context 0x3fcb2590 on loop 0x3fca6d0c[0m
V (20826) esp_adapter: thread sem get: sem=0x3fcb28a0[0m
D (20836) wifi:Listen on channel 6 for 500 mSec
V (20836) wifi:change: chan<6,0>, dur<0,500>
V (20836) wifi:ht20 freq=2437, chan=6
V (20846) wifi:enter start op, arg=0x42014a9c
V (20846) wifi:start max timer
D (21346) wifi:ROC: Ending operation at 21.0, returning to Channel 1
V (21346) wifi:back home chan=<1,0>, current chan=<6,0>
V (21346) wifi:ht20 freq=2412, chan=1
D (21356) event: running post WIFI_EVENT:20 with handler 0x4200a6dc and context 0x3fca7f98 on loop 0x3fca6d0c[0m
D (21366) event: running post WIFI_EVENT:20 with handler 0x4201542c and context 0x3fcb2590 on loop 0x3fca6d0c[0m
V (21376) esp_adapter: thread sem get: sem=0x3fcb28a0[0m
D (21376) wifi:Listen on channel 6 for 500 mSec
V (21386) wifi:change: chan<6,0>, dur<0,500>
V (21386) wifi:ht20 freq=2437, chan=6
V (21386) wifi:enter start op, arg=0x42014a9c
V (21396) wifi:start max timer
D (21896) wifi:ROC: Ending operation at 21.0, returning to Channel 1
V (21896) wifi:back home chan=<1,0>, current chan=<6,0>
V (21896) wifi:ht20 freq=2412, chan=1
D (21906) event: running post WIFI_EVENT:20 with handler 0x4200a6dc and context 0x3fca7f98 on loop 0x3fca6d0c[0m
D (21906) event: running post WIFI_EVENT:20 with handler 0x4201542c and context 0x3fcb2590 on loop 0x3fca6d0c[0m
V (21916) esp_adapter: thread sem get: sem=0x3fcb28a0[0m
D (21926) wifi:Listen on channel 6 for 500 mSec
V (21926) wifi:change: chan<6,0>, dur<0,500>
V (21936) wifi:ht20 freq=2437, chan=6
V (21936) wifi:enter start op, arg=0x42014a9c
V (21946) wifi:start max timer
D (22446) wifi:ROC: Ending operation at 22.0, returning to Channel 1
V (22446) wifi:back home chan=<1,0>, current chan=<6,0>
V (22446) wifi:ht20 freq=2412, chan=1
D (22446) event: running post WIFI_EVENT:20 with handler 0x4200a6dc and context 0x3fca7f98 on loop 0x3fca6d0c[0m
D (22456) event: running post WIFI_EVENT:20 with handler 0x4201542c and context 0x3fcb2590 on loop 0x3fca6d0c[0m
V (22466) esp_adapter: thread sem get: sem=0x3fcb28a0[0m
D (22476) wifi:Listen on channel 6 for 500 mSec
V (22476) wifi:change: chan<6,0>, dur<0,500>
V (22486) wifi:ht20 freq=2437, chan=6
V (22486) wifi:enter start op, arg=0x42014a9c
V (22486) wifi:start max timer
D (22996) wifi:ROC: Ending operation at 22.0, returning to Channel 1
V (22996) wifi:back home chan=<1,0>, current chan=<6,0>
V (22996) wifi:ht20 freq=2412, chan=1
D (22996) event: running post WIFI_EVENT:20 with handler 0x4200a6dc and context 0x3fca7f98 on loop 0x3fca6d0c[0m
D (23006) event: running post WIFI_EVENT:20 with handler 0x4201542c and context 0x3fcb2590 on loop 0x3fca6d0c[0m
V (23016) esp_adapter: thread sem get: sem=0x3fcb28a0[0m
D (23016) wifi:Listen on channel 6 for 500 mSec
V (23026) wifi:change: chan<6,0>, dur<0,500>
V (23026) wifi:ht20 freq=2437, chan=6
V (23036) wifi:enter start op, arg=0x42014a9c
V (23036) wifi:start max timer
D (23536) wifi:ROC: Ending operation at 23.0, returning to Channel 1
V (23536) wifi:back home chan=<1,0>, current chan=<6,0>
V (23536) wifi:ht20 freq=2412, chan=1
D (23546) event: running post WIFI_EVENT:20 with handler 0x4200a6dc and context 0x3fca7f98 on loop 0x3fca6d0c[0m
D (23556) event: running post WIFI_EVENT:20 with handler 0x4201542c and context 0x3fcb2590 on loop 0x3fca6d0c[0m
V (23566) esp_adapter: thread sem get: sem=0x3fcb28a0[0m
D (23566) wifi:Listen on channel 6 for 500 mSec
V (23576) wifi:change: chan<6,0>, dur<0,500>
V (23576) wifi:ht20 freq=2437, chan=6
V (23576) wifi:enter start op, arg=0x42014a9c
V (23586) wifi:start max timer
D (24086) wifi:ROC: Ending operation at 23.0, returning to Channel 1
V (24086) wifi:back home chan=<1,0>, current chan=<6,0>
V (24086) wifi:ht20 freq=2412, chan=1
D (24086) event: running post WIFI_EVENT:20 with handler 0x4200a6dc and context 0x3fca7f98 on loop 0x3fca6d0c[0m
D (24096) event: running post WIFI_EVENT:20 with handler 0x4201542c and context 0x3fcb2590 on loop 0x3fca6d0c[0m
V (24106) esp_adapter: thread sem get: sem=0x3fcb28a0[0m
D (24116) wifi:Listen on channel 6 for 500 mSec
V (24116) wifi:change: chan<6,0>, dur<0,500>
V (24126) wifi:ht20 freq=2437, chan=6
V (24126) wifi:enter start op, arg=0x42014a9c
V (24126) wifi:start max timer
D (24636) wifi:ROC: Ending operation at 24.0, returning to Channel 1
V (24636) wifi:back home chan=<1,0>, current chan=<6,0>
V (24636) wifi:ht20 freq=2412, chan=1
D (24636) event: running post WIFI_EVENT:20 with handler 0x4200a6dc and context 0x3fca7f98 on loop 0x3fca6d0c[0m
D (24646) event: running post WIFI_EVENT:20 with handler 0x4201542c and context 0x3fcb2590 on loop 0x3fca6d0c[0m
V (24656) esp_adapter: thread sem get: sem=0x3fcb28a0[0m
D (24666) wifi:Listen on channel 6 for 500 mSec
V (24666) wifi:change: chan<6,0>, dur<0,500>
V (24666) wifi:ht20 freq=2437, chan=6
V (24676) wifi:enter start op, arg=0x42014a9c
V (24676) wifi:start max timer
D (24796) wpa: DPP: Rx Public Action frame: action - 9[0m
V (24796) esp_adapter: thread sem get: sem=0x3fcb28a0[0m
D (24796) wifi:ROC: Ending operation at 24.0, returning to Channel 1
V (24806) wifi:back home chan=<1,0>, current chan=<6,0>
V (24806) wifi:ht20 freq=2412, chan=1
V (24806) wifi:back home chan=<1,0>, current chan=<1,0>
[0;32mI (24816) wpa: DPP: Authentication Request from f6:7e:b3:6c:70:fb[0m
D (24816) event: running post WIFI_EVENT:20 with handler 0x4200a6dc and context 0x3fca7f98 on loop 0x3fca6d0c[0m
V (24826) wpa: DPP: Responder Bootstrapping Key Hash - hexdump(len=32):[0m
D (24836) event: running post WIFI_EVENT:20 with handler 0x4201542c and context 0x3fcb2590 on loop 0x3fca6d0c[0m
V (24836) wpa: d3 74 b7 bf 1a 85 aa 55 69 6e 73 1d b1 48 46 f2 [0m
V (24856) wpa: fb 2b ee 04 65 9c 94 cd b1 94 c0 f5 6a 24 e6 52 [0m
V (24856) wpa: DPP: Initiator Bootstrapping Key Hash - hexdump(len=32):[0m
V (24866) wpa: 5e 81 34 ac 81 9d 09 69 8d f2 04 48 84 02 db 2b [0m
V (24876) wpa: b5 14 9c fd 5f 6a 67 85 da d9 a9 4e 8d 91 7a 7a [0m
V (24876) wpa: DPP: Wrapped Data - hexdump(len=41):[0m
V (24886) wpa: 82 76 1e fb 31 20 35 d3 2c 74 51 02 6d f0 38 13 [0m
V (24886) wpa: 31 69 d4 30 b8 79 44 95 28 c9 ca 4d 32 bc 00 9f [0m
V (24896) wpa: 93 24 ae a7 3a 7a c1 ad 1a [0m
V (24896) wpa: DPP: Initiator Protocol Key - hexdump(len=64):[0m
V (24906) wpa: 12 ef 76 a5 15 81 7f cc ee 07 a1 1a 8d 09 b1 fe [0m
V (24916) wpa: 50 68 25 27 97 c5 4f 16 7c 70 9d 53 0c ad 62 80 [0m
V (24916) wpa: 80 2e 7f e2 71 96 5a 6f b4 f2 a1 38 fa 50 11 cf [0m
V (24926) wpa: 89 ec 41 c4 4e ef 93 92 63 ed 13 38 ac 91 92 54 [0m
V (24926) intr_alloc: esp_intr_alloc_intrstatus (cpu 1): checking args[0m
V (24936) intr_alloc: esp_intr_alloc_intrstatus (cpu 1): Args okay. Resulting flags 0xE[0m
D (24946) intr_alloc: Connected src 76 to int 4 (cpu 1)[0m
[0;31mE (24946) wpa: curve: secp256r1[0m
[0;31mE (24956) wpa: prime len is 32[0m
[0;31mE (24956) wpa: Q_x: - hexdump(len=32):[0m
[0;31mE (24966) wpa: 12 ef 76 a5 15 81 7f cc ee 07 a1 1a 8d 09 b1 fe [0m
[0;31mE (24966) wpa: 50 68 25 27 97 c5 4f 16 7c 70 9d 53 0c ad 62 80 [0m
[0;31mE (24976) wpa: Q_y: - hexdump(len=32):[0m
[0;31mE (24976) wpa: 80 2e 7f e2 71 96 5a 6f b4 f2 a1 38 fa 50 11 cf [0m
[0;31mE (24986) wpa: 89 ec 41 c4 4e ef 93 92 63 ed 13 38 ac 91 92 54 [0m
[0;31mE (24996) wpa: d:      - hexdump(len=32):[0m
[0;31mE (24996) wpa: 00 00 00 00 00 00 00 00 00 00 00 00 00 00 00 00 [0m
[0;31mE (25006) wpa: 00 00 00 00 00 00 00 00 00 00 00 00 00 00 00 00 [0m
V (25006) intr_alloc: esp_intr_alloc_intrstatus (cpu 1): checking args[0m
V (25016) intr_alloc: esp_intr_alloc_intrstatus (cpu 1): Args okay. Resulting flags 0xE[0m
D (25026) intr_alloc: Connected src 77 to int 9 (cpu 1)[0m
D (25186) wpa: DPP: ECDH shared secret (M.x) - hexdump(len=32):[0m
D (25186) wpa: c7 dc d5 4f 7f b3 fe b1 f2 8a 98 17 9c 9d 3b 05 [0m
D (25186) wpa: c3 93 07 64 1b bf 8b c6 87 c1 63 ca 06 b7 5c 9f [0m
D (25186) wpa: DPP: PRK = HKDF-Extract(<>, IKM=M.x) - hexdump(len=32):[0m
D (25196) wpa: e2 1d 41 bb 2f 22 75 1f 49 ce 3d 65 d0 28 b1 7a [0m
D (25206) wpa: 0a 2c ca b8 38 c7 a6 50 a3 e0 0a 77 bd 62 f3 57 [0m
D (25206) wpa: DPP: k1 = HKDF-Expand(PRK, info, L) - hexdump(len=32):[0m
D (25216) wpa: 6c 40 b4 e6 fd b9 03 d9 0b b1 54 d2 03 c5 d3 af [0m
D (25226) wpa: 5a 44 e9 0a 32 51 c6 53 d1 82 ad 13 73 67 97 07 [0m
D (25226) wpa: DDP: AES-SIV AD[0] - hexdump(len=6):[0m
D (25236) wpa: 50 6f 9a 1a 01 00 [0m
D (25236) wpa: DDP: AES-SIV AD[1] - hexdump(len=140):[0m
D (25236) wpa: 02 10 20 00 d3 74 b7 bf 1a 85 aa 55 69 6e 73 1d [0m
D (25246) wpa: b1 48 46 f2 fb 2b ee 04 65 9c 94 cd b1 94 c0 f5 [0m
D (25256) wpa: 6a 24 e6 52 01 10 20 00 5e 81 34 ac 81 9d 09 69 [0m
D (25256) wpa: 8d f2 04 48 84 02 db 2b b5 14 9c fd 5f 6a 67 85 [0m
D (25266) wpa: da d9 a9 4e 8d 91 7a 7a 03 10 40 00 12 ef 76 a5 [0m
D (25266) wpa: 15 81 7f cc ee 07 a1 1a 8d 09 b1 fe 50 68 25 27 [0m
D (25276) wpa: 97 c5 4f 16 7c 70 9d 53 0c ad 62 80 80 2e 7f e2 [0m
D (25286) wpa: 71 96 5a 6f b4 f2 a1 38 fa 50 11 cf 89 ec 41 c4 [0m
D (25286) wpa: 4e ef 93 92 63 ed 13 38 ac 91 92 54 [0m
D (25296) wpa: DPP: AES-SIV ciphertext - hexdump(len=41):[0m
D (25296) wpa: 82 76 1e fb 31 20 35 d3 2c 74 51 02 6d f0 38 13 [0m
D (25306) wpa: 31 69 d4 30 b8 79 44 95 28 c9 ca 4d 32 bc 00 9f [0m
D (25306) wpa: 93 24 ae a7 3a 7a c1 ad 1a [0m
D (25316) wpa: DPP: AES-SIV cleartext - hexdump(len=25):[0m
D (25316) wpa: 05 10 10 00 6d 69 68 30 41 1d eb 7a 17 5a f6 0c [0m
D (25326) wpa: 96 a2 c3 4d 06 10 01 00 02 [0m
V (25326) wpa: DPP: Attribute ID 1005 len 16[0m
V (25336) wpa: DPP: Attribute ID 1006 len 1[0m
D (25336) wpa: DPP: I-nonce - hexdump(len=16):[0m
D (25346) wpa: 6d 69 68 30 41 1d eb 7a 17 5a f6 0c 96 a2 c3 4d [0m
D (25346) wpa: DPP: I-capabilities: 0x02[0m
D (25356) wpa: DPP: Acting as Enrollee[0m
D (25356) wpa: DPP: Build Authentication Response[0m
D (25366) wpa: DPP: R-nonce - hexdump(len=16):[0m
D (25366) wpa: 67 94 73 73 e5 70 d9 bb 5c 89 bf ad c2 da 90 83 [0m
D (25426) wpa: DPP: Generating a keypair[0m
[0;31mE (25426) wpa: curve: secp256r1[0m
[0;31mE (25426) wpa: prime len is 32[0m
[0;31mE (25426) wpa: Q_x: - hexdump(len=32):[0m
[0;31mE (25436) wpa: 6d 5b 5e ab f4 27 a7 fd 5c a4 8e b2 62 2d ba 2c [0m
[0;31mE (25436) wpa: 2d 02 6b 84 1c 6e 96 88 75 d1 c2 23 af 6f 86 79 [0m
[0;31mE (25446) wpa: Q_y: - hexdump(len=32):[0m
[0;31mE (25446) wpa: 38 d9 c8 17 14 2f 3e ca fe 93 51 b8 4d 47 d0 cc [0m
[0;31mE (25456) wpa: 58 b9 a4 5b 62 6a 3a 20 05 00 4b ca 09 73 ec bc [0m
[0;31mE (25466) wpa: d:      - hexdump(len=32):[0m
[0;31mE (25466) wpa: 94 23 50 7b 2a 90 58 9d 50 71 02 a1 d8 aa 88 cd [0m
[0;31mE (25476) wpa: 11 a0 15 21 85 1d d6 2f 66 6f a7 04 eb 91 02 15 [0m
D (25636) wpa: DPP: ECDH shared secret (N.x) - hexdump(len=32):[0m
D (25636) wpa: d6 ef c7 a3 be a8 0b 20 89 cf 59 82 40 7a e9 df [0m
D (25636) wpa: b0 30 93 90 65 a0 18 e1 f6 64 1a 97 8f 19 e3 c5 [0m
D (25646) wpa: DPP: PRK = HKDF-Extract(<>, IKM=N.x) - hexdump(len=32):[0m
D (25646) wpa: 04 37 bb 39 9d d2 f7 f1 b5 2e f8 4f 87 52 7c 5f [0m
D (25656) wpa: 50 a3 fb 30 5f bb b9 45 94 95 86 35 3d c2 f3 85 [0m
D (25656) wpa: DPP: k2 = HKDF-Expand(PRK, info, L) - hexdump(len=32):[0m
D (25666) wpa: c3 c6 24 f2 ac 45 c5 0e 2a b3 1d 4b 8d e0 c2 9a [0m
D (25676) wpa: a2 4e 7e fa 29 87 28 fe 08 fc 32 c6 a0 d2 95 b9 [0m
D (25676) wpa: DPP: PRK = HKDF-Extract(<>, IKM) - hexdump(len=32):[0m
D (25686) wpa: 3e b1 3e 07 1f ef 21 87 08 fa 6c a4 5e 07 cf 2b [0m
D (25686) wpa: 5e 3f 0b 51 36 c1 03 87 82 e6 b8 02 76 28 e1 cd [0m
D (25696) wpa: DPP: ke = HKDF-Expand(PRK, info, L) - hexdump(len=32):[0m
D (25706) wpa: 66 0c f6 16 c9 28 ea 7f 41 4d fb 62 31 55 d1 6e [0m
D (25706) wpa: e6 de be 59 bb 32 1c ee 97 41 bb 70 05 41 50 1b [0m
D (25716) wpa: DPP: R-auth hash components[0m
D (25716) wpa: DPP: hash component - hexdump(len=16):[0m
D (25726) wpa: 6d 69 68 30 41 1d eb 7a 17 5a f6 0c 96 a2 c3 4d [0m
D (25726) wpa: DPP: hash component - hexdump(len=16):[0m
D (25736) wpa: 67 94 73 73 e5 70 d9 bb 5c 89 bf ad c2 da 90 83 [0m
D (25736) wpa: DPP: hash component - hexdump(len=32):[0m
D (25746) wpa: 12 ef 76 a5 15 81 7f cc ee 07 a1 1a 8d 09 b1 fe [0m
D (25756) wpa: 50 68 25 27 97 c5 4f 16 7c 70 9d 53 0c ad 62 80 [0m
D (25756) wpa: DPP: hash component - hexdump(len=32):[0m
D (25766) wpa: 6d 5b 5e ab f4 27 a7 fd 5c a4 8e b2 62 2d ba 2c [0m
D (25766) wpa: 2d 02 6b 84 1c 6e 96 88 75 d1 c2 23 af 6f 86 79 [0m
D (25776) wpa: DPP: hash component - hexdump(len=32):[0m
D (25776) wpa: fc 48 0b 66 23 c4 bf ec 55 e2 a8 4e 0b 63 3c 22 [0m
D (25786) wpa: d4 7a ec 47 93 db 2c 00 1e 28 8f 0e 16 7e 8c 5e [0m
D (25796) wpa: DPP: hash component - hexdump(len=1):[0m
D (25796) wpa: 00 [0m
D (25796) wpa: DPP: R-auth - hexdump(len=32):[0m
D (25806) wpa: 35 12 e5 e0 e6 d3 5b 8a 37 e2 ae ab 5f ee bd a5 [0m
D (25806) wpa: ce 5d f1 78 65 24 fe 6d ab 53 09 e0 25 f7 e7 1e [0m
D (25816) wpa: DPP: {R-auth}ke - hexdump(len=52):[0m
D (25816) wpa: 76 89 79 42 81 31 a1 66 f8 7d 00 4f aa 12 bc f9 [0m
D (25826) wpa: 44 6a 94 03 93 bd f5 15 b9 da e3 80 75 c7 b0 7f [0m
D (25836) wpa: 71 fc 8c a9 d6 2b 66 b7 dd 64 f8 86 de 7a f9 1d [0m
D (25836) wpa: 93 0d 3f ec [0m
D (25846) wpa: DPP: Status 0[0m
D (25846) wpa: DPP: R-Bootstrap Key Hash[0m
D (25846) wpa: DDP: AES-SIV AD[0] - hexdump(len=6):[0m
D (25856) wpa: 50 6f 9a 1a 01 01 [0m
D (25856) wpa: DDP: AES-SIV AD[1] - hexdump(len=109):[0m
D (25866) wpa: 00 10 01 00 00 02 10 20 00 d3 74 b7 bf 1a 85 aa [0m
D (25866) wpa: 55 69 6e 73 1d b1 48 46 f2 fb 2b ee 04 65 9c 94 [0m
D (25876) wpa: cd b1 94 c0 f5 6a 24 e6 52 09 10 40 00 6d 5b 5e [0m
D (25876) wpa: ab f4 27 a7 fd 5c a4 8e b2 62 2d ba 2c 2d 02 6b [0m
D (25886) wpa: 84 1c 6e 96 88 75 d1 c2 23 af 6f 86 79 38 d9 c8 [0m
D (25896) wpa: 17 14 2f 3e ca fe 93 51 b8 4d 47 d0 cc 58 b9 a4 [0m
D (25896) wpa: 5b 62 6a 3a 20 05 00 4b ca 09 73 ec bc [0m
D (25906) wpa: DPP: AES-SIV cleartext - hexdump(len=101):[0m
D (25906) wpa: 07 10 10 00 67 94 73 73 e5 70 d9 bb 5c 89 bf ad [0m
D (25916) wpa: c2 da 90 83 05 10 10 00 6d 69 68 30 41 1d eb 7a [0m
D (25916) wpa: 17 5a f6 0c 96 a2 c3 4d 08 10 01 00 01 04 10 34 [0m
D (25926) wpa: 00 76 89 79 42 81 31 a1 66 f8 7d 00 4f aa 12 bc [0m
D (25936) wpa: f9 44 6a 94 03 93 bd f5 15 b9 da e3 80 75 c7 b0 [0m
D (25936) wpa: 7f 71 fc 8c a9 d6 2b 66 b7 dd 64 f8 86 de 7a f9 [0m
D (25946) wpa: 1d 93 0d 3f ec [0m
D (25946) wpa: DPP: AES-SIV ciphertext - hexdump(len=117):[0m
D (25956) wpa: e2 cc 34 1c ec 24 1d 29 d0 ea 0b e7 06 db 39 3d [0m
D (25956) wpa: 6e b0 f6 80 f3 eb 54 2a db 28 12 38 21 64 33 aa [0m
D (25966) wpa: 22 1b d3 97 73 91 9f 3d 85 5d 2a ce 77 26 48 04 [0m
D (25976) wpa: 74 1b da 3e c5 48 cb 7a 66 c0 1b 87 77 ad 3a 1a [0m
D (25976) wpa: 15 8b 12 e9 0d 6c af 79 5d 98 22 b6 1d 2c 68 eb [0m
D (25986) wpa: e4 68 a5 e0 86 fb 53 97 30 dd 65 59 79 73 54 37 [0m
D (25986) wpa: 05 06 84 d2 eb 1d 7f 36 9a 36 2b a7 66 2a 9c d9 [0m
D (25996) wpa: bb 2a 93 1a 85 [0m
D (25996) wpa: DPP: Authentication Response frame attributes - hexdump(len=238):[0m
D (26006) wpa: 04 09 50 6f 9a 1a 01 01 00 10 01 00 00 02 10 20 [0m
D (26016) wpa: 00 d3 74 b7 bf 1a 85 aa 55 69 6e 73 1d b1 48 46 [0m
D (26016) wpa: f2 fb 2b ee 04 65 9c 94 cd b1 94 c0 f5 6a 24 e6 [0m
D (26026) wpa: 52 09 10 40 00 6d 5b 5e ab f4 27 a7 fd 5c a4 8e [0m
D (26026) wpa: b2 62 2d ba 2c 2d 02 6b 84 1c 6e 96 88 75 d1 c2 [0m
D (26036) wpa: 23 af 6f 86 79 38 d9 c8 17 14 2f 3e ca fe 93 51 [0m
D (26046) wpa: b8 4d 47 d0 cc 58 b9 a4 5b 62 6a 3a 20 05 00 4b [0m
D (26046) wpa: ca 09 73 ec bc 04 10 75 00 e2 cc 34 1c ec 24 1d [0m
D (26056) wpa: 29 d0 ea 0b e7 06 db 39 3d 6e b0 f6 80 f3 eb 54 [0m
D (26056) wpa: 2a db 28 12 38 21 64 33 aa 22 1b d3 97 73 91 9f [0m
D (26066) wpa: 3d 85 5d 2a ce 77 26 48 04 74 1b da 3e c5 48 cb [0m
D (26076) wpa: 7a 66 c0 1b 87 77 ad 3a 1a 15 8b 12 e9 0d 6c af [0m
D (26076) wpa: 79 5d 98 22 b6 1d 2c 68 eb e4 68 a5 e0 86 fb 53 [0m
D (26086) wpa: 97 30 dd 65 59 79 73 54 37 05 06 84 d2 eb 1d 7f [0m
D (26086) wpa: 36 9a 36 2b a7 66 2a 9c d9 bb 2a 93 1a 85 [0m
D (26096) wpa: DPP: Mgmt Tx - MAC:f6:7e:b3:6c:70:fb, Channel-6, WaitT-600[0m
V (26106) esp_adapter: thread sem get: sem=0x3fcb28a0[0m
D (26106) wifi:Send frame on channel 6 to f6:7e:b3:6c:70:fb

V (26116) wifi:change: chan<6,0>, dur<0,600>
V (26116) wifi:ht20 freq=2437, chan=6
V (26116) wifi:enter start op, arg=0x3fcb4374
D (26126) wifi:offchan_txop_start : 143
V (26126) wifi:start max timer
D (26136) wifi:tx_mgmt cb : 1636 status 1 
D (26136) wifi:tx data done, now:26154414
D (26136) wifi:woke up
D (26136) event: running post WIFI_EVENT:19 with handler 0x4200a6dc and context 0x3fca7f98 on loop 0x3fca6d0c[0m
D (26146) event: running post WIFI_EVENT:19 with handler 0x4201542c and context 0x3fcb2560 on loop 0x3fca6d0c[0m
D (26156) wpa: Mgmt Tx Status - 0, Cookie - 0x42014a9c[0m
D (26166) wpa: ELOOP: offchan_event_handler:526 called to remove timer handler=0x420154fc, removed count=0[0m
D (26176) wpa: ELOOP: Added one timer from offchan_event_handler:527 to call 0x420154fc, current order=0[0m
D (26176) wpa: DPP: Rx Public Action frame: action - 9[0m
D (26186) wpa: DPP: Authentication Confirmation from f6:7e:b3:6c:70:fb[0m
D (26196) wpa: ELOOP: esp_dpp_rx_auth_conf:264 called to remove timer handler=0x420154fc, removed count=1[0m
D (26206) wpa: DPP: Wrapped data - hexdump(len=52):[0m
D (26206) wpa: 2e c2 02 f3 e1 bc 2b 19 20 b0 e1 5c 53 18 fe a9 [0m
D (26216) wpa: a5 84 fa 6a 53 2a 9a f6 6f 6e c2 62 99 39 04 e7 [0m
D (26226) wpa: 4f b3 1a b4 d1 67 a3 04 83 78 56 11 c7 30 f3 db [0m
D (26226) wpa: c3 da 7a 0e [0m
D (26236) wpa: DPP: Responder Bootstrapping Key Hash - hexdump(len=32):[0m
D (26236) wpa: d3 74 b7 bf 1a 85 aa 55 69 6e 73 1d b1 48 46 f2 [0m
D (26246) wpa: fb 2b ee 04 65 9c 94 cd b1 94 c0 f5 6a 24 e6 52 [0m
D (26246) wpa: DPP: Status 0[0m
D (26256) wpa: DDP: AES-SIV AD[0] - hexdump(len=6):[0m
D (26256) wpa: 50 6f 9a 1a 01 02 [0m
D (26266) wpa: DDP: AES-SIV AD[1] - hexdump(len=41):[0m
D (26266) wpa: 00 10 01 00 00 02 10 20 00 d3 74 b7 bf 1a 85 aa [0m
D (26276) wpa: 55 69 6e 73 1d b1 48 46 f2 fb 2b ee 04 65 9c 94 [0m
D (26276) wpa: cd b1 94 c0 f5 6a 24 e6 52 [0m
D (26286) wpa: DPP: AES-SIV ciphertext - hexdump(len=52):[0m
D (26286) wpa: 2e c2 02 f3 e1 bc 2b 19 20 b0 e1 5c 53 18 fe a9 [0m
D (26296) wpa: a5 84 fa 6a 53 2a 9a f6 6f 6e c2 62 99 39 04 e7 [0m
D (26296) wpa: 4f b3 1a b4 d1 67 a3 04 83 78 56 11 c7 30 f3 db [0m
D (26306) wpa: c3 da 7a 0e [0m
D (26306) wpa: DPP: AES-SIV cleartext - hexdump(len=36):[0m
D (26316) wpa: 0a 10 20 00 dd 7b c3 63 35 56 64 ed 8b 9e dc fa [0m
D (26316) wpa: fa 71 27 4d 14 05 64 ad af b8 b1 54 85 25 17 e6 [0m
D (26326) wpa: cd 11 c5 a2 [0m
V (26326) wpa: DPP: Attribute ID 100a len 32[0m
D (26336) wpa: DPP: Received Initiator Authenticating Tag - hexdump(len=32):[0m
D (26336) wpa: dd 7b c3 63 35 56 64 ed 8b 9e dc fa fa 71 27 4d [0m
D (26346) wpa: 14 05 64 ad af b8 b1 54 85 25 17 e6 cd 11 c5 a2 [0m
D (26356) wpa: DPP: I-auth hash components[0m
D (26356) wpa: DPP: hash component - hexdump(len=16):[0m
D (26366) wpa: 67 94 73 73 e5 70 d9 bb 5c 89 bf ad c2 da 90 83 [0m
D (26366) wpa: DPP: hash component - hexdump(len=16):[0m
D (26376) wpa: 6d 69 68 30 41 1d eb 7a 17 5a f6 0c 96 a2 c3 4d [0m
D (26376) wpa: DPP: hash component - hexdump(len=32):[0m
D (26386) wpa: 6d 5b 5e ab f4 27 a7 fd 5c a4 8e b2 62 2d ba 2c [0m
D (26386) wpa: 2d 02 6b 84 1c 6e 96 88 75 d1 c2 23 af 6f 86 79 [0m
D (26396) wpa: DPP: hash component - hexdump(len=32):[0m
D (26406) wpa: 12 ef 76 a5 15 81 7f cc ee 07 a1 1a 8d 09 b1 fe [0m
D (26406) wpa: 50 68 25 27 97 c5 4f 16 7c 70 9d 53 0c ad 62 80 [0m
D (26416) wpa: DPP: hash component - hexdump(len=32):[0m
D (26416) wpa: fc 48 0b 66 23 c4 bf ec 55 e2 a8 4e 0b 63 3c 22 [0m
D (26426) wpa: d4 7a ec 47 93 db 2c 00 1e 28 8f 0e 16 7e 8c 5e [0m
D (26426) wpa: DPP: hash component - hexdump(len=1):[0m
D (26436) wpa: 01 [0m
D (26436) wpa: DPP: I-auth - hexdump(len=32):[0m
D (26446) wpa: dd 7b c3 63 35 56 64 ed 8b 9e dc fa fa 71 27 4d [0m
D (26446) wpa: 14 05 64 ad af b8 b1 54 85 25 17 e6 cd 11 c5 a2 [0m
D (26456) wpa: DPP: Calculated Initiator Authenticating Tag - hexdump(len=32):[0m
D (26466) wpa: dd 7b c3 63 35 56 64 ed 8b 9e dc fa fa 71 27 4d [0m
D (26466) wpa: 14 05 64 ad af b8 b1 54 85 25 17 e6 cd 11 c5 a2 [0m
D (26476) wpa: DPP: Authentication success - clear temporary keys[0m
D (26476) wpa: DPP: Build configuration request[0m
D (26486) wpa: DPP: E-nonce - hexdump(len=16):[0m
D (26486) wpa: 72 a1 b5 dc 29 d3 e2 c9 6b 87 5f a6 a2 31 12 a3 [0m
D (26496) wpa: DPP: configRequest JSON - hexdump(len=71):[0m
D (26496) wpa: 7b 22 6e 61 6d 65 22 3a 22 54 65 73 74 22 2c 22 [0m
D (26506) wpa: 77 69 2d 66 69 5f 74 65 63 68 22 3a 22 69 6e 66 [0m
D (26516) wpa: 72 61 22 2c 22 6e 65 74 52 6f 6c 65 22 3a 22 73 [0m
D (26516) wpa: 74 61 22 2c 22 62 61 6e 64 53 75 70 70 6f 72 74 [0m
D (26526) wpa: 22 3a 5b 38 31 5d 7d [0m
D (26526) wpa: DPP: AES-SIV cleartext - hexdump(len=95):[0m
D (26536) wpa: 14 10 10 00 72 a1 b5 dc 29 d3 e2 c9 6b 87 5f a6 [0m
D (26536) wpa: a2 31 12 a3 0e 10 47 00 7b 22 6e 61 6d 65 22 3a [0m
D (26546) wpa: 22 54 65 73 74 22 2c 22 77 69 2d 66 69 5f 74 65 [0m
D (26546) wpa: 63 68 22 3a 22 69 6e 66 72 61 22 2c 22 6e 65 74 [0m
D (26556) wpa: 52 6f 6c 65 22 3a 22 73 74 61 22 2c 22 62 61 6e [0m
D (26566) wpa: 64 53 75 70 70 6f 72 74 22 3a 5b 38 31 5d 7d [0m
D (26566) wpa: DPP: AES-SIV ciphertext - hexdump(len=111):[0m
D (26576) wpa: 1a e9 fd 54 06 ad b0 4e a8 f9 dc 50 4a fb 72 a8 [0m
D (26576) wpa: 4a 2e ee 18 84 82 8a 0b 0f 7c cf 2b da 9f d5 b9 [0m
D (26586) wpa: 72 3f 45 fa 41 16 7b 48 62 d2 74 3f af 38 db 7f [0m
D (26596) wpa: b5 4b 68 6a a3 4f 5a e9 b6 ae 3e 59 69 d8 55 38 [0m
D (26596) wpa: 85 68 9f 80 fd 72 aa d7 36 2f cc 49 7a 21 ee 27 [0m
D (26606) wpa: fb e1 e5 ac f6 7c 88 49 71 7b 75 da 4c 6e 27 98 [0m
D (26606) wpa: 86 b7 98 b7 75 39 0c 98 a1 31 58 cf 45 30 5a [0m
D (26616) wpa: DPP: Configuration Request frame attributes - hexdump(len=115):[0m
D (26626) wpa: 04 10 6f 00 1a e9 fd 54 06 ad b0 4e a8 f9 dc 50 [0m
D (26626) wpa: 4a fb 72 a8 4a 2e ee 18 84 82 8a 0b 0f 7c cf 2b [0m
D (26636) wpa: da 9f d5 b9 72 3f 45 fa 41 16 7b 48 62 d2 74 3f [0m
D (26636) wpa: af 38 db 7f b5 4b 68 6a a3 4f 5a e9 b6 ae 3e 59 [0m
D (26646) wpa: 69 d8 55 38 85 68 9f 80 fd 72 aa d7 36 2f cc 49 [0m
D (26656) wpa: 7a 21 ee 27 fb e1 e5 ac f6 7c 88 49 71 7b 75 da [0m
D (26656) wpa: 4c 6e 27 98 86 b7 98 b7 75 39 0c 98 a1 31 58 cf [0m
D (26666) wpa: 45 30 5a [0m
V (26666) wpa: DPP: GAS Config Request - hexdump(len=130):[0m
V (26676) wpa: 04 0a 00 6c 08 7f dd 05 50 6f 9a 1a 01 73 00 04 [0m
V (26676) wpa: 10 6f 00 1a e9 fd 54 06 ad b0 4e a8 f9 dc 50 4a [0m
V (26686) wpa: fb 72 a8 4a 2e ee 18 84 82 8a 0b 0f 7c cf 2b da [0m
V (26686) wpa: 9f d5 b9 72 3f 45 fa 41 16 7b 48 62 d2 74 3f af [0m
V (26696) wpa: 38 db 7f b5 4b 68 6a a3 4f 5a e9 b6 ae 3e 59 69 [0m
V (26706) wpa: d8 55 38 85 68 9f 80 fd 72 aa d7 36 2f cc 49 7a [0m
V (26706) wpa: 21 ee 27 fb e1 e5 ac f6 7c 88 49 71 7b 75 da 4c [0m
V (26716) wpa: 6e 27 98 86 b7 98 b7 75 39 0c 98 a1 31 58 cf 45 [0m
V (26716) wpa: 30 5a [0m
D (26726) wpa: DPP: GAS request to f6:7e:b3:6c:70:fb (chan 6)[0m
D (26726) wpa: DPP: Mgmt Tx - MAC:f6:7e:b3:6c:70:fb, Channel-6, WaitT-600[0m
D (26726) wifi:V (26736) esp_adapter: thread sem get: sem=0x3fcb28a0[0m
OFFCHAN-Tx: Ending op at 26.0, returning to Channel 1
V (26746) wifi:back home chan=<1,0>, current chan=<6,0>
V (26756) wifi:ht20 freq=2412, chan=1
D (26756) wifi:Send frame on channel 6 to f6:7e:b3:6c:70:fb

V (26756) wifi:change: chan<6,0>, dur<0,600>
V (26766) wifi:ht20 freq=2437, chan=6
V (26766) wifi:enter start op, arg=0x3fcb42dc
D (26776) wifi:offchan_txop_start : 143
V (26776) wifi:start max timer
D (26776) wifi:tx_mgmt cb : 1636 status 1 
D (26786) wifi:tx data done, now:26802968
D (26786) wifi:woke up
D (26786) event: running post WIFI_EVENT:19 with handler 0x4200a6dc and context 0x3fca7f98 on loop 0x3fca6d0c[0m
D (26796) event: running post WIFI_EVENT:19 with handler 0x4201542c and context 0x3fcb2560 on loop 0x3fca6d0c[0m
D (26806) wpa: Mgmt Tx Status - 0, Cookie - 0x42014a9c[0m
D (27376) wifi:OFFCHAN-Tx: Ending op at 27.0, returning to Channel 1
V (27376) wifi:back home chan=<1,0>, current chan=<6,0>
V (27376) wifi:ht20 freq=2412, chan=1
